[0.077s] Invoking command in '/home/raul/bookros2_ws/build/pointcloud_to_laserscan': CMAKE_PREFIX_PATH=${CMAKE_PREFIX_PATH}:/home/raul/bookros2_ws/install/ros2controlcli:/home/raul/bookros2_ws/install/launch_pal:/home/raul/bookros2_ws/install/br2_fsm_bumpgo_py:/opt/ros/foxy /usr/bin/cmake /home/raul/bookros2_ws/src/book_ros2/pointcloud_to_laserscan -DAMENT_CMAKE_SYMLINK_INSTALL=1 -DCMAKE_INSTALL_PREFIX=/home/raul/bookros2_ws/install/pointcloud_to_laserscan
[0.100s] -- Found ament_cmake: 0.9.11 (/opt/ros/foxy/share/ament_cmake/cmake)
[0.157s] -- Using PYTHON_EXECUTABLE: /usr/bin/python3
[0.462s] -- Override CMake install command with custom implementation using symlinks instead of copying resources
[0.476s] -- Found laser_geometry: 2.2.0 (/opt/ros/foxy/share/laser_geometry/cmake)
[0.487s] -- Found message_filters: 3.2.5 (/opt/ros/foxy/share/message_filters/cmake)
[0.492s] -- Found rclcpp: 2.4.2 (/opt/ros/foxy/share/rclcpp/cmake)
[0.577s] -- Using all available rosidl_typesupport_c: rosidl_typesupport_fastrtps_c;rosidl_typesupport_introspection_c
[0.583s] -- Found rosidl_adapter: 1.3.0 (/opt/ros/foxy/share/rosidl_adapter/cmake)
[0.835s] -- Using all available rosidl_typesupport_cpp: rosidl_typesupport_fastrtps_cpp;rosidl_typesupport_introspection_cpp
[0.917s] -- Found rmw_implementation_cmake: 1.0.3 (/opt/ros/foxy/share/rmw_implementation_cmake/cmake)
[0.923s] -- Using RMW implementation 'rmw_fastrtps_cpp' as default
[1.138s] -- Found sensor_msgs: 2.0.5 (/opt/ros/foxy/share/sensor_msgs/cmake)
[1.310s] -- Found tf2: 0.13.13 (/opt/ros/foxy/share/tf2/cmake)
[1.323s] -- Found tf2_ros: 0.13.13 (/opt/ros/foxy/share/tf2_ros/cmake)
[1.854s] -- Found tf2_sensor_msgs: 0.13.13 (/opt/ros/foxy/share/tf2_sensor_msgs/cmake)
[1.882s] -- Found ament_lint_auto: 0.9.7 (/opt/ros/foxy/share/ament_lint_auto/cmake)
[1.971s] -- Added test 'cppcheck' to perform static code analysis on C / C++ code
[1.972s] -- Configured cppcheck include dirs: $<BUILD_INTERFACE:/home/raul/bookros2_ws/src/book_ros2/pointcloud_to_laserscan/include>
[1.972s] -- Configured cppcheck exclude dirs and/or files: 
[1.974s] -- Added test 'cpplint' to check C / C++ code against the Google style
[1.974s] -- Configured cpplint exclude dirs and/or files: 
[1.977s] -- Added test 'flake8' to check Python code syntax and style conventions
[1.977s] -- Added test 'lint_cmake' to check CMake code style
[1.977s] -- Added test 'pep257' to check Python code against some of the style conventions in PEP 257
[1.982s] -- Added test 'uncrustify' to check C / C++ code style
[1.982s] -- Configured uncrustify additional arguments: 
[1.982s] -- Added test 'xmllint' to check XML markup files
[1.988s] -- Configuring done
[1.995s] CMake Error at CMakeLists.txt:16 (add_library):
[1.995s]   Target "laserscan_to_pointcloud" links to target
[1.995s]   "rclcpp_components::component" but the target was not found.  Perhaps a
[1.995s]   find_package() call is missing for an IMPORTED target, or an ALIAS target
[1.995s]   is missing?
[1.995s] 
[1.996s] 
[1.996s] CMake Error at CMakeLists.txt:16 (add_library):
[1.996s]   Target "laserscan_to_pointcloud" links to target
[1.996s]   "tf2_sensor_msgs::tf2_sensor_msgs" but the target was not found.  Perhaps a
[1.996s]   find_package() call is missing for an IMPORTED target, or an ALIAS target
[1.996s]   is missing?
[1.996s] 
[1.997s] 
[1.997s] CMake Error at CMakeLists.txt:37 (add_library):
[1.997s]   Target "pointcloud_to_laserscan" links to target
[1.997s]   "rclcpp_components::component" but the target was not found.  Perhaps a
[1.997s]   find_package() call is missing for an IMPORTED target, or an ALIAS target
[1.997s]   is missing?
[1.997s] 
[1.997s] 
[1.997s] CMake Error at CMakeLists.txt:37 (add_library):
[1.997s]   Target "pointcloud_to_laserscan" links to target
[1.997s]   "tf2_sensor_msgs::tf2_sensor_msgs" but the target was not found.  Perhaps a
[1.997s]   find_package() call is missing for an IMPORTED target, or an ALIAS target
[1.998s]   is missing?
[1.998s] 
[1.998s] 
[2.046s] -- Generating done
[2.050s] CMake Generate step failed.  Build files cannot be regenerated correctly.
[2.071s] Invoked command in '/home/raul/bookros2_ws/build/pointcloud_to_laserscan' returned '1': CMAKE_PREFIX_PATH=${CMAKE_PREFIX_PATH}:/home/raul/bookros2_ws/install/ros2controlcli:/home/raul/bookros2_ws/install/launch_pal:/home/raul/bookros2_ws/install/br2_fsm_bumpgo_py:/opt/ros/foxy /usr/bin/cmake /home/raul/bookros2_ws/src/book_ros2/pointcloud_to_laserscan -DAMENT_CMAKE_SYMLINK_INSTALL=1 -DCMAKE_INSTALL_PREFIX=/home/raul/bookros2_ws/install/pointcloud_to_laserscan
