running develop
Removing /home/raul/bookros2_ws/install/br2_fsm_bumpgo_py/lib/python3.8/site-packages/br2-fsm-bumpgo-py.egg-link (link to .)
running egg_info
writing ../../../build/br2_fsm_bumpgo_py/br2_fsm_bumpgo_py.egg-info/PKG-INFO
writing dependency_links to ../../../build/br2_fsm_bumpgo_py/br2_fsm_bumpgo_py.egg-info/dependency_links.txt
writing entry points to ../../../build/br2_fsm_bumpgo_py/br2_fsm_bumpgo_py.egg-info/entry_points.txt
writing requirements to ../../../build/br2_fsm_bumpgo_py/br2_fsm_bumpgo_py.egg-info/requires.txt
writing top-level names to ../../../build/br2_fsm_bumpgo_py/br2_fsm_bumpgo_py.egg-info/top_level.txt
reading manifest file '../../../build/br2_fsm_bumpgo_py/br2_fsm_bumpgo_py.egg-info/SOURCES.txt'
writing manifest file '../../../build/br2_fsm_bumpgo_py/br2_fsm_bumpgo_py.egg-info/SOURCES.txt'
running build
running build_py
creating /home/raul/bookros2_ws/build/br2_fsm_bumpgo_py/build
creating /home/raul/bookros2_ws/build/br2_fsm_bumpgo_py/build/lib
creating /home/raul/bookros2_ws/build/br2_fsm_bumpgo_py/build/lib/br2_fsm_bumpgo_py
copying br2_fsm_bumpgo_py/bump_go_main.py -> /home/raul/bookros2_ws/build/br2_fsm_bumpgo_py/build/lib/br2_fsm_bumpgo_py
copying br2_fsm_bumpgo_py/__init__.py -> /home/raul/bookros2_ws/build/br2_fsm_bumpgo_py/build/lib/br2_fsm_bumpgo_py
running install
running install_lib
creating /home/raul/bookros2_ws/install/br2_fsm_bumpgo_py/lib/python3.8/site-packages/br2_fsm_bumpgo_py
copying /home/raul/bookros2_ws/build/br2_fsm_bumpgo_py/build/lib/br2_fsm_bumpgo_py/bump_go_main.py -> /home/raul/bookros2_ws/install/br2_fsm_bumpgo_py/lib/python3.8/site-packages/br2_fsm_bumpgo_py
copying /home/raul/bookros2_ws/build/br2_fsm_bumpgo_py/build/lib/br2_fsm_bumpgo_py/__init__.py -> /home/raul/bookros2_ws/install/br2_fsm_bumpgo_py/lib/python3.8/site-packages/br2_fsm_bumpgo_py
byte-compiling /home/raul/bookros2_ws/install/br2_fsm_bumpgo_py/lib/python3.8/site-packages/br2_fsm_bumpgo_py/bump_go_main.py to bump_go_main.cpython-38.pyc
byte-compiling /home/raul/bookros2_ws/install/br2_fsm_bumpgo_py/lib/python3.8/site-packages/br2_fsm_bumpgo_py/__init__.py to __init__.cpython-38.pyc
running install_data
running install_egg_info
Copying ../../../build/br2_fsm_bumpgo_py/br2_fsm_bumpgo_py.egg-info to /home/raul/bookros2_ws/install/br2_fsm_bumpgo_py/lib/python3.8/site-packages/br2_fsm_bumpgo_py-0.0.0-py3.8.egg-info
running install_scripts
Installing bump_go_main script to /home/raul/bookros2_ws/install/br2_fsm_bumpgo_py/lib/br2_fsm_bumpgo_py
writing list of installed files to '/home/raul/bookros2_ws/build/br2_fsm_bumpgo_py/install.log'
