[1.593s] Invoking command in '/home/raul/bookros2_ws/build/br2_fsm_bumpgo_py': PYTHONPATH=/home/raul/bookros2_ws/build/br2_fsm_bumpgo_py/prefix_override:/home/raul/bookros2_ws/install/br2_fsm_bumpgo_py/lib/python3.8/site-packages:${PYTHONPATH} /usr/bin/python3 setup.py develop --uninstall --editable --build-directory /home/raul/bookros2_ws/build/br2_fsm_bumpgo_py/build
[2.230s] running develop
[2.617s] Removing /home/raul/bookros2_ws/install/br2_fsm_bumpgo_py/lib/python3.8/site-packages/br2-fsm-bumpgo-py.egg-link (link to .)
[2.787s] Invoked command in '/home/raul/bookros2_ws/build/br2_fsm_bumpgo_py' returned '0': PYTHONPATH=/home/raul/bookros2_ws/build/br2_fsm_bumpgo_py/prefix_override:/home/raul/bookros2_ws/install/br2_fsm_bumpgo_py/lib/python3.8/site-packages:${PYTHONPATH} /usr/bin/python3 setup.py develop --uninstall --editable --build-directory /home/raul/bookros2_ws/build/br2_fsm_bumpgo_py/build
[2.790s] Invoking command in '/home/raul/bookros2_ws/src/book_ros2/br2_fsm_bumpgo_py': PYTHONPATH=/home/raul/bookros2_ws/build/br2_fsm_bumpgo_py/prefix_override:/home/raul/bookros2_ws/install/br2_fsm_bumpgo_py/lib/python3.8/site-packages:${PYTHONPATH} /usr/bin/python3 setup.py egg_info --egg-base ../../../build/br2_fsm_bumpgo_py build --build-base /home/raul/bookros2_ws/build/br2_fsm_bumpgo_py/build install --record /home/raul/bookros2_ws/build/br2_fsm_bumpgo_py/install.log --single-version-externally-managed
[3.852s] running egg_info
[3.855s] writing ../../../build/br2_fsm_bumpgo_py/br2_fsm_bumpgo_py.egg-info/PKG-INFO
[3.864s] writing dependency_links to ../../../build/br2_fsm_bumpgo_py/br2_fsm_bumpgo_py.egg-info/dependency_links.txt
[3.877s] writing entry points to ../../../build/br2_fsm_bumpgo_py/br2_fsm_bumpgo_py.egg-info/entry_points.txt
[3.877s] writing requirements to ../../../build/br2_fsm_bumpgo_py/br2_fsm_bumpgo_py.egg-info/requires.txt
[3.877s] writing top-level names to ../../../build/br2_fsm_bumpgo_py/br2_fsm_bumpgo_py.egg-info/top_level.txt
[4.090s] reading manifest file '../../../build/br2_fsm_bumpgo_py/br2_fsm_bumpgo_py.egg-info/SOURCES.txt'
[4.117s] writing manifest file '../../../build/br2_fsm_bumpgo_py/br2_fsm_bumpgo_py.egg-info/SOURCES.txt'
[4.117s] running build
[4.117s] running build_py
[4.117s] creating /home/raul/bookros2_ws/build/br2_fsm_bumpgo_py/build
[4.117s] creating /home/raul/bookros2_ws/build/br2_fsm_bumpgo_py/build/lib
[4.117s] creating /home/raul/bookros2_ws/build/br2_fsm_bumpgo_py/build/lib/br2_fsm_bumpgo_py
[4.117s] copying br2_fsm_bumpgo_py/bump_go_main.py -> /home/raul/bookros2_ws/build/br2_fsm_bumpgo_py/build/lib/br2_fsm_bumpgo_py
[4.118s] copying br2_fsm_bumpgo_py/__init__.py -> /home/raul/bookros2_ws/build/br2_fsm_bumpgo_py/build/lib/br2_fsm_bumpgo_py
[4.118s] running install
[4.119s] running install_lib
[4.121s] creating /home/raul/bookros2_ws/install/br2_fsm_bumpgo_py/lib/python3.8/site-packages/br2_fsm_bumpgo_py
[4.121s] copying /home/raul/bookros2_ws/build/br2_fsm_bumpgo_py/build/lib/br2_fsm_bumpgo_py/bump_go_main.py -> /home/raul/bookros2_ws/install/br2_fsm_bumpgo_py/lib/python3.8/site-packages/br2_fsm_bumpgo_py
[4.121s] copying /home/raul/bookros2_ws/build/br2_fsm_bumpgo_py/build/lib/br2_fsm_bumpgo_py/__init__.py -> /home/raul/bookros2_ws/install/br2_fsm_bumpgo_py/lib/python3.8/site-packages/br2_fsm_bumpgo_py
[4.148s] byte-compiling /home/raul/bookros2_ws/install/br2_fsm_bumpgo_py/lib/python3.8/site-packages/br2_fsm_bumpgo_py/bump_go_main.py to bump_go_main.cpython-38.pyc
[4.151s] byte-compiling /home/raul/bookros2_ws/install/br2_fsm_bumpgo_py/lib/python3.8/site-packages/br2_fsm_bumpgo_py/__init__.py to __init__.cpython-38.pyc
[4.151s] running install_data
[4.160s] running install_egg_info
[4.163s] Copying ../../../build/br2_fsm_bumpgo_py/br2_fsm_bumpgo_py.egg-info to /home/raul/bookros2_ws/install/br2_fsm_bumpgo_py/lib/python3.8/site-packages/br2_fsm_bumpgo_py-0.0.0-py3.8.egg-info
[4.175s] running install_scripts
[4.281s] Installing bump_go_main script to /home/raul/bookros2_ws/install/br2_fsm_bumpgo_py/lib/br2_fsm_bumpgo_py
[4.282s] writing list of installed files to '/home/raul/bookros2_ws/build/br2_fsm_bumpgo_py/install.log'
[4.392s] Invoked command in '/home/raul/bookros2_ws/src/book_ros2/br2_fsm_bumpgo_py' returned '0': PYTHONPATH=/home/raul/bookros2_ws/build/br2_fsm_bumpgo_py/prefix_override:/home/raul/bookros2_ws/install/br2_fsm_bumpgo_py/lib/python3.8/site-packages:${PYTHONPATH} /usr/bin/python3 setup.py egg_info --egg-base ../../../build/br2_fsm_bumpgo_py build --build-base /home/raul/bookros2_ws/build/br2_fsm_bumpgo_py/build install --record /home/raul/bookros2_ws/build/br2_fsm_bumpgo_py/install.log --single-version-externally-managed
