[0.128s] Invoking command in '/home/raul/bookros2_ws/build/br2_fsm_bumpgo_cpp': CMAKE_PREFIX_PATH=${CMAKE_PREFIX_PATH}:/home/raul/bookros2_ws/install/ros2controlcli:/home/raul/bookros2_ws/install/launch_pal:/home/raul/bookros2_ws/install/br2_fsm_bumpgo_py:/opt/ros/foxy /usr/bin/cmake --build /home/raul/bookros2_ws/build/br2_fsm_bumpgo_cpp -- -j8 -l8
[0.267s] [100%] Built target bumpgo
[0.570s] Invoked command in '/home/raul/bookros2_ws/build/br2_fsm_bumpgo_cpp' returned '0': CMAKE_PREFIX_PATH=${CMAKE_PREFIX_PATH}:/home/raul/bookros2_ws/install/ros2controlcli:/home/raul/bookros2_ws/install/launch_pal:/home/raul/bookros2_ws/install/br2_fsm_bumpgo_py:/opt/ros/foxy /usr/bin/cmake --build /home/raul/bookros2_ws/build/br2_fsm_bumpgo_cpp -- -j8 -l8
[0.676s] Invoking command in '/home/raul/bookros2_ws/build/br2_fsm_bumpgo_cpp': CMAKE_PREFIX_PATH=${CMAKE_PREFIX_PATH}:/home/raul/bookros2_ws/install/ros2controlcli:/home/raul/bookros2_ws/install/launch_pal:/home/raul/bookros2_ws/install/br2_fsm_bumpgo_py:/opt/ros/foxy /usr/bin/cmake --install /home/raul/bookros2_ws/build/br2_fsm_bumpgo_cpp
[0.695s] -- Install configuration: ""
[0.696s] -- Execute custom install script
[0.697s] -- Up-to-date symlink: /home/raul/bookros2_ws/install/br2_fsm_bumpgo_cpp/lib/br2_fsm_bumpgo_cpp/bumpgo
[0.698s] -- Up-to-date symlink: /home/raul/bookros2_ws/install/br2_fsm_bumpgo_cpp/share/br2_fsm_bumpgo_cpp/launch/bump_and_go.launch.py
[0.699s] -- Up-to-date symlink: /home/raul/bookros2_ws/install/br2_fsm_bumpgo_cpp/share/ament_index/resource_index/package_run_dependencies/br2_fsm_bumpgo_cpp
[0.699s] -- Up-to-date symlink: /home/raul/bookros2_ws/install/br2_fsm_bumpgo_cpp/share/ament_index/resource_index/parent_prefix_path/br2_fsm_bumpgo_cpp
[0.699s] -- Up-to-date symlink: /home/raul/bookros2_ws/install/br2_fsm_bumpgo_cpp/share/br2_fsm_bumpgo_cpp/environment/ament_prefix_path.sh
[0.700s] -- Up-to-date symlink: /home/raul/bookros2_ws/install/br2_fsm_bumpgo_cpp/share/br2_fsm_bumpgo_cpp/environment/ament_prefix_path.dsv
[0.700s] -- Up-to-date symlink: /home/raul/bookros2_ws/install/br2_fsm_bumpgo_cpp/share/br2_fsm_bumpgo_cpp/environment/path.sh
[0.701s] -- Up-to-date symlink: /home/raul/bookros2_ws/install/br2_fsm_bumpgo_cpp/share/br2_fsm_bumpgo_cpp/environment/path.dsv
[0.701s] -- Up-to-date symlink: /home/raul/bookros2_ws/install/br2_fsm_bumpgo_cpp/share/br2_fsm_bumpgo_cpp/local_setup.bash
[0.702s] -- Up-to-date symlink: /home/raul/bookros2_ws/install/br2_fsm_bumpgo_cpp/share/br2_fsm_bumpgo_cpp/local_setup.sh
[0.702s] -- Up-to-date symlink: /home/raul/bookros2_ws/install/br2_fsm_bumpgo_cpp/share/br2_fsm_bumpgo_cpp/local_setup.zsh
[0.703s] -- Up-to-date symlink: /home/raul/bookros2_ws/install/br2_fsm_bumpgo_cpp/share/br2_fsm_bumpgo_cpp/local_setup.dsv
[0.703s] -- Symlinking: /home/raul/bookros2_ws/install/br2_fsm_bumpgo_cpp/share/br2_fsm_bumpgo_cpp/package.dsv
[0.728s] -- Up-to-date symlink: /home/raul/bookros2_ws/install/br2_fsm_bumpgo_cpp/share/ament_index/resource_index/packages/br2_fsm_bumpgo_cpp
[0.728s] -- Up-to-date symlink: /home/raul/bookros2_ws/install/br2_fsm_bumpgo_cpp/share/br2_fsm_bumpgo_cpp/cmake/br2_fsm_bumpgo_cppConfig.cmake
[0.728s] -- Up-to-date symlink: /home/raul/bookros2_ws/install/br2_fsm_bumpgo_cpp/share/br2_fsm_bumpgo_cpp/cmake/br2_fsm_bumpgo_cppConfig-version.cmake
[0.728s] -- Up-to-date symlink: /home/raul/bookros2_ws/install/br2_fsm_bumpgo_cpp/share/br2_fsm_bumpgo_cpp/package.xml
[0.735s] Invoked command in '/home/raul/bookros2_ws/build/br2_fsm_bumpgo_cpp' returned '0': CMAKE_PREFIX_PATH=${CMAKE_PREFIX_PATH}:/home/raul/bookros2_ws/install/ros2controlcli:/home/raul/bookros2_ws/install/launch_pal:/home/raul/bookros2_ws/install/br2_fsm_bumpgo_py:/opt/ros/foxy /usr/bin/cmake --install /home/raul/bookros2_ws/build/br2_fsm_bumpgo_cpp
