[0.151s] Invoking command in '/home/raul/bookros2_ws/build/br2_tracking_msgs': CMAKE_PREFIX_PATH=${CMAKE_PREFIX_PATH}:/home/raul/bookros2_ws/install/ros2controlcli:/home/raul/bookros2_ws/install/launch_pal:/home/raul/bookros2_ws/install/br2_fsm_bumpgo_py:/opt/ros/foxy /usr/bin/cmake --build /home/raul/bookros2_ws/build/br2_tracking_msgs -- -j8 -l8
[0.419s] [  9%] Built target br2_tracking_msgs__rosidl_generator_c
[0.434s] [ 12%] Built target br2_tracking_msgs__cpp
[0.514s] [ 22%] Built target br2_tracking_msgs__rosidl_typesupport_c
[0.514s] [ 32%] Built target br2_tracking_msgs__rosidl_typesupport_introspection_c
[0.550s] [ 41%] Built target br2_tracking_msgs__rosidl_typesupport_introspection_cpp
[0.553s] [ 51%] Built target br2_tracking_msgs__rosidl_typesupport_cpp
[0.569s] [ 61%] Built target br2_tracking_msgs__rosidl_typesupport_fastrtps_cpp
[0.712s] [ 70%] Built target br2_tracking_msgs__rosidl_typesupport_fastrtps_c
[0.883s] [ 70%] Built target br2_tracking_msgs
[0.991s] [ 74%] Built target br2_tracking_msgs__py
[1.099s] [ 80%] Built target br2_tracking_msgs__python
[1.214s] [ 87%] Built target br2_tracking_msgs__rosidl_typesupport_introspection_c__pyext
[1.236s] [ 93%] Built target br2_tracking_msgs__rosidl_typesupport_c__pyext
[1.267s] [100%] Built target br2_tracking_msgs__rosidl_typesupport_fastrtps_c__pyext
[1.390s] Invoked command in '/home/raul/bookros2_ws/build/br2_tracking_msgs' returned '0': CMAKE_PREFIX_PATH=${CMAKE_PREFIX_PATH}:/home/raul/bookros2_ws/install/ros2controlcli:/home/raul/bookros2_ws/install/launch_pal:/home/raul/bookros2_ws/install/br2_fsm_bumpgo_py:/opt/ros/foxy /usr/bin/cmake --build /home/raul/bookros2_ws/build/br2_tracking_msgs -- -j8 -l8
[1.812s] Invoking command in '/home/raul/bookros2_ws/build/br2_tracking_msgs': CMAKE_PREFIX_PATH=${CMAKE_PREFIX_PATH}:/home/raul/bookros2_ws/install/ros2controlcli:/home/raul/bookros2_ws/install/launch_pal:/home/raul/bookros2_ws/install/br2_fsm_bumpgo_py:/opt/ros/foxy /usr/bin/cmake --install /home/raul/bookros2_ws/build/br2_tracking_msgs
[1.837s] -- Install configuration: ""
[1.844s] -- Execute custom install script
[1.845s] -- Up-to-date symlink: /home/raul/bookros2_ws/install/br2_tracking_msgs/share/ament_index/resource_index/rosidl_interfaces/br2_tracking_msgs
[1.845s] -- Up-to-date symlink: /home/raul/bookros2_ws/install/br2_tracking_msgs/include/br2_tracking_msgs/msg/detail/pan_tilt_command__functions.h
[1.845s] -- Up-to-date symlink: /home/raul/bookros2_ws/install/br2_tracking_msgs/include/br2_tracking_msgs/msg/detail/pan_tilt_command__struct.h
[1.850s] -- Up-to-date symlink: /home/raul/bookros2_ws/install/br2_tracking_msgs/include/br2_tracking_msgs/msg/detail/pan_tilt_command__type_support.h
[1.850s] -- Up-to-date symlink: /home/raul/bookros2_ws/install/br2_tracking_msgs/include/br2_tracking_msgs/msg/pan_tilt_command.h
[1.850s] -- Up-to-date symlink: /home/raul/bookros2_ws/install/br2_tracking_msgs/include/br2_tracking_msgs/msg/rosidl_generator_c__visibility_control.h
[1.852s] -- Up-to-date symlink: /home/raul/bookros2_ws/install/br2_tracking_msgs/share/br2_tracking_msgs/environment/library_path.sh
[1.868s] -- Up-to-date symlink: /home/raul/bookros2_ws/install/br2_tracking_msgs/share/br2_tracking_msgs/environment/library_path.dsv
[1.869s] -- Up-to-date symlink: /home/raul/bookros2_ws/install/br2_tracking_msgs/include/br2_tracking_msgs/msg/detail/pan_tilt_command__rosidl_typesupport_fastrtps_c.h
[1.869s] -- Up-to-date symlink: /home/raul/bookros2_ws/install/br2_tracking_msgs/include/br2_tracking_msgs/msg/rosidl_typesupport_fastrtps_c__visibility_control.h
[1.869s] -- Up-to-date symlink: /home/raul/bookros2_ws/install/br2_tracking_msgs/lib/libbr2_tracking_msgs__rosidl_typesupport_fastrtps_c.so
[1.870s] -- Up-to-date symlink: /home/raul/bookros2_ws/install/br2_tracking_msgs/include/br2_tracking_msgs/msg/detail/pan_tilt_command__rosidl_typesupport_fastrtps_cpp.hpp
[1.870s] -- Up-to-date symlink: /home/raul/bookros2_ws/install/br2_tracking_msgs/include/br2_tracking_msgs/msg/rosidl_typesupport_fastrtps_cpp__visibility_control.h
[1.875s] -- Up-to-date symlink: /home/raul/bookros2_ws/install/br2_tracking_msgs/lib/libbr2_tracking_msgs__rosidl_typesupport_fastrtps_cpp.so
[1.876s] -- Up-to-date symlink: /home/raul/bookros2_ws/install/br2_tracking_msgs/include/br2_tracking_msgs/msg/detail/pan_tilt_command__rosidl_typesupport_introspection_c.h
[1.876s] -- Up-to-date symlink: /home/raul/bookros2_ws/install/br2_tracking_msgs/include/br2_tracking_msgs/msg/rosidl_typesupport_introspection_c__visibility_control.h
[1.877s] -- Up-to-date symlink: /home/raul/bookros2_ws/install/br2_tracking_msgs/include/br2_tracking_msgs/msg/detail/pan_tilt_command__builder.hpp
[1.877s] -- Up-to-date symlink: /home/raul/bookros2_ws/install/br2_tracking_msgs/include/br2_tracking_msgs/msg/detail/pan_tilt_command__struct.hpp
[1.877s] -- Up-to-date symlink: /home/raul/bookros2_ws/install/br2_tracking_msgs/include/br2_tracking_msgs/msg/detail/pan_tilt_command__traits.hpp
[1.878s] -- Up-to-date symlink: /home/raul/bookros2_ws/install/br2_tracking_msgs/include/br2_tracking_msgs/msg/pan_tilt_command.hpp
[1.879s] -- Up-to-date symlink: /home/raul/bookros2_ws/install/br2_tracking_msgs/include/br2_tracking_msgs/msg/detail/pan_tilt_command__rosidl_typesupport_introspection_cpp.hpp
[1.880s] -- Up-to-date symlink: /home/raul/bookros2_ws/install/br2_tracking_msgs/share/br2_tracking_msgs/environment/pythonpath.sh
[1.880s] -- Up-to-date symlink: /home/raul/bookros2_ws/install/br2_tracking_msgs/share/br2_tracking_msgs/environment/pythonpath.dsv
[1.886s] -- Up-to-date symlink: /home/raul/bookros2_ws/install/br2_tracking_msgs/lib/python3.8/site-packages/br2_tracking_msgs/__init__.py
[1.886s] -- Up-to-date symlink: /home/raul/bookros2_ws/install/br2_tracking_msgs/lib/python3.8/site-packages/br2_tracking_msgs/msg/__init__.py
[1.887s] -- Up-to-date symlink: /home/raul/bookros2_ws/install/br2_tracking_msgs/lib/python3.8/site-packages/br2_tracking_msgs/msg/_pan_tilt_command.py
[1.887s] -- Up-to-date symlink: /home/raul/bookros2_ws/install/br2_tracking_msgs/lib/python3.8/site-packages/br2_tracking_msgs/br2_tracking_msgs_s__rosidl_typesupport_fastrtps_c.cpython-38-x86_64-linux-gnu.so
[1.888s] -- Up-to-date symlink: /home/raul/bookros2_ws/install/br2_tracking_msgs/lib/python3.8/site-packages/br2_tracking_msgs/br2_tracking_msgs_s__rosidl_typesupport_introspection_c.cpython-38-x86_64-linux-gnu.so
[1.896s] -- Up-to-date symlink: /home/raul/bookros2_ws/install/br2_tracking_msgs/lib/python3.8/site-packages/br2_tracking_msgs/br2_tracking_msgs_s__rosidl_typesupport_c.cpython-38-x86_64-linux-gnu.so
[1.897s] -- Up-to-date symlink: /home/raul/bookros2_ws/install/br2_tracking_msgs/lib/libbr2_tracking_msgs__python.so
[1.898s] -- Up-to-date symlink: /home/raul/bookros2_ws/install/br2_tracking_msgs/share/br2_tracking_msgs/msg/PanTiltCommand.idl
[1.898s] -- Up-to-date symlink: /home/raul/bookros2_ws/install/br2_tracking_msgs/share/br2_tracking_msgs/msg/PanTiltCommand.msg
[1.898s] -- Up-to-date symlink: /home/raul/bookros2_ws/install/br2_tracking_msgs/share/ament_index/resource_index/package_run_dependencies/br2_tracking_msgs
[1.899s] -- Up-to-date symlink: /home/raul/bookros2_ws/install/br2_tracking_msgs/share/ament_index/resource_index/parent_prefix_path/br2_tracking_msgs
[1.899s] -- Up-to-date symlink: /home/raul/bookros2_ws/install/br2_tracking_msgs/share/br2_tracking_msgs/environment/ament_prefix_path.sh
[1.899s] -- Up-to-date symlink: /home/raul/bookros2_ws/install/br2_tracking_msgs/share/br2_tracking_msgs/environment/ament_prefix_path.dsv
[1.900s] -- Up-to-date symlink: /home/raul/bookros2_ws/install/br2_tracking_msgs/share/br2_tracking_msgs/environment/path.sh
[1.900s] -- Up-to-date symlink: /home/raul/bookros2_ws/install/br2_tracking_msgs/share/br2_tracking_msgs/environment/path.dsv
[1.900s] -- Up-to-date symlink: /home/raul/bookros2_ws/install/br2_tracking_msgs/share/br2_tracking_msgs/local_setup.bash
[1.912s] -- Up-to-date symlink: /home/raul/bookros2_ws/install/br2_tracking_msgs/share/br2_tracking_msgs/local_setup.sh
[1.913s] -- Up-to-date symlink: /home/raul/bookros2_ws/install/br2_tracking_msgs/share/br2_tracking_msgs/local_setup.zsh
[1.915s] -- Up-to-date symlink: /home/raul/bookros2_ws/install/br2_tracking_msgs/share/br2_tracking_msgs/local_setup.dsv
[1.915s] -- Symlinking: /home/raul/bookros2_ws/install/br2_tracking_msgs/share/br2_tracking_msgs/package.dsv
[1.940s] -- Up-to-date symlink: /home/raul/bookros2_ws/install/br2_tracking_msgs/share/ament_index/resource_index/packages/br2_tracking_msgs
[1.942s] -- Up-to-date symlink: /home/raul/bookros2_ws/install/br2_tracking_msgs/share/br2_tracking_msgs/cmake/rosidl_cmake-extras.cmake
[1.943s] -- Up-to-date symlink: /home/raul/bookros2_ws/install/br2_tracking_msgs/share/br2_tracking_msgs/cmake/ament_cmake_export_dependencies-extras.cmake
[1.943s] -- Up-to-date symlink: /home/raul/bookros2_ws/install/br2_tracking_msgs/share/br2_tracking_msgs/cmake/ament_cmake_export_libraries-extras.cmake
[1.943s] -- Up-to-date symlink: /home/raul/bookros2_ws/install/br2_tracking_msgs/share/br2_tracking_msgs/cmake/ament_cmake_export_targets-extras.cmake
[1.944s] -- Up-to-date symlink: /home/raul/bookros2_ws/install/br2_tracking_msgs/share/br2_tracking_msgs/cmake/ament_cmake_export_include_directories-extras.cmake
[1.944s] -- Up-to-date symlink: /home/raul/bookros2_ws/install/br2_tracking_msgs/share/br2_tracking_msgs/cmake/rosidl_cmake_export_typesupport_libraries-extras.cmake
[1.945s] -- Up-to-date symlink: /home/raul/bookros2_ws/install/br2_tracking_msgs/share/br2_tracking_msgs/cmake/rosidl_cmake_export_typesupport_targets-extras.cmake
[1.945s] -- Up-to-date symlink: /home/raul/bookros2_ws/install/br2_tracking_msgs/share/br2_tracking_msgs/cmake/br2_tracking_msgsConfig.cmake
[1.946s] -- Up-to-date symlink: /home/raul/bookros2_ws/install/br2_tracking_msgs/share/br2_tracking_msgs/cmake/br2_tracking_msgsConfig-version.cmake
[1.946s] -- Up-to-date symlink: /home/raul/bookros2_ws/install/br2_tracking_msgs/share/br2_tracking_msgs/package.xml
[1.946s] -- Up-to-date: /home/raul/bookros2_ws/install/br2_tracking_msgs/lib/libbr2_tracking_msgs__rosidl_generator_c.so
[1.947s] -- Up-to-date: /home/raul/bookros2_ws/install/br2_tracking_msgs/lib/libbr2_tracking_msgs__rosidl_typesupport_introspection_c.so
[1.964s] -- Up-to-date: /home/raul/bookros2_ws/install/br2_tracking_msgs/lib/libbr2_tracking_msgs__rosidl_typesupport_c.so
[1.964s] -- Up-to-date: /home/raul/bookros2_ws/install/br2_tracking_msgs/lib/libbr2_tracking_msgs__rosidl_typesupport_introspection_cpp.so
[1.964s] -- Up-to-date: /home/raul/bookros2_ws/install/br2_tracking_msgs/lib/libbr2_tracking_msgs__rosidl_typesupport_cpp.so
[2.039s] -- Up-to-date: /home/raul/bookros2_ws/install/br2_tracking_msgs/share/br2_tracking_msgs/cmake/br2_tracking_msgs__rosidl_generator_cExport.cmake
[2.040s] -- Up-to-date: /home/raul/bookros2_ws/install/br2_tracking_msgs/share/br2_tracking_msgs/cmake/br2_tracking_msgs__rosidl_generator_cExport-noconfig.cmake
[2.040s] -- Up-to-date: /home/raul/bookros2_ws/install/br2_tracking_msgs/share/br2_tracking_msgs/cmake/br2_tracking_msgs__rosidl_typesupport_introspection_cExport.cmake
[2.040s] -- Up-to-date: /home/raul/bookros2_ws/install/br2_tracking_msgs/share/br2_tracking_msgs/cmake/br2_tracking_msgs__rosidl_typesupport_introspection_cExport-noconfig.cmake
[2.040s] -- Up-to-date: /home/raul/bookros2_ws/install/br2_tracking_msgs/share/br2_tracking_msgs/cmake/br2_tracking_msgs__rosidl_typesupport_cExport.cmake
[2.041s] -- Up-to-date: /home/raul/bookros2_ws/install/br2_tracking_msgs/share/br2_tracking_msgs/cmake/br2_tracking_msgs__rosidl_typesupport_cExport-noconfig.cmake
[2.042s] -- Up-to-date: /home/raul/bookros2_ws/install/br2_tracking_msgs/share/br2_tracking_msgs/cmake/br2_tracking_msgs__rosidl_generator_cppExport.cmake
[2.043s] -- Up-to-date: /home/raul/bookros2_ws/install/br2_tracking_msgs/share/br2_tracking_msgs/cmake/br2_tracking_msgs__rosidl_typesupport_introspection_cppExport.cmake
[2.043s] -- Up-to-date: /home/raul/bookros2_ws/install/br2_tracking_msgs/share/br2_tracking_msgs/cmake/br2_tracking_msgs__rosidl_typesupport_introspection_cppExport-noconfig.cmake
[2.043s] -- Up-to-date: /home/raul/bookros2_ws/install/br2_tracking_msgs/share/br2_tracking_msgs/cmake/br2_tracking_msgs__rosidl_typesupport_cppExport.cmake
[2.044s] -- Up-to-date: /home/raul/bookros2_ws/install/br2_tracking_msgs/share/br2_tracking_msgs/cmake/br2_tracking_msgs__rosidl_typesupport_cppExport-noconfig.cmake
[2.184s] Invoked command in '/home/raul/bookros2_ws/build/br2_tracking_msgs' returned '0': CMAKE_PREFIX_PATH=${CMAKE_PREFIX_PATH}:/home/raul/bookros2_ws/install/ros2controlcli:/home/raul/bookros2_ws/install/launch_pal:/home/raul/bookros2_ws/install/br2_fsm_bumpgo_py:/opt/ros/foxy /usr/bin/cmake --install /home/raul/bookros2_ws/build/br2_tracking_msgs
