[0.027s] Invoking command in '/home/raul/bookros2_ws/build/micro_ros_msgs': CMAKE_PREFIX_PATH=${CMAKE_PREFIX_PATH}:/home/raul/bookros2_ws/install/ros2controlcli:/home/raul/bookros2_ws/install/launch_pal:/home/raul/bookros2_ws/install/br2_fsm_bumpgo_py:/opt/ros/foxy /usr/bin/cmake /home/raul/bookros2_ws/src/uros/micro_ros_msgs -DUAGENT_BUILD_EXECUTABLE=OFF -DUAGENT_P2P_PROFILE=OFF --no-warn-unused-cli -DCMAKE_INSTALL_PREFIX=/home/raul/bookros2_ws/install/micro_ros_msgs
[0.046s] Not searching for unused variables given on the command line.
[0.128s] -- The C compiler identification is GNU 9.4.0
[0.214s] -- The CXX compiler identification is GNU 9.4.0
[0.225s] -- Check for working C compiler: /usr/bin/cc
[0.328s] -- Check for working C compiler: /usr/bin/cc -- works
[0.330s] -- Detecting C compiler ABI info
[0.437s] -- Detecting C compiler ABI info - done
[0.449s] -- Detecting C compile features
[0.450s] -- Detecting C compile features - done
[0.453s] -- Check for working CXX compiler: /usr/bin/c++
[0.576s] -- Check for working CXX compiler: /usr/bin/c++ -- works
[0.577s] -- Detecting CXX compiler ABI info
[0.695s] -- Detecting CXX compiler ABI info - done
[0.708s] -- Detecting CXX compile features
[0.708s] -- Detecting CXX compile features - done
[0.716s] -- Found ament_cmake: 0.9.11 (/opt/ros/foxy/share/ament_cmake/cmake)
[0.766s] -- Found PythonInterp: /usr/bin/python3 (found suitable version "3.8.10", minimum required is "3") 
[0.766s] -- Using PYTHON_EXECUTABLE: /usr/bin/python3
[1.072s] -- Found rosidl_default_generators: 1.0.1 (/opt/ros/foxy/share/rosidl_default_generators/cmake)
[1.093s] -- Using all available rosidl_typesupport_c: rosidl_typesupport_fastrtps_c;rosidl_typesupport_introspection_c
[1.116s] -- Found rosidl_adapter: 1.3.0 (/opt/ros/foxy/share/rosidl_adapter/cmake)
[1.315s] -- Found OpenSSL: /usr/lib/x86_64-linux-gnu/libcrypto.so (found version "1.1.1f")  
[1.358s] -- Found FastRTPS: /opt/ros/foxy/include  
[1.496s] -- Using all available rosidl_typesupport_cpp: rosidl_typesupport_fastrtps_cpp;rosidl_typesupport_introspection_cpp
[1.549s] -- Found ament_lint_auto: 0.9.7 (/opt/ros/foxy/share/ament_lint_auto/cmake)
[1.726s] -- Found PythonInterp: /usr/bin/python3 (found version "3.8.10") 
[1.822s] -- Found ament_cmake_ros: 0.9.2 (/opt/ros/foxy/share/ament_cmake_ros/cmake)
[1.991s] -- Using all available rosidl_typesupport_c: rosidl_typesupport_fastrtps_c;rosidl_typesupport_introspection_c
[2.006s] -- Using all available rosidl_typesupport_cpp: rosidl_typesupport_fastrtps_cpp;rosidl_typesupport_introspection_cpp
[2.046s] -- Found PythonInterp: /usr/bin/python3 (found suitable version "3.8.10", minimum required is "3.5") 
[2.053s] -- Found python_cmake_module: 0.8.1 (/opt/ros/foxy/share/python_cmake_module/cmake)
[2.100s] -- Found PythonLibs: /usr/lib/x86_64-linux-gnu/libpython3.8.so (found suitable version "3.8.10", minimum required is "3.5") 
[2.100s] -- Using PYTHON_EXECUTABLE: /usr/bin/python3
[2.100s] -- Using PYTHON_INCLUDE_DIRS: /usr/include/python3.8
[2.100s] -- Using PYTHON_LIBRARIES: /usr/lib/x86_64-linux-gnu/libpython3.8.so
[2.137s] -- Found PythonExtra: .so  
[2.216s] -- Added test 'copyright' to check source files copyright and LICENSE
[2.233s] -- Added test 'lint_cmake' to check CMake code style
[2.243s] -- Added test 'xmllint' to check XML markup files
[2.253s] -- Configuring done
[2.292s] -- Generating done
[2.295s] -- Build files have been written to: /home/raul/bookros2_ws/build/micro_ros_msgs
[2.301s] Invoked command in '/home/raul/bookros2_ws/build/micro_ros_msgs' returned '0': CMAKE_PREFIX_PATH=${CMAKE_PREFIX_PATH}:/home/raul/bookros2_ws/install/ros2controlcli:/home/raul/bookros2_ws/install/launch_pal:/home/raul/bookros2_ws/install/br2_fsm_bumpgo_py:/opt/ros/foxy /usr/bin/cmake /home/raul/bookros2_ws/src/uros/micro_ros_msgs -DUAGENT_BUILD_EXECUTABLE=OFF -DUAGENT_P2P_PROFILE=OFF --no-warn-unused-cli -DCMAKE_INSTALL_PREFIX=/home/raul/bookros2_ws/install/micro_ros_msgs
[2.306s] Invoking command in '/home/raul/bookros2_ws/build/micro_ros_msgs': CMAKE_PREFIX_PATH=${CMAKE_PREFIX_PATH}:/home/raul/bookros2_ws/install/ros2controlcli:/home/raul/bookros2_ws/install/launch_pal:/home/raul/bookros2_ws/install/br2_fsm_bumpgo_py:/opt/ros/foxy /usr/bin/cmake --build /home/raul/bookros2_ws/build/micro_ros_msgs -- -j10 -l10
[2.376s] [35m[1mScanning dependencies of target micro_ros_msgs__cpp[0m
[2.376s] [  2%] [34m[1mGenerating C code for ROS interfaces[0m
[2.395s] [  4%] [34m[1mGenerating C++ code for ROS interfaces[0m
[2.778s] [  4%] Built target micro_ros_msgs__cpp
[2.799s] [  8%] [34m[1mGenerating C++ type support for eProsima Fast-RTPS[0m
[2.799s] [  8%] [34m[1mGenerating C++ introspection for ROS interfaces[0m
[2.800s] [ 10%] [34m[1mGenerating C++ type support dispatch for ROS interfaces[0m
[2.801s] [35m[1mScanning dependencies of target micro_ros_msgs__rosidl_generator_c[0m
[2.824s] [ 14%] [32mBuilding C object CMakeFiles/micro_ros_msgs__rosidl_generator_c.dir/rosidl_generator_c/micro_ros_msgs/msg/detail/node__functions.c.o[0m
[2.824s] [ 14%] [32mBuilding C object CMakeFiles/micro_ros_msgs__rosidl_generator_c.dir/rosidl_generator_c/micro_ros_msgs/msg/detail/graph__functions.c.o[0m
[2.825s] [ 17%] [32mBuilding C object CMakeFiles/micro_ros_msgs__rosidl_generator_c.dir/rosidl_generator_c/micro_ros_msgs/msg/detail/entity__functions.c.o[0m
[2.893s] [ 19%] [32m[1mLinking C shared library libmicro_ros_msgs__rosidl_generator_c.so[0m
[2.948s] [ 19%] Built target micro_ros_msgs__rosidl_generator_c
[2.967s] [ 23%] [34m[1mGenerating C introspection for ROS interfaces[0m
[2.967s] [ 23%] [34m[1mGenerating C type support dispatch for ROS interfaces[0m
[3.108s] [35m[1mScanning dependencies of target micro_ros_msgs__rosidl_typesupport_cpp[0m
[3.135s] [ 25%] [32mBuilding CXX object CMakeFiles/micro_ros_msgs__rosidl_typesupport_cpp.dir/rosidl_typesupport_cpp/micro_ros_msgs/msg/graph__type_support.cpp.o[0m
[3.138s] [ 27%] [32mBuilding CXX object CMakeFiles/micro_ros_msgs__rosidl_typesupport_cpp.dir/rosidl_typesupport_cpp/micro_ros_msgs/msg/node__type_support.cpp.o[0m
[3.149s] [ 29%] [32mBuilding CXX object CMakeFiles/micro_ros_msgs__rosidl_typesupport_cpp.dir/rosidl_typesupport_cpp/micro_ros_msgs/msg/entity__type_support.cpp.o[0m
[3.161s] [35m[1mScanning dependencies of target micro_ros_msgs__rosidl_typesupport_introspection_cpp[0m
[3.187s] [ 31%] [32mBuilding CXX object CMakeFiles/micro_ros_msgs__rosidl_typesupport_introspection_cpp.dir/rosidl_typesupport_introspection_cpp/micro_ros_msgs/msg/detail/entity__type_support.cpp.o[0m
[3.188s] [ 34%] [32mBuilding CXX object CMakeFiles/micro_ros_msgs__rosidl_typesupport_introspection_cpp.dir/rosidl_typesupport_introspection_cpp/micro_ros_msgs/msg/detail/graph__type_support.cpp.o[0m
[3.189s] [ 36%] [32mBuilding CXX object CMakeFiles/micro_ros_msgs__rosidl_typesupport_introspection_cpp.dir/rosidl_typesupport_introspection_cpp/micro_ros_msgs/msg/detail/node__type_support.cpp.o[0m
[3.196s] [35m[1mScanning dependencies of target micro_ros_msgs__rosidl_typesupport_fastrtps_cpp[0m
[3.228s] [ 38%] [32mBuilding CXX object CMakeFiles/micro_ros_msgs__rosidl_typesupport_fastrtps_cpp.dir/rosidl_typesupport_fastrtps_cpp/micro_ros_msgs/msg/detail/dds_fastrtps/graph__type_support.cpp.o[0m
[3.264s] [ 40%] [32mBuilding CXX object CMakeFiles/micro_ros_msgs__rosidl_typesupport_fastrtps_cpp.dir/rosidl_typesupport_fastrtps_cpp/micro_ros_msgs/msg/detail/dds_fastrtps/node__type_support.cpp.o[0m
[3.430s] [35m[1mScanning dependencies of target micro_ros_msgs__rosidl_typesupport_c[0m
[3.462s] [35m[1mScanning dependencies of target micro_ros_msgs__rosidl_typesupport_introspection_c[0m
[3.494s] [ 42%] [32mBuilding C object CMakeFiles/micro_ros_msgs__rosidl_typesupport_introspection_c.dir/rosidl_typesupport_introspection_c/micro_ros_msgs/msg/detail/graph__type_support.c.o[0m
[3.506s] [ 44%] [32mBuilding CXX object CMakeFiles/micro_ros_msgs__rosidl_typesupport_c.dir/rosidl_typesupport_c/micro_ros_msgs/msg/graph__type_support.cpp.o[0m
[3.582s] [ 46%] [32mBuilding CXX object CMakeFiles/micro_ros_msgs__rosidl_typesupport_c.dir/rosidl_typesupport_c/micro_ros_msgs/msg/node__type_support.cpp.o[0m
[3.599s] [ 48%] [32mBuilding C object CMakeFiles/micro_ros_msgs__rosidl_typesupport_introspection_c.dir/rosidl_typesupport_introspection_c/micro_ros_msgs/msg/detail/node__type_support.c.o[0m
[3.639s] [ 51%] [32mBuilding C object CMakeFiles/micro_ros_msgs__rosidl_typesupport_introspection_c.dir/rosidl_typesupport_introspection_c/micro_ros_msgs/msg/detail/entity__type_support.c.o[0m
[3.643s] [ 53%] [32mBuilding CXX object CMakeFiles/micro_ros_msgs__rosidl_typesupport_c.dir/rosidl_typesupport_c/micro_ros_msgs/msg/entity__type_support.cpp.o[0m
[3.653s] [ 55%] [32mBuilding CXX object CMakeFiles/micro_ros_msgs__rosidl_typesupport_fastrtps_cpp.dir/rosidl_typesupport_fastrtps_cpp/micro_ros_msgs/msg/detail/dds_fastrtps/entity__type_support.cpp.o[0m
[3.658s] [ 57%] [32m[1mLinking CXX shared library libmicro_ros_msgs__rosidl_typesupport_cpp.so[0m
[3.707s] [ 59%] [32m[1mLinking CXX shared library libmicro_ros_msgs__rosidl_typesupport_c.so[0m
[3.707s] [ 61%] [32m[1mLinking C shared library libmicro_ros_msgs__rosidl_typesupport_introspection_c.so[0m
[3.739s] [ 61%] Built target micro_ros_msgs__rosidl_typesupport_cpp
[3.771s] [ 61%] Built target micro_ros_msgs__rosidl_typesupport_introspection_c
[3.789s] [ 63%] [32m[1mLinking CXX shared library libmicro_ros_msgs__rosidl_typesupport_introspection_cpp.so[0m
[3.790s] [ 63%] Built target micro_ros_msgs__rosidl_typesupport_c
[3.890s] [ 63%] Built target micro_ros_msgs__rosidl_typesupport_introspection_cpp
[4.190s] [ 65%] [32m[1mLinking CXX shared library libmicro_ros_msgs__rosidl_typesupport_fastrtps_cpp.so[0m
[4.302s] [ 65%] Built target micro_ros_msgs__rosidl_typesupport_fastrtps_cpp
[4.321s] [ 68%] [34m[1mGenerating C type support for eProsima Fast-RTPS[0m
[4.656s] [35m[1mScanning dependencies of target micro_ros_msgs__rosidl_typesupport_fastrtps_c[0m
[4.681s] [ 72%] [32mBuilding CXX object CMakeFiles/micro_ros_msgs__rosidl_typesupport_fastrtps_c.dir/rosidl_typesupport_fastrtps_c/micro_ros_msgs/msg/detail/graph__type_support_c.cpp.o[0m
[4.681s] [ 72%] [32mBuilding CXX object CMakeFiles/micro_ros_msgs__rosidl_typesupport_fastrtps_c.dir/rosidl_typesupport_fastrtps_c/micro_ros_msgs/msg/detail/node__type_support_c.cpp.o[0m
[4.681s] [ 74%] [32mBuilding CXX object CMakeFiles/micro_ros_msgs__rosidl_typesupport_fastrtps_c.dir/rosidl_typesupport_fastrtps_c/micro_ros_msgs/msg/detail/entity__type_support_c.cpp.o[0m
[5.079s] [ 76%] [32m[1mLinking CXX shared library libmicro_ros_msgs__rosidl_typesupport_fastrtps_c.so[0m
[5.185s] [ 76%] Built target micro_ros_msgs__rosidl_typesupport_fastrtps_c
[5.204s] [35m[1mScanning dependencies of target micro_ros_msgs[0m
[5.223s] [ 76%] Built target micro_ros_msgs
[5.241s] [35m[1mScanning dependencies of target micro_ros_msgs__py[0m
[5.260s] [ 78%] [34m[1mGenerating Python code for ROS interfaces[0m
[5.951s] [ 78%] Built target micro_ros_msgs__py
[5.970s] [35m[1mScanning dependencies of target micro_ros_msgs__python[0m
[6.004s] [ 80%] [32mBuilding C object CMakeFiles/micro_ros_msgs__python.dir/rosidl_generator_py/micro_ros_msgs/msg/_graph_s.c.o[0m
[6.004s] [ 85%] [32mBuilding C object CMakeFiles/micro_ros_msgs__python.dir/rosidl_generator_py/micro_ros_msgs/msg/_entity_s.c.o[0m
[6.004s] [ 85%] [32mBuilding C object CMakeFiles/micro_ros_msgs__python.dir/rosidl_generator_py/micro_ros_msgs/msg/_node_s.c.o[0m
[6.119s] [ 87%] [32m[1mLinking C shared library rosidl_generator_py/micro_ros_msgs/libmicro_ros_msgs__python.so[0m
[6.181s] [ 87%] Built target micro_ros_msgs__python
[6.201s] [35m[1mScanning dependencies of target micro_ros_msgs__rosidl_typesupport_c__pyext[0m
[6.201s] [35m[1mScanning dependencies of target micro_ros_msgs__rosidl_typesupport_introspection_c__pyext[0m
[6.201s] [35m[1mScanning dependencies of target micro_ros_msgs__rosidl_typesupport_fastrtps_c__pyext[0m
[6.229s] [ 91%] [32mBuilding C object CMakeFiles/micro_ros_msgs__rosidl_typesupport_c__pyext.dir/rosidl_generator_py/micro_ros_msgs/_micro_ros_msgs_s.ep.rosidl_typesupport_c.c.o[0m
[6.229s] [ 91%] [32mBuilding C object CMakeFiles/micro_ros_msgs__rosidl_typesupport_introspection_c__pyext.dir/rosidl_generator_py/micro_ros_msgs/_micro_ros_msgs_s.ep.rosidl_typesupport_introspection_c.c.o[0m
[6.229s] [ 93%] [32mBuilding C object CMakeFiles/micro_ros_msgs__rosidl_typesupport_fastrtps_c__pyext.dir/rosidl_generator_py/micro_ros_msgs/_micro_ros_msgs_s.ep.rosidl_typesupport_fastrtps_c.c.o[0m
[6.338s] [ 95%] [32m[1mLinking C shared library rosidl_generator_py/micro_ros_msgs/micro_ros_msgs_s__rosidl_typesupport_c.cpython-38-x86_64-linux-gnu.so[0m
[6.339s] [ 97%] [32m[1mLinking CXX shared library rosidl_generator_py/micro_ros_msgs/micro_ros_msgs_s__rosidl_typesupport_fastrtps_c.cpython-38-x86_64-linux-gnu.so[0m
[6.339s] [100%] [32m[1mLinking C shared library rosidl_generator_py/micro_ros_msgs/micro_ros_msgs_s__rosidl_typesupport_introspection_c.cpython-38-x86_64-linux-gnu.so[0m
[6.396s] [100%] Built target micro_ros_msgs__rosidl_typesupport_introspection_c__pyext
[6.396s] [100%] Built target micro_ros_msgs__rosidl_typesupport_c__pyext
[6.430s] [100%] Built target micro_ros_msgs__rosidl_typesupport_fastrtps_c__pyext
[6.449s] Invoked command in '/home/raul/bookros2_ws/build/micro_ros_msgs' returned '0': CMAKE_PREFIX_PATH=${CMAKE_PREFIX_PATH}:/home/raul/bookros2_ws/install/ros2controlcli:/home/raul/bookros2_ws/install/launch_pal:/home/raul/bookros2_ws/install/br2_fsm_bumpgo_py:/opt/ros/foxy /usr/bin/cmake --build /home/raul/bookros2_ws/build/micro_ros_msgs -- -j10 -l10
[6.696s] Invoking command in '/home/raul/bookros2_ws/build/micro_ros_msgs': CMAKE_PREFIX_PATH=${CMAKE_PREFIX_PATH}:/home/raul/bookros2_ws/install/ros2controlcli:/home/raul/bookros2_ws/install/launch_pal:/home/raul/bookros2_ws/install/br2_fsm_bumpgo_py:/opt/ros/foxy /usr/bin/cmake --install /home/raul/bookros2_ws/build/micro_ros_msgs
[6.709s] -- Install configuration: ""
[6.710s] -- Installing: /home/raul/bookros2_ws/install/micro_ros_msgs/share/ament_index/resource_index/rosidl_interfaces/micro_ros_msgs
[6.710s] -- Installing: /home/raul/bookros2_ws/install/micro_ros_msgs/include/micro_ros_msgs
[6.710s] -- Installing: /home/raul/bookros2_ws/install/micro_ros_msgs/include/micro_ros_msgs/msg
[6.710s] -- Installing: /home/raul/bookros2_ws/install/micro_ros_msgs/include/micro_ros_msgs/msg/graph.h
[6.710s] -- Installing: /home/raul/bookros2_ws/install/micro_ros_msgs/include/micro_ros_msgs/msg/entity.h
[6.710s] -- Installing: /home/raul/bookros2_ws/install/micro_ros_msgs/include/micro_ros_msgs/msg/detail
[6.711s] -- Installing: /home/raul/bookros2_ws/install/micro_ros_msgs/include/micro_ros_msgs/msg/detail/entity__functions.c
[6.711s] -- Installing: /home/raul/bookros2_ws/install/micro_ros_msgs/include/micro_ros_msgs/msg/detail/node__functions.c
[6.711s] -- Installing: /home/raul/bookros2_ws/install/micro_ros_msgs/include/micro_ros_msgs/msg/detail/node__struct.h
[6.711s] -- Installing: /home/raul/bookros2_ws/install/micro_ros_msgs/include/micro_ros_msgs/msg/detail/graph__functions.c
[6.711s] -- Installing: /home/raul/bookros2_ws/install/micro_ros_msgs/include/micro_ros_msgs/msg/detail/entity__struct.h
[6.712s] -- Installing: /home/raul/bookros2_ws/install/micro_ros_msgs/include/micro_ros_msgs/msg/detail/entity__functions.h
[6.712s] -- Installing: /home/raul/bookros2_ws/install/micro_ros_msgs/include/micro_ros_msgs/msg/detail/entity__type_support.h
[6.712s] -- Installing: /home/raul/bookros2_ws/install/micro_ros_msgs/include/micro_ros_msgs/msg/detail/graph__functions.h
[6.712s] -- Installing: /home/raul/bookros2_ws/install/micro_ros_msgs/include/micro_ros_msgs/msg/detail/graph__type_support.h
[6.712s] -- Installing: /home/raul/bookros2_ws/install/micro_ros_msgs/include/micro_ros_msgs/msg/detail/graph__struct.h
[6.713s] -- Installing: /home/raul/bookros2_ws/install/micro_ros_msgs/include/micro_ros_msgs/msg/detail/node__functions.h
[6.713s] -- Installing: /home/raul/bookros2_ws/install/micro_ros_msgs/include/micro_ros_msgs/msg/detail/node__type_support.h
[6.713s] -- Installing: /home/raul/bookros2_ws/install/micro_ros_msgs/include/micro_ros_msgs/msg/node.h
[6.713s] -- Installing: /home/raul/bookros2_ws/install/micro_ros_msgs/include/micro_ros_msgs/msg/rosidl_generator_c__visibility_control.h
[6.713s] -- Installing: /home/raul/bookros2_ws/install/micro_ros_msgs/share/micro_ros_msgs/environment/library_path.sh
[6.713s] -- Installing: /home/raul/bookros2_ws/install/micro_ros_msgs/share/micro_ros_msgs/environment/library_path.dsv
[6.713s] -- Installing: /home/raul/bookros2_ws/install/micro_ros_msgs/lib/libmicro_ros_msgs__rosidl_generator_c.so
[6.713s] -- Set runtime path of "/home/raul/bookros2_ws/install/micro_ros_msgs/lib/libmicro_ros_msgs__rosidl_generator_c.so" to ""
[6.714s] -- Up-to-date: /home/raul/bookros2_ws/install/micro_ros_msgs/include/micro_ros_msgs
[6.714s] -- Up-to-date: /home/raul/bookros2_ws/install/micro_ros_msgs/include/micro_ros_msgs/msg
[6.714s] -- Installing: /home/raul/bookros2_ws/install/micro_ros_msgs/include/micro_ros_msgs/msg/rosidl_typesupport_fastrtps_c__visibility_control.h
[6.714s] -- Up-to-date: /home/raul/bookros2_ws/install/micro_ros_msgs/include/micro_ros_msgs/msg/detail
[6.714s] -- Installing: /home/raul/bookros2_ws/install/micro_ros_msgs/include/micro_ros_msgs/msg/detail/node__rosidl_typesupport_fastrtps_c.h
[6.714s] -- Installing: /home/raul/bookros2_ws/install/micro_ros_msgs/include/micro_ros_msgs/msg/detail/entity__rosidl_typesupport_fastrtps_c.h
[6.714s] -- Installing: /home/raul/bookros2_ws/install/micro_ros_msgs/include/micro_ros_msgs/msg/detail/graph__rosidl_typesupport_fastrtps_c.h
[6.714s] -- Installing: /home/raul/bookros2_ws/install/micro_ros_msgs/lib/libmicro_ros_msgs__rosidl_typesupport_fastrtps_c.so
[6.715s] -- Set runtime path of "/home/raul/bookros2_ws/install/micro_ros_msgs/lib/libmicro_ros_msgs__rosidl_typesupport_fastrtps_c.so" to ""
[6.715s] -- Up-to-date: /home/raul/bookros2_ws/install/micro_ros_msgs/include/micro_ros_msgs
[6.715s] -- Up-to-date: /home/raul/bookros2_ws/install/micro_ros_msgs/include/micro_ros_msgs/msg
[6.715s] -- Up-to-date: /home/raul/bookros2_ws/install/micro_ros_msgs/include/micro_ros_msgs/msg/detail
[6.715s] -- Installing: /home/raul/bookros2_ws/install/micro_ros_msgs/include/micro_ros_msgs/msg/detail/node__rosidl_typesupport_fastrtps_cpp.hpp
[6.716s] -- Installing: /home/raul/bookros2_ws/install/micro_ros_msgs/include/micro_ros_msgs/msg/detail/entity__rosidl_typesupport_fastrtps_cpp.hpp
[6.716s] -- Installing: /home/raul/bookros2_ws/install/micro_ros_msgs/include/micro_ros_msgs/msg/detail/dds_fastrtps
[6.716s] -- Installing: /home/raul/bookros2_ws/install/micro_ros_msgs/include/micro_ros_msgs/msg/detail/graph__rosidl_typesupport_fastrtps_cpp.hpp
[6.716s] -- Installing: /home/raul/bookros2_ws/install/micro_ros_msgs/include/micro_ros_msgs/msg/rosidl_typesupport_fastrtps_cpp__visibility_control.h
[6.716s] -- Installing: /home/raul/bookros2_ws/install/micro_ros_msgs/lib/libmicro_ros_msgs__rosidl_typesupport_fastrtps_cpp.so
[6.717s] -- Set runtime path of "/home/raul/bookros2_ws/install/micro_ros_msgs/lib/libmicro_ros_msgs__rosidl_typesupport_fastrtps_cpp.so" to ""
[6.717s] -- Up-to-date: /home/raul/bookros2_ws/install/micro_ros_msgs/include/micro_ros_msgs
[6.717s] -- Up-to-date: /home/raul/bookros2_ws/install/micro_ros_msgs/include/micro_ros_msgs/msg
[6.717s] -- Installing: /home/raul/bookros2_ws/install/micro_ros_msgs/include/micro_ros_msgs/msg/rosidl_typesupport_introspection_c__visibility_control.h
[6.717s] -- Up-to-date: /home/raul/bookros2_ws/install/micro_ros_msgs/include/micro_ros_msgs/msg/detail
[6.717s] -- Installing: /home/raul/bookros2_ws/install/micro_ros_msgs/include/micro_ros_msgs/msg/detail/node__rosidl_typesupport_introspection_c.h
[6.717s] -- Installing: /home/raul/bookros2_ws/install/micro_ros_msgs/include/micro_ros_msgs/msg/detail/graph__rosidl_typesupport_introspection_c.h
[6.718s] -- Installing: /home/raul/bookros2_ws/install/micro_ros_msgs/include/micro_ros_msgs/msg/detail/node__type_support.c
[6.718s] -- Installing: /home/raul/bookros2_ws/install/micro_ros_msgs/include/micro_ros_msgs/msg/detail/entity__type_support.c
[6.718s] -- Installing: /home/raul/bookros2_ws/install/micro_ros_msgs/include/micro_ros_msgs/msg/detail/graph__type_support.c
[6.718s] -- Installing: /home/raul/bookros2_ws/install/micro_ros_msgs/include/micro_ros_msgs/msg/detail/entity__rosidl_typesupport_introspection_c.h
[6.718s] -- Installing: /home/raul/bookros2_ws/install/micro_ros_msgs/lib/libmicro_ros_msgs__rosidl_typesupport_introspection_c.so
[6.718s] -- Set runtime path of "/home/raul/bookros2_ws/install/micro_ros_msgs/lib/libmicro_ros_msgs__rosidl_typesupport_introspection_c.so" to ""
[6.719s] -- Installing: /home/raul/bookros2_ws/install/micro_ros_msgs/lib/libmicro_ros_msgs__rosidl_typesupport_c.so
[6.719s] -- Set runtime path of "/home/raul/bookros2_ws/install/micro_ros_msgs/lib/libmicro_ros_msgs__rosidl_typesupport_c.so" to ""
[6.719s] -- Up-to-date: /home/raul/bookros2_ws/install/micro_ros_msgs/include/micro_ros_msgs
[6.720s] -- Up-to-date: /home/raul/bookros2_ws/install/micro_ros_msgs/include/micro_ros_msgs/msg
[6.720s] -- Installing: /home/raul/bookros2_ws/install/micro_ros_msgs/include/micro_ros_msgs/msg/entity.hpp
[6.720s] -- Installing: /home/raul/bookros2_ws/install/micro_ros_msgs/include/micro_ros_msgs/msg/node.hpp
[6.720s] -- Up-to-date: /home/raul/bookros2_ws/install/micro_ros_msgs/include/micro_ros_msgs/msg/detail
[6.720s] -- Installing: /home/raul/bookros2_ws/install/micro_ros_msgs/include/micro_ros_msgs/msg/detail/graph__struct.hpp
[6.721s] -- Installing: /home/raul/bookros2_ws/install/micro_ros_msgs/include/micro_ros_msgs/msg/detail/entity__traits.hpp
[6.721s] -- Installing: /home/raul/bookros2_ws/install/micro_ros_msgs/include/micro_ros_msgs/msg/detail/entity__struct.hpp
[6.721s] -- Installing: /home/raul/bookros2_ws/install/micro_ros_msgs/include/micro_ros_msgs/msg/detail/node__traits.hpp
[6.721s] -- Installing: /home/raul/bookros2_ws/install/micro_ros_msgs/include/micro_ros_msgs/msg/detail/node__struct.hpp
[6.721s] -- Installing: /home/raul/bookros2_ws/install/micro_ros_msgs/include/micro_ros_msgs/msg/detail/entity__builder.hpp
[6.722s] -- Installing: /home/raul/bookros2_ws/install/micro_ros_msgs/include/micro_ros_msgs/msg/detail/node__builder.hpp
[6.722s] -- Installing: /home/raul/bookros2_ws/install/micro_ros_msgs/include/micro_ros_msgs/msg/detail/graph__traits.hpp
[6.722s] -- Installing: /home/raul/bookros2_ws/install/micro_ros_msgs/include/micro_ros_msgs/msg/detail/graph__builder.hpp
[6.722s] -- Installing: /home/raul/bookros2_ws/install/micro_ros_msgs/include/micro_ros_msgs/msg/graph.hpp
[6.722s] -- Up-to-date: /home/raul/bookros2_ws/install/micro_ros_msgs/include/micro_ros_msgs
[6.722s] -- Up-to-date: /home/raul/bookros2_ws/install/micro_ros_msgs/include/micro_ros_msgs/msg
[6.722s] -- Up-to-date: /home/raul/bookros2_ws/install/micro_ros_msgs/include/micro_ros_msgs/msg/detail
[6.723s] -- Installing: /home/raul/bookros2_ws/install/micro_ros_msgs/include/micro_ros_msgs/msg/detail/entity__type_support.cpp
[6.723s] -- Installing: /home/raul/bookros2_ws/install/micro_ros_msgs/include/micro_ros_msgs/msg/detail/graph__rosidl_typesupport_introspection_cpp.hpp
[6.723s] -- Installing: /home/raul/bookros2_ws/install/micro_ros_msgs/include/micro_ros_msgs/msg/detail/node__type_support.cpp
[6.723s] -- Installing: /home/raul/bookros2_ws/install/micro_ros_msgs/include/micro_ros_msgs/msg/detail/entity__rosidl_typesupport_introspection_cpp.hpp
[6.723s] -- Installing: /home/raul/bookros2_ws/install/micro_ros_msgs/include/micro_ros_msgs/msg/detail/graph__type_support.cpp
[6.723s] -- Installing: /home/raul/bookros2_ws/install/micro_ros_msgs/include/micro_ros_msgs/msg/detail/node__rosidl_typesupport_introspection_cpp.hpp
[6.724s] -- Installing: /home/raul/bookros2_ws/install/micro_ros_msgs/lib/libmicro_ros_msgs__rosidl_typesupport_introspection_cpp.so
[6.724s] -- Set runtime path of "/home/raul/bookros2_ws/install/micro_ros_msgs/lib/libmicro_ros_msgs__rosidl_typesupport_introspection_cpp.so" to ""
[6.724s] -- Installing: /home/raul/bookros2_ws/install/micro_ros_msgs/lib/libmicro_ros_msgs__rosidl_typesupport_cpp.so
[6.724s] -- Set runtime path of "/home/raul/bookros2_ws/install/micro_ros_msgs/lib/libmicro_ros_msgs__rosidl_typesupport_cpp.so" to ""
[6.724s] -- Installing: /home/raul/bookros2_ws/install/micro_ros_msgs/share/micro_ros_msgs/environment/pythonpath.sh
[6.724s] -- Installing: /home/raul/bookros2_ws/install/micro_ros_msgs/share/micro_ros_msgs/environment/pythonpath.dsv
[6.724s] -- Installing: /home/raul/bookros2_ws/install/micro_ros_msgs/lib/python3.8/site-packages/micro_ros_msgs/__init__.py
[6.769s] Compiling '/home/raul/bookros2_ws/install/micro_ros_msgs/lib/python3.8/site-packages/micro_ros_msgs/__init__.py'...
[6.773s] -- Installing: /home/raul/bookros2_ws/install/micro_ros_msgs/lib/python3.8/site-packages/micro_ros_msgs/msg
[6.774s] -- Installing: /home/raul/bookros2_ws/install/micro_ros_msgs/lib/python3.8/site-packages/micro_ros_msgs/msg/_graph.py
[6.774s] -- Installing: /home/raul/bookros2_ws/install/micro_ros_msgs/lib/python3.8/site-packages/micro_ros_msgs/msg/_entity_s.c
[6.774s] -- Installing: /home/raul/bookros2_ws/install/micro_ros_msgs/lib/python3.8/site-packages/micro_ros_msgs/msg/_node.py
[6.774s] -- Installing: /home/raul/bookros2_ws/install/micro_ros_msgs/lib/python3.8/site-packages/micro_ros_msgs/msg/__init__.py
[6.774s] -- Installing: /home/raul/bookros2_ws/install/micro_ros_msgs/lib/python3.8/site-packages/micro_ros_msgs/msg/_node_s.c
[6.774s] -- Installing: /home/raul/bookros2_ws/install/micro_ros_msgs/lib/python3.8/site-packages/micro_ros_msgs/msg/_entity.py
[6.774s] -- Installing: /home/raul/bookros2_ws/install/micro_ros_msgs/lib/python3.8/site-packages/micro_ros_msgs/msg/_graph_s.c
[6.775s] -- Installing: /home/raul/bookros2_ws/install/micro_ros_msgs/lib/python3.8/site-packages/micro_ros_msgs/micro_ros_msgs_s__rosidl_typesupport_fastrtps_c.cpython-38-x86_64-linux-gnu.so
[6.775s] -- Set runtime path of "/home/raul/bookros2_ws/install/micro_ros_msgs/lib/python3.8/site-packages/micro_ros_msgs/micro_ros_msgs_s__rosidl_typesupport_fastrtps_c.cpython-38-x86_64-linux-gnu.so" to ""
[6.775s] -- Installing: /home/raul/bookros2_ws/install/micro_ros_msgs/lib/python3.8/site-packages/micro_ros_msgs/micro_ros_msgs_s__rosidl_typesupport_introspection_c.cpython-38-x86_64-linux-gnu.so
[6.776s] -- Set runtime path of "/home/raul/bookros2_ws/install/micro_ros_msgs/lib/python3.8/site-packages/micro_ros_msgs/micro_ros_msgs_s__rosidl_typesupport_introspection_c.cpython-38-x86_64-linux-gnu.so" to ""
[6.776s] -- Installing: /home/raul/bookros2_ws/install/micro_ros_msgs/lib/python3.8/site-packages/micro_ros_msgs/micro_ros_msgs_s__rosidl_typesupport_c.cpython-38-x86_64-linux-gnu.so
[6.777s] -- Set runtime path of "/home/raul/bookros2_ws/install/micro_ros_msgs/lib/python3.8/site-packages/micro_ros_msgs/micro_ros_msgs_s__rosidl_typesupport_c.cpython-38-x86_64-linux-gnu.so" to ""
[6.777s] -- Installing: /home/raul/bookros2_ws/install/micro_ros_msgs/lib/libmicro_ros_msgs__python.so
[6.778s] -- Set runtime path of "/home/raul/bookros2_ws/install/micro_ros_msgs/lib/libmicro_ros_msgs__python.so" to ""
[6.778s] -- Installing: /home/raul/bookros2_ws/install/micro_ros_msgs/share/micro_ros_msgs/msg/Graph.idl
[6.778s] -- Installing: /home/raul/bookros2_ws/install/micro_ros_msgs/share/micro_ros_msgs/msg/Node.idl
[6.778s] -- Installing: /home/raul/bookros2_ws/install/micro_ros_msgs/share/micro_ros_msgs/msg/Entity.idl
[6.778s] -- Installing: /home/raul/bookros2_ws/install/micro_ros_msgs/share/micro_ros_msgs/msg/Graph.msg
[6.778s] -- Installing: /home/raul/bookros2_ws/install/micro_ros_msgs/share/micro_ros_msgs/msg/Node.msg
[6.779s] -- Installing: /home/raul/bookros2_ws/install/micro_ros_msgs/share/micro_ros_msgs/msg/Entity.msg
[6.779s] -- Installing: /home/raul/bookros2_ws/install/micro_ros_msgs/share/ament_index/resource_index/package_run_dependencies/micro_ros_msgs
[6.779s] -- Installing: /home/raul/bookros2_ws/install/micro_ros_msgs/share/ament_index/resource_index/parent_prefix_path/micro_ros_msgs
[6.779s] -- Installing: /home/raul/bookros2_ws/install/micro_ros_msgs/share/micro_ros_msgs/environment/ament_prefix_path.sh
[6.779s] -- Installing: /home/raul/bookros2_ws/install/micro_ros_msgs/share/micro_ros_msgs/environment/ament_prefix_path.dsv
[6.780s] -- Installing: /home/raul/bookros2_ws/install/micro_ros_msgs/share/micro_ros_msgs/environment/path.sh
[6.780s] -- Installing: /home/raul/bookros2_ws/install/micro_ros_msgs/share/micro_ros_msgs/environment/path.dsv
[6.780s] -- Installing: /home/raul/bookros2_ws/install/micro_ros_msgs/share/micro_ros_msgs/local_setup.bash
[6.780s] -- Installing: /home/raul/bookros2_ws/install/micro_ros_msgs/share/micro_ros_msgs/local_setup.sh
[6.780s] -- Installing: /home/raul/bookros2_ws/install/micro_ros_msgs/share/micro_ros_msgs/local_setup.zsh
[6.781s] -- Installing: /home/raul/bookros2_ws/install/micro_ros_msgs/share/micro_ros_msgs/local_setup.dsv
[6.781s] -- Installing: /home/raul/bookros2_ws/install/micro_ros_msgs/share/micro_ros_msgs/package.dsv
[6.781s] -- Installing: /home/raul/bookros2_ws/install/micro_ros_msgs/share/ament_index/resource_index/packages/micro_ros_msgs
[6.781s] -- Installing: /home/raul/bookros2_ws/install/micro_ros_msgs/share/micro_ros_msgs/cmake/micro_ros_msgs__rosidl_generator_cExport.cmake
[6.781s] -- Installing: /home/raul/bookros2_ws/install/micro_ros_msgs/share/micro_ros_msgs/cmake/micro_ros_msgs__rosidl_generator_cExport-noconfig.cmake
[6.782s] -- Installing: /home/raul/bookros2_ws/install/micro_ros_msgs/share/micro_ros_msgs/cmake/micro_ros_msgs__rosidl_typesupport_introspection_cExport.cmake
[6.782s] -- Installing: /home/raul/bookros2_ws/install/micro_ros_msgs/share/micro_ros_msgs/cmake/micro_ros_msgs__rosidl_typesupport_introspection_cExport-noconfig.cmake
[6.782s] -- Installing: /home/raul/bookros2_ws/install/micro_ros_msgs/share/micro_ros_msgs/cmake/micro_ros_msgs__rosidl_typesupport_cExport.cmake
[6.782s] -- Installing: /home/raul/bookros2_ws/install/micro_ros_msgs/share/micro_ros_msgs/cmake/micro_ros_msgs__rosidl_typesupport_cExport-noconfig.cmake
[6.782s] -- Installing: /home/raul/bookros2_ws/install/micro_ros_msgs/share/micro_ros_msgs/cmake/micro_ros_msgs__rosidl_generator_cppExport.cmake
[6.783s] -- Installing: /home/raul/bookros2_ws/install/micro_ros_msgs/share/micro_ros_msgs/cmake/micro_ros_msgs__rosidl_typesupport_introspection_cppExport.cmake
[6.783s] -- Installing: /home/raul/bookros2_ws/install/micro_ros_msgs/share/micro_ros_msgs/cmake/micro_ros_msgs__rosidl_typesupport_introspection_cppExport-noconfig.cmake
[6.783s] -- Installing: /home/raul/bookros2_ws/install/micro_ros_msgs/share/micro_ros_msgs/cmake/micro_ros_msgs__rosidl_typesupport_cppExport.cmake
[6.784s] -- Installing: /home/raul/bookros2_ws/install/micro_ros_msgs/share/micro_ros_msgs/cmake/micro_ros_msgs__rosidl_typesupport_cppExport-noconfig.cmake
[6.784s] -- Installing: /home/raul/bookros2_ws/install/micro_ros_msgs/share/micro_ros_msgs/cmake/rosidl_cmake-extras.cmake
[6.784s] -- Installing: /home/raul/bookros2_ws/install/micro_ros_msgs/share/micro_ros_msgs/cmake/ament_cmake_export_dependencies-extras.cmake
[6.784s] -- Installing: /home/raul/bookros2_ws/install/micro_ros_msgs/share/micro_ros_msgs/cmake/ament_cmake_export_libraries-extras.cmake
[6.784s] -- Installing: /home/raul/bookros2_ws/install/micro_ros_msgs/share/micro_ros_msgs/cmake/ament_cmake_export_targets-extras.cmake
[6.785s] -- Installing: /home/raul/bookros2_ws/install/micro_ros_msgs/share/micro_ros_msgs/cmake/ament_cmake_export_include_directories-extras.cmake
[6.785s] -- Installing: /home/raul/bookros2_ws/install/micro_ros_msgs/share/micro_ros_msgs/cmake/rosidl_cmake_export_typesupport_libraries-extras.cmake
[6.785s] -- Installing: /home/raul/bookros2_ws/install/micro_ros_msgs/share/micro_ros_msgs/cmake/rosidl_cmake_export_typesupport_targets-extras.cmake
[6.785s] -- Installing: /home/raul/bookros2_ws/install/micro_ros_msgs/share/micro_ros_msgs/cmake/micro_ros_msgsConfig.cmake
[6.785s] -- Installing: /home/raul/bookros2_ws/install/micro_ros_msgs/share/micro_ros_msgs/cmake/micro_ros_msgsConfig-version.cmake
[6.785s] -- Installing: /home/raul/bookros2_ws/install/micro_ros_msgs/share/micro_ros_msgs/package.xml
[6.788s] Invoked command in '/home/raul/bookros2_ws/build/micro_ros_msgs' returned '0': CMAKE_PREFIX_PATH=${CMAKE_PREFIX_PATH}:/home/raul/bookros2_ws/install/ros2controlcli:/home/raul/bookros2_ws/install/launch_pal:/home/raul/bookros2_ws/install/br2_fsm_bumpgo_py:/opt/ros/foxy /usr/bin/cmake --install /home/raul/bookros2_ws/build/micro_ros_msgs
