[ 13%] Built target gmock_main
[ 33%] Built target gmock
[ 46%] Built target controller_interface
[ 60%] Built target test_imu_sensor
[ 73%] Built target test_semantic_component_interface
[ 86%] Built target test_force_torque_sensor
[100%] Built target test_controller_with_options
-- Install configuration: ""
-- Execute custom install script
-- Symlinking: /home/raul/bookros2_ws/install/controller_interface/include/controller_interface/controller_interface.hpp
-- Symlinking: /home/raul/bookros2_ws/install/controller_interface/include/controller_interface/controller_state_names.hpp
-- Symlinking: /home/raul/bookros2_ws/install/controller_interface/include/controller_interface/helpers.hpp
-- Symlinking: /home/raul/bookros2_ws/install/controller_interface/include/controller_interface/visibility_control.h
-- Symlinking: /home/raul/bookros2_ws/install/controller_interface/include/semantic_components/force_torque_sensor.hpp
-- Symlinking: /home/raul/bookros2_ws/install/controller_interface/include/semantic_components/imu_sensor.hpp
-- Symlinking: /home/raul/bookros2_ws/install/controller_interface/include/semantic_components/semantic_component_interface.hpp
-- Symlinking: /home/raul/bookros2_ws/install/controller_interface/lib/libcontroller_interface.so
-- Symlinking: /home/raul/bookros2_ws/install/controller_interface/share/controller_interface/environment/library_path.sh
-- Symlinking: /home/raul/bookros2_ws/install/controller_interface/share/controller_interface/environment/library_path.dsv
-- Symlinking: /home/raul/bookros2_ws/install/controller_interface/share/ament_index/resource_index/package_run_dependencies/controller_interface
-- Symlinking: /home/raul/bookros2_ws/install/controller_interface/share/ament_index/resource_index/parent_prefix_path/controller_interface
-- Symlinking: /home/raul/bookros2_ws/install/controller_interface/share/controller_interface/environment/ament_prefix_path.sh
-- Symlinking: /home/raul/bookros2_ws/install/controller_interface/share/controller_interface/environment/ament_prefix_path.dsv
-- Symlinking: /home/raul/bookros2_ws/install/controller_interface/share/controller_interface/environment/path.sh
-- Symlinking: /home/raul/bookros2_ws/install/controller_interface/share/controller_interface/environment/path.dsv
-- Symlinking: /home/raul/bookros2_ws/install/controller_interface/share/controller_interface/local_setup.bash
-- Symlinking: /home/raul/bookros2_ws/install/controller_interface/share/controller_interface/local_setup.sh
-- Symlinking: /home/raul/bookros2_ws/install/controller_interface/share/controller_interface/local_setup.zsh
-- Symlinking: /home/raul/bookros2_ws/install/controller_interface/share/controller_interface/local_setup.dsv
-- Symlinking: /home/raul/bookros2_ws/install/controller_interface/share/controller_interface/package.dsv
-- Symlinking: /home/raul/bookros2_ws/install/controller_interface/share/ament_index/resource_index/packages/controller_interface
-- Symlinking: /home/raul/bookros2_ws/install/controller_interface/share/controller_interface/cmake/ament_cmake_export_dependencies-extras.cmake
-- Symlinking: /home/raul/bookros2_ws/install/controller_interface/share/controller_interface/cmake/ament_cmake_export_include_directories-extras.cmake
-- Symlinking: /home/raul/bookros2_ws/install/controller_interface/share/controller_interface/cmake/ament_cmake_export_libraries-extras.cmake
-- Symlinking: /home/raul/bookros2_ws/install/controller_interface/share/controller_interface/cmake/controller_interfaceConfig.cmake
-- Symlinking: /home/raul/bookros2_ws/install/controller_interface/share/controller_interface/cmake/controller_interfaceConfig-version.cmake
-- Symlinking: /home/raul/bookros2_ws/install/controller_interface/share/controller_interface/package.xml
