[0.096s] Invoking command in '/home/raul/bookros2_ws/build/my_package': CMAKE_PREFIX_PATH=${CMAKE_PREFIX_PATH}:/home/raul/bookros2_ws/install/ros2controlcli:/home/raul/bookros2_ws/install/launch_pal:/home/raul/bookros2_ws/install/br2_fsm_bumpgo_py:/opt/ros/foxy /usr/bin/cmake --build /home/raul/bookros2_ws/build/my_package -- -j8 -l8
[0.403s] [100%] Built target simple
[0.452s] Invoked command in '/home/raul/bookros2_ws/build/my_package' returned '0': CMAKE_PREFIX_PATH=${CMAKE_PREFIX_PATH}:/home/raul/bookros2_ws/install/ros2controlcli:/home/raul/bookros2_ws/install/launch_pal:/home/raul/bookros2_ws/install/br2_fsm_bumpgo_py:/opt/ros/foxy /usr/bin/cmake --build /home/raul/bookros2_ws/build/my_package -- -j8 -l8
[0.674s] Invoking command in '/home/raul/bookros2_ws/build/my_package': CMAKE_PREFIX_PATH=${CMAKE_PREFIX_PATH}:/home/raul/bookros2_ws/install/ros2controlcli:/home/raul/bookros2_ws/install/launch_pal:/home/raul/bookros2_ws/install/br2_fsm_bumpgo_py:/opt/ros/foxy /usr/bin/cmake --install /home/raul/bookros2_ws/build/my_package
[0.740s] -- Install configuration: ""
[0.740s] -- Execute custom install script
[0.741s] -- Up-to-date symlink: /home/raul/bookros2_ws/install/my_package/lib/my_package/simple
[0.741s] -- Up-to-date symlink: /home/raul/bookros2_ws/install/my_package/share/ament_index/resource_index/package_run_dependencies/my_package
[0.742s] -- Up-to-date symlink: /home/raul/bookros2_ws/install/my_package/share/ament_index/resource_index/parent_prefix_path/my_package
[0.742s] -- Up-to-date symlink: /home/raul/bookros2_ws/install/my_package/share/my_package/environment/ament_prefix_path.sh
[0.742s] -- Up-to-date symlink: /home/raul/bookros2_ws/install/my_package/share/my_package/environment/ament_prefix_path.dsv
[0.743s] -- Up-to-date symlink: /home/raul/bookros2_ws/install/my_package/share/my_package/environment/path.sh
[0.743s] -- Up-to-date symlink: /home/raul/bookros2_ws/install/my_package/share/my_package/environment/path.dsv
[0.743s] -- Up-to-date symlink: /home/raul/bookros2_ws/install/my_package/share/my_package/local_setup.bash
[0.743s] -- Up-to-date symlink: /home/raul/bookros2_ws/install/my_package/share/my_package/local_setup.sh
[0.744s] -- Up-to-date symlink: /home/raul/bookros2_ws/install/my_package/share/my_package/local_setup.zsh
[0.744s] -- Up-to-date symlink: /home/raul/bookros2_ws/install/my_package/share/my_package/local_setup.dsv
[0.744s] -- Symlinking: /home/raul/bookros2_ws/install/my_package/share/my_package/package.dsv
[0.768s] -- Up-to-date symlink: /home/raul/bookros2_ws/install/my_package/share/ament_index/resource_index/packages/my_package
[0.769s] -- Up-to-date symlink: /home/raul/bookros2_ws/install/my_package/share/my_package/cmake/ament_cmake_export_dependencies-extras.cmake
[0.769s] -- Up-to-date symlink: /home/raul/bookros2_ws/install/my_package/share/my_package/cmake/my_packageConfig.cmake
[0.773s] -- Up-to-date symlink: /home/raul/bookros2_ws/install/my_package/share/my_package/cmake/my_packageConfig-version.cmake
[0.774s] -- Up-to-date symlink: /home/raul/bookros2_ws/install/my_package/share/my_package/package.xml
[0.803s] Invoked command in '/home/raul/bookros2_ws/build/my_package' returned '0': CMAKE_PREFIX_PATH=${CMAKE_PREFIX_PATH}:/home/raul/bookros2_ws/install/ros2controlcli:/home/raul/bookros2_ws/install/launch_pal:/home/raul/bookros2_ws/install/br2_fsm_bumpgo_py:/opt/ros/foxy /usr/bin/cmake --install /home/raul/bookros2_ws/build/my_package
