-- Found ament_cmake: 0.9.11 (/opt/ros/foxy/share/ament_cmake/cmake)
-- Using PYTHON_EXECUTABLE: /usr/bin/python3
-- Override CMake install command with custom implementation using symlinks instead of copying resources
-- Found laser_geometry: 2.2.0 (/opt/ros/foxy/share/laser_geometry/cmake)
-- Found message_filters: 3.2.5 (/opt/ros/foxy/share/message_filters/cmake)
-- Found rclcpp: 2.4.2 (/opt/ros/foxy/share/rclcpp/cmake)
-- Using all available rosidl_typesupport_c: rosidl_typesupport_fastrtps_c;rosidl_typesupport_introspection_c
-- Found rosidl_adapter: 1.3.0 (/opt/ros/foxy/share/rosidl_adapter/cmake)
-- Using all available rosidl_typesupport_cpp: rosidl_typesupport_fastrtps_cpp;rosidl_typesupport_introspection_cpp
-- Found rmw_implementation_cmake: 1.0.3 (/opt/ros/foxy/share/rmw_implementation_cmake/cmake)
-- Using RMW implementation 'rmw_fastrtps_cpp' as default
-- Found rclcpp_components: 2.4.2 (/opt/ros/foxy/share/rclcpp_components/cmake)
-- Found sensor_msgs: 2.0.5 (/opt/ros/foxy/share/sensor_msgs/cmake)
-- Found tf2: 0.13.13 (/opt/ros/foxy/share/tf2/cmake)
-- Found tf2_ros: 0.13.13 (/opt/ros/foxy/share/tf2_ros/cmake)
-- Found tf2_sensor_msgs: 0.13.13 (/opt/ros/foxy/share/tf2_sensor_msgs/cmake)
-- Found ament_lint_auto: 0.9.7 (/opt/ros/foxy/share/ament_lint_auto/cmake)
-- Added test 'cppcheck' to perform static code analysis on C / C++ code
-- Configured cppcheck include dirs: /home/raul/bookros2_ws/src/book_ros2/pointcloud_to_laserscan/include
-- Configured cppcheck exclude dirs and/or files: 
-- Added test 'cpplint' to check C / C++ code against the Google style
-- Configured cpplint exclude dirs and/or files: 
-- Added test 'flake8' to check Python code syntax and style conventions
-- Added test 'lint_cmake' to check CMake code style
-- Added test 'pep257' to check Python code against some of the style conventions in PEP 257
-- Added test 'uncrustify' to check C / C++ code style
-- Configured uncrustify additional arguments: 
-- Added test 'xmllint' to check XML markup files
-- Configuring done
-- Generating done
-- Build files have been written to: /home/raul/bookros2_ws/build/pointcloud_to_laserscan
[35m[1mScanning dependencies of target laserscan_to_pointcloud[0m
[ 10%] [32mBuilding CXX object CMakeFiles/laserscan_to_pointcloud.dir/src/laserscan_to_pointcloud_node.cpp.o[0m
