[0.106s] Invoking command in '/home/raul/bookros2_ws/build/pointcloud_to_laserscan': CMAKE_PREFIX_PATH=${CMAKE_PREFIX_PATH}:/home/raul/bookros2_ws/install/ros2controlcli:/home/raul/bookros2_ws/install/launch_pal:/home/raul/bookros2_ws/install/br2_fsm_bumpgo_py:/opt/ros/foxy /usr/bin/cmake --build /home/raul/bookros2_ws/build/pointcloud_to_laserscan -- -j8 -l8
[0.311s] -- Found ament_cmake: 0.9.11 (/opt/ros/foxy/share/ament_cmake/cmake)
[0.438s] -- Using PYTHON_EXECUTABLE: /usr/bin/python3
[1.077s] -- Override CMake install command with custom implementation using symlinks instead of copying resources
[1.116s] -- Found laser_geometry: 2.2.0 (/opt/ros/foxy/share/laser_geometry/cmake)
[1.146s] -- Found message_filters: 3.2.5 (/opt/ros/foxy/share/message_filters/cmake)
[1.149s] -- Found rclcpp: 2.4.2 (/opt/ros/foxy/share/rclcpp/cmake)
[1.338s] -- Using all available rosidl_typesupport_c: rosidl_typesupport_fastrtps_c;rosidl_typesupport_introspection_c
[1.350s] -- Found rosidl_adapter: 1.3.0 (/opt/ros/foxy/share/rosidl_adapter/cmake)
[1.744s] -- Using all available rosidl_typesupport_cpp: rosidl_typesupport_fastrtps_cpp;rosidl_typesupport_introspection_cpp
[1.933s] -- Found rmw_implementation_cmake: 1.0.3 (/opt/ros/foxy/share/rmw_implementation_cmake/cmake)
[1.944s] -- Using RMW implementation 'rmw_fastrtps_cpp' as default
[2.294s] -- Found rclcpp_components: 2.4.2 (/opt/ros/foxy/share/rclcpp_components/cmake)
[2.426s] -- Found sensor_msgs: 2.0.5 (/opt/ros/foxy/share/sensor_msgs/cmake)
[2.643s] -- Found tf2: 0.13.13 (/opt/ros/foxy/share/tf2/cmake)
[2.700s] -- Found tf2_ros: 0.13.13 (/opt/ros/foxy/share/tf2_ros/cmake)
[3.193s] -- Found tf2_sensor_msgs: 0.13.13 (/opt/ros/foxy/share/tf2_sensor_msgs/cmake)
[3.287s] -- Found ament_lint_auto: 0.9.7 (/opt/ros/foxy/share/ament_lint_auto/cmake)
[3.474s] -- Added test 'cppcheck' to perform static code analysis on C / C++ code
[3.474s] -- Configured cppcheck include dirs: /home/raul/bookros2_ws/src/book_ros2/pointcloud_to_laserscan/include
[3.474s] -- Configured cppcheck exclude dirs and/or files: 
[3.478s] -- Added test 'cpplint' to check C / C++ code against the Google style
[3.478s] -- Configured cpplint exclude dirs and/or files: 
[3.510s] -- Added test 'flake8' to check Python code syntax and style conventions
[3.524s] -- Added test 'lint_cmake' to check CMake code style
[3.531s] -- Added test 'pep257' to check Python code against some of the style conventions in PEP 257
[3.539s] -- Added test 'uncrustify' to check C / C++ code style
[3.539s] -- Configured uncrustify additional arguments: 
[3.542s] -- Added test 'xmllint' to check XML markup files
[3.557s] -- Configuring done
[3.704s] -- Generating done
[3.715s] -- Build files have been written to: /home/raul/bookros2_ws/build/pointcloud_to_laserscan
[3.851s] [35m[1mScanning dependencies of target laserscan_to_pointcloud[0m
[4.019s] [ 10%] [32mBuilding CXX object CMakeFiles/laserscan_to_pointcloud.dir/src/laserscan_to_pointcloud_node.cpp.o[0m
