[0.059s] Invoking command in '/home/raul/bookros2_ws/build/ros2_control': AMENT_PREFIX_PATH=/home/raul/bookros2_ws/install/ros2controlcli:/home/raul/bookros2_ws/install/controller_manager:/home/raul/bookros2_ws/install/controller_interface:/home/raul/bookros2_ws/install/hardware_interface:/home/raul/bookros2_ws/install/ros2_control_test_assets:/home/raul/bookros2_ws/install/controller_manager_msgs:${AMENT_PREFIX_PATH} CMAKE_PREFIX_PATH=/home/raul/bookros2_ws/install/controller_manager:/home/raul/bookros2_ws/install/controller_interface:/home/raul/bookros2_ws/install/hardware_interface:/home/raul/bookros2_ws/install/ros2_control_test_assets:/home/raul/bookros2_ws/install/controller_manager_msgs:/opt/ros/foxy LD_LIBRARY_PATH=/home/raul/bookros2_ws/install/controller_manager/lib:/home/raul/bookros2_ws/install/controller_interface/lib:/home/raul/bookros2_ws/install/hardware_interface/lib:/home/raul/bookros2_ws/install/controller_manager_msgs/lib:${LD_LIBRARY_PATH} PYTHONPATH=/home/raul/bookros2_ws/build/ros2controlcli:/home/raul/bookros2_ws/install/ros2controlcli/lib/python3.8/site-packages:/home/raul/bookros2_ws/install/controller_manager/lib/python3.8/site-packages:/home/raul/bookros2_ws/install/controller_manager_msgs/lib/python3.8/site-packages:${PYTHONPATH} /usr/bin/cmake /home/raul/bookros2_ws/src/ThirdParty/ros2_control/ros2_control -DAMENT_CMAKE_SYMLINK_INSTALL=1 -DCMAKE_INSTALL_PREFIX=/home/raul/bookros2_ws/install/ros2_control
[0.367s] -- The C compiler identification is GNU 9.4.0
[0.620s] -- The CXX compiler identification is GNU 9.4.0
[0.629s] -- Check for working C compiler: /usr/bin/cc
[1.081s] -- Check for working C compiler: /usr/bin/cc -- works
[1.082s] -- Detecting C compiler ABI info
[1.597s] -- Detecting C compiler ABI info - done
[1.611s] -- Detecting C compile features
[1.628s] -- Detecting C compile features - done
[1.631s] -- Check for working CXX compiler: /usr/bin/c++
[2.239s] -- Check for working CXX compiler: /usr/bin/c++ -- works
[2.240s] -- Detecting CXX compiler ABI info
[2.697s] -- Detecting CXX compiler ABI info - done
[2.711s] -- Detecting CXX compile features
[2.732s] -- Detecting CXX compile features - done
[2.735s] -- Found ament_cmake: 0.9.11 (/opt/ros/foxy/share/ament_cmake/cmake)
[2.979s] -- Found PythonInterp: /usr/bin/python3 (found suitable version "3.8.10", minimum required is "3") 
[2.979s] -- Using PYTHON_EXECUTABLE: /usr/bin/python3
[3.745s] -- Override CMake install command with custom implementation using symlinks instead of copying resources
[4.087s] -- Configuring done
[4.087s] -- Generating done
[4.088s] -- Build files have been written to: /home/raul/bookros2_ws/build/ros2_control
[4.100s] Invoked command in '/home/raul/bookros2_ws/build/ros2_control' returned '0': AMENT_PREFIX_PATH=/home/raul/bookros2_ws/install/ros2controlcli:/home/raul/bookros2_ws/install/controller_manager:/home/raul/bookros2_ws/install/controller_interface:/home/raul/bookros2_ws/install/hardware_interface:/home/raul/bookros2_ws/install/ros2_control_test_assets:/home/raul/bookros2_ws/install/controller_manager_msgs:${AMENT_PREFIX_PATH} CMAKE_PREFIX_PATH=/home/raul/bookros2_ws/install/controller_manager:/home/raul/bookros2_ws/install/controller_interface:/home/raul/bookros2_ws/install/hardware_interface:/home/raul/bookros2_ws/install/ros2_control_test_assets:/home/raul/bookros2_ws/install/controller_manager_msgs:/opt/ros/foxy LD_LIBRARY_PATH=/home/raul/bookros2_ws/install/controller_manager/lib:/home/raul/bookros2_ws/install/controller_interface/lib:/home/raul/bookros2_ws/install/hardware_interface/lib:/home/raul/bookros2_ws/install/controller_manager_msgs/lib:${LD_LIBRARY_PATH} PYTHONPATH=/home/raul/bookros2_ws/build/ros2controlcli:/home/raul/bookros2_ws/install/ros2controlcli/lib/python3.8/site-packages:/home/raul/bookros2_ws/install/controller_manager/lib/python3.8/site-packages:/home/raul/bookros2_ws/install/controller_manager_msgs/lib/python3.8/site-packages:${PYTHONPATH} /usr/bin/cmake /home/raul/bookros2_ws/src/ThirdParty/ros2_control/ros2_control -DAMENT_CMAKE_SYMLINK_INSTALL=1 -DCMAKE_INSTALL_PREFIX=/home/raul/bookros2_ws/install/ros2_control
[4.102s] Invoking command in '/home/raul/bookros2_ws/build/ros2_control': AMENT_PREFIX_PATH=/home/raul/bookros2_ws/install/ros2controlcli:/home/raul/bookros2_ws/install/controller_manager:/home/raul/bookros2_ws/install/controller_interface:/home/raul/bookros2_ws/install/hardware_interface:/home/raul/bookros2_ws/install/ros2_control_test_assets:/home/raul/bookros2_ws/install/controller_manager_msgs:${AMENT_PREFIX_PATH} CMAKE_PREFIX_PATH=/home/raul/bookros2_ws/install/controller_manager:/home/raul/bookros2_ws/install/controller_interface:/home/raul/bookros2_ws/install/hardware_interface:/home/raul/bookros2_ws/install/ros2_control_test_assets:/home/raul/bookros2_ws/install/controller_manager_msgs:/opt/ros/foxy LD_LIBRARY_PATH=/home/raul/bookros2_ws/install/controller_manager/lib:/home/raul/bookros2_ws/install/controller_interface/lib:/home/raul/bookros2_ws/install/hardware_interface/lib:/home/raul/bookros2_ws/install/controller_manager_msgs/lib:${LD_LIBRARY_PATH} PYTHONPATH=/home/raul/bookros2_ws/build/ros2controlcli:/home/raul/bookros2_ws/install/ros2controlcli/lib/python3.8/site-packages:/home/raul/bookros2_ws/install/controller_manager/lib/python3.8/site-packages:/home/raul/bookros2_ws/install/controller_manager_msgs/lib/python3.8/site-packages:${PYTHONPATH} /usr/bin/cmake --build /home/raul/bookros2_ws/build/ros2_control -- -j8 -l8
[31.323s] Invoked command in '/home/raul/bookros2_ws/build/ros2_control' returned '0': AMENT_PREFIX_PATH=/home/raul/bookros2_ws/install/ros2controlcli:/home/raul/bookros2_ws/install/controller_manager:/home/raul/bookros2_ws/install/controller_interface:/home/raul/bookros2_ws/install/hardware_interface:/home/raul/bookros2_ws/install/ros2_control_test_assets:/home/raul/bookros2_ws/install/controller_manager_msgs:${AMENT_PREFIX_PATH} CMAKE_PREFIX_PATH=/home/raul/bookros2_ws/install/controller_manager:/home/raul/bookros2_ws/install/controller_interface:/home/raul/bookros2_ws/install/hardware_interface:/home/raul/bookros2_ws/install/ros2_control_test_assets:/home/raul/bookros2_ws/install/controller_manager_msgs:/opt/ros/foxy LD_LIBRARY_PATH=/home/raul/bookros2_ws/install/controller_manager/lib:/home/raul/bookros2_ws/install/controller_interface/lib:/home/raul/bookros2_ws/install/hardware_interface/lib:/home/raul/bookros2_ws/install/controller_manager_msgs/lib:${LD_LIBRARY_PATH} PYTHONPATH=/home/raul/bookros2_ws/build/ros2controlcli:/home/raul/bookros2_ws/install/ros2controlcli/lib/python3.8/site-packages:/home/raul/bookros2_ws/install/controller_manager/lib/python3.8/site-packages:/home/raul/bookros2_ws/install/controller_manager_msgs/lib/python3.8/site-packages:${PYTHONPATH} /usr/bin/cmake --build /home/raul/bookros2_ws/build/ros2_control -- -j8 -l8
[31.449s] Invoking command in '/home/raul/bookros2_ws/build/ros2_control': AMENT_PREFIX_PATH=/home/raul/bookros2_ws/install/ros2controlcli:/home/raul/bookros2_ws/install/controller_manager:/home/raul/bookros2_ws/install/controller_interface:/home/raul/bookros2_ws/install/hardware_interface:/home/raul/bookros2_ws/install/ros2_control_test_assets:/home/raul/bookros2_ws/install/controller_manager_msgs:${AMENT_PREFIX_PATH} CMAKE_PREFIX_PATH=/home/raul/bookros2_ws/install/controller_manager:/home/raul/bookros2_ws/install/controller_interface:/home/raul/bookros2_ws/install/hardware_interface:/home/raul/bookros2_ws/install/ros2_control_test_assets:/home/raul/bookros2_ws/install/controller_manager_msgs:/opt/ros/foxy LD_LIBRARY_PATH=/home/raul/bookros2_ws/install/controller_manager/lib:/home/raul/bookros2_ws/install/controller_interface/lib:/home/raul/bookros2_ws/install/hardware_interface/lib:/home/raul/bookros2_ws/install/controller_manager_msgs/lib:${LD_LIBRARY_PATH} PYTHONPATH=/home/raul/bookros2_ws/build/ros2controlcli:/home/raul/bookros2_ws/install/ros2controlcli/lib/python3.8/site-packages:/home/raul/bookros2_ws/install/controller_manager/lib/python3.8/site-packages:/home/raul/bookros2_ws/install/controller_manager_msgs/lib/python3.8/site-packages:${PYTHONPATH} /usr/bin/cmake --install /home/raul/bookros2_ws/build/ros2_control
[32.616s] -- Install configuration: ""
[32.616s] -- Execute custom install script
[32.618s] -- Symlinking: /home/raul/bookros2_ws/install/ros2_control/share/ament_index/resource_index/package_run_dependencies/ros2_control
[32.618s] -- Symlinking: /home/raul/bookros2_ws/install/ros2_control/share/ament_index/resource_index/parent_prefix_path/ros2_control
[32.618s] -- Symlinking: /home/raul/bookros2_ws/install/ros2_control/share/ros2_control/environment/ament_prefix_path.sh
[32.618s] -- Symlinking: /home/raul/bookros2_ws/install/ros2_control/share/ros2_control/environment/ament_prefix_path.dsv
[32.618s] -- Symlinking: /home/raul/bookros2_ws/install/ros2_control/share/ros2_control/environment/path.sh
[32.618s] -- Symlinking: /home/raul/bookros2_ws/install/ros2_control/share/ros2_control/environment/path.dsv
[32.619s] -- Symlinking: /home/raul/bookros2_ws/install/ros2_control/share/ros2_control/local_setup.bash
[32.619s] -- Symlinking: /home/raul/bookros2_ws/install/ros2_control/share/ros2_control/local_setup.sh
[32.619s] -- Symlinking: /home/raul/bookros2_ws/install/ros2_control/share/ros2_control/local_setup.zsh
[32.619s] -- Symlinking: /home/raul/bookros2_ws/install/ros2_control/share/ros2_control/local_setup.dsv
[32.619s] -- Symlinking: /home/raul/bookros2_ws/install/ros2_control/share/ros2_control/package.dsv
[32.619s] -- Symlinking: /home/raul/bookros2_ws/install/ros2_control/share/ament_index/resource_index/packages/ros2_control
[32.619s] -- Symlinking: /home/raul/bookros2_ws/install/ros2_control/share/ros2_control/cmake/ros2_controlConfig.cmake
[32.619s] -- Symlinking: /home/raul/bookros2_ws/install/ros2_control/share/ros2_control/cmake/ros2_controlConfig-version.cmake
[32.619s] -- Symlinking: /home/raul/bookros2_ws/install/ros2_control/share/ros2_control/package.xml
