[0.411s] Invoking command in '/home/raul/bookros2_ws/build/twist_mux': CMAKE_PREFIX_PATH=${CMAKE_PREFIX_PATH}:/home/raul/bookros2_ws/install/ros2controlcli:/home/raul/bookros2_ws/install/launch_pal:/home/raul/bookros2_ws/install/br2_fsm_bumpgo_py:/opt/ros/foxy /usr/bin/cmake --build /home/raul/bookros2_ws/build/twist_mux -- -j10 -l10
[0.598s] [ 66%] Built target twist_mux
[0.599s] [100%] Built target twist_marker
[0.696s] Invoked command in '/home/raul/bookros2_ws/build/twist_mux' returned '0': CMAKE_PREFIX_PATH=${CMAKE_PREFIX_PATH}:/home/raul/bookros2_ws/install/ros2controlcli:/home/raul/bookros2_ws/install/launch_pal:/home/raul/bookros2_ws/install/br2_fsm_bumpgo_py:/opt/ros/foxy /usr/bin/cmake --build /home/raul/bookros2_ws/build/twist_mux -- -j10 -l10
[0.902s] Invoking command in '/home/raul/bookros2_ws/build/twist_mux': CMAKE_PREFIX_PATH=${CMAKE_PREFIX_PATH}:/home/raul/bookros2_ws/install/ros2controlcli:/home/raul/bookros2_ws/install/launch_pal:/home/raul/bookros2_ws/install/br2_fsm_bumpgo_py:/opt/ros/foxy /usr/bin/cmake --install /home/raul/bookros2_ws/build/twist_mux
[0.993s] -- Install configuration: ""
[0.994s] -- Execute custom install script
[0.994s] -- Up-to-date symlink: /home/raul/bookros2_ws/install/twist_mux/lib/twist_mux/twist_mux
[0.994s] -- Up-to-date symlink: /home/raul/bookros2_ws/install/twist_mux/lib/twist_mux/twist_marker
[0.995s] -- Up-to-date symlink: /home/raul/bookros2_ws/install/twist_mux/share/twist_mux/launch/twist_mux.launch
[0.995s] -- Up-to-date symlink: /home/raul/bookros2_ws/install/twist_mux/share/twist_mux/launch/twist_mux_launch.py
[0.995s] -- Up-to-date symlink: /home/raul/bookros2_ws/install/twist_mux/share/twist_mux/config/joystick.yaml
[0.995s] -- Up-to-date symlink: /home/raul/bookros2_ws/install/twist_mux/share/twist_mux/config/twist_mux_locks.yaml
[0.996s] -- Up-to-date symlink: /home/raul/bookros2_ws/install/twist_mux/share/twist_mux/config/twist_mux_topics.yaml
[0.997s] -- Up-to-date symlink: /home/raul/bookros2_ws/install/twist_mux/include/twist_mux/params_helpers.hpp
[0.997s] -- Up-to-date symlink: /home/raul/bookros2_ws/install/twist_mux/include/twist_mux/topic_handle.hpp
[0.997s] -- Up-to-date symlink: /home/raul/bookros2_ws/install/twist_mux/include/twist_mux/twist_mux.hpp
[1.001s] -- Up-to-date symlink: /home/raul/bookros2_ws/install/twist_mux/include/twist_mux/twist_mux_diagnostics.hpp
[1.002s] -- Up-to-date symlink: /home/raul/bookros2_ws/install/twist_mux/include/twist_mux/twist_mux_diagnostics_status.hpp
[1.002s] -- Up-to-date symlink: /home/raul/bookros2_ws/install/twist_mux/include/twist_mux/utils.hpp
[1.002s] -- Up-to-date symlink: /home/raul/bookros2_ws/install/twist_mux/share/ament_index/resource_index/package_run_dependencies/twist_mux
[1.003s] -- Up-to-date symlink: /home/raul/bookros2_ws/install/twist_mux/share/ament_index/resource_index/parent_prefix_path/twist_mux
[1.003s] -- Up-to-date symlink: /home/raul/bookros2_ws/install/twist_mux/share/twist_mux/environment/ament_prefix_path.sh
[1.003s] -- Up-to-date symlink: /home/raul/bookros2_ws/install/twist_mux/share/twist_mux/environment/ament_prefix_path.dsv
[1.003s] -- Up-to-date symlink: /home/raul/bookros2_ws/install/twist_mux/share/twist_mux/environment/path.sh
[1.003s] -- Up-to-date symlink: /home/raul/bookros2_ws/install/twist_mux/share/twist_mux/environment/path.dsv
[1.004s] -- Up-to-date symlink: /home/raul/bookros2_ws/install/twist_mux/share/twist_mux/local_setup.bash
[1.004s] -- Up-to-date symlink: /home/raul/bookros2_ws/install/twist_mux/share/twist_mux/local_setup.sh
[1.004s] -- Up-to-date symlink: /home/raul/bookros2_ws/install/twist_mux/share/twist_mux/local_setup.zsh
[1.005s] -- Up-to-date symlink: /home/raul/bookros2_ws/install/twist_mux/share/twist_mux/local_setup.dsv
[1.005s] -- Symlinking: /home/raul/bookros2_ws/install/twist_mux/share/twist_mux/package.dsv
[1.005s] -- Up-to-date symlink: /home/raul/bookros2_ws/install/twist_mux/share/ament_index/resource_index/packages/twist_mux
[1.005s] -- Up-to-date symlink: /home/raul/bookros2_ws/install/twist_mux/share/twist_mux/cmake/ament_cmake_export_include_directories-extras.cmake
[1.006s] -- Up-to-date symlink: /home/raul/bookros2_ws/install/twist_mux/share/twist_mux/cmake/ament_cmake_export_dependencies-extras.cmake
[1.006s] -- Up-to-date symlink: /home/raul/bookros2_ws/install/twist_mux/share/twist_mux/cmake/twist_muxConfig.cmake
[1.007s] -- Up-to-date symlink: /home/raul/bookros2_ws/install/twist_mux/share/twist_mux/cmake/twist_muxConfig-version.cmake
[1.007s] -- Up-to-date symlink: /home/raul/bookros2_ws/install/twist_mux/share/twist_mux/package.xml
[1.123s] Invoked command in '/home/raul/bookros2_ws/build/twist_mux' returned '0': CMAKE_PREFIX_PATH=${CMAKE_PREFIX_PATH}:/home/raul/bookros2_ws/install/ros2controlcli:/home/raul/bookros2_ws/install/launch_pal:/home/raul/bookros2_ws/install/br2_fsm_bumpgo_py:/opt/ros/foxy /usr/bin/cmake --install /home/raul/bookros2_ws/build/twist_mux
