[0.043s] Invoking command in '/home/raul/bookros2_ws/build/groot': CMAKE_PREFIX_PATH=/opt/ros/foxy /usr/bin/cmake /home/raul/bookros2_ws/src/ThirdParty/Groot -DAMENT_CMAKE_SYMLINK_INSTALL=1 -DCMAKE_INSTALL_PREFIX=/home/raul/bookros2_ws/install/groot
[0.508s] -- The C compiler identification is GNU 9.4.0
[0.508s] -- The CXX compiler identification is GNU 9.4.0
[0.508s] -- Check for working C compiler: /usr/bin/cc
[0.818s] -- Check for working C compiler: /usr/bin/cc -- works
[0.820s] -- Detecting C compiler ABI info
[1.183s] -- Detecting C compiler ABI info - done
[1.212s] -- Detecting C compile features
[1.212s] -- Detecting C compile features - done
[1.223s] -- Check for working CXX compiler: /usr/bin/c++
[1.621s] -- Check for working CXX compiler: /usr/bin/c++ -- works
[1.623s] -- Detecting CXX compiler ABI info
[2.185s] -- Detecting CXX compiler ABI info - done
[2.223s] -- Detecting CXX compile features
[2.246s] -- Detecting CXX compile features - done
[2.419s] -- Found PythonInterp: /usr/bin/python3 (found suitable version "3.8.10", minimum required is "3") 
[2.419s] -- Using PYTHON_EXECUTABLE: /usr/bin/python3
[2.924s] -- Override CMake install command with custom implementation using symlinks instead of copying resources
[3.028s] -- Found ament_index_cpp: 1.1.0 (/opt/ros/foxy/share/ament_index_cpp/cmake)
[3.037s] -- ---------------------
[3.038s] -- Compiling with AMENT.
[3.038s] -- ---------------------
[3.134s] -- Found ZMQ: /usr/lib/x86_64-linux-gnu/libzmq.so  
[3.137s] -- ZeroMQ found.
[3.320s] -- Configuring done
[3.534s] -- Generating done
[3.539s] -- Build files have been written to: /home/raul/bookros2_ws/build/groot
[3.559s] Invoked command in '/home/raul/bookros2_ws/build/groot' returned '0': CMAKE_PREFIX_PATH=/opt/ros/foxy /usr/bin/cmake /home/raul/bookros2_ws/src/ThirdParty/Groot -DAMENT_CMAKE_SYMLINK_INSTALL=1 -DCMAKE_INSTALL_PREFIX=/home/raul/bookros2_ws/install/groot
[3.566s] Invoking command in '/home/raul/bookros2_ws/build/groot': CMAKE_PREFIX_PATH=/opt/ros/foxy /usr/bin/cmake --build /home/raul/bookros2_ws/build/groot -- -j8 -l8
[6.919s] [35m[1mScanning dependencies of target QtNodeEditor_autogen[0m
[6.919s] [  1%] [34m[1mAutomatic MOC and UIC for target QtNodeEditor[0m
[6.919s] [  1%] Built target QtNodeEditor_autogen
[6.919s] [  2%] [34m[1mGenerating include/nodes/internal/moc_memory.cpp[0m
[6.920s] [  3%] [34m[1mGenerating include/nodes/internal/moc_ConnectionStyle.cpp[0m
[6.920s] [  3%] [34m[1mGenerating include/nodes/internal/moc_DataModelRegistry.cpp[0m
[6.920s] [  4%] [34m[1mGenerating include/nodes/internal/moc_Export.cpp[0m
[6.921s] [  5%] [34m[1mGenerating include/nodes/internal/moc_FlowScene.cpp[0m
[6.921s] [  6%] [34m[1mGenerating include/nodes/internal/moc_FlowView.cpp[0m
[6.921s] [  6%] [34m[1mGenerating include/nodes/internal/moc_FlowViewStyle.cpp[0m
[6.922s] [  7%] [34m[1mGenerating include/nodes/internal/moc_Node.cpp[0m
[6.922s] [  8%] [34m[1mGenerating include/nodes/internal/moc_NodeData.cpp[0m
[6.922s] [  8%] [34m[1mGenerating include/nodes/internal/moc_NodeDataModel.cpp[0m
[6.922s] [  9%] [34m[1mGenerating include/nodes/internal/moc_NodeGeometry.cpp[0m
[6.923s] [ 10%] [34m[1mGenerating include/nodes/internal/moc_NodeGraphicsObject.cpp[0m
[6.923s] [ 11%] [34m[1mGenerating include/nodes/internal/moc_NodePainterDelegate.cpp[0m
[6.923s] [ 11%] [34m[1mGenerating include/nodes/internal/moc_NodeState.cpp[0m
[6.923s] [ 12%] [34m[1mGenerating include/nodes/internal/moc_NodeStyle.cpp[0m
[6.923s] [ 13%] [34m[1mGenerating include/nodes/internal/moc_OperatingSystem.cpp[0m
[6.924s] [ 13%] [34m[1mGenerating include/nodes/internal/moc_PortType.cpp[0m
[6.924s] [ 14%] [34m[1mGenerating include/nodes/internal/moc_QStringStdHash.cpp[0m
[6.924s] [ 15%] [34m[1mGenerating include/nodes/internal/moc_QUuidStdHash.cpp[0m
[6.924s] [ 16%] [34m[1mGenerating include/nodes/internal/moc_Serializable.cpp[0m
[6.924s] [ 16%] [34m[1mGenerating include/nodes/internal/moc_Style.cpp[0m
[6.925s] [ 17%] [34m[1mGenerating include/nodes/internal/moc_TypeConverter.cpp[0m
[6.925s] [ 18%] [34m[1mGenerating include/nodes/internal/moc_ConnectionState.cpp[0m
[6.925s] [ 18%] [34m[1mGenerating include/nodes/internal/moc_ConnectionGraphicsObject.cpp[0m
[6.925s] [ 19%] [34m[1mGenerating include/nodes/internal/moc_ConnectionGeometry.cpp[0m
[6.925s] [ 20%] [34m[1mGenerating include/nodes/internal/moc_Connection.cpp[0m
[6.926s] [ 21%] [34m[1mGenerating include/nodes/internal/moc_Compiler.cpp[0m
[6.926s] [ 21%] [34m[1mGenerating qrc_resources.cpp[0m
[6.926s] [35m[1mScanning dependencies of target QtNodeEditor[0m
[6.926s] [ 21%] [32mBuilding CXX object QtNodeEditor/CMakeFiles/QtNodeEditor.dir/QtNodeEditor_autogen/mocs_compilation.cpp.o[0m
[6.929s] [ 21%] [32mBuilding CXX object QtNodeEditor/CMakeFiles/QtNodeEditor.dir/src/ConnectionStyle.cpp.o[0m
[7.568s] [ 22%] [32mBuilding CXX object QtNodeEditor/CMakeFiles/QtNodeEditor.dir/src/DataModelRegistry.cpp.o[0m
[9.243s] [ 23%] [32mBuilding CXX object QtNodeEditor/CMakeFiles/QtNodeEditor.dir/src/FlowScene.cpp.o[0m
[11.846s] [ 24%] [32mBuilding CXX object QtNodeEditor/CMakeFiles/QtNodeEditor.dir/src/FlowView.cpp.o[0m
[15.507s] [ 24%] [32mBuilding CXX object QtNodeEditor/CMakeFiles/QtNodeEditor.dir/src/FlowViewStyle.cpp.o[0m
[16.572s] [ 25%] [32mBuilding CXX object QtNodeEditor/CMakeFiles/QtNodeEditor.dir/src/Node.cpp.o[0m
[18.332s] [ 26%] [32mBuilding CXX object QtNodeEditor/CMakeFiles/QtNodeEditor.dir/src/NodeConnectionInteraction.cpp.o[0m
[19.990s] [ 26%] [32mBuilding CXX object QtNodeEditor/CMakeFiles/QtNodeEditor.dir/src/NodeDataModel.cpp.o[0m
[21.069s] [ 27%] [32mBuilding CXX object QtNodeEditor/CMakeFiles/QtNodeEditor.dir/src/NodeGeometry.cpp.o[0m
[22.534s] [ 28%] [32mBuilding CXX object QtNodeEditor/CMakeFiles/QtNodeEditor.dir/src/NodeGraphicsObject.cpp.o[0m
[26.131s] [ 29%] [32mBuilding CXX object QtNodeEditor/CMakeFiles/QtNodeEditor.dir/src/NodePainter.cpp.o[0m
[27.772s] [ 29%] [32mBuilding CXX object QtNodeEditor/CMakeFiles/QtNodeEditor.dir/src/NodeState.cpp.o[0m
[29.120s] [ 30%] [32mBuilding CXX object QtNodeEditor/CMakeFiles/QtNodeEditor.dir/src/NodeStyle.cpp.o[0m
[30.176s] [ 31%] [32mBuilding CXX object QtNodeEditor/CMakeFiles/QtNodeEditor.dir/src/Properties.cpp.o[0m
[31.066s] [ 31%] [32mBuilding CXX object QtNodeEditor/CMakeFiles/QtNodeEditor.dir/src/StyleCollection.cpp.o[0m
[31.708s] [ 32%] [32mBuilding CXX object QtNodeEditor/CMakeFiles/QtNodeEditor.dir/qrc_resources.cpp.o[0m
[31.771s] [ 33%] [32mBuilding CXX object QtNodeEditor/CMakeFiles/QtNodeEditor.dir/include/nodes/internal/moc_Compiler.cpp.o[0m
[31.806s] [ 34%] [32mBuilding CXX object QtNodeEditor/CMakeFiles/QtNodeEditor.dir/include/nodes/internal/moc_Connection.cpp.o[0m
[32.745s] [ 34%] [32mBuilding CXX object QtNodeEditor/CMakeFiles/QtNodeEditor.dir/include/nodes/internal/moc_ConnectionGeometry.cpp.o[0m
[32.775s] [ 35%] [32mBuilding CXX object QtNodeEditor/CMakeFiles/QtNodeEditor.dir/include/nodes/internal/moc_ConnectionGraphicsObject.cpp.o[0m
[33.743s] [ 36%] [32mBuilding CXX object QtNodeEditor/CMakeFiles/QtNodeEditor.dir/include/nodes/internal/moc_ConnectionState.cpp.o[0m
[33.774s] [ 36%] [32mBuilding CXX object QtNodeEditor/CMakeFiles/QtNodeEditor.dir/include/nodes/internal/moc_ConnectionStyle.cpp.o[0m
[33.805s] [ 37%] [32mBuilding CXX object QtNodeEditor/CMakeFiles/QtNodeEditor.dir/include/nodes/internal/moc_DataModelRegistry.cpp.o[0m
[33.838s] [ 38%] [32mBuilding CXX object QtNodeEditor/CMakeFiles/QtNodeEditor.dir/include/nodes/internal/moc_Export.cpp.o[0m
[33.868s] [ 39%] [32mBuilding CXX object QtNodeEditor/CMakeFiles/QtNodeEditor.dir/include/nodes/internal/moc_FlowScene.cpp.o[0m
[35.269s] [ 39%] [32mBuilding CXX object QtNodeEditor/CMakeFiles/QtNodeEditor.dir/include/nodes/internal/moc_FlowView.cpp.o[0m
[36.239s] [ 40%] [32mBuilding CXX object QtNodeEditor/CMakeFiles/QtNodeEditor.dir/include/nodes/internal/moc_FlowViewStyle.cpp.o[0m
[36.271s] [ 41%] [32mBuilding CXX object QtNodeEditor/CMakeFiles/QtNodeEditor.dir/include/nodes/internal/moc_Node.cpp.o[0m
[37.374s] [ 41%] [32mBuilding CXX object QtNodeEditor/CMakeFiles/QtNodeEditor.dir/include/nodes/internal/moc_NodeData.cpp.o[0m
[37.404s] [ 42%] [32mBuilding CXX object QtNodeEditor/CMakeFiles/QtNodeEditor.dir/include/nodes/internal/moc_NodeDataModel.cpp.o[0m
[38.415s] [ 43%] [32mBuilding CXX object QtNodeEditor/CMakeFiles/QtNodeEditor.dir/include/nodes/internal/moc_NodeGeometry.cpp.o[0m
[38.445s] [ 44%] [32mBuilding CXX object QtNodeEditor/CMakeFiles/QtNodeEditor.dir/include/nodes/internal/moc_NodeGraphicsObject.cpp.o[0m
[39.549s] [ 44%] [32mBuilding CXX object QtNodeEditor/CMakeFiles/QtNodeEditor.dir/include/nodes/internal/moc_NodePainterDelegate.cpp.o[0m
[39.581s] [ 45%] [32mBuilding CXX object QtNodeEditor/CMakeFiles/QtNodeEditor.dir/include/nodes/internal/moc_NodeState.cpp.o[0m
[39.612s] [ 46%] [32mBuilding CXX object QtNodeEditor/CMakeFiles/QtNodeEditor.dir/include/nodes/internal/moc_NodeStyle.cpp.o[0m
[39.643s] [ 46%] [32mBuilding CXX object QtNodeEditor/CMakeFiles/QtNodeEditor.dir/include/nodes/internal/moc_OperatingSystem.cpp.o[0m
[39.675s] [ 47%] [32mBuilding CXX object QtNodeEditor/CMakeFiles/QtNodeEditor.dir/include/nodes/internal/moc_PortType.cpp.o[0m
[39.707s] [ 48%] [32mBuilding CXX object QtNodeEditor/CMakeFiles/QtNodeEditor.dir/include/nodes/internal/moc_QStringStdHash.cpp.o[0m
[39.739s] [ 49%] [32mBuilding CXX object QtNodeEditor/CMakeFiles/QtNodeEditor.dir/include/nodes/internal/moc_QUuidStdHash.cpp.o[0m
[39.771s] [ 49%] [32mBuilding CXX object QtNodeEditor/CMakeFiles/QtNodeEditor.dir/include/nodes/internal/moc_Serializable.cpp.o[0m
[39.802s] [ 50%] [32mBuilding CXX object QtNodeEditor/CMakeFiles/QtNodeEditor.dir/include/nodes/internal/moc_Style.cpp.o[0m
[39.833s] [ 51%] [32mBuilding CXX object QtNodeEditor/CMakeFiles/QtNodeEditor.dir/include/nodes/internal/moc_TypeConverter.cpp.o[0m
[39.864s] [ 51%] [32mBuilding CXX object QtNodeEditor/CMakeFiles/QtNodeEditor.dir/include/nodes/internal/moc_memory.cpp.o[0m
[39.897s] [ 52%] [32mBuilding CXX object QtNodeEditor/CMakeFiles/QtNodeEditor.dir/src/ConnectionState.cpp.o[0m
[41.325s] [ 53%] [32mBuilding CXX object QtNodeEditor/CMakeFiles/QtNodeEditor.dir/src/ConnectionPainter.cpp.o[0m
[42.437s] [ 53%] [32mBuilding CXX object QtNodeEditor/CMakeFiles/QtNodeEditor.dir/src/ConnectionGraphicsObject.cpp.o[0m
[43.991s] [ 54%] [32mBuilding CXX object QtNodeEditor/CMakeFiles/QtNodeEditor.dir/src/ConnectionGeometry.cpp.o[0m
[44.670s] [ 55%] [32mBuilding CXX object QtNodeEditor/CMakeFiles/QtNodeEditor.dir/src/ConnectionBlurEffect.cpp.o[0m
[45.659s] [ 56%] [32mBuilding CXX object QtNodeEditor/CMakeFiles/QtNodeEditor.dir/src/Connection.cpp.o[0m
[48.868s] [ 57%] [32m[1mLinking CXX static library ../lib/libQtNodeEditor.a[0m
[48.965s] [ 57%] Built target QtNodeEditor
[48.980s] [35m[1mScanning dependencies of target behavior_tree_editor_autogen[0m
[48.994s] [ 58%] [34m[1mAutomatic MOC and UIC for target behavior_tree_editor[0m
[49.467s] [ 58%] Built target behavior_tree_editor_autogen
[49.481s] [ 59%] [34m[1mGenerating ui_sidepanel_monitor.h[0m
[49.502s] [ 60%] [34m[1mGenerating ui_custom_node_dialog.h[0m
[49.521s] [ 61%] [34m[1mGenerating ui_startup_dialog.h[0m
[49.539s] [ 61%] [34m[1mGenerating ui_sidepanel_replay.h[0m
[49.557s] [ 62%] [34m[1mGenerating ui_sidepanel_editor.h[0m
[49.576s] [ 63%] [34m[1mGenerating ui_action_form.h[0m
[49.594s] [ 63%] [34m[1mGenerating ui_mainwindow.h[0m
[49.613s] [ 64%] [34m[1mGenerating ui_about_dialog.h[0m
[49.632s] [35m[1mScanning dependencies of target behavior_tree_editor[0m
[49.788s] [ 64%] [32mBuilding CXX object CMakeFiles/behavior_tree_editor.dir/behavior_tree_editor_autogen/mocs_compilation.cpp.o[0m
[53.012s] [ 64%] [32mBuilding CXX object CMakeFiles/behavior_tree_editor.dir/bt_editor/graphic_container.cpp.o[0m
[56.858s] [ 65%] [32mBuilding CXX object CMakeFiles/behavior_tree_editor.dir/bt_editor/startup_dialog.cpp.o[0m
[58.913s] [ 66%] [32mBuilding CXX object CMakeFiles/behavior_tree_editor.dir/bt_editor/sidepanel_editor.cpp.o[0m
[62.157s] [ 66%] [32mBuilding CXX object CMakeFiles/behavior_tree_editor.dir/bt_editor/sidepanel_replay.cpp.o[0m
[65.824s] [ 67%] [32mBuilding CXX object CMakeFiles/behavior_tree_editor.dir/bt_editor/custom_node_dialog.cpp.o[0m
[68.190s] [ 68%] [32mBuilding CXX object CMakeFiles/behavior_tree_editor.dir/bt_editor/XML_utilities.cpp.o[0m
[71.102s] [ 69%] [32mBuilding CXX object CMakeFiles/behavior_tree_editor.dir/bt_editor/sidepanel_monitor.cpp.o[0m
[74.537s] [ 70%] [32mBuilding CXX object CMakeFiles/behavior_tree_editor.dir/bt_editor/bt_editor_base.cpp.o[0m
[77.006s] [ 71%] [32mBuilding CXX object CMakeFiles/behavior_tree_editor.dir/bt_editor/utils.cpp.o[0m
[80.620s] [ 72%] [32mBuilding CXX object CMakeFiles/behavior_tree_editor.dir/bt_editor/editor_flowscene.cpp.o[0m
[83.380s] [ 72%] [32mBuilding CXX object CMakeFiles/behavior_tree_editor.dir/bt_editor/mainwindow.cpp.o[0m
[88.120s] [ 73%] [32mBuilding CXX object CMakeFiles/behavior_tree_editor.dir/bt_editor/models/SubtreeNodeModel.cpp.o[0m
[90.560s] [ 74%] [32mBuilding CXX object CMakeFiles/behavior_tree_editor.dir/bt_editor/models/BehaviorTreeNodeModel.cpp.o[0m
[93.519s] [ 74%] [32m[1mLinking CXX shared library libbehavior_tree_editor.so[0m
[94.305s] [ 74%] Built target behavior_tree_editor
[94.319s] [35m[1mScanning dependencies of target Groot_autogen[0m
[94.333s] [ 75%] [34m[1mAutomatic MOC and UIC for target Groot[0m
[94.369s] [ 75%] Built target Groot_autogen
[94.384s] [35m[1mScanning dependencies of target editor_test_autogen[0m
[94.398s] [ 75%] [34m[1mAutomatic MOC and UIC for target editor_test[0m
[94.804s] [ 75%] Built target editor_test_autogen
[94.818s] [ 76%] [34m[1mAutomatic RCC for test_data/test_files.qrc[0m
[94.850s] [ 77%] [34m[1mAutomatic RCC for bt_editor/resources/style.qrc[0m
[94.878s] [ 77%] [34m[1mAutomatic RCC for bt_editor/resources/icons.qrc[0m
[94.954s] [35m[1mScanning dependencies of target Groot[0m
[95.006s] [ 77%] [32mBuilding CXX object CMakeFiles/Groot.dir/Groot_autogen/mocs_compilation.cpp.o[0m
[95.034s] [ 77%] [32mBuilding CXX object CMakeFiles/Groot.dir/Groot_autogen/NYYW7IJ2JN/qrc_test_files.cpp.o[0m
[95.091s] [ 78%] [32mBuilding CXX object CMakeFiles/Groot.dir/Groot_autogen/OQ4J2MLGYJ/qrc_style.cpp.o[0m
[95.129s] [ 79%] [32mBuilding CXX object CMakeFiles/Groot.dir/Groot_autogen/OQ4J2MLGYJ/qrc_icons.cpp.o[0m
[95.903s] [ 80%] [32mBuilding CXX object CMakeFiles/Groot.dir/bt_editor/main.cpp.o[0m
[98.950s] [ 81%] [32m[1mLinking CXX executable Groot[0m
[99.468s] [ 81%] Built target Groot
[99.482s] [ 82%] [34m[1mAutomatic RCC for ../test_data/test_files.qrc[0m
[99.512s] [ 83%] [34m[1mAutomatic RCC for ../bt_editor/resources/style.qrc[0m
[99.540s] [ 83%] [34m[1mAutomatic RCC for ../bt_editor/resources/icons.qrc[0m
[99.595s] [ 84%] [34m[1mAutomatic RCC for ../QtNodeEditor/resources/resources.qrc[0m
[99.625s] [35m[1mScanning dependencies of target editor_test[0m
[99.725s] [ 85%] [32mBuilding CXX object test/CMakeFiles/editor_test.dir/editor_test_autogen/mocs_compilation.cpp.o[0m
[103.284s] [ 86%] [32mBuilding CXX object test/CMakeFiles/editor_test.dir/editor_test_autogen/4L4FNCFPKD/qrc_test_files.cpp.o[0m
[103.342s] [ 87%] [32mBuilding CXX object test/CMakeFiles/editor_test.dir/editor_test_autogen/K3L5NHU5SO/qrc_style.cpp.o[0m
[103.381s] [ 87%] [32mBuilding CXX object test/CMakeFiles/editor_test.dir/editor_test_autogen/K3L5NHU5SO/qrc_icons.cpp.o[0m
[104.143s] [ 88%] [32mBuilding CXX object test/CMakeFiles/editor_test.dir/editor_test_autogen/EB4OVBCXLB/qrc_resources.cpp.o[0m
[104.200s] [ 89%] [32mBuilding CXX object test/CMakeFiles/editor_test.dir/groot_test_base.cpp.o[0m
[107.724s] [ 89%] [32mBuilding CXX object test/CMakeFiles/editor_test.dir/editor_test.cpp.o[0m
[111.913s] [ 90%] [32m[1mLinking CXX executable editor_test[0m
[112.489s] [ 90%] Built target editor_test
[112.503s] [35m[1mScanning dependencies of target replay_test_autogen[0m
[112.517s] [ 91%] [34m[1mAutomatic MOC and UIC for target replay_test[0m
[112.902s] [ 91%] Built target replay_test_autogen
[112.916s] [ 93%] [34m[1mAutomatic RCC for ../QtNodeEditor/resources/resources.qrc[0m
[112.916s] [ 93%] [34m[1mAutomatic RCC for ../test_data/test_files.qrc[0m
[112.917s] [ 94%] [34m[1mAutomatic RCC for ../bt_editor/resources/icons.qrc[0m
[112.947s] [ 94%] [34m[1mAutomatic RCC for ../bt_editor/resources/style.qrc[0m
[112.976s] [35m[1mScanning dependencies of target replay_test[0m
[113.064s] [ 95%] [32mBuilding CXX object test/CMakeFiles/replay_test.dir/replay_test_autogen/mocs_compilation.cpp.o[0m
[113.064s] [ 96%] [32mBuilding CXX object test/CMakeFiles/replay_test.dir/replay_test.cpp.o[0m
[113.064s] [ 96%] [32mBuilding CXX object test/CMakeFiles/replay_test.dir/groot_test_base.cpp.o[0m
[116.731s] [ 98%] [32mBuilding CXX object test/CMakeFiles/replay_test.dir/replay_test_autogen/4L4FNCFPKD/qrc_test_files.cpp.o[0m
[116.731s] [ 99%] [32mBuilding CXX object test/CMakeFiles/replay_test.dir/replay_test_autogen/EB4OVBCXLB/qrc_resources.cpp.o[0m
[116.732s] [ 98%] [32mBuilding CXX object test/CMakeFiles/replay_test.dir/replay_test_autogen/K3L5NHU5SO/qrc_icons.cpp.o[0m
[116.732s] [ 98%] [32mBuilding CXX object test/CMakeFiles/replay_test.dir/replay_test_autogen/K3L5NHU5SO/qrc_style.cpp.o[0m
[117.482s] [100%] [32m[1mLinking CXX executable replay_test[0m
[117.999s] [100%] Built target replay_test
