[0.140s] Invoking command in '/home/raul/bookros2_ws/build/br2_bt_bumpgo': CMAKE_PREFIX_PATH=${CMAKE_PREFIX_PATH}:/home/raul/bookros2_ws/install/ros2controlcli:/home/raul/bookros2_ws/install/launch_pal:/home/raul/bookros2_ws/install/br2_fsm_bumpgo_py:/opt/ros/foxy /usr/bin/cmake --build /home/raul/bookros2_ws/build/br2_bt_bumpgo -- -j8 -l8
[0.426s] [ 11%] Built target br2_forward_bt_node
[0.438s] [ 22%] Built target br2_turn_bt_node
[0.454s] [ 33%] Built target gtest
[0.507s] [ 44%] Built target bt_bumpgo
[0.524s] [ 55%] Built target br2_back_bt_node
[0.524s] [ 66%] Built target gtest_main
[0.529s] [ 77%] Built target br2_is_obstacle_bt_node
[0.545s] [ 88%] Built target bt_forward
[0.633s] [100%] Built target bt_action_test
[0.685s] Invoked command in '/home/raul/bookros2_ws/build/br2_bt_bumpgo' returned '0': CMAKE_PREFIX_PATH=${CMAKE_PREFIX_PATH}:/home/raul/bookros2_ws/install/ros2controlcli:/home/raul/bookros2_ws/install/launch_pal:/home/raul/bookros2_ws/install/br2_fsm_bumpgo_py:/opt/ros/foxy /usr/bin/cmake --build /home/raul/bookros2_ws/build/br2_bt_bumpgo -- -j8 -l8
[0.909s] Invoking command in '/home/raul/bookros2_ws/build/br2_bt_bumpgo': CMAKE_PREFIX_PATH=${CMAKE_PREFIX_PATH}:/home/raul/bookros2_ws/install/ros2controlcli:/home/raul/bookros2_ws/install/launch_pal:/home/raul/bookros2_ws/install/br2_fsm_bumpgo_py:/opt/ros/foxy /usr/bin/cmake --install /home/raul/bookros2_ws/build/br2_bt_bumpgo
[0.936s] -- Install configuration: ""
[0.936s] -- Execute custom install script
[0.937s] -- Up-to-date symlink: /home/raul/bookros2_ws/install/br2_bt_bumpgo/lib/libbr2_forward_bt_node.so
[0.937s] -- Up-to-date symlink: /home/raul/bookros2_ws/install/br2_bt_bumpgo/lib/libbr2_back_bt_node.so
[0.937s] -- Up-to-date symlink: /home/raul/bookros2_ws/install/br2_bt_bumpgo/lib/libbr2_turn_bt_node.so
[0.938s] -- Up-to-date symlink: /home/raul/bookros2_ws/install/br2_bt_bumpgo/lib/libbr2_is_obstacle_bt_node.so
[0.938s] -- Up-to-date symlink: /home/raul/bookros2_ws/install/br2_bt_bumpgo/lib/br2_bt_bumpgo/bt_bumpgo
[0.939s] -- Up-to-date symlink: /home/raul/bookros2_ws/install/br2_bt_bumpgo/include//br2_bt_bumpgo/Back.hpp
[0.939s] -- Up-to-date symlink: /home/raul/bookros2_ws/install/br2_bt_bumpgo/include//br2_bt_bumpgo/Forward.hpp
[0.940s] -- Up-to-date symlink: /home/raul/bookros2_ws/install/br2_bt_bumpgo/include//br2_bt_bumpgo/IsObstacle.hpp
[0.942s] -- Up-to-date symlink: /home/raul/bookros2_ws/install/br2_bt_bumpgo/include//br2_bt_bumpgo/Turn.hpp
[0.942s] -- Up-to-date symlink: /home/raul/bookros2_ws/install/br2_bt_bumpgo/share/br2_bt_bumpgo/behavior_tree_xml/bumpgo.xml
[0.942s] -- Up-to-date symlink: /home/raul/bookros2_ws/install/br2_bt_bumpgo/lib/br2_bt_bumpgo/bt_forward
[0.943s] -- Up-to-date symlink: /home/raul/bookros2_ws/install/br2_bt_bumpgo/share/ament_index/resource_index/package_run_dependencies/br2_bt_bumpgo
[0.944s] -- Up-to-date symlink: /home/raul/bookros2_ws/install/br2_bt_bumpgo/share/ament_index/resource_index/parent_prefix_path/br2_bt_bumpgo
[0.945s] -- Up-to-date symlink: /home/raul/bookros2_ws/install/br2_bt_bumpgo/share/br2_bt_bumpgo/environment/ament_prefix_path.sh
[0.946s] -- Up-to-date symlink: /home/raul/bookros2_ws/install/br2_bt_bumpgo/share/br2_bt_bumpgo/environment/ament_prefix_path.dsv
[0.946s] -- Up-to-date symlink: /home/raul/bookros2_ws/install/br2_bt_bumpgo/share/br2_bt_bumpgo/environment/path.sh
[0.946s] -- Up-to-date symlink: /home/raul/bookros2_ws/install/br2_bt_bumpgo/share/br2_bt_bumpgo/environment/path.dsv
[0.948s] -- Up-to-date symlink: /home/raul/bookros2_ws/install/br2_bt_bumpgo/share/br2_bt_bumpgo/local_setup.bash
[0.948s] -- Up-to-date symlink: /home/raul/bookros2_ws/install/br2_bt_bumpgo/share/br2_bt_bumpgo/local_setup.sh
[0.970s] -- Up-to-date symlink: /home/raul/bookros2_ws/install/br2_bt_bumpgo/share/br2_bt_bumpgo/local_setup.zsh
[0.970s] -- Up-to-date symlink: /home/raul/bookros2_ws/install/br2_bt_bumpgo/share/br2_bt_bumpgo/local_setup.dsv
[0.970s] -- Symlinking: /home/raul/bookros2_ws/install/br2_bt_bumpgo/share/br2_bt_bumpgo/package.dsv
[1.043s] -- Up-to-date symlink: /home/raul/bookros2_ws/install/br2_bt_bumpgo/share/ament_index/resource_index/packages/br2_bt_bumpgo
[1.043s] -- Up-to-date symlink: /home/raul/bookros2_ws/install/br2_bt_bumpgo/share/br2_bt_bumpgo/cmake/ament_cmake_export_include_directories-extras.cmake
[1.044s] -- Up-to-date symlink: /home/raul/bookros2_ws/install/br2_bt_bumpgo/share/br2_bt_bumpgo/cmake/ament_cmake_export_dependencies-extras.cmake
[1.044s] -- Up-to-date symlink: /home/raul/bookros2_ws/install/br2_bt_bumpgo/share/br2_bt_bumpgo/cmake/br2_bt_bumpgoConfig.cmake
[1.044s] -- Up-to-date symlink: /home/raul/bookros2_ws/install/br2_bt_bumpgo/share/br2_bt_bumpgo/cmake/br2_bt_bumpgoConfig-version.cmake
[1.044s] -- Up-to-date symlink: /home/raul/bookros2_ws/install/br2_bt_bumpgo/share/br2_bt_bumpgo/package.xml
[1.109s] Invoked command in '/home/raul/bookros2_ws/build/br2_bt_bumpgo' returned '0': CMAKE_PREFIX_PATH=${CMAKE_PREFIX_PATH}:/home/raul/bookros2_ws/install/ros2controlcli:/home/raul/bookros2_ws/install/launch_pal:/home/raul/bookros2_ws/install/br2_fsm_bumpgo_py:/opt/ros/foxy /usr/bin/cmake --install /home/raul/bookros2_ws/build/br2_bt_bumpgo
