[0.093s] Invoking command in '/home/raul/bookros2_ws/build/pointcloud_to_laserscan': CMAKE_PREFIX_PATH=${CMAKE_PREFIX_PATH}:/home/raul/bookros2_ws/install/ros2controlcli:/home/raul/bookros2_ws/install/launch_pal:/home/raul/bookros2_ws/install/br2_fsm_bumpgo_py:/opt/ros/foxy /usr/bin/cmake /home/raul/bookros2_ws/src/book_ros2/pointcloud_to_laserscan -DAMENT_CMAKE_SYMLINK_INSTALL=1 -DCMAKE_INSTALL_PREFIX=/home/raul/bookros2_ws/install/pointcloud_to_laserscan
[0.121s] -- Found ament_cmake: 0.9.11 (/opt/ros/foxy/share/ament_cmake/cmake)
[0.178s] -- Using PYTHON_EXECUTABLE: /usr/bin/python3
[0.549s] -- Override CMake install command with custom implementation using symlinks instead of copying resources
[0.555s] -- Found laser_geometry: 2.2.0 (/opt/ros/foxy/share/laser_geometry/cmake)
[0.562s] -- Found message_filters: 3.2.5 (/opt/ros/foxy/share/message_filters/cmake)
[0.569s] -- Found rclcpp: 2.4.2 (/opt/ros/foxy/share/rclcpp/cmake)
[0.655s] -- Using all available rosidl_typesupport_c: rosidl_typesupport_fastrtps_c;rosidl_typesupport_introspection_c
[0.659s] -- Found rosidl_adapter: 1.3.0 (/opt/ros/foxy/share/rosidl_adapter/cmake)
[0.972s] -- Using all available rosidl_typesupport_cpp: rosidl_typesupport_fastrtps_cpp;rosidl_typesupport_introspection_cpp
[1.068s] -- Found rmw_implementation_cmake: 1.0.3 (/opt/ros/foxy/share/rmw_implementation_cmake/cmake)
[1.076s] -- Using RMW implementation 'rmw_fastrtps_cpp' as default
[1.281s] -- Found rclcpp_components: 2.4.2 (/opt/ros/foxy/share/rclcpp_components/cmake)
[1.369s] -- Found sensor_msgs: 2.0.5 (/opt/ros/foxy/share/sensor_msgs/cmake)
[1.518s] -- Found tf2: 0.13.13 (/opt/ros/foxy/share/tf2/cmake)
[1.529s] -- Found tf2_ros: 0.13.13 (/opt/ros/foxy/share/tf2_ros/cmake)
[2.040s] -- Found tf2_sensor_msgs: 0.13.13 (/opt/ros/foxy/share/tf2_sensor_msgs/cmake)
[2.068s] -- Found ament_lint_auto: 0.9.7 (/opt/ros/foxy/share/ament_lint_auto/cmake)
[2.230s] -- Added test 'cppcheck' to perform static code analysis on C / C++ code
[2.231s] -- Configured cppcheck include dirs: $<BUILD_INTERFACE:/home/raul/bookros2_ws/src/book_ros2/pointcloud_to_laserscan/include>
[2.231s] -- Configured cppcheck exclude dirs and/or files: 
[2.233s] -- Added test 'cpplint' to check C / C++ code against the Google style
[2.233s] -- Configured cpplint exclude dirs and/or files: 
[2.237s] -- Added test 'flake8' to check Python code syntax and style conventions
[2.237s] -- Added test 'lint_cmake' to check CMake code style
[2.237s] -- Added test 'pep257' to check Python code against some of the style conventions in PEP 257
[2.248s] -- Added test 'uncrustify' to check C / C++ code style
[2.248s] -- Configured uncrustify additional arguments: 
[2.249s] -- Added test 'xmllint' to check XML markup files
[2.261s] -- Configuring done
[2.261s] CMake Error at CMakeLists.txt:15 (add_library):
[2.262s]   Target "laserscan_to_pointcloud" links to target
[2.262s]   "rclcpp_components::component" but the target was not found.  Perhaps a
[2.262s]   find_package() call is missing for an IMPORTED target, or an ALIAS target
[2.263s]   is missing?
[2.263s] 
[2.263s] 
[2.263s] CMake Error at CMakeLists.txt:15 (add_library):
[2.264s]   Target "laserscan_to_pointcloud" links to target
[2.264s]   "tf2_sensor_msgs::tf2_sensor_msgs" but the target was not found.  Perhaps a
[2.264s]   find_package() call is missing for an IMPORTED target, or an ALIAS target
[2.264s]   is missing?
[2.265s] 
[2.265s] 
[2.265s] CMake Error at CMakeLists.txt:36 (add_library):
[2.266s]   Target "pointcloud_to_laserscan" links to target
[2.266s]   "rclcpp_components::component" but the target was not found.  Perhaps a
[2.266s]   find_package() call is missing for an IMPORTED target, or an ALIAS target
[2.266s]   is missing?
[2.267s] 
[2.267s] 
[2.271s] CMake Error at CMakeLists.txt:36 (add_library):
[2.271s]   Target "pointcloud_to_laserscan" links to target
[2.271s]   "tf2_sensor_msgs::tf2_sensor_msgs" but the target was not found.  Perhaps a
[2.271s]   find_package() call is missing for an IMPORTED target, or an ALIAS target
[2.272s]   is missing?
[2.272s] 
[2.272s] 
[2.306s] CMake Generate step failed.  Build files cannot be regenerated correctly.
[2.311s] -- Generating done
[2.392s] Invoked command in '/home/raul/bookros2_ws/build/pointcloud_to_laserscan' returned '1': CMAKE_PREFIX_PATH=${CMAKE_PREFIX_PATH}:/home/raul/bookros2_ws/install/ros2controlcli:/home/raul/bookros2_ws/install/launch_pal:/home/raul/bookros2_ws/install/br2_fsm_bumpgo_py:/opt/ros/foxy /usr/bin/cmake /home/raul/bookros2_ws/src/book_ros2/pointcloud_to_laserscan -DAMENT_CMAKE_SYMLINK_INSTALL=1 -DCMAKE_INSTALL_PREFIX=/home/raul/bookros2_ws/install/pointcloud_to_laserscan
