[0.154s] Invoking command in '/home/raul/bookros2_ws/build/br2_vff_avoidance': CMAKE_PREFIX_PATH=${CMAKE_PREFIX_PATH}:/home/raul/bookros2_ws/install/ros2controlcli:/home/raul/bookros2_ws/install/launch_pal:/home/raul/bookros2_ws/install/br2_fsm_bumpgo_py:/opt/ros/foxy /usr/bin/cmake --build /home/raul/bookros2_ws/build/br2_vff_avoidance -- -j8 -l8
[0.362s] [ 20%] Built target gtest
[0.363s] [ 40%] Built target gtest_main
[0.388s] [ 60%] Built target br2_vff_avoidance
[0.583s] [ 80%] Built target avoidance_vff
[0.614s] [100%] Built target vff_test
[0.669s] Invoked command in '/home/raul/bookros2_ws/build/br2_vff_avoidance' returned '0': CMAKE_PREFIX_PATH=${CMAKE_PREFIX_PATH}:/home/raul/bookros2_ws/install/ros2controlcli:/home/raul/bookros2_ws/install/launch_pal:/home/raul/bookros2_ws/install/br2_fsm_bumpgo_py:/opt/ros/foxy /usr/bin/cmake --build /home/raul/bookros2_ws/build/br2_vff_avoidance -- -j8 -l8
[1.011s] Invoking command in '/home/raul/bookros2_ws/build/br2_vff_avoidance': CMAKE_PREFIX_PATH=${CMAKE_PREFIX_PATH}:/home/raul/bookros2_ws/install/ros2controlcli:/home/raul/bookros2_ws/install/launch_pal:/home/raul/bookros2_ws/install/br2_fsm_bumpgo_py:/opt/ros/foxy /usr/bin/cmake --install /home/raul/bookros2_ws/build/br2_vff_avoidance
[1.039s] -- Install configuration: "Debug"
[1.039s] -- Execute custom install script
[1.039s] -- Up-to-date symlink: /home/raul/bookros2_ws/install/br2_vff_avoidance/lib/libbr2_vff_avoidance.so
[1.039s] -- Up-to-date symlink: /home/raul/bookros2_ws/install/br2_vff_avoidance/lib/br2_vff_avoidance/avoidance_vff
[1.039s] -- Up-to-date symlink: /home/raul/bookros2_ws/install/br2_vff_avoidance/share/br2_vff_avoidance/launch/avoidance_vff.launch.py
[1.040s] -- Up-to-date symlink: /home/raul/bookros2_ws/install/br2_vff_avoidance/share/ament_index/resource_index/package_run_dependencies/br2_vff_avoidance
[1.040s] -- Up-to-date symlink: /home/raul/bookros2_ws/install/br2_vff_avoidance/share/ament_index/resource_index/parent_prefix_path/br2_vff_avoidance
[1.040s] -- Up-to-date symlink: /home/raul/bookros2_ws/install/br2_vff_avoidance/share/br2_vff_avoidance/environment/ament_prefix_path.sh
[1.040s] -- Up-to-date symlink: /home/raul/bookros2_ws/install/br2_vff_avoidance/share/br2_vff_avoidance/environment/ament_prefix_path.dsv
[1.040s] -- Up-to-date symlink: /home/raul/bookros2_ws/install/br2_vff_avoidance/share/br2_vff_avoidance/environment/path.sh
[1.040s] -- Up-to-date symlink: /home/raul/bookros2_ws/install/br2_vff_avoidance/share/br2_vff_avoidance/environment/path.dsv
[1.040s] -- Up-to-date symlink: /home/raul/bookros2_ws/install/br2_vff_avoidance/share/br2_vff_avoidance/local_setup.bash
[1.040s] -- Up-to-date symlink: /home/raul/bookros2_ws/install/br2_vff_avoidance/share/br2_vff_avoidance/local_setup.sh
[1.041s] -- Up-to-date symlink: /home/raul/bookros2_ws/install/br2_vff_avoidance/share/br2_vff_avoidance/local_setup.zsh
[1.041s] -- Up-to-date symlink: /home/raul/bookros2_ws/install/br2_vff_avoidance/share/br2_vff_avoidance/local_setup.dsv
[1.041s] -- Symlinking: /home/raul/bookros2_ws/install/br2_vff_avoidance/share/br2_vff_avoidance/package.dsv
[1.090s] -- Up-to-date symlink: /home/raul/bookros2_ws/install/br2_vff_avoidance/share/ament_index/resource_index/packages/br2_vff_avoidance
[1.090s] -- Up-to-date symlink: /home/raul/bookros2_ws/install/br2_vff_avoidance/share/br2_vff_avoidance/cmake/ament_cmake_export_dependencies-extras.cmake
[1.090s] -- Up-to-date symlink: /home/raul/bookros2_ws/install/br2_vff_avoidance/share/br2_vff_avoidance/cmake/br2_vff_avoidanceConfig.cmake
[1.090s] -- Up-to-date symlink: /home/raul/bookros2_ws/install/br2_vff_avoidance/share/br2_vff_avoidance/cmake/br2_vff_avoidanceConfig-version.cmake
[1.090s] -- Up-to-date symlink: /home/raul/bookros2_ws/install/br2_vff_avoidance/share/br2_vff_avoidance/package.xml
[1.108s] Invoked command in '/home/raul/bookros2_ws/build/br2_vff_avoidance' returned '0': CMAKE_PREFIX_PATH=${CMAKE_PREFIX_PATH}:/home/raul/bookros2_ws/install/ros2controlcli:/home/raul/bookros2_ws/install/launch_pal:/home/raul/bookros2_ws/install/br2_fsm_bumpgo_py:/opt/ros/foxy /usr/bin/cmake --install /home/raul/bookros2_ws/build/br2_vff_avoidance
