[0.087s] Invoking command in '/home/raul/bookros2_ws/build/pointcloud_to_laserscan': CMAKE_PREFIX_PATH=${CMAKE_PREFIX_PATH}:/home/raul/bookros2_ws/install/ros2controlcli:/home/raul/bookros2_ws/install/launch_pal:/home/raul/bookros2_ws/install/br2_fsm_bumpgo_py:/opt/ros/foxy /usr/bin/cmake --build /home/raul/bookros2_ws/build/pointcloud_to_laserscan -- -j8 -l8
[0.239s] [ 20%] Built target laserscan_to_pointcloud_node
[0.250s] [ 40%] Built target pointcloud_to_laserscan_node
[0.260s] [ 60%] Built target laserscan_to_pointcloud
[0.272s] [ 80%] Built target pointcloud_to_laserscan
[0.285s] [100%] Built target dummy_pointcloud_publisher
[0.391s] Invoked command in '/home/raul/bookros2_ws/build/pointcloud_to_laserscan' returned '0': CMAKE_PREFIX_PATH=${CMAKE_PREFIX_PATH}:/home/raul/bookros2_ws/install/ros2controlcli:/home/raul/bookros2_ws/install/launch_pal:/home/raul/bookros2_ws/install/br2_fsm_bumpgo_py:/opt/ros/foxy /usr/bin/cmake --build /home/raul/bookros2_ws/build/pointcloud_to_laserscan -- -j8 -l8
[0.622s] Invoking command in '/home/raul/bookros2_ws/build/pointcloud_to_laserscan': CMAKE_PREFIX_PATH=${CMAKE_PREFIX_PATH}:/home/raul/bookros2_ws/install/ros2controlcli:/home/raul/bookros2_ws/install/launch_pal:/home/raul/bookros2_ws/install/br2_fsm_bumpgo_py:/opt/ros/foxy /usr/bin/cmake --install /home/raul/bookros2_ws/build/pointcloud_to_laserscan
[0.683s] -- Install configuration: ""
[0.683s] -- Execute custom install script
[0.683s] -- Up-to-date symlink: /home/raul/bookros2_ws/install/pointcloud_to_laserscan/lib/pointcloud_to_laserscan/laserscan_to_pointcloud_node
[0.683s] -- Up-to-date symlink: /home/raul/bookros2_ws/install/pointcloud_to_laserscan/lib/pointcloud_to_laserscan/pointcloud_to_laserscan_node
[0.683s] -- Up-to-date symlink: /home/raul/bookros2_ws/install/pointcloud_to_laserscan/lib/liblaserscan_to_pointcloud.so
[0.684s] -- Up-to-date symlink: /home/raul/bookros2_ws/install/pointcloud_to_laserscan/lib/libpointcloud_to_laserscan.so
[0.684s] -- Up-to-date symlink: /home/raul/bookros2_ws/install/pointcloud_to_laserscan/lib/pointcloud_to_laserscan/dummy_pointcloud_publisher
[0.684s] -- Up-to-date symlink: /home/raul/bookros2_ws/install/pointcloud_to_laserscan/include/include/pointcloud_to_laserscan/laserscan_to_pointcloud_node.hpp
[0.684s] -- Up-to-date symlink: /home/raul/bookros2_ws/install/pointcloud_to_laserscan/include/include/pointcloud_to_laserscan/pointcloud_to_laserscan_node.hpp
[0.686s] -- Up-to-date symlink: /home/raul/bookros2_ws/install/pointcloud_to_laserscan/include/include/pointcloud_to_laserscan/visibility_control.h
[0.691s] -- Up-to-date symlink: /home/raul/bookros2_ws/install/pointcloud_to_laserscan/share/pointcloud_to_laserscan/launch/sample_laserscan_to_pointcloud_launch.py
[0.691s] -- Up-to-date symlink: /home/raul/bookros2_ws/install/pointcloud_to_laserscan/share/pointcloud_to_laserscan/launch/sample_pointcloud_to_laserscan_launch.py
[0.691s] -- Up-to-date symlink: /home/raul/bookros2_ws/install/pointcloud_to_laserscan/share/ament_index/resource_index/package_run_dependencies/pointcloud_to_laserscan
[0.691s] -- Up-to-date symlink: /home/raul/bookros2_ws/install/pointcloud_to_laserscan/share/ament_index/resource_index/parent_prefix_path/pointcloud_to_laserscan
[0.691s] -- Up-to-date symlink: /home/raul/bookros2_ws/install/pointcloud_to_laserscan/share/pointcloud_to_laserscan/environment/ament_prefix_path.sh
[0.692s] -- Up-to-date symlink: /home/raul/bookros2_ws/install/pointcloud_to_laserscan/share/pointcloud_to_laserscan/environment/ament_prefix_path.dsv
[0.692s] -- Up-to-date symlink: /home/raul/bookros2_ws/install/pointcloud_to_laserscan/share/pointcloud_to_laserscan/environment/path.sh
[0.692s] -- Up-to-date symlink: /home/raul/bookros2_ws/install/pointcloud_to_laserscan/share/pointcloud_to_laserscan/environment/path.dsv
[0.692s] -- Up-to-date symlink: /home/raul/bookros2_ws/install/pointcloud_to_laserscan/share/pointcloud_to_laserscan/local_setup.bash
[0.692s] -- Up-to-date symlink: /home/raul/bookros2_ws/install/pointcloud_to_laserscan/share/pointcloud_to_laserscan/local_setup.sh
[0.693s] -- Up-to-date symlink: /home/raul/bookros2_ws/install/pointcloud_to_laserscan/share/pointcloud_to_laserscan/local_setup.zsh
[0.693s] -- Up-to-date symlink: /home/raul/bookros2_ws/install/pointcloud_to_laserscan/share/pointcloud_to_laserscan/local_setup.dsv
[0.694s] -- Symlinking: /home/raul/bookros2_ws/install/pointcloud_to_laserscan/share/pointcloud_to_laserscan/package.dsv
[0.695s] -- Up-to-date symlink: /home/raul/bookros2_ws/install/pointcloud_to_laserscan/share/ament_index/resource_index/packages/pointcloud_to_laserscan
[0.696s] -- Up-to-date symlink: /home/raul/bookros2_ws/install/pointcloud_to_laserscan/share/ament_index/resource_index/rclcpp_components/pointcloud_to_laserscan
[0.696s] -- Up-to-date symlink: /home/raul/bookros2_ws/install/pointcloud_to_laserscan/share/pointcloud_to_laserscan/cmake/pointcloud_to_laserscanConfig.cmake
[0.697s] -- Up-to-date symlink: /home/raul/bookros2_ws/install/pointcloud_to_laserscan/share/pointcloud_to_laserscan/cmake/pointcloud_to_laserscanConfig-version.cmake
[0.698s] -- Up-to-date symlink: /home/raul/bookros2_ws/install/pointcloud_to_laserscan/share/pointcloud_to_laserscan/package.xml
[0.700s] Invoked command in '/home/raul/bookros2_ws/build/pointcloud_to_laserscan' returned '0': CMAKE_PREFIX_PATH=${CMAKE_PREFIX_PATH}:/home/raul/bookros2_ws/install/ros2controlcli:/home/raul/bookros2_ws/install/launch_pal:/home/raul/bookros2_ws/install/br2_fsm_bumpgo_py:/opt/ros/foxy /usr/bin/cmake --install /home/raul/bookros2_ws/build/pointcloud_to_laserscan
