[0.093s] Invoking command in '/home/raul/bookros2_ws/build/joint_state_broadcaster': AMENT_PREFIX_PATH=/home/raul/bookros2_ws/install/controller_manager:/home/raul/bookros2_ws/install/controller_interface:/home/raul/bookros2_ws/install/hardware_interface:/home/raul/bookros2_ws/install/ros2_control_test_assets:/home/raul/bookros2_ws/install/controller_manager_msgs:${AMENT_PREFIX_PATH} CMAKE_PREFIX_PATH=/home/raul/bookros2_ws/install/controller_manager:/home/raul/bookros2_ws/install/controller_interface:/home/raul/bookros2_ws/install/hardware_interface:/home/raul/bookros2_ws/install/ros2_control_test_assets:/home/raul/bookros2_ws/install/controller_manager_msgs:/opt/ros/foxy LD_LIBRARY_PATH=/home/raul/bookros2_ws/install/controller_manager/lib:/home/raul/bookros2_ws/install/controller_interface/lib:/home/raul/bookros2_ws/install/hardware_interface/lib:/home/raul/bookros2_ws/install/controller_manager_msgs/lib:${LD_LIBRARY_PATH} PYTHONPATH=/home/raul/bookros2_ws/install/controller_manager/lib/python3.8/site-packages:/home/raul/bookros2_ws/install/controller_manager_msgs/lib/python3.8/site-packages:${PYTHONPATH} /usr/bin/cmake /home/raul/bookros2_ws/src/ThirdParty/ros2_controllers/joint_state_broadcaster -DAMENT_CMAKE_SYMLINK_INSTALL=1 -DCMAKE_INSTALL_PREFIX=/home/raul/bookros2_ws/install/joint_state_broadcaster
[0.169s] -- The C compiler identification is GNU 9.4.0
[0.247s] -- The CXX compiler identification is GNU 9.4.0
[0.254s] -- Check for working C compiler: /usr/bin/cc
[0.361s] -- Check for working C compiler: /usr/bin/cc -- works
[0.363s] -- Detecting C compiler ABI info
[0.472s] -- Detecting C compiler ABI info - done
[0.489s] -- Detecting C compile features
[0.490s] -- Detecting C compile features - done
[0.493s] -- Check for working CXX compiler: /usr/bin/c++
[0.620s] -- Check for working CXX compiler: /usr/bin/c++ -- works
[0.622s] -- Detecting CXX compiler ABI info
[0.764s] -- Detecting CXX compiler ABI info - done
[0.784s] -- Detecting CXX compile features
[0.784s] -- Detecting CXX compile features - done
[0.788s] -- Found ament_cmake: 0.9.11 (/opt/ros/foxy/share/ament_cmake/cmake)
[0.826s] -- Found PythonInterp: /usr/bin/python3 (found suitable version "3.8.10", minimum required is "3") 
[0.826s] -- Using PYTHON_EXECUTABLE: /usr/bin/python3
[1.056s] -- Override CMake install command with custom implementation using symlinks instead of copying resources
[1.094s] -- Found control_msgs: 2.5.1 (/opt/ros/foxy/share/control_msgs/cmake)
[1.148s] -- Using all available rosidl_typesupport_c: rosidl_typesupport_fastrtps_c;rosidl_typesupport_introspection_c
[1.163s] -- Found rosidl_adapter: 1.3.0 (/opt/ros/foxy/share/rosidl_adapter/cmake)
[1.317s] -- Found OpenSSL: /usr/lib/x86_64-linux-gnu/libcrypto.so (found version "1.1.1f")  
[1.361s] -- Found FastRTPS: /opt/ros/foxy/include  
[1.471s] -- Using all available rosidl_typesupport_cpp: rosidl_typesupport_fastrtps_cpp;rosidl_typesupport_introspection_cpp
[2.107s] -- Found controller_interface: 0.7.1 (/home/raul/bookros2_ws/install/controller_interface/share/controller_interface/cmake)
[2.252s] -- Found rmw_implementation_cmake: 1.0.3 (/opt/ros/foxy/share/rmw_implementation_cmake/cmake)
[2.254s] -- Using RMW implementation 'rmw_fastrtps_cpp' as default
[2.255s] -- Looking for pthread.h
[2.361s] -- Looking for pthread.h - found
[2.361s] -- Performing Test CMAKE_HAVE_LIBC_PTHREAD
[2.479s] -- Performing Test CMAKE_HAVE_LIBC_PTHREAD - Failed
[2.480s] -- Looking for pthread_create in pthreads
[2.573s] -- Looking for pthread_create in pthreads - not found
[2.573s] -- Looking for pthread_create in pthread
[2.700s] -- Looking for pthread_create in pthread - found
[2.701s] -- Found Threads: TRUE  
[3.083s] -- Found ament_cmake_gmock: 0.9.11 (/opt/ros/foxy/share/ament_cmake_gmock/cmake)
[3.086s] -- Found ament_lint_auto: 0.9.7 (/opt/ros/foxy/share/ament_lint_auto/cmake)
[3.088s] -- Found controller_manager: 0.7.1 (/home/raul/bookros2_ws/install/controller_manager/share/controller_manager/cmake)
[3.163s] -- Found ros2_control_test_assets: 0.7.1 (/home/raul/bookros2_ws/install/ros2_control_test_assets/share/ros2_control_test_assets/cmake)
[3.279s] -- Found gmock sources under '/opt/ros/foxy/src/gmock_vendor': C++ tests using 'Google Mock' will be built
[3.285s] -- Found ament_cmake_gtest: 0.9.11 (/opt/ros/foxy/share/ament_cmake_gtest/cmake)
[3.287s] -- Found gtest sources under '/opt/ros/foxy/src/gtest_vendor': C++ tests using 'Google Test' will be built
[3.392s] -- Added test 'copyright' to check source files copyright and LICENSE
[3.395s] -- Added test 'cppcheck' to perform static code analysis on C / C++ code
[3.396s] -- Configured cppcheck include dirs: /home/raul/bookros2_ws/src/ThirdParty/ros2_controllers/joint_state_broadcaster/include
[3.396s] -- Configured cppcheck exclude dirs and/or files: 
[3.397s] -- Added test 'cpplint' to check C / C++ code against the Google style
[3.397s] -- Configured cpplint exclude dirs and/or files: 
[3.398s] -- Added test 'lint_cmake' to check CMake code style
[3.400s] -- Added test 'uncrustify' to check C / C++ code style
[3.400s] -- Configured uncrustify additional arguments: 
[3.401s] -- Added test 'xmllint' to check XML markup files
[3.409s] -- Configuring done
[3.493s] -- Generating done
[3.496s] -- Build files have been written to: /home/raul/bookros2_ws/build/joint_state_broadcaster
[3.513s] Invoked command in '/home/raul/bookros2_ws/build/joint_state_broadcaster' returned '0': AMENT_PREFIX_PATH=/home/raul/bookros2_ws/install/controller_manager:/home/raul/bookros2_ws/install/controller_interface:/home/raul/bookros2_ws/install/hardware_interface:/home/raul/bookros2_ws/install/ros2_control_test_assets:/home/raul/bookros2_ws/install/controller_manager_msgs:${AMENT_PREFIX_PATH} CMAKE_PREFIX_PATH=/home/raul/bookros2_ws/install/controller_manager:/home/raul/bookros2_ws/install/controller_interface:/home/raul/bookros2_ws/install/hardware_interface:/home/raul/bookros2_ws/install/ros2_control_test_assets:/home/raul/bookros2_ws/install/controller_manager_msgs:/opt/ros/foxy LD_LIBRARY_PATH=/home/raul/bookros2_ws/install/controller_manager/lib:/home/raul/bookros2_ws/install/controller_interface/lib:/home/raul/bookros2_ws/install/hardware_interface/lib:/home/raul/bookros2_ws/install/controller_manager_msgs/lib:${LD_LIBRARY_PATH} PYTHONPATH=/home/raul/bookros2_ws/install/controller_manager/lib/python3.8/site-packages:/home/raul/bookros2_ws/install/controller_manager_msgs/lib/python3.8/site-packages:${PYTHONPATH} /usr/bin/cmake /home/raul/bookros2_ws/src/ThirdParty/ros2_controllers/joint_state_broadcaster -DAMENT_CMAKE_SYMLINK_INSTALL=1 -DCMAKE_INSTALL_PREFIX=/home/raul/bookros2_ws/install/joint_state_broadcaster
[3.517s] Invoking command in '/home/raul/bookros2_ws/build/joint_state_broadcaster': AMENT_PREFIX_PATH=/home/raul/bookros2_ws/install/controller_manager:/home/raul/bookros2_ws/install/controller_interface:/home/raul/bookros2_ws/install/hardware_interface:/home/raul/bookros2_ws/install/ros2_control_test_assets:/home/raul/bookros2_ws/install/controller_manager_msgs:${AMENT_PREFIX_PATH} CMAKE_PREFIX_PATH=/home/raul/bookros2_ws/install/controller_manager:/home/raul/bookros2_ws/install/controller_interface:/home/raul/bookros2_ws/install/hardware_interface:/home/raul/bookros2_ws/install/ros2_control_test_assets:/home/raul/bookros2_ws/install/controller_manager_msgs:/opt/ros/foxy LD_LIBRARY_PATH=/home/raul/bookros2_ws/install/controller_manager/lib:/home/raul/bookros2_ws/install/controller_interface/lib:/home/raul/bookros2_ws/install/hardware_interface/lib:/home/raul/bookros2_ws/install/controller_manager_msgs/lib:${LD_LIBRARY_PATH} PYTHONPATH=/home/raul/bookros2_ws/install/controller_manager/lib/python3.8/site-packages:/home/raul/bookros2_ws/install/controller_manager_msgs/lib/python3.8/site-packages:${PYTHONPATH} /usr/bin/cmake --build /home/raul/bookros2_ws/build/joint_state_broadcaster -- -j8 -l8
[3.826s] [35m[1mScanning dependencies of target gmock[0m
[3.826s] [35m[1mScanning dependencies of target joint_state_broadcaster[0m
[3.826s] [35m[1mScanning dependencies of target gmock_main[0m
[3.826s] [  9%] [32mBuilding CXX object gmock/CMakeFiles/gmock.dir/opt/ros/foxy/src/gtest_vendor/src/gtest-all.cc.o[0m
[3.827s] [ 18%] [32mBuilding CXX object gmock/CMakeFiles/gmock_main.dir/src/gmock_main.cc.o[0m
[3.827s] [ 27%] [32mBuilding CXX object gmock/CMakeFiles/gmock.dir/src/gmock-all.cc.o[0m
[3.827s] [ 36%] [32mBuilding CXX object CMakeFiles/joint_state_broadcaster.dir/src/joint_state_broadcaster.cpp.o[0m
[6.295s] [ 45%] [32m[1mLinking CXX static library libgmock_main.a[0m
[6.521s] [ 45%] Built target gmock_main
[13.370s] [ 54%] [32m[1mLinking CXX static library libgmock.a[0m
[13.640s] [ 54%] Built target gmock
[13.756s] [35m[1mScanning dependencies of target test_load_joint_state_broadcaster[0m
[13.905s] [ 63%] [32mBuilding CXX object CMakeFiles/test_load_joint_state_broadcaster.dir/test/test_load_joint_state_broadcaster.cpp.o[0m
[13.924s] [ 72%] [32m[1mLinking CXX shared library libjoint_state_broadcaster.so[0m
[14.380s] [ 72%] Built target joint_state_broadcaster
[14.451s] [35m[1mScanning dependencies of target test_joint_state_broadcaster[0m
[14.603s] [ 81%] [32mBuilding CXX object CMakeFiles/test_joint_state_broadcaster.dir/test/test_joint_state_broadcaster.cpp.o[0m
[33.232s] [ 90%] [32m[1mLinking CXX executable test_load_joint_state_broadcaster[0m
[34.238s] [ 90%] Built target test_load_joint_state_broadcaster
[41.449s] [100%] [32m[1mLinking CXX executable test_joint_state_broadcaster[0m
[42.238s] [100%] Built target test_joint_state_broadcaster
