-- Install configuration: ""
-- Execute custom install script
-- Up-to-date symlink: /home/raul/bookros2_ws/install/tiago_gazebo/lib/tiago_gazebo/tuck_arm.py
-- Up-to-date symlink: /home/raul/bookros2_ws/install/tiago_gazebo/share/tiago_gazebo/launch/simulation_tiago_bringup.launch
-- Up-to-date symlink: /home/raul/bookros2_ws/install/tiago_gazebo/share/tiago_gazebo/launch/tiago_gazebo.launch
-- Up-to-date symlink: /home/raul/bookros2_ws/install/tiago_gazebo/share/tiago_gazebo/launch/tiago_gazebo.launch.py
-- Up-to-date symlink: /home/raul/bookros2_ws/install/tiago_gazebo/share/tiago_gazebo/launch/tiago_spawn.launch
-- Up-to-date symlink: /home/raul/bookros2_ws/install/tiago_gazebo/share/tiago_gazebo/launch/tiago_spawn.launch.py
-- Up-to-date symlink: /home/raul/bookros2_ws/install/tiago_gazebo/share/tiago_gazebo/models/arm_chair/arm_chair.sdf
-- Up-to-date symlink: /home/raul/bookros2_ws/install/tiago_gazebo/share/tiago_gazebo/models/arm_chair/meshes/arm_chair.stl
-- Up-to-date symlink: /home/raul/bookros2_ws/install/tiago_gazebo/share/tiago_gazebo/models/arm_chair/model.config
-- Up-to-date symlink: /home/raul/bookros2_ws/install/tiago_gazebo/share/tiago_gazebo/models/aruco_board/aruco_board.sdf
-- Up-to-date symlink: /home/raul/bookros2_ws/install/tiago_gazebo/share/tiago_gazebo/models/aruco_board/material/scripts/aruco_board.material
-- Up-to-date symlink: /home/raul/bookros2_ws/install/tiago_gazebo/share/tiago_gazebo/models/aruco_board/material/textures/aruco_board.png
-- Up-to-date symlink: /home/raul/bookros2_ws/install/tiago_gazebo/share/tiago_gazebo/models/aruco_board/model.config
-- Up-to-date symlink: /home/raul/bookros2_ws/install/tiago_gazebo/share/tiago_gazebo/models/aruco_cube/aruco_cube.sdf
-- Up-to-date symlink: /home/raul/bookros2_ws/install/tiago_gazebo/share/tiago_gazebo/models/aruco_cube/meshes/aruco_cube_5cm.dae
-- Up-to-date symlink: /home/raul/bookros2_ws/install/tiago_gazebo/share/tiago_gazebo/models/aruco_cube/meshes/aruco_cube_6cm.dae
-- Up-to-date symlink: /home/raul/bookros2_ws/install/tiago_gazebo/share/tiago_gazebo/models/aruco_cube/meshes/aruco_cube_8cm.dae
-- Up-to-date symlink: /home/raul/bookros2_ws/install/tiago_gazebo/share/tiago_gazebo/models/aruco_cube/meshes/marker582.png
-- Up-to-date symlink: /home/raul/bookros2_ws/install/tiago_gazebo/share/tiago_gazebo/models/aruco_cube/meshes/marker582_small_margin.png
-- Up-to-date symlink: /home/raul/bookros2_ws/install/tiago_gazebo/share/tiago_gazebo/models/aruco_cube/model.config
-- Up-to-date symlink: /home/raul/bookros2_ws/install/tiago_gazebo/share/tiago_gazebo/models/bench/bench.sdf
-- Up-to-date symlink: /home/raul/bookros2_ws/install/tiago_gazebo/share/tiago_gazebo/models/bench/meshes/bench.stl
-- Up-to-date symlink: /home/raul/bookros2_ws/install/tiago_gazebo/share/tiago_gazebo/models/bench/model.config
-- Up-to-date symlink: /home/raul/bookros2_ws/install/tiago_gazebo/share/tiago_gazebo/models/bifrutas_tropical_can/bifrutas_tropical_can.sdf
-- Up-to-date symlink: /home/raul/bookros2_ws/install/tiago_gazebo/share/tiago_gazebo/models/bifrutas_tropical_can/material/scripts/bifrutas_tropical_can.material
-- Up-to-date symlink: /home/raul/bookros2_ws/install/tiago_gazebo/share/tiago_gazebo/models/bifrutas_tropical_can/material/textures/bifrutas_tropical_can.jpg
-- Up-to-date symlink: /home/raul/bookros2_ws/install/tiago_gazebo/share/tiago_gazebo/models/bifrutas_tropical_can/model.config
-- Up-to-date symlink: /home/raul/bookros2_ws/install/tiago_gazebo/share/tiago_gazebo/models/biscuits_pack/biscuits_pack.sdf
-- Up-to-date symlink: /home/raul/bookros2_ws/install/tiago_gazebo/share/tiago_gazebo/models/biscuits_pack/material/scripts/pringles.material
-- Up-to-date symlink: /home/raul/bookros2_ws/install/tiago_gazebo/share/tiago_gazebo/models/biscuits_pack/material/textures/biscuits_pack.jpg
-- Up-to-date symlink: /home/raul/bookros2_ws/install/tiago_gazebo/share/tiago_gazebo/models/biscuits_pack/model.config
-- Up-to-date symlink: /home/raul/bookros2_ws/install/tiago_gazebo/share/tiago_gazebo/models/brick_box_3x1x3/materials/scripts/brick_box.material
-- Up-to-date symlink: /home/raul/bookros2_ws/install/tiago_gazebo/share/tiago_gazebo/models/brick_box_3x1x3/materials/textures/simple_box.png
-- Up-to-date symlink: /home/raul/bookros2_ws/install/tiago_gazebo/share/tiago_gazebo/models/brick_box_3x1x3/meshes/simple_box.dae
-- Up-to-date symlink: /home/raul/bookros2_ws/install/tiago_gazebo/share/tiago_gazebo/models/brick_box_3x1x3/model-1_3.sdf
-- Up-to-date symlink: /home/raul/bookros2_ws/install/tiago_gazebo/share/tiago_gazebo/models/brick_box_3x1x3/model-1_4.sdf
-- Up-to-date symlink: /home/raul/bookros2_ws/install/tiago_gazebo/share/tiago_gazebo/models/brick_box_3x1x3/model.config
-- Up-to-date symlink: /home/raul/bookros2_ws/install/tiago_gazebo/share/tiago_gazebo/models/brick_box_3x1x3/model.sdf
-- Up-to-date symlink: /home/raul/bookros2_ws/install/tiago_gazebo/share/tiago_gazebo/models/citizen_extras_female_02/images/_01_-_Default1noCulling.JPG
-- Up-to-date symlink: /home/raul/bookros2_ws/install/tiago_gazebo/share/tiago_gazebo/models/citizen_extras_female_02/images/_02_-_Default1noCulling.JPG
-- Up-to-date symlink: /home/raul/bookros2_ws/install/tiago_gazebo/share/tiago_gazebo/models/citizen_extras_female_02/images/_03_-_Default1noCulling.JPG
-- Up-to-date symlink: /home/raul/bookros2_ws/install/tiago_gazebo/share/tiago_gazebo/models/citizen_extras_female_02/meshes/mesh.dae
-- Up-to-date symlink: /home/raul/bookros2_ws/install/tiago_gazebo/share/tiago_gazebo/models/citizen_extras_female_02/model.config
-- Up-to-date symlink: /home/raul/bookros2_ws/install/tiago_gazebo/share/tiago_gazebo/models/citizen_extras_female_02/model.sdf
-- Up-to-date symlink: /home/raul/bookros2_ws/install/tiago_gazebo/share/tiago_gazebo/models/citizen_extras_female_03/images/Material__1noCulling.JPG
-- Up-to-date symlink: /home/raul/bookros2_ws/install/tiago_gazebo/share/tiago_gazebo/models/citizen_extras_female_03/images/Material__2noCulling.JPG
-- Up-to-date symlink: /home/raul/bookros2_ws/install/tiago_gazebo/share/tiago_gazebo/models/citizen_extras_female_03/images/_03_-_Default1noCulling.JPG
-- Up-to-date symlink: /home/raul/bookros2_ws/install/tiago_gazebo/share/tiago_gazebo/models/citizen_extras_female_03/meshes/mesh.dae
-- Up-to-date symlink: /home/raul/bookros2_ws/install/tiago_gazebo/share/tiago_gazebo/models/citizen_extras_female_03/model.config
-- Up-to-date symlink: /home/raul/bookros2_ws/install/tiago_gazebo/share/tiago_gazebo/models/citizen_extras_female_03/model.sdf
-- Up-to-date symlink: /home/raul/bookros2_ws/install/tiago_gazebo/share/tiago_gazebo/models/citizen_extras_male_03/images/Material__1noCulling.JPG
-- Up-to-date symlink: /home/raul/bookros2_ws/install/tiago_gazebo/share/tiago_gazebo/models/citizen_extras_male_03/images/hair1noCulling.JPG
-- Up-to-date symlink: /home/raul/bookros2_ws/install/tiago_gazebo/share/tiago_gazebo/models/citizen_extras_male_03/images/hrad1noCulling.JPG
-- Up-to-date symlink: /home/raul/bookros2_ws/install/tiago_gazebo/share/tiago_gazebo/models/citizen_extras_male_03/meshes/mesh.dae
-- Up-to-date symlink: /home/raul/bookros2_ws/install/tiago_gazebo/share/tiago_gazebo/models/citizen_extras_male_03/model.config
-- Up-to-date symlink: /home/raul/bookros2_ws/install/tiago_gazebo/share/tiago_gazebo/models/citizen_extras_male_03/model.sdf
-- Up-to-date symlink: /home/raul/bookros2_ws/install/tiago_gazebo/share/tiago_gazebo/models/closet/closet.sdf
-- Up-to-date symlink: /home/raul/bookros2_ws/install/tiago_gazebo/share/tiago_gazebo/models/closet/meshes/closet.stl
-- Up-to-date symlink: /home/raul/bookros2_ws/install/tiago_gazebo/share/tiago_gazebo/models/closet/model.config
-- Up-to-date symlink: /home/raul/bookros2_ws/install/tiago_gazebo/share/tiago_gazebo/models/cocacola/cocacola.sdf
-- Up-to-date symlink: /home/raul/bookros2_ws/install/tiago_gazebo/share/tiago_gazebo/models/cocacola/material/scripts/cocacola.material
-- Up-to-date symlink: /home/raul/bookros2_ws/install/tiago_gazebo/share/tiago_gazebo/models/cocacola/material/textures/cocacola.jpg
-- Up-to-date symlink: /home/raul/bookros2_ws/install/tiago_gazebo/share/tiago_gazebo/models/cocacola/model.config
-- Up-to-date symlink: /home/raul/bookros2_ws/install/tiago_gazebo/share/tiago_gazebo/models/coke_can_slim/coke_can_slim.sdf
-- Up-to-date symlink: /home/raul/bookros2_ws/install/tiago_gazebo/share/tiago_gazebo/models/coke_can_slim/material/scripts/coke_can_slim.material
-- Up-to-date symlink: /home/raul/bookros2_ws/install/tiago_gazebo/share/tiago_gazebo/models/coke_can_slim/material/textures/coke_can_slim.jpg
-- Up-to-date symlink: /home/raul/bookros2_ws/install/tiago_gazebo/share/tiago_gazebo/models/coke_can_slim/model.config
-- Up-to-date symlink: /home/raul/bookros2_ws/install/tiago_gazebo/share/tiago_gazebo/models/database.config
-- Up-to-date symlink: /home/raul/bookros2_ws/install/tiago_gazebo/share/tiago_gazebo/models/dining_chair/dining_chair.sdf
-- Up-to-date symlink: /home/raul/bookros2_ws/install/tiago_gazebo/share/tiago_gazebo/models/dining_chair/meshes/dining_chair.stl
-- Up-to-date symlink: /home/raul/bookros2_ws/install/tiago_gazebo/share/tiago_gazebo/models/dining_chair/model.config
-- Up-to-date symlink: /home/raul/bookros2_ws/install/tiago_gazebo/share/tiago_gazebo/models/floor_lamp/floor_lamp.sdf
-- Up-to-date symlink: /home/raul/bookros2_ws/install/tiago_gazebo/share/tiago_gazebo/models/floor_lamp/meshes/floor_lamp.stl
-- Up-to-date symlink: /home/raul/bookros2_ws/install/tiago_gazebo/share/tiago_gazebo/models/floor_lamp/model.config
-- Up-to-date symlink: /home/raul/bookros2_ws/install/tiago_gazebo/share/tiago_gazebo/models/green_ball/materials/scripts/ball.material
-- Up-to-date symlink: /home/raul/bookros2_ws/install/tiago_gazebo/share/tiago_gazebo/models/green_ball/model.config
-- Up-to-date symlink: /home/raul/bookros2_ws/install/tiago_gazebo/share/tiago_gazebo/models/green_ball/model.sdf
-- Up-to-date symlink: /home/raul/bookros2_ws/install/tiago_gazebo/share/tiago_gazebo/models/green_cube/green_cube.sdf
-- Up-to-date symlink: /home/raul/bookros2_ws/install/tiago_gazebo/share/tiago_gazebo/models/green_cube/model.config
-- Up-to-date symlink: /home/raul/bookros2_ws/install/tiago_gazebo/share/tiago_gazebo/models/ground_plane/model-1_2.sdf
-- Up-to-date symlink: /home/raul/bookros2_ws/install/tiago_gazebo/share/tiago_gazebo/models/ground_plane/model-1_3.sdf
-- Up-to-date symlink: /home/raul/bookros2_ws/install/tiago_gazebo/share/tiago_gazebo/models/ground_plane/model-1_4.sdf
-- Up-to-date symlink: /home/raul/bookros2_ws/install/tiago_gazebo/share/tiago_gazebo/models/ground_plane/model.config
-- Up-to-date symlink: /home/raul/bookros2_ws/install/tiago_gazebo/share/tiago_gazebo/models/ground_plane/model.sdf
-- Up-to-date symlink: /home/raul/bookros2_ws/install/tiago_gazebo/share/tiago_gazebo/models/kitchen_chair/kitchen_chair.sdf
-- Up-to-date symlink: /home/raul/bookros2_ws/install/tiago_gazebo/share/tiago_gazebo/models/kitchen_chair/meshes/kitchen_chair.stl
-- Up-to-date symlink: /home/raul/bookros2_ws/install/tiago_gazebo/share/tiago_gazebo/models/kitchen_chair/model.config
-- Up-to-date symlink: /home/raul/bookros2_ws/install/tiago_gazebo/share/tiago_gazebo/models/kitchen_table/kitchen_table.sdf
-- Up-to-date symlink: /home/raul/bookros2_ws/install/tiago_gazebo/share/tiago_gazebo/models/kitchen_table/meshes/kitchen_table.stl
-- Up-to-date symlink: /home/raul/bookros2_ws/install/tiago_gazebo/share/tiago_gazebo/models/kitchen_table/model.config
-- Up-to-date symlink: /home/raul/bookros2_ws/install/tiago_gazebo/share/tiago_gazebo/models/lamp/lamp.sdf
-- Up-to-date symlink: /home/raul/bookros2_ws/install/tiago_gazebo/share/tiago_gazebo/models/lamp/meshes/lamp.stl
-- Up-to-date symlink: /home/raul/bookros2_ws/install/tiago_gazebo/share/tiago_gazebo/models/lamp/model.config
-- Up-to-date symlink: /home/raul/bookros2_ws/install/tiago_gazebo/share/tiago_gazebo/models/marker26_8cm/marker26_8cm.sdf
-- Up-to-date symlink: /home/raul/bookros2_ws/install/tiago_gazebo/share/tiago_gazebo/models/marker26_8cm/material/scripts/marker26_8cm.material
-- Up-to-date symlink: /home/raul/bookros2_ws/install/tiago_gazebo/share/tiago_gazebo/models/marker26_8cm/material/textures/aruco-26_8cm.png
-- Up-to-date symlink: /home/raul/bookros2_ws/install/tiago_gazebo/share/tiago_gazebo/models/marker26_8cm/model.config
-- Up-to-date symlink: /home/raul/bookros2_ws/install/tiago_gazebo/share/tiago_gazebo/models/pal_poster/material/scripts/pal_poster.material
-- Up-to-date symlink: /home/raul/bookros2_ws/install/tiago_gazebo/share/tiago_gazebo/models/pal_poster/material/textures/pal_poster.jpg
-- Up-to-date symlink: /home/raul/bookros2_ws/install/tiago_gazebo/share/tiago_gazebo/models/pal_poster/model.config
-- Up-to-date symlink: /home/raul/bookros2_ws/install/tiago_gazebo/share/tiago_gazebo/models/pal_poster/pal_poster.sdf
-- Up-to-date symlink: /home/raul/bookros2_ws/install/tiago_gazebo/share/tiago_gazebo/models/pringles/material/scripts/pringles.material
-- Up-to-date symlink: /home/raul/bookros2_ws/install/tiago_gazebo/share/tiago_gazebo/models/pringles/material/textures/pringles.jpg
-- Up-to-date symlink: /home/raul/bookros2_ws/install/tiago_gazebo/share/tiago_gazebo/models/pringles/model.config
-- Up-to-date symlink: /home/raul/bookros2_ws/install/tiago_gazebo/share/tiago_gazebo/models/pringles/pringles.sdf
-- Up-to-date symlink: /home/raul/bookros2_ws/install/tiago_gazebo/share/tiago_gazebo/models/pringles2/material/scripts/pringles2.material
-- Up-to-date symlink: /home/raul/bookros2_ws/install/tiago_gazebo/share/tiago_gazebo/models/pringles2/material/textures/pringles2.jpg
-- Up-to-date symlink: /home/raul/bookros2_ws/install/tiago_gazebo/share/tiago_gazebo/models/pringles2/model.config
-- Up-to-date symlink: /home/raul/bookros2_ws/install/tiago_gazebo/share/tiago_gazebo/models/pringles2/pringles2.sdf
-- Up-to-date symlink: /home/raul/bookros2_ws/install/tiago_gazebo/share/tiago_gazebo/models/reviews_table/meshes/reviews_table.stl
-- Up-to-date symlink: /home/raul/bookros2_ws/install/tiago_gazebo/share/tiago_gazebo/models/reviews_table/model.config
-- Up-to-date symlink: /home/raul/bookros2_ws/install/tiago_gazebo/share/tiago_gazebo/models/reviews_table/reviews_table.sdf
-- Up-to-date symlink: /home/raul/bookros2_ws/install/tiago_gazebo/share/tiago_gazebo/models/robocup_walls_70cm_doors/house_walls.sdf
-- Up-to-date symlink: /home/raul/bookros2_ws/install/tiago_gazebo/share/tiago_gazebo/models/robocup_walls_70cm_doors/meshes/robocup_house.stl
-- Up-to-date symlink: /home/raul/bookros2_ws/install/tiago_gazebo/share/tiago_gazebo/models/robocup_walls_70cm_doors/model.config
-- Up-to-date symlink: /home/raul/bookros2_ws/install/tiago_gazebo/share/tiago_gazebo/models/rockin_camp/README
-- Up-to-date symlink: /home/raul/bookros2_ws/install/tiago_gazebo/share/tiago_gazebo/models/rockin_camp/model.config
-- Up-to-date symlink: /home/raul/bookros2_ws/install/tiago_gazebo/share/tiago_gazebo/models/rockin_camp/model.sdf
-- Up-to-date symlink: /home/raul/bookros2_ws/install/tiago_gazebo/share/tiago_gazebo/models/rockin_camp/rockin_camp.png
-- Up-to-date symlink: /home/raul/bookros2_ws/install/tiago_gazebo/share/tiago_gazebo/models/sideboard/meshes/sideboard.stl
-- Up-to-date symlink: /home/raul/bookros2_ws/install/tiago_gazebo/share/tiago_gazebo/models/sideboard/model.config
-- Up-to-date symlink: /home/raul/bookros2_ws/install/tiago_gazebo/share/tiago_gazebo/models/sideboard/sideboard.sdf
-- Up-to-date symlink: /home/raul/bookros2_ws/install/tiago_gazebo/share/tiago_gazebo/models/sofa/meshes/sofa.stl
-- Up-to-date symlink: /home/raul/bookros2_ws/install/tiago_gazebo/share/tiago_gazebo/models/sofa/model.config
-- Up-to-date symlink: /home/raul/bookros2_ws/install/tiago_gazebo/share/tiago_gazebo/models/sofa/sofa.sdf
-- Up-to-date symlink: /home/raul/bookros2_ws/install/tiago_gazebo/share/tiago_gazebo/models/sprite/material/scripts/sprite.material
-- Up-to-date symlink: /home/raul/bookros2_ws/install/tiago_gazebo/share/tiago_gazebo/models/sprite/material/textures/sprite.jpg
-- Up-to-date symlink: /home/raul/bookros2_ws/install/tiago_gazebo/share/tiago_gazebo/models/sprite/model.config
-- Up-to-date symlink: /home/raul/bookros2_ws/install/tiago_gazebo/share/tiago_gazebo/models/sprite/sprite.sdf
-- Up-to-date symlink: /home/raul/bookros2_ws/install/tiago_gazebo/share/tiago_gazebo/models/sun/model-1_2.sdf
-- Up-to-date symlink: /home/raul/bookros2_ws/install/tiago_gazebo/share/tiago_gazebo/models/sun/model-1_3.sdf
-- Up-to-date symlink: /home/raul/bookros2_ws/install/tiago_gazebo/share/tiago_gazebo/models/sun/model-1_4.sdf
-- Up-to-date symlink: /home/raul/bookros2_ws/install/tiago_gazebo/share/tiago_gazebo/models/sun/model.config
-- Up-to-date symlink: /home/raul/bookros2_ws/install/tiago_gazebo/share/tiago_gazebo/models/sun/model.sdf
-- Up-to-date symlink: /home/raul/bookros2_ws/install/tiago_gazebo/share/tiago_gazebo/models/table_0m8/model.config
-- Up-to-date symlink: /home/raul/bookros2_ws/install/tiago_gazebo/share/tiago_gazebo/models/table_0m8/table.sdf
-- Up-to-date symlink: /home/raul/bookros2_ws/install/tiago_gazebo/share/tiago_gazebo/models/table_1m/model.config
-- Up-to-date symlink: /home/raul/bookros2_ws/install/tiago_gazebo/share/tiago_gazebo/models/table_1m/table_1m.sdf
-- Up-to-date symlink: /home/raul/bookros2_ws/install/tiago_gazebo/share/tiago_gazebo/models/testing_room/README
-- Up-to-date symlink: /home/raul/bookros2_ws/install/tiago_gazebo/share/tiago_gazebo/models/testing_room/model.config
-- Up-to-date symlink: /home/raul/bookros2_ws/install/tiago_gazebo/share/tiago_gazebo/models/testing_room/model.sdf
-- Up-to-date symlink: /home/raul/bookros2_ws/install/tiago_gazebo/share/tiago_gazebo/models/testing_room/testing_room.png
-- Up-to-date symlink: /home/raul/bookros2_ws/install/tiago_gazebo/share/tiago_gazebo/models/tv/meshes/tv.stl
-- Up-to-date symlink: /home/raul/bookros2_ws/install/tiago_gazebo/share/tiago_gazebo/models/tv/model.config
-- Up-to-date symlink: /home/raul/bookros2_ws/install/tiago_gazebo/share/tiago_gazebo/models/tv/tv.sdf
-- Up-to-date symlink: /home/raul/bookros2_ws/install/tiago_gazebo/share/tiago_gazebo/models/wall_with_reem_photo/material/scripts/ball.material
-- Up-to-date symlink: /home/raul/bookros2_ws/install/tiago_gazebo/share/tiago_gazebo/models/wall_with_reem_photo/material/scripts/wallWithREEMphoto.material
-- Up-to-date symlink: /home/raul/bookros2_ws/install/tiago_gazebo/share/tiago_gazebo/models/wall_with_reem_photo/material/textures/REEM_photo0.jpg
-- Up-to-date symlink: /home/raul/bookros2_ws/install/tiago_gazebo/share/tiago_gazebo/models/wall_with_reem_photo/model.config
-- Up-to-date symlink: /home/raul/bookros2_ws/install/tiago_gazebo/share/tiago_gazebo/models/wall_with_reem_photo/model.sdf
-- Up-to-date symlink: /home/raul/bookros2_ws/install/tiago_gazebo/share/tiago_gazebo/models/wardrobe/meshes/wardrobe.stl
-- Up-to-date symlink: /home/raul/bookros2_ws/install/tiago_gazebo/share/tiago_gazebo/models/wardrobe/model.config
-- Up-to-date symlink: /home/raul/bookros2_ws/install/tiago_gazebo/share/tiago_gazebo/models/wardrobe/wardrobe.sdf
-- Up-to-date symlink: /home/raul/bookros2_ws/install/tiago_gazebo/share/tiago_gazebo/models/willowgarage/materials/textures/Carpet_Berber_Pattern_Gray_.png
-- Up-to-date symlink: /home/raul/bookros2_ws/install/tiago_gazebo/share/tiago_gazebo/models/willowgarage/materials/textures/Stone_Brushed_Khaki_.png
-- Up-to-date symlink: /home/raul/bookros2_ws/install/tiago_gazebo/share/tiago_gazebo/models/willowgarage/materials/textures/Wood_Bamboo_Medium_.png
-- Up-to-date symlink: /home/raul/bookros2_ws/install/tiago_gazebo/share/tiago_gazebo/models/willowgarage/materials/textures/Wood_Cherry_Original_.png
-- Up-to-date symlink: /home/raul/bookros2_ws/install/tiago_gazebo/share/tiago_gazebo/models/willowgarage/materials/textures/__Wood_Bamboo_Medium_1.png
-- Up-to-date symlink: /home/raul/bookros2_ws/install/tiago_gazebo/share/tiago_gazebo/models/willowgarage/materials/textures/__auto_12.png
-- Up-to-date symlink: /home/raul/bookros2_ws/install/tiago_gazebo/share/tiago_gazebo/models/willowgarage/materials/textures/__auto_2.png
-- Up-to-date symlink: /home/raul/bookros2_ws/install/tiago_gazebo/share/tiago_gazebo/models/willowgarage/meshes/willowgarage_collision.dae
-- Up-to-date symlink: /home/raul/bookros2_ws/install/tiago_gazebo/share/tiago_gazebo/models/willowgarage/meshes/willowgarage_visual.dae
-- Up-to-date symlink: /home/raul/bookros2_ws/install/tiago_gazebo/share/tiago_gazebo/worlds/ball.world
-- Up-to-date symlink: /home/raul/bookros2_ws/install/tiago_gazebo/share/tiago_gazebo/worlds/empty.world
-- Up-to-date symlink: /home/raul/bookros2_ws/install/tiago_gazebo/share/tiago_gazebo/worlds/hit_table.world
-- Up-to-date symlink: /home/raul/bookros2_ws/install/tiago_gazebo/share/tiago_gazebo/worlds/look_to_point.world
-- Up-to-date symlink: /home/raul/bookros2_ws/install/tiago_gazebo/share/tiago_gazebo/worlds/objects_on_table.world
-- Up-to-date symlink: /home/raul/bookros2_ws/install/tiago_gazebo/share/tiago_gazebo/worlds/pal_office.world
-- Up-to-date symlink: /home/raul/bookros2_ws/install/tiago_gazebo/share/tiago_gazebo/worlds/pick.world
-- Up-to-date symlink: /home/raul/bookros2_ws/install/tiago_gazebo/share/tiago_gazebo/worlds/simple_office_with_people.world
-- Up-to-date symlink: /home/raul/bookros2_ws/install/tiago_gazebo/share/tiago_gazebo/worlds/simple_ramp.world
-- Up-to-date symlink: /home/raul/bookros2_ws/install/tiago_gazebo/share/tiago_gazebo/worlds/small_office.world
-- Up-to-date symlink: /home/raul/bookros2_ws/install/tiago_gazebo/share/tiago_gazebo/worlds/tabletop_cube.world
-- Up-to-date symlink: /home/raul/bookros2_ws/install/tiago_gazebo/share/tiago_gazebo/worlds/tabletop_cylinder.world
-- Up-to-date symlink: /home/raul/bookros2_ws/install/tiago_gazebo/share/tiago_gazebo/worlds/tutorial_office.world
-- Up-to-date symlink: /home/raul/bookros2_ws/install/tiago_gazebo/share/tiago_gazebo/worlds/willow_garage.world
-- Up-to-date symlink: /home/raul/bookros2_ws/install/tiago_gazebo/share/ament_index/resource_index/package_run_dependencies/tiago_gazebo
-- Up-to-date symlink: /home/raul/bookros2_ws/install/tiago_gazebo/share/ament_index/resource_index/parent_prefix_path/tiago_gazebo
-- Up-to-date symlink: /home/raul/bookros2_ws/install/tiago_gazebo/share/tiago_gazebo/environment/ament_prefix_path.sh
-- Up-to-date symlink: /home/raul/bookros2_ws/install/tiago_gazebo/share/tiago_gazebo/environment/ament_prefix_path.dsv
-- Up-to-date symlink: /home/raul/bookros2_ws/install/tiago_gazebo/share/tiago_gazebo/environment/path.sh
-- Up-to-date symlink: /home/raul/bookros2_ws/install/tiago_gazebo/share/tiago_gazebo/environment/path.dsv
-- Up-to-date symlink: /home/raul/bookros2_ws/install/tiago_gazebo/share/tiago_gazebo/local_setup.bash
-- Up-to-date symlink: /home/raul/bookros2_ws/install/tiago_gazebo/share/tiago_gazebo/local_setup.sh
-- Up-to-date symlink: /home/raul/bookros2_ws/install/tiago_gazebo/share/tiago_gazebo/local_setup.zsh
-- Up-to-date symlink: /home/raul/bookros2_ws/install/tiago_gazebo/share/tiago_gazebo/local_setup.dsv
-- Symlinking: /home/raul/bookros2_ws/install/tiago_gazebo/share/tiago_gazebo/package.dsv
-- Up-to-date symlink: /home/raul/bookros2_ws/install/tiago_gazebo/share/ament_index/resource_index/packages/tiago_gazebo
-- Up-to-date symlink: /home/raul/bookros2_ws/install/tiago_gazebo/share/tiago_gazebo/cmake/tiago_gazeboConfig.cmake
-- Up-to-date symlink: /home/raul/bookros2_ws/install/tiago_gazebo/share/tiago_gazebo/cmake/tiago_gazeboConfig-version.cmake
-- Up-to-date symlink: /home/raul/bookros2_ws/install/tiago_gazebo/share/tiago_gazebo/package.xml
