[0.277s] Invoking command in '/home/raul/bookros2_ws/build/pointcloud_to_laserscan': CMAKE_PREFIX_PATH=${CMAKE_PREFIX_PATH}:/home/raul/bookros2_ws/install/ros2controlcli:/home/raul/bookros2_ws/install/launch_pal:/home/raul/bookros2_ws/install/br2_fsm_bumpgo_py:/opt/ros/foxy /usr/bin/cmake /home/raul/bookros2_ws/src/book_ros2/pointcloud_to_laserscan -DCMAKE_INSTALL_PREFIX=/home/raul/bookros2_ws/install/pointcloud_to_laserscan
[3.446s] -- Found ament_cmake: 0.9.11 (/opt/ros/foxy/share/ament_cmake/cmake)
[3.447s] -- Using PYTHON_EXECUTABLE: /usr/bin/python3
[3.447s] -- Override CMake install command with custom implementation using symlinks instead of copying resources
[3.447s] -- Found laser_geometry: 2.2.0 (/opt/ros/foxy/share/laser_geometry/cmake)
[3.447s] -- Found message_filters: 3.2.5 (/opt/ros/foxy/share/message_filters/cmake)
[3.448s] -- Found rclcpp: 2.4.2 (/opt/ros/foxy/share/rclcpp/cmake)
[3.456s] -- Using all available rosidl_typesupport_c: rosidl_typesupport_fastrtps_c;rosidl_typesupport_introspection_c
[3.457s] -- Found rosidl_adapter: 1.3.0 (/opt/ros/foxy/share/rosidl_adapter/cmake)
[4.837s] -- Using all available rosidl_typesupport_cpp: rosidl_typesupport_fastrtps_cpp;rosidl_typesupport_introspection_cpp
[5.545s] -- Found rmw_implementation_cmake: 1.0.3 (/opt/ros/foxy/share/rmw_implementation_cmake/cmake)
[5.601s] -- Using RMW implementation 'rmw_fastrtps_cpp' as default
[6.419s] -- Found rclcpp_components: 2.4.2 (/opt/ros/foxy/share/rclcpp_components/cmake)
[6.651s] -- Found sensor_msgs: 2.0.5 (/opt/ros/foxy/share/sensor_msgs/cmake)
[7.159s] -- Found tf2: 0.13.13 (/opt/ros/foxy/share/tf2/cmake)
[7.208s] -- Found tf2_ros: 0.13.13 (/opt/ros/foxy/share/tf2_ros/cmake)
[8.644s] -- Found tf2_sensor_msgs: 0.13.13 (/opt/ros/foxy/share/tf2_sensor_msgs/cmake)
[8.847s] -- Found ament_lint_auto: 0.9.7 (/opt/ros/foxy/share/ament_lint_auto/cmake)
[9.523s] -- Added test 'cppcheck' to perform static code analysis on C / C++ code
[9.524s] -- Configured cppcheck include dirs: /home/raul/bookros2_ws/src/book_ros2/pointcloud_to_laserscan/include
[9.525s] -- Configured cppcheck exclude dirs and/or files: 
[9.537s] -- Added test 'cpplint' to check C / C++ code against the Google style
[9.541s] -- Configured cpplint exclude dirs and/or files: 
[9.545s] -- Added test 'flake8' to check Python code syntax and style conventions
[9.559s] -- Added test 'lint_cmake' to check CMake code style
[9.561s] -- Added test 'pep257' to check Python code against some of the style conventions in PEP 257
[9.569s] -- Added test 'uncrustify' to check C / C++ code style
[9.569s] -- Configured uncrustify additional arguments: 
[9.571s] -- Added test 'xmllint' to check XML markup files
[9.590s] -- Configuring done
[9.785s] -- Generating done
[9.789s] -- Build files have been written to: /home/raul/bookros2_ws/build/pointcloud_to_laserscan
[9.809s] Invoked command in '/home/raul/bookros2_ws/build/pointcloud_to_laserscan' returned '0': CMAKE_PREFIX_PATH=${CMAKE_PREFIX_PATH}:/home/raul/bookros2_ws/install/ros2controlcli:/home/raul/bookros2_ws/install/launch_pal:/home/raul/bookros2_ws/install/br2_fsm_bumpgo_py:/opt/ros/foxy /usr/bin/cmake /home/raul/bookros2_ws/src/book_ros2/pointcloud_to_laserscan -DCMAKE_INSTALL_PREFIX=/home/raul/bookros2_ws/install/pointcloud_to_laserscan
[9.811s] Invoking command in '/home/raul/bookros2_ws/build/pointcloud_to_laserscan': CMAKE_PREFIX_PATH=${CMAKE_PREFIX_PATH}:/home/raul/bookros2_ws/install/ros2controlcli:/home/raul/bookros2_ws/install/launch_pal:/home/raul/bookros2_ws/install/br2_fsm_bumpgo_py:/opt/ros/foxy /usr/bin/cmake --build /home/raul/bookros2_ws/build/pointcloud_to_laserscan -- -j10 -l10
[10.318s] [ 20%] Built target pointcloud_to_laserscan_node
[10.377s] [ 40%] Built target laserscan_to_pointcloud_node
[10.383s] [ 60%] Built target pointcloud_to_laserscan
[10.412s] [ 80%] Built target dummy_pointcloud_publisher
[10.423s] [100%] Built target laserscan_to_pointcloud
[10.518s] Invoked command in '/home/raul/bookros2_ws/build/pointcloud_to_laserscan' returned '0': CMAKE_PREFIX_PATH=${CMAKE_PREFIX_PATH}:/home/raul/bookros2_ws/install/ros2controlcli:/home/raul/bookros2_ws/install/launch_pal:/home/raul/bookros2_ws/install/br2_fsm_bumpgo_py:/opt/ros/foxy /usr/bin/cmake --build /home/raul/bookros2_ws/build/pointcloud_to_laserscan -- -j10 -l10
[11.232s] Invoking command in '/home/raul/bookros2_ws/build/pointcloud_to_laserscan': CMAKE_PREFIX_PATH=${CMAKE_PREFIX_PATH}:/home/raul/bookros2_ws/install/ros2controlcli:/home/raul/bookros2_ws/install/launch_pal:/home/raul/bookros2_ws/install/br2_fsm_bumpgo_py:/opt/ros/foxy /usr/bin/cmake --install /home/raul/bookros2_ws/build/pointcloud_to_laserscan
[11.321s] -- Install configuration: ""
[11.336s] -- Execute custom install script
[11.337s] -- Up-to-date symlink: /home/raul/bookros2_ws/install/pointcloud_to_laserscan/lib/pointcloud_to_laserscan/laserscan_to_pointcloud_node
[11.338s] -- Up-to-date symlink: /home/raul/bookros2_ws/install/pointcloud_to_laserscan/lib/pointcloud_to_laserscan/pointcloud_to_laserscan_node
[11.338s] -- Up-to-date symlink: /home/raul/bookros2_ws/install/pointcloud_to_laserscan/lib/liblaserscan_to_pointcloud.so
[11.339s] -- Up-to-date symlink: /home/raul/bookros2_ws/install/pointcloud_to_laserscan/lib/libpointcloud_to_laserscan.so
[11.340s] -- Up-to-date symlink: /home/raul/bookros2_ws/install/pointcloud_to_laserscan/lib/pointcloud_to_laserscan/dummy_pointcloud_publisher
[11.341s] -- Up-to-date symlink: /home/raul/bookros2_ws/install/pointcloud_to_laserscan/include/include/pointcloud_to_laserscan/laserscan_to_pointcloud_node.hpp
[11.342s] -- Up-to-date symlink: /home/raul/bookros2_ws/install/pointcloud_to_laserscan/include/include/pointcloud_to_laserscan/pointcloud_to_laserscan_node.hpp
[11.342s] -- Up-to-date symlink: /home/raul/bookros2_ws/install/pointcloud_to_laserscan/include/include/pointcloud_to_laserscan/visibility_control.h
[11.344s] -- Up-to-date symlink: /home/raul/bookros2_ws/install/pointcloud_to_laserscan/share/pointcloud_to_laserscan/launch/sample_laserscan_to_pointcloud_launch.py
[11.344s] -- Up-to-date symlink: /home/raul/bookros2_ws/install/pointcloud_to_laserscan/share/pointcloud_to_laserscan/launch/sample_pointcloud_to_laserscan_launch.py
[11.345s] -- Up-to-date symlink: /home/raul/bookros2_ws/install/pointcloud_to_laserscan/share/ament_index/resource_index/package_run_dependencies/pointcloud_to_laserscan
[11.346s] -- Up-to-date symlink: /home/raul/bookros2_ws/install/pointcloud_to_laserscan/share/ament_index/resource_index/parent_prefix_path/pointcloud_to_laserscan
[11.347s] -- Up-to-date symlink: /home/raul/bookros2_ws/install/pointcloud_to_laserscan/share/pointcloud_to_laserscan/environment/ament_prefix_path.sh
[11.347s] -- Up-to-date symlink: /home/raul/bookros2_ws/install/pointcloud_to_laserscan/share/pointcloud_to_laserscan/environment/ament_prefix_path.dsv
[11.349s] -- Up-to-date symlink: /home/raul/bookros2_ws/install/pointcloud_to_laserscan/share/pointcloud_to_laserscan/environment/path.sh
[11.349s] -- Up-to-date symlink: /home/raul/bookros2_ws/install/pointcloud_to_laserscan/share/pointcloud_to_laserscan/environment/path.dsv
[11.350s] -- Up-to-date symlink: /home/raul/bookros2_ws/install/pointcloud_to_laserscan/share/pointcloud_to_laserscan/local_setup.bash
[11.351s] -- Up-to-date symlink: /home/raul/bookros2_ws/install/pointcloud_to_laserscan/share/pointcloud_to_laserscan/local_setup.sh
[11.352s] -- Up-to-date symlink: /home/raul/bookros2_ws/install/pointcloud_to_laserscan/share/pointcloud_to_laserscan/local_setup.zsh
[11.353s] -- Up-to-date symlink: /home/raul/bookros2_ws/install/pointcloud_to_laserscan/share/pointcloud_to_laserscan/local_setup.dsv
[11.353s] -- Symlinking: /home/raul/bookros2_ws/install/pointcloud_to_laserscan/share/pointcloud_to_laserscan/package.dsv
[11.422s] -- Up-to-date symlink: /home/raul/bookros2_ws/install/pointcloud_to_laserscan/share/ament_index/resource_index/packages/pointcloud_to_laserscan
[11.422s] -- Up-to-date symlink: /home/raul/bookros2_ws/install/pointcloud_to_laserscan/share/ament_index/resource_index/rclcpp_components/pointcloud_to_laserscan
[11.422s] -- Up-to-date symlink: /home/raul/bookros2_ws/install/pointcloud_to_laserscan/share/pointcloud_to_laserscan/cmake/pointcloud_to_laserscanConfig.cmake
[11.422s] -- Up-to-date symlink: /home/raul/bookros2_ws/install/pointcloud_to_laserscan/share/pointcloud_to_laserscan/cmake/pointcloud_to_laserscanConfig-version.cmake
[11.423s] -- Up-to-date symlink: /home/raul/bookros2_ws/install/pointcloud_to_laserscan/share/pointcloud_to_laserscan/package.xml
[11.466s] Invoked command in '/home/raul/bookros2_ws/build/pointcloud_to_laserscan' returned '0': CMAKE_PREFIX_PATH=${CMAKE_PREFIX_PATH}:/home/raul/bookros2_ws/install/ros2controlcli:/home/raul/bookros2_ws/install/launch_pal:/home/raul/bookros2_ws/install/br2_fsm_bumpgo_py:/opt/ros/foxy /usr/bin/cmake --install /home/raul/bookros2_ws/build/pointcloud_to_laserscan
