[0.124s] Invoking command in '/home/raul/bookros2_ws/build/br2_tiago': CMAKE_PREFIX_PATH=/opt/ros/foxy /usr/bin/cmake --build /home/raul/bookros2_ws/build/br2_tiago -- -j8 -l8
[0.290s] Invoked command in '/home/raul/bookros2_ws/build/br2_tiago' returned '0': CMAKE_PREFIX_PATH=/opt/ros/foxy /usr/bin/cmake --build /home/raul/bookros2_ws/build/br2_tiago -- -j8 -l8
[0.383s] Invoking command in '/home/raul/bookros2_ws/build/br2_tiago': CMAKE_PREFIX_PATH=/opt/ros/foxy /usr/bin/cmake --install /home/raul/bookros2_ws/build/br2_tiago
[0.428s] -- Install configuration: ""
[0.428s] -- Execute custom install script
[0.429s] -- Up-to-date symlink: /home/raul/bookros2_ws/install/br2_tiago/share/br2_tiago/launch/sim.launch.py
[0.429s] -- Up-to-date symlink: /home/raul/bookros2_ws/install/br2_tiago/share/ament_index/resource_index/package_run_dependencies/br2_tiago
[0.429s] -- Up-to-date symlink: /home/raul/bookros2_ws/install/br2_tiago/share/ament_index/resource_index/parent_prefix_path/br2_tiago
[0.431s] -- Up-to-date symlink: /home/raul/bookros2_ws/install/br2_tiago/share/br2_tiago/environment/ament_prefix_path.sh
[0.431s] -- Up-to-date symlink: /home/raul/bookros2_ws/install/br2_tiago/share/br2_tiago/environment/ament_prefix_path.dsv
[0.431s] -- Up-to-date symlink: /home/raul/bookros2_ws/install/br2_tiago/share/br2_tiago/environment/path.sh
[0.431s] -- Up-to-date symlink: /home/raul/bookros2_ws/install/br2_tiago/share/br2_tiago/environment/path.dsv
[0.431s] -- Up-to-date symlink: /home/raul/bookros2_ws/install/br2_tiago/share/br2_tiago/local_setup.bash
[0.431s] -- Up-to-date symlink: /home/raul/bookros2_ws/install/br2_tiago/share/br2_tiago/local_setup.sh
[0.431s] -- Up-to-date symlink: /home/raul/bookros2_ws/install/br2_tiago/share/br2_tiago/local_setup.zsh
[0.432s] -- Up-to-date symlink: /home/raul/bookros2_ws/install/br2_tiago/share/br2_tiago/local_setup.dsv
[0.432s] -- Symlinking: /home/raul/bookros2_ws/install/br2_tiago/share/br2_tiago/package.dsv
[0.442s] -- Up-to-date symlink: /home/raul/bookros2_ws/install/br2_tiago/share/ament_index/resource_index/packages/br2_tiago
[0.442s] -- Up-to-date symlink: /home/raul/bookros2_ws/install/br2_tiago/share/br2_tiago/cmake/br2_tiagoConfig.cmake
[0.442s] -- Up-to-date symlink: /home/raul/bookros2_ws/install/br2_tiago/share/br2_tiago/cmake/br2_tiagoConfig-version.cmake
[0.445s] -- Up-to-date symlink: /home/raul/bookros2_ws/install/br2_tiago/share/br2_tiago/package.xml
[0.514s] Invoked command in '/home/raul/bookros2_ws/build/br2_tiago' returned '0': CMAKE_PREFIX_PATH=/opt/ros/foxy /usr/bin/cmake --install /home/raul/bookros2_ws/build/br2_tiago
