[0.107s] Invoking command in '/home/raul/bookros2_ws/build/br2_tf2_detector': CMAKE_PREFIX_PATH=${CMAKE_PREFIX_PATH}:/home/raul/bookros2_ws/install/ros2controlcli:/home/raul/bookros2_ws/install/launch_pal:/home/raul/bookros2_ws/install/br2_fsm_bumpgo_py:/opt/ros/foxy /usr/bin/cmake --build /home/raul/bookros2_ws/build/br2_tf2_detector -- -j8 -l8
[0.315s] [ 50%] Built target br2_tf2_detector
[0.399s] [ 75%] Built target detector
[0.402s] [100%] Built target detector_improved
[0.448s] Invoked command in '/home/raul/bookros2_ws/build/br2_tf2_detector' returned '0': CMAKE_PREFIX_PATH=${CMAKE_PREFIX_PATH}:/home/raul/bookros2_ws/install/ros2controlcli:/home/raul/bookros2_ws/install/launch_pal:/home/raul/bookros2_ws/install/br2_fsm_bumpgo_py:/opt/ros/foxy /usr/bin/cmake --build /home/raul/bookros2_ws/build/br2_tf2_detector -- -j8 -l8
[0.575s] Invoking command in '/home/raul/bookros2_ws/build/br2_tf2_detector': CMAKE_PREFIX_PATH=${CMAKE_PREFIX_PATH}:/home/raul/bookros2_ws/install/ros2controlcli:/home/raul/bookros2_ws/install/launch_pal:/home/raul/bookros2_ws/install/br2_fsm_bumpgo_py:/opt/ros/foxy /usr/bin/cmake --install /home/raul/bookros2_ws/build/br2_tf2_detector
[0.597s] -- Install configuration: ""
[0.598s] -- Execute custom install script
[0.599s] -- Up-to-date symlink: /home/raul/bookros2_ws/install/br2_tf2_detector/lib/libbr2_tf2_detector.so
[0.600s] -- Up-to-date symlink: /home/raul/bookros2_ws/install/br2_tf2_detector/lib/br2_tf2_detector/detector
[0.601s] -- Up-to-date symlink: /home/raul/bookros2_ws/install/br2_tf2_detector/lib/br2_tf2_detector/detector_improved
[0.602s] -- Up-to-date symlink: /home/raul/bookros2_ws/install/br2_tf2_detector/share/br2_tf2_detector/launch/detector_basic.launch.py
[0.602s] -- Up-to-date symlink: /home/raul/bookros2_ws/install/br2_tf2_detector/share/br2_tf2_detector/launch/detector_improved.launch.py
[0.609s] -- Up-to-date symlink: /home/raul/bookros2_ws/install/br2_tf2_detector/share/ament_index/resource_index/package_run_dependencies/br2_tf2_detector
[0.612s] -- Up-to-date symlink: /home/raul/bookros2_ws/install/br2_tf2_detector/share/ament_index/resource_index/parent_prefix_path/br2_tf2_detector
[0.612s] -- Up-to-date symlink: /home/raul/bookros2_ws/install/br2_tf2_detector/share/br2_tf2_detector/environment/ament_prefix_path.sh
[0.613s] -- Up-to-date symlink: /home/raul/bookros2_ws/install/br2_tf2_detector/share/br2_tf2_detector/environment/ament_prefix_path.dsv
[0.613s] -- Up-to-date symlink: /home/raul/bookros2_ws/install/br2_tf2_detector/share/br2_tf2_detector/environment/path.sh
[0.613s] -- Up-to-date symlink: /home/raul/bookros2_ws/install/br2_tf2_detector/share/br2_tf2_detector/environment/path.dsv
[0.614s] -- Up-to-date symlink: /home/raul/bookros2_ws/install/br2_tf2_detector/share/br2_tf2_detector/local_setup.bash
[0.614s] -- Up-to-date symlink: /home/raul/bookros2_ws/install/br2_tf2_detector/share/br2_tf2_detector/local_setup.sh
[0.616s] -- Up-to-date symlink: /home/raul/bookros2_ws/install/br2_tf2_detector/share/br2_tf2_detector/local_setup.zsh
[0.616s] -- Up-to-date symlink: /home/raul/bookros2_ws/install/br2_tf2_detector/share/br2_tf2_detector/local_setup.dsv
[0.617s] -- Symlinking: /home/raul/bookros2_ws/install/br2_tf2_detector/share/br2_tf2_detector/package.dsv
[0.632s] -- Up-to-date symlink: /home/raul/bookros2_ws/install/br2_tf2_detector/share/ament_index/resource_index/packages/br2_tf2_detector
[0.632s] -- Up-to-date symlink: /home/raul/bookros2_ws/install/br2_tf2_detector/share/br2_tf2_detector/cmake/br2_tf2_detectorConfig.cmake
[0.633s] -- Up-to-date symlink: /home/raul/bookros2_ws/install/br2_tf2_detector/share/br2_tf2_detector/cmake/br2_tf2_detectorConfig-version.cmake
[0.633s] -- Up-to-date symlink: /home/raul/bookros2_ws/install/br2_tf2_detector/share/br2_tf2_detector/package.xml
[0.678s] Invoked command in '/home/raul/bookros2_ws/build/br2_tf2_detector' returned '0': CMAKE_PREFIX_PATH=${CMAKE_PREFIX_PATH}:/home/raul/bookros2_ws/install/ros2controlcli:/home/raul/bookros2_ws/install/launch_pal:/home/raul/bookros2_ws/install/br2_fsm_bumpgo_py:/opt/ros/foxy /usr/bin/cmake --install /home/raul/bookros2_ws/build/br2_tf2_detector
