-- Found ament_cmake: 0.9.11 (/opt/ros/foxy/share/ament_cmake/cmake)
-- Using PYTHON_EXECUTABLE: /usr/bin/python3
-- Override CMake install command with custom implementation using symlinks instead of copying resources
-- Found forward_command_controller: 0.4.0 (/home/raul/bookros2_ws/install/forward_command_controller/share/forward_command_controller/cmake)
-- Using all available rosidl_typesupport_c: rosidl_typesupport_fastrtps_c;rosidl_typesupport_introspection_c
-- Found rosidl_adapter: 1.3.0 (/opt/ros/foxy/share/rosidl_adapter/cmake)
-- Using all available rosidl_typesupport_cpp: rosidl_typesupport_fastrtps_cpp;rosidl_typesupport_introspection_cpp
-- Found rmw_implementation_cmake: 1.0.3 (/opt/ros/foxy/share/rmw_implementation_cmake/cmake)
-- Using RMW implementation 'rmw_fastrtps_cpp' as default
-- Found ament_cmake_gmock: 0.9.11 (/opt/ros/foxy/share/ament_cmake_gmock/cmake)
-- Found ament_lint_auto: 0.9.7 (/opt/ros/foxy/share/ament_lint_auto/cmake)
-- Found controller_manager: 0.7.1 (/home/raul/bookros2_ws/install/controller_manager/share/controller_manager/cmake)
-- Found ros2_control_test_assets: 0.7.1 (/home/raul/bookros2_ws/install/ros2_control_test_assets/share/ros2_control_test_assets/cmake)
-- Found gmock sources under '/opt/ros/foxy/src/gmock_vendor': C++ tests using 'Google Mock' will be built
-- Found gtest sources under '/opt/ros/foxy/src/gtest_vendor': C++ tests using 'Google Test' will be built
-- Added test 'copyright' to check source files copyright and LICENSE
-- Added test 'cppcheck' to perform static code analysis on C / C++ code
-- Configured cppcheck include dirs: /home/raul/bookros2_ws/src/ThirdParty/ros2_controllers/effort_controllers/include
-- Configured cppcheck exclude dirs and/or files: 
-- Added test 'cpplint' to check C / C++ code against the Google style
-- Configured cpplint exclude dirs and/or files: 
-- Added test 'lint_cmake' to check CMake code style
-- Added test 'uncrustify' to check C / C++ code style
-- Configured uncrustify additional arguments: 
-- Added test 'xmllint' to check XML markup files
-- Configuring done
-- Generating done
-- Build files have been written to: /home/raul/bookros2_ws/build/effort_controllers
[ 27%] Built target gmock
[ 45%] Built target gmock_main
[35m[1mScanning dependencies of target test_load_joint_group_effort_controller[0m
[ 63%] Built target effort_controllers
[ 72%] [32mBuilding CXX object CMakeFiles/test_load_joint_group_effort_controller.dir/test/test_load_joint_group_effort_controller.cpp.o[0m
[ 90%] Built target test_joint_group_effort_controller
[100%] [32m[1mLinking CXX executable test_load_joint_group_effort_controller[0m
[100%] Built target test_load_joint_group_effort_controller
-- Install configuration: ""
-- Execute custom install script
-- Up-to-date symlink: /home/raul/bookros2_ws/install/effort_controllers/share/effort_controllers//effort_controllers_plugins.xml
-- Up-to-date symlink: /home/raul/bookros2_ws/install/effort_controllers/include/effort_controllers/joint_group_effort_controller.hpp
-- Up-to-date symlink: /home/raul/bookros2_ws/install/effort_controllers/include/effort_controllers/visibility_control.h
-- Up-to-date symlink: /home/raul/bookros2_ws/install/effort_controllers/lib/libeffort_controllers.so
-- Up-to-date symlink: /home/raul/bookros2_ws/install/effort_controllers/share/effort_controllers/environment/library_path.sh
-- Up-to-date symlink: /home/raul/bookros2_ws/install/effort_controllers/share/effort_controllers/environment/library_path.dsv
-- Up-to-date symlink: /home/raul/bookros2_ws/install/effort_controllers/share/ament_index/resource_index/package_run_dependencies/effort_controllers
-- Up-to-date symlink: /home/raul/bookros2_ws/install/effort_controllers/share/ament_index/resource_index/parent_prefix_path/effort_controllers
-- Up-to-date symlink: /home/raul/bookros2_ws/install/effort_controllers/share/effort_controllers/environment/ament_prefix_path.sh
-- Up-to-date symlink: /home/raul/bookros2_ws/install/effort_controllers/share/effort_controllers/environment/ament_prefix_path.dsv
-- Up-to-date symlink: /home/raul/bookros2_ws/install/effort_controllers/share/effort_controllers/environment/path.sh
-- Up-to-date symlink: /home/raul/bookros2_ws/install/effort_controllers/share/effort_controllers/environment/path.dsv
-- Up-to-date symlink: /home/raul/bookros2_ws/install/effort_controllers/share/effort_controllers/local_setup.bash
-- Up-to-date symlink: /home/raul/bookros2_ws/install/effort_controllers/share/effort_controllers/local_setup.sh
-- Up-to-date symlink: /home/raul/bookros2_ws/install/effort_controllers/share/effort_controllers/local_setup.zsh
-- Up-to-date symlink: /home/raul/bookros2_ws/install/effort_controllers/share/effort_controllers/local_setup.dsv
-- Symlinking: /home/raul/bookros2_ws/install/effort_controllers/share/effort_controllers/package.dsv
-- Up-to-date symlink: /home/raul/bookros2_ws/install/effort_controllers/share/ament_index/resource_index/packages/effort_controllers
-- Up-to-date symlink: /home/raul/bookros2_ws/install/effort_controllers/share/ament_index/resource_index/controller_interface__pluginlib__plugin/effort_controllers
-- Up-to-date symlink: /home/raul/bookros2_ws/install/effort_controllers/share/effort_controllers/cmake/ament_cmake_export_dependencies-extras.cmake
-- Up-to-date symlink: /home/raul/bookros2_ws/install/effort_controllers/share/effort_controllers/cmake/ament_cmake_export_include_directories-extras.cmake
-- Up-to-date symlink: /home/raul/bookros2_ws/install/effort_controllers/share/effort_controllers/cmake/ament_cmake_export_libraries-extras.cmake
-- Up-to-date symlink: /home/raul/bookros2_ws/install/effort_controllers/share/effort_controllers/cmake/effort_controllersConfig.cmake
-- Up-to-date symlink: /home/raul/bookros2_ws/install/effort_controllers/share/effort_controllers/cmake/effort_controllersConfig-version.cmake
-- Up-to-date symlink: /home/raul/bookros2_ws/install/effort_controllers/share/effort_controllers/package.xml
