-- Found ament_cmake: 0.9.11 (/opt/ros/foxy/share/ament_cmake/cmake)
-- Using PYTHON_EXECUTABLE: /usr/bin/python3
-- Override CMake install command with custom implementation using symlinks instead of copying resources
-- Found rclcpp: 2.4.2 (/opt/ros/foxy/share/rclcpp/cmake)
-- Using all available rosidl_typesupport_c: rosidl_typesupport_fastrtps_c;rosidl_typesupport_introspection_c
-- Found rosidl_adapter: 1.3.0 (/opt/ros/foxy/share/rosidl_adapter/cmake)
-- Using all available rosidl_typesupport_cpp: rosidl_typesupport_fastrtps_cpp;rosidl_typesupport_introspection_cpp
-- Found rmw_implementation_cmake: 1.0.3 (/opt/ros/foxy/share/rmw_implementation_cmake/cmake)
-- Using RMW implementation 'rmw_fastrtps_cpp' as default
-- Found sensor_msgs: 2.0.5 (/opt/ros/foxy/share/sensor_msgs/cmake)
-- Found ament_index_cpp: 1.1.0 (/opt/ros/foxy/share/ament_index_cpp/cmake)
-- ZeroMQ found.
-- Found ament_lint_auto: 0.9.7 (/opt/ros/foxy/share/ament_lint_auto/cmake)
-- Found gtest sources under '/opt/ros/foxy/src/gtest_vendor': C++ tests using 'Google Test' will be built
-- Added test 'copyright' to check source files copyright and LICENSE
-- Added test 'cppcheck' to perform static code analysis on C / C++ code
-- Configured cppcheck include dirs: /home/raul/bookros2_ws/src/book_ros2/br2_bt_bumpgo/include
-- Configured cppcheck exclude dirs and/or files: 
-- Added test 'cpplint' to check C / C++ code against the Google style
-- Configured cpplint exclude dirs and/or files: 
-- Added test 'lint_cmake' to check CMake code style
-- Added test 'uncrustify' to check C / C++ code style
-- Configured uncrustify additional arguments: 
-- Added test 'xmllint' to check XML markup files
-- Configuring done
-- Generating done
-- Build files have been written to: /home/raul/bookros2_ws/build/br2_bt_bumpgo
[ 11%] Built target br2_forward_bt_node
[ 22%] Built target br2_turn_bt_node
[ 33%] Built target br2_back_bt_node
[ 44%] Built target bt_bumpgo
[ 55%] Built target br2_is_obstacle_bt_node
[ 66%] Built target bt_forward
[ 77%] Built target gtest
[ 88%] Built target gtest_main
[100%] Built target bt_action_test
-- Install configuration: ""
-- Execute custom install script
-- Up-to-date symlink: /home/raul/bookros2_ws/install/br2_bt_bumpgo/lib/libbr2_forward_bt_node.so
-- Up-to-date symlink: /home/raul/bookros2_ws/install/br2_bt_bumpgo/lib/libbr2_back_bt_node.so
-- Up-to-date symlink: /home/raul/bookros2_ws/install/br2_bt_bumpgo/lib/libbr2_turn_bt_node.so
-- Up-to-date symlink: /home/raul/bookros2_ws/install/br2_bt_bumpgo/lib/libbr2_is_obstacle_bt_node.so
-- Up-to-date symlink: /home/raul/bookros2_ws/install/br2_bt_bumpgo/lib/br2_bt_bumpgo/bt_bumpgo
-- Up-to-date symlink: /home/raul/bookros2_ws/install/br2_bt_bumpgo/include//br2_bt_bumpgo/Back.hpp
-- Up-to-date symlink: /home/raul/bookros2_ws/install/br2_bt_bumpgo/include//br2_bt_bumpgo/Forward.hpp
-- Up-to-date symlink: /home/raul/bookros2_ws/install/br2_bt_bumpgo/include//br2_bt_bumpgo/IsObstacle.hpp
-- Up-to-date symlink: /home/raul/bookros2_ws/install/br2_bt_bumpgo/include//br2_bt_bumpgo/Turn.hpp
-- Up-to-date symlink: /home/raul/bookros2_ws/install/br2_bt_bumpgo/share/br2_bt_bumpgo/behavior_tree_xml/bumpgo.xml
-- Up-to-date symlink: /home/raul/bookros2_ws/install/br2_bt_bumpgo/lib/br2_bt_bumpgo/bt_forward
-- Up-to-date symlink: /home/raul/bookros2_ws/install/br2_bt_bumpgo/share/ament_index/resource_index/package_run_dependencies/br2_bt_bumpgo
-- Up-to-date symlink: /home/raul/bookros2_ws/install/br2_bt_bumpgo/share/ament_index/resource_index/parent_prefix_path/br2_bt_bumpgo
-- Up-to-date symlink: /home/raul/bookros2_ws/install/br2_bt_bumpgo/share/br2_bt_bumpgo/environment/ament_prefix_path.sh
-- Up-to-date symlink: /home/raul/bookros2_ws/install/br2_bt_bumpgo/share/br2_bt_bumpgo/environment/ament_prefix_path.dsv
-- Up-to-date symlink: /home/raul/bookros2_ws/install/br2_bt_bumpgo/share/br2_bt_bumpgo/environment/path.sh
-- Up-to-date symlink: /home/raul/bookros2_ws/install/br2_bt_bumpgo/share/br2_bt_bumpgo/environment/path.dsv
-- Up-to-date symlink: /home/raul/bookros2_ws/install/br2_bt_bumpgo/share/br2_bt_bumpgo/local_setup.bash
-- Up-to-date symlink: /home/raul/bookros2_ws/install/br2_bt_bumpgo/share/br2_bt_bumpgo/local_setup.sh
-- Up-to-date symlink: /home/raul/bookros2_ws/install/br2_bt_bumpgo/share/br2_bt_bumpgo/local_setup.zsh
-- Up-to-date symlink: /home/raul/bookros2_ws/install/br2_bt_bumpgo/share/br2_bt_bumpgo/local_setup.dsv
-- Symlinking: /home/raul/bookros2_ws/install/br2_bt_bumpgo/share/br2_bt_bumpgo/package.dsv
-- Up-to-date symlink: /home/raul/bookros2_ws/install/br2_bt_bumpgo/share/ament_index/resource_index/packages/br2_bt_bumpgo
-- Up-to-date symlink: /home/raul/bookros2_ws/install/br2_bt_bumpgo/share/br2_bt_bumpgo/cmake/ament_cmake_export_include_directories-extras.cmake
-- Up-to-date symlink: /home/raul/bookros2_ws/install/br2_bt_bumpgo/share/br2_bt_bumpgo/cmake/ament_cmake_export_dependencies-extras.cmake
-- Up-to-date symlink: /home/raul/bookros2_ws/install/br2_bt_bumpgo/share/br2_bt_bumpgo/cmake/br2_bt_bumpgoConfig.cmake
-- Up-to-date symlink: /home/raul/bookros2_ws/install/br2_bt_bumpgo/share/br2_bt_bumpgo/cmake/br2_bt_bumpgoConfig-version.cmake
-- Up-to-date symlink: /home/raul/bookros2_ws/install/br2_bt_bumpgo/share/br2_bt_bumpgo/package.xml
