[0.080s] Invoking command in '/home/raul/bookros2_ws/build/controller_manager': AMENT_PREFIX_PATH=/home/raul/bookros2_ws/install/controller_interface:/home/raul/bookros2_ws/install/hardware_interface:/home/raul/bookros2_ws/install/controller_manager_msgs:${AMENT_PREFIX_PATH} CMAKE_PREFIX_PATH=/home/raul/bookros2_ws/install/controller_interface:/home/raul/bookros2_ws/install/hardware_interface:/home/raul/bookros2_ws/install/controller_manager_msgs:/opt/ros/foxy LD_LIBRARY_PATH=/home/raul/bookros2_ws/install/controller_interface/lib:/home/raul/bookros2_ws/install/hardware_interface/lib:/home/raul/bookros2_ws/install/controller_manager_msgs/lib:${LD_LIBRARY_PATH} PYTHONPATH=/home/raul/bookros2_ws/install/controller_manager_msgs/lib/python3.8/site-packages:${PYTHONPATH} /usr/bin/cmake --build /home/raul/bookros2_ws/build/controller_manager -- -j8 -l8
[0.215s] [  8%] Built target gmock_main
[0.219s] [ 20%] Built target gmock
[0.244s] [ 28%] Built target controller_manager
[0.392s] [ 36%] Built target ros2_control_node
[0.392s] [ 44%] Built target test_controller_failed_init
[0.395s] [ 52%] Built target test_controller_with_interfaces
[0.399s] [ 60%] Built target test_controller
[0.503s] [ 68%] Built target test_controller_manager_srvs
[0.523s] [ 76%] Built target test_release_interfaces
[0.528s] [ 84%] Built target test_load_controller
[0.544s] [ 92%] Built target test_controller_manager
[0.558s] [100%] Built target test_spawner_unspawner
[0.588s] Invoked command in '/home/raul/bookros2_ws/build/controller_manager' returned '0': AMENT_PREFIX_PATH=/home/raul/bookros2_ws/install/controller_interface:/home/raul/bookros2_ws/install/hardware_interface:/home/raul/bookros2_ws/install/controller_manager_msgs:${AMENT_PREFIX_PATH} CMAKE_PREFIX_PATH=/home/raul/bookros2_ws/install/controller_interface:/home/raul/bookros2_ws/install/hardware_interface:/home/raul/bookros2_ws/install/controller_manager_msgs:/opt/ros/foxy LD_LIBRARY_PATH=/home/raul/bookros2_ws/install/controller_interface/lib:/home/raul/bookros2_ws/install/hardware_interface/lib:/home/raul/bookros2_ws/install/controller_manager_msgs/lib:${LD_LIBRARY_PATH} PYTHONPATH=/home/raul/bookros2_ws/install/controller_manager_msgs/lib/python3.8/site-packages:${PYTHONPATH} /usr/bin/cmake --build /home/raul/bookros2_ws/build/controller_manager -- -j8 -l8
[0.710s] Invoking command in '/home/raul/bookros2_ws/build/controller_manager': AMENT_PREFIX_PATH=/home/raul/bookros2_ws/install/controller_interface:/home/raul/bookros2_ws/install/hardware_interface:/home/raul/bookros2_ws/install/controller_manager_msgs:${AMENT_PREFIX_PATH} CMAKE_PREFIX_PATH=/home/raul/bookros2_ws/install/controller_interface:/home/raul/bookros2_ws/install/hardware_interface:/home/raul/bookros2_ws/install/controller_manager_msgs:/opt/ros/foxy LD_LIBRARY_PATH=/home/raul/bookros2_ws/install/controller_interface/lib:/home/raul/bookros2_ws/install/hardware_interface/lib:/home/raul/bookros2_ws/install/controller_manager_msgs/lib:${LD_LIBRARY_PATH} PYTHONPATH=/home/raul/bookros2_ws/install/controller_manager_msgs/lib/python3.8/site-packages:${PYTHONPATH} /usr/bin/cmake --install /home/raul/bookros2_ws/build/controller_manager
[0.727s] -- Install configuration: ""
[0.740s] -- Execute custom install script
[0.741s] -- Up-to-date symlink: /home/raul/bookros2_ws/install/controller_manager/lib/libcontroller_manager.so
[0.742s] -- Up-to-date symlink: /home/raul/bookros2_ws/install/controller_manager/lib/controller_manager/ros2_control_node
[0.742s] -- Up-to-date symlink: /home/raul/bookros2_ws/install/controller_manager/include/controller_manager/controller_manager.hpp
[0.742s] -- Up-to-date symlink: /home/raul/bookros2_ws/install/controller_manager/include/controller_manager/controller_spec.hpp
[0.742s] -- Up-to-date symlink: /home/raul/bookros2_ws/install/controller_manager/include/controller_manager/visibility_control.h
[0.743s] -- Up-to-date symlink: /home/raul/bookros2_ws/install/controller_manager/lib/controller_manager/spawner.py
[0.743s] -- Up-to-date symlink: /home/raul/bookros2_ws/install/controller_manager/lib/controller_manager/unspawner.py
[0.743s] -- Up-to-date symlink: /home/raul/bookros2_ws/install/controller_manager/share/controller_manager/test/test_controller/test_controller.xml
[0.747s] -- Up-to-date symlink: /home/raul/bookros2_ws/install/controller_manager/lib/libtest_controller.so
[0.747s] -- Up-to-date symlink: /home/raul/bookros2_ws/install/controller_manager/share/controller_manager/test/test_controller_failed_init/test_controller_failed_init.xml
[0.747s] -- Up-to-date symlink: /home/raul/bookros2_ws/install/controller_manager/lib/libtest_controller_failed_init.so
[0.749s] -- Up-to-date symlink: /home/raul/bookros2_ws/install/controller_manager/share/controller_manager/test/test_controller_with_interfaces/test_controller_with_interfaces.xml
[0.750s] -- Up-to-date symlink: /home/raul/bookros2_ws/install/controller_manager/lib/libtest_controller_with_interfaces.so
[0.750s] -- Up-to-date symlink: /home/raul/bookros2_ws/install/controller_manager/share/controller_manager/environment/pythonpath.sh
[0.751s] -- Up-to-date symlink: /home/raul/bookros2_ws/install/controller_manager/share/controller_manager/environment/pythonpath.dsv
[0.754s] -- Up-to-date symlink: /home/raul/bookros2_ws/install/controller_manager/lib/python3.8/site-packages/controller_manager/__init__.py
[0.754s] -- Up-to-date symlink: /home/raul/bookros2_ws/install/controller_manager/lib/python3.8/site-packages/controller_manager/controller_manager_services.py
[0.755s] -- Up-to-date symlink: /home/raul/bookros2_ws/install/controller_manager/lib/python3.8/site-packages/controller_manager/launch_utils.py
[0.755s] -- Up-to-date symlink: /home/raul/bookros2_ws/install/controller_manager/share/controller_manager/environment/library_path.sh
[0.756s] -- Up-to-date symlink: /home/raul/bookros2_ws/install/controller_manager/share/controller_manager/environment/library_path.dsv
[0.757s] -- Up-to-date symlink: /home/raul/bookros2_ws/install/controller_manager/share/ament_index/resource_index/package_run_dependencies/controller_manager
[0.761s] -- Up-to-date symlink: /home/raul/bookros2_ws/install/controller_manager/share/ament_index/resource_index/parent_prefix_path/controller_manager
[0.763s] -- Up-to-date symlink: /home/raul/bookros2_ws/install/controller_manager/share/controller_manager/environment/ament_prefix_path.sh
[0.763s] -- Up-to-date symlink: /home/raul/bookros2_ws/install/controller_manager/share/controller_manager/environment/ament_prefix_path.dsv
[0.764s] -- Up-to-date symlink: /home/raul/bookros2_ws/install/controller_manager/share/controller_manager/environment/path.sh
[0.765s] -- Up-to-date symlink: /home/raul/bookros2_ws/install/controller_manager/share/controller_manager/environment/path.dsv
[0.766s] -- Up-to-date symlink: /home/raul/bookros2_ws/install/controller_manager/share/controller_manager/local_setup.bash
[0.766s] -- Up-to-date symlink: /home/raul/bookros2_ws/install/controller_manager/share/controller_manager/local_setup.sh
[0.766s] -- Up-to-date symlink: /home/raul/bookros2_ws/install/controller_manager/share/controller_manager/local_setup.zsh
[0.766s] -- Up-to-date symlink: /home/raul/bookros2_ws/install/controller_manager/share/controller_manager/local_setup.dsv
[0.766s] -- Symlinking: /home/raul/bookros2_ws/install/controller_manager/share/controller_manager/package.dsv
[0.781s] -- Up-to-date symlink: /home/raul/bookros2_ws/install/controller_manager/share/ament_index/resource_index/packages/controller_manager
[0.782s] -- Up-to-date symlink: /home/raul/bookros2_ws/install/controller_manager/share/ament_index/resource_index/controller_interface__pluginlib__plugin/controller_manager
[0.783s] -- Up-to-date symlink: /home/raul/bookros2_ws/install/controller_manager/share/controller_manager/cmake/ament_cmake_export_libraries-extras.cmake
[0.783s] -- Up-to-date symlink: /home/raul/bookros2_ws/install/controller_manager/share/controller_manager/cmake/ament_cmake_export_include_directories-extras.cmake
[0.784s] -- Up-to-date symlink: /home/raul/bookros2_ws/install/controller_manager/share/controller_manager/cmake/ament_cmake_export_dependencies-extras.cmake
[0.785s] -- Up-to-date symlink: /home/raul/bookros2_ws/install/controller_manager/share/controller_manager/cmake/controller_managerConfig.cmake
[0.785s] -- Up-to-date symlink: /home/raul/bookros2_ws/install/controller_manager/share/controller_manager/cmake/controller_managerConfig-version.cmake
[0.786s] -- Up-to-date symlink: /home/raul/bookros2_ws/install/controller_manager/share/controller_manager/package.xml
[0.827s] Listing '/home/raul/bookros2_ws/install/controller_manager/lib/python3.8/site-packages/controller_manager'...
[0.857s] Invoked command in '/home/raul/bookros2_ws/build/controller_manager' returned '0': AMENT_PREFIX_PATH=/home/raul/bookros2_ws/install/controller_interface:/home/raul/bookros2_ws/install/hardware_interface:/home/raul/bookros2_ws/install/controller_manager_msgs:${AMENT_PREFIX_PATH} CMAKE_PREFIX_PATH=/home/raul/bookros2_ws/install/controller_interface:/home/raul/bookros2_ws/install/hardware_interface:/home/raul/bookros2_ws/install/controller_manager_msgs:/opt/ros/foxy LD_LIBRARY_PATH=/home/raul/bookros2_ws/install/controller_interface/lib:/home/raul/bookros2_ws/install/hardware_interface/lib:/home/raul/bookros2_ws/install/controller_manager_msgs/lib:${LD_LIBRARY_PATH} PYTHONPATH=/home/raul/bookros2_ws/install/controller_manager_msgs/lib/python3.8/site-packages:${PYTHONPATH} /usr/bin/cmake --install /home/raul/bookros2_ws/build/controller_manager
