[0.090s] Invoking command in '/home/raul/bookros2_ws/build/pmb2_navigation': AMENT_PREFIX_PATH=/home/raul/bookros2_ws/install/pmb2_2dnav:/home/raul/bookros2_ws/install/pmb2_maps:${AMENT_PREFIX_PATH} CMAKE_PREFIX_PATH=/home/raul/bookros2_ws/install/pmb2_2dnav:/home/raul/bookros2_ws/install/pmb2_maps:/opt/ros/foxy /usr/bin/cmake --build /home/raul/bookros2_ws/build/pmb2_navigation -- -j8 -l8
[0.225s] Invoked command in '/home/raul/bookros2_ws/build/pmb2_navigation' returned '0': AMENT_PREFIX_PATH=/home/raul/bookros2_ws/install/pmb2_2dnav:/home/raul/bookros2_ws/install/pmb2_maps:${AMENT_PREFIX_PATH} CMAKE_PREFIX_PATH=/home/raul/bookros2_ws/install/pmb2_2dnav:/home/raul/bookros2_ws/install/pmb2_maps:/opt/ros/foxy /usr/bin/cmake --build /home/raul/bookros2_ws/build/pmb2_navigation -- -j8 -l8
[0.383s] Invoking command in '/home/raul/bookros2_ws/build/pmb2_navigation': AMENT_PREFIX_PATH=/home/raul/bookros2_ws/install/pmb2_2dnav:/home/raul/bookros2_ws/install/pmb2_maps:${AMENT_PREFIX_PATH} CMAKE_PREFIX_PATH=/home/raul/bookros2_ws/install/pmb2_2dnav:/home/raul/bookros2_ws/install/pmb2_maps:/opt/ros/foxy /usr/bin/cmake --install /home/raul/bookros2_ws/build/pmb2_navigation
[0.400s] -- Install configuration: ""
[0.401s] -- Execute custom install script
[0.401s] -- Up-to-date symlink: /home/raul/bookros2_ws/install/pmb2_navigation/share/ament_index/resource_index/package_run_dependencies/pmb2_navigation
[0.401s] -- Up-to-date symlink: /home/raul/bookros2_ws/install/pmb2_navigation/share/ament_index/resource_index/parent_prefix_path/pmb2_navigation
[0.409s] -- Up-to-date symlink: /home/raul/bookros2_ws/install/pmb2_navigation/share/pmb2_navigation/environment/ament_prefix_path.sh
[0.409s] -- Up-to-date symlink: /home/raul/bookros2_ws/install/pmb2_navigation/share/pmb2_navigation/environment/ament_prefix_path.dsv
[0.410s] -- Up-to-date symlink: /home/raul/bookros2_ws/install/pmb2_navigation/share/pmb2_navigation/environment/path.sh
[0.418s] -- Up-to-date symlink: /home/raul/bookros2_ws/install/pmb2_navigation/share/pmb2_navigation/environment/path.dsv
[0.418s] -- Up-to-date symlink: /home/raul/bookros2_ws/install/pmb2_navigation/share/pmb2_navigation/local_setup.bash
[0.419s] -- Up-to-date symlink: /home/raul/bookros2_ws/install/pmb2_navigation/share/pmb2_navigation/local_setup.sh
[0.422s] -- Up-to-date symlink: /home/raul/bookros2_ws/install/pmb2_navigation/share/pmb2_navigation/local_setup.zsh
[0.423s] -- Up-to-date symlink: /home/raul/bookros2_ws/install/pmb2_navigation/share/pmb2_navigation/local_setup.dsv
[0.423s] -- Symlinking: /home/raul/bookros2_ws/install/pmb2_navigation/share/pmb2_navigation/package.dsv
[0.430s] -- Up-to-date symlink: /home/raul/bookros2_ws/install/pmb2_navigation/share/ament_index/resource_index/packages/pmb2_navigation
[0.431s] -- Up-to-date symlink: /home/raul/bookros2_ws/install/pmb2_navigation/share/pmb2_navigation/cmake/pmb2_navigationConfig.cmake
[0.432s] -- Up-to-date symlink: /home/raul/bookros2_ws/install/pmb2_navigation/share/pmb2_navigation/cmake/pmb2_navigationConfig-version.cmake
[0.432s] -- Up-to-date symlink: /home/raul/bookros2_ws/install/pmb2_navigation/share/pmb2_navigation/package.xml
[0.474s] Invoked command in '/home/raul/bookros2_ws/build/pmb2_navigation' returned '0': AMENT_PREFIX_PATH=/home/raul/bookros2_ws/install/pmb2_2dnav:/home/raul/bookros2_ws/install/pmb2_maps:${AMENT_PREFIX_PATH} CMAKE_PREFIX_PATH=/home/raul/bookros2_ws/install/pmb2_2dnav:/home/raul/bookros2_ws/install/pmb2_maps:/opt/ros/foxy /usr/bin/cmake --install /home/raul/bookros2_ws/build/pmb2_navigation
