[0.089s] Invoking command in '/home/raul/bookros2_ws/build/groot': CMAKE_PREFIX_PATH=${CMAKE_PREFIX_PATH}:/home/raul/bookros2_ws/install/ros2controlcli:/home/raul/bookros2_ws/install/launch_pal:/home/raul/bookros2_ws/install/br2_fsm_bumpgo_py:/opt/ros/foxy /usr/bin/cmake /home/raul/bookros2_ws/src/ThirdParty/Groot -DAMENT_CMAKE_SYMLINK_INSTALL=1 -DCMAKE_INSTALL_PREFIX=/home/raul/bookros2_ws/install/groot
[0.238s] -- Using PYTHON_EXECUTABLE: /usr/bin/python3
[0.586s] -- Override CMake install command with custom implementation using symlinks instead of copying resources
[0.636s] -- Found ament_index_cpp: 1.1.0 (/opt/ros/foxy/share/ament_index_cpp/cmake)
[0.648s] -- ---------------------
[0.648s] -- Compiling with AMENT.
[0.648s] -- ---------------------
[0.671s] -- ZeroMQ found.
[0.844s] -- Configuring done
[1.085s] -- Generating done
[1.093s] -- Build files have been written to: /home/raul/bookros2_ws/build/groot
[1.122s] Invoked command in '/home/raul/bookros2_ws/build/groot' returned '0': CMAKE_PREFIX_PATH=${CMAKE_PREFIX_PATH}:/home/raul/bookros2_ws/install/ros2controlcli:/home/raul/bookros2_ws/install/launch_pal:/home/raul/bookros2_ws/install/br2_fsm_bumpgo_py:/opt/ros/foxy /usr/bin/cmake /home/raul/bookros2_ws/src/ThirdParty/Groot -DAMENT_CMAKE_SYMLINK_INSTALL=1 -DCMAKE_INSTALL_PREFIX=/home/raul/bookros2_ws/install/groot
[1.127s] Invoking command in '/home/raul/bookros2_ws/build/groot': CMAKE_PREFIX_PATH=${CMAKE_PREFIX_PATH}:/home/raul/bookros2_ws/install/ros2controlcli:/home/raul/bookros2_ws/install/launch_pal:/home/raul/bookros2_ws/install/br2_fsm_bumpgo_py:/opt/ros/foxy /usr/bin/cmake --build /home/raul/bookros2_ws/build/groot -- -j10 -l10
[1.567s] [  1%] [34m[1mAutomatic MOC and UIC for target QtNodeEditor[0m
[1.567s] [  1%] Built target QtNodeEditor_autogen
[1.567s] [ 57%] Built target QtNodeEditor
[1.567s] [ 58%] [34m[1mAutomatic MOC and UIC for target behavior_tree_editor[0m
[1.568s] [ 58%] Built target behavior_tree_editor_autogen
[1.609s] [ 74%] Built target behavior_tree_editor
[1.676s] [ 75%] [34m[1mAutomatic MOC and UIC for target replay_test[0m
[1.697s] [ 75%] [34m[1mAutomatic MOC and UIC for target editor_test[0m
[1.745s] [ 76%] [34m[1mAutomatic MOC and UIC for target Groot[0m
[1.801s] [ 76%] Built target replay_test_autogen
[1.844s] [ 76%] Built target editor_test_autogen
[1.896s] [ 76%] Built target Groot_autogen
[2.001s] [ 85%] Built target replay_test
[2.012s] [ 91%] Built target Groot
[2.020s] [100%] Built target editor_test
[2.058s] Invoked command in '/home/raul/bookros2_ws/build/groot' returned '0': CMAKE_PREFIX_PATH=${CMAKE_PREFIX_PATH}:/home/raul/bookros2_ws/install/ros2controlcli:/home/raul/bookros2_ws/install/launch_pal:/home/raul/bookros2_ws/install/br2_fsm_bumpgo_py:/opt/ros/foxy /usr/bin/cmake --build /home/raul/bookros2_ws/build/groot -- -j10 -l10
[2.435s] Invoking command in '/home/raul/bookros2_ws/build/groot': CMAKE_PREFIX_PATH=${CMAKE_PREFIX_PATH}:/home/raul/bookros2_ws/install/ros2controlcli:/home/raul/bookros2_ws/install/launch_pal:/home/raul/bookros2_ws/install/br2_fsm_bumpgo_py:/opt/ros/foxy /usr/bin/cmake --install /home/raul/bookros2_ws/build/groot
[2.464s] -- Install configuration: ""
[2.465s] -- Execute custom install script
[2.466s] -- Up-to-date symlink: /home/raul/bookros2_ws/install/groot/lib/libbehavior_tree_editor.so
[2.467s] -- Up-to-date symlink: /home/raul/bookros2_ws/install/groot/lib/groot/Groot
[2.468s] -- Up-to-date symlink: /home/raul/bookros2_ws/install/groot/share/groot/environment/library_path.sh
[2.468s] -- Up-to-date symlink: /home/raul/bookros2_ws/install/groot/share/groot/environment/library_path.dsv
[2.469s] -- Up-to-date symlink: /home/raul/bookros2_ws/install/groot/share/ament_index/resource_index/package_run_dependencies/groot
[2.469s] -- Up-to-date symlink: /home/raul/bookros2_ws/install/groot/share/ament_index/resource_index/parent_prefix_path/groot
[2.470s] -- Up-to-date symlink: /home/raul/bookros2_ws/install/groot/share/groot/environment/ament_prefix_path.sh
[2.471s] -- Up-to-date symlink: /home/raul/bookros2_ws/install/groot/share/groot/environment/ament_prefix_path.dsv
[2.472s] -- Up-to-date symlink: /home/raul/bookros2_ws/install/groot/share/groot/environment/path.sh
[2.473s] -- Up-to-date symlink: /home/raul/bookros2_ws/install/groot/share/groot/environment/path.dsv
[2.474s] -- Up-to-date symlink: /home/raul/bookros2_ws/install/groot/share/groot/local_setup.bash
[2.475s] -- Up-to-date symlink: /home/raul/bookros2_ws/install/groot/share/groot/local_setup.sh
[2.476s] -- Up-to-date symlink: /home/raul/bookros2_ws/install/groot/share/groot/local_setup.zsh
[2.477s] -- Up-to-date symlink: /home/raul/bookros2_ws/install/groot/share/groot/local_setup.dsv
[2.478s] -- Symlinking: /home/raul/bookros2_ws/install/groot/share/groot/package.dsv
[2.503s] -- Up-to-date symlink: /home/raul/bookros2_ws/install/groot/share/ament_index/resource_index/packages/groot
[2.503s] -- Up-to-date symlink: /home/raul/bookros2_ws/install/groot/share/groot/cmake/ament_cmake_export_include_directories-extras.cmake
[2.504s] -- Up-to-date symlink: /home/raul/bookros2_ws/install/groot/share/groot/cmake/ament_cmake_export_dependencies-extras.cmake
[2.504s] -- Up-to-date symlink: /home/raul/bookros2_ws/install/groot/share/groot/cmake/ament_cmake_export_libraries-extras.cmake
[2.505s] -- Up-to-date symlink: /home/raul/bookros2_ws/install/groot/share/groot/cmake/grootConfig.cmake
[2.505s] -- Up-to-date symlink: /home/raul/bookros2_ws/install/groot/share/groot/cmake/grootConfig-version.cmake
[2.505s] -- Up-to-date symlink: /home/raul/bookros2_ws/install/groot/share/groot/package.xml
[2.606s] Invoked command in '/home/raul/bookros2_ws/build/groot' returned '0': CMAKE_PREFIX_PATH=${CMAKE_PREFIX_PATH}:/home/raul/bookros2_ws/install/ros2controlcli:/home/raul/bookros2_ws/install/launch_pal:/home/raul/bookros2_ws/install/br2_fsm_bumpgo_py:/opt/ros/foxy /usr/bin/cmake --install /home/raul/bookros2_ws/build/groot
