[ 14%] Built target publisher
[ 28%] Built target executors
[ 42%] Built target publisher_class
[ 57%] Built target subscriber_class
[ 71%] Built target logger
[ 85%] Built target logger_class
[100%] Built target param_reader
-- Install configuration: ""
-- Execute custom install script
-- Symlinking: /home/raul/bookros2_ws/install/br2_basics/lib/br2_basics/publisher
-- Symlinking: /home/raul/bookros2_ws/install/br2_basics/lib/br2_basics/publisher_class
-- Symlinking: /home/raul/bookros2_ws/install/br2_basics/lib/br2_basics/subscriber_class
-- Symlinking: /home/raul/bookros2_ws/install/br2_basics/lib/br2_basics/executors
-- Symlinking: /home/raul/bookros2_ws/install/br2_basics/lib/br2_basics/logger
-- Symlinking: /home/raul/bookros2_ws/install/br2_basics/lib/br2_basics/logger_class
-- Symlinking: /home/raul/bookros2_ws/install/br2_basics/lib/br2_basics/param_reader
-- Symlinking: /home/raul/bookros2_ws/install/br2_basics/share/br2_basics/launch/includer_launch.py
-- Symlinking: /home/raul/bookros2_ws/install/br2_basics/share/br2_basics/launch/param_node_v1_launch.py
-- Symlinking: /home/raul/bookros2_ws/install/br2_basics/share/br2_basics/launch/param_node_v2_launch.py
-- Symlinking: /home/raul/bookros2_ws/install/br2_basics/share/br2_basics/launch/pub_sub_v1_launch.py
-- Symlinking: /home/raul/bookros2_ws/install/br2_basics/share/br2_basics/launch/pub_sub_v2_launch.py
-- Symlinking: /home/raul/bookros2_ws/install/br2_basics/share/br2_basics/config/params.yaml
-- Symlinking: /home/raul/bookros2_ws/install/br2_basics/share/ament_index/resource_index/package_run_dependencies/br2_basics
-- Symlinking: /home/raul/bookros2_ws/install/br2_basics/share/ament_index/resource_index/parent_prefix_path/br2_basics
-- Symlinking: /home/raul/bookros2_ws/install/br2_basics/share/br2_basics/environment/ament_prefix_path.sh
-- Symlinking: /home/raul/bookros2_ws/install/br2_basics/share/br2_basics/environment/ament_prefix_path.dsv
-- Symlinking: /home/raul/bookros2_ws/install/br2_basics/share/br2_basics/environment/path.sh
-- Symlinking: /home/raul/bookros2_ws/install/br2_basics/share/br2_basics/environment/path.dsv
-- Symlinking: /home/raul/bookros2_ws/install/br2_basics/share/br2_basics/local_setup.bash
-- Symlinking: /home/raul/bookros2_ws/install/br2_basics/share/br2_basics/local_setup.sh
-- Symlinking: /home/raul/bookros2_ws/install/br2_basics/share/br2_basics/local_setup.zsh
-- Symlinking: /home/raul/bookros2_ws/install/br2_basics/share/br2_basics/local_setup.dsv
-- Symlinking: /home/raul/bookros2_ws/install/br2_basics/share/br2_basics/package.dsv
-- Symlinking: /home/raul/bookros2_ws/install/br2_basics/share/ament_index/resource_index/packages/br2_basics
-- Symlinking: /home/raul/bookros2_ws/install/br2_basics/share/br2_basics/cmake/ament_cmake_export_dependencies-extras.cmake
-- Symlinking: /home/raul/bookros2_ws/install/br2_basics/share/br2_basics/cmake/br2_basicsConfig.cmake
-- Symlinking: /home/raul/bookros2_ws/install/br2_basics/share/br2_basics/cmake/br2_basicsConfig-version.cmake
-- Symlinking: /home/raul/bookros2_ws/install/br2_basics/share/br2_basics/package.xml
