[0.641s] Invoking command in '/home/raul/bookros2_ws/build/tiago_description_calibration': CMAKE_PREFIX_PATH=${CMAKE_PREFIX_PATH}:/home/raul/bookros2_ws/install/ros2controlcli:/home/raul/bookros2_ws/install/launch_pal:/home/raul/bookros2_ws/install/br2_fsm_bumpgo_py:/opt/ros/foxy /usr/bin/cmake --build /home/raul/bookros2_ws/build/tiago_description_calibration -- -j8 -l8
[0.822s] Invoked command in '/home/raul/bookros2_ws/build/tiago_description_calibration' returned '0': CMAKE_PREFIX_PATH=${CMAKE_PREFIX_PATH}:/home/raul/bookros2_ws/install/ros2controlcli:/home/raul/bookros2_ws/install/launch_pal:/home/raul/bookros2_ws/install/br2_fsm_bumpgo_py:/opt/ros/foxy /usr/bin/cmake --build /home/raul/bookros2_ws/build/tiago_description_calibration -- -j8 -l8
[0.967s] Invoking command in '/home/raul/bookros2_ws/build/tiago_description_calibration': CMAKE_PREFIX_PATH=${CMAKE_PREFIX_PATH}:/home/raul/bookros2_ws/install/ros2controlcli:/home/raul/bookros2_ws/install/launch_pal:/home/raul/bookros2_ws/install/br2_fsm_bumpgo_py:/opt/ros/foxy /usr/bin/cmake --install /home/raul/bookros2_ws/build/tiago_description_calibration
[1.011s] -- Install configuration: ""
[1.011s] -- Execute custom install script
[1.014s] -- Up-to-date symlink: /home/raul/bookros2_ws/install/tiago_description_calibration/share/tiago_description_calibration/urdf/calibration/calibration_constants.urdf.xacro
[1.014s] -- Up-to-date symlink: /home/raul/bookros2_ws/install/tiago_description_calibration/share/tiago_description_calibration/urdf/calibration/extrinsic_camera_calibration_constants.urdf.xacro
[1.014s] -- Up-to-date symlink: /home/raul/bookros2_ws/install/tiago_description_calibration/share/tiago_description_calibration/urdf/deg_to_rad.xacro
[1.015s] -- Up-to-date symlink: /home/raul/bookros2_ws/install/tiago_description_calibration/share/ament_index/resource_index/package_run_dependencies/tiago_description_calibration
[1.018s] -- Up-to-date symlink: /home/raul/bookros2_ws/install/tiago_description_calibration/share/ament_index/resource_index/parent_prefix_path/tiago_description_calibration
[1.019s] -- Up-to-date symlink: /home/raul/bookros2_ws/install/tiago_description_calibration/share/tiago_description_calibration/environment/ament_prefix_path.sh
[1.021s] -- Up-to-date symlink: /home/raul/bookros2_ws/install/tiago_description_calibration/share/tiago_description_calibration/environment/ament_prefix_path.dsv
[1.021s] -- Up-to-date symlink: /home/raul/bookros2_ws/install/tiago_description_calibration/share/tiago_description_calibration/environment/path.sh
[1.025s] -- Up-to-date symlink: /home/raul/bookros2_ws/install/tiago_description_calibration/share/tiago_description_calibration/environment/path.dsv
[1.027s] -- Up-to-date symlink: /home/raul/bookros2_ws/install/tiago_description_calibration/share/tiago_description_calibration/local_setup.bash
[1.028s] -- Up-to-date symlink: /home/raul/bookros2_ws/install/tiago_description_calibration/share/tiago_description_calibration/local_setup.sh
[1.028s] -- Up-to-date symlink: /home/raul/bookros2_ws/install/tiago_description_calibration/share/tiago_description_calibration/local_setup.zsh
[1.029s] -- Up-to-date symlink: /home/raul/bookros2_ws/install/tiago_description_calibration/share/tiago_description_calibration/local_setup.dsv
[1.029s] -- Symlinking: /home/raul/bookros2_ws/install/tiago_description_calibration/share/tiago_description_calibration/package.dsv
[1.060s] -- Up-to-date symlink: /home/raul/bookros2_ws/install/tiago_description_calibration/share/ament_index/resource_index/packages/tiago_description_calibration
[1.060s] -- Up-to-date symlink: /home/raul/bookros2_ws/install/tiago_description_calibration/share/tiago_description_calibration/cmake/tiago_description_calibrationConfig.cmake
[1.060s] -- Up-to-date symlink: /home/raul/bookros2_ws/install/tiago_description_calibration/share/tiago_description_calibration/cmake/tiago_description_calibrationConfig-version.cmake
[1.064s] -- Up-to-date symlink: /home/raul/bookros2_ws/install/tiago_description_calibration/share/tiago_description_calibration/package.xml
[1.258s] Invoked command in '/home/raul/bookros2_ws/build/tiago_description_calibration' returned '0': CMAKE_PREFIX_PATH=${CMAKE_PREFIX_PATH}:/home/raul/bookros2_ws/install/ros2controlcli:/home/raul/bookros2_ws/install/launch_pal:/home/raul/bookros2_ws/install/br2_fsm_bumpgo_py:/opt/ros/foxy /usr/bin/cmake --install /home/raul/bookros2_ws/build/tiago_description_calibration
