-- The C compiler identification is GNU 9.4.0
-- The CXX compiler identification is GNU 9.4.0
-- Check for working C compiler: /usr/bin/cc
-- Check for working C compiler: /usr/bin/cc -- works
-- Detecting C compiler ABI info
-- Detecting C compiler ABI info - done
-- Detecting C compile features
-- Detecting C compile features - done
-- Check for working CXX compiler: /usr/bin/c++
-- Check for working CXX compiler: /usr/bin/c++ -- works
-- Detecting CXX compiler ABI info
-- Detecting CXX compiler ABI info - done
-- Detecting CXX compile features
-- Detecting CXX compile features - done
-- Found ament_cmake: 0.9.11 (/opt/ros/foxy/share/ament_cmake/cmake)
-- Found PythonInterp: /usr/bin/python3 (found suitable version "3.8.10", minimum required is "3") 
-- Using PYTHON_EXECUTABLE: /usr/bin/python3
-- Override CMake install command with custom implementation using symlinks instead of copying resources
-- Found laser_geometry: 2.2.0 (/opt/ros/foxy/share/laser_geometry/cmake)
-- Found message_filters: 3.2.5 (/opt/ros/foxy/share/message_filters/cmake)
-- Found rclcpp: 2.4.2 (/opt/ros/foxy/share/rclcpp/cmake)
-- Using all available rosidl_typesupport_c: rosidl_typesupport_fastrtps_c;rosidl_typesupport_introspection_c
-- Found rosidl_adapter: 1.3.0 (/opt/ros/foxy/share/rosidl_adapter/cmake)
-- Found OpenSSL: /usr/lib/x86_64-linux-gnu/libcrypto.so (found version "1.1.1f")  
-- Found FastRTPS: /opt/ros/foxy/include  
-- Using all available rosidl_typesupport_cpp: rosidl_typesupport_fastrtps_cpp;rosidl_typesupport_introspection_cpp
-- Found rmw_implementation_cmake: 1.0.3 (/opt/ros/foxy/share/rmw_implementation_cmake/cmake)
-- Using RMW implementation 'rmw_fastrtps_cpp' as default
-- Looking for pthread.h
-- Looking for pthread.h - found
-- Performing Test CMAKE_HAVE_LIBC_PTHREAD
-- Performing Test CMAKE_HAVE_LIBC_PTHREAD - Failed
-- Looking for pthread_create in pthreads
-- Looking for pthread_create in pthreads - not found
-- Looking for pthread_create in pthread
-- Looking for pthread_create in pthread - found
-- Found Threads: TRUE  
-- Found rclcpp_components: 2.4.2 (/opt/ros/foxy/share/rclcpp_components/cmake)
-- Found sensor_msgs: 2.0.5 (/opt/ros/foxy/share/sensor_msgs/cmake)
-- Found tf2: 0.13.13 (/opt/ros/foxy/share/tf2/cmake)
-- Found tf2_ros: 0.13.13 (/opt/ros/foxy/share/tf2_ros/cmake)
-- Found tf2_sensor_msgs: 0.13.13 (/opt/ros/foxy/share/tf2_sensor_msgs/cmake)
-- Found ament_lint_auto: 0.9.7 (/opt/ros/foxy/share/ament_lint_auto/cmake)
-- Added test 'cppcheck' to perform static code analysis on C / C++ code
-- Configured cppcheck include dirs: $<BUILD_INTERFACE:/home/raul/bookros2_ws/src/book_ros2/pointcloud_to_laserscan/include>
-- Configured cppcheck exclude dirs and/or files: 
-- Added test 'cpplint' to check C / C++ code against the Google style
-- Configured cpplint exclude dirs and/or files: 
-- Added test 'flake8' to check Python code syntax and style conventions
-- Added test 'lint_cmake' to check CMake code style
-- Added test 'pep257' to check Python code against some of the style conventions in PEP 257
-- Added test 'uncrustify' to check C / C++ code style
-- Configured uncrustify additional arguments: 
-- Added test 'xmllint' to check XML markup files
-- Configuring done
CMake Error at CMakeLists.txt:15 (add_library):
  Target "laserscan_to_pointcloud" links to target
  "rclcpp_components::component" but the target was not found.  Perhaps a
  find_package() call is missing for an IMPORTED target, or an ALIAS target
  is missing?


CMake Error at CMakeLists.txt:15 (add_library):
  Target "laserscan_to_pointcloud" links to target
  "tf2_sensor_msgs::tf2_sensor_msgs" but the target was not found.  Perhaps a
  find_package() call is missing for an IMPORTED target, or an ALIAS target
  is missing?


CMake Error at CMakeLists.txt:36 (add_library):
  Target "pointcloud_to_laserscan" links to target
  "rclcpp_components::component" but the target was not found.  Perhaps a
  find_package() call is missing for an IMPORTED target, or an ALIAS target
  is missing?


CMake Error at CMakeLists.txt:36 (add_library):
  Target "pointcloud_to_laserscan" links to target
  "tf2_sensor_msgs::tf2_sensor_msgs" but the target was not found.  Perhaps a
  find_package() call is missing for an IMPORTED target, or an ALIAS target
  is missing?


-- Generating done
CMake Generate step failed.  Build files cannot be regenerated correctly.
