-- The C compiler identification is GNU 9.4.0
-- The CXX compiler identification is GNU 9.4.0
-- Check for working C compiler: /usr/bin/cc
-- Check for working C compiler: /usr/bin/cc -- works
-- Detecting C compiler ABI info
-- Detecting C compiler ABI info - done
-- Detecting C compile features
-- Detecting C compile features - done
-- Check for working CXX compiler: /usr/bin/c++
-- Check for working CXX compiler: /usr/bin/c++ -- works
-- Detecting CXX compiler ABI info
-- Detecting CXX compiler ABI info - done
-- Detecting CXX compile features
-- Detecting CXX compile features - done
-- Found ament_cmake: 0.9.11 (/opt/ros/foxy/share/ament_cmake/cmake)
-- Found PythonInterp: /usr/bin/python3 (found suitable version "3.8.10", minimum required is "3") 
-- Using PYTHON_EXECUTABLE: /usr/bin/python3
-- Override CMake install command with custom implementation using symlinks instead of copying resources
-- Found hardware_interface: 0.7.1 (/home/raul/bookros2_ws/install/hardware_interface/share/hardware_interface/cmake)
-- Using all available rosidl_typesupport_c: rosidl_typesupport_fastrtps_c;rosidl_typesupport_introspection_c
-- Found rosidl_adapter: 1.3.0 (/opt/ros/foxy/share/rosidl_adapter/cmake)
-- Found OpenSSL: /usr/lib/x86_64-linux-gnu/libcrypto.so (found version "1.1.1f")  
-- Found FastRTPS: /opt/ros/foxy/include  
-- Using all available rosidl_typesupport_cpp: rosidl_typesupport_fastrtps_cpp;rosidl_typesupport_introspection_cpp
-- Found TinyXML2: /usr/lib/x86_64-linux-gnu/libtinyxml2.so  
-- Found ament_cmake_gmock: 0.9.11 (/opt/ros/foxy/share/ament_cmake_gmock/cmake)
-- Found ament_lint_auto: 0.9.7 (/opt/ros/foxy/share/ament_lint_auto/cmake)
-- Found gmock sources under '/opt/ros/foxy/src/gmock_vendor': C++ tests using 'Google Mock' will be built
-- Found ament_cmake_gtest: 0.9.11 (/opt/ros/foxy/share/ament_cmake_gtest/cmake)
-- Found gtest sources under '/opt/ros/foxy/src/gtest_vendor': C++ tests using 'Google Test' will be built
-- Added test 'copyright' to check source files copyright and LICENSE
-- Added test 'cppcheck' to perform static code analysis on C / C++ code
-- Configured cppcheck include dirs: /home/raul/bookros2_ws/src/ThirdParty/ros2_control/transmission_interface/include;/home/raul/bookros2_ws/src/ThirdParty/ros2_control/transmission_interface/hardware_interface
-- Configured cppcheck exclude dirs and/or files: 
-- Added test 'cpplint' to check C / C++ code against the Google style
-- Configured cpplint exclude dirs and/or files: 
-- Added test 'lint_cmake' to check CMake code style
-- Added test 'uncrustify' to check C / C++ code style
-- Configured uncrustify additional arguments: 
-- Added test 'xmllint' to check XML markup files
-- Configuring done
-- Generating done
-- Build files have been written to: /home/raul/bookros2_ws/build/transmission_interface
[35m[1mScanning dependencies of target gmock[0m
[35m[1mScanning dependencies of target transmission_parser[0m
[35m[1mScanning dependencies of target gmock_main[0m
[  6%] [32mBuilding CXX object CMakeFiles/transmission_parser.dir/src/transmission_parser.cpp.o[0m
[ 13%] [32mBuilding CXX object gmock/CMakeFiles/gmock_main.dir/src/gmock_main.cc.o[0m
[ 20%] [32mBuilding CXX object gmock/CMakeFiles/gmock.dir/opt/ros/foxy/src/gtest_vendor/src/gtest-all.cc.o[0m
[ 26%] [32mBuilding CXX object gmock/CMakeFiles/gmock.dir/src/gmock-all.cc.o[0m
[ 33%] [32m[1mLinking CXX shared library libtransmission_parser.so[0m
[ 33%] Built target transmission_parser
[ 40%] [32m[1mLinking CXX static library libgmock_main.a[0m
[ 40%] Built target gmock_main
[ 46%] [32m[1mLinking CXX static library libgmock.a[0m
[ 46%] Built target gmock
[35m[1mScanning dependencies of target test_simple_transmission[0m
[35m[1mScanning dependencies of target test_four_bar_linkage_transmission[0m
[35m[1mScanning dependencies of target test_differential_transmission[0m
[35m[1mScanning dependencies of target test_transmission_parser[0m
[ 53%] [32mBuilding CXX object CMakeFiles/test_transmission_parser.dir/test/test_transmission_parser.cpp.o[0m
[ 60%] [32mBuilding CXX object CMakeFiles/test_simple_transmission.dir/test/simple_transmission_test.cpp.o[0m
[ 66%] [32mBuilding CXX object CMakeFiles/test_four_bar_linkage_transmission.dir/test/four_bar_linkage_transmission_test.cpp.o[0m
[ 73%] [32mBuilding CXX object CMakeFiles/test_differential_transmission.dir/test/differential_transmission_test.cpp.o[0m
[ 80%] [32m[1mLinking CXX executable test_transmission_parser[0m
[ 80%] Built target test_transmission_parser
[ 86%] [32m[1mLinking CXX executable test_simple_transmission[0m
[ 93%] [32m[1mLinking CXX executable test_differential_transmission[0m
[100%] [32m[1mLinking CXX executable test_four_bar_linkage_transmission[0m
[100%] Built target test_simple_transmission
[100%] Built target test_differential_transmission
[100%] Built target test_four_bar_linkage_transmission
-- Install configuration: ""
-- Execute custom install script
-- Symlinking: /home/raul/bookros2_ws/install/transmission_interface/include/transmission_interface/accessor.hpp
-- Symlinking: /home/raul/bookros2_ws/install/transmission_interface/include/transmission_interface/differential_transmission.hpp
-- Symlinking: /home/raul/bookros2_ws/install/transmission_interface/include/transmission_interface/exception.hpp
-- Symlinking: /home/raul/bookros2_ws/install/transmission_interface/include/transmission_interface/four_bar_linkage_transmission.hpp
-- Symlinking: /home/raul/bookros2_ws/install/transmission_interface/include/transmission_interface/handle.hpp
-- Symlinking: /home/raul/bookros2_ws/install/transmission_interface/include/transmission_interface/simple_transmission.hpp
-- Symlinking: /home/raul/bookros2_ws/install/transmission_interface/include/transmission_interface/transmission.hpp
-- Symlinking: /home/raul/bookros2_ws/install/transmission_interface/include/transmission_interface/transmission_info.hpp
-- Symlinking: /home/raul/bookros2_ws/install/transmission_interface/include/transmission_interface/transmission_parser.hpp
-- Symlinking: /home/raul/bookros2_ws/install/transmission_interface/include/transmission_interface/visibility_control.h
-- Symlinking: /home/raul/bookros2_ws/install/transmission_interface/share/ament_index/resource_index/package_run_dependencies/transmission_interface
-- Symlinking: /home/raul/bookros2_ws/install/transmission_interface/share/ament_index/resource_index/parent_prefix_path/transmission_interface
-- Symlinking: /home/raul/bookros2_ws/install/transmission_interface/share/transmission_interface/environment/ament_prefix_path.sh
-- Symlinking: /home/raul/bookros2_ws/install/transmission_interface/share/transmission_interface/environment/ament_prefix_path.dsv
-- Symlinking: /home/raul/bookros2_ws/install/transmission_interface/share/transmission_interface/environment/path.sh
-- Symlinking: /home/raul/bookros2_ws/install/transmission_interface/share/transmission_interface/environment/path.dsv
-- Symlinking: /home/raul/bookros2_ws/install/transmission_interface/share/transmission_interface/local_setup.bash
-- Symlinking: /home/raul/bookros2_ws/install/transmission_interface/share/transmission_interface/local_setup.sh
-- Symlinking: /home/raul/bookros2_ws/install/transmission_interface/share/transmission_interface/local_setup.zsh
-- Symlinking: /home/raul/bookros2_ws/install/transmission_interface/share/transmission_interface/local_setup.dsv
-- Symlinking: /home/raul/bookros2_ws/install/transmission_interface/share/transmission_interface/package.dsv
-- Symlinking: /home/raul/bookros2_ws/install/transmission_interface/share/ament_index/resource_index/packages/transmission_interface
-- Symlinking: /home/raul/bookros2_ws/install/transmission_interface/share/transmission_interface/cmake/ament_cmake_export_include_directories-extras.cmake
-- Symlinking: /home/raul/bookros2_ws/install/transmission_interface/share/transmission_interface/cmake/ament_cmake_export_dependencies-extras.cmake
-- Symlinking: /home/raul/bookros2_ws/install/transmission_interface/share/transmission_interface/cmake/transmission_interfaceConfig.cmake
-- Symlinking: /home/raul/bookros2_ws/install/transmission_interface/share/transmission_interface/cmake/transmission_interfaceConfig-version.cmake
-- Symlinking: /home/raul/bookros2_ws/install/transmission_interface/share/transmission_interface/package.xml
