[0.082s] Invoking command in '/home/raul/bookros2_ws/build/transmission_interface': AMENT_PREFIX_PATH=/home/raul/bookros2_ws/install/hardware_interface:${AMENT_PREFIX_PATH} CMAKE_PREFIX_PATH=/home/raul/bookros2_ws/install/hardware_interface:/opt/ros/foxy LD_LIBRARY_PATH=/home/raul/bookros2_ws/install/hardware_interface/lib:${LD_LIBRARY_PATH} /usr/bin/cmake /home/raul/bookros2_ws/src/ThirdParty/ros2_control/transmission_interface -DAMENT_CMAKE_SYMLINK_INSTALL=1 -DCMAKE_INSTALL_PREFIX=/home/raul/bookros2_ws/install/transmission_interface
[0.212s] -- The C compiler identification is GNU 9.4.0
[0.302s] -- The CXX compiler identification is GNU 9.4.0
[0.307s] -- Check for working C compiler: /usr/bin/cc
[0.439s] -- Check for working C compiler: /usr/bin/cc -- works
[0.440s] -- Detecting C compiler ABI info
[0.570s] -- Detecting C compiler ABI info - done
[0.591s] -- Detecting C compile features
[0.592s] -- Detecting C compile features - done
[0.592s] -- Check for working CXX compiler: /usr/bin/c++
[0.744s] -- Check for working CXX compiler: /usr/bin/c++ -- works
[0.745s] -- Detecting CXX compiler ABI info
[0.868s] -- Detecting CXX compiler ABI info - done
[0.882s] -- Detecting CXX compile features
[0.883s] -- Detecting CXX compile features - done
[0.885s] -- Found ament_cmake: 0.9.11 (/opt/ros/foxy/share/ament_cmake/cmake)
[0.916s] -- Found PythonInterp: /usr/bin/python3 (found suitable version "3.8.10", minimum required is "3") 
[0.917s] -- Using PYTHON_EXECUTABLE: /usr/bin/python3
[1.173s] -- Override CMake install command with custom implementation using symlinks instead of copying resources
[1.203s] -- Found hardware_interface: 0.7.1 (/home/raul/bookros2_ws/install/hardware_interface/share/hardware_interface/cmake)
[1.269s] -- Using all available rosidl_typesupport_c: rosidl_typesupport_fastrtps_c;rosidl_typesupport_introspection_c
[1.280s] -- Found rosidl_adapter: 1.3.0 (/opt/ros/foxy/share/rosidl_adapter/cmake)
[1.434s] -- Found OpenSSL: /usr/lib/x86_64-linux-gnu/libcrypto.so (found version "1.1.1f")  
[1.474s] -- Found FastRTPS: /opt/ros/foxy/include  
[1.596s] -- Using all available rosidl_typesupport_cpp: rosidl_typesupport_fastrtps_cpp;rosidl_typesupport_introspection_cpp
[2.267s] -- Found TinyXML2: /usr/lib/x86_64-linux-gnu/libtinyxml2.so  
[2.281s] -- Found ament_cmake_gmock: 0.9.11 (/opt/ros/foxy/share/ament_cmake_gmock/cmake)
[2.285s] -- Found ament_lint_auto: 0.9.7 (/opt/ros/foxy/share/ament_lint_auto/cmake)
[2.394s] -- Found gmock sources under '/opt/ros/foxy/src/gmock_vendor': C++ tests using 'Google Mock' will be built
[2.400s] -- Found ament_cmake_gtest: 0.9.11 (/opt/ros/foxy/share/ament_cmake_gtest/cmake)
[2.403s] -- Found gtest sources under '/opt/ros/foxy/src/gtest_vendor': C++ tests using 'Google Test' will be built
[2.457s] -- Added test 'copyright' to check source files copyright and LICENSE
[2.461s] -- Added test 'cppcheck' to perform static code analysis on C / C++ code
[2.461s] -- Configured cppcheck include dirs: /home/raul/bookros2_ws/src/ThirdParty/ros2_control/transmission_interface/include;/home/raul/bookros2_ws/src/ThirdParty/ros2_control/transmission_interface/hardware_interface
[2.461s] -- Configured cppcheck exclude dirs and/or files: 
[2.465s] -- Added test 'cpplint' to check C / C++ code against the Google style
[2.465s] -- Configured cpplint exclude dirs and/or files: 
[2.465s] -- Added test 'lint_cmake' to check CMake code style
[2.469s] -- Added test 'uncrustify' to check C / C++ code style
[2.469s] -- Configured uncrustify additional arguments: 
[2.469s] -- Added test 'xmllint' to check XML markup files
[2.477s] -- Configuring done
[2.609s] -- Generating done
[2.611s] -- Build files have been written to: /home/raul/bookros2_ws/build/transmission_interface
[2.625s] Invoked command in '/home/raul/bookros2_ws/build/transmission_interface' returned '0': AMENT_PREFIX_PATH=/home/raul/bookros2_ws/install/hardware_interface:${AMENT_PREFIX_PATH} CMAKE_PREFIX_PATH=/home/raul/bookros2_ws/install/hardware_interface:/opt/ros/foxy LD_LIBRARY_PATH=/home/raul/bookros2_ws/install/hardware_interface/lib:${LD_LIBRARY_PATH} /usr/bin/cmake /home/raul/bookros2_ws/src/ThirdParty/ros2_control/transmission_interface -DAMENT_CMAKE_SYMLINK_INSTALL=1 -DCMAKE_INSTALL_PREFIX=/home/raul/bookros2_ws/install/transmission_interface
[2.627s] Invoking command in '/home/raul/bookros2_ws/build/transmission_interface': AMENT_PREFIX_PATH=/home/raul/bookros2_ws/install/hardware_interface:${AMENT_PREFIX_PATH} CMAKE_PREFIX_PATH=/home/raul/bookros2_ws/install/hardware_interface:/opt/ros/foxy LD_LIBRARY_PATH=/home/raul/bookros2_ws/install/hardware_interface/lib:${LD_LIBRARY_PATH} /usr/bin/cmake --build /home/raul/bookros2_ws/build/transmission_interface -- -j8 -l8
[2.690s] [35m[1mScanning dependencies of target gmock[0m
[2.690s] [35m[1mScanning dependencies of target transmission_parser[0m
[2.690s] [35m[1mScanning dependencies of target gmock_main[0m
[2.712s] [  6%] [32mBuilding CXX object CMakeFiles/transmission_parser.dir/src/transmission_parser.cpp.o[0m
[2.727s] [ 13%] [32mBuilding CXX object gmock/CMakeFiles/gmock_main.dir/src/gmock_main.cc.o[0m
[2.738s] [ 20%] [32mBuilding CXX object gmock/CMakeFiles/gmock.dir/opt/ros/foxy/src/gtest_vendor/src/gtest-all.cc.o[0m
[2.740s] [ 26%] [32mBuilding CXX object gmock/CMakeFiles/gmock.dir/src/gmock-all.cc.o[0m
[3.642s] [ 33%] [32m[1mLinking CXX shared library libtransmission_parser.so[0m
[3.848s] [ 33%] Built target transmission_parser
[4.309s] [ 40%] [32m[1mLinking CXX static library libgmock_main.a[0m
[4.518s] [ 40%] Built target gmock_main
[7.011s] [ 46%] [32m[1mLinking CXX static library libgmock.a[0m
[7.099s] [ 46%] Built target gmock
[7.116s] [35m[1mScanning dependencies of target test_simple_transmission[0m
[7.116s] [35m[1mScanning dependencies of target test_four_bar_linkage_transmission[0m
[7.117s] [35m[1mScanning dependencies of target test_differential_transmission[0m
[7.117s] [35m[1mScanning dependencies of target test_transmission_parser[0m
[7.144s] [ 53%] [32mBuilding CXX object CMakeFiles/test_transmission_parser.dir/test/test_transmission_parser.cpp.o[0m
[7.153s] [ 60%] [32mBuilding CXX object CMakeFiles/test_simple_transmission.dir/test/simple_transmission_test.cpp.o[0m
[7.153s] [ 66%] [32mBuilding CXX object CMakeFiles/test_four_bar_linkage_transmission.dir/test/four_bar_linkage_transmission_test.cpp.o[0m
[7.153s] [ 73%] [32mBuilding CXX object CMakeFiles/test_differential_transmission.dir/test/differential_transmission_test.cpp.o[0m
[8.950s] [ 80%] [32m[1mLinking CXX executable test_transmission_parser[0m
[9.267s] [ 80%] Built target test_transmission_parser
[9.362s] [ 86%] [32m[1mLinking CXX executable test_simple_transmission[0m
[9.509s] [ 93%] [32m[1mLinking CXX executable test_differential_transmission[0m
[9.537s] [100%] [32m[1mLinking CXX executable test_four_bar_linkage_transmission[0m
[9.709s] [100%] Built target test_simple_transmission
[9.833s] [100%] Built target test_differential_transmission
[9.864s] [100%] Built target test_four_bar_linkage_transmission
[9.882s] Invoked command in '/home/raul/bookros2_ws/build/transmission_interface' returned '0': AMENT_PREFIX_PATH=/home/raul/bookros2_ws/install/hardware_interface:${AMENT_PREFIX_PATH} CMAKE_PREFIX_PATH=/home/raul/bookros2_ws/install/hardware_interface:/opt/ros/foxy LD_LIBRARY_PATH=/home/raul/bookros2_ws/install/hardware_interface/lib:${LD_LIBRARY_PATH} /usr/bin/cmake --build /home/raul/bookros2_ws/build/transmission_interface -- -j8 -l8
[9.947s] Invoking command in '/home/raul/bookros2_ws/build/transmission_interface': AMENT_PREFIX_PATH=/home/raul/bookros2_ws/install/hardware_interface:${AMENT_PREFIX_PATH} CMAKE_PREFIX_PATH=/home/raul/bookros2_ws/install/hardware_interface:/opt/ros/foxy LD_LIBRARY_PATH=/home/raul/bookros2_ws/install/hardware_interface/lib:${LD_LIBRARY_PATH} /usr/bin/cmake --install /home/raul/bookros2_ws/build/transmission_interface
[9.957s] -- Install configuration: ""
[9.958s] -- Execute custom install script
[9.958s] -- Symlinking: /home/raul/bookros2_ws/install/transmission_interface/include/transmission_interface/accessor.hpp
[9.971s] -- Symlinking: /home/raul/bookros2_ws/install/transmission_interface/include/transmission_interface/differential_transmission.hpp
[9.983s] -- Symlinking: /home/raul/bookros2_ws/install/transmission_interface/include/transmission_interface/exception.hpp
[9.996s] -- Symlinking: /home/raul/bookros2_ws/install/transmission_interface/include/transmission_interface/four_bar_linkage_transmission.hpp
[10.008s] -- Symlinking: /home/raul/bookros2_ws/install/transmission_interface/include/transmission_interface/handle.hpp
[10.021s] -- Symlinking: /home/raul/bookros2_ws/install/transmission_interface/include/transmission_interface/simple_transmission.hpp
[10.034s] -- Symlinking: /home/raul/bookros2_ws/install/transmission_interface/include/transmission_interface/transmission.hpp
[10.046s] -- Symlinking: /home/raul/bookros2_ws/install/transmission_interface/include/transmission_interface/transmission_info.hpp
[10.059s] -- Symlinking: /home/raul/bookros2_ws/install/transmission_interface/include/transmission_interface/transmission_parser.hpp
[10.071s] -- Symlinking: /home/raul/bookros2_ws/install/transmission_interface/include/transmission_interface/visibility_control.h
[10.084s] -- Symlinking: /home/raul/bookros2_ws/install/transmission_interface/share/ament_index/resource_index/package_run_dependencies/transmission_interface
[10.096s] -- Symlinking: /home/raul/bookros2_ws/install/transmission_interface/share/ament_index/resource_index/parent_prefix_path/transmission_interface
[10.109s] -- Symlinking: /home/raul/bookros2_ws/install/transmission_interface/share/transmission_interface/environment/ament_prefix_path.sh
[10.122s] -- Symlinking: /home/raul/bookros2_ws/install/transmission_interface/share/transmission_interface/environment/ament_prefix_path.dsv
[10.135s] -- Symlinking: /home/raul/bookros2_ws/install/transmission_interface/share/transmission_interface/environment/path.sh
[10.149s] -- Symlinking: /home/raul/bookros2_ws/install/transmission_interface/share/transmission_interface/environment/path.dsv
[10.162s] -- Symlinking: /home/raul/bookros2_ws/install/transmission_interface/share/transmission_interface/local_setup.bash
[10.175s] -- Symlinking: /home/raul/bookros2_ws/install/transmission_interface/share/transmission_interface/local_setup.sh
[10.188s] -- Symlinking: /home/raul/bookros2_ws/install/transmission_interface/share/transmission_interface/local_setup.zsh
[10.201s] -- Symlinking: /home/raul/bookros2_ws/install/transmission_interface/share/transmission_interface/local_setup.dsv
[10.215s] -- Symlinking: /home/raul/bookros2_ws/install/transmission_interface/share/transmission_interface/package.dsv
[10.227s] -- Symlinking: /home/raul/bookros2_ws/install/transmission_interface/share/ament_index/resource_index/packages/transmission_interface
[10.241s] -- Symlinking: /home/raul/bookros2_ws/install/transmission_interface/share/transmission_interface/cmake/ament_cmake_export_include_directories-extras.cmake
[10.254s] -- Symlinking: /home/raul/bookros2_ws/install/transmission_interface/share/transmission_interface/cmake/ament_cmake_export_dependencies-extras.cmake
[10.267s] -- Symlinking: /home/raul/bookros2_ws/install/transmission_interface/share/transmission_interface/cmake/transmission_interfaceConfig.cmake
[10.280s] -- Symlinking: /home/raul/bookros2_ws/install/transmission_interface/share/transmission_interface/cmake/transmission_interfaceConfig-version.cmake
[10.293s] -- Symlinking: /home/raul/bookros2_ws/install/transmission_interface/share/transmission_interface/package.xml
[10.311s] Invoked command in '/home/raul/bookros2_ws/build/transmission_interface' returned '0': AMENT_PREFIX_PATH=/home/raul/bookros2_ws/install/hardware_interface:${AMENT_PREFIX_PATH} CMAKE_PREFIX_PATH=/home/raul/bookros2_ws/install/hardware_interface:/opt/ros/foxy LD_LIBRARY_PATH=/home/raul/bookros2_ws/install/hardware_interface/lib:${LD_LIBRARY_PATH} /usr/bin/cmake --install /home/raul/bookros2_ws/build/transmission_interface
