[0.035s] Invoking command in '/home/raul/bookros2_ws/build/br2_bt_bumpgo': CMAKE_PREFIX_PATH=${CMAKE_PREFIX_PATH}:/home/raul/bookros2_ws/install/ros2controlcli:/home/raul/bookros2_ws/install/launch_pal:/home/raul/bookros2_ws/install/br2_fsm_bumpgo_py:/opt/ros/foxy /usr/bin/cmake --build /home/raul/bookros2_ws/build/br2_bt_bumpgo -- -j8 -l8
[0.324s] [ 11%] Built target br2_back_bt_node
[0.331s] [ 22%] Built target bt_bumpgo
[0.334s] [ 33%] Built target br2_forward_bt_node
[0.339s] [ 44%] Built target bt_forward
[0.342s] [ 55%] Built target br2_turn_bt_node
[0.345s] [ 66%] Built target br2_is_obstacle_bt_node
[0.391s] [ 77%] Built target gtest_main
[0.399s] [ 88%] Built target gtest
[0.478s] [100%] Built target bt_action_test
[0.528s] Invoked command in '/home/raul/bookros2_ws/build/br2_bt_bumpgo' returned '0': CMAKE_PREFIX_PATH=${CMAKE_PREFIX_PATH}:/home/raul/bookros2_ws/install/ros2controlcli:/home/raul/bookros2_ws/install/launch_pal:/home/raul/bookros2_ws/install/br2_fsm_bumpgo_py:/opt/ros/foxy /usr/bin/cmake --build /home/raul/bookros2_ws/build/br2_bt_bumpgo -- -j8 -l8
[0.751s] Invoking command in '/home/raul/bookros2_ws/build/br2_bt_bumpgo': CMAKE_PREFIX_PATH=${CMAKE_PREFIX_PATH}:/home/raul/bookros2_ws/install/ros2controlcli:/home/raul/bookros2_ws/install/launch_pal:/home/raul/bookros2_ws/install/br2_fsm_bumpgo_py:/opt/ros/foxy /usr/bin/cmake --install /home/raul/bookros2_ws/build/br2_bt_bumpgo
[0.774s] -- Install configuration: ""
[0.775s] -- Execute custom install script
[0.775s] -- Up-to-date symlink: /home/raul/bookros2_ws/install/br2_bt_bumpgo/lib/libbr2_forward_bt_node.so
[0.776s] -- Up-to-date symlink: /home/raul/bookros2_ws/install/br2_bt_bumpgo/lib/libbr2_back_bt_node.so
[0.776s] -- Up-to-date symlink: /home/raul/bookros2_ws/install/br2_bt_bumpgo/lib/libbr2_turn_bt_node.so
[0.777s] -- Up-to-date symlink: /home/raul/bookros2_ws/install/br2_bt_bumpgo/lib/libbr2_is_obstacle_bt_node.so
[0.777s] -- Up-to-date symlink: /home/raul/bookros2_ws/install/br2_bt_bumpgo/lib/br2_bt_bumpgo/bt_bumpgo
[0.778s] -- Up-to-date symlink: /home/raul/bookros2_ws/install/br2_bt_bumpgo/include//br2_bt_bumpgo/Back.hpp
[0.779s] -- Up-to-date symlink: /home/raul/bookros2_ws/install/br2_bt_bumpgo/include//br2_bt_bumpgo/Forward.hpp
[0.779s] -- Up-to-date symlink: /home/raul/bookros2_ws/install/br2_bt_bumpgo/include//br2_bt_bumpgo/IsObstacle.hpp
[0.779s] -- Up-to-date symlink: /home/raul/bookros2_ws/install/br2_bt_bumpgo/include//br2_bt_bumpgo/Turn.hpp
[0.779s] -- Up-to-date symlink: /home/raul/bookros2_ws/install/br2_bt_bumpgo/share/br2_bt_bumpgo/behavior_tree_xml/bumpgo.xml
[0.780s] -- Up-to-date symlink: /home/raul/bookros2_ws/install/br2_bt_bumpgo/lib/br2_bt_bumpgo/bt_forward
[0.780s] -- Up-to-date symlink: /home/raul/bookros2_ws/install/br2_bt_bumpgo/share/ament_index/resource_index/package_run_dependencies/br2_bt_bumpgo
[0.780s] -- Up-to-date symlink: /home/raul/bookros2_ws/install/br2_bt_bumpgo/share/ament_index/resource_index/parent_prefix_path/br2_bt_bumpgo
[0.782s] -- Up-to-date symlink: /home/raul/bookros2_ws/install/br2_bt_bumpgo/share/br2_bt_bumpgo/environment/ament_prefix_path.sh
[0.782s] -- Up-to-date symlink: /home/raul/bookros2_ws/install/br2_bt_bumpgo/share/br2_bt_bumpgo/environment/ament_prefix_path.dsv
[0.782s] -- Up-to-date symlink: /home/raul/bookros2_ws/install/br2_bt_bumpgo/share/br2_bt_bumpgo/environment/path.sh
[0.783s] -- Up-to-date symlink: /home/raul/bookros2_ws/install/br2_bt_bumpgo/share/br2_bt_bumpgo/environment/path.dsv
[0.783s] -- Up-to-date symlink: /home/raul/bookros2_ws/install/br2_bt_bumpgo/share/br2_bt_bumpgo/local_setup.bash
[0.785s] -- Up-to-date symlink: /home/raul/bookros2_ws/install/br2_bt_bumpgo/share/br2_bt_bumpgo/local_setup.sh
[0.786s] -- Up-to-date symlink: /home/raul/bookros2_ws/install/br2_bt_bumpgo/share/br2_bt_bumpgo/local_setup.zsh
[0.786s] -- Up-to-date symlink: /home/raul/bookros2_ws/install/br2_bt_bumpgo/share/br2_bt_bumpgo/local_setup.dsv
[0.787s] -- Symlinking: /home/raul/bookros2_ws/install/br2_bt_bumpgo/share/br2_bt_bumpgo/package.dsv
[0.818s] -- Up-to-date symlink: /home/raul/bookros2_ws/install/br2_bt_bumpgo/share/ament_index/resource_index/packages/br2_bt_bumpgo
[0.818s] -- Up-to-date symlink: /home/raul/bookros2_ws/install/br2_bt_bumpgo/share/br2_bt_bumpgo/cmake/ament_cmake_export_include_directories-extras.cmake
[0.819s] -- Up-to-date symlink: /home/raul/bookros2_ws/install/br2_bt_bumpgo/share/br2_bt_bumpgo/cmake/ament_cmake_export_dependencies-extras.cmake
[0.820s] -- Up-to-date symlink: /home/raul/bookros2_ws/install/br2_bt_bumpgo/share/br2_bt_bumpgo/cmake/br2_bt_bumpgoConfig.cmake
[0.821s] -- Up-to-date symlink: /home/raul/bookros2_ws/install/br2_bt_bumpgo/share/br2_bt_bumpgo/cmake/br2_bt_bumpgoConfig-version.cmake
[0.831s] -- Up-to-date symlink: /home/raul/bookros2_ws/install/br2_bt_bumpgo/share/br2_bt_bumpgo/package.xml
[0.926s] Invoked command in '/home/raul/bookros2_ws/build/br2_bt_bumpgo' returned '0': CMAKE_PREFIX_PATH=${CMAKE_PREFIX_PATH}:/home/raul/bookros2_ws/install/ros2controlcli:/home/raul/bookros2_ws/install/launch_pal:/home/raul/bookros2_ws/install/br2_fsm_bumpgo_py:/opt/ros/foxy /usr/bin/cmake --install /home/raul/bookros2_ws/build/br2_bt_bumpgo
