[0.141s] Invoking command in '/home/raul/bookros2_ws/build/controller_manager_msgs': CMAKE_PREFIX_PATH=${CMAKE_PREFIX_PATH}:/home/raul/bookros2_ws/install/ros2controlcli:/home/raul/bookros2_ws/install/launch_pal:/home/raul/bookros2_ws/install/br2_fsm_bumpgo_py:/opt/ros/foxy /usr/bin/cmake --build /home/raul/bookros2_ws/build/controller_manager_msgs -- -j8 -l8
[0.484s] [  0%] Built target controller_manager_msgs__cpp
[0.485s] [ 12%] Built target controller_manager_msgs__rosidl_generator_c
[0.485s] [ 32%] Built target controller_manager_msgs__rosidl_typesupport_cpp
[0.485s] [ 36%] Built target controller_manager_msgs__rosidl_typesupport_introspection_cpp
[0.485s] [ 48%] Built target controller_manager_msgs__rosidl_typesupport_c
[0.485s] [ 71%] Built target controller_manager_msgs__rosidl_typesupport_introspection_c
[0.485s] [ 72%] Built target controller_manager_msgs__rosidl_typesupport_fastrtps_cpp
[0.485s] [ 84%] Built target controller_manager_msgs__rosidl_typesupport_fastrtps_c
[0.485s] [ 84%] Built target controller_manager_msgs
[0.530s] [ 85%] Built target controller_manager_msgs__py
[0.619s] [ 96%] Built target controller_manager_msgs__python
[0.693s] [ 97%] Built target controller_manager_msgs__rosidl_typesupport_fastrtps_c__pyext
[0.706s] [ 98%] Built target controller_manager_msgs__rosidl_typesupport_c__pyext
[0.707s] [100%] Built target controller_manager_msgs__rosidl_typesupport_introspection_c__pyext
[0.870s] Invoked command in '/home/raul/bookros2_ws/build/controller_manager_msgs' returned '0': CMAKE_PREFIX_PATH=${CMAKE_PREFIX_PATH}:/home/raul/bookros2_ws/install/ros2controlcli:/home/raul/bookros2_ws/install/launch_pal:/home/raul/bookros2_ws/install/br2_fsm_bumpgo_py:/opt/ros/foxy /usr/bin/cmake --build /home/raul/bookros2_ws/build/controller_manager_msgs -- -j8 -l8
[2.025s] Invoking command in '/home/raul/bookros2_ws/build/controller_manager_msgs': CMAKE_PREFIX_PATH=${CMAKE_PREFIX_PATH}:/home/raul/bookros2_ws/install/ros2controlcli:/home/raul/bookros2_ws/install/launch_pal:/home/raul/bookros2_ws/install/br2_fsm_bumpgo_py:/opt/ros/foxy /usr/bin/cmake --install /home/raul/bookros2_ws/build/controller_manager_msgs
[2.062s] -- Install configuration: ""
[2.062s] -- Execute custom install script
[2.067s] -- Up-to-date symlink: /home/raul/bookros2_ws/install/controller_manager_msgs/share/ament_index/resource_index/rosidl_interfaces/controller_manager_msgs
[2.070s] -- Up-to-date symlink: /home/raul/bookros2_ws/install/controller_manager_msgs/include/controller_manager_msgs/msg/controller_state.h
[2.070s] -- Up-to-date symlink: /home/raul/bookros2_ws/install/controller_manager_msgs/include/controller_manager_msgs/msg/detail/controller_state__functions.h
[2.071s] -- Up-to-date symlink: /home/raul/bookros2_ws/install/controller_manager_msgs/include/controller_manager_msgs/msg/detail/controller_state__struct.h
[2.072s] -- Up-to-date symlink: /home/raul/bookros2_ws/install/controller_manager_msgs/include/controller_manager_msgs/msg/detail/controller_state__type_support.h
[2.073s] -- Up-to-date symlink: /home/raul/bookros2_ws/install/controller_manager_msgs/include/controller_manager_msgs/msg/detail/hardware_interface__functions.h
[2.073s] -- Up-to-date symlink: /home/raul/bookros2_ws/install/controller_manager_msgs/include/controller_manager_msgs/msg/detail/hardware_interface__struct.h
[2.074s] -- Up-to-date symlink: /home/raul/bookros2_ws/install/controller_manager_msgs/include/controller_manager_msgs/msg/detail/hardware_interface__type_support.h
[2.074s] -- Up-to-date symlink: /home/raul/bookros2_ws/install/controller_manager_msgs/include/controller_manager_msgs/msg/hardware_interface.h
[2.076s] -- Up-to-date symlink: /home/raul/bookros2_ws/install/controller_manager_msgs/include/controller_manager_msgs/msg/rosidl_generator_c__visibility_control.h
[2.076s] -- Up-to-date symlink: /home/raul/bookros2_ws/install/controller_manager_msgs/include/controller_manager_msgs/srv/configure_controller.h
[2.077s] -- Up-to-date symlink: /home/raul/bookros2_ws/install/controller_manager_msgs/include/controller_manager_msgs/srv/configure_start_controller.h
[2.079s] -- Up-to-date symlink: /home/raul/bookros2_ws/install/controller_manager_msgs/include/controller_manager_msgs/srv/detail/configure_controller__functions.h
[2.080s] -- Up-to-date symlink: /home/raul/bookros2_ws/install/controller_manager_msgs/include/controller_manager_msgs/srv/detail/configure_controller__struct.h
[2.081s] -- Up-to-date symlink: /home/raul/bookros2_ws/install/controller_manager_msgs/include/controller_manager_msgs/srv/detail/configure_controller__type_support.h
[2.082s] -- Up-to-date symlink: /home/raul/bookros2_ws/install/controller_manager_msgs/include/controller_manager_msgs/srv/detail/configure_start_controller__functions.h
[2.083s] -- Up-to-date symlink: /home/raul/bookros2_ws/install/controller_manager_msgs/include/controller_manager_msgs/srv/detail/configure_start_controller__struct.h
[2.084s] -- Up-to-date symlink: /home/raul/bookros2_ws/install/controller_manager_msgs/include/controller_manager_msgs/srv/detail/configure_start_controller__type_support.h
[2.085s] -- Up-to-date symlink: /home/raul/bookros2_ws/install/controller_manager_msgs/include/controller_manager_msgs/srv/detail/list_controller_types__functions.h
[2.090s] -- Up-to-date symlink: /home/raul/bookros2_ws/install/controller_manager_msgs/include/controller_manager_msgs/srv/detail/list_controller_types__struct.h
[2.091s] -- Up-to-date symlink: /home/raul/bookros2_ws/install/controller_manager_msgs/include/controller_manager_msgs/srv/detail/list_controller_types__type_support.h
[2.092s] -- Up-to-date symlink: /home/raul/bookros2_ws/install/controller_manager_msgs/include/controller_manager_msgs/srv/detail/list_controllers__functions.h
[2.092s] -- Up-to-date symlink: /home/raul/bookros2_ws/install/controller_manager_msgs/include/controller_manager_msgs/srv/detail/list_controllers__struct.h
[2.094s] -- Up-to-date symlink: /home/raul/bookros2_ws/install/controller_manager_msgs/include/controller_manager_msgs/srv/detail/list_controllers__type_support.h
[2.095s] -- Up-to-date symlink: /home/raul/bookros2_ws/install/controller_manager_msgs/include/controller_manager_msgs/srv/detail/list_hardware_interfaces__functions.h
[2.101s] -- Up-to-date symlink: /home/raul/bookros2_ws/install/controller_manager_msgs/include/controller_manager_msgs/srv/detail/list_hardware_interfaces__struct.h
[2.102s] -- Up-to-date symlink: /home/raul/bookros2_ws/install/controller_manager_msgs/include/controller_manager_msgs/srv/detail/list_hardware_interfaces__type_support.h
[2.102s] -- Up-to-date symlink: /home/raul/bookros2_ws/install/controller_manager_msgs/include/controller_manager_msgs/srv/detail/load_configure_controller__functions.h
[2.102s] -- Up-to-date symlink: /home/raul/bookros2_ws/install/controller_manager_msgs/include/controller_manager_msgs/srv/detail/load_configure_controller__struct.h
[2.113s] -- Up-to-date symlink: /home/raul/bookros2_ws/install/controller_manager_msgs/include/controller_manager_msgs/srv/detail/load_configure_controller__type_support.h
[2.115s] -- Up-to-date symlink: /home/raul/bookros2_ws/install/controller_manager_msgs/include/controller_manager_msgs/srv/detail/load_controller__functions.h
[2.115s] -- Up-to-date symlink: /home/raul/bookros2_ws/install/controller_manager_msgs/include/controller_manager_msgs/srv/detail/load_controller__struct.h
[2.116s] -- Up-to-date symlink: /home/raul/bookros2_ws/install/controller_manager_msgs/include/controller_manager_msgs/srv/detail/load_controller__type_support.h
[2.116s] -- Up-to-date symlink: /home/raul/bookros2_ws/install/controller_manager_msgs/include/controller_manager_msgs/srv/detail/load_start_controller__functions.h
[2.116s] -- Up-to-date symlink: /home/raul/bookros2_ws/install/controller_manager_msgs/include/controller_manager_msgs/srv/detail/load_start_controller__struct.h
[2.128s] -- Up-to-date symlink: /home/raul/bookros2_ws/install/controller_manager_msgs/include/controller_manager_msgs/srv/detail/load_start_controller__type_support.h
[2.129s] -- Up-to-date symlink: /home/raul/bookros2_ws/install/controller_manager_msgs/include/controller_manager_msgs/srv/detail/reload_controller_libraries__functions.h
[2.129s] -- Up-to-date symlink: /home/raul/bookros2_ws/install/controller_manager_msgs/include/controller_manager_msgs/srv/detail/reload_controller_libraries__struct.h
[2.130s] -- Up-to-date symlink: /home/raul/bookros2_ws/install/controller_manager_msgs/include/controller_manager_msgs/srv/detail/reload_controller_libraries__type_support.h
[2.131s] -- Up-to-date symlink: /home/raul/bookros2_ws/install/controller_manager_msgs/include/controller_manager_msgs/srv/detail/switch_controller__functions.h
[2.131s] -- Up-to-date symlink: /home/raul/bookros2_ws/install/controller_manager_msgs/include/controller_manager_msgs/srv/detail/switch_controller__struct.h
[2.132s] -- Up-to-date symlink: /home/raul/bookros2_ws/install/controller_manager_msgs/include/controller_manager_msgs/srv/detail/switch_controller__type_support.h
[2.133s] -- Up-to-date symlink: /home/raul/bookros2_ws/install/controller_manager_msgs/include/controller_manager_msgs/srv/detail/unload_controller__functions.h
[2.134s] -- Up-to-date symlink: /home/raul/bookros2_ws/install/controller_manager_msgs/include/controller_manager_msgs/srv/detail/unload_controller__struct.h
[2.135s] -- Up-to-date symlink: /home/raul/bookros2_ws/install/controller_manager_msgs/include/controller_manager_msgs/srv/detail/unload_controller__type_support.h
[2.135s] -- Up-to-date symlink: /home/raul/bookros2_ws/install/controller_manager_msgs/include/controller_manager_msgs/srv/list_controller_types.h
[2.136s] -- Up-to-date symlink: /home/raul/bookros2_ws/install/controller_manager_msgs/include/controller_manager_msgs/srv/list_controllers.h
[2.137s] -- Up-to-date symlink: /home/raul/bookros2_ws/install/controller_manager_msgs/include/controller_manager_msgs/srv/list_hardware_interfaces.h
[2.137s] -- Up-to-date symlink: /home/raul/bookros2_ws/install/controller_manager_msgs/include/controller_manager_msgs/srv/load_configure_controller.h
[2.137s] -- Up-to-date symlink: /home/raul/bookros2_ws/install/controller_manager_msgs/include/controller_manager_msgs/srv/load_controller.h
[2.138s] -- Up-to-date symlink: /home/raul/bookros2_ws/install/controller_manager_msgs/include/controller_manager_msgs/srv/load_start_controller.h
[2.138s] -- Up-to-date symlink: /home/raul/bookros2_ws/install/controller_manager_msgs/include/controller_manager_msgs/srv/reload_controller_libraries.h
[2.138s] -- Up-to-date symlink: /home/raul/bookros2_ws/install/controller_manager_msgs/include/controller_manager_msgs/srv/switch_controller.h
[2.139s] -- Up-to-date symlink: /home/raul/bookros2_ws/install/controller_manager_msgs/include/controller_manager_msgs/srv/unload_controller.h
[2.139s] -- Up-to-date symlink: /home/raul/bookros2_ws/install/controller_manager_msgs/share/controller_manager_msgs/environment/library_path.sh
[2.140s] -- Up-to-date symlink: /home/raul/bookros2_ws/install/controller_manager_msgs/share/controller_manager_msgs/environment/library_path.dsv
[2.141s] -- Up-to-date symlink: /home/raul/bookros2_ws/install/controller_manager_msgs/include/controller_manager_msgs/msg/detail/controller_state__rosidl_typesupport_fastrtps_c.h
[2.141s] -- Up-to-date symlink: /home/raul/bookros2_ws/install/controller_manager_msgs/include/controller_manager_msgs/msg/detail/hardware_interface__rosidl_typesupport_fastrtps_c.h
[2.141s] -- Up-to-date symlink: /home/raul/bookros2_ws/install/controller_manager_msgs/include/controller_manager_msgs/msg/rosidl_typesupport_fastrtps_c__visibility_control.h
[2.141s] -- Up-to-date symlink: /home/raul/bookros2_ws/install/controller_manager_msgs/include/controller_manager_msgs/srv/detail/configure_controller__rosidl_typesupport_fastrtps_c.h
[2.142s] -- Up-to-date symlink: /home/raul/bookros2_ws/install/controller_manager_msgs/include/controller_manager_msgs/srv/detail/configure_start_controller__rosidl_typesupport_fastrtps_c.h
[2.142s] -- Up-to-date symlink: /home/raul/bookros2_ws/install/controller_manager_msgs/include/controller_manager_msgs/srv/detail/list_controller_types__rosidl_typesupport_fastrtps_c.h
[2.143s] -- Up-to-date symlink: /home/raul/bookros2_ws/install/controller_manager_msgs/include/controller_manager_msgs/srv/detail/list_controllers__rosidl_typesupport_fastrtps_c.h
[2.144s] -- Up-to-date symlink: /home/raul/bookros2_ws/install/controller_manager_msgs/include/controller_manager_msgs/srv/detail/list_hardware_interfaces__rosidl_typesupport_fastrtps_c.h
[2.144s] -- Up-to-date symlink: /home/raul/bookros2_ws/install/controller_manager_msgs/include/controller_manager_msgs/srv/detail/load_configure_controller__rosidl_typesupport_fastrtps_c.h
[2.152s] -- Up-to-date symlink: /home/raul/bookros2_ws/install/controller_manager_msgs/include/controller_manager_msgs/srv/detail/load_controller__rosidl_typesupport_fastrtps_c.h
[2.152s] -- Up-to-date symlink: /home/raul/bookros2_ws/install/controller_manager_msgs/include/controller_manager_msgs/srv/detail/load_start_controller__rosidl_typesupport_fastrtps_c.h
[2.153s] -- Up-to-date symlink: /home/raul/bookros2_ws/install/controller_manager_msgs/include/controller_manager_msgs/srv/detail/reload_controller_libraries__rosidl_typesupport_fastrtps_c.h
[2.153s] -- Up-to-date symlink: /home/raul/bookros2_ws/install/controller_manager_msgs/include/controller_manager_msgs/srv/detail/switch_controller__rosidl_typesupport_fastrtps_c.h
[2.153s] -- Up-to-date symlink: /home/raul/bookros2_ws/install/controller_manager_msgs/include/controller_manager_msgs/srv/detail/unload_controller__rosidl_typesupport_fastrtps_c.h
[2.153s] -- Up-to-date symlink: /home/raul/bookros2_ws/install/controller_manager_msgs/lib/libcontroller_manager_msgs__rosidl_typesupport_fastrtps_c.so
[2.154s] -- Up-to-date symlink: /home/raul/bookros2_ws/install/controller_manager_msgs/include/controller_manager_msgs/msg/detail/controller_state__rosidl_typesupport_fastrtps_cpp.hpp
[2.154s] -- Up-to-date symlink: /home/raul/bookros2_ws/install/controller_manager_msgs/include/controller_manager_msgs/msg/detail/hardware_interface__rosidl_typesupport_fastrtps_cpp.hpp
[2.155s] -- Up-to-date symlink: /home/raul/bookros2_ws/install/controller_manager_msgs/include/controller_manager_msgs/msg/rosidl_typesupport_fastrtps_cpp__visibility_control.h
[2.155s] -- Up-to-date symlink: /home/raul/bookros2_ws/install/controller_manager_msgs/include/controller_manager_msgs/srv/detail/configure_controller__rosidl_typesupport_fastrtps_cpp.hpp
[2.156s] -- Up-to-date symlink: /home/raul/bookros2_ws/install/controller_manager_msgs/include/controller_manager_msgs/srv/detail/configure_start_controller__rosidl_typesupport_fastrtps_cpp.hpp
[2.156s] -- Up-to-date symlink: /home/raul/bookros2_ws/install/controller_manager_msgs/include/controller_manager_msgs/srv/detail/list_controller_types__rosidl_typesupport_fastrtps_cpp.hpp
[2.156s] -- Up-to-date symlink: /home/raul/bookros2_ws/install/controller_manager_msgs/include/controller_manager_msgs/srv/detail/list_controllers__rosidl_typesupport_fastrtps_cpp.hpp
[2.156s] -- Up-to-date symlink: /home/raul/bookros2_ws/install/controller_manager_msgs/include/controller_manager_msgs/srv/detail/list_hardware_interfaces__rosidl_typesupport_fastrtps_cpp.hpp
[2.157s] -- Up-to-date symlink: /home/raul/bookros2_ws/install/controller_manager_msgs/include/controller_manager_msgs/srv/detail/load_configure_controller__rosidl_typesupport_fastrtps_cpp.hpp
[2.157s] -- Up-to-date symlink: /home/raul/bookros2_ws/install/controller_manager_msgs/include/controller_manager_msgs/srv/detail/load_controller__rosidl_typesupport_fastrtps_cpp.hpp
[2.157s] -- Up-to-date symlink: /home/raul/bookros2_ws/install/controller_manager_msgs/include/controller_manager_msgs/srv/detail/load_start_controller__rosidl_typesupport_fastrtps_cpp.hpp
[2.158s] -- Up-to-date symlink: /home/raul/bookros2_ws/install/controller_manager_msgs/include/controller_manager_msgs/srv/detail/reload_controller_libraries__rosidl_typesupport_fastrtps_cpp.hpp
[2.158s] -- Up-to-date symlink: /home/raul/bookros2_ws/install/controller_manager_msgs/include/controller_manager_msgs/srv/detail/switch_controller__rosidl_typesupport_fastrtps_cpp.hpp
[2.158s] -- Up-to-date symlink: /home/raul/bookros2_ws/install/controller_manager_msgs/include/controller_manager_msgs/srv/detail/unload_controller__rosidl_typesupport_fastrtps_cpp.hpp
[2.158s] -- Up-to-date symlink: /home/raul/bookros2_ws/install/controller_manager_msgs/lib/libcontroller_manager_msgs__rosidl_typesupport_fastrtps_cpp.so
[2.158s] -- Up-to-date symlink: /home/raul/bookros2_ws/install/controller_manager_msgs/include/controller_manager_msgs/msg/detail/controller_state__rosidl_typesupport_introspection_c.h
[2.159s] -- Up-to-date symlink: /home/raul/bookros2_ws/install/controller_manager_msgs/include/controller_manager_msgs/msg/detail/hardware_interface__rosidl_typesupport_introspection_c.h
[2.159s] -- Up-to-date symlink: /home/raul/bookros2_ws/install/controller_manager_msgs/include/controller_manager_msgs/msg/rosidl_typesupport_introspection_c__visibility_control.h
[2.160s] -- Up-to-date symlink: /home/raul/bookros2_ws/install/controller_manager_msgs/include/controller_manager_msgs/srv/detail/configure_controller__rosidl_typesupport_introspection_c.h
[2.160s] -- Up-to-date symlink: /home/raul/bookros2_ws/install/controller_manager_msgs/include/controller_manager_msgs/srv/detail/configure_start_controller__rosidl_typesupport_introspection_c.h
[2.161s] -- Up-to-date symlink: /home/raul/bookros2_ws/install/controller_manager_msgs/include/controller_manager_msgs/srv/detail/list_controller_types__rosidl_typesupport_introspection_c.h
[2.161s] -- Up-to-date symlink: /home/raul/bookros2_ws/install/controller_manager_msgs/include/controller_manager_msgs/srv/detail/list_controllers__rosidl_typesupport_introspection_c.h
[2.161s] -- Up-to-date symlink: /home/raul/bookros2_ws/install/controller_manager_msgs/include/controller_manager_msgs/srv/detail/list_hardware_interfaces__rosidl_typesupport_introspection_c.h
[2.162s] -- Up-to-date symlink: /home/raul/bookros2_ws/install/controller_manager_msgs/include/controller_manager_msgs/srv/detail/load_configure_controller__rosidl_typesupport_introspection_c.h
[2.162s] -- Up-to-date symlink: /home/raul/bookros2_ws/install/controller_manager_msgs/include/controller_manager_msgs/srv/detail/load_controller__rosidl_typesupport_introspection_c.h
[2.163s] -- Up-to-date symlink: /home/raul/bookros2_ws/install/controller_manager_msgs/include/controller_manager_msgs/srv/detail/load_start_controller__rosidl_typesupport_introspection_c.h
[2.163s] -- Up-to-date symlink: /home/raul/bookros2_ws/install/controller_manager_msgs/include/controller_manager_msgs/srv/detail/reload_controller_libraries__rosidl_typesupport_introspection_c.h
[2.163s] -- Up-to-date symlink: /home/raul/bookros2_ws/install/controller_manager_msgs/include/controller_manager_msgs/srv/detail/switch_controller__rosidl_typesupport_introspection_c.h
[2.164s] -- Up-to-date symlink: /home/raul/bookros2_ws/install/controller_manager_msgs/include/controller_manager_msgs/srv/detail/unload_controller__rosidl_typesupport_introspection_c.h
[2.168s] -- Up-to-date symlink: /home/raul/bookros2_ws/install/controller_manager_msgs/include/controller_manager_msgs/msg/controller_state.hpp
[2.169s] -- Up-to-date symlink: /home/raul/bookros2_ws/install/controller_manager_msgs/include/controller_manager_msgs/msg/detail/controller_state__builder.hpp
[2.169s] -- Up-to-date symlink: /home/raul/bookros2_ws/install/controller_manager_msgs/include/controller_manager_msgs/msg/detail/controller_state__struct.hpp
[2.170s] -- Up-to-date symlink: /home/raul/bookros2_ws/install/controller_manager_msgs/include/controller_manager_msgs/msg/detail/controller_state__traits.hpp
[2.170s] -- Up-to-date symlink: /home/raul/bookros2_ws/install/controller_manager_msgs/include/controller_manager_msgs/msg/detail/hardware_interface__builder.hpp
[2.170s] -- Up-to-date symlink: /home/raul/bookros2_ws/install/controller_manager_msgs/include/controller_manager_msgs/msg/detail/hardware_interface__struct.hpp
[2.171s] -- Up-to-date symlink: /home/raul/bookros2_ws/install/controller_manager_msgs/include/controller_manager_msgs/msg/detail/hardware_interface__traits.hpp
[2.171s] -- Up-to-date symlink: /home/raul/bookros2_ws/install/controller_manager_msgs/include/controller_manager_msgs/msg/hardware_interface.hpp
[2.171s] -- Up-to-date symlink: /home/raul/bookros2_ws/install/controller_manager_msgs/include/controller_manager_msgs/srv/configure_controller.hpp
[2.172s] -- Up-to-date symlink: /home/raul/bookros2_ws/install/controller_manager_msgs/include/controller_manager_msgs/srv/configure_start_controller.hpp
[2.173s] -- Up-to-date symlink: /home/raul/bookros2_ws/install/controller_manager_msgs/include/controller_manager_msgs/srv/detail/configure_controller__builder.hpp
[2.174s] -- Up-to-date symlink: /home/raul/bookros2_ws/install/controller_manager_msgs/include/controller_manager_msgs/srv/detail/configure_controller__struct.hpp
[2.174s] -- Up-to-date symlink: /home/raul/bookros2_ws/install/controller_manager_msgs/include/controller_manager_msgs/srv/detail/configure_controller__traits.hpp
[2.176s] -- Up-to-date symlink: /home/raul/bookros2_ws/install/controller_manager_msgs/include/controller_manager_msgs/srv/detail/configure_start_controller__builder.hpp
[2.176s] -- Up-to-date symlink: /home/raul/bookros2_ws/install/controller_manager_msgs/include/controller_manager_msgs/srv/detail/configure_start_controller__struct.hpp
[2.177s] -- Up-to-date symlink: /home/raul/bookros2_ws/install/controller_manager_msgs/include/controller_manager_msgs/srv/detail/configure_start_controller__traits.hpp
[2.178s] -- Up-to-date symlink: /home/raul/bookros2_ws/install/controller_manager_msgs/include/controller_manager_msgs/srv/detail/list_controller_types__builder.hpp
[2.179s] -- Up-to-date symlink: /home/raul/bookros2_ws/install/controller_manager_msgs/include/controller_manager_msgs/srv/detail/list_controller_types__struct.hpp
[2.189s] -- Up-to-date symlink: /home/raul/bookros2_ws/install/controller_manager_msgs/include/controller_manager_msgs/srv/detail/list_controller_types__traits.hpp
[2.190s] -- Up-to-date symlink: /home/raul/bookros2_ws/install/controller_manager_msgs/include/controller_manager_msgs/srv/detail/list_controllers__builder.hpp
[2.190s] -- Up-to-date symlink: /home/raul/bookros2_ws/install/controller_manager_msgs/include/controller_manager_msgs/srv/detail/list_controllers__struct.hpp
[2.190s] -- Up-to-date symlink: /home/raul/bookros2_ws/install/controller_manager_msgs/include/controller_manager_msgs/srv/detail/list_controllers__traits.hpp
[2.192s] -- Up-to-date symlink: /home/raul/bookros2_ws/install/controller_manager_msgs/include/controller_manager_msgs/srv/detail/list_hardware_interfaces__builder.hpp
[2.193s] -- Up-to-date symlink: /home/raul/bookros2_ws/install/controller_manager_msgs/include/controller_manager_msgs/srv/detail/list_hardware_interfaces__struct.hpp
[2.193s] -- Up-to-date symlink: /home/raul/bookros2_ws/install/controller_manager_msgs/include/controller_manager_msgs/srv/detail/list_hardware_interfaces__traits.hpp
[2.193s] -- Up-to-date symlink: /home/raul/bookros2_ws/install/controller_manager_msgs/include/controller_manager_msgs/srv/detail/load_configure_controller__builder.hpp
[2.193s] -- Up-to-date symlink: /home/raul/bookros2_ws/install/controller_manager_msgs/include/controller_manager_msgs/srv/detail/load_configure_controller__struct.hpp
[2.193s] -- Up-to-date symlink: /home/raul/bookros2_ws/install/controller_manager_msgs/include/controller_manager_msgs/srv/detail/load_configure_controller__traits.hpp
[2.194s] -- Up-to-date symlink: /home/raul/bookros2_ws/install/controller_manager_msgs/include/controller_manager_msgs/srv/detail/load_controller__builder.hpp
[2.194s] -- Up-to-date symlink: /home/raul/bookros2_ws/install/controller_manager_msgs/include/controller_manager_msgs/srv/detail/load_controller__struct.hpp
[2.195s] -- Up-to-date symlink: /home/raul/bookros2_ws/install/controller_manager_msgs/include/controller_manager_msgs/srv/detail/load_controller__traits.hpp
[2.195s] -- Up-to-date symlink: /home/raul/bookros2_ws/install/controller_manager_msgs/include/controller_manager_msgs/srv/detail/load_start_controller__builder.hpp
[2.196s] -- Up-to-date symlink: /home/raul/bookros2_ws/install/controller_manager_msgs/include/controller_manager_msgs/srv/detail/load_start_controller__struct.hpp
[2.196s] -- Up-to-date symlink: /home/raul/bookros2_ws/install/controller_manager_msgs/include/controller_manager_msgs/srv/detail/load_start_controller__traits.hpp
[2.196s] -- Up-to-date symlink: /home/raul/bookros2_ws/install/controller_manager_msgs/include/controller_manager_msgs/srv/detail/reload_controller_libraries__builder.hpp
[2.196s] -- Up-to-date symlink: /home/raul/bookros2_ws/install/controller_manager_msgs/include/controller_manager_msgs/srv/detail/reload_controller_libraries__struct.hpp
[2.197s] -- Up-to-date symlink: /home/raul/bookros2_ws/install/controller_manager_msgs/include/controller_manager_msgs/srv/detail/reload_controller_libraries__traits.hpp
[2.197s] -- Up-to-date symlink: /home/raul/bookros2_ws/install/controller_manager_msgs/include/controller_manager_msgs/srv/detail/switch_controller__builder.hpp
[2.197s] -- Up-to-date symlink: /home/raul/bookros2_ws/install/controller_manager_msgs/include/controller_manager_msgs/srv/detail/switch_controller__struct.hpp
[2.197s] -- Up-to-date symlink: /home/raul/bookros2_ws/install/controller_manager_msgs/include/controller_manager_msgs/srv/detail/switch_controller__traits.hpp
[2.198s] -- Up-to-date symlink: /home/raul/bookros2_ws/install/controller_manager_msgs/include/controller_manager_msgs/srv/detail/unload_controller__builder.hpp
[2.198s] -- Up-to-date symlink: /home/raul/bookros2_ws/install/controller_manager_msgs/include/controller_manager_msgs/srv/detail/unload_controller__struct.hpp
[2.200s] -- Up-to-date symlink: /home/raul/bookros2_ws/install/controller_manager_msgs/include/controller_manager_msgs/srv/detail/unload_controller__traits.hpp
[2.201s] -- Up-to-date symlink: /home/raul/bookros2_ws/install/controller_manager_msgs/include/controller_manager_msgs/srv/list_controller_types.hpp
[2.202s] -- Up-to-date symlink: /home/raul/bookros2_ws/install/controller_manager_msgs/include/controller_manager_msgs/srv/list_controllers.hpp
[2.202s] -- Up-to-date symlink: /home/raul/bookros2_ws/install/controller_manager_msgs/include/controller_manager_msgs/srv/list_hardware_interfaces.hpp
[2.203s] -- Up-to-date symlink: /home/raul/bookros2_ws/install/controller_manager_msgs/include/controller_manager_msgs/srv/load_configure_controller.hpp
[2.203s] -- Up-to-date symlink: /home/raul/bookros2_ws/install/controller_manager_msgs/include/controller_manager_msgs/srv/load_controller.hpp
[2.203s] -- Up-to-date symlink: /home/raul/bookros2_ws/install/controller_manager_msgs/include/controller_manager_msgs/srv/load_start_controller.hpp
[2.204s] -- Up-to-date symlink: /home/raul/bookros2_ws/install/controller_manager_msgs/include/controller_manager_msgs/srv/reload_controller_libraries.hpp
[2.204s] -- Up-to-date symlink: /home/raul/bookros2_ws/install/controller_manager_msgs/include/controller_manager_msgs/srv/switch_controller.hpp
[2.204s] -- Up-to-date symlink: /home/raul/bookros2_ws/install/controller_manager_msgs/include/controller_manager_msgs/srv/unload_controller.hpp
[2.208s] -- Up-to-date symlink: /home/raul/bookros2_ws/install/controller_manager_msgs/include/controller_manager_msgs/msg/detail/controller_state__rosidl_typesupport_introspection_cpp.hpp
[2.208s] -- Up-to-date symlink: /home/raul/bookros2_ws/install/controller_manager_msgs/include/controller_manager_msgs/msg/detail/hardware_interface__rosidl_typesupport_introspection_cpp.hpp
[2.208s] -- Up-to-date symlink: /home/raul/bookros2_ws/install/controller_manager_msgs/include/controller_manager_msgs/srv/detail/configure_controller__rosidl_typesupport_introspection_cpp.hpp
[2.209s] -- Up-to-date symlink: /home/raul/bookros2_ws/install/controller_manager_msgs/include/controller_manager_msgs/srv/detail/configure_start_controller__rosidl_typesupport_introspection_cpp.hpp
[2.209s] -- Up-to-date symlink: /home/raul/bookros2_ws/install/controller_manager_msgs/include/controller_manager_msgs/srv/detail/list_controller_types__rosidl_typesupport_introspection_cpp.hpp
[2.210s] -- Up-to-date symlink: /home/raul/bookros2_ws/install/controller_manager_msgs/include/controller_manager_msgs/srv/detail/list_controllers__rosidl_typesupport_introspection_cpp.hpp
[2.210s] -- Up-to-date symlink: /home/raul/bookros2_ws/install/controller_manager_msgs/include/controller_manager_msgs/srv/detail/list_hardware_interfaces__rosidl_typesupport_introspection_cpp.hpp
[2.211s] -- Up-to-date symlink: /home/raul/bookros2_ws/install/controller_manager_msgs/include/controller_manager_msgs/srv/detail/load_configure_controller__rosidl_typesupport_introspection_cpp.hpp
[2.211s] -- Up-to-date symlink: /home/raul/bookros2_ws/install/controller_manager_msgs/include/controller_manager_msgs/srv/detail/load_controller__rosidl_typesupport_introspection_cpp.hpp
[2.211s] -- Up-to-date symlink: /home/raul/bookros2_ws/install/controller_manager_msgs/include/controller_manager_msgs/srv/detail/load_start_controller__rosidl_typesupport_introspection_cpp.hpp
[2.212s] -- Up-to-date symlink: /home/raul/bookros2_ws/install/controller_manager_msgs/include/controller_manager_msgs/srv/detail/reload_controller_libraries__rosidl_typesupport_introspection_cpp.hpp
[2.212s] -- Up-to-date symlink: /home/raul/bookros2_ws/install/controller_manager_msgs/include/controller_manager_msgs/srv/detail/switch_controller__rosidl_typesupport_introspection_cpp.hpp
[2.212s] -- Up-to-date symlink: /home/raul/bookros2_ws/install/controller_manager_msgs/include/controller_manager_msgs/srv/detail/unload_controller__rosidl_typesupport_introspection_cpp.hpp
[2.212s] -- Up-to-date symlink: /home/raul/bookros2_ws/install/controller_manager_msgs/share/controller_manager_msgs/environment/pythonpath.sh
[2.214s] -- Up-to-date symlink: /home/raul/bookros2_ws/install/controller_manager_msgs/share/controller_manager_msgs/environment/pythonpath.dsv
[2.214s] -- Up-to-date symlink: /home/raul/bookros2_ws/install/controller_manager_msgs/lib/python3.8/site-packages/controller_manager_msgs/__init__.py
[2.217s] -- Up-to-date symlink: /home/raul/bookros2_ws/install/controller_manager_msgs/lib/python3.8/site-packages/controller_manager_msgs/msg/__init__.py
[2.218s] -- Up-to-date symlink: /home/raul/bookros2_ws/install/controller_manager_msgs/lib/python3.8/site-packages/controller_manager_msgs/msg/_controller_state.py
[2.219s] -- Up-to-date symlink: /home/raul/bookros2_ws/install/controller_manager_msgs/lib/python3.8/site-packages/controller_manager_msgs/msg/_hardware_interface.py
[2.220s] -- Up-to-date symlink: /home/raul/bookros2_ws/install/controller_manager_msgs/lib/python3.8/site-packages/controller_manager_msgs/srv/__init__.py
[2.220s] -- Up-to-date symlink: /home/raul/bookros2_ws/install/controller_manager_msgs/lib/python3.8/site-packages/controller_manager_msgs/srv/_configure_controller.py
[2.220s] -- Up-to-date symlink: /home/raul/bookros2_ws/install/controller_manager_msgs/lib/python3.8/site-packages/controller_manager_msgs/srv/_configure_start_controller.py
[2.221s] -- Up-to-date symlink: /home/raul/bookros2_ws/install/controller_manager_msgs/lib/python3.8/site-packages/controller_manager_msgs/srv/_list_controller_types.py
[2.221s] -- Up-to-date symlink: /home/raul/bookros2_ws/install/controller_manager_msgs/lib/python3.8/site-packages/controller_manager_msgs/srv/_list_controllers.py
[2.221s] -- Up-to-date symlink: /home/raul/bookros2_ws/install/controller_manager_msgs/lib/python3.8/site-packages/controller_manager_msgs/srv/_list_hardware_interfaces.py
[2.222s] -- Up-to-date symlink: /home/raul/bookros2_ws/install/controller_manager_msgs/lib/python3.8/site-packages/controller_manager_msgs/srv/_load_configure_controller.py
[2.222s] -- Up-to-date symlink: /home/raul/bookros2_ws/install/controller_manager_msgs/lib/python3.8/site-packages/controller_manager_msgs/srv/_load_controller.py
[2.223s] -- Up-to-date symlink: /home/raul/bookros2_ws/install/controller_manager_msgs/lib/python3.8/site-packages/controller_manager_msgs/srv/_load_start_controller.py
[2.223s] -- Up-to-date symlink: /home/raul/bookros2_ws/install/controller_manager_msgs/lib/python3.8/site-packages/controller_manager_msgs/srv/_reload_controller_libraries.py
[2.224s] -- Up-to-date symlink: /home/raul/bookros2_ws/install/controller_manager_msgs/lib/python3.8/site-packages/controller_manager_msgs/srv/_switch_controller.py
[2.224s] -- Up-to-date symlink: /home/raul/bookros2_ws/install/controller_manager_msgs/lib/python3.8/site-packages/controller_manager_msgs/srv/_unload_controller.py
[2.226s] -- Up-to-date symlink: /home/raul/bookros2_ws/install/controller_manager_msgs/lib/python3.8/site-packages/controller_manager_msgs/controller_manager_msgs_s__rosidl_typesupport_fastrtps_c.cpython-38-x86_64-linux-gnu.so
[2.226s] -- Up-to-date symlink: /home/raul/bookros2_ws/install/controller_manager_msgs/lib/python3.8/site-packages/controller_manager_msgs/controller_manager_msgs_s__rosidl_typesupport_introspection_c.cpython-38-x86_64-linux-gnu.so
[2.227s] -- Up-to-date symlink: /home/raul/bookros2_ws/install/controller_manager_msgs/lib/python3.8/site-packages/controller_manager_msgs/controller_manager_msgs_s__rosidl_typesupport_c.cpython-38-x86_64-linux-gnu.so
[2.230s] -- Up-to-date symlink: /home/raul/bookros2_ws/install/controller_manager_msgs/lib/libcontroller_manager_msgs__python.so
[2.230s] -- Up-to-date symlink: /home/raul/bookros2_ws/install/controller_manager_msgs/share/controller_manager_msgs/msg/ControllerState.idl
[2.231s] -- Up-to-date symlink: /home/raul/bookros2_ws/install/controller_manager_msgs/share/controller_manager_msgs/msg/HardwareInterface.idl
[2.233s] -- Up-to-date symlink: /home/raul/bookros2_ws/install/controller_manager_msgs/share/controller_manager_msgs/srv/ConfigureController.idl
[2.234s] -- Up-to-date symlink: /home/raul/bookros2_ws/install/controller_manager_msgs/share/controller_manager_msgs/srv/ConfigureStartController.idl
[2.235s] -- Up-to-date symlink: /home/raul/bookros2_ws/install/controller_manager_msgs/share/controller_manager_msgs/srv/ListControllers.idl
[2.236s] -- Up-to-date symlink: /home/raul/bookros2_ws/install/controller_manager_msgs/share/controller_manager_msgs/srv/ListControllerTypes.idl
[2.237s] -- Up-to-date symlink: /home/raul/bookros2_ws/install/controller_manager_msgs/share/controller_manager_msgs/srv/ListHardwareInterfaces.idl
[2.238s] -- Up-to-date symlink: /home/raul/bookros2_ws/install/controller_manager_msgs/share/controller_manager_msgs/srv/LoadConfigureController.idl
[2.238s] -- Up-to-date symlink: /home/raul/bookros2_ws/install/controller_manager_msgs/share/controller_manager_msgs/srv/LoadController.idl
[2.240s] -- Up-to-date symlink: /home/raul/bookros2_ws/install/controller_manager_msgs/share/controller_manager_msgs/srv/LoadStartController.idl
[2.240s] -- Up-to-date symlink: /home/raul/bookros2_ws/install/controller_manager_msgs/share/controller_manager_msgs/srv/ReloadControllerLibraries.idl
[2.240s] -- Up-to-date symlink: /home/raul/bookros2_ws/install/controller_manager_msgs/share/controller_manager_msgs/srv/SwitchController.idl
[2.243s] -- Up-to-date symlink: /home/raul/bookros2_ws/install/controller_manager_msgs/share/controller_manager_msgs/srv/UnloadController.idl
[2.243s] -- Up-to-date symlink: /home/raul/bookros2_ws/install/controller_manager_msgs/share/controller_manager_msgs/msg/ControllerState.msg
[2.244s] -- Up-to-date symlink: /home/raul/bookros2_ws/install/controller_manager_msgs/share/controller_manager_msgs/msg/HardwareInterface.msg
[2.244s] -- Up-to-date symlink: /home/raul/bookros2_ws/install/controller_manager_msgs/share/controller_manager_msgs/srv/ConfigureController.srv
[2.245s] -- Up-to-date symlink: /home/raul/bookros2_ws/install/controller_manager_msgs/share/controller_manager_msgs/srv/ConfigureController_Request.msg
[2.246s] -- Up-to-date symlink: /home/raul/bookros2_ws/install/controller_manager_msgs/share/controller_manager_msgs/srv/ConfigureController_Response.msg
[2.246s] -- Up-to-date symlink: /home/raul/bookros2_ws/install/controller_manager_msgs/share/controller_manager_msgs/srv/ConfigureStartController.srv
[2.247s] -- Up-to-date symlink: /home/raul/bookros2_ws/install/controller_manager_msgs/share/controller_manager_msgs/srv/ConfigureStartController_Request.msg
[2.248s] -- Up-to-date symlink: /home/raul/bookros2_ws/install/controller_manager_msgs/share/controller_manager_msgs/srv/ConfigureStartController_Response.msg
[2.252s] -- Up-to-date symlink: /home/raul/bookros2_ws/install/controller_manager_msgs/share/controller_manager_msgs/srv/ListControllers.srv
[2.252s] -- Up-to-date symlink: /home/raul/bookros2_ws/install/controller_manager_msgs/share/controller_manager_msgs/srv/ListControllers_Request.msg
[2.253s] -- Up-to-date symlink: /home/raul/bookros2_ws/install/controller_manager_msgs/share/controller_manager_msgs/srv/ListControllers_Response.msg
[2.253s] -- Up-to-date symlink: /home/raul/bookros2_ws/install/controller_manager_msgs/share/controller_manager_msgs/srv/ListControllerTypes.srv
[2.253s] -- Up-to-date symlink: /home/raul/bookros2_ws/install/controller_manager_msgs/share/controller_manager_msgs/srv/ListControllerTypes_Request.msg
[2.254s] -- Up-to-date symlink: /home/raul/bookros2_ws/install/controller_manager_msgs/share/controller_manager_msgs/srv/ListControllerTypes_Response.msg
[2.254s] -- Up-to-date symlink: /home/raul/bookros2_ws/install/controller_manager_msgs/share/controller_manager_msgs/srv/ListHardwareInterfaces.srv
[2.260s] -- Up-to-date symlink: /home/raul/bookros2_ws/install/controller_manager_msgs/share/controller_manager_msgs/srv/ListHardwareInterfaces_Request.msg
[2.261s] -- Up-to-date symlink: /home/raul/bookros2_ws/install/controller_manager_msgs/share/controller_manager_msgs/srv/ListHardwareInterfaces_Response.msg
[2.261s] -- Up-to-date symlink: /home/raul/bookros2_ws/install/controller_manager_msgs/share/controller_manager_msgs/srv/LoadConfigureController.srv
[2.262s] -- Up-to-date symlink: /home/raul/bookros2_ws/install/controller_manager_msgs/share/controller_manager_msgs/srv/LoadConfigureController_Request.msg
[2.262s] -- Up-to-date symlink: /home/raul/bookros2_ws/install/controller_manager_msgs/share/controller_manager_msgs/srv/LoadConfigureController_Response.msg
[2.262s] -- Up-to-date symlink: /home/raul/bookros2_ws/install/controller_manager_msgs/share/controller_manager_msgs/srv/LoadController.srv
[2.262s] -- Up-to-date symlink: /home/raul/bookros2_ws/install/controller_manager_msgs/share/controller_manager_msgs/srv/LoadController_Request.msg
[2.263s] -- Up-to-date symlink: /home/raul/bookros2_ws/install/controller_manager_msgs/share/controller_manager_msgs/srv/LoadController_Response.msg
[2.265s] -- Up-to-date symlink: /home/raul/bookros2_ws/install/controller_manager_msgs/share/controller_manager_msgs/srv/LoadStartController.srv
[2.265s] -- Up-to-date symlink: /home/raul/bookros2_ws/install/controller_manager_msgs/share/controller_manager_msgs/srv/LoadStartController_Request.msg
[2.270s] -- Up-to-date symlink: /home/raul/bookros2_ws/install/controller_manager_msgs/share/controller_manager_msgs/srv/LoadStartController_Response.msg
[2.271s] -- Up-to-date symlink: /home/raul/bookros2_ws/install/controller_manager_msgs/share/controller_manager_msgs/srv/ReloadControllerLibraries.srv
[2.271s] -- Up-to-date symlink: /home/raul/bookros2_ws/install/controller_manager_msgs/share/controller_manager_msgs/srv/ReloadControllerLibraries_Request.msg
[2.272s] -- Up-to-date symlink: /home/raul/bookros2_ws/install/controller_manager_msgs/share/controller_manager_msgs/srv/ReloadControllerLibraries_Response.msg
[2.272s] -- Up-to-date symlink: /home/raul/bookros2_ws/install/controller_manager_msgs/share/controller_manager_msgs/srv/SwitchController.srv
[2.272s] -- Up-to-date symlink: /home/raul/bookros2_ws/install/controller_manager_msgs/share/controller_manager_msgs/srv/SwitchController_Request.msg
[2.273s] -- Up-to-date symlink: /home/raul/bookros2_ws/install/controller_manager_msgs/share/controller_manager_msgs/srv/SwitchController_Response.msg
[2.273s] -- Up-to-date symlink: /home/raul/bookros2_ws/install/controller_manager_msgs/share/controller_manager_msgs/srv/UnloadController.srv
[2.274s] -- Up-to-date symlink: /home/raul/bookros2_ws/install/controller_manager_msgs/share/controller_manager_msgs/srv/UnloadController_Request.msg
[2.275s] -- Up-to-date symlink: /home/raul/bookros2_ws/install/controller_manager_msgs/share/controller_manager_msgs/srv/UnloadController_Response.msg
[2.276s] -- Up-to-date symlink: /home/raul/bookros2_ws/install/controller_manager_msgs/share/ament_index/resource_index/package_run_dependencies/controller_manager_msgs
[2.277s] -- Up-to-date symlink: /home/raul/bookros2_ws/install/controller_manager_msgs/share/ament_index/resource_index/parent_prefix_path/controller_manager_msgs
[2.277s] -- Up-to-date symlink: /home/raul/bookros2_ws/install/controller_manager_msgs/share/controller_manager_msgs/environment/ament_prefix_path.sh
[2.277s] -- Up-to-date symlink: /home/raul/bookros2_ws/install/controller_manager_msgs/share/controller_manager_msgs/environment/ament_prefix_path.dsv
[2.278s] -- Up-to-date symlink: /home/raul/bookros2_ws/install/controller_manager_msgs/share/controller_manager_msgs/environment/path.sh
[2.278s] -- Up-to-date symlink: /home/raul/bookros2_ws/install/controller_manager_msgs/share/controller_manager_msgs/environment/path.dsv
[2.279s] -- Up-to-date symlink: /home/raul/bookros2_ws/install/controller_manager_msgs/share/controller_manager_msgs/local_setup.bash
[2.279s] -- Up-to-date symlink: /home/raul/bookros2_ws/install/controller_manager_msgs/share/controller_manager_msgs/local_setup.sh
[2.280s] -- Up-to-date symlink: /home/raul/bookros2_ws/install/controller_manager_msgs/share/controller_manager_msgs/local_setup.zsh
[2.280s] -- Up-to-date symlink: /home/raul/bookros2_ws/install/controller_manager_msgs/share/controller_manager_msgs/local_setup.dsv
[2.281s] -- Symlinking: /home/raul/bookros2_ws/install/controller_manager_msgs/share/controller_manager_msgs/package.dsv
[2.302s] -- Up-to-date symlink: /home/raul/bookros2_ws/install/controller_manager_msgs/share/ament_index/resource_index/packages/controller_manager_msgs
[2.302s] -- Up-to-date symlink: /home/raul/bookros2_ws/install/controller_manager_msgs/share/controller_manager_msgs/cmake/rosidl_cmake-extras.cmake
[2.303s] -- Up-to-date symlink: /home/raul/bookros2_ws/install/controller_manager_msgs/share/controller_manager_msgs/cmake/ament_cmake_export_dependencies-extras.cmake
[2.303s] -- Up-to-date symlink: /home/raul/bookros2_ws/install/controller_manager_msgs/share/controller_manager_msgs/cmake/ament_cmake_export_libraries-extras.cmake
[2.303s] -- Up-to-date symlink: /home/raul/bookros2_ws/install/controller_manager_msgs/share/controller_manager_msgs/cmake/ament_cmake_export_targets-extras.cmake
[2.304s] -- Up-to-date symlink: /home/raul/bookros2_ws/install/controller_manager_msgs/share/controller_manager_msgs/cmake/ament_cmake_export_include_directories-extras.cmake
[2.312s] -- Up-to-date symlink: /home/raul/bookros2_ws/install/controller_manager_msgs/share/controller_manager_msgs/cmake/rosidl_cmake_export_typesupport_libraries-extras.cmake
[2.312s] -- Up-to-date symlink: /home/raul/bookros2_ws/install/controller_manager_msgs/share/controller_manager_msgs/cmake/rosidl_cmake_export_typesupport_targets-extras.cmake
[2.312s] -- Up-to-date symlink: /home/raul/bookros2_ws/install/controller_manager_msgs/share/controller_manager_msgs/cmake/controller_manager_msgsConfig.cmake
[2.313s] -- Up-to-date symlink: /home/raul/bookros2_ws/install/controller_manager_msgs/share/controller_manager_msgs/cmake/controller_manager_msgsConfig-version.cmake
[2.313s] -- Up-to-date symlink: /home/raul/bookros2_ws/install/controller_manager_msgs/share/controller_manager_msgs/package.xml
[2.313s] -- Up-to-date: /home/raul/bookros2_ws/install/controller_manager_msgs/lib/libcontroller_manager_msgs__rosidl_generator_c.so
[2.314s] -- Up-to-date: /home/raul/bookros2_ws/install/controller_manager_msgs/lib/libcontroller_manager_msgs__rosidl_typesupport_introspection_c.so
[2.317s] -- Up-to-date: /home/raul/bookros2_ws/install/controller_manager_msgs/lib/libcontroller_manager_msgs__rosidl_typesupport_c.so
[2.318s] -- Up-to-date: /home/raul/bookros2_ws/install/controller_manager_msgs/lib/libcontroller_manager_msgs__rosidl_typesupport_introspection_cpp.so
[2.319s] -- Up-to-date: /home/raul/bookros2_ws/install/controller_manager_msgs/lib/libcontroller_manager_msgs__rosidl_typesupport_cpp.so
[2.394s] -- Up-to-date: /home/raul/bookros2_ws/install/controller_manager_msgs/share/controller_manager_msgs/cmake/controller_manager_msgs__rosidl_generator_cExport.cmake
[2.395s] -- Up-to-date: /home/raul/bookros2_ws/install/controller_manager_msgs/share/controller_manager_msgs/cmake/controller_manager_msgs__rosidl_generator_cExport-noconfig.cmake
[2.395s] -- Up-to-date: /home/raul/bookros2_ws/install/controller_manager_msgs/share/controller_manager_msgs/cmake/controller_manager_msgs__rosidl_typesupport_introspection_cExport.cmake
[2.396s] -- Up-to-date: /home/raul/bookros2_ws/install/controller_manager_msgs/share/controller_manager_msgs/cmake/controller_manager_msgs__rosidl_typesupport_introspection_cExport-noconfig.cmake
[2.398s] -- Up-to-date: /home/raul/bookros2_ws/install/controller_manager_msgs/share/controller_manager_msgs/cmake/controller_manager_msgs__rosidl_typesupport_cExport.cmake
[2.399s] -- Up-to-date: /home/raul/bookros2_ws/install/controller_manager_msgs/share/controller_manager_msgs/cmake/controller_manager_msgs__rosidl_typesupport_cExport-noconfig.cmake
[2.399s] -- Up-to-date: /home/raul/bookros2_ws/install/controller_manager_msgs/share/controller_manager_msgs/cmake/controller_manager_msgs__rosidl_generator_cppExport.cmake
[2.403s] -- Up-to-date: /home/raul/bookros2_ws/install/controller_manager_msgs/share/controller_manager_msgs/cmake/controller_manager_msgs__rosidl_typesupport_introspection_cppExport.cmake
[2.403s] -- Up-to-date: /home/raul/bookros2_ws/install/controller_manager_msgs/share/controller_manager_msgs/cmake/controller_manager_msgs__rosidl_typesupport_introspection_cppExport-noconfig.cmake
[2.403s] -- Up-to-date: /home/raul/bookros2_ws/install/controller_manager_msgs/share/controller_manager_msgs/cmake/controller_manager_msgs__rosidl_typesupport_cppExport.cmake
[2.403s] -- Up-to-date: /home/raul/bookros2_ws/install/controller_manager_msgs/share/controller_manager_msgs/cmake/controller_manager_msgs__rosidl_typesupport_cppExport-noconfig.cmake
[2.450s] Invoked command in '/home/raul/bookros2_ws/build/controller_manager_msgs' returned '0': CMAKE_PREFIX_PATH=${CMAKE_PREFIX_PATH}:/home/raul/bookros2_ws/install/ros2controlcli:/home/raul/bookros2_ws/install/launch_pal:/home/raul/bookros2_ws/install/br2_fsm_bumpgo_py:/opt/ros/foxy /usr/bin/cmake --install /home/raul/bookros2_ws/build/controller_manager_msgs
