[0.208s] Invoking command in '/home/raul/bookros2_ws/build/drive_base_msgs': CMAKE_PREFIX_PATH=${CMAKE_PREFIX_PATH}:/home/raul/bookros2_ws/install/ros2controlcli:/home/raul/bookros2_ws/install/launch_pal:/home/raul/bookros2_ws/install/br2_fsm_bumpgo_py:/opt/ros/foxy /usr/bin/cmake /home/raul/bookros2_ws/src/uros/drive_base/drive_base_msgs -DAMENT_CMAKE_SYMLINK_INSTALL=1 -DCMAKE_INSTALL_PREFIX=/home/raul/bookros2_ws/install/drive_base_msgs
[0.525s] -- The C compiler identification is GNU 9.4.0
[0.938s] -- The CXX compiler identification is GNU 9.4.0
[0.943s] -- Check for working C compiler: /usr/bin/cc
[1.138s] -- Check for working C compiler: /usr/bin/cc -- works
[1.141s] -- Detecting C compiler ABI info
[1.419s] -- Detecting C compiler ABI info - done
[1.442s] -- Detecting C compile features
[1.442s] -- Detecting C compile features - done
[1.449s] -- Check for working CXX compiler: /usr/bin/c++
[1.656s] -- Check for working CXX compiler: /usr/bin/c++ -- works
[1.657s] -- Detecting CXX compiler ABI info
[1.994s] -- Detecting CXX compiler ABI info - done
[2.013s] -- Detecting CXX compile features
[2.015s] -- Detecting CXX compile features - done
[2.037s] -- Found ament_cmake: 0.9.11 (/opt/ros/foxy/share/ament_cmake/cmake)
[2.117s] -- Found PythonInterp: /usr/bin/python3 (found suitable version "3.8.10", minimum required is "3") 
[2.117s] -- Using PYTHON_EXECUTABLE: /usr/bin/python3
[2.397s] -- Override CMake install command with custom implementation using symlinks instead of copying resources
[2.536s] -- Found std_msgs: 2.0.5 (/opt/ros/foxy/share/std_msgs/cmake)
[2.631s] -- Using all available rosidl_typesupport_c: rosidl_typesupport_fastrtps_c;rosidl_typesupport_introspection_c
[2.662s] -- Found rosidl_adapter: 1.3.0 (/opt/ros/foxy/share/rosidl_adapter/cmake)
[3.052s] -- Found OpenSSL: /usr/lib/x86_64-linux-gnu/libcrypto.so (found version "1.1.1f")  
[3.119s] -- Found FastRTPS: /opt/ros/foxy/include  
[3.367s] -- Using all available rosidl_typesupport_cpp: rosidl_typesupport_fastrtps_cpp;rosidl_typesupport_introspection_cpp
[3.525s] -- Found rosidl_default_generators: 1.0.1 (/opt/ros/foxy/share/rosidl_default_generators/cmake)
[3.613s] -- Found PythonInterp: /usr/bin/python3 (found version "3.8.10") 
[4.035s] -- Found ament_cmake_cppcheck: 0.9.7 (/opt/ros/foxy/share/ament_cmake_cppcheck/cmake)
[4.047s] -- Found ament_cmake_cpplint: 0.9.7 (/opt/ros/foxy/share/ament_cmake_cpplint/cmake)
[4.063s] -- Found ament_cmake_uncrustify: 0.9.7 (/opt/ros/foxy/share/ament_cmake_uncrustify/cmake)
[4.076s] -- Found ament_cmake_ros: 0.9.2 (/opt/ros/foxy/share/ament_cmake_ros/cmake)
[4.477s] -- Using all available rosidl_typesupport_c: rosidl_typesupport_fastrtps_c;rosidl_typesupport_introspection_c
[4.697s] -- Using all available rosidl_typesupport_cpp: rosidl_typesupport_fastrtps_cpp;rosidl_typesupport_introspection_cpp
[4.821s] -- Found PythonInterp: /usr/bin/python3 (found suitable version "3.8.10", minimum required is "3.5") 
[4.831s] -- Found python_cmake_module: 0.8.1 (/opt/ros/foxy/share/python_cmake_module/cmake)
[4.935s] -- Found PythonLibs: /usr/lib/x86_64-linux-gnu/libpython3.8.so (found suitable version "3.8.10", minimum required is "3.5") 
[4.935s] -- Using PYTHON_EXECUTABLE: /usr/bin/python3
[4.935s] -- Using PYTHON_INCLUDE_DIRS: /usr/include/python3.8
[4.936s] -- Using PYTHON_LIBRARIES: /usr/lib/x86_64-linux-gnu/libpython3.8.so
[5.014s] -- Found PythonExtra: .so  
[5.192s] -- Found ament_cmake_flake8: 0.9.7 (/opt/ros/foxy/share/ament_cmake_flake8/cmake)
[5.201s] -- Found ament_cmake_pep257: 0.9.7 (/opt/ros/foxy/share/ament_cmake_pep257/cmake)
[5.230s] -- Configuring done
[5.313s] -- Generating done
[5.321s] -- Build files have been written to: /home/raul/bookros2_ws/build/drive_base_msgs
[5.434s] Invoked command in '/home/raul/bookros2_ws/build/drive_base_msgs' returned '0': CMAKE_PREFIX_PATH=${CMAKE_PREFIX_PATH}:/home/raul/bookros2_ws/install/ros2controlcli:/home/raul/bookros2_ws/install/launch_pal:/home/raul/bookros2_ws/install/br2_fsm_bumpgo_py:/opt/ros/foxy /usr/bin/cmake /home/raul/bookros2_ws/src/uros/drive_base/drive_base_msgs -DAMENT_CMAKE_SYMLINK_INSTALL=1 -DCMAKE_INSTALL_PREFIX=/home/raul/bookros2_ws/install/drive_base_msgs
[5.435s] Invoking command in '/home/raul/bookros2_ws/build/drive_base_msgs': CMAKE_PREFIX_PATH=${CMAKE_PREFIX_PATH}:/home/raul/bookros2_ws/install/ros2controlcli:/home/raul/bookros2_ws/install/launch_pal:/home/raul/bookros2_ws/install/br2_fsm_bumpgo_py:/opt/ros/foxy /usr/bin/cmake --build /home/raul/bookros2_ws/build/drive_base_msgs -- -j10 -l10
[5.517s] [  1%] [34m[1mGenerating C code for ROS interfaces[0m
[5.518s] [35m[1mScanning dependencies of target drive_base_msgs__cpp[0m
[5.544s] [  3%] [34m[1mGenerating C++ code for ROS interfaces[0m
[6.479s] [  3%] Built target drive_base_msgs__cpp
[6.505s] [35m[1mScanning dependencies of target drive_base_msgs__rosidl_generator_c[0m
[6.506s] [  7%] [34m[1mGenerating C++ type support for eProsima Fast-RTPS[0m
[6.507s] [  7%] [34m[1mGenerating C++ type support dispatch for ROS interfaces[0m
[6.507s] [  9%] [34m[1mGenerating C++ introspection for ROS interfaces[0m
[6.544s] [ 10%] [32mBuilding C object CMakeFiles/drive_base_msgs__rosidl_generator_c.dir/rosidl_generator_c/drive_base_msgs/msg/detail/command_header__functions.c.o[0m
[6.544s] [ 12%] [32mBuilding C object CMakeFiles/drive_base_msgs__rosidl_generator_c.dir/rosidl_generator_c/drive_base_msgs/msg/detail/trv_command__functions.c.o[0m
[6.545s] [ 14%] [32mBuilding C object CMakeFiles/drive_base_msgs__rosidl_generator_c.dir/rosidl_generator_c/drive_base_msgs/msg/detail/base_info__functions.c.o[0m
[6.545s] [ 16%] [32mBuilding C object CMakeFiles/drive_base_msgs__rosidl_generator_c.dir/rosidl_generator_c/drive_base_msgs/msg/detail/command_status__functions.c.o[0m
[6.642s] [ 18%] [32m[1mLinking C shared library libdrive_base_msgs__rosidl_generator_c.so[0m
[6.831s] [ 18%] Built target drive_base_msgs__rosidl_generator_c
[6.859s] [ 20%] [34m[1mGenerating C type support dispatch for ROS interfaces[0m
[6.860s] [ 21%] [34m[1mGenerating C introspection for ROS interfaces[0m
[7.250s] [35m[1mScanning dependencies of target drive_base_msgs__rosidl_typesupport_cpp[0m
[7.304s] [ 23%] [32mBuilding CXX object CMakeFiles/drive_base_msgs__rosidl_typesupport_cpp.dir/rosidl_typesupport_cpp/drive_base_msgs/msg/trv_command__type_support.cpp.o[0m
[7.304s] [ 25%] [32mBuilding CXX object CMakeFiles/drive_base_msgs__rosidl_typesupport_cpp.dir/rosidl_typesupport_cpp/drive_base_msgs/msg/base_info__type_support.cpp.o[0m
[7.305s] [ 27%] [32mBuilding CXX object CMakeFiles/drive_base_msgs__rosidl_typesupport_cpp.dir/rosidl_typesupport_cpp/drive_base_msgs/msg/command_header__type_support.cpp.o[0m
[7.317s] [ 29%] [32mBuilding CXX object CMakeFiles/drive_base_msgs__rosidl_typesupport_cpp.dir/rosidl_typesupport_cpp/drive_base_msgs/msg/command_status__type_support.cpp.o[0m
[7.507s] [35m[1mScanning dependencies of target drive_base_msgs__rosidl_typesupport_introspection_cpp[0m
[7.554s] [ 30%] [32mBuilding CXX object CMakeFiles/drive_base_msgs__rosidl_typesupport_introspection_cpp.dir/rosidl_typesupport_introspection_cpp/drive_base_msgs/msg/detail/command_header__type_support.cpp.o[0m
[7.644s] [ 32%] [32mBuilding CXX object CMakeFiles/drive_base_msgs__rosidl_typesupport_introspection_cpp.dir/rosidl_typesupport_introspection_cpp/drive_base_msgs/msg/detail/base_info__type_support.cpp.o[0m
[7.644s] [ 34%] [32mBuilding CXX object CMakeFiles/drive_base_msgs__rosidl_typesupport_introspection_cpp.dir/rosidl_typesupport_introspection_cpp/drive_base_msgs/msg/detail/command_status__type_support.cpp.o[0m
[7.644s] [35m[1mScanning dependencies of target drive_base_msgs__rosidl_typesupport_fastrtps_cpp[0m
[7.702s] [ 36%] [32mBuilding CXX object CMakeFiles/drive_base_msgs__rosidl_typesupport_fastrtps_cpp.dir/rosidl_typesupport_fastrtps_cpp/drive_base_msgs/msg/detail/dds_fastrtps/command_header__type_support.cpp.o[0m
[7.897s] [35m[1mScanning dependencies of target drive_base_msgs__rosidl_typesupport_c[0m
[8.022s] [ 38%] [32mBuilding CXX object CMakeFiles/drive_base_msgs__rosidl_typesupport_c.dir/rosidl_typesupport_c/drive_base_msgs/msg/command_header__type_support.cpp.o[0m
[8.252s] [ 40%] [32mBuilding CXX object CMakeFiles/drive_base_msgs__rosidl_typesupport_c.dir/rosidl_typesupport_c/drive_base_msgs/msg/base_info__type_support.cpp.o[0m
[8.292s] [35m[1mScanning dependencies of target drive_base_msgs__rosidl_typesupport_introspection_c[0m
[8.308s] [ 43%] [32mBuilding CXX object CMakeFiles/drive_base_msgs__rosidl_typesupport_fastrtps_cpp.dir/rosidl_typesupport_fastrtps_cpp/drive_base_msgs/msg/detail/dds_fastrtps/base_info__type_support.cpp.o[0m
[8.308s] [ 41%] [32mBuilding CXX object CMakeFiles/drive_base_msgs__rosidl_typesupport_fastrtps_cpp.dir/rosidl_typesupport_fastrtps_cpp/drive_base_msgs/msg/detail/dds_fastrtps/command_status__type_support.cpp.o[0m
[8.327s] [ 45%] [32mBuilding CXX object CMakeFiles/drive_base_msgs__rosidl_typesupport_fastrtps_cpp.dir/rosidl_typesupport_fastrtps_cpp/drive_base_msgs/msg/detail/dds_fastrtps/trv_command__type_support.cpp.o[0m
[8.334s] [ 47%] [32mBuilding C object CMakeFiles/drive_base_msgs__rosidl_typesupport_introspection_c.dir/rosidl_typesupport_introspection_c/drive_base_msgs/msg/detail/command_header__type_support.c.o[0m
[8.337s] [ 49%] [32m[1mLinking CXX shared library libdrive_base_msgs__rosidl_typesupport_cpp.so[0m
[8.344s] [ 50%] [32mBuilding CXX object CMakeFiles/drive_base_msgs__rosidl_typesupport_c.dir/rosidl_typesupport_c/drive_base_msgs/msg/command_status__type_support.cpp.o[0m
[8.410s] [ 52%] [32mBuilding C object CMakeFiles/drive_base_msgs__rosidl_typesupport_introspection_c.dir/rosidl_typesupport_introspection_c/drive_base_msgs/msg/detail/base_info__type_support.c.o[0m
[8.420s] [ 54%] [32mBuilding CXX object CMakeFiles/drive_base_msgs__rosidl_typesupport_c.dir/rosidl_typesupport_c/drive_base_msgs/msg/trv_command__type_support.cpp.o[0m
[8.467s] [ 54%] Built target drive_base_msgs__rosidl_typesupport_cpp
[8.491s] [ 56%] [32mBuilding CXX object CMakeFiles/drive_base_msgs__rosidl_typesupport_introspection_cpp.dir/rosidl_typesupport_introspection_cpp/drive_base_msgs/msg/detail/trv_command__type_support.cpp.o[0m
[8.494s] [ 58%] [32m[1mLinking CXX shared library libdrive_base_msgs__rosidl_typesupport_c.so[0m
[8.500s] [ 60%] [32mBuilding C object CMakeFiles/drive_base_msgs__rosidl_typesupport_introspection_c.dir/rosidl_typesupport_introspection_c/drive_base_msgs/msg/detail/command_status__type_support.c.o[0m
[8.501s] [ 61%] [32mBuilding C object CMakeFiles/drive_base_msgs__rosidl_typesupport_introspection_c.dir/rosidl_typesupport_introspection_c/drive_base_msgs/msg/detail/trv_command__type_support.c.o[0m
[8.601s] [ 63%] [32m[1mLinking C shared library libdrive_base_msgs__rosidl_typesupport_introspection_c.so[0m
[8.601s] [ 63%] Built target drive_base_msgs__rosidl_typesupport_c
[8.665s] [ 63%] Built target drive_base_msgs__rosidl_typesupport_introspection_c
[8.902s] [ 65%] [32m[1mLinking CXX shared library libdrive_base_msgs__rosidl_typesupport_introspection_cpp.so[0m
[8.970s] [ 67%] [32m[1mLinking CXX shared library libdrive_base_msgs__rosidl_typesupport_fastrtps_cpp.so[0m
[8.996s] [ 67%] Built target drive_base_msgs__rosidl_typesupport_introspection_cpp
[9.093s] [ 67%] Built target drive_base_msgs__rosidl_typesupport_fastrtps_cpp
[9.114s] [ 69%] [34m[1mGenerating C type support for eProsima Fast-RTPS[0m
[9.756s] [35m[1mScanning dependencies of target drive_base_msgs__rosidl_typesupport_fastrtps_c[0m
[9.793s] [ 74%] [32mBuilding CXX object CMakeFiles/drive_base_msgs__rosidl_typesupport_fastrtps_c.dir/rosidl_typesupport_fastrtps_c/drive_base_msgs/msg/detail/base_info__type_support_c.cpp.o[0m
[9.793s] [ 74%] [32mBuilding CXX object CMakeFiles/drive_base_msgs__rosidl_typesupport_fastrtps_c.dir/rosidl_typesupport_fastrtps_c/drive_base_msgs/msg/detail/command_header__type_support_c.cpp.o[0m
[9.794s] [ 74%] [32mBuilding CXX object CMakeFiles/drive_base_msgs__rosidl_typesupport_fastrtps_c.dir/rosidl_typesupport_fastrtps_c/drive_base_msgs/msg/detail/command_status__type_support_c.cpp.o[0m
[9.794s] [ 76%] [32mBuilding CXX object CMakeFiles/drive_base_msgs__rosidl_typesupport_fastrtps_c.dir/rosidl_typesupport_fastrtps_c/drive_base_msgs/msg/detail/trv_command__type_support_c.cpp.o[0m
[10.198s] [ 78%] [32m[1mLinking CXX shared library libdrive_base_msgs__rosidl_typesupport_fastrtps_c.so[0m
[10.310s] [ 78%] Built target drive_base_msgs__rosidl_typesupport_fastrtps_c
[10.329s] [35m[1mScanning dependencies of target drive_base_msgs[0m
[10.349s] [ 78%] Built target drive_base_msgs
[10.369s] [35m[1mScanning dependencies of target drive_base_msgs__py[0m
[10.389s] [ 80%] [34m[1mGenerating Python code for ROS interfaces[0m
[11.639s] [ 80%] Built target drive_base_msgs__py
[11.659s] [35m[1mScanning dependencies of target drive_base_msgs__python[0m
[11.726s] [ 83%] [32mBuilding C object CMakeFiles/drive_base_msgs__python.dir/rosidl_generator_py/drive_base_msgs/msg/_command_header_s.c.o[0m
[11.726s] [ 85%] [32mBuilding C object CMakeFiles/drive_base_msgs__python.dir/rosidl_generator_py/drive_base_msgs/msg/_base_info_s.c.o[0m
[11.726s] [ 85%] [32mBuilding C object CMakeFiles/drive_base_msgs__python.dir/rosidl_generator_py/drive_base_msgs/msg/_command_status_s.c.o[0m
[11.726s] [ 87%] [32mBuilding C object CMakeFiles/drive_base_msgs__python.dir/rosidl_generator_py/drive_base_msgs/msg/_trv_command_s.c.o[0m
[11.856s] [ 89%] [32m[1mLinking C shared library rosidl_generator_py/drive_base_msgs/libdrive_base_msgs__python.so[0m
[11.920s] [ 89%] Built target drive_base_msgs__python
[11.942s] [35m[1mScanning dependencies of target drive_base_msgs__rosidl_typesupport_c__pyext[0m
[11.942s] [35m[1mScanning dependencies of target drive_base_msgs__rosidl_typesupport_fastrtps_c__pyext[0m
[11.942s] [35m[1mScanning dependencies of target drive_base_msgs__rosidl_typesupport_introspection_c__pyext[0m
[11.973s] [ 90%] [32mBuilding C object CMakeFiles/drive_base_msgs__rosidl_typesupport_c__pyext.dir/rosidl_generator_py/drive_base_msgs/_drive_base_msgs_s.ep.rosidl_typesupport_c.c.o[0m
[11.973s] [ 92%] [32mBuilding C object CMakeFiles/drive_base_msgs__rosidl_typesupport_introspection_c__pyext.dir/rosidl_generator_py/drive_base_msgs/_drive_base_msgs_s.ep.rosidl_typesupport_introspection_c.c.o[0m
[11.974s] [ 94%] [32mBuilding C object CMakeFiles/drive_base_msgs__rosidl_typesupport_fastrtps_c__pyext.dir/rosidl_generator_py/drive_base_msgs/_drive_base_msgs_s.ep.rosidl_typesupport_fastrtps_c.c.o[0m
[12.084s] [ 98%] [32m[1mLinking C shared library rosidl_generator_py/drive_base_msgs/drive_base_msgs_s__rosidl_typesupport_c.cpython-38-x86_64-linux-gnu.so[0m
[12.085s] [ 98%] [32m[1mLinking C shared library rosidl_generator_py/drive_base_msgs/drive_base_msgs_s__rosidl_typesupport_introspection_c.cpython-38-x86_64-linux-gnu.so[0m
[12.086s] [100%] [32m[1mLinking CXX shared library rosidl_generator_py/drive_base_msgs/drive_base_msgs_s__rosidl_typesupport_fastrtps_c.cpython-38-x86_64-linux-gnu.so[0m
[12.149s] [100%] Built target drive_base_msgs__rosidl_typesupport_c__pyext
[12.149s] [100%] Built target drive_base_msgs__rosidl_typesupport_introspection_c__pyext
[12.184s] [100%] Built target drive_base_msgs__rosidl_typesupport_fastrtps_c__pyext
[12.206s] Invoked command in '/home/raul/bookros2_ws/build/drive_base_msgs' returned '0': CMAKE_PREFIX_PATH=${CMAKE_PREFIX_PATH}:/home/raul/bookros2_ws/install/ros2controlcli:/home/raul/bookros2_ws/install/launch_pal:/home/raul/bookros2_ws/install/br2_fsm_bumpgo_py:/opt/ros/foxy /usr/bin/cmake --build /home/raul/bookros2_ws/build/drive_base_msgs -- -j10 -l10
[12.492s] Invoking command in '/home/raul/bookros2_ws/build/drive_base_msgs': CMAKE_PREFIX_PATH=${CMAKE_PREFIX_PATH}:/home/raul/bookros2_ws/install/ros2controlcli:/home/raul/bookros2_ws/install/launch_pal:/home/raul/bookros2_ws/install/br2_fsm_bumpgo_py:/opt/ros/foxy /usr/bin/cmake --install /home/raul/bookros2_ws/build/drive_base_msgs
[12.507s] -- Install configuration: ""
[12.508s] -- Execute custom install script
[12.508s] -- Symlinking: /home/raul/bookros2_ws/install/drive_base_msgs/share/ament_index/resource_index/rosidl_interfaces/drive_base_msgs
[12.524s] -- Symlinking: /home/raul/bookros2_ws/install/drive_base_msgs/include/drive_base_msgs/msg/base_info.h
[12.539s] -- Symlinking: /home/raul/bookros2_ws/install/drive_base_msgs/include/drive_base_msgs/msg/command_header.h
[12.554s] -- Symlinking: /home/raul/bookros2_ws/install/drive_base_msgs/include/drive_base_msgs/msg/command_status.h
[12.570s] -- Symlinking: /home/raul/bookros2_ws/install/drive_base_msgs/include/drive_base_msgs/msg/detail/base_info__functions.h
[12.585s] -- Symlinking: /home/raul/bookros2_ws/install/drive_base_msgs/include/drive_base_msgs/msg/detail/base_info__struct.h
[12.600s] -- Symlinking: /home/raul/bookros2_ws/install/drive_base_msgs/include/drive_base_msgs/msg/detail/base_info__type_support.h
[12.616s] -- Symlinking: /home/raul/bookros2_ws/install/drive_base_msgs/include/drive_base_msgs/msg/detail/command_header__functions.h
[12.632s] -- Symlinking: /home/raul/bookros2_ws/install/drive_base_msgs/include/drive_base_msgs/msg/detail/command_header__struct.h
[12.647s] -- Symlinking: /home/raul/bookros2_ws/install/drive_base_msgs/include/drive_base_msgs/msg/detail/command_header__type_support.h
[12.663s] -- Symlinking: /home/raul/bookros2_ws/install/drive_base_msgs/include/drive_base_msgs/msg/detail/command_status__functions.h
[12.678s] -- Symlinking: /home/raul/bookros2_ws/install/drive_base_msgs/include/drive_base_msgs/msg/detail/command_status__struct.h
[12.693s] -- Symlinking: /home/raul/bookros2_ws/install/drive_base_msgs/include/drive_base_msgs/msg/detail/command_status__type_support.h
[12.709s] -- Symlinking: /home/raul/bookros2_ws/install/drive_base_msgs/include/drive_base_msgs/msg/detail/trv_command__functions.h
[12.724s] -- Symlinking: /home/raul/bookros2_ws/install/drive_base_msgs/include/drive_base_msgs/msg/detail/trv_command__struct.h
[12.739s] -- Symlinking: /home/raul/bookros2_ws/install/drive_base_msgs/include/drive_base_msgs/msg/detail/trv_command__type_support.h
[12.755s] -- Symlinking: /home/raul/bookros2_ws/install/drive_base_msgs/include/drive_base_msgs/msg/rosidl_generator_c__visibility_control.h
[12.770s] -- Symlinking: /home/raul/bookros2_ws/install/drive_base_msgs/include/drive_base_msgs/msg/trv_command.h
[12.785s] -- Symlinking: /home/raul/bookros2_ws/install/drive_base_msgs/share/drive_base_msgs/environment/library_path.sh
[12.800s] -- Symlinking: /home/raul/bookros2_ws/install/drive_base_msgs/share/drive_base_msgs/environment/library_path.dsv
[12.816s] -- Symlinking: /home/raul/bookros2_ws/install/drive_base_msgs/include/drive_base_msgs/msg/detail/base_info__rosidl_typesupport_fastrtps_c.h
[12.831s] -- Symlinking: /home/raul/bookros2_ws/install/drive_base_msgs/include/drive_base_msgs/msg/detail/command_header__rosidl_typesupport_fastrtps_c.h
[12.846s] -- Symlinking: /home/raul/bookros2_ws/install/drive_base_msgs/include/drive_base_msgs/msg/detail/command_status__rosidl_typesupport_fastrtps_c.h
[12.861s] -- Symlinking: /home/raul/bookros2_ws/install/drive_base_msgs/include/drive_base_msgs/msg/detail/trv_command__rosidl_typesupport_fastrtps_c.h
[12.877s] -- Symlinking: /home/raul/bookros2_ws/install/drive_base_msgs/include/drive_base_msgs/msg/rosidl_typesupport_fastrtps_c__visibility_control.h
[12.892s] -- Symlinking: /home/raul/bookros2_ws/install/drive_base_msgs/lib/libdrive_base_msgs__rosidl_typesupport_fastrtps_c.so
[12.908s] -- Symlinking: /home/raul/bookros2_ws/install/drive_base_msgs/include/drive_base_msgs/msg/detail/base_info__rosidl_typesupport_fastrtps_cpp.hpp
[12.924s] -- Symlinking: /home/raul/bookros2_ws/install/drive_base_msgs/include/drive_base_msgs/msg/detail/command_header__rosidl_typesupport_fastrtps_cpp.hpp
[12.939s] -- Symlinking: /home/raul/bookros2_ws/install/drive_base_msgs/include/drive_base_msgs/msg/detail/command_status__rosidl_typesupport_fastrtps_cpp.hpp
[12.954s] -- Symlinking: /home/raul/bookros2_ws/install/drive_base_msgs/include/drive_base_msgs/msg/detail/trv_command__rosidl_typesupport_fastrtps_cpp.hpp
[12.968s] -- Symlinking: /home/raul/bookros2_ws/install/drive_base_msgs/include/drive_base_msgs/msg/rosidl_typesupport_fastrtps_cpp__visibility_control.h
[12.983s] -- Symlinking: /home/raul/bookros2_ws/install/drive_base_msgs/lib/libdrive_base_msgs__rosidl_typesupport_fastrtps_cpp.so
[12.999s] -- Symlinking: /home/raul/bookros2_ws/install/drive_base_msgs/include/drive_base_msgs/msg/detail/base_info__rosidl_typesupport_introspection_c.h
[13.014s] -- Symlinking: /home/raul/bookros2_ws/install/drive_base_msgs/include/drive_base_msgs/msg/detail/command_header__rosidl_typesupport_introspection_c.h
[13.029s] -- Symlinking: /home/raul/bookros2_ws/install/drive_base_msgs/include/drive_base_msgs/msg/detail/command_status__rosidl_typesupport_introspection_c.h
[13.044s] -- Symlinking: /home/raul/bookros2_ws/install/drive_base_msgs/include/drive_base_msgs/msg/detail/trv_command__rosidl_typesupport_introspection_c.h
[13.059s] -- Symlinking: /home/raul/bookros2_ws/install/drive_base_msgs/include/drive_base_msgs/msg/rosidl_typesupport_introspection_c__visibility_control.h
[13.075s] -- Symlinking: /home/raul/bookros2_ws/install/drive_base_msgs/include/drive_base_msgs/msg/base_info.hpp
[13.089s] -- Symlinking: /home/raul/bookros2_ws/install/drive_base_msgs/include/drive_base_msgs/msg/command_header.hpp
[13.105s] -- Symlinking: /home/raul/bookros2_ws/install/drive_base_msgs/include/drive_base_msgs/msg/command_status.hpp
[13.120s] -- Symlinking: /home/raul/bookros2_ws/install/drive_base_msgs/include/drive_base_msgs/msg/detail/base_info__builder.hpp
[13.136s] -- Symlinking: /home/raul/bookros2_ws/install/drive_base_msgs/include/drive_base_msgs/msg/detail/base_info__struct.hpp
[13.151s] -- Symlinking: /home/raul/bookros2_ws/install/drive_base_msgs/include/drive_base_msgs/msg/detail/base_info__traits.hpp
[13.166s] -- Symlinking: /home/raul/bookros2_ws/install/drive_base_msgs/include/drive_base_msgs/msg/detail/command_header__builder.hpp
[13.181s] -- Symlinking: /home/raul/bookros2_ws/install/drive_base_msgs/include/drive_base_msgs/msg/detail/command_header__struct.hpp
[13.195s] -- Symlinking: /home/raul/bookros2_ws/install/drive_base_msgs/include/drive_base_msgs/msg/detail/command_header__traits.hpp
[13.211s] -- Symlinking: /home/raul/bookros2_ws/install/drive_base_msgs/include/drive_base_msgs/msg/detail/command_status__builder.hpp
[13.227s] -- Symlinking: /home/raul/bookros2_ws/install/drive_base_msgs/include/drive_base_msgs/msg/detail/command_status__struct.hpp
[13.243s] -- Symlinking: /home/raul/bookros2_ws/install/drive_base_msgs/include/drive_base_msgs/msg/detail/command_status__traits.hpp
[13.258s] -- Symlinking: /home/raul/bookros2_ws/install/drive_base_msgs/include/drive_base_msgs/msg/detail/trv_command__builder.hpp
[13.274s] -- Symlinking: /home/raul/bookros2_ws/install/drive_base_msgs/include/drive_base_msgs/msg/detail/trv_command__struct.hpp
[13.290s] -- Symlinking: /home/raul/bookros2_ws/install/drive_base_msgs/include/drive_base_msgs/msg/detail/trv_command__traits.hpp
[13.305s] -- Symlinking: /home/raul/bookros2_ws/install/drive_base_msgs/include/drive_base_msgs/msg/trv_command.hpp
[13.322s] -- Symlinking: /home/raul/bookros2_ws/install/drive_base_msgs/include/drive_base_msgs/msg/detail/base_info__rosidl_typesupport_introspection_cpp.hpp
[13.337s] -- Symlinking: /home/raul/bookros2_ws/install/drive_base_msgs/include/drive_base_msgs/msg/detail/command_header__rosidl_typesupport_introspection_cpp.hpp
[13.352s] -- Symlinking: /home/raul/bookros2_ws/install/drive_base_msgs/include/drive_base_msgs/msg/detail/command_status__rosidl_typesupport_introspection_cpp.hpp
[13.367s] -- Symlinking: /home/raul/bookros2_ws/install/drive_base_msgs/include/drive_base_msgs/msg/detail/trv_command__rosidl_typesupport_introspection_cpp.hpp
[13.383s] -- Symlinking: /home/raul/bookros2_ws/install/drive_base_msgs/share/drive_base_msgs/environment/pythonpath.sh
[13.398s] -- Symlinking: /home/raul/bookros2_ws/install/drive_base_msgs/share/drive_base_msgs/environment/pythonpath.dsv
[13.414s] -- Symlinking: /home/raul/bookros2_ws/install/drive_base_msgs/lib/python3.8/site-packages/drive_base_msgs/__init__.py
[13.429s] -- Symlinking: /home/raul/bookros2_ws/install/drive_base_msgs/lib/python3.8/site-packages/drive_base_msgs/msg/__init__.py
[13.445s] -- Symlinking: /home/raul/bookros2_ws/install/drive_base_msgs/lib/python3.8/site-packages/drive_base_msgs/msg/_base_info.py
[13.460s] -- Symlinking: /home/raul/bookros2_ws/install/drive_base_msgs/lib/python3.8/site-packages/drive_base_msgs/msg/_command_header.py
[13.475s] -- Symlinking: /home/raul/bookros2_ws/install/drive_base_msgs/lib/python3.8/site-packages/drive_base_msgs/msg/_command_status.py
[13.490s] -- Symlinking: /home/raul/bookros2_ws/install/drive_base_msgs/lib/python3.8/site-packages/drive_base_msgs/msg/_trv_command.py
[13.505s] -- Symlinking: /home/raul/bookros2_ws/install/drive_base_msgs/lib/python3.8/site-packages/drive_base_msgs/drive_base_msgs_s__rosidl_typesupport_fastrtps_c.cpython-38-x86_64-linux-gnu.so
[13.521s] -- Symlinking: /home/raul/bookros2_ws/install/drive_base_msgs/lib/python3.8/site-packages/drive_base_msgs/drive_base_msgs_s__rosidl_typesupport_introspection_c.cpython-38-x86_64-linux-gnu.so
[13.536s] -- Symlinking: /home/raul/bookros2_ws/install/drive_base_msgs/lib/python3.8/site-packages/drive_base_msgs/drive_base_msgs_s__rosidl_typesupport_c.cpython-38-x86_64-linux-gnu.so
[13.551s] -- Symlinking: /home/raul/bookros2_ws/install/drive_base_msgs/lib/libdrive_base_msgs__python.so
[13.567s] -- Symlinking: /home/raul/bookros2_ws/install/drive_base_msgs/share/drive_base_msgs/msg/CommandHeader.idl
[13.582s] -- Symlinking: /home/raul/bookros2_ws/install/drive_base_msgs/share/drive_base_msgs/msg/BaseInfo.idl
[13.597s] -- Symlinking: /home/raul/bookros2_ws/install/drive_base_msgs/share/drive_base_msgs/msg/CommandStatus.idl
[13.614s] -- Symlinking: /home/raul/bookros2_ws/install/drive_base_msgs/share/drive_base_msgs/msg/TRVCommand.idl
[13.630s] -- Symlinking: /home/raul/bookros2_ws/install/drive_base_msgs/share/drive_base_msgs/msg/CommandHeader.msg
[13.646s] -- Symlinking: /home/raul/bookros2_ws/install/drive_base_msgs/share/drive_base_msgs/msg/BaseInfo.msg
[13.661s] -- Symlinking: /home/raul/bookros2_ws/install/drive_base_msgs/share/drive_base_msgs/msg/CommandStatus.msg
[13.677s] -- Symlinking: /home/raul/bookros2_ws/install/drive_base_msgs/share/drive_base_msgs/msg/TRVCommand.msg
[13.693s] -- Symlinking: /home/raul/bookros2_ws/install/drive_base_msgs/share/ament_index/resource_index/package_run_dependencies/drive_base_msgs
[13.708s] -- Symlinking: /home/raul/bookros2_ws/install/drive_base_msgs/share/ament_index/resource_index/parent_prefix_path/drive_base_msgs
[13.724s] -- Symlinking: /home/raul/bookros2_ws/install/drive_base_msgs/share/drive_base_msgs/environment/ament_prefix_path.sh
[13.740s] -- Symlinking: /home/raul/bookros2_ws/install/drive_base_msgs/share/drive_base_msgs/environment/ament_prefix_path.dsv
[13.756s] -- Symlinking: /home/raul/bookros2_ws/install/drive_base_msgs/share/drive_base_msgs/environment/path.sh
[13.770s] -- Symlinking: /home/raul/bookros2_ws/install/drive_base_msgs/share/drive_base_msgs/environment/path.dsv
[13.786s] -- Symlinking: /home/raul/bookros2_ws/install/drive_base_msgs/share/drive_base_msgs/local_setup.bash
[13.802s] -- Symlinking: /home/raul/bookros2_ws/install/drive_base_msgs/share/drive_base_msgs/local_setup.sh
[13.818s] -- Symlinking: /home/raul/bookros2_ws/install/drive_base_msgs/share/drive_base_msgs/local_setup.zsh
[13.835s] -- Symlinking: /home/raul/bookros2_ws/install/drive_base_msgs/share/drive_base_msgs/local_setup.dsv
[13.850s] -- Symlinking: /home/raul/bookros2_ws/install/drive_base_msgs/share/drive_base_msgs/package.dsv
[13.866s] -- Symlinking: /home/raul/bookros2_ws/install/drive_base_msgs/share/ament_index/resource_index/packages/drive_base_msgs
[13.882s] -- Symlinking: /home/raul/bookros2_ws/install/drive_base_msgs/share/drive_base_msgs/cmake/rosidl_cmake-extras.cmake
[13.899s] -- Symlinking: /home/raul/bookros2_ws/install/drive_base_msgs/share/drive_base_msgs/cmake/ament_cmake_export_dependencies-extras.cmake
[13.915s] -- Symlinking: /home/raul/bookros2_ws/install/drive_base_msgs/share/drive_base_msgs/cmake/ament_cmake_export_libraries-extras.cmake
[13.930s] -- Symlinking: /home/raul/bookros2_ws/install/drive_base_msgs/share/drive_base_msgs/cmake/ament_cmake_export_targets-extras.cmake
[13.945s] -- Symlinking: /home/raul/bookros2_ws/install/drive_base_msgs/share/drive_base_msgs/cmake/ament_cmake_export_include_directories-extras.cmake
[13.961s] -- Symlinking: /home/raul/bookros2_ws/install/drive_base_msgs/share/drive_base_msgs/cmake/rosidl_cmake_export_typesupport_libraries-extras.cmake
[13.977s] -- Symlinking: /home/raul/bookros2_ws/install/drive_base_msgs/share/drive_base_msgs/cmake/rosidl_cmake_export_typesupport_targets-extras.cmake
[13.993s] -- Symlinking: /home/raul/bookros2_ws/install/drive_base_msgs/share/drive_base_msgs/cmake/drive_base_msgsConfig.cmake
[14.008s] -- Symlinking: /home/raul/bookros2_ws/install/drive_base_msgs/share/drive_base_msgs/cmake/drive_base_msgsConfig-version.cmake
[14.024s] -- Symlinking: /home/raul/bookros2_ws/install/drive_base_msgs/share/drive_base_msgs/package.xml
[14.040s] -- Installing: /home/raul/bookros2_ws/install/drive_base_msgs/lib/libdrive_base_msgs__rosidl_generator_c.so
[14.040s] -- Set runtime path of "/home/raul/bookros2_ws/install/drive_base_msgs/lib/libdrive_base_msgs__rosidl_generator_c.so" to ""
[14.040s] -- Installing: /home/raul/bookros2_ws/install/drive_base_msgs/lib/libdrive_base_msgs__rosidl_typesupport_introspection_c.so
[14.041s] -- Set runtime path of "/home/raul/bookros2_ws/install/drive_base_msgs/lib/libdrive_base_msgs__rosidl_typesupport_introspection_c.so" to ""
[14.041s] -- Installing: /home/raul/bookros2_ws/install/drive_base_msgs/lib/libdrive_base_msgs__rosidl_typesupport_c.so
[14.041s] -- Set runtime path of "/home/raul/bookros2_ws/install/drive_base_msgs/lib/libdrive_base_msgs__rosidl_typesupport_c.so" to ""
[14.041s] -- Installing: /home/raul/bookros2_ws/install/drive_base_msgs/lib/libdrive_base_msgs__rosidl_typesupport_introspection_cpp.so
[14.042s] -- Set runtime path of "/home/raul/bookros2_ws/install/drive_base_msgs/lib/libdrive_base_msgs__rosidl_typesupport_introspection_cpp.so" to ""
[14.042s] -- Installing: /home/raul/bookros2_ws/install/drive_base_msgs/lib/libdrive_base_msgs__rosidl_typesupport_cpp.so
[14.043s] -- Set runtime path of "/home/raul/bookros2_ws/install/drive_base_msgs/lib/libdrive_base_msgs__rosidl_typesupport_cpp.so" to ""
[14.087s] Compiling '/home/raul/bookros2_ws/install/drive_base_msgs/lib/python3.8/site-packages/drive_base_msgs/__init__.py'...
[14.090s] -- Installing: /home/raul/bookros2_ws/install/drive_base_msgs/share/drive_base_msgs/cmake/drive_base_msgs__rosidl_generator_cExport.cmake
[14.091s] -- Installing: /home/raul/bookros2_ws/install/drive_base_msgs/share/drive_base_msgs/cmake/drive_base_msgs__rosidl_generator_cExport-noconfig.cmake
[14.091s] -- Installing: /home/raul/bookros2_ws/install/drive_base_msgs/share/drive_base_msgs/cmake/drive_base_msgs__rosidl_typesupport_introspection_cExport.cmake
[14.091s] -- Installing: /home/raul/bookros2_ws/install/drive_base_msgs/share/drive_base_msgs/cmake/drive_base_msgs__rosidl_typesupport_introspection_cExport-noconfig.cmake
[14.091s] -- Installing: /home/raul/bookros2_ws/install/drive_base_msgs/share/drive_base_msgs/cmake/drive_base_msgs__rosidl_typesupport_cExport.cmake
[14.092s] -- Installing: /home/raul/bookros2_ws/install/drive_base_msgs/share/drive_base_msgs/cmake/drive_base_msgs__rosidl_typesupport_cExport-noconfig.cmake
[14.092s] -- Installing: /home/raul/bookros2_ws/install/drive_base_msgs/share/drive_base_msgs/cmake/drive_base_msgs__rosidl_generator_cppExport.cmake
[14.092s] -- Installing: /home/raul/bookros2_ws/install/drive_base_msgs/share/drive_base_msgs/cmake/drive_base_msgs__rosidl_typesupport_introspection_cppExport.cmake
[14.092s] -- Installing: /home/raul/bookros2_ws/install/drive_base_msgs/share/drive_base_msgs/cmake/drive_base_msgs__rosidl_typesupport_introspection_cppExport-noconfig.cmake
[14.092s] -- Installing: /home/raul/bookros2_ws/install/drive_base_msgs/share/drive_base_msgs/cmake/drive_base_msgs__rosidl_typesupport_cppExport.cmake
[14.093s] -- Installing: /home/raul/bookros2_ws/install/drive_base_msgs/share/drive_base_msgs/cmake/drive_base_msgs__rosidl_typesupport_cppExport-noconfig.cmake
[14.098s] Invoked command in '/home/raul/bookros2_ws/build/drive_base_msgs' returned '0': CMAKE_PREFIX_PATH=${CMAKE_PREFIX_PATH}:/home/raul/bookros2_ws/install/ros2controlcli:/home/raul/bookros2_ws/install/launch_pal:/home/raul/bookros2_ws/install/br2_fsm_bumpgo_py:/opt/ros/foxy /usr/bin/cmake --install /home/raul/bookros2_ws/build/drive_base_msgs
