[0.083s] Invoking command in '/home/raul/bookros2_ws/firmware/mcu_ws/build/rosidl_adapter': CMAKE_PREFIX_PATH=${CMAKE_PREFIX_PATH}:/home/raul/bookros2_ws/firmware/dev_ws/install/ament_uncrustify:/home/raul/bookros2_ws/firmware/dev_ws/install/domain_coordinator:/home/raul/bookros2_ws/firmware/dev_ws/install/ament_xmllint:/home/raul/bookros2_ws/firmware/dev_ws/install/ament_pyflakes:/home/raul/bookros2_ws/firmware/dev_ws/install/ament_pycodestyle:/home/raul/bookros2_ws/firmware/dev_ws/install/ament_pep257:/home/raul/bookros2_ws/firmware/dev_ws/install/ament_pclint:/home/raul/bookros2_ws/firmware/dev_ws/install/ament_package:/home/raul/bookros2_ws/firmware/dev_ws/install/ament_mypy:/home/raul/bookros2_ws/firmware/dev_ws/install/ament_lint_cmake:/home/raul/bookros2_ws/firmware/dev_ws/install/ament_flake8:/home/raul/bookros2_ws/firmware/dev_ws/install/ament_copyright:/home/raul/bookros2_ws/firmware/dev_ws/install/ament_lint:/home/raul/bookros2_ws/firmware/dev_ws/install/ament_index_python:/home/raul/bookros2_ws/firmware/dev_ws/install/ament_cpplint:/home/raul/bookros2_ws/firmware/dev_ws/install/ament_cppcheck:/home/raul/bookros2_ws/firmware/dev_ws/install/ament_clang_tidy:/home/raul/bookros2_ws/firmware/dev_ws/install/ament_clang_format /usr/bin/cmake /home/raul/bookros2_ws/firmware/mcu_ws/ros2/rosidl/rosidl_adapter --no-warn-unused-cli -DCMAKE_POSITION_INDEPENDENT_CODE:BOOL=OFF -DTHIRDPARTY=ON -DBUILD_SHARED_LIBS=OFF -DBUILD_TESTING=OFF -DCMAKE_BUILD_TYPE=Debug -DCMAKE_TOOLCHAIN_FILE=/home/raul/bookros2_ws/firmware/freertos_apps/microros_esp32_extensions/esp32_toolchain.cmake -DCMAKE_VERBOSE_MAKEFILE=ON -DCMAKE_INSTALL_PREFIX=/home/raul/bookros2_ws/firmware/mcu_ws/install
[0.113s] Not searching for unused variables given on the command line.
[0.122s] -- Found ament_cmake: 0.9.11 (/home/raul/bookros2_ws/firmware/dev_ws/install/ament_cmake/share/ament_cmake/cmake)
[0.167s] -- Found PythonInterp: /home/raul/bookros2_ws/firmware/toolchain/espressif/python_env/idf4.1_py3.8_env/bin/python3 (found suitable version "3.8.10", minimum required is "3") 
[0.167s] -- Using PYTHON_EXECUTABLE: /home/raul/bookros2_ws/firmware/toolchain/espressif/python_env/idf4.1_py3.8_env/bin/python3
[0.946s] -- Configuring done
[0.948s] -- Generating done
[0.949s] -- Build files have been written to: /home/raul/bookros2_ws/firmware/mcu_ws/build/rosidl_adapter
[1.200s] Invoked command in '/home/raul/bookros2_ws/firmware/mcu_ws/build/rosidl_adapter' returned '0': CMAKE_PREFIX_PATH=${CMAKE_PREFIX_PATH}:/home/raul/bookros2_ws/firmware/dev_ws/install/ament_uncrustify:/home/raul/bookros2_ws/firmware/dev_ws/install/domain_coordinator:/home/raul/bookros2_ws/firmware/dev_ws/install/ament_xmllint:/home/raul/bookros2_ws/firmware/dev_ws/install/ament_pyflakes:/home/raul/bookros2_ws/firmware/dev_ws/install/ament_pycodestyle:/home/raul/bookros2_ws/firmware/dev_ws/install/ament_pep257:/home/raul/bookros2_ws/firmware/dev_ws/install/ament_pclint:/home/raul/bookros2_ws/firmware/dev_ws/install/ament_package:/home/raul/bookros2_ws/firmware/dev_ws/install/ament_mypy:/home/raul/bookros2_ws/firmware/dev_ws/install/ament_lint_cmake:/home/raul/bookros2_ws/firmware/dev_ws/install/ament_flake8:/home/raul/bookros2_ws/firmware/dev_ws/install/ament_copyright:/home/raul/bookros2_ws/firmware/dev_ws/install/ament_lint:/home/raul/bookros2_ws/firmware/dev_ws/install/ament_index_python:/home/raul/bookros2_ws/firmware/dev_ws/install/ament_cpplint:/home/raul/bookros2_ws/firmware/dev_ws/install/ament_cppcheck:/home/raul/bookros2_ws/firmware/dev_ws/install/ament_clang_tidy:/home/raul/bookros2_ws/firmware/dev_ws/install/ament_clang_format /usr/bin/cmake /home/raul/bookros2_ws/firmware/mcu_ws/ros2/rosidl/rosidl_adapter --no-warn-unused-cli -DCMAKE_POSITION_INDEPENDENT_CODE:BOOL=OFF -DTHIRDPARTY=ON -DBUILD_SHARED_LIBS=OFF -DBUILD_TESTING=OFF -DCMAKE_BUILD_TYPE=Debug -DCMAKE_TOOLCHAIN_FILE=/home/raul/bookros2_ws/firmware/freertos_apps/microros_esp32_extensions/esp32_toolchain.cmake -DCMAKE_VERBOSE_MAKEFILE=ON -DCMAKE_INSTALL_PREFIX=/home/raul/bookros2_ws/firmware/mcu_ws/install
[1.202s] Invoking command in '/home/raul/bookros2_ws/firmware/mcu_ws/build/rosidl_adapter': CMAKE_PREFIX_PATH=${CMAKE_PREFIX_PATH}:/home/raul/bookros2_ws/firmware/dev_ws/install/ament_uncrustify:/home/raul/bookros2_ws/firmware/dev_ws/install/domain_coordinator:/home/raul/bookros2_ws/firmware/dev_ws/install/ament_xmllint:/home/raul/bookros2_ws/firmware/dev_ws/install/ament_pyflakes:/home/raul/bookros2_ws/firmware/dev_ws/install/ament_pycodestyle:/home/raul/bookros2_ws/firmware/dev_ws/install/ament_pep257:/home/raul/bookros2_ws/firmware/dev_ws/install/ament_pclint:/home/raul/bookros2_ws/firmware/dev_ws/install/ament_package:/home/raul/bookros2_ws/firmware/dev_ws/install/ament_mypy:/home/raul/bookros2_ws/firmware/dev_ws/install/ament_lint_cmake:/home/raul/bookros2_ws/firmware/dev_ws/install/ament_flake8:/home/raul/bookros2_ws/firmware/dev_ws/install/ament_copyright:/home/raul/bookros2_ws/firmware/dev_ws/install/ament_lint:/home/raul/bookros2_ws/firmware/dev_ws/install/ament_index_python:/home/raul/bookros2_ws/firmware/dev_ws/install/ament_cpplint:/home/raul/bookros2_ws/firmware/dev_ws/install/ament_cppcheck:/home/raul/bookros2_ws/firmware/dev_ws/install/ament_clang_tidy:/home/raul/bookros2_ws/firmware/dev_ws/install/ament_clang_format /usr/bin/cmake --build /home/raul/bookros2_ws/firmware/mcu_ws/build/rosidl_adapter -- -j6 -l6
[1.250s] make[4]: Entering directory '/home/raul/bookros2_ws/firmware/mcu_ws/build/rosidl_adapter'
[1.250s] /usr/bin/cmake -S/home/raul/bookros2_ws/firmware/mcu_ws/ros2/rosidl/rosidl_adapter -B/home/raul/bookros2_ws/firmware/mcu_ws/build/rosidl_adapter --check-build-system CMakeFiles/Makefile.cmake 0
[1.263s] /usr/bin/cmake -E cmake_progress_start /home/raul/bookros2_ws/firmware/mcu_ws/build/rosidl_adapter/CMakeFiles /home/raul/bookros2_ws/firmware/mcu_ws/build/rosidl_adapter/CMakeFiles/progress.marks
[1.276s] /usr/bin/make -f CMakeFiles/Makefile2 all
[1.279s] make[5]: Entering directory '/home/raul/bookros2_ws/firmware/mcu_ws/build/rosidl_adapter'
[1.279s] make[5]: Nothing to be done for 'all'.
[1.279s] make[5]: Leaving directory '/home/raul/bookros2_ws/firmware/mcu_ws/build/rosidl_adapter'
[1.280s] /usr/bin/cmake -E cmake_progress_start /home/raul/bookros2_ws/firmware/mcu_ws/build/rosidl_adapter/CMakeFiles 0
[1.293s] make[4]: Leaving directory '/home/raul/bookros2_ws/firmware/mcu_ws/build/rosidl_adapter'
[1.300s] Invoked command in '/home/raul/bookros2_ws/firmware/mcu_ws/build/rosidl_adapter' returned '0': CMAKE_PREFIX_PATH=${CMAKE_PREFIX_PATH}:/home/raul/bookros2_ws/firmware/dev_ws/install/ament_uncrustify:/home/raul/bookros2_ws/firmware/dev_ws/install/domain_coordinator:/home/raul/bookros2_ws/firmware/dev_ws/install/ament_xmllint:/home/raul/bookros2_ws/firmware/dev_ws/install/ament_pyflakes:/home/raul/bookros2_ws/firmware/dev_ws/install/ament_pycodestyle:/home/raul/bookros2_ws/firmware/dev_ws/install/ament_pep257:/home/raul/bookros2_ws/firmware/dev_ws/install/ament_pclint:/home/raul/bookros2_ws/firmware/dev_ws/install/ament_package:/home/raul/bookros2_ws/firmware/dev_ws/install/ament_mypy:/home/raul/bookros2_ws/firmware/dev_ws/install/ament_lint_cmake:/home/raul/bookros2_ws/firmware/dev_ws/install/ament_flake8:/home/raul/bookros2_ws/firmware/dev_ws/install/ament_copyright:/home/raul/bookros2_ws/firmware/dev_ws/install/ament_lint:/home/raul/bookros2_ws/firmware/dev_ws/install/ament_index_python:/home/raul/bookros2_ws/firmware/dev_ws/install/ament_cpplint:/home/raul/bookros2_ws/firmware/dev_ws/install/ament_cppcheck:/home/raul/bookros2_ws/firmware/dev_ws/install/ament_clang_tidy:/home/raul/bookros2_ws/firmware/dev_ws/install/ament_clang_format /usr/bin/cmake --build /home/raul/bookros2_ws/firmware/mcu_ws/build/rosidl_adapter -- -j6 -l6
[1.359s] Invoking command in '/home/raul/bookros2_ws/firmware/mcu_ws/build/rosidl_adapter': CMAKE_PREFIX_PATH=${CMAKE_PREFIX_PATH}:/home/raul/bookros2_ws/firmware/dev_ws/install/ament_uncrustify:/home/raul/bookros2_ws/firmware/dev_ws/install/domain_coordinator:/home/raul/bookros2_ws/firmware/dev_ws/install/ament_xmllint:/home/raul/bookros2_ws/firmware/dev_ws/install/ament_pyflakes:/home/raul/bookros2_ws/firmware/dev_ws/install/ament_pycodestyle:/home/raul/bookros2_ws/firmware/dev_ws/install/ament_pep257:/home/raul/bookros2_ws/firmware/dev_ws/install/ament_pclint:/home/raul/bookros2_ws/firmware/dev_ws/install/ament_package:/home/raul/bookros2_ws/firmware/dev_ws/install/ament_mypy:/home/raul/bookros2_ws/firmware/dev_ws/install/ament_lint_cmake:/home/raul/bookros2_ws/firmware/dev_ws/install/ament_flake8:/home/raul/bookros2_ws/firmware/dev_ws/install/ament_copyright:/home/raul/bookros2_ws/firmware/dev_ws/install/ament_lint:/home/raul/bookros2_ws/firmware/dev_ws/install/ament_index_python:/home/raul/bookros2_ws/firmware/dev_ws/install/ament_cpplint:/home/raul/bookros2_ws/firmware/dev_ws/install/ament_cppcheck:/home/raul/bookros2_ws/firmware/dev_ws/install/ament_clang_tidy:/home/raul/bookros2_ws/firmware/dev_ws/install/ament_clang_format /usr/bin/cmake --install /home/raul/bookros2_ws/firmware/mcu_ws/build/rosidl_adapter
[1.377s] -- Install configuration: "Debug"
[1.378s] -- Installing: /home/raul/bookros2_ws/firmware/mcu_ws/install/share/rosidl_adapter/environment/pythonpath.sh
[1.378s] -- Installing: /home/raul/bookros2_ws/firmware/mcu_ws/install/share/rosidl_adapter/environment/pythonpath.dsv
[1.379s] -- Installing: /home/raul/bookros2_ws/firmware/mcu_ws/install/lib/python3.8/site-packages/rosidl_adapter
[1.379s] -- Installing: /home/raul/bookros2_ws/firmware/mcu_ws/install/lib/python3.8/site-packages/rosidl_adapter/action
[1.379s] -- Installing: /home/raul/bookros2_ws/firmware/mcu_ws/install/lib/python3.8/site-packages/rosidl_adapter/action/__init__.py
[1.380s] -- Installing: /home/raul/bookros2_ws/firmware/mcu_ws/install/lib/python3.8/site-packages/rosidl_adapter/parser.py
[1.381s] -- Installing: /home/raul/bookros2_ws/firmware/mcu_ws/install/lib/python3.8/site-packages/rosidl_adapter/msg
[1.385s] -- Installing: /home/raul/bookros2_ws/firmware/mcu_ws/install/lib/python3.8/site-packages/rosidl_adapter/msg/__init__.py
[1.386s] -- Installing: /home/raul/bookros2_ws/firmware/mcu_ws/install/lib/python3.8/site-packages/rosidl_adapter/cli.py
[1.386s] -- Installing: /home/raul/bookros2_ws/firmware/mcu_ws/install/lib/python3.8/site-packages/rosidl_adapter/__main__.py
[1.386s] -- Installing: /home/raul/bookros2_ws/firmware/mcu_ws/install/lib/python3.8/site-packages/rosidl_adapter/main.py
[1.386s] -- Installing: /home/raul/bookros2_ws/firmware/mcu_ws/install/lib/python3.8/site-packages/rosidl_adapter/srv
[1.386s] -- Installing: /home/raul/bookros2_ws/firmware/mcu_ws/install/lib/python3.8/site-packages/rosidl_adapter/srv/__init__.py
[1.386s] -- Installing: /home/raul/bookros2_ws/firmware/mcu_ws/install/lib/python3.8/site-packages/rosidl_adapter/resource
[1.386s] -- Installing: /home/raul/bookros2_ws/firmware/mcu_ws/install/lib/python3.8/site-packages/rosidl_adapter/resource/srv.idl.em
[1.386s] -- Installing: /home/raul/bookros2_ws/firmware/mcu_ws/install/lib/python3.8/site-packages/rosidl_adapter/resource/msg.idl.em
[1.386s] -- Installing: /home/raul/bookros2_ws/firmware/mcu_ws/install/lib/python3.8/site-packages/rosidl_adapter/resource/action.idl.em
[1.386s] -- Installing: /home/raul/bookros2_ws/firmware/mcu_ws/install/lib/python3.8/site-packages/rosidl_adapter/resource/__init__.py
[1.387s] -- Installing: /home/raul/bookros2_ws/firmware/mcu_ws/install/lib/python3.8/site-packages/rosidl_adapter/resource/struct.idl.em
[1.388s] -- Installing: /home/raul/bookros2_ws/firmware/mcu_ws/install/lib/python3.8/site-packages/rosidl_adapter/__init__.py
[1.454s] Listing '/home/raul/bookros2_ws/firmware/mcu_ws/install/lib/python3.8/site-packages/rosidl_adapter'...
[1.454s] Compiling '/home/raul/bookros2_ws/firmware/mcu_ws/install/lib/python3.8/site-packages/rosidl_adapter/__init__.py'...
[1.454s] Compiling '/home/raul/bookros2_ws/firmware/mcu_ws/install/lib/python3.8/site-packages/rosidl_adapter/__main__.py'...
[1.455s] Listing '/home/raul/bookros2_ws/firmware/mcu_ws/install/lib/python3.8/site-packages/rosidl_adapter/action'...
[1.455s] Compiling '/home/raul/bookros2_ws/firmware/mcu_ws/install/lib/python3.8/site-packages/rosidl_adapter/action/__init__.py'...
[1.455s] Compiling '/home/raul/bookros2_ws/firmware/mcu_ws/install/lib/python3.8/site-packages/rosidl_adapter/cli.py'...
[1.455s] Compiling '/home/raul/bookros2_ws/firmware/mcu_ws/install/lib/python3.8/site-packages/rosidl_adapter/main.py'...
[1.455s] Listing '/home/raul/bookros2_ws/firmware/mcu_ws/install/lib/python3.8/site-packages/rosidl_adapter/msg'...
[1.455s] Compiling '/home/raul/bookros2_ws/firmware/mcu_ws/install/lib/python3.8/site-packages/rosidl_adapter/msg/__init__.py'...
[1.455s] Compiling '/home/raul/bookros2_ws/firmware/mcu_ws/install/lib/python3.8/site-packages/rosidl_adapter/parser.py'...
[1.455s] Listing '/home/raul/bookros2_ws/firmware/mcu_ws/install/lib/python3.8/site-packages/rosidl_adapter/resource'...
[1.455s] Compiling '/home/raul/bookros2_ws/firmware/mcu_ws/install/lib/python3.8/site-packages/rosidl_adapter/resource/__init__.py'...
[1.455s] Listing '/home/raul/bookros2_ws/firmware/mcu_ws/install/lib/python3.8/site-packages/rosidl_adapter/srv'...
[1.455s] Compiling '/home/raul/bookros2_ws/firmware/mcu_ws/install/lib/python3.8/site-packages/rosidl_adapter/srv/__init__.py'...
[1.459s] -- Installing: /home/raul/bookros2_ws/firmware/mcu_ws/install/share/ament_index/resource_index/package_run_dependencies/rosidl_adapter
[1.460s] -- Installing: /home/raul/bookros2_ws/firmware/mcu_ws/install/share/ament_index/resource_index/parent_prefix_path/rosidl_adapter
[1.460s] -- Installing: /home/raul/bookros2_ws/firmware/mcu_ws/install/share/rosidl_adapter/environment/ament_prefix_path.sh
[1.460s] -- Installing: /home/raul/bookros2_ws/firmware/mcu_ws/install/share/rosidl_adapter/environment/ament_prefix_path.dsv
[1.460s] -- Installing: /home/raul/bookros2_ws/firmware/mcu_ws/install/share/rosidl_adapter/environment/path.sh
[1.461s] -- Installing: /home/raul/bookros2_ws/firmware/mcu_ws/install/share/rosidl_adapter/environment/path.dsv
[1.461s] -- Installing: /home/raul/bookros2_ws/firmware/mcu_ws/install/share/rosidl_adapter/local_setup.bash
[1.461s] -- Installing: /home/raul/bookros2_ws/firmware/mcu_ws/install/share/rosidl_adapter/local_setup.sh
[1.462s] -- Installing: /home/raul/bookros2_ws/firmware/mcu_ws/install/share/rosidl_adapter/local_setup.zsh
[1.462s] -- Installing: /home/raul/bookros2_ws/firmware/mcu_ws/install/share/rosidl_adapter/local_setup.dsv
[1.462s] -- Installing: /home/raul/bookros2_ws/firmware/mcu_ws/install/share/rosidl_adapter/package.dsv
[1.462s] -- Installing: /home/raul/bookros2_ws/firmware/mcu_ws/install/share/ament_index/resource_index/packages/rosidl_adapter
[1.463s] -- Installing: /home/raul/bookros2_ws/firmware/mcu_ws/install/share/rosidl_adapter/cmake/rosidl_adapter-extras.cmake
[1.463s] -- Installing: /home/raul/bookros2_ws/firmware/mcu_ws/install/share/rosidl_adapter/cmake/rosidl_adapterConfig.cmake
[1.463s] -- Installing: /home/raul/bookros2_ws/firmware/mcu_ws/install/share/rosidl_adapter/cmake/rosidl_adapterConfig-version.cmake
[1.463s] -- Installing: /home/raul/bookros2_ws/firmware/mcu_ws/install/share/rosidl_adapter/package.xml
[1.464s] -- Up-to-date: /home/raul/bookros2_ws/firmware/mcu_ws/install/share/rosidl_adapter/cmake
[1.464s] -- Installing: /home/raul/bookros2_ws/firmware/mcu_ws/install/share/rosidl_adapter/cmake/rosidl_adapt_interfaces.cmake
[1.465s] -- Installing: /home/raul/bookros2_ws/firmware/mcu_ws/install/lib/rosidl_adapter/msg2idl.py
[1.465s] -- Installing: /home/raul/bookros2_ws/firmware/mcu_ws/install/lib/rosidl_adapter/srv2idl.py
[1.473s] Invoked command in '/home/raul/bookros2_ws/firmware/mcu_ws/build/rosidl_adapter' returned '0': CMAKE_PREFIX_PATH=${CMAKE_PREFIX_PATH}:/home/raul/bookros2_ws/firmware/dev_ws/install/ament_uncrustify:/home/raul/bookros2_ws/firmware/dev_ws/install/domain_coordinator:/home/raul/bookros2_ws/firmware/dev_ws/install/ament_xmllint:/home/raul/bookros2_ws/firmware/dev_ws/install/ament_pyflakes:/home/raul/bookros2_ws/firmware/dev_ws/install/ament_pycodestyle:/home/raul/bookros2_ws/firmware/dev_ws/install/ament_pep257:/home/raul/bookros2_ws/firmware/dev_ws/install/ament_pclint:/home/raul/bookros2_ws/firmware/dev_ws/install/ament_package:/home/raul/bookros2_ws/firmware/dev_ws/install/ament_mypy:/home/raul/bookros2_ws/firmware/dev_ws/install/ament_lint_cmake:/home/raul/bookros2_ws/firmware/dev_ws/install/ament_flake8:/home/raul/bookros2_ws/firmware/dev_ws/install/ament_copyright:/home/raul/bookros2_ws/firmware/dev_ws/install/ament_lint:/home/raul/bookros2_ws/firmware/dev_ws/install/ament_index_python:/home/raul/bookros2_ws/firmware/dev_ws/install/ament_cpplint:/home/raul/bookros2_ws/firmware/dev_ws/install/ament_cppcheck:/home/raul/bookros2_ws/firmware/dev_ws/install/ament_clang_tidy:/home/raul/bookros2_ws/firmware/dev_ws/install/ament_clang_format /usr/bin/cmake --install /home/raul/bookros2_ws/firmware/mcu_ws/build/rosidl_adapter
