running develop
running egg_info
creating launch_pal.egg-info
writing launch_pal.egg-info/PKG-INFO
writing dependency_links to launch_pal.egg-info/dependency_links.txt
writing entry points to launch_pal.egg-info/entry_points.txt
writing requirements to launch_pal.egg-info/requires.txt
writing top-level names to launch_pal.egg-info/top_level.txt
writing manifest file 'launch_pal.egg-info/SOURCES.txt'
reading manifest file 'launch_pal.egg-info/SOURCES.txt'
writing manifest file 'launch_pal.egg-info/SOURCES.txt'
running build_ext
Creating /home/raul/bookros2_ws/install/launch_pal/lib/python3.8/site-packages/site.py
Creating /home/raul/bookros2_ws/install/launch_pal/lib/python3.8/site-packages/launch-pal.egg-link (link to .)

Installed /home/raul/bookros2_ws/build/launch_pal
running install_data
creating /home/raul/bookros2_ws/install/launch_pal/share/ament_index
creating /home/raul/bookros2_ws/install/launch_pal/share/ament_index/resource_index
creating /home/raul/bookros2_ws/install/launch_pal/share/ament_index/resource_index/packages
copying resource/launch_pal -> /home/raul/bookros2_ws/install/launch_pal/share/ament_index/resource_index/packages
copying package.xml -> /home/raul/bookros2_ws/install/launch_pal/share/launch_pal
