[0.964s] Invoking command in '/home/raul/bookros2_ws/build/launch_pal': PYTHONPATH=/home/raul/bookros2_ws/build/launch_pal/prefix_override:/home/raul/bookros2_ws/install/launch_pal/lib/python3.8/site-packages:${PYTHONPATH} /usr/bin/python3 setup.py develop --editable --build-directory /home/raul/bookros2_ws/build/launch_pal/build --no-deps install_data
[1.541s] running develop
[1.541s] running egg_info
[1.542s] creating launch_pal.egg-info
[1.542s] writing launch_pal.egg-info/PKG-INFO
[1.542s] writing dependency_links to launch_pal.egg-info/dependency_links.txt
[1.543s] writing entry points to launch_pal.egg-info/entry_points.txt
[1.543s] writing requirements to launch_pal.egg-info/requires.txt
[1.543s] writing top-level names to launch_pal.egg-info/top_level.txt
[1.543s] writing manifest file 'launch_pal.egg-info/SOURCES.txt'
[1.543s] reading manifest file 'launch_pal.egg-info/SOURCES.txt'
[1.543s] writing manifest file 'launch_pal.egg-info/SOURCES.txt'
[1.544s] running build_ext
[1.544s] Creating /home/raul/bookros2_ws/install/launch_pal/lib/python3.8/site-packages/site.py
[1.544s] Creating /home/raul/bookros2_ws/install/launch_pal/lib/python3.8/site-packages/launch-pal.egg-link (link to .)
[1.545s] 
[1.545s] Installed /home/raul/bookros2_ws/build/launch_pal
[1.550s] running install_data
[1.550s] creating /home/raul/bookros2_ws/install/launch_pal/share/ament_index
[1.550s] creating /home/raul/bookros2_ws/install/launch_pal/share/ament_index/resource_index
[1.550s] creating /home/raul/bookros2_ws/install/launch_pal/share/ament_index/resource_index/packages
[1.551s] copying resource/launch_pal -> /home/raul/bookros2_ws/install/launch_pal/share/ament_index/resource_index/packages
[1.551s] copying package.xml -> /home/raul/bookros2_ws/install/launch_pal/share/launch_pal
[1.581s] Invoked command in '/home/raul/bookros2_ws/build/launch_pal' returned '0': PYTHONPATH=/home/raul/bookros2_ws/build/launch_pal/prefix_override:/home/raul/bookros2_ws/install/launch_pal/lib/python3.8/site-packages:${PYTHONPATH} /usr/bin/python3 setup.py develop --editable --build-directory /home/raul/bookros2_ws/build/launch_pal/build --no-deps install_data
