-- The C compiler identification is GNU 9.4.0
-- The CXX compiler identification is GNU 9.4.0
-- Check for working C compiler: /usr/bin/cc
-- Check for working C compiler: /usr/bin/cc -- works
-- Detecting C compiler ABI info
-- Detecting C compiler ABI info - done
-- Detecting C compile features
-- Detecting C compile features - done
-- Check for working CXX compiler: /usr/bin/c++
-- Check for working CXX compiler: /usr/bin/c++ -- works
-- Detecting CXX compiler ABI info
-- Detecting CXX compiler ABI info - done
-- Detecting CXX compile features
-- Detecting CXX compile features - done
-- Found ament_cmake: 0.9.11 (/opt/ros/foxy/share/ament_cmake/cmake)
-- Found PythonInterp: /usr/bin/python3 (found suitable version "3.8.10", minimum required is "3") 
-- Using PYTHON_EXECUTABLE: /usr/bin/python3
-- Override CMake install command with custom implementation using symlinks instead of copying resources
-- Configuring done
-- Generating done
-- Build files have been written to: /home/raul/bookros2_ws/build/pal_gripper
-- Install configuration: ""
-- Execute custom install script
-- Symlinking: /home/raul/bookros2_ws/install/pal_gripper/share/ament_index/resource_index/package_run_dependencies/pal_gripper
-- Symlinking: /home/raul/bookros2_ws/install/pal_gripper/share/ament_index/resource_index/parent_prefix_path/pal_gripper
-- Symlinking: /home/raul/bookros2_ws/install/pal_gripper/share/pal_gripper/environment/ament_prefix_path.sh
-- Symlinking: /home/raul/bookros2_ws/install/pal_gripper/share/pal_gripper/environment/ament_prefix_path.dsv
-- Symlinking: /home/raul/bookros2_ws/install/pal_gripper/share/pal_gripper/environment/path.sh
-- Symlinking: /home/raul/bookros2_ws/install/pal_gripper/share/pal_gripper/environment/path.dsv
-- Symlinking: /home/raul/bookros2_ws/install/pal_gripper/share/pal_gripper/local_setup.bash
-- Symlinking: /home/raul/bookros2_ws/install/pal_gripper/share/pal_gripper/local_setup.sh
-- Symlinking: /home/raul/bookros2_ws/install/pal_gripper/share/pal_gripper/local_setup.zsh
-- Symlinking: /home/raul/bookros2_ws/install/pal_gripper/share/pal_gripper/local_setup.dsv
-- Symlinking: /home/raul/bookros2_ws/install/pal_gripper/share/pal_gripper/package.dsv
-- Symlinking: /home/raul/bookros2_ws/install/pal_gripper/share/ament_index/resource_index/packages/pal_gripper
-- Symlinking: /home/raul/bookros2_ws/install/pal_gripper/share/pal_gripper/cmake/pal_gripperConfig.cmake
-- Symlinking: /home/raul/bookros2_ws/install/pal_gripper/share/pal_gripper/cmake/pal_gripperConfig-version.cmake
-- Symlinking: /home/raul/bookros2_ws/install/pal_gripper/share/pal_gripper/package.xml
