[0.087s] Invoking command in '/home/raul/bookros2_ws/build/br2_tf2_detector': CMAKE_PREFIX_PATH=${CMAKE_PREFIX_PATH}:/home/raul/bookros2_ws/install/ros2controlcli:/home/raul/bookros2_ws/install/launch_pal:/home/raul/bookros2_ws/install/br2_fsm_bumpgo_py:/opt/ros/foxy /usr/bin/cmake --build /home/raul/bookros2_ws/build/br2_tf2_detector -- -j8 -l8
[0.276s] [ 50%] Built target br2_tf2_detector
[0.359s] [ 75%] Built target detector_improved
[0.370s] [100%] Built target detector
[0.454s] Invoked command in '/home/raul/bookros2_ws/build/br2_tf2_detector' returned '0': CMAKE_PREFIX_PATH=${CMAKE_PREFIX_PATH}:/home/raul/bookros2_ws/install/ros2controlcli:/home/raul/bookros2_ws/install/launch_pal:/home/raul/bookros2_ws/install/br2_fsm_bumpgo_py:/opt/ros/foxy /usr/bin/cmake --build /home/raul/bookros2_ws/build/br2_tf2_detector -- -j8 -l8
[0.609s] Invoking command in '/home/raul/bookros2_ws/build/br2_tf2_detector': CMAKE_PREFIX_PATH=${CMAKE_PREFIX_PATH}:/home/raul/bookros2_ws/install/ros2controlcli:/home/raul/bookros2_ws/install/launch_pal:/home/raul/bookros2_ws/install/br2_fsm_bumpgo_py:/opt/ros/foxy /usr/bin/cmake --install /home/raul/bookros2_ws/build/br2_tf2_detector
[0.644s] -- Install configuration: ""
[0.644s] -- Execute custom install script
[0.644s] -- Up-to-date symlink: /home/raul/bookros2_ws/install/br2_tf2_detector/lib/libbr2_tf2_detector.so
[0.645s] -- Up-to-date symlink: /home/raul/bookros2_ws/install/br2_tf2_detector/lib/br2_tf2_detector/detector
[0.645s] -- Up-to-date symlink: /home/raul/bookros2_ws/install/br2_tf2_detector/lib/br2_tf2_detector/detector_improved
[0.651s] -- Up-to-date symlink: /home/raul/bookros2_ws/install/br2_tf2_detector/share/br2_tf2_detector/launch/detector_basic.launch.py
[0.651s] -- Up-to-date symlink: /home/raul/bookros2_ws/install/br2_tf2_detector/share/br2_tf2_detector/launch/detector_improved.launch.py
[0.651s] -- Up-to-date symlink: /home/raul/bookros2_ws/install/br2_tf2_detector/share/ament_index/resource_index/package_run_dependencies/br2_tf2_detector
[0.652s] -- Up-to-date symlink: /home/raul/bookros2_ws/install/br2_tf2_detector/share/ament_index/resource_index/parent_prefix_path/br2_tf2_detector
[0.652s] -- Up-to-date symlink: /home/raul/bookros2_ws/install/br2_tf2_detector/share/br2_tf2_detector/environment/ament_prefix_path.sh
[0.653s] -- Up-to-date symlink: /home/raul/bookros2_ws/install/br2_tf2_detector/share/br2_tf2_detector/environment/ament_prefix_path.dsv
[0.653s] -- Up-to-date symlink: /home/raul/bookros2_ws/install/br2_tf2_detector/share/br2_tf2_detector/environment/path.sh
[0.653s] -- Up-to-date symlink: /home/raul/bookros2_ws/install/br2_tf2_detector/share/br2_tf2_detector/environment/path.dsv
[0.654s] -- Up-to-date symlink: /home/raul/bookros2_ws/install/br2_tf2_detector/share/br2_tf2_detector/local_setup.bash
[0.654s] -- Up-to-date symlink: /home/raul/bookros2_ws/install/br2_tf2_detector/share/br2_tf2_detector/local_setup.sh
[0.654s] -- Up-to-date symlink: /home/raul/bookros2_ws/install/br2_tf2_detector/share/br2_tf2_detector/local_setup.zsh
[0.654s] -- Up-to-date symlink: /home/raul/bookros2_ws/install/br2_tf2_detector/share/br2_tf2_detector/local_setup.dsv
[0.655s] -- Symlinking: /home/raul/bookros2_ws/install/br2_tf2_detector/share/br2_tf2_detector/package.dsv
[0.676s] -- Up-to-date symlink: /home/raul/bookros2_ws/install/br2_tf2_detector/share/ament_index/resource_index/packages/br2_tf2_detector
[0.677s] -- Up-to-date symlink: /home/raul/bookros2_ws/install/br2_tf2_detector/share/br2_tf2_detector/cmake/br2_tf2_detectorConfig.cmake
[0.678s] -- Up-to-date symlink: /home/raul/bookros2_ws/install/br2_tf2_detector/share/br2_tf2_detector/cmake/br2_tf2_detectorConfig-version.cmake
[0.678s] -- Up-to-date symlink: /home/raul/bookros2_ws/install/br2_tf2_detector/share/br2_tf2_detector/package.xml
[0.695s] Invoked command in '/home/raul/bookros2_ws/build/br2_tf2_detector' returned '0': CMAKE_PREFIX_PATH=${CMAKE_PREFIX_PATH}:/home/raul/bookros2_ws/install/ros2controlcli:/home/raul/bookros2_ws/install/launch_pal:/home/raul/bookros2_ws/install/br2_fsm_bumpgo_py:/opt/ros/foxy /usr/bin/cmake --install /home/raul/bookros2_ws/build/br2_tf2_detector
