[0.050s] Invoking command in '/home/raul/bookros2_ws/build/br2_tf2_detector': CMAKE_PREFIX_PATH=/opt/ros/foxy /usr/bin/cmake /home/raul/bookros2_ws/src/book_ros2/br2_tf2_detector -DAMENT_CMAKE_SYMLINK_INSTALL=1 -DCMAKE_INSTALL_PREFIX=/home/raul/bookros2_ws/install/br2_tf2_detector
[0.921s] -- The C compiler identification is GNU 9.4.0
[0.921s] -- The CXX compiler identification is GNU 9.4.0
[0.921s] -- Check for working C compiler: /usr/bin/cc
[1.074s] -- Check for working C compiler: /usr/bin/cc -- works
[1.075s] -- Detecting C compiler ABI info
[1.435s] -- Detecting C compiler ABI info - done
[1.458s] -- Detecting C compile features
[1.459s] -- Detecting C compile features - done
[1.463s] -- Check for working CXX compiler: /usr/bin/c++
[1.924s] -- Check for working CXX compiler: /usr/bin/c++ -- works
[1.926s] -- Detecting CXX compiler ABI info
[2.367s] -- Detecting CXX compiler ABI info - done
[2.387s] -- Detecting CXX compile features
[2.388s] -- Detecting CXX compile features - done
[2.391s] -- Found ament_cmake: 0.9.11 (/opt/ros/foxy/share/ament_cmake/cmake)
[2.483s] -- Found PythonInterp: /usr/bin/python3 (found suitable version "3.8.10", minimum required is "3") 
[2.484s] -- Using PYTHON_EXECUTABLE: /usr/bin/python3
[3.039s] -- Override CMake install command with custom implementation using symlinks instead of copying resources
[3.104s] -- Found rclcpp: 2.4.2 (/opt/ros/foxy/share/rclcpp/cmake)
[3.247s] -- Using all available rosidl_typesupport_c: rosidl_typesupport_fastrtps_c;rosidl_typesupport_introspection_c
[3.256s] -- Found rosidl_adapter: 1.3.0 (/opt/ros/foxy/share/rosidl_adapter/cmake)
[3.725s] -- Found OpenSSL: /usr/lib/x86_64-linux-gnu/libcrypto.so (found version "1.1.1f")  
[3.805s] -- Found FastRTPS: /opt/ros/foxy/include  
[4.064s] -- Using all available rosidl_typesupport_cpp: rosidl_typesupport_fastrtps_cpp;rosidl_typesupport_introspection_cpp
[4.240s] -- Found rmw_implementation_cmake: 1.0.3 (/opt/ros/foxy/share/rmw_implementation_cmake/cmake)
[4.243s] -- Using RMW implementation 'rmw_fastrtps_cpp' as default
[4.244s] -- Looking for pthread.h
[4.737s] -- Looking for pthread.h - found
[4.737s] -- Performing Test CMAKE_HAVE_LIBC_PTHREAD
[5.047s] -- Performing Test CMAKE_HAVE_LIBC_PTHREAD - Failed
[5.048s] -- Looking for pthread_create in pthreads
[5.325s] -- Looking for pthread_create in pthreads - not found
[5.326s] -- Looking for pthread_create in pthread
[5.717s] -- Looking for pthread_create in pthread - found
[5.718s] -- Found Threads: TRUE  
[6.173s] -- Found tf2_ros: 0.13.13 (/opt/ros/foxy/share/tf2_ros/cmake)
[109.606s] -- Found sensor_msgs: 2.0.5 (/opt/ros/foxy/share/sensor_msgs/cmake)
[110.103s] -- Found visualization_msgs: 2.0.5 (/opt/ros/foxy/share/visualization_msgs/cmake)
[110.321s] -- Found ament_lint_auto: 0.9.7 (/opt/ros/foxy/share/ament_lint_auto/cmake)
[110.742s] -- Added test 'copyright' to check source files copyright and LICENSE
[110.746s] -- Added test 'cppcheck' to perform static code analysis on C / C++ code
[110.747s] -- Configured cppcheck include dirs: /home/raul/bookros2_ws/src/book_ros2/br2_tf2_detector/include
[110.747s] -- Configured cppcheck exclude dirs and/or files: 
[110.748s] -- Added test 'cpplint' to check C / C++ code against the Google style
[110.748s] -- Configured cpplint exclude dirs and/or files: 
[110.749s] -- Added test 'flake8' to check Python code syntax and style conventions
[110.749s] -- Added test 'lint_cmake' to check CMake code style
[110.750s] -- Added test 'pep257' to check Python code against some of the style conventions in PEP 257
[110.752s] -- Added test 'uncrustify' to check C / C++ code style
[110.752s] -- Configured uncrustify additional arguments: 
[110.753s] -- Added test 'xmllint' to check XML markup files
[110.798s] -- Configuring done
[110.884s] -- Generating done
[110.910s] -- Build files have been written to: /home/raul/bookros2_ws/build/br2_tf2_detector
[111.002s] Invoked command in '/home/raul/bookros2_ws/build/br2_tf2_detector' returned '0': CMAKE_PREFIX_PATH=/opt/ros/foxy /usr/bin/cmake /home/raul/bookros2_ws/src/book_ros2/br2_tf2_detector -DAMENT_CMAKE_SYMLINK_INSTALL=1 -DCMAKE_INSTALL_PREFIX=/home/raul/bookros2_ws/install/br2_tf2_detector
[111.020s] Invoking command in '/home/raul/bookros2_ws/build/br2_tf2_detector': CMAKE_PREFIX_PATH=/opt/ros/foxy /usr/bin/cmake --build /home/raul/bookros2_ws/build/br2_tf2_detector -- -j8 -l8
[112.744s] [35m[1mScanning dependencies of target br2_tf2_detector[0m
[112.745s] [ 12%] [32mBuilding CXX object CMakeFiles/br2_tf2_detector.dir/src/br2_tf2_detector/ObstacleDetectorNode.cpp.o[0m
[120.519s] [ 25%] [32mBuilding CXX object CMakeFiles/br2_tf2_detector.dir/src/br2_tf2_detector/ObstacleDetectorImprovedNode.cpp.o[0m
[127.389s] [ 37%] [32mBuilding CXX object CMakeFiles/br2_tf2_detector.dir/src/br2_tf2_detector/ObstacleMonitorNode.cpp.o[0m
[131.516s] [ 50%] [32m[1mLinking CXX shared library libbr2_tf2_detector.so[0m
[132.146s] [ 50%] Built target br2_tf2_detector
[132.162s] [35m[1mScanning dependencies of target detector[0m
[132.216s] [ 62%] [32mBuilding CXX object CMakeFiles/detector.dir/src/detector_main.cpp.o[0m
[134.980s] [ 75%] [32m[1mLinking CXX executable detector[0m
[135.201s] [ 75%] Built target detector
[135.215s] [35m[1mScanning dependencies of target detector_improved[0m
[135.265s] [ 87%] [32mBuilding CXX object CMakeFiles/detector_improved.dir/src/detector_improved_main.cpp.o[0m
[137.976s] [100%] [32m[1mLinking CXX executable detector_improved[0m
[138.202s] [100%] Built target detector_improved
