[0.188s] Invoking command in '/home/raul/bookros2_ws/build/controller_interface': AMENT_PREFIX_PATH=/home/raul/bookros2_ws/install/hardware_interface:${AMENT_PREFIX_PATH} CMAKE_PREFIX_PATH=/home/raul/bookros2_ws/install/hardware_interface:/opt/ros/foxy LD_LIBRARY_PATH=/home/raul/bookros2_ws/install/hardware_interface/lib:${LD_LIBRARY_PATH} /usr/bin/cmake --build /home/raul/bookros2_ws/build/controller_interface -- -j8 -l8
[0.276s] [ 13%] Built target gmock_main
[0.279s] [ 33%] Built target gmock
[0.290s] [ 46%] Built target controller_interface
[0.346s] [ 60%] Built target test_semantic_component_interface
[0.352s] [ 73%] Built target test_imu_sensor
[0.354s] [ 86%] Built target test_force_torque_sensor
[0.375s] [100%] Built target test_controller_with_options
[0.608s] Invoked command in '/home/raul/bookros2_ws/build/controller_interface' returned '0': AMENT_PREFIX_PATH=/home/raul/bookros2_ws/install/hardware_interface:${AMENT_PREFIX_PATH} CMAKE_PREFIX_PATH=/home/raul/bookros2_ws/install/hardware_interface:/opt/ros/foxy LD_LIBRARY_PATH=/home/raul/bookros2_ws/install/hardware_interface/lib:${LD_LIBRARY_PATH} /usr/bin/cmake --build /home/raul/bookros2_ws/build/controller_interface -- -j8 -l8
[0.733s] Invoking command in '/home/raul/bookros2_ws/build/controller_interface': AMENT_PREFIX_PATH=/home/raul/bookros2_ws/install/hardware_interface:${AMENT_PREFIX_PATH} CMAKE_PREFIX_PATH=/home/raul/bookros2_ws/install/hardware_interface:/opt/ros/foxy LD_LIBRARY_PATH=/home/raul/bookros2_ws/install/hardware_interface/lib:${LD_LIBRARY_PATH} /usr/bin/cmake --install /home/raul/bookros2_ws/build/controller_interface
[0.759s] -- Install configuration: ""
[0.759s] -- Execute custom install script
[0.759s] -- Up-to-date symlink: /home/raul/bookros2_ws/install/controller_interface/include/controller_interface/controller_interface.hpp
[0.759s] -- Up-to-date symlink: /home/raul/bookros2_ws/install/controller_interface/include/controller_interface/controller_state_names.hpp
[0.759s] -- Up-to-date symlink: /home/raul/bookros2_ws/install/controller_interface/include/controller_interface/helpers.hpp
[0.759s] -- Up-to-date symlink: /home/raul/bookros2_ws/install/controller_interface/include/controller_interface/visibility_control.h
[0.759s] -- Up-to-date symlink: /home/raul/bookros2_ws/install/controller_interface/include/semantic_components/force_torque_sensor.hpp
[0.759s] -- Up-to-date symlink: /home/raul/bookros2_ws/install/controller_interface/include/semantic_components/imu_sensor.hpp
[0.759s] -- Up-to-date symlink: /home/raul/bookros2_ws/install/controller_interface/include/semantic_components/semantic_component_interface.hpp
[0.760s] -- Up-to-date symlink: /home/raul/bookros2_ws/install/controller_interface/lib/libcontroller_interface.so
[0.760s] -- Up-to-date symlink: /home/raul/bookros2_ws/install/controller_interface/share/controller_interface/environment/library_path.sh
[0.760s] -- Up-to-date symlink: /home/raul/bookros2_ws/install/controller_interface/share/controller_interface/environment/library_path.dsv
[0.760s] -- Up-to-date symlink: /home/raul/bookros2_ws/install/controller_interface/share/ament_index/resource_index/package_run_dependencies/controller_interface
[0.760s] -- Up-to-date symlink: /home/raul/bookros2_ws/install/controller_interface/share/ament_index/resource_index/parent_prefix_path/controller_interface
[0.760s] -- Up-to-date symlink: /home/raul/bookros2_ws/install/controller_interface/share/controller_interface/environment/ament_prefix_path.sh
[0.760s] -- Up-to-date symlink: /home/raul/bookros2_ws/install/controller_interface/share/controller_interface/environment/ament_prefix_path.dsv
[0.760s] -- Up-to-date symlink: /home/raul/bookros2_ws/install/controller_interface/share/controller_interface/environment/path.sh
[0.760s] -- Up-to-date symlink: /home/raul/bookros2_ws/install/controller_interface/share/controller_interface/environment/path.dsv
[0.760s] -- Up-to-date symlink: /home/raul/bookros2_ws/install/controller_interface/share/controller_interface/local_setup.bash
[0.760s] -- Up-to-date symlink: /home/raul/bookros2_ws/install/controller_interface/share/controller_interface/local_setup.sh
[0.760s] -- Up-to-date symlink: /home/raul/bookros2_ws/install/controller_interface/share/controller_interface/local_setup.zsh
[0.760s] -- Up-to-date symlink: /home/raul/bookros2_ws/install/controller_interface/share/controller_interface/local_setup.dsv
[0.760s] -- Symlinking: /home/raul/bookros2_ws/install/controller_interface/share/controller_interface/package.dsv
[0.771s] -- Up-to-date symlink: /home/raul/bookros2_ws/install/controller_interface/share/ament_index/resource_index/packages/controller_interface
[0.773s] -- Up-to-date symlink: /home/raul/bookros2_ws/install/controller_interface/share/controller_interface/cmake/ament_cmake_export_dependencies-extras.cmake
[0.774s] -- Up-to-date symlink: /home/raul/bookros2_ws/install/controller_interface/share/controller_interface/cmake/ament_cmake_export_include_directories-extras.cmake
[0.774s] -- Up-to-date symlink: /home/raul/bookros2_ws/install/controller_interface/share/controller_interface/cmake/ament_cmake_export_libraries-extras.cmake
[0.775s] -- Up-to-date symlink: /home/raul/bookros2_ws/install/controller_interface/share/controller_interface/cmake/controller_interfaceConfig.cmake
[0.778s] -- Up-to-date symlink: /home/raul/bookros2_ws/install/controller_interface/share/controller_interface/cmake/controller_interfaceConfig-version.cmake
[0.778s] -- Up-to-date symlink: /home/raul/bookros2_ws/install/controller_interface/share/controller_interface/package.xml
[0.829s] Invoked command in '/home/raul/bookros2_ws/build/controller_interface' returned '0': AMENT_PREFIX_PATH=/home/raul/bookros2_ws/install/hardware_interface:${AMENT_PREFIX_PATH} CMAKE_PREFIX_PATH=/home/raul/bookros2_ws/install/hardware_interface:/opt/ros/foxy LD_LIBRARY_PATH=/home/raul/bookros2_ws/install/hardware_interface/lib:${LD_LIBRARY_PATH} /usr/bin/cmake --install /home/raul/bookros2_ws/build/controller_interface
