[0.119s] Invoking command in '/home/raul/bookros2_ws/build/br2_bt_patrolling': CMAKE_PREFIX_PATH=${CMAKE_PREFIX_PATH}:/home/raul/bookros2_ws/install/ros2controlcli:/home/raul/bookros2_ws/install/launch_pal:/home/raul/bookros2_ws/install/br2_fsm_bumpgo_py:/opt/ros/foxy /usr/bin/cmake --build /home/raul/bookros2_ws/build/br2_bt_patrolling -- -j8 -l8
[0.469s] [ 10%] Built target br2_get_waypoint_bt_node
[0.515s] [ 20%] Built target br2_move_bt_node
[0.520s] [ 30%] Built target br2_recharge_bt_node
[0.521s] [ 40%] Built target br2_battery_checker_bt_node
[0.522s] [ 50%] Built target gtest
[0.535s] [ 60%] Built target br2_patrol_bt_node
[0.536s] [ 70%] Built target patrolling_main
[0.570s] [ 80%] Built target br2_track_objects_bt_node
[0.575s] [ 90%] Built target gtest_main
[0.722s] [100%] Built target bt_action_test
[0.862s] Invoked command in '/home/raul/bookros2_ws/build/br2_bt_patrolling' returned '0': CMAKE_PREFIX_PATH=${CMAKE_PREFIX_PATH}:/home/raul/bookros2_ws/install/ros2controlcli:/home/raul/bookros2_ws/install/launch_pal:/home/raul/bookros2_ws/install/br2_fsm_bumpgo_py:/opt/ros/foxy /usr/bin/cmake --build /home/raul/bookros2_ws/build/br2_bt_patrolling -- -j8 -l8
[1.474s] Invoking command in '/home/raul/bookros2_ws/build/br2_bt_patrolling': CMAKE_PREFIX_PATH=${CMAKE_PREFIX_PATH}:/home/raul/bookros2_ws/install/ros2controlcli:/home/raul/bookros2_ws/install/launch_pal:/home/raul/bookros2_ws/install/br2_fsm_bumpgo_py:/opt/ros/foxy /usr/bin/cmake --install /home/raul/bookros2_ws/build/br2_bt_patrolling
[1.557s] -- Install configuration: "Debug"
[1.557s] -- Execute custom install script
[1.558s] -- Up-to-date symlink: /home/raul/bookros2_ws/install/br2_bt_patrolling/lib/libbr2_recharge_bt_node.so
[1.558s] -- Up-to-date symlink: /home/raul/bookros2_ws/install/br2_bt_patrolling/lib/libbr2_patrol_bt_node.so
[1.558s] -- Up-to-date symlink: /home/raul/bookros2_ws/install/br2_bt_patrolling/lib/libbr2_move_bt_node.so
[1.558s] -- Up-to-date symlink: /home/raul/bookros2_ws/install/br2_bt_patrolling/lib/libbr2_get_waypoint_bt_node.so
[1.559s] -- Up-to-date symlink: /home/raul/bookros2_ws/install/br2_bt_patrolling/lib/libbr2_battery_checker_bt_node.so
[1.559s] -- Up-to-date symlink: /home/raul/bookros2_ws/install/br2_bt_patrolling/lib/libbr2_track_objects_bt_node.so
[1.559s] -- Up-to-date symlink: /home/raul/bookros2_ws/install/br2_bt_patrolling/lib/br2_bt_patrolling/patrolling_main
[1.559s] -- Up-to-date symlink: /home/raul/bookros2_ws/install/br2_bt_patrolling/include//br2_bt_patrolling/BatteryChecker.hpp
[1.559s] -- Up-to-date symlink: /home/raul/bookros2_ws/install/br2_bt_patrolling/include//br2_bt_patrolling/GetWaypoint.hpp
[1.560s] -- Up-to-date symlink: /home/raul/bookros2_ws/install/br2_bt_patrolling/include//br2_bt_patrolling/Move.hpp
[1.560s] -- Up-to-date symlink: /home/raul/bookros2_ws/install/br2_bt_patrolling/include//br2_bt_patrolling/Patrol.hpp
[1.560s] -- Up-to-date symlink: /home/raul/bookros2_ws/install/br2_bt_patrolling/include//br2_bt_patrolling/Recharge.hpp
[1.560s] -- Up-to-date symlink: /home/raul/bookros2_ws/install/br2_bt_patrolling/include//br2_bt_patrolling/TrackObjects.hpp
[1.560s] -- Up-to-date symlink: /home/raul/bookros2_ws/install/br2_bt_patrolling/include//br2_bt_patrolling/ctrl_support/BTActionNode.hpp
[1.560s] -- Up-to-date symlink: /home/raul/bookros2_ws/install/br2_bt_patrolling/include//br2_bt_patrolling/ctrl_support/BTLifecycleCtrlNode.hpp
[1.560s] -- Up-to-date symlink: /home/raul/bookros2_ws/install/br2_bt_patrolling/share/br2_bt_patrolling/behavior_tree_xml/patrolling.xml
[1.561s] -- Up-to-date symlink: /home/raul/bookros2_ws/install/br2_bt_patrolling/share/br2_bt_patrolling/launch/patrolling.launch.py
[1.561s] -- Up-to-date symlink: /home/raul/bookros2_ws/install/br2_bt_patrolling/share/ament_index/resource_index/package_run_dependencies/br2_bt_patrolling
[1.561s] -- Up-to-date symlink: /home/raul/bookros2_ws/install/br2_bt_patrolling/share/ament_index/resource_index/parent_prefix_path/br2_bt_patrolling
[1.561s] -- Up-to-date symlink: /home/raul/bookros2_ws/install/br2_bt_patrolling/share/br2_bt_patrolling/environment/ament_prefix_path.sh
[1.561s] -- Up-to-date symlink: /home/raul/bookros2_ws/install/br2_bt_patrolling/share/br2_bt_patrolling/environment/ament_prefix_path.dsv
[1.561s] -- Up-to-date symlink: /home/raul/bookros2_ws/install/br2_bt_patrolling/share/br2_bt_patrolling/environment/path.sh
[1.561s] -- Up-to-date symlink: /home/raul/bookros2_ws/install/br2_bt_patrolling/share/br2_bt_patrolling/environment/path.dsv
[1.561s] -- Up-to-date symlink: /home/raul/bookros2_ws/install/br2_bt_patrolling/share/br2_bt_patrolling/local_setup.bash
[1.561s] -- Up-to-date symlink: /home/raul/bookros2_ws/install/br2_bt_patrolling/share/br2_bt_patrolling/local_setup.sh
[1.562s] -- Up-to-date symlink: /home/raul/bookros2_ws/install/br2_bt_patrolling/share/br2_bt_patrolling/local_setup.zsh
[1.562s] -- Up-to-date symlink: /home/raul/bookros2_ws/install/br2_bt_patrolling/share/br2_bt_patrolling/local_setup.dsv
[1.562s] -- Symlinking: /home/raul/bookros2_ws/install/br2_bt_patrolling/share/br2_bt_patrolling/package.dsv
[1.562s] -- Up-to-date symlink: /home/raul/bookros2_ws/install/br2_bt_patrolling/share/ament_index/resource_index/packages/br2_bt_patrolling
[1.562s] -- Up-to-date symlink: /home/raul/bookros2_ws/install/br2_bt_patrolling/share/br2_bt_patrolling/cmake/ament_cmake_export_include_directories-extras.cmake
[1.563s] -- Up-to-date symlink: /home/raul/bookros2_ws/install/br2_bt_patrolling/share/br2_bt_patrolling/cmake/ament_cmake_export_dependencies-extras.cmake
[1.563s] -- Up-to-date symlink: /home/raul/bookros2_ws/install/br2_bt_patrolling/share/br2_bt_patrolling/cmake/br2_bt_patrollingConfig.cmake
[1.563s] -- Up-to-date symlink: /home/raul/bookros2_ws/install/br2_bt_patrolling/share/br2_bt_patrolling/cmake/br2_bt_patrollingConfig-version.cmake
[1.563s] -- Up-to-date symlink: /home/raul/bookros2_ws/install/br2_bt_patrolling/share/br2_bt_patrolling/package.xml
[1.670s] Invoked command in '/home/raul/bookros2_ws/build/br2_bt_patrolling' returned '0': CMAKE_PREFIX_PATH=${CMAKE_PREFIX_PATH}:/home/raul/bookros2_ws/install/ros2controlcli:/home/raul/bookros2_ws/install/launch_pal:/home/raul/bookros2_ws/install/br2_fsm_bumpgo_py:/opt/ros/foxy /usr/bin/cmake --install /home/raul/bookros2_ws/build/br2_bt_patrolling
