Not searching for unused variables given on the command line.
-- Found ament_cmake: 0.9.11 (/home/raul/bookros2_ws/firmware/dev_ws/install/ament_cmake/share/ament_cmake/cmake)
-- Found PythonInterp: /home/raul/bookros2_ws/firmware/toolchain/espressif/python_env/idf4.1_py3.8_env/bin/python3 (found suitable version "3.8.10", minimum required is "3") 
-- Using PYTHON_EXECUTABLE: /home/raul/bookros2_ws/firmware/toolchain/espressif/python_env/idf4.1_py3.8_env/bin/python3
-- Configuring done
-- Generating done
-- Build files have been written to: /home/raul/bookros2_ws/firmware/mcu_ws/build/rosidl_default_generators
make[4]: Entering directory '/home/raul/bookros2_ws/firmware/mcu_ws/build/rosidl_default_generators'
/usr/bin/cmake -S/home/raul/bookros2_ws/firmware/mcu_ws/ros2/rosidl_defaults/rosidl_default_generators -B/home/raul/bookros2_ws/firmware/mcu_ws/build/rosidl_default_generators --check-build-system CMakeFiles/Makefile.cmake 0
/usr/bin/cmake -E cmake_progress_start /home/raul/bookros2_ws/firmware/mcu_ws/build/rosidl_default_generators/CMakeFiles /home/raul/bookros2_ws/firmware/mcu_ws/build/rosidl_default_generators/CMakeFiles/progress.marks
/usr/bin/make -f CMakeFiles/Makefile2 all
make[5]: Entering directory '/home/raul/bookros2_ws/firmware/mcu_ws/build/rosidl_default_generators'
make[5]: Nothing to be done for 'all'.
make[5]: Leaving directory '/home/raul/bookros2_ws/firmware/mcu_ws/build/rosidl_default_generators'
/usr/bin/cmake -E cmake_progress_start /home/raul/bookros2_ws/firmware/mcu_ws/build/rosidl_default_generators/CMakeFiles 0
make[4]: Leaving directory '/home/raul/bookros2_ws/firmware/mcu_ws/build/rosidl_default_generators'
-- Install configuration: "Debug"
-- Installing: /home/raul/bookros2_ws/firmware/mcu_ws/install/share/ament_index/resource_index/package_run_dependencies/rosidl_default_generators
-- Installing: /home/raul/bookros2_ws/firmware/mcu_ws/install/share/ament_index/resource_index/parent_prefix_path/rosidl_default_generators
-- Installing: /home/raul/bookros2_ws/firmware/mcu_ws/install/share/rosidl_default_generators/environment/ament_prefix_path.sh
-- Installing: /home/raul/bookros2_ws/firmware/mcu_ws/install/share/rosidl_default_generators/environment/ament_prefix_path.dsv
-- Installing: /home/raul/bookros2_ws/firmware/mcu_ws/install/share/rosidl_default_generators/environment/path.sh
-- Installing: /home/raul/bookros2_ws/firmware/mcu_ws/install/share/rosidl_default_generators/environment/path.dsv
-- Installing: /home/raul/bookros2_ws/firmware/mcu_ws/install/share/rosidl_default_generators/local_setup.bash
-- Installing: /home/raul/bookros2_ws/firmware/mcu_ws/install/share/rosidl_default_generators/local_setup.sh
-- Installing: /home/raul/bookros2_ws/firmware/mcu_ws/install/share/rosidl_default_generators/local_setup.zsh
-- Installing: /home/raul/bookros2_ws/firmware/mcu_ws/install/share/rosidl_default_generators/local_setup.dsv
-- Installing: /home/raul/bookros2_ws/firmware/mcu_ws/install/share/rosidl_default_generators/package.dsv
-- Installing: /home/raul/bookros2_ws/firmware/mcu_ws/install/share/ament_index/resource_index/packages/rosidl_default_generators
-- Installing: /home/raul/bookros2_ws/firmware/mcu_ws/install/share/rosidl_default_generators/cmake/rosidl_default_generators-extras.cmake
-- Installing: /home/raul/bookros2_ws/firmware/mcu_ws/install/share/rosidl_default_generators/cmake/ament_cmake_export_dependencies-extras.cmake
-- Installing: /home/raul/bookros2_ws/firmware/mcu_ws/install/share/rosidl_default_generators/cmake/rosidl_default_generatorsConfig.cmake
-- Installing: /home/raul/bookros2_ws/firmware/mcu_ws/install/share/rosidl_default_generators/cmake/rosidl_default_generatorsConfig-version.cmake
-- Installing: /home/raul/bookros2_ws/firmware/mcu_ws/install/share/rosidl_default_generators/package.xml
