[0.134s] Invoking command in '/home/raul/bookros2_ws/build/br2_bt_patrolling': CMAKE_PREFIX_PATH=${CMAKE_PREFIX_PATH}:/home/raul/bookros2_ws/install/ros2controlcli:/home/raul/bookros2_ws/install/launch_pal:/home/raul/bookros2_ws/install/br2_fsm_bumpgo_py:/opt/ros/foxy /usr/bin/cmake --build /home/raul/bookros2_ws/build/br2_bt_patrolling -- -j8 -l8
[0.351s] [ 10%] Built target br2_recharge_bt_node
[0.351s] [ 20%] Built target br2_battery_checker_bt_node
[0.353s] [ 30%] Built target br2_move_bt_node
[0.354s] [ 40%] Built target patrolling_main
[0.376s] [ 50%] Built target br2_patrol_bt_node
[0.383s] [ 60%] Built target gtest
[0.387s] [ 70%] Built target br2_track_objects_bt_node
[0.397s] [ 80%] Built target br2_get_waypoint_bt_node
[0.427s] [ 90%] Built target gtest_main
[0.488s] [100%] Built target bt_action_test
[0.669s] Invoked command in '/home/raul/bookros2_ws/build/br2_bt_patrolling' returned '0': CMAKE_PREFIX_PATH=${CMAKE_PREFIX_PATH}:/home/raul/bookros2_ws/install/ros2controlcli:/home/raul/bookros2_ws/install/launch_pal:/home/raul/bookros2_ws/install/br2_fsm_bumpgo_py:/opt/ros/foxy /usr/bin/cmake --build /home/raul/bookros2_ws/build/br2_bt_patrolling -- -j8 -l8
[0.963s] Invoking command in '/home/raul/bookros2_ws/build/br2_bt_patrolling': CMAKE_PREFIX_PATH=${CMAKE_PREFIX_PATH}:/home/raul/bookros2_ws/install/ros2controlcli:/home/raul/bookros2_ws/install/launch_pal:/home/raul/bookros2_ws/install/br2_fsm_bumpgo_py:/opt/ros/foxy /usr/bin/cmake --install /home/raul/bookros2_ws/build/br2_bt_patrolling
[0.993s] -- Install configuration: "Debug"
[0.995s] -- Execute custom install script
[0.996s] -- Up-to-date symlink: /home/raul/bookros2_ws/install/br2_bt_patrolling/lib/libbr2_recharge_bt_node.so
[0.999s] -- Up-to-date symlink: /home/raul/bookros2_ws/install/br2_bt_patrolling/lib/libbr2_patrol_bt_node.so
[1.000s] -- Up-to-date symlink: /home/raul/bookros2_ws/install/br2_bt_patrolling/lib/libbr2_move_bt_node.so
[1.002s] -- Up-to-date symlink: /home/raul/bookros2_ws/install/br2_bt_patrolling/lib/libbr2_get_waypoint_bt_node.so
[1.003s] -- Up-to-date symlink: /home/raul/bookros2_ws/install/br2_bt_patrolling/lib/libbr2_battery_checker_bt_node.so
[1.004s] -- Up-to-date symlink: /home/raul/bookros2_ws/install/br2_bt_patrolling/lib/libbr2_track_objects_bt_node.so
[1.006s] -- Up-to-date symlink: /home/raul/bookros2_ws/install/br2_bt_patrolling/lib/br2_bt_patrolling/patrolling_main
[1.010s] -- Up-to-date symlink: /home/raul/bookros2_ws/install/br2_bt_patrolling/include//br2_bt_patrolling/BatteryChecker.hpp
[1.017s] -- Up-to-date symlink: /home/raul/bookros2_ws/install/br2_bt_patrolling/include//br2_bt_patrolling/GetWaypoint.hpp
[1.018s] -- Up-to-date symlink: /home/raul/bookros2_ws/install/br2_bt_patrolling/include//br2_bt_patrolling/Move.hpp
[1.018s] -- Up-to-date symlink: /home/raul/bookros2_ws/install/br2_bt_patrolling/include//br2_bt_patrolling/Patrol.hpp
[1.018s] -- Up-to-date symlink: /home/raul/bookros2_ws/install/br2_bt_patrolling/include//br2_bt_patrolling/Recharge.hpp
[1.019s] -- Up-to-date symlink: /home/raul/bookros2_ws/install/br2_bt_patrolling/include//br2_bt_patrolling/TrackObjects.hpp
[1.019s] -- Up-to-date symlink: /home/raul/bookros2_ws/install/br2_bt_patrolling/include//br2_bt_patrolling/ctrl_support/BTActionNode.hpp
[1.019s] -- Up-to-date symlink: /home/raul/bookros2_ws/install/br2_bt_patrolling/include//br2_bt_patrolling/ctrl_support/BTLifecycleCtrlNode.hpp
[1.020s] -- Up-to-date symlink: /home/raul/bookros2_ws/install/br2_bt_patrolling/share/br2_bt_patrolling/behavior_tree_xml/patrolling.xml
[1.021s] -- Up-to-date symlink: /home/raul/bookros2_ws/install/br2_bt_patrolling/share/br2_bt_patrolling/launch/patrolling.launch.py
[1.022s] -- Up-to-date symlink: /home/raul/bookros2_ws/install/br2_bt_patrolling/share/ament_index/resource_index/package_run_dependencies/br2_bt_patrolling
[1.025s] -- Up-to-date symlink: /home/raul/bookros2_ws/install/br2_bt_patrolling/share/ament_index/resource_index/parent_prefix_path/br2_bt_patrolling
[1.028s] -- Up-to-date symlink: /home/raul/bookros2_ws/install/br2_bt_patrolling/share/br2_bt_patrolling/environment/ament_prefix_path.sh
[1.029s] -- Up-to-date symlink: /home/raul/bookros2_ws/install/br2_bt_patrolling/share/br2_bt_patrolling/environment/ament_prefix_path.dsv
[1.029s] -- Up-to-date symlink: /home/raul/bookros2_ws/install/br2_bt_patrolling/share/br2_bt_patrolling/environment/path.sh
[1.030s] -- Up-to-date symlink: /home/raul/bookros2_ws/install/br2_bt_patrolling/share/br2_bt_patrolling/environment/path.dsv
[1.031s] -- Up-to-date symlink: /home/raul/bookros2_ws/install/br2_bt_patrolling/share/br2_bt_patrolling/local_setup.bash
[1.035s] -- Up-to-date symlink: /home/raul/bookros2_ws/install/br2_bt_patrolling/share/br2_bt_patrolling/local_setup.sh
[1.036s] -- Up-to-date symlink: /home/raul/bookros2_ws/install/br2_bt_patrolling/share/br2_bt_patrolling/local_setup.zsh
[1.037s] -- Up-to-date symlink: /home/raul/bookros2_ws/install/br2_bt_patrolling/share/br2_bt_patrolling/local_setup.dsv
[1.037s] -- Symlinking: /home/raul/bookros2_ws/install/br2_bt_patrolling/share/br2_bt_patrolling/package.dsv
[1.060s] -- Up-to-date symlink: /home/raul/bookros2_ws/install/br2_bt_patrolling/share/ament_index/resource_index/packages/br2_bt_patrolling
[1.060s] -- Up-to-date symlink: /home/raul/bookros2_ws/install/br2_bt_patrolling/share/br2_bt_patrolling/cmake/ament_cmake_export_include_directories-extras.cmake
[1.060s] -- Up-to-date symlink: /home/raul/bookros2_ws/install/br2_bt_patrolling/share/br2_bt_patrolling/cmake/ament_cmake_export_dependencies-extras.cmake
[1.064s] -- Up-to-date symlink: /home/raul/bookros2_ws/install/br2_bt_patrolling/share/br2_bt_patrolling/cmake/br2_bt_patrollingConfig.cmake
[1.064s] -- Up-to-date symlink: /home/raul/bookros2_ws/install/br2_bt_patrolling/share/br2_bt_patrolling/cmake/br2_bt_patrollingConfig-version.cmake
[1.065s] -- Up-to-date symlink: /home/raul/bookros2_ws/install/br2_bt_patrolling/share/br2_bt_patrolling/package.xml
[1.127s] Invoked command in '/home/raul/bookros2_ws/build/br2_bt_patrolling' returned '0': CMAKE_PREFIX_PATH=${CMAKE_PREFIX_PATH}:/home/raul/bookros2_ws/install/ros2controlcli:/home/raul/bookros2_ws/install/launch_pal:/home/raul/bookros2_ws/install/br2_fsm_bumpgo_py:/opt/ros/foxy /usr/bin/cmake --install /home/raul/bookros2_ws/build/br2_bt_patrolling
