-- Found ament_cmake_auto: 0.9.11 (/opt/ros/foxy/share/ament_cmake_auto/cmake)
-- Using PYTHON_EXECUTABLE: /usr/bin/python3
-- Override CMake install command with custom implementation using symlinks instead of copying resources
-- Configuring done
-- Generating done
-- Build files have been written to: /home/raul/bookros2_ws/build/br2_navigation
-- Install configuration: ""
-- Execute custom install script
-- Up-to-date symlink: /home/raul/bookros2_ws/install/br2_navigation/share/br2_navigation/launch/navigation_launch.py
-- Up-to-date symlink: /home/raul/bookros2_ws/install/br2_navigation/share/br2_navigation/launch/tiago_navigation.launch.py
-- Up-to-date symlink: /home/raul/bookros2_ws/install/br2_navigation/share/br2_navigation/params/mapper_params_online_async.yaml
-- Up-to-date symlink: /home/raul/bookros2_ws/install/br2_navigation/share/br2_navigation/params/tiago_nav_params.yaml
-- Up-to-date symlink: /home/raul/bookros2_ws/install/br2_navigation/share/br2_navigation/maps/home.pgm
-- Up-to-date symlink: /home/raul/bookros2_ws/install/br2_navigation/share/br2_navigation/maps/home.yaml
-- Up-to-date symlink: /home/raul/bookros2_ws/install/br2_navigation/share/ament_index/resource_index/package_run_dependencies/br2_navigation
-- Up-to-date symlink: /home/raul/bookros2_ws/install/br2_navigation/share/ament_index/resource_index/parent_prefix_path/br2_navigation
-- Up-to-date symlink: /home/raul/bookros2_ws/install/br2_navigation/share/br2_navigation/environment/ament_prefix_path.sh
-- Up-to-date symlink: /home/raul/bookros2_ws/install/br2_navigation/share/br2_navigation/environment/ament_prefix_path.dsv
-- Up-to-date symlink: /home/raul/bookros2_ws/install/br2_navigation/share/br2_navigation/environment/path.sh
-- Up-to-date symlink: /home/raul/bookros2_ws/install/br2_navigation/share/br2_navigation/environment/path.dsv
-- Up-to-date symlink: /home/raul/bookros2_ws/install/br2_navigation/share/br2_navigation/local_setup.bash
-- Up-to-date symlink: /home/raul/bookros2_ws/install/br2_navigation/share/br2_navigation/local_setup.sh
-- Up-to-date symlink: /home/raul/bookros2_ws/install/br2_navigation/share/br2_navigation/local_setup.zsh
-- Up-to-date symlink: /home/raul/bookros2_ws/install/br2_navigation/share/br2_navigation/local_setup.dsv
-- Symlinking: /home/raul/bookros2_ws/install/br2_navigation/share/br2_navigation/package.dsv
-- Up-to-date symlink: /home/raul/bookros2_ws/install/br2_navigation/share/ament_index/resource_index/packages/br2_navigation
-- Up-to-date symlink: /home/raul/bookros2_ws/install/br2_navigation/share/br2_navigation/cmake/br2_navigationConfig.cmake
-- Up-to-date symlink: /home/raul/bookros2_ws/install/br2_navigation/share/br2_navigation/cmake/br2_navigationConfig-version.cmake
-- Up-to-date symlink: /home/raul/bookros2_ws/install/br2_navigation/share/br2_navigation/package.xml
