[0.490s] Invoking command in '/home/raul/bookros2_ws/build/br2_navigation': CMAKE_PREFIX_PATH=${CMAKE_PREFIX_PATH}:/home/raul/bookros2_ws/install/ros2controlcli:/home/raul/bookros2_ws/install/launch_pal:/home/raul/bookros2_ws/install/br2_fsm_bumpgo_py:/opt/ros/foxy /usr/bin/cmake /home/raul/bookros2_ws/src/book_ros2/br2_navigation -DCMAKE_INSTALL_PREFIX=/home/raul/bookros2_ws/install/br2_navigation
[0.525s] -- Found ament_cmake_auto: 0.9.11 (/opt/ros/foxy/share/ament_cmake_auto/cmake)
[0.586s] -- Using PYTHON_EXECUTABLE: /usr/bin/python3
[1.142s] -- Override CMake install command with custom implementation using symlinks instead of copying resources
[1.339s] -- Configuring done
[1.347s] -- Generating done
[1.349s] -- Build files have been written to: /home/raul/bookros2_ws/build/br2_navigation
[1.423s] Invoked command in '/home/raul/bookros2_ws/build/br2_navigation' returned '0': CMAKE_PREFIX_PATH=${CMAKE_PREFIX_PATH}:/home/raul/bookros2_ws/install/ros2controlcli:/home/raul/bookros2_ws/install/launch_pal:/home/raul/bookros2_ws/install/br2_fsm_bumpgo_py:/opt/ros/foxy /usr/bin/cmake /home/raul/bookros2_ws/src/book_ros2/br2_navigation -DCMAKE_INSTALL_PREFIX=/home/raul/bookros2_ws/install/br2_navigation
[1.425s] Invoking command in '/home/raul/bookros2_ws/build/br2_navigation': CMAKE_PREFIX_PATH=${CMAKE_PREFIX_PATH}:/home/raul/bookros2_ws/install/ros2controlcli:/home/raul/bookros2_ws/install/launch_pal:/home/raul/bookros2_ws/install/br2_fsm_bumpgo_py:/opt/ros/foxy /usr/bin/cmake --build /home/raul/bookros2_ws/build/br2_navigation -- -j10 -l10
[1.797s] Invoked command in '/home/raul/bookros2_ws/build/br2_navigation' returned '0': CMAKE_PREFIX_PATH=${CMAKE_PREFIX_PATH}:/home/raul/bookros2_ws/install/ros2controlcli:/home/raul/bookros2_ws/install/launch_pal:/home/raul/bookros2_ws/install/br2_fsm_bumpgo_py:/opt/ros/foxy /usr/bin/cmake --build /home/raul/bookros2_ws/build/br2_navigation -- -j10 -l10
[2.096s] Invoking command in '/home/raul/bookros2_ws/build/br2_navigation': CMAKE_PREFIX_PATH=${CMAKE_PREFIX_PATH}:/home/raul/bookros2_ws/install/ros2controlcli:/home/raul/bookros2_ws/install/launch_pal:/home/raul/bookros2_ws/install/br2_fsm_bumpgo_py:/opt/ros/foxy /usr/bin/cmake --install /home/raul/bookros2_ws/build/br2_navigation
[2.120s] -- Install configuration: ""
[2.121s] -- Execute custom install script
[2.126s] -- Up-to-date symlink: /home/raul/bookros2_ws/install/br2_navigation/share/br2_navigation/launch/navigation_launch.py
[2.133s] -- Up-to-date symlink: /home/raul/bookros2_ws/install/br2_navigation/share/br2_navigation/launch/tiago_navigation.launch.py
[2.134s] -- Up-to-date symlink: /home/raul/bookros2_ws/install/br2_navigation/share/br2_navigation/params/mapper_params_online_async.yaml
[2.136s] -- Up-to-date symlink: /home/raul/bookros2_ws/install/br2_navigation/share/br2_navigation/params/tiago_nav_params.yaml
[2.137s] -- Up-to-date symlink: /home/raul/bookros2_ws/install/br2_navigation/share/br2_navigation/maps/home.pgm
[2.141s] -- Up-to-date symlink: /home/raul/bookros2_ws/install/br2_navigation/share/br2_navigation/maps/home.yaml
[2.142s] -- Up-to-date symlink: /home/raul/bookros2_ws/install/br2_navigation/share/ament_index/resource_index/package_run_dependencies/br2_navigation
[2.150s] -- Up-to-date symlink: /home/raul/bookros2_ws/install/br2_navigation/share/ament_index/resource_index/parent_prefix_path/br2_navigation
[2.151s] -- Up-to-date symlink: /home/raul/bookros2_ws/install/br2_navigation/share/br2_navigation/environment/ament_prefix_path.sh
[2.151s] -- Up-to-date symlink: /home/raul/bookros2_ws/install/br2_navigation/share/br2_navigation/environment/ament_prefix_path.dsv
[2.153s] -- Up-to-date symlink: /home/raul/bookros2_ws/install/br2_navigation/share/br2_navigation/environment/path.sh
[2.154s] -- Up-to-date symlink: /home/raul/bookros2_ws/install/br2_navigation/share/br2_navigation/environment/path.dsv
[2.161s] -- Up-to-date symlink: /home/raul/bookros2_ws/install/br2_navigation/share/br2_navigation/local_setup.bash
[2.162s] -- Up-to-date symlink: /home/raul/bookros2_ws/install/br2_navigation/share/br2_navigation/local_setup.sh
[2.163s] -- Up-to-date symlink: /home/raul/bookros2_ws/install/br2_navigation/share/br2_navigation/local_setup.zsh
[2.164s] -- Up-to-date symlink: /home/raul/bookros2_ws/install/br2_navigation/share/br2_navigation/local_setup.dsv
[2.164s] -- Symlinking: /home/raul/bookros2_ws/install/br2_navigation/share/br2_navigation/package.dsv
[2.457s] -- Up-to-date symlink: /home/raul/bookros2_ws/install/br2_navigation/share/ament_index/resource_index/packages/br2_navigation
[2.459s] -- Up-to-date symlink: /home/raul/bookros2_ws/install/br2_navigation/share/br2_navigation/cmake/br2_navigationConfig.cmake
[2.459s] -- Up-to-date symlink: /home/raul/bookros2_ws/install/br2_navigation/share/br2_navigation/cmake/br2_navigationConfig-version.cmake
[2.459s] -- Up-to-date symlink: /home/raul/bookros2_ws/install/br2_navigation/share/br2_navigation/package.xml
[2.573s] Invoked command in '/home/raul/bookros2_ws/build/br2_navigation' returned '0': CMAKE_PREFIX_PATH=${CMAKE_PREFIX_PATH}:/home/raul/bookros2_ws/install/ros2controlcli:/home/raul/bookros2_ws/install/launch_pal:/home/raul/bookros2_ws/install/br2_fsm_bumpgo_py:/opt/ros/foxy /usr/bin/cmake --install /home/raul/bookros2_ws/build/br2_navigation
