[0.132s] Invoking command in '/home/raul/bookros2_ws/build/controller_manager_msgs': CMAKE_PREFIX_PATH=${CMAKE_PREFIX_PATH}:/home/raul/bookros2_ws/install/ros2controlcli:/home/raul/bookros2_ws/install/launch_pal:/home/raul/bookros2_ws/install/br2_fsm_bumpgo_py:/opt/ros/foxy /usr/bin/cmake --build /home/raul/bookros2_ws/build/controller_manager_msgs -- -j8 -l8
[0.462s] [  0%] Built target controller_manager_msgs__cpp
[0.463s] [ 12%] Built target controller_manager_msgs__rosidl_generator_c
[0.463s] [ 36%] Built target controller_manager_msgs__rosidl_typesupport_cpp
[0.463s] [ 36%] Built target controller_manager_msgs__rosidl_typesupport_introspection_cpp
[0.464s] [ 48%] Built target controller_manager_msgs__rosidl_typesupport_c
[0.464s] [ 60%] Built target controller_manager_msgs__rosidl_typesupport_introspection_c
[0.464s] [ 72%] Built target controller_manager_msgs__rosidl_typesupport_fastrtps_cpp
[0.465s] [ 84%] Built target controller_manager_msgs__rosidl_typesupport_fastrtps_c
[0.465s] [ 84%] Built target controller_manager_msgs
[0.465s] [ 85%] Built target controller_manager_msgs__py
[0.495s] [ 96%] Built target controller_manager_msgs__python
[0.577s] [ 97%] Built target controller_manager_msgs__rosidl_typesupport_fastrtps_c__pyext
[0.581s] [ 98%] Built target controller_manager_msgs__rosidl_typesupport_c__pyext
[0.586s] [100%] Built target controller_manager_msgs__rosidl_typesupport_introspection_c__pyext
[0.663s] Invoked command in '/home/raul/bookros2_ws/build/controller_manager_msgs' returned '0': CMAKE_PREFIX_PATH=${CMAKE_PREFIX_PATH}:/home/raul/bookros2_ws/install/ros2controlcli:/home/raul/bookros2_ws/install/launch_pal:/home/raul/bookros2_ws/install/br2_fsm_bumpgo_py:/opt/ros/foxy /usr/bin/cmake --build /home/raul/bookros2_ws/build/controller_manager_msgs -- -j8 -l8
[1.857s] Invoking command in '/home/raul/bookros2_ws/build/controller_manager_msgs': CMAKE_PREFIX_PATH=${CMAKE_PREFIX_PATH}:/home/raul/bookros2_ws/install/ros2controlcli:/home/raul/bookros2_ws/install/launch_pal:/home/raul/bookros2_ws/install/br2_fsm_bumpgo_py:/opt/ros/foxy /usr/bin/cmake --install /home/raul/bookros2_ws/build/controller_manager_msgs
[1.878s] -- Install configuration: ""
[1.878s] -- Execute custom install script
[1.881s] -- Up-to-date symlink: /home/raul/bookros2_ws/install/controller_manager_msgs/share/ament_index/resource_index/rosidl_interfaces/controller_manager_msgs
[1.881s] -- Up-to-date symlink: /home/raul/bookros2_ws/install/controller_manager_msgs/include/controller_manager_msgs/msg/controller_state.h
[1.882s] -- Up-to-date symlink: /home/raul/bookros2_ws/install/controller_manager_msgs/include/controller_manager_msgs/msg/detail/controller_state__functions.h
[1.882s] -- Up-to-date symlink: /home/raul/bookros2_ws/install/controller_manager_msgs/include/controller_manager_msgs/msg/detail/controller_state__struct.h
[1.883s] -- Up-to-date symlink: /home/raul/bookros2_ws/install/controller_manager_msgs/include/controller_manager_msgs/msg/detail/controller_state__type_support.h
[1.883s] -- Up-to-date symlink: /home/raul/bookros2_ws/install/controller_manager_msgs/include/controller_manager_msgs/msg/detail/hardware_interface__functions.h
[1.883s] -- Up-to-date symlink: /home/raul/bookros2_ws/install/controller_manager_msgs/include/controller_manager_msgs/msg/detail/hardware_interface__struct.h
[1.884s] -- Up-to-date symlink: /home/raul/bookros2_ws/install/controller_manager_msgs/include/controller_manager_msgs/msg/detail/hardware_interface__type_support.h
[1.884s] -- Up-to-date symlink: /home/raul/bookros2_ws/install/controller_manager_msgs/include/controller_manager_msgs/msg/hardware_interface.h
[1.884s] -- Up-to-date symlink: /home/raul/bookros2_ws/install/controller_manager_msgs/include/controller_manager_msgs/msg/rosidl_generator_c__visibility_control.h
[1.884s] -- Up-to-date symlink: /home/raul/bookros2_ws/install/controller_manager_msgs/include/controller_manager_msgs/srv/configure_controller.h
[1.885s] -- Up-to-date symlink: /home/raul/bookros2_ws/install/controller_manager_msgs/include/controller_manager_msgs/srv/configure_start_controller.h
[1.885s] -- Up-to-date symlink: /home/raul/bookros2_ws/install/controller_manager_msgs/include/controller_manager_msgs/srv/detail/configure_controller__functions.h
[1.885s] -- Up-to-date symlink: /home/raul/bookros2_ws/install/controller_manager_msgs/include/controller_manager_msgs/srv/detail/configure_controller__struct.h
[1.886s] -- Up-to-date symlink: /home/raul/bookros2_ws/install/controller_manager_msgs/include/controller_manager_msgs/srv/detail/configure_controller__type_support.h
[1.886s] -- Up-to-date symlink: /home/raul/bookros2_ws/install/controller_manager_msgs/include/controller_manager_msgs/srv/detail/configure_start_controller__functions.h
[1.886s] -- Up-to-date symlink: /home/raul/bookros2_ws/install/controller_manager_msgs/include/controller_manager_msgs/srv/detail/configure_start_controller__struct.h
[1.886s] -- Up-to-date symlink: /home/raul/bookros2_ws/install/controller_manager_msgs/include/controller_manager_msgs/srv/detail/configure_start_controller__type_support.h
[1.887s] -- Up-to-date symlink: /home/raul/bookros2_ws/install/controller_manager_msgs/include/controller_manager_msgs/srv/detail/list_controller_types__functions.h
[1.887s] -- Up-to-date symlink: /home/raul/bookros2_ws/install/controller_manager_msgs/include/controller_manager_msgs/srv/detail/list_controller_types__struct.h
[1.887s] -- Up-to-date symlink: /home/raul/bookros2_ws/install/controller_manager_msgs/include/controller_manager_msgs/srv/detail/list_controller_types__type_support.h
[1.887s] -- Up-to-date symlink: /home/raul/bookros2_ws/install/controller_manager_msgs/include/controller_manager_msgs/srv/detail/list_controllers__functions.h
[1.888s] -- Up-to-date symlink: /home/raul/bookros2_ws/install/controller_manager_msgs/include/controller_manager_msgs/srv/detail/list_controllers__struct.h
[1.888s] -- Up-to-date symlink: /home/raul/bookros2_ws/install/controller_manager_msgs/include/controller_manager_msgs/srv/detail/list_controllers__type_support.h
[1.888s] -- Up-to-date symlink: /home/raul/bookros2_ws/install/controller_manager_msgs/include/controller_manager_msgs/srv/detail/list_hardware_interfaces__functions.h
[1.890s] -- Up-to-date symlink: /home/raul/bookros2_ws/install/controller_manager_msgs/include/controller_manager_msgs/srv/detail/list_hardware_interfaces__struct.h
[1.890s] -- Up-to-date symlink: /home/raul/bookros2_ws/install/controller_manager_msgs/include/controller_manager_msgs/srv/detail/list_hardware_interfaces__type_support.h
[1.890s] -- Up-to-date symlink: /home/raul/bookros2_ws/install/controller_manager_msgs/include/controller_manager_msgs/srv/detail/load_configure_controller__functions.h
[1.890s] -- Up-to-date symlink: /home/raul/bookros2_ws/install/controller_manager_msgs/include/controller_manager_msgs/srv/detail/load_configure_controller__struct.h
[1.891s] -- Up-to-date symlink: /home/raul/bookros2_ws/install/controller_manager_msgs/include/controller_manager_msgs/srv/detail/load_configure_controller__type_support.h
[1.891s] -- Up-to-date symlink: /home/raul/bookros2_ws/install/controller_manager_msgs/include/controller_manager_msgs/srv/detail/load_controller__functions.h
[1.891s] -- Up-to-date symlink: /home/raul/bookros2_ws/install/controller_manager_msgs/include/controller_manager_msgs/srv/detail/load_controller__struct.h
[1.895s] -- Up-to-date symlink: /home/raul/bookros2_ws/install/controller_manager_msgs/include/controller_manager_msgs/srv/detail/load_controller__type_support.h
[1.896s] -- Up-to-date symlink: /home/raul/bookros2_ws/install/controller_manager_msgs/include/controller_manager_msgs/srv/detail/load_start_controller__functions.h
[1.897s] -- Up-to-date symlink: /home/raul/bookros2_ws/install/controller_manager_msgs/include/controller_manager_msgs/srv/detail/load_start_controller__struct.h
[1.898s] -- Up-to-date symlink: /home/raul/bookros2_ws/install/controller_manager_msgs/include/controller_manager_msgs/srv/detail/load_start_controller__type_support.h
[1.898s] -- Up-to-date symlink: /home/raul/bookros2_ws/install/controller_manager_msgs/include/controller_manager_msgs/srv/detail/reload_controller_libraries__functions.h
[1.898s] -- Up-to-date symlink: /home/raul/bookros2_ws/install/controller_manager_msgs/include/controller_manager_msgs/srv/detail/reload_controller_libraries__struct.h
[1.898s] -- Up-to-date symlink: /home/raul/bookros2_ws/install/controller_manager_msgs/include/controller_manager_msgs/srv/detail/reload_controller_libraries__type_support.h
[1.899s] -- Up-to-date symlink: /home/raul/bookros2_ws/install/controller_manager_msgs/include/controller_manager_msgs/srv/detail/switch_controller__functions.h
[1.899s] -- Up-to-date symlink: /home/raul/bookros2_ws/install/controller_manager_msgs/include/controller_manager_msgs/srv/detail/switch_controller__struct.h
[1.899s] -- Up-to-date symlink: /home/raul/bookros2_ws/install/controller_manager_msgs/include/controller_manager_msgs/srv/detail/switch_controller__type_support.h
[1.900s] -- Up-to-date symlink: /home/raul/bookros2_ws/install/controller_manager_msgs/include/controller_manager_msgs/srv/detail/unload_controller__functions.h
[1.900s] -- Up-to-date symlink: /home/raul/bookros2_ws/install/controller_manager_msgs/include/controller_manager_msgs/srv/detail/unload_controller__struct.h
[1.900s] -- Up-to-date symlink: /home/raul/bookros2_ws/install/controller_manager_msgs/include/controller_manager_msgs/srv/detail/unload_controller__type_support.h
[1.900s] -- Up-to-date symlink: /home/raul/bookros2_ws/install/controller_manager_msgs/include/controller_manager_msgs/srv/list_controller_types.h
[1.900s] -- Up-to-date symlink: /home/raul/bookros2_ws/install/controller_manager_msgs/include/controller_manager_msgs/srv/list_controllers.h
[1.900s] -- Up-to-date symlink: /home/raul/bookros2_ws/install/controller_manager_msgs/include/controller_manager_msgs/srv/list_hardware_interfaces.h
[1.901s] -- Up-to-date symlink: /home/raul/bookros2_ws/install/controller_manager_msgs/include/controller_manager_msgs/srv/load_configure_controller.h
[1.901s] -- Up-to-date symlink: /home/raul/bookros2_ws/install/controller_manager_msgs/include/controller_manager_msgs/srv/load_controller.h
[1.901s] -- Up-to-date symlink: /home/raul/bookros2_ws/install/controller_manager_msgs/include/controller_manager_msgs/srv/load_start_controller.h
[1.901s] -- Up-to-date symlink: /home/raul/bookros2_ws/install/controller_manager_msgs/include/controller_manager_msgs/srv/reload_controller_libraries.h
[1.901s] -- Up-to-date symlink: /home/raul/bookros2_ws/install/controller_manager_msgs/include/controller_manager_msgs/srv/switch_controller.h
[1.902s] -- Up-to-date symlink: /home/raul/bookros2_ws/install/controller_manager_msgs/include/controller_manager_msgs/srv/unload_controller.h
[1.902s] -- Up-to-date symlink: /home/raul/bookros2_ws/install/controller_manager_msgs/share/controller_manager_msgs/environment/library_path.sh
[1.902s] -- Up-to-date symlink: /home/raul/bookros2_ws/install/controller_manager_msgs/share/controller_manager_msgs/environment/library_path.dsv
[1.902s] -- Up-to-date symlink: /home/raul/bookros2_ws/install/controller_manager_msgs/include/controller_manager_msgs/msg/detail/controller_state__rosidl_typesupport_fastrtps_c.h
[1.903s] -- Up-to-date symlink: /home/raul/bookros2_ws/install/controller_manager_msgs/include/controller_manager_msgs/msg/detail/hardware_interface__rosidl_typesupport_fastrtps_c.h
[1.903s] -- Up-to-date symlink: /home/raul/bookros2_ws/install/controller_manager_msgs/include/controller_manager_msgs/msg/rosidl_typesupport_fastrtps_c__visibility_control.h
[1.904s] -- Up-to-date symlink: /home/raul/bookros2_ws/install/controller_manager_msgs/include/controller_manager_msgs/srv/detail/configure_controller__rosidl_typesupport_fastrtps_c.h
[1.904s] -- Up-to-date symlink: /home/raul/bookros2_ws/install/controller_manager_msgs/include/controller_manager_msgs/srv/detail/configure_start_controller__rosidl_typesupport_fastrtps_c.h
[1.904s] -- Up-to-date symlink: /home/raul/bookros2_ws/install/controller_manager_msgs/include/controller_manager_msgs/srv/detail/list_controller_types__rosidl_typesupport_fastrtps_c.h
[1.906s] -- Up-to-date symlink: /home/raul/bookros2_ws/install/controller_manager_msgs/include/controller_manager_msgs/srv/detail/list_controllers__rosidl_typesupport_fastrtps_c.h
[1.906s] -- Up-to-date symlink: /home/raul/bookros2_ws/install/controller_manager_msgs/include/controller_manager_msgs/srv/detail/list_hardware_interfaces__rosidl_typesupport_fastrtps_c.h
[1.909s] -- Up-to-date symlink: /home/raul/bookros2_ws/install/controller_manager_msgs/include/controller_manager_msgs/srv/detail/load_configure_controller__rosidl_typesupport_fastrtps_c.h
[1.909s] -- Up-to-date symlink: /home/raul/bookros2_ws/install/controller_manager_msgs/include/controller_manager_msgs/srv/detail/load_controller__rosidl_typesupport_fastrtps_c.h
[1.910s] -- Up-to-date symlink: /home/raul/bookros2_ws/install/controller_manager_msgs/include/controller_manager_msgs/srv/detail/load_start_controller__rosidl_typesupport_fastrtps_c.h
[1.910s] -- Up-to-date symlink: /home/raul/bookros2_ws/install/controller_manager_msgs/include/controller_manager_msgs/srv/detail/reload_controller_libraries__rosidl_typesupport_fastrtps_c.h
[1.911s] -- Up-to-date symlink: /home/raul/bookros2_ws/install/controller_manager_msgs/include/controller_manager_msgs/srv/detail/switch_controller__rosidl_typesupport_fastrtps_c.h
[1.915s] -- Up-to-date symlink: /home/raul/bookros2_ws/install/controller_manager_msgs/include/controller_manager_msgs/srv/detail/unload_controller__rosidl_typesupport_fastrtps_c.h
[1.916s] -- Up-to-date symlink: /home/raul/bookros2_ws/install/controller_manager_msgs/lib/libcontroller_manager_msgs__rosidl_typesupport_fastrtps_c.so
[1.916s] -- Up-to-date symlink: /home/raul/bookros2_ws/install/controller_manager_msgs/include/controller_manager_msgs/msg/detail/controller_state__rosidl_typesupport_fastrtps_cpp.hpp
[1.916s] -- Up-to-date symlink: /home/raul/bookros2_ws/install/controller_manager_msgs/include/controller_manager_msgs/msg/detail/hardware_interface__rosidl_typesupport_fastrtps_cpp.hpp
[1.917s] -- Up-to-date symlink: /home/raul/bookros2_ws/install/controller_manager_msgs/include/controller_manager_msgs/msg/rosidl_typesupport_fastrtps_cpp__visibility_control.h
[1.918s] -- Up-to-date symlink: /home/raul/bookros2_ws/install/controller_manager_msgs/include/controller_manager_msgs/srv/detail/configure_controller__rosidl_typesupport_fastrtps_cpp.hpp
[1.918s] -- Up-to-date symlink: /home/raul/bookros2_ws/install/controller_manager_msgs/include/controller_manager_msgs/srv/detail/configure_start_controller__rosidl_typesupport_fastrtps_cpp.hpp
[1.918s] -- Up-to-date symlink: /home/raul/bookros2_ws/install/controller_manager_msgs/include/controller_manager_msgs/srv/detail/list_controller_types__rosidl_typesupport_fastrtps_cpp.hpp
[1.919s] -- Up-to-date symlink: /home/raul/bookros2_ws/install/controller_manager_msgs/include/controller_manager_msgs/srv/detail/list_controllers__rosidl_typesupport_fastrtps_cpp.hpp
[1.920s] -- Up-to-date symlink: /home/raul/bookros2_ws/install/controller_manager_msgs/include/controller_manager_msgs/srv/detail/list_hardware_interfaces__rosidl_typesupport_fastrtps_cpp.hpp
[1.920s] -- Up-to-date symlink: /home/raul/bookros2_ws/install/controller_manager_msgs/include/controller_manager_msgs/srv/detail/load_configure_controller__rosidl_typesupport_fastrtps_cpp.hpp
[1.920s] -- Up-to-date symlink: /home/raul/bookros2_ws/install/controller_manager_msgs/include/controller_manager_msgs/srv/detail/load_controller__rosidl_typesupport_fastrtps_cpp.hpp
[1.921s] -- Up-to-date symlink: /home/raul/bookros2_ws/install/controller_manager_msgs/include/controller_manager_msgs/srv/detail/load_start_controller__rosidl_typesupport_fastrtps_cpp.hpp
[1.921s] -- Up-to-date symlink: /home/raul/bookros2_ws/install/controller_manager_msgs/include/controller_manager_msgs/srv/detail/reload_controller_libraries__rosidl_typesupport_fastrtps_cpp.hpp
[1.922s] -- Up-to-date symlink: /home/raul/bookros2_ws/install/controller_manager_msgs/include/controller_manager_msgs/srv/detail/switch_controller__rosidl_typesupport_fastrtps_cpp.hpp
[1.922s] -- Up-to-date symlink: /home/raul/bookros2_ws/install/controller_manager_msgs/include/controller_manager_msgs/srv/detail/unload_controller__rosidl_typesupport_fastrtps_cpp.hpp
[1.929s] -- Up-to-date symlink: /home/raul/bookros2_ws/install/controller_manager_msgs/lib/libcontroller_manager_msgs__rosidl_typesupport_fastrtps_cpp.so
[1.930s] -- Up-to-date symlink: /home/raul/bookros2_ws/install/controller_manager_msgs/include/controller_manager_msgs/msg/detail/controller_state__rosidl_typesupport_introspection_c.h
[1.930s] -- Up-to-date symlink: /home/raul/bookros2_ws/install/controller_manager_msgs/include/controller_manager_msgs/msg/detail/hardware_interface__rosidl_typesupport_introspection_c.h
[1.931s] -- Up-to-date symlink: /home/raul/bookros2_ws/install/controller_manager_msgs/include/controller_manager_msgs/msg/rosidl_typesupport_introspection_c__visibility_control.h
[1.931s] -- Up-to-date symlink: /home/raul/bookros2_ws/install/controller_manager_msgs/include/controller_manager_msgs/srv/detail/configure_controller__rosidl_typesupport_introspection_c.h
[1.931s] -- Up-to-date symlink: /home/raul/bookros2_ws/install/controller_manager_msgs/include/controller_manager_msgs/srv/detail/configure_start_controller__rosidl_typesupport_introspection_c.h
[1.932s] -- Up-to-date symlink: /home/raul/bookros2_ws/install/controller_manager_msgs/include/controller_manager_msgs/srv/detail/list_controller_types__rosidl_typesupport_introspection_c.h
[1.932s] -- Up-to-date symlink: /home/raul/bookros2_ws/install/controller_manager_msgs/include/controller_manager_msgs/srv/detail/list_controllers__rosidl_typesupport_introspection_c.h
[1.933s] -- Up-to-date symlink: /home/raul/bookros2_ws/install/controller_manager_msgs/include/controller_manager_msgs/srv/detail/list_hardware_interfaces__rosidl_typesupport_introspection_c.h
[1.933s] -- Up-to-date symlink: /home/raul/bookros2_ws/install/controller_manager_msgs/include/controller_manager_msgs/srv/detail/load_configure_controller__rosidl_typesupport_introspection_c.h
[1.933s] -- Up-to-date symlink: /home/raul/bookros2_ws/install/controller_manager_msgs/include/controller_manager_msgs/srv/detail/load_controller__rosidl_typesupport_introspection_c.h
[1.933s] -- Up-to-date symlink: /home/raul/bookros2_ws/install/controller_manager_msgs/include/controller_manager_msgs/srv/detail/load_start_controller__rosidl_typesupport_introspection_c.h
[1.933s] -- Up-to-date symlink: /home/raul/bookros2_ws/install/controller_manager_msgs/include/controller_manager_msgs/srv/detail/reload_controller_libraries__rosidl_typesupport_introspection_c.h
[1.935s] -- Up-to-date symlink: /home/raul/bookros2_ws/install/controller_manager_msgs/include/controller_manager_msgs/srv/detail/switch_controller__rosidl_typesupport_introspection_c.h
[1.935s] -- Up-to-date symlink: /home/raul/bookros2_ws/install/controller_manager_msgs/include/controller_manager_msgs/srv/detail/unload_controller__rosidl_typesupport_introspection_c.h
[1.935s] -- Up-to-date symlink: /home/raul/bookros2_ws/install/controller_manager_msgs/include/controller_manager_msgs/msg/controller_state.hpp
[1.935s] -- Up-to-date symlink: /home/raul/bookros2_ws/install/controller_manager_msgs/include/controller_manager_msgs/msg/detail/controller_state__builder.hpp
[1.935s] -- Up-to-date symlink: /home/raul/bookros2_ws/install/controller_manager_msgs/include/controller_manager_msgs/msg/detail/controller_state__struct.hpp
[1.935s] -- Up-to-date symlink: /home/raul/bookros2_ws/install/controller_manager_msgs/include/controller_manager_msgs/msg/detail/controller_state__traits.hpp
[1.936s] -- Up-to-date symlink: /home/raul/bookros2_ws/install/controller_manager_msgs/include/controller_manager_msgs/msg/detail/hardware_interface__builder.hpp
[1.936s] -- Up-to-date symlink: /home/raul/bookros2_ws/install/controller_manager_msgs/include/controller_manager_msgs/msg/detail/hardware_interface__struct.hpp
[1.937s] -- Up-to-date symlink: /home/raul/bookros2_ws/install/controller_manager_msgs/include/controller_manager_msgs/msg/detail/hardware_interface__traits.hpp
[1.937s] -- Up-to-date symlink: /home/raul/bookros2_ws/install/controller_manager_msgs/include/controller_manager_msgs/msg/hardware_interface.hpp
[1.937s] -- Up-to-date symlink: /home/raul/bookros2_ws/install/controller_manager_msgs/include/controller_manager_msgs/srv/configure_controller.hpp
[1.938s] -- Up-to-date symlink: /home/raul/bookros2_ws/install/controller_manager_msgs/include/controller_manager_msgs/srv/configure_start_controller.hpp
[1.938s] -- Up-to-date symlink: /home/raul/bookros2_ws/install/controller_manager_msgs/include/controller_manager_msgs/srv/detail/configure_controller__builder.hpp
[1.938s] -- Up-to-date symlink: /home/raul/bookros2_ws/install/controller_manager_msgs/include/controller_manager_msgs/srv/detail/configure_controller__struct.hpp
[1.938s] -- Up-to-date symlink: /home/raul/bookros2_ws/install/controller_manager_msgs/include/controller_manager_msgs/srv/detail/configure_controller__traits.hpp
[1.938s] -- Up-to-date symlink: /home/raul/bookros2_ws/install/controller_manager_msgs/include/controller_manager_msgs/srv/detail/configure_start_controller__builder.hpp
[1.939s] -- Up-to-date symlink: /home/raul/bookros2_ws/install/controller_manager_msgs/include/controller_manager_msgs/srv/detail/configure_start_controller__struct.hpp
[1.939s] -- Up-to-date symlink: /home/raul/bookros2_ws/install/controller_manager_msgs/include/controller_manager_msgs/srv/detail/configure_start_controller__traits.hpp
[1.939s] -- Up-to-date symlink: /home/raul/bookros2_ws/install/controller_manager_msgs/include/controller_manager_msgs/srv/detail/list_controller_types__builder.hpp
[1.939s] -- Up-to-date symlink: /home/raul/bookros2_ws/install/controller_manager_msgs/include/controller_manager_msgs/srv/detail/list_controller_types__struct.hpp
[1.939s] -- Up-to-date symlink: /home/raul/bookros2_ws/install/controller_manager_msgs/include/controller_manager_msgs/srv/detail/list_controller_types__traits.hpp
[1.940s] -- Up-to-date symlink: /home/raul/bookros2_ws/install/controller_manager_msgs/include/controller_manager_msgs/srv/detail/list_controllers__builder.hpp
[1.940s] -- Up-to-date symlink: /home/raul/bookros2_ws/install/controller_manager_msgs/include/controller_manager_msgs/srv/detail/list_controllers__struct.hpp
[1.940s] -- Up-to-date symlink: /home/raul/bookros2_ws/install/controller_manager_msgs/include/controller_manager_msgs/srv/detail/list_controllers__traits.hpp
[1.940s] -- Up-to-date symlink: /home/raul/bookros2_ws/install/controller_manager_msgs/include/controller_manager_msgs/srv/detail/list_hardware_interfaces__builder.hpp
[1.940s] -- Up-to-date symlink: /home/raul/bookros2_ws/install/controller_manager_msgs/include/controller_manager_msgs/srv/detail/list_hardware_interfaces__struct.hpp
[1.941s] -- Up-to-date symlink: /home/raul/bookros2_ws/install/controller_manager_msgs/include/controller_manager_msgs/srv/detail/list_hardware_interfaces__traits.hpp
[1.941s] -- Up-to-date symlink: /home/raul/bookros2_ws/install/controller_manager_msgs/include/controller_manager_msgs/srv/detail/load_configure_controller__builder.hpp
[1.941s] -- Up-to-date symlink: /home/raul/bookros2_ws/install/controller_manager_msgs/include/controller_manager_msgs/srv/detail/load_configure_controller__struct.hpp
[1.941s] -- Up-to-date symlink: /home/raul/bookros2_ws/install/controller_manager_msgs/include/controller_manager_msgs/srv/detail/load_configure_controller__traits.hpp
[1.942s] -- Up-to-date symlink: /home/raul/bookros2_ws/install/controller_manager_msgs/include/controller_manager_msgs/srv/detail/load_controller__builder.hpp
[1.942s] -- Up-to-date symlink: /home/raul/bookros2_ws/install/controller_manager_msgs/include/controller_manager_msgs/srv/detail/load_controller__struct.hpp
[1.942s] -- Up-to-date symlink: /home/raul/bookros2_ws/install/controller_manager_msgs/include/controller_manager_msgs/srv/detail/load_controller__traits.hpp
[1.943s] -- Up-to-date symlink: /home/raul/bookros2_ws/install/controller_manager_msgs/include/controller_manager_msgs/srv/detail/load_start_controller__builder.hpp
[1.943s] -- Up-to-date symlink: /home/raul/bookros2_ws/install/controller_manager_msgs/include/controller_manager_msgs/srv/detail/load_start_controller__struct.hpp
[1.944s] -- Up-to-date symlink: /home/raul/bookros2_ws/install/controller_manager_msgs/include/controller_manager_msgs/srv/detail/load_start_controller__traits.hpp
[1.944s] -- Up-to-date symlink: /home/raul/bookros2_ws/install/controller_manager_msgs/include/controller_manager_msgs/srv/detail/reload_controller_libraries__builder.hpp
[1.945s] -- Up-to-date symlink: /home/raul/bookros2_ws/install/controller_manager_msgs/include/controller_manager_msgs/srv/detail/reload_controller_libraries__struct.hpp
[1.946s] -- Up-to-date symlink: /home/raul/bookros2_ws/install/controller_manager_msgs/include/controller_manager_msgs/srv/detail/reload_controller_libraries__traits.hpp
[1.946s] -- Up-to-date symlink: /home/raul/bookros2_ws/install/controller_manager_msgs/include/controller_manager_msgs/srv/detail/switch_controller__builder.hpp
[1.946s] -- Up-to-date symlink: /home/raul/bookros2_ws/install/controller_manager_msgs/include/controller_manager_msgs/srv/detail/switch_controller__struct.hpp
[1.947s] -- Up-to-date symlink: /home/raul/bookros2_ws/install/controller_manager_msgs/include/controller_manager_msgs/srv/detail/switch_controller__traits.hpp
[1.947s] -- Up-to-date symlink: /home/raul/bookros2_ws/install/controller_manager_msgs/include/controller_manager_msgs/srv/detail/unload_controller__builder.hpp
[1.947s] -- Up-to-date symlink: /home/raul/bookros2_ws/install/controller_manager_msgs/include/controller_manager_msgs/srv/detail/unload_controller__struct.hpp
[1.948s] -- Up-to-date symlink: /home/raul/bookros2_ws/install/controller_manager_msgs/include/controller_manager_msgs/srv/detail/unload_controller__traits.hpp
[1.948s] -- Up-to-date symlink: /home/raul/bookros2_ws/install/controller_manager_msgs/include/controller_manager_msgs/srv/list_controller_types.hpp
[1.949s] -- Up-to-date symlink: /home/raul/bookros2_ws/install/controller_manager_msgs/include/controller_manager_msgs/srv/list_controllers.hpp
[1.949s] -- Up-to-date symlink: /home/raul/bookros2_ws/install/controller_manager_msgs/include/controller_manager_msgs/srv/list_hardware_interfaces.hpp
[1.949s] -- Up-to-date symlink: /home/raul/bookros2_ws/install/controller_manager_msgs/include/controller_manager_msgs/srv/load_configure_controller.hpp
[1.951s] -- Up-to-date symlink: /home/raul/bookros2_ws/install/controller_manager_msgs/include/controller_manager_msgs/srv/load_controller.hpp
[1.956s] -- Up-to-date symlink: /home/raul/bookros2_ws/install/controller_manager_msgs/include/controller_manager_msgs/srv/load_start_controller.hpp
[1.958s] -- Up-to-date symlink: /home/raul/bookros2_ws/install/controller_manager_msgs/include/controller_manager_msgs/srv/reload_controller_libraries.hpp
[1.958s] -- Up-to-date symlink: /home/raul/bookros2_ws/install/controller_manager_msgs/include/controller_manager_msgs/srv/switch_controller.hpp
[1.959s] -- Up-to-date symlink: /home/raul/bookros2_ws/install/controller_manager_msgs/include/controller_manager_msgs/srv/unload_controller.hpp
[1.959s] -- Up-to-date symlink: /home/raul/bookros2_ws/install/controller_manager_msgs/include/controller_manager_msgs/msg/detail/controller_state__rosidl_typesupport_introspection_cpp.hpp
[1.959s] -- Up-to-date symlink: /home/raul/bookros2_ws/install/controller_manager_msgs/include/controller_manager_msgs/msg/detail/hardware_interface__rosidl_typesupport_introspection_cpp.hpp
[1.961s] -- Up-to-date symlink: /home/raul/bookros2_ws/install/controller_manager_msgs/include/controller_manager_msgs/srv/detail/configure_controller__rosidl_typesupport_introspection_cpp.hpp
[1.961s] -- Up-to-date symlink: /home/raul/bookros2_ws/install/controller_manager_msgs/include/controller_manager_msgs/srv/detail/configure_start_controller__rosidl_typesupport_introspection_cpp.hpp
[1.962s] -- Up-to-date symlink: /home/raul/bookros2_ws/install/controller_manager_msgs/include/controller_manager_msgs/srv/detail/list_controller_types__rosidl_typesupport_introspection_cpp.hpp
[1.962s] -- Up-to-date symlink: /home/raul/bookros2_ws/install/controller_manager_msgs/include/controller_manager_msgs/srv/detail/list_controllers__rosidl_typesupport_introspection_cpp.hpp
[1.962s] -- Up-to-date symlink: /home/raul/bookros2_ws/install/controller_manager_msgs/include/controller_manager_msgs/srv/detail/list_hardware_interfaces__rosidl_typesupport_introspection_cpp.hpp
[1.963s] -- Up-to-date symlink: /home/raul/bookros2_ws/install/controller_manager_msgs/include/controller_manager_msgs/srv/detail/load_configure_controller__rosidl_typesupport_introspection_cpp.hpp
[1.963s] -- Up-to-date symlink: /home/raul/bookros2_ws/install/controller_manager_msgs/include/controller_manager_msgs/srv/detail/load_controller__rosidl_typesupport_introspection_cpp.hpp
[1.963s] -- Up-to-date symlink: /home/raul/bookros2_ws/install/controller_manager_msgs/include/controller_manager_msgs/srv/detail/load_start_controller__rosidl_typesupport_introspection_cpp.hpp
[1.963s] -- Up-to-date symlink: /home/raul/bookros2_ws/install/controller_manager_msgs/include/controller_manager_msgs/srv/detail/reload_controller_libraries__rosidl_typesupport_introspection_cpp.hpp
[1.963s] -- Up-to-date symlink: /home/raul/bookros2_ws/install/controller_manager_msgs/include/controller_manager_msgs/srv/detail/switch_controller__rosidl_typesupport_introspection_cpp.hpp
[1.963s] -- Up-to-date symlink: /home/raul/bookros2_ws/install/controller_manager_msgs/include/controller_manager_msgs/srv/detail/unload_controller__rosidl_typesupport_introspection_cpp.hpp
[1.964s] -- Up-to-date symlink: /home/raul/bookros2_ws/install/controller_manager_msgs/share/controller_manager_msgs/environment/pythonpath.sh
[1.964s] -- Up-to-date symlink: /home/raul/bookros2_ws/install/controller_manager_msgs/share/controller_manager_msgs/environment/pythonpath.dsv
[1.964s] -- Up-to-date symlink: /home/raul/bookros2_ws/install/controller_manager_msgs/lib/python3.8/site-packages/controller_manager_msgs/__init__.py
[1.965s] -- Up-to-date symlink: /home/raul/bookros2_ws/install/controller_manager_msgs/lib/python3.8/site-packages/controller_manager_msgs/msg/__init__.py
[1.965s] -- Up-to-date symlink: /home/raul/bookros2_ws/install/controller_manager_msgs/lib/python3.8/site-packages/controller_manager_msgs/msg/_controller_state.py
[1.965s] -- Up-to-date symlink: /home/raul/bookros2_ws/install/controller_manager_msgs/lib/python3.8/site-packages/controller_manager_msgs/msg/_hardware_interface.py
[1.965s] -- Up-to-date symlink: /home/raul/bookros2_ws/install/controller_manager_msgs/lib/python3.8/site-packages/controller_manager_msgs/srv/__init__.py
[1.965s] -- Up-to-date symlink: /home/raul/bookros2_ws/install/controller_manager_msgs/lib/python3.8/site-packages/controller_manager_msgs/srv/_configure_controller.py
[1.965s] -- Up-to-date symlink: /home/raul/bookros2_ws/install/controller_manager_msgs/lib/python3.8/site-packages/controller_manager_msgs/srv/_configure_start_controller.py
[1.966s] -- Up-to-date symlink: /home/raul/bookros2_ws/install/controller_manager_msgs/lib/python3.8/site-packages/controller_manager_msgs/srv/_list_controller_types.py
[1.966s] -- Up-to-date symlink: /home/raul/bookros2_ws/install/controller_manager_msgs/lib/python3.8/site-packages/controller_manager_msgs/srv/_list_controllers.py
[1.966s] -- Up-to-date symlink: /home/raul/bookros2_ws/install/controller_manager_msgs/lib/python3.8/site-packages/controller_manager_msgs/srv/_list_hardware_interfaces.py
[1.966s] -- Up-to-date symlink: /home/raul/bookros2_ws/install/controller_manager_msgs/lib/python3.8/site-packages/controller_manager_msgs/srv/_load_configure_controller.py
[1.966s] -- Up-to-date symlink: /home/raul/bookros2_ws/install/controller_manager_msgs/lib/python3.8/site-packages/controller_manager_msgs/srv/_load_controller.py
[1.967s] -- Up-to-date symlink: /home/raul/bookros2_ws/install/controller_manager_msgs/lib/python3.8/site-packages/controller_manager_msgs/srv/_load_start_controller.py
[1.967s] -- Up-to-date symlink: /home/raul/bookros2_ws/install/controller_manager_msgs/lib/python3.8/site-packages/controller_manager_msgs/srv/_reload_controller_libraries.py
[1.972s] -- Up-to-date symlink: /home/raul/bookros2_ws/install/controller_manager_msgs/lib/python3.8/site-packages/controller_manager_msgs/srv/_switch_controller.py
[1.972s] -- Up-to-date symlink: /home/raul/bookros2_ws/install/controller_manager_msgs/lib/python3.8/site-packages/controller_manager_msgs/srv/_unload_controller.py
[1.972s] -- Up-to-date symlink: /home/raul/bookros2_ws/install/controller_manager_msgs/lib/python3.8/site-packages/controller_manager_msgs/controller_manager_msgs_s__rosidl_typesupport_fastrtps_c.cpython-38-x86_64-linux-gnu.so
[1.972s] -- Up-to-date symlink: /home/raul/bookros2_ws/install/controller_manager_msgs/lib/python3.8/site-packages/controller_manager_msgs/controller_manager_msgs_s__rosidl_typesupport_introspection_c.cpython-38-x86_64-linux-gnu.so
[1.972s] -- Up-to-date symlink: /home/raul/bookros2_ws/install/controller_manager_msgs/lib/python3.8/site-packages/controller_manager_msgs/controller_manager_msgs_s__rosidl_typesupport_c.cpython-38-x86_64-linux-gnu.so
[1.973s] -- Up-to-date symlink: /home/raul/bookros2_ws/install/controller_manager_msgs/lib/libcontroller_manager_msgs__python.so
[1.973s] -- Up-to-date symlink: /home/raul/bookros2_ws/install/controller_manager_msgs/share/controller_manager_msgs/msg/ControllerState.idl
[1.973s] -- Up-to-date symlink: /home/raul/bookros2_ws/install/controller_manager_msgs/share/controller_manager_msgs/msg/HardwareInterface.idl
[1.973s] -- Up-to-date symlink: /home/raul/bookros2_ws/install/controller_manager_msgs/share/controller_manager_msgs/srv/ConfigureController.idl
[1.973s] -- Up-to-date symlink: /home/raul/bookros2_ws/install/controller_manager_msgs/share/controller_manager_msgs/srv/ConfigureStartController.idl
[1.976s] -- Up-to-date symlink: /home/raul/bookros2_ws/install/controller_manager_msgs/share/controller_manager_msgs/srv/ListControllers.idl
[1.976s] -- Up-to-date symlink: /home/raul/bookros2_ws/install/controller_manager_msgs/share/controller_manager_msgs/srv/ListControllerTypes.idl
[1.983s] -- Up-to-date symlink: /home/raul/bookros2_ws/install/controller_manager_msgs/share/controller_manager_msgs/srv/ListHardwareInterfaces.idl
[1.983s] -- Up-to-date symlink: /home/raul/bookros2_ws/install/controller_manager_msgs/share/controller_manager_msgs/srv/LoadConfigureController.idl
[1.983s] -- Up-to-date symlink: /home/raul/bookros2_ws/install/controller_manager_msgs/share/controller_manager_msgs/srv/LoadController.idl
[1.984s] -- Up-to-date symlink: /home/raul/bookros2_ws/install/controller_manager_msgs/share/controller_manager_msgs/srv/LoadStartController.idl
[1.984s] -- Up-to-date symlink: /home/raul/bookros2_ws/install/controller_manager_msgs/share/controller_manager_msgs/srv/ReloadControllerLibraries.idl
[1.984s] -- Up-to-date symlink: /home/raul/bookros2_ws/install/controller_manager_msgs/share/controller_manager_msgs/srv/SwitchController.idl
[1.985s] -- Up-to-date symlink: /home/raul/bookros2_ws/install/controller_manager_msgs/share/controller_manager_msgs/srv/UnloadController.idl
[1.985s] -- Up-to-date symlink: /home/raul/bookros2_ws/install/controller_manager_msgs/share/controller_manager_msgs/msg/ControllerState.msg
[1.985s] -- Up-to-date symlink: /home/raul/bookros2_ws/install/controller_manager_msgs/share/controller_manager_msgs/msg/HardwareInterface.msg
[1.985s] -- Up-to-date symlink: /home/raul/bookros2_ws/install/controller_manager_msgs/share/controller_manager_msgs/srv/ConfigureController.srv
[1.985s] -- Up-to-date symlink: /home/raul/bookros2_ws/install/controller_manager_msgs/share/controller_manager_msgs/srv/ConfigureController_Request.msg
[1.986s] -- Up-to-date symlink: /home/raul/bookros2_ws/install/controller_manager_msgs/share/controller_manager_msgs/srv/ConfigureController_Response.msg
[1.986s] -- Up-to-date symlink: /home/raul/bookros2_ws/install/controller_manager_msgs/share/controller_manager_msgs/srv/ConfigureStartController.srv
[1.987s] -- Up-to-date symlink: /home/raul/bookros2_ws/install/controller_manager_msgs/share/controller_manager_msgs/srv/ConfigureStartController_Request.msg
[1.987s] -- Up-to-date symlink: /home/raul/bookros2_ws/install/controller_manager_msgs/share/controller_manager_msgs/srv/ConfigureStartController_Response.msg
[1.987s] -- Up-to-date symlink: /home/raul/bookros2_ws/install/controller_manager_msgs/share/controller_manager_msgs/srv/ListControllers.srv
[1.987s] -- Up-to-date symlink: /home/raul/bookros2_ws/install/controller_manager_msgs/share/controller_manager_msgs/srv/ListControllers_Request.msg
[1.987s] -- Up-to-date symlink: /home/raul/bookros2_ws/install/controller_manager_msgs/share/controller_manager_msgs/srv/ListControllers_Response.msg
[1.988s] -- Up-to-date symlink: /home/raul/bookros2_ws/install/controller_manager_msgs/share/controller_manager_msgs/srv/ListControllerTypes.srv
[1.988s] -- Up-to-date symlink: /home/raul/bookros2_ws/install/controller_manager_msgs/share/controller_manager_msgs/srv/ListControllerTypes_Request.msg
[1.988s] -- Up-to-date symlink: /home/raul/bookros2_ws/install/controller_manager_msgs/share/controller_manager_msgs/srv/ListControllerTypes_Response.msg
[1.988s] -- Up-to-date symlink: /home/raul/bookros2_ws/install/controller_manager_msgs/share/controller_manager_msgs/srv/ListHardwareInterfaces.srv
[1.988s] -- Up-to-date symlink: /home/raul/bookros2_ws/install/controller_manager_msgs/share/controller_manager_msgs/srv/ListHardwareInterfaces_Request.msg
[1.989s] -- Up-to-date symlink: /home/raul/bookros2_ws/install/controller_manager_msgs/share/controller_manager_msgs/srv/ListHardwareInterfaces_Response.msg
[1.989s] -- Up-to-date symlink: /home/raul/bookros2_ws/install/controller_manager_msgs/share/controller_manager_msgs/srv/LoadConfigureController.srv
[1.989s] -- Up-to-date symlink: /home/raul/bookros2_ws/install/controller_manager_msgs/share/controller_manager_msgs/srv/LoadConfigureController_Request.msg
[1.990s] -- Up-to-date symlink: /home/raul/bookros2_ws/install/controller_manager_msgs/share/controller_manager_msgs/srv/LoadConfigureController_Response.msg
[1.990s] -- Up-to-date symlink: /home/raul/bookros2_ws/install/controller_manager_msgs/share/controller_manager_msgs/srv/LoadController.srv
[1.990s] -- Up-to-date symlink: /home/raul/bookros2_ws/install/controller_manager_msgs/share/controller_manager_msgs/srv/LoadController_Request.msg
[1.990s] -- Up-to-date symlink: /home/raul/bookros2_ws/install/controller_manager_msgs/share/controller_manager_msgs/srv/LoadController_Response.msg
[1.990s] -- Up-to-date symlink: /home/raul/bookros2_ws/install/controller_manager_msgs/share/controller_manager_msgs/srv/LoadStartController.srv
[1.991s] -- Up-to-date symlink: /home/raul/bookros2_ws/install/controller_manager_msgs/share/controller_manager_msgs/srv/LoadStartController_Request.msg
[1.991s] -- Up-to-date symlink: /home/raul/bookros2_ws/install/controller_manager_msgs/share/controller_manager_msgs/srv/LoadStartController_Response.msg
[1.991s] -- Up-to-date symlink: /home/raul/bookros2_ws/install/controller_manager_msgs/share/controller_manager_msgs/srv/ReloadControllerLibraries.srv
[1.991s] -- Up-to-date symlink: /home/raul/bookros2_ws/install/controller_manager_msgs/share/controller_manager_msgs/srv/ReloadControllerLibraries_Request.msg
[1.991s] -- Up-to-date symlink: /home/raul/bookros2_ws/install/controller_manager_msgs/share/controller_manager_msgs/srv/ReloadControllerLibraries_Response.msg
[1.992s] -- Up-to-date symlink: /home/raul/bookros2_ws/install/controller_manager_msgs/share/controller_manager_msgs/srv/SwitchController.srv
[1.992s] -- Up-to-date symlink: /home/raul/bookros2_ws/install/controller_manager_msgs/share/controller_manager_msgs/srv/SwitchController_Request.msg
[1.992s] -- Up-to-date symlink: /home/raul/bookros2_ws/install/controller_manager_msgs/share/controller_manager_msgs/srv/SwitchController_Response.msg
[1.992s] -- Up-to-date symlink: /home/raul/bookros2_ws/install/controller_manager_msgs/share/controller_manager_msgs/srv/UnloadController.srv
[1.992s] -- Up-to-date symlink: /home/raul/bookros2_ws/install/controller_manager_msgs/share/controller_manager_msgs/srv/UnloadController_Request.msg
[1.993s] -- Up-to-date symlink: /home/raul/bookros2_ws/install/controller_manager_msgs/share/controller_manager_msgs/srv/UnloadController_Response.msg
[1.993s] -- Up-to-date symlink: /home/raul/bookros2_ws/install/controller_manager_msgs/share/ament_index/resource_index/package_run_dependencies/controller_manager_msgs
[1.994s] -- Up-to-date symlink: /home/raul/bookros2_ws/install/controller_manager_msgs/share/ament_index/resource_index/parent_prefix_path/controller_manager_msgs
[1.994s] -- Up-to-date symlink: /home/raul/bookros2_ws/install/controller_manager_msgs/share/controller_manager_msgs/environment/ament_prefix_path.sh
[1.997s] -- Up-to-date symlink: /home/raul/bookros2_ws/install/controller_manager_msgs/share/controller_manager_msgs/environment/ament_prefix_path.dsv
[1.997s] -- Up-to-date symlink: /home/raul/bookros2_ws/install/controller_manager_msgs/share/controller_manager_msgs/environment/path.sh
[1.997s] -- Up-to-date symlink: /home/raul/bookros2_ws/install/controller_manager_msgs/share/controller_manager_msgs/environment/path.dsv
[1.997s] -- Up-to-date symlink: /home/raul/bookros2_ws/install/controller_manager_msgs/share/controller_manager_msgs/local_setup.bash
[1.998s] -- Up-to-date symlink: /home/raul/bookros2_ws/install/controller_manager_msgs/share/controller_manager_msgs/local_setup.sh
[1.998s] -- Up-to-date symlink: /home/raul/bookros2_ws/install/controller_manager_msgs/share/controller_manager_msgs/local_setup.zsh
[1.998s] -- Up-to-date symlink: /home/raul/bookros2_ws/install/controller_manager_msgs/share/controller_manager_msgs/local_setup.dsv
[1.998s] -- Symlinking: /home/raul/bookros2_ws/install/controller_manager_msgs/share/controller_manager_msgs/package.dsv
[1.999s] -- Up-to-date symlink: /home/raul/bookros2_ws/install/controller_manager_msgs/share/ament_index/resource_index/packages/controller_manager_msgs
[1.999s] -- Up-to-date symlink: /home/raul/bookros2_ws/install/controller_manager_msgs/share/controller_manager_msgs/cmake/rosidl_cmake-extras.cmake
[1.999s] -- Up-to-date symlink: /home/raul/bookros2_ws/install/controller_manager_msgs/share/controller_manager_msgs/cmake/ament_cmake_export_dependencies-extras.cmake
[1.999s] -- Up-to-date symlink: /home/raul/bookros2_ws/install/controller_manager_msgs/share/controller_manager_msgs/cmake/ament_cmake_export_libraries-extras.cmake
[2.000s] -- Up-to-date symlink: /home/raul/bookros2_ws/install/controller_manager_msgs/share/controller_manager_msgs/cmake/ament_cmake_export_targets-extras.cmake
[2.000s] -- Up-to-date symlink: /home/raul/bookros2_ws/install/controller_manager_msgs/share/controller_manager_msgs/cmake/ament_cmake_export_include_directories-extras.cmake
[2.001s] -- Up-to-date symlink: /home/raul/bookros2_ws/install/controller_manager_msgs/share/controller_manager_msgs/cmake/rosidl_cmake_export_typesupport_libraries-extras.cmake
[2.001s] -- Up-to-date symlink: /home/raul/bookros2_ws/install/controller_manager_msgs/share/controller_manager_msgs/cmake/rosidl_cmake_export_typesupport_targets-extras.cmake
[2.001s] -- Up-to-date symlink: /home/raul/bookros2_ws/install/controller_manager_msgs/share/controller_manager_msgs/cmake/controller_manager_msgsConfig.cmake
[2.001s] -- Up-to-date symlink: /home/raul/bookros2_ws/install/controller_manager_msgs/share/controller_manager_msgs/cmake/controller_manager_msgsConfig-version.cmake
[2.001s] -- Up-to-date symlink: /home/raul/bookros2_ws/install/controller_manager_msgs/share/controller_manager_msgs/package.xml
[2.002s] -- Up-to-date: /home/raul/bookros2_ws/install/controller_manager_msgs/lib/libcontroller_manager_msgs__rosidl_generator_c.so
[2.002s] -- Up-to-date: /home/raul/bookros2_ws/install/controller_manager_msgs/lib/libcontroller_manager_msgs__rosidl_typesupport_introspection_c.so
[2.002s] -- Up-to-date: /home/raul/bookros2_ws/install/controller_manager_msgs/lib/libcontroller_manager_msgs__rosidl_typesupport_c.so
[2.003s] -- Up-to-date: /home/raul/bookros2_ws/install/controller_manager_msgs/lib/libcontroller_manager_msgs__rosidl_typesupport_introspection_cpp.so
[2.003s] -- Up-to-date: /home/raul/bookros2_ws/install/controller_manager_msgs/lib/libcontroller_manager_msgs__rosidl_typesupport_cpp.so
[2.059s] -- Up-to-date: /home/raul/bookros2_ws/install/controller_manager_msgs/share/controller_manager_msgs/cmake/controller_manager_msgs__rosidl_generator_cExport.cmake
[2.059s] -- Up-to-date: /home/raul/bookros2_ws/install/controller_manager_msgs/share/controller_manager_msgs/cmake/controller_manager_msgs__rosidl_generator_cExport-noconfig.cmake
[2.060s] -- Up-to-date: /home/raul/bookros2_ws/install/controller_manager_msgs/share/controller_manager_msgs/cmake/controller_manager_msgs__rosidl_typesupport_introspection_cExport.cmake
[2.060s] -- Up-to-date: /home/raul/bookros2_ws/install/controller_manager_msgs/share/controller_manager_msgs/cmake/controller_manager_msgs__rosidl_typesupport_introspection_cExport-noconfig.cmake
[2.060s] -- Up-to-date: /home/raul/bookros2_ws/install/controller_manager_msgs/share/controller_manager_msgs/cmake/controller_manager_msgs__rosidl_typesupport_cExport.cmake
[2.061s] -- Up-to-date: /home/raul/bookros2_ws/install/controller_manager_msgs/share/controller_manager_msgs/cmake/controller_manager_msgs__rosidl_typesupport_cExport-noconfig.cmake
[2.061s] -- Up-to-date: /home/raul/bookros2_ws/install/controller_manager_msgs/share/controller_manager_msgs/cmake/controller_manager_msgs__rosidl_generator_cppExport.cmake
[2.061s] -- Up-to-date: /home/raul/bookros2_ws/install/controller_manager_msgs/share/controller_manager_msgs/cmake/controller_manager_msgs__rosidl_typesupport_introspection_cppExport.cmake
[2.061s] -- Up-to-date: /home/raul/bookros2_ws/install/controller_manager_msgs/share/controller_manager_msgs/cmake/controller_manager_msgs__rosidl_typesupport_introspection_cppExport-noconfig.cmake
[2.062s] -- Up-to-date: /home/raul/bookros2_ws/install/controller_manager_msgs/share/controller_manager_msgs/cmake/controller_manager_msgs__rosidl_typesupport_cppExport.cmake
[2.062s] -- Up-to-date: /home/raul/bookros2_ws/install/controller_manager_msgs/share/controller_manager_msgs/cmake/controller_manager_msgs__rosidl_typesupport_cppExport-noconfig.cmake
[2.147s] Invoked command in '/home/raul/bookros2_ws/build/controller_manager_msgs' returned '0': CMAKE_PREFIX_PATH=${CMAKE_PREFIX_PATH}:/home/raul/bookros2_ws/install/ros2controlcli:/home/raul/bookros2_ws/install/launch_pal:/home/raul/bookros2_ws/install/br2_fsm_bumpgo_py:/opt/ros/foxy /usr/bin/cmake --install /home/raul/bookros2_ws/build/controller_manager_msgs
