[0.165s] Invoking command in '/home/raul/bookros2_ws/build/controller_manager_msgs': CMAKE_PREFIX_PATH=${CMAKE_PREFIX_PATH}:/home/raul/bookros2_ws/install/ros2controlcli:/home/raul/bookros2_ws/install/launch_pal:/home/raul/bookros2_ws/install/br2_fsm_bumpgo_py:/opt/ros/foxy /usr/bin/cmake --build /home/raul/bookros2_ws/build/controller_manager_msgs -- -j8 -l8
[0.563s] [  0%] Built target controller_manager_msgs__cpp
[0.563s] [ 12%] Built target controller_manager_msgs__rosidl_generator_c
[0.563s] [ 24%] Built target controller_manager_msgs__rosidl_typesupport_cpp
[0.563s] [ 36%] Built target controller_manager_msgs__rosidl_typesupport_fastrtps_cpp
[0.563s] [ 48%] Built target controller_manager_msgs__rosidl_typesupport_introspection_cpp
[0.563s] [ 60%] Built target controller_manager_msgs__rosidl_typesupport_c
[0.563s] [ 72%] Built target controller_manager_msgs__rosidl_typesupport_introspection_c
[0.563s] [ 84%] Built target controller_manager_msgs__rosidl_typesupport_fastrtps_c
[0.563s] [ 84%] Built target controller_manager_msgs
[0.564s] [ 85%] Built target controller_manager_msgs__py
[0.680s] [ 96%] Built target controller_manager_msgs__python
[0.786s] [ 98%] Built target controller_manager_msgs__rosidl_typesupport_introspection_c__pyext
[0.820s] [ 99%] Built target controller_manager_msgs__rosidl_typesupport_fastrtps_c__pyext
[0.836s] [100%] Built target controller_manager_msgs__rosidl_typesupport_c__pyext
[0.923s] Invoked command in '/home/raul/bookros2_ws/build/controller_manager_msgs' returned '0': CMAKE_PREFIX_PATH=${CMAKE_PREFIX_PATH}:/home/raul/bookros2_ws/install/ros2controlcli:/home/raul/bookros2_ws/install/launch_pal:/home/raul/bookros2_ws/install/br2_fsm_bumpgo_py:/opt/ros/foxy /usr/bin/cmake --build /home/raul/bookros2_ws/build/controller_manager_msgs -- -j8 -l8
[2.940s] Invoking command in '/home/raul/bookros2_ws/build/controller_manager_msgs': CMAKE_PREFIX_PATH=${CMAKE_PREFIX_PATH}:/home/raul/bookros2_ws/install/ros2controlcli:/home/raul/bookros2_ws/install/launch_pal:/home/raul/bookros2_ws/install/br2_fsm_bumpgo_py:/opt/ros/foxy /usr/bin/cmake --install /home/raul/bookros2_ws/build/controller_manager_msgs
[2.998s] -- Install configuration: ""
[3.001s] -- Execute custom install script
[3.002s] -- Up-to-date symlink: /home/raul/bookros2_ws/install/controller_manager_msgs/share/ament_index/resource_index/rosidl_interfaces/controller_manager_msgs
[3.009s] -- Up-to-date symlink: /home/raul/bookros2_ws/install/controller_manager_msgs/include/controller_manager_msgs/msg/controller_state.h
[3.010s] -- Up-to-date symlink: /home/raul/bookros2_ws/install/controller_manager_msgs/include/controller_manager_msgs/msg/detail/controller_state__functions.h
[3.010s] -- Up-to-date symlink: /home/raul/bookros2_ws/install/controller_manager_msgs/include/controller_manager_msgs/msg/detail/controller_state__struct.h
[3.010s] -- Up-to-date symlink: /home/raul/bookros2_ws/install/controller_manager_msgs/include/controller_manager_msgs/msg/detail/controller_state__type_support.h
[3.012s] -- Up-to-date symlink: /home/raul/bookros2_ws/install/controller_manager_msgs/include/controller_manager_msgs/msg/detail/hardware_interface__functions.h
[3.014s] -- Up-to-date symlink: /home/raul/bookros2_ws/install/controller_manager_msgs/include/controller_manager_msgs/msg/detail/hardware_interface__struct.h
[3.015s] -- Up-to-date symlink: /home/raul/bookros2_ws/install/controller_manager_msgs/include/controller_manager_msgs/msg/detail/hardware_interface__type_support.h
[3.016s] -- Up-to-date symlink: /home/raul/bookros2_ws/install/controller_manager_msgs/include/controller_manager_msgs/msg/hardware_interface.h
[3.021s] -- Up-to-date symlink: /home/raul/bookros2_ws/install/controller_manager_msgs/include/controller_manager_msgs/msg/rosidl_generator_c__visibility_control.h
[3.021s] -- Up-to-date symlink: /home/raul/bookros2_ws/install/controller_manager_msgs/include/controller_manager_msgs/srv/configure_controller.h
[3.039s] -- Up-to-date symlink: /home/raul/bookros2_ws/install/controller_manager_msgs/include/controller_manager_msgs/srv/configure_start_controller.h
[3.039s] -- Up-to-date symlink: /home/raul/bookros2_ws/install/controller_manager_msgs/include/controller_manager_msgs/srv/detail/configure_controller__functions.h
[3.040s] -- Up-to-date symlink: /home/raul/bookros2_ws/install/controller_manager_msgs/include/controller_manager_msgs/srv/detail/configure_controller__struct.h
[3.040s] -- Up-to-date symlink: /home/raul/bookros2_ws/install/controller_manager_msgs/include/controller_manager_msgs/srv/detail/configure_controller__type_support.h
[3.040s] -- Up-to-date symlink: /home/raul/bookros2_ws/install/controller_manager_msgs/include/controller_manager_msgs/srv/detail/configure_start_controller__functions.h
[3.040s] -- Up-to-date symlink: /home/raul/bookros2_ws/install/controller_manager_msgs/include/controller_manager_msgs/srv/detail/configure_start_controller__struct.h
[3.041s] -- Up-to-date symlink: /home/raul/bookros2_ws/install/controller_manager_msgs/include/controller_manager_msgs/srv/detail/configure_start_controller__type_support.h
[3.043s] -- Up-to-date symlink: /home/raul/bookros2_ws/install/controller_manager_msgs/include/controller_manager_msgs/srv/detail/list_controller_types__functions.h
[3.044s] -- Up-to-date symlink: /home/raul/bookros2_ws/install/controller_manager_msgs/include/controller_manager_msgs/srv/detail/list_controller_types__struct.h
[3.056s] -- Up-to-date symlink: /home/raul/bookros2_ws/install/controller_manager_msgs/include/controller_manager_msgs/srv/detail/list_controller_types__type_support.h
[3.056s] -- Up-to-date symlink: /home/raul/bookros2_ws/install/controller_manager_msgs/include/controller_manager_msgs/srv/detail/list_controllers__functions.h
[3.057s] -- Up-to-date symlink: /home/raul/bookros2_ws/install/controller_manager_msgs/include/controller_manager_msgs/srv/detail/list_controllers__struct.h
[3.057s] -- Up-to-date symlink: /home/raul/bookros2_ws/install/controller_manager_msgs/include/controller_manager_msgs/srv/detail/list_controllers__type_support.h
[3.057s] -- Up-to-date symlink: /home/raul/bookros2_ws/install/controller_manager_msgs/include/controller_manager_msgs/srv/detail/list_hardware_interfaces__functions.h
[3.063s] -- Up-to-date symlink: /home/raul/bookros2_ws/install/controller_manager_msgs/include/controller_manager_msgs/srv/detail/list_hardware_interfaces__struct.h
[3.063s] -- Up-to-date symlink: /home/raul/bookros2_ws/install/controller_manager_msgs/include/controller_manager_msgs/srv/detail/list_hardware_interfaces__type_support.h
[3.063s] -- Up-to-date symlink: /home/raul/bookros2_ws/install/controller_manager_msgs/include/controller_manager_msgs/srv/detail/load_configure_controller__functions.h
[3.063s] -- Up-to-date symlink: /home/raul/bookros2_ws/install/controller_manager_msgs/include/controller_manager_msgs/srv/detail/load_configure_controller__struct.h
[3.063s] -- Up-to-date symlink: /home/raul/bookros2_ws/install/controller_manager_msgs/include/controller_manager_msgs/srv/detail/load_configure_controller__type_support.h
[3.063s] -- Up-to-date symlink: /home/raul/bookros2_ws/install/controller_manager_msgs/include/controller_manager_msgs/srv/detail/load_controller__functions.h
[3.063s] -- Up-to-date symlink: /home/raul/bookros2_ws/install/controller_manager_msgs/include/controller_manager_msgs/srv/detail/load_controller__struct.h
[3.063s] -- Up-to-date symlink: /home/raul/bookros2_ws/install/controller_manager_msgs/include/controller_manager_msgs/srv/detail/load_controller__type_support.h
[3.063s] -- Up-to-date symlink: /home/raul/bookros2_ws/install/controller_manager_msgs/include/controller_manager_msgs/srv/detail/load_start_controller__functions.h
[3.063s] -- Up-to-date symlink: /home/raul/bookros2_ws/install/controller_manager_msgs/include/controller_manager_msgs/srv/detail/load_start_controller__struct.h
[3.063s] -- Up-to-date symlink: /home/raul/bookros2_ws/install/controller_manager_msgs/include/controller_manager_msgs/srv/detail/load_start_controller__type_support.h
[3.064s] -- Up-to-date symlink: /home/raul/bookros2_ws/install/controller_manager_msgs/include/controller_manager_msgs/srv/detail/reload_controller_libraries__functions.h
[3.064s] -- Up-to-date symlink: /home/raul/bookros2_ws/install/controller_manager_msgs/include/controller_manager_msgs/srv/detail/reload_controller_libraries__struct.h
[3.064s] -- Up-to-date symlink: /home/raul/bookros2_ws/install/controller_manager_msgs/include/controller_manager_msgs/srv/detail/reload_controller_libraries__type_support.h
[3.064s] -- Up-to-date symlink: /home/raul/bookros2_ws/install/controller_manager_msgs/include/controller_manager_msgs/srv/detail/switch_controller__functions.h
[3.065s] -- Up-to-date symlink: /home/raul/bookros2_ws/install/controller_manager_msgs/include/controller_manager_msgs/srv/detail/switch_controller__struct.h
[3.065s] -- Up-to-date symlink: /home/raul/bookros2_ws/install/controller_manager_msgs/include/controller_manager_msgs/srv/detail/switch_controller__type_support.h
[3.066s] -- Up-to-date symlink: /home/raul/bookros2_ws/install/controller_manager_msgs/include/controller_manager_msgs/srv/detail/unload_controller__functions.h
[3.066s] -- Up-to-date symlink: /home/raul/bookros2_ws/install/controller_manager_msgs/include/controller_manager_msgs/srv/detail/unload_controller__struct.h
[3.070s] -- Up-to-date symlink: /home/raul/bookros2_ws/install/controller_manager_msgs/include/controller_manager_msgs/srv/detail/unload_controller__type_support.h
[3.071s] -- Up-to-date symlink: /home/raul/bookros2_ws/install/controller_manager_msgs/include/controller_manager_msgs/srv/list_controller_types.h
[3.071s] -- Up-to-date symlink: /home/raul/bookros2_ws/install/controller_manager_msgs/include/controller_manager_msgs/srv/list_controllers.h
[3.071s] -- Up-to-date symlink: /home/raul/bookros2_ws/install/controller_manager_msgs/include/controller_manager_msgs/srv/list_hardware_interfaces.h
[3.071s] -- Up-to-date symlink: /home/raul/bookros2_ws/install/controller_manager_msgs/include/controller_manager_msgs/srv/load_configure_controller.h
[3.071s] -- Up-to-date symlink: /home/raul/bookros2_ws/install/controller_manager_msgs/include/controller_manager_msgs/srv/load_controller.h
[3.071s] -- Up-to-date symlink: /home/raul/bookros2_ws/install/controller_manager_msgs/include/controller_manager_msgs/srv/load_start_controller.h
[3.071s] -- Up-to-date symlink: /home/raul/bookros2_ws/install/controller_manager_msgs/include/controller_manager_msgs/srv/reload_controller_libraries.h
[3.072s] -- Up-to-date symlink: /home/raul/bookros2_ws/install/controller_manager_msgs/include/controller_manager_msgs/srv/switch_controller.h
[3.074s] -- Up-to-date symlink: /home/raul/bookros2_ws/install/controller_manager_msgs/include/controller_manager_msgs/srv/unload_controller.h
[3.074s] -- Up-to-date symlink: /home/raul/bookros2_ws/install/controller_manager_msgs/share/controller_manager_msgs/environment/library_path.sh
[3.074s] -- Up-to-date symlink: /home/raul/bookros2_ws/install/controller_manager_msgs/share/controller_manager_msgs/environment/library_path.dsv
[3.074s] -- Up-to-date symlink: /home/raul/bookros2_ws/install/controller_manager_msgs/include/controller_manager_msgs/msg/detail/controller_state__rosidl_typesupport_fastrtps_c.h
[3.075s] -- Up-to-date symlink: /home/raul/bookros2_ws/install/controller_manager_msgs/include/controller_manager_msgs/msg/detail/hardware_interface__rosidl_typesupport_fastrtps_c.h
[3.075s] -- Up-to-date symlink: /home/raul/bookros2_ws/install/controller_manager_msgs/include/controller_manager_msgs/msg/rosidl_typesupport_fastrtps_c__visibility_control.h
[3.079s] -- Up-to-date symlink: /home/raul/bookros2_ws/install/controller_manager_msgs/include/controller_manager_msgs/srv/detail/configure_controller__rosidl_typesupport_fastrtps_c.h
[3.080s] -- Up-to-date symlink: /home/raul/bookros2_ws/install/controller_manager_msgs/include/controller_manager_msgs/srv/detail/configure_start_controller__rosidl_typesupport_fastrtps_c.h
[3.080s] -- Up-to-date symlink: /home/raul/bookros2_ws/install/controller_manager_msgs/include/controller_manager_msgs/srv/detail/list_controller_types__rosidl_typesupport_fastrtps_c.h
[3.091s] -- Up-to-date symlink: /home/raul/bookros2_ws/install/controller_manager_msgs/include/controller_manager_msgs/srv/detail/list_controllers__rosidl_typesupport_fastrtps_c.h
[3.092s] -- Up-to-date symlink: /home/raul/bookros2_ws/install/controller_manager_msgs/include/controller_manager_msgs/srv/detail/list_hardware_interfaces__rosidl_typesupport_fastrtps_c.h
[3.092s] -- Up-to-date symlink: /home/raul/bookros2_ws/install/controller_manager_msgs/include/controller_manager_msgs/srv/detail/load_configure_controller__rosidl_typesupport_fastrtps_c.h
[3.092s] -- Up-to-date symlink: /home/raul/bookros2_ws/install/controller_manager_msgs/include/controller_manager_msgs/srv/detail/load_controller__rosidl_typesupport_fastrtps_c.h
[3.092s] -- Up-to-date symlink: /home/raul/bookros2_ws/install/controller_manager_msgs/include/controller_manager_msgs/srv/detail/load_start_controller__rosidl_typesupport_fastrtps_c.h
[3.093s] -- Up-to-date symlink: /home/raul/bookros2_ws/install/controller_manager_msgs/include/controller_manager_msgs/srv/detail/reload_controller_libraries__rosidl_typesupport_fastrtps_c.h
[3.093s] -- Up-to-date symlink: /home/raul/bookros2_ws/install/controller_manager_msgs/include/controller_manager_msgs/srv/detail/switch_controller__rosidl_typesupport_fastrtps_c.h
[3.096s] -- Up-to-date symlink: /home/raul/bookros2_ws/install/controller_manager_msgs/include/controller_manager_msgs/srv/detail/unload_controller__rosidl_typesupport_fastrtps_c.h
[3.099s] -- Up-to-date symlink: /home/raul/bookros2_ws/install/controller_manager_msgs/lib/libcontroller_manager_msgs__rosidl_typesupport_fastrtps_c.so
[3.104s] -- Up-to-date symlink: /home/raul/bookros2_ws/install/controller_manager_msgs/include/controller_manager_msgs/msg/detail/controller_state__rosidl_typesupport_fastrtps_cpp.hpp
[3.104s] -- Up-to-date symlink: /home/raul/bookros2_ws/install/controller_manager_msgs/include/controller_manager_msgs/msg/detail/hardware_interface__rosidl_typesupport_fastrtps_cpp.hpp
[3.104s] -- Up-to-date symlink: /home/raul/bookros2_ws/install/controller_manager_msgs/include/controller_manager_msgs/msg/rosidl_typesupport_fastrtps_cpp__visibility_control.h
[3.111s] -- Up-to-date symlink: /home/raul/bookros2_ws/install/controller_manager_msgs/include/controller_manager_msgs/srv/detail/configure_controller__rosidl_typesupport_fastrtps_cpp.hpp
[3.119s] -- Up-to-date symlink: /home/raul/bookros2_ws/install/controller_manager_msgs/include/controller_manager_msgs/srv/detail/configure_start_controller__rosidl_typesupport_fastrtps_cpp.hpp
[3.119s] -- Up-to-date symlink: /home/raul/bookros2_ws/install/controller_manager_msgs/include/controller_manager_msgs/srv/detail/list_controller_types__rosidl_typesupport_fastrtps_cpp.hpp
[3.119s] -- Up-to-date symlink: /home/raul/bookros2_ws/install/controller_manager_msgs/include/controller_manager_msgs/srv/detail/list_controllers__rosidl_typesupport_fastrtps_cpp.hpp
[3.119s] -- Up-to-date symlink: /home/raul/bookros2_ws/install/controller_manager_msgs/include/controller_manager_msgs/srv/detail/list_hardware_interfaces__rosidl_typesupport_fastrtps_cpp.hpp
[3.119s] -- Up-to-date symlink: /home/raul/bookros2_ws/install/controller_manager_msgs/include/controller_manager_msgs/srv/detail/load_configure_controller__rosidl_typesupport_fastrtps_cpp.hpp
[3.119s] -- Up-to-date symlink: /home/raul/bookros2_ws/install/controller_manager_msgs/include/controller_manager_msgs/srv/detail/load_controller__rosidl_typesupport_fastrtps_cpp.hpp
[3.119s] -- Up-to-date symlink: /home/raul/bookros2_ws/install/controller_manager_msgs/include/controller_manager_msgs/srv/detail/load_start_controller__rosidl_typesupport_fastrtps_cpp.hpp
[3.123s] -- Up-to-date symlink: /home/raul/bookros2_ws/install/controller_manager_msgs/include/controller_manager_msgs/srv/detail/reload_controller_libraries__rosidl_typesupport_fastrtps_cpp.hpp
[3.123s] -- Up-to-date symlink: /home/raul/bookros2_ws/install/controller_manager_msgs/include/controller_manager_msgs/srv/detail/switch_controller__rosidl_typesupport_fastrtps_cpp.hpp
[3.123s] -- Up-to-date symlink: /home/raul/bookros2_ws/install/controller_manager_msgs/include/controller_manager_msgs/srv/detail/unload_controller__rosidl_typesupport_fastrtps_cpp.hpp
[3.125s] -- Up-to-date symlink: /home/raul/bookros2_ws/install/controller_manager_msgs/lib/libcontroller_manager_msgs__rosidl_typesupport_fastrtps_cpp.so
[3.128s] -- Up-to-date symlink: /home/raul/bookros2_ws/install/controller_manager_msgs/include/controller_manager_msgs/msg/detail/controller_state__rosidl_typesupport_introspection_c.h
[3.129s] -- Up-to-date symlink: /home/raul/bookros2_ws/install/controller_manager_msgs/include/controller_manager_msgs/msg/detail/hardware_interface__rosidl_typesupport_introspection_c.h
[3.135s] -- Up-to-date symlink: /home/raul/bookros2_ws/install/controller_manager_msgs/include/controller_manager_msgs/msg/rosidl_typesupport_introspection_c__visibility_control.h
[3.137s] -- Up-to-date symlink: /home/raul/bookros2_ws/install/controller_manager_msgs/include/controller_manager_msgs/srv/detail/configure_controller__rosidl_typesupport_introspection_c.h
[3.138s] -- Up-to-date symlink: /home/raul/bookros2_ws/install/controller_manager_msgs/include/controller_manager_msgs/srv/detail/configure_start_controller__rosidl_typesupport_introspection_c.h
[3.143s] -- Up-to-date symlink: /home/raul/bookros2_ws/install/controller_manager_msgs/include/controller_manager_msgs/srv/detail/list_controller_types__rosidl_typesupport_introspection_c.h
[3.143s] -- Up-to-date symlink: /home/raul/bookros2_ws/install/controller_manager_msgs/include/controller_manager_msgs/srv/detail/list_controllers__rosidl_typesupport_introspection_c.h
[3.143s] -- Up-to-date symlink: /home/raul/bookros2_ws/install/controller_manager_msgs/include/controller_manager_msgs/srv/detail/list_hardware_interfaces__rosidl_typesupport_introspection_c.h
[3.143s] -- Up-to-date symlink: /home/raul/bookros2_ws/install/controller_manager_msgs/include/controller_manager_msgs/srv/detail/load_configure_controller__rosidl_typesupport_introspection_c.h
[3.147s] -- Up-to-date symlink: /home/raul/bookros2_ws/install/controller_manager_msgs/include/controller_manager_msgs/srv/detail/load_controller__rosidl_typesupport_introspection_c.h
[3.147s] -- Up-to-date symlink: /home/raul/bookros2_ws/install/controller_manager_msgs/include/controller_manager_msgs/srv/detail/load_start_controller__rosidl_typesupport_introspection_c.h
[3.148s] -- Up-to-date symlink: /home/raul/bookros2_ws/install/controller_manager_msgs/include/controller_manager_msgs/srv/detail/reload_controller_libraries__rosidl_typesupport_introspection_c.h
[3.148s] -- Up-to-date symlink: /home/raul/bookros2_ws/install/controller_manager_msgs/include/controller_manager_msgs/srv/detail/switch_controller__rosidl_typesupport_introspection_c.h
[3.148s] -- Up-to-date symlink: /home/raul/bookros2_ws/install/controller_manager_msgs/include/controller_manager_msgs/srv/detail/unload_controller__rosidl_typesupport_introspection_c.h
[3.150s] -- Up-to-date symlink: /home/raul/bookros2_ws/install/controller_manager_msgs/include/controller_manager_msgs/msg/controller_state.hpp
[3.151s] -- Up-to-date symlink: /home/raul/bookros2_ws/install/controller_manager_msgs/include/controller_manager_msgs/msg/detail/controller_state__builder.hpp
[3.151s] -- Up-to-date symlink: /home/raul/bookros2_ws/install/controller_manager_msgs/include/controller_manager_msgs/msg/detail/controller_state__struct.hpp
[3.152s] -- Up-to-date symlink: /home/raul/bookros2_ws/install/controller_manager_msgs/include/controller_manager_msgs/msg/detail/controller_state__traits.hpp
[3.153s] -- Up-to-date symlink: /home/raul/bookros2_ws/install/controller_manager_msgs/include/controller_manager_msgs/msg/detail/hardware_interface__builder.hpp
[3.153s] -- Up-to-date symlink: /home/raul/bookros2_ws/install/controller_manager_msgs/include/controller_manager_msgs/msg/detail/hardware_interface__struct.hpp
[3.154s] -- Up-to-date symlink: /home/raul/bookros2_ws/install/controller_manager_msgs/include/controller_manager_msgs/msg/detail/hardware_interface__traits.hpp
[3.155s] -- Up-to-date symlink: /home/raul/bookros2_ws/install/controller_manager_msgs/include/controller_manager_msgs/msg/hardware_interface.hpp
[3.155s] -- Up-to-date symlink: /home/raul/bookros2_ws/install/controller_manager_msgs/include/controller_manager_msgs/srv/configure_controller.hpp
[3.156s] -- Up-to-date symlink: /home/raul/bookros2_ws/install/controller_manager_msgs/include/controller_manager_msgs/srv/configure_start_controller.hpp
[3.156s] -- Up-to-date symlink: /home/raul/bookros2_ws/install/controller_manager_msgs/include/controller_manager_msgs/srv/detail/configure_controller__builder.hpp
[3.157s] -- Up-to-date symlink: /home/raul/bookros2_ws/install/controller_manager_msgs/include/controller_manager_msgs/srv/detail/configure_controller__struct.hpp
[3.162s] -- Up-to-date symlink: /home/raul/bookros2_ws/install/controller_manager_msgs/include/controller_manager_msgs/srv/detail/configure_controller__traits.hpp
[3.165s] -- Up-to-date symlink: /home/raul/bookros2_ws/install/controller_manager_msgs/include/controller_manager_msgs/srv/detail/configure_start_controller__builder.hpp
[3.167s] -- Up-to-date symlink: /home/raul/bookros2_ws/install/controller_manager_msgs/include/controller_manager_msgs/srv/detail/configure_start_controller__struct.hpp
[3.167s] -- Up-to-date symlink: /home/raul/bookros2_ws/install/controller_manager_msgs/include/controller_manager_msgs/srv/detail/configure_start_controller__traits.hpp
[3.167s] -- Up-to-date symlink: /home/raul/bookros2_ws/install/controller_manager_msgs/include/controller_manager_msgs/srv/detail/list_controller_types__builder.hpp
[3.172s] -- Up-to-date symlink: /home/raul/bookros2_ws/install/controller_manager_msgs/include/controller_manager_msgs/srv/detail/list_controller_types__struct.hpp
[3.172s] -- Up-to-date symlink: /home/raul/bookros2_ws/install/controller_manager_msgs/include/controller_manager_msgs/srv/detail/list_controller_types__traits.hpp
[3.173s] -- Up-to-date symlink: /home/raul/bookros2_ws/install/controller_manager_msgs/include/controller_manager_msgs/srv/detail/list_controllers__builder.hpp
[3.173s] -- Up-to-date symlink: /home/raul/bookros2_ws/install/controller_manager_msgs/include/controller_manager_msgs/srv/detail/list_controllers__struct.hpp
[3.176s] -- Up-to-date symlink: /home/raul/bookros2_ws/install/controller_manager_msgs/include/controller_manager_msgs/srv/detail/list_controllers__traits.hpp
[3.189s] -- Up-to-date symlink: /home/raul/bookros2_ws/install/controller_manager_msgs/include/controller_manager_msgs/srv/detail/list_hardware_interfaces__builder.hpp
[3.211s] -- Up-to-date symlink: /home/raul/bookros2_ws/install/controller_manager_msgs/include/controller_manager_msgs/srv/detail/list_hardware_interfaces__struct.hpp
[3.211s] -- Up-to-date symlink: /home/raul/bookros2_ws/install/controller_manager_msgs/include/controller_manager_msgs/srv/detail/list_hardware_interfaces__traits.hpp
[3.211s] -- Up-to-date symlink: /home/raul/bookros2_ws/install/controller_manager_msgs/include/controller_manager_msgs/srv/detail/load_configure_controller__builder.hpp
[3.212s] -- Up-to-date symlink: /home/raul/bookros2_ws/install/controller_manager_msgs/include/controller_manager_msgs/srv/detail/load_configure_controller__struct.hpp
[3.213s] -- Up-to-date symlink: /home/raul/bookros2_ws/install/controller_manager_msgs/include/controller_manager_msgs/srv/detail/load_configure_controller__traits.hpp
[3.220s] -- Up-to-date symlink: /home/raul/bookros2_ws/install/controller_manager_msgs/include/controller_manager_msgs/srv/detail/load_controller__builder.hpp
[3.221s] -- Up-to-date symlink: /home/raul/bookros2_ws/install/controller_manager_msgs/include/controller_manager_msgs/srv/detail/load_controller__struct.hpp
[3.222s] -- Up-to-date symlink: /home/raul/bookros2_ws/install/controller_manager_msgs/include/controller_manager_msgs/srv/detail/load_controller__traits.hpp
[3.222s] -- Up-to-date symlink: /home/raul/bookros2_ws/install/controller_manager_msgs/include/controller_manager_msgs/srv/detail/load_start_controller__builder.hpp
[3.223s] -- Up-to-date symlink: /home/raul/bookros2_ws/install/controller_manager_msgs/include/controller_manager_msgs/srv/detail/load_start_controller__struct.hpp
[3.225s] -- Up-to-date symlink: /home/raul/bookros2_ws/install/controller_manager_msgs/include/controller_manager_msgs/srv/detail/load_start_controller__traits.hpp
[3.227s] -- Up-to-date symlink: /home/raul/bookros2_ws/install/controller_manager_msgs/include/controller_manager_msgs/srv/detail/reload_controller_libraries__builder.hpp
[3.230s] -- Up-to-date symlink: /home/raul/bookros2_ws/install/controller_manager_msgs/include/controller_manager_msgs/srv/detail/reload_controller_libraries__struct.hpp
[3.249s] -- Up-to-date symlink: /home/raul/bookros2_ws/install/controller_manager_msgs/include/controller_manager_msgs/srv/detail/reload_controller_libraries__traits.hpp
[3.250s] -- Up-to-date symlink: /home/raul/bookros2_ws/install/controller_manager_msgs/include/controller_manager_msgs/srv/detail/switch_controller__builder.hpp
[3.250s] -- Up-to-date symlink: /home/raul/bookros2_ws/install/controller_manager_msgs/include/controller_manager_msgs/srv/detail/switch_controller__struct.hpp
[3.250s] -- Up-to-date symlink: /home/raul/bookros2_ws/install/controller_manager_msgs/include/controller_manager_msgs/srv/detail/switch_controller__traits.hpp
[3.251s] -- Up-to-date symlink: /home/raul/bookros2_ws/install/controller_manager_msgs/include/controller_manager_msgs/srv/detail/unload_controller__builder.hpp
[3.252s] -- Up-to-date symlink: /home/raul/bookros2_ws/install/controller_manager_msgs/include/controller_manager_msgs/srv/detail/unload_controller__struct.hpp
[3.254s] -- Up-to-date symlink: /home/raul/bookros2_ws/install/controller_manager_msgs/include/controller_manager_msgs/srv/detail/unload_controller__traits.hpp
[3.255s] -- Up-to-date symlink: /home/raul/bookros2_ws/install/controller_manager_msgs/include/controller_manager_msgs/srv/list_controller_types.hpp
[3.256s] -- Up-to-date symlink: /home/raul/bookros2_ws/install/controller_manager_msgs/include/controller_manager_msgs/srv/list_controllers.hpp
[3.257s] -- Up-to-date symlink: /home/raul/bookros2_ws/install/controller_manager_msgs/include/controller_manager_msgs/srv/list_hardware_interfaces.hpp
[3.262s] -- Up-to-date symlink: /home/raul/bookros2_ws/install/controller_manager_msgs/include/controller_manager_msgs/srv/load_configure_controller.hpp
[3.267s] -- Up-to-date symlink: /home/raul/bookros2_ws/install/controller_manager_msgs/include/controller_manager_msgs/srv/load_controller.hpp
[3.267s] -- Up-to-date symlink: /home/raul/bookros2_ws/install/controller_manager_msgs/include/controller_manager_msgs/srv/load_start_controller.hpp
[3.268s] -- Up-to-date symlink: /home/raul/bookros2_ws/install/controller_manager_msgs/include/controller_manager_msgs/srv/reload_controller_libraries.hpp
[3.270s] -- Up-to-date symlink: /home/raul/bookros2_ws/install/controller_manager_msgs/include/controller_manager_msgs/srv/switch_controller.hpp
[3.270s] -- Up-to-date symlink: /home/raul/bookros2_ws/install/controller_manager_msgs/include/controller_manager_msgs/srv/unload_controller.hpp
[3.291s] -- Up-to-date symlink: /home/raul/bookros2_ws/install/controller_manager_msgs/include/controller_manager_msgs/msg/detail/controller_state__rosidl_typesupport_introspection_cpp.hpp
[3.291s] -- Up-to-date symlink: /home/raul/bookros2_ws/install/controller_manager_msgs/include/controller_manager_msgs/msg/detail/hardware_interface__rosidl_typesupport_introspection_cpp.hpp
[3.291s] -- Up-to-date symlink: /home/raul/bookros2_ws/install/controller_manager_msgs/include/controller_manager_msgs/srv/detail/configure_controller__rosidl_typesupport_introspection_cpp.hpp
[3.291s] -- Up-to-date symlink: /home/raul/bookros2_ws/install/controller_manager_msgs/include/controller_manager_msgs/srv/detail/configure_start_controller__rosidl_typesupport_introspection_cpp.hpp
[3.331s] -- Up-to-date symlink: /home/raul/bookros2_ws/install/controller_manager_msgs/include/controller_manager_msgs/srv/detail/list_controller_types__rosidl_typesupport_introspection_cpp.hpp
[3.332s] -- Up-to-date symlink: /home/raul/bookros2_ws/install/controller_manager_msgs/include/controller_manager_msgs/srv/detail/list_controllers__rosidl_typesupport_introspection_cpp.hpp
[3.332s] -- Up-to-date symlink: /home/raul/bookros2_ws/install/controller_manager_msgs/include/controller_manager_msgs/srv/detail/list_hardware_interfaces__rosidl_typesupport_introspection_cpp.hpp
[3.333s] -- Up-to-date symlink: /home/raul/bookros2_ws/install/controller_manager_msgs/include/controller_manager_msgs/srv/detail/load_configure_controller__rosidl_typesupport_introspection_cpp.hpp
[3.334s] -- Up-to-date symlink: /home/raul/bookros2_ws/install/controller_manager_msgs/include/controller_manager_msgs/srv/detail/load_controller__rosidl_typesupport_introspection_cpp.hpp
[3.334s] -- Up-to-date symlink: /home/raul/bookros2_ws/install/controller_manager_msgs/include/controller_manager_msgs/srv/detail/load_start_controller__rosidl_typesupport_introspection_cpp.hpp
[3.334s] -- Up-to-date symlink: /home/raul/bookros2_ws/install/controller_manager_msgs/include/controller_manager_msgs/srv/detail/reload_controller_libraries__rosidl_typesupport_introspection_cpp.hpp
[3.336s] -- Up-to-date symlink: /home/raul/bookros2_ws/install/controller_manager_msgs/include/controller_manager_msgs/srv/detail/switch_controller__rosidl_typesupport_introspection_cpp.hpp
[3.337s] -- Up-to-date symlink: /home/raul/bookros2_ws/install/controller_manager_msgs/include/controller_manager_msgs/srv/detail/unload_controller__rosidl_typesupport_introspection_cpp.hpp
[3.337s] -- Up-to-date symlink: /home/raul/bookros2_ws/install/controller_manager_msgs/share/controller_manager_msgs/environment/pythonpath.sh
[3.342s] -- Up-to-date symlink: /home/raul/bookros2_ws/install/controller_manager_msgs/share/controller_manager_msgs/environment/pythonpath.dsv
[3.343s] -- Up-to-date symlink: /home/raul/bookros2_ws/install/controller_manager_msgs/lib/python3.8/site-packages/controller_manager_msgs/__init__.py
[3.343s] -- Up-to-date symlink: /home/raul/bookros2_ws/install/controller_manager_msgs/lib/python3.8/site-packages/controller_manager_msgs/msg/__init__.py
[3.343s] -- Up-to-date symlink: /home/raul/bookros2_ws/install/controller_manager_msgs/lib/python3.8/site-packages/controller_manager_msgs/msg/_controller_state.py
[3.344s] -- Up-to-date symlink: /home/raul/bookros2_ws/install/controller_manager_msgs/lib/python3.8/site-packages/controller_manager_msgs/msg/_hardware_interface.py
[3.344s] -- Up-to-date symlink: /home/raul/bookros2_ws/install/controller_manager_msgs/lib/python3.8/site-packages/controller_manager_msgs/srv/__init__.py
[3.344s] -- Up-to-date symlink: /home/raul/bookros2_ws/install/controller_manager_msgs/lib/python3.8/site-packages/controller_manager_msgs/srv/_configure_controller.py
[3.345s] -- Up-to-date symlink: /home/raul/bookros2_ws/install/controller_manager_msgs/lib/python3.8/site-packages/controller_manager_msgs/srv/_configure_start_controller.py
[3.345s] -- Up-to-date symlink: /home/raul/bookros2_ws/install/controller_manager_msgs/lib/python3.8/site-packages/controller_manager_msgs/srv/_list_controller_types.py
[3.363s] -- Up-to-date symlink: /home/raul/bookros2_ws/install/controller_manager_msgs/lib/python3.8/site-packages/controller_manager_msgs/srv/_list_controllers.py
[3.367s] -- Up-to-date symlink: /home/raul/bookros2_ws/install/controller_manager_msgs/lib/python3.8/site-packages/controller_manager_msgs/srv/_list_hardware_interfaces.py
[3.367s] -- Up-to-date symlink: /home/raul/bookros2_ws/install/controller_manager_msgs/lib/python3.8/site-packages/controller_manager_msgs/srv/_load_configure_controller.py
[3.368s] -- Up-to-date symlink: /home/raul/bookros2_ws/install/controller_manager_msgs/lib/python3.8/site-packages/controller_manager_msgs/srv/_load_controller.py
[3.368s] -- Up-to-date symlink: /home/raul/bookros2_ws/install/controller_manager_msgs/lib/python3.8/site-packages/controller_manager_msgs/srv/_load_start_controller.py
[3.368s] -- Up-to-date symlink: /home/raul/bookros2_ws/install/controller_manager_msgs/lib/python3.8/site-packages/controller_manager_msgs/srv/_reload_controller_libraries.py
[3.368s] -- Up-to-date symlink: /home/raul/bookros2_ws/install/controller_manager_msgs/lib/python3.8/site-packages/controller_manager_msgs/srv/_switch_controller.py
[3.368s] -- Up-to-date symlink: /home/raul/bookros2_ws/install/controller_manager_msgs/lib/python3.8/site-packages/controller_manager_msgs/srv/_unload_controller.py
[3.369s] -- Up-to-date symlink: /home/raul/bookros2_ws/install/controller_manager_msgs/lib/python3.8/site-packages/controller_manager_msgs/controller_manager_msgs_s__rosidl_typesupport_fastrtps_c.cpython-38-x86_64-linux-gnu.so
[3.369s] -- Up-to-date symlink: /home/raul/bookros2_ws/install/controller_manager_msgs/lib/python3.8/site-packages/controller_manager_msgs/controller_manager_msgs_s__rosidl_typesupport_introspection_c.cpython-38-x86_64-linux-gnu.so
[3.371s] -- Up-to-date symlink: /home/raul/bookros2_ws/install/controller_manager_msgs/lib/python3.8/site-packages/controller_manager_msgs/controller_manager_msgs_s__rosidl_typesupport_c.cpython-38-x86_64-linux-gnu.so
[3.371s] -- Up-to-date symlink: /home/raul/bookros2_ws/install/controller_manager_msgs/lib/libcontroller_manager_msgs__python.so
[3.371s] -- Up-to-date symlink: /home/raul/bookros2_ws/install/controller_manager_msgs/share/controller_manager_msgs/msg/ControllerState.idl
[3.371s] -- Up-to-date symlink: /home/raul/bookros2_ws/install/controller_manager_msgs/share/controller_manager_msgs/msg/HardwareInterface.idl
[3.371s] -- Up-to-date symlink: /home/raul/bookros2_ws/install/controller_manager_msgs/share/controller_manager_msgs/srv/ConfigureController.idl
[3.372s] -- Up-to-date symlink: /home/raul/bookros2_ws/install/controller_manager_msgs/share/controller_manager_msgs/srv/ConfigureStartController.idl
[3.372s] -- Up-to-date symlink: /home/raul/bookros2_ws/install/controller_manager_msgs/share/controller_manager_msgs/srv/ListControllers.idl
[3.372s] -- Up-to-date symlink: /home/raul/bookros2_ws/install/controller_manager_msgs/share/controller_manager_msgs/srv/ListControllerTypes.idl
[3.373s] -- Up-to-date symlink: /home/raul/bookros2_ws/install/controller_manager_msgs/share/controller_manager_msgs/srv/ListHardwareInterfaces.idl
[3.374s] -- Up-to-date symlink: /home/raul/bookros2_ws/install/controller_manager_msgs/share/controller_manager_msgs/srv/LoadConfigureController.idl
[3.374s] -- Up-to-date symlink: /home/raul/bookros2_ws/install/controller_manager_msgs/share/controller_manager_msgs/srv/LoadController.idl
[3.375s] -- Up-to-date symlink: /home/raul/bookros2_ws/install/controller_manager_msgs/share/controller_manager_msgs/srv/LoadStartController.idl
[3.375s] -- Up-to-date symlink: /home/raul/bookros2_ws/install/controller_manager_msgs/share/controller_manager_msgs/srv/ReloadControllerLibraries.idl
[3.375s] -- Up-to-date symlink: /home/raul/bookros2_ws/install/controller_manager_msgs/share/controller_manager_msgs/srv/SwitchController.idl
[3.375s] -- Up-to-date symlink: /home/raul/bookros2_ws/install/controller_manager_msgs/share/controller_manager_msgs/srv/UnloadController.idl
[3.376s] -- Up-to-date symlink: /home/raul/bookros2_ws/install/controller_manager_msgs/share/controller_manager_msgs/msg/ControllerState.msg
[3.379s] -- Up-to-date symlink: /home/raul/bookros2_ws/install/controller_manager_msgs/share/controller_manager_msgs/msg/HardwareInterface.msg
[3.379s] -- Up-to-date symlink: /home/raul/bookros2_ws/install/controller_manager_msgs/share/controller_manager_msgs/srv/ConfigureController.srv
[3.380s] -- Up-to-date symlink: /home/raul/bookros2_ws/install/controller_manager_msgs/share/controller_manager_msgs/srv/ConfigureController_Request.msg
[3.384s] -- Up-to-date symlink: /home/raul/bookros2_ws/install/controller_manager_msgs/share/controller_manager_msgs/srv/ConfigureController_Response.msg
[3.385s] -- Up-to-date symlink: /home/raul/bookros2_ws/install/controller_manager_msgs/share/controller_manager_msgs/srv/ConfigureStartController.srv
[3.386s] -- Up-to-date symlink: /home/raul/bookros2_ws/install/controller_manager_msgs/share/controller_manager_msgs/srv/ConfigureStartController_Request.msg
[3.386s] -- Up-to-date symlink: /home/raul/bookros2_ws/install/controller_manager_msgs/share/controller_manager_msgs/srv/ConfigureStartController_Response.msg
[3.386s] -- Up-to-date symlink: /home/raul/bookros2_ws/install/controller_manager_msgs/share/controller_manager_msgs/srv/ListControllers.srv
[3.386s] -- Up-to-date symlink: /home/raul/bookros2_ws/install/controller_manager_msgs/share/controller_manager_msgs/srv/ListControllers_Request.msg
[3.388s] -- Up-to-date symlink: /home/raul/bookros2_ws/install/controller_manager_msgs/share/controller_manager_msgs/srv/ListControllers_Response.msg
[3.388s] -- Up-to-date symlink: /home/raul/bookros2_ws/install/controller_manager_msgs/share/controller_manager_msgs/srv/ListControllerTypes.srv
[3.389s] -- Up-to-date symlink: /home/raul/bookros2_ws/install/controller_manager_msgs/share/controller_manager_msgs/srv/ListControllerTypes_Request.msg
[3.392s] -- Up-to-date symlink: /home/raul/bookros2_ws/install/controller_manager_msgs/share/controller_manager_msgs/srv/ListControllerTypes_Response.msg
[3.394s] -- Up-to-date symlink: /home/raul/bookros2_ws/install/controller_manager_msgs/share/controller_manager_msgs/srv/ListHardwareInterfaces.srv
[3.395s] -- Up-to-date symlink: /home/raul/bookros2_ws/install/controller_manager_msgs/share/controller_manager_msgs/srv/ListHardwareInterfaces_Request.msg
[3.395s] -- Up-to-date symlink: /home/raul/bookros2_ws/install/controller_manager_msgs/share/controller_manager_msgs/srv/ListHardwareInterfaces_Response.msg
[3.395s] -- Up-to-date symlink: /home/raul/bookros2_ws/install/controller_manager_msgs/share/controller_manager_msgs/srv/LoadConfigureController.srv
[3.396s] -- Up-to-date symlink: /home/raul/bookros2_ws/install/controller_manager_msgs/share/controller_manager_msgs/srv/LoadConfigureController_Request.msg
[3.398s] -- Up-to-date symlink: /home/raul/bookros2_ws/install/controller_manager_msgs/share/controller_manager_msgs/srv/LoadConfigureController_Response.msg
[3.398s] -- Up-to-date symlink: /home/raul/bookros2_ws/install/controller_manager_msgs/share/controller_manager_msgs/srv/LoadController.srv
[3.399s] -- Up-to-date symlink: /home/raul/bookros2_ws/install/controller_manager_msgs/share/controller_manager_msgs/srv/LoadController_Request.msg
[3.399s] -- Up-to-date symlink: /home/raul/bookros2_ws/install/controller_manager_msgs/share/controller_manager_msgs/srv/LoadController_Response.msg
[3.399s] -- Up-to-date symlink: /home/raul/bookros2_ws/install/controller_manager_msgs/share/controller_manager_msgs/srv/LoadStartController.srv
[3.401s] -- Up-to-date symlink: /home/raul/bookros2_ws/install/controller_manager_msgs/share/controller_manager_msgs/srv/LoadStartController_Request.msg
[3.401s] -- Up-to-date symlink: /home/raul/bookros2_ws/install/controller_manager_msgs/share/controller_manager_msgs/srv/LoadStartController_Response.msg
[3.402s] -- Up-to-date symlink: /home/raul/bookros2_ws/install/controller_manager_msgs/share/controller_manager_msgs/srv/ReloadControllerLibraries.srv
[3.402s] -- Up-to-date symlink: /home/raul/bookros2_ws/install/controller_manager_msgs/share/controller_manager_msgs/srv/ReloadControllerLibraries_Request.msg
[3.403s] -- Up-to-date symlink: /home/raul/bookros2_ws/install/controller_manager_msgs/share/controller_manager_msgs/srv/ReloadControllerLibraries_Response.msg
[3.403s] -- Up-to-date symlink: /home/raul/bookros2_ws/install/controller_manager_msgs/share/controller_manager_msgs/srv/SwitchController.srv
[3.403s] -- Up-to-date symlink: /home/raul/bookros2_ws/install/controller_manager_msgs/share/controller_manager_msgs/srv/SwitchController_Request.msg
[3.422s] -- Up-to-date symlink: /home/raul/bookros2_ws/install/controller_manager_msgs/share/controller_manager_msgs/srv/SwitchController_Response.msg
[3.422s] -- Up-to-date symlink: /home/raul/bookros2_ws/install/controller_manager_msgs/share/controller_manager_msgs/srv/UnloadController.srv
[3.423s] -- Up-to-date symlink: /home/raul/bookros2_ws/install/controller_manager_msgs/share/controller_manager_msgs/srv/UnloadController_Request.msg
[3.423s] -- Up-to-date symlink: /home/raul/bookros2_ws/install/controller_manager_msgs/share/controller_manager_msgs/srv/UnloadController_Response.msg
[3.423s] -- Up-to-date symlink: /home/raul/bookros2_ws/install/controller_manager_msgs/share/ament_index/resource_index/package_run_dependencies/controller_manager_msgs
[3.423s] -- Up-to-date symlink: /home/raul/bookros2_ws/install/controller_manager_msgs/share/ament_index/resource_index/parent_prefix_path/controller_manager_msgs
[3.424s] -- Up-to-date symlink: /home/raul/bookros2_ws/install/controller_manager_msgs/share/controller_manager_msgs/environment/ament_prefix_path.sh
[3.424s] -- Up-to-date symlink: /home/raul/bookros2_ws/install/controller_manager_msgs/share/controller_manager_msgs/environment/ament_prefix_path.dsv
[3.424s] -- Up-to-date symlink: /home/raul/bookros2_ws/install/controller_manager_msgs/share/controller_manager_msgs/environment/path.sh
[3.425s] -- Up-to-date symlink: /home/raul/bookros2_ws/install/controller_manager_msgs/share/controller_manager_msgs/environment/path.dsv
[3.425s] -- Up-to-date symlink: /home/raul/bookros2_ws/install/controller_manager_msgs/share/controller_manager_msgs/local_setup.bash
[3.425s] -- Up-to-date symlink: /home/raul/bookros2_ws/install/controller_manager_msgs/share/controller_manager_msgs/local_setup.sh
[3.426s] -- Up-to-date symlink: /home/raul/bookros2_ws/install/controller_manager_msgs/share/controller_manager_msgs/local_setup.zsh
[3.426s] -- Up-to-date symlink: /home/raul/bookros2_ws/install/controller_manager_msgs/share/controller_manager_msgs/local_setup.dsv
[3.426s] -- Symlinking: /home/raul/bookros2_ws/install/controller_manager_msgs/share/controller_manager_msgs/package.dsv
[3.433s] -- Up-to-date symlink: /home/raul/bookros2_ws/install/controller_manager_msgs/share/ament_index/resource_index/packages/controller_manager_msgs
[3.440s] -- Up-to-date symlink: /home/raul/bookros2_ws/install/controller_manager_msgs/share/controller_manager_msgs/cmake/rosidl_cmake-extras.cmake
[3.441s] -- Up-to-date symlink: /home/raul/bookros2_ws/install/controller_manager_msgs/share/controller_manager_msgs/cmake/ament_cmake_export_dependencies-extras.cmake
[3.441s] -- Up-to-date symlink: /home/raul/bookros2_ws/install/controller_manager_msgs/share/controller_manager_msgs/cmake/ament_cmake_export_libraries-extras.cmake
[3.441s] -- Up-to-date symlink: /home/raul/bookros2_ws/install/controller_manager_msgs/share/controller_manager_msgs/cmake/ament_cmake_export_targets-extras.cmake
[3.441s] -- Up-to-date symlink: /home/raul/bookros2_ws/install/controller_manager_msgs/share/controller_manager_msgs/cmake/ament_cmake_export_include_directories-extras.cmake
[3.442s] -- Up-to-date symlink: /home/raul/bookros2_ws/install/controller_manager_msgs/share/controller_manager_msgs/cmake/rosidl_cmake_export_typesupport_libraries-extras.cmake
[3.443s] -- Up-to-date symlink: /home/raul/bookros2_ws/install/controller_manager_msgs/share/controller_manager_msgs/cmake/rosidl_cmake_export_typesupport_targets-extras.cmake
[3.444s] -- Up-to-date symlink: /home/raul/bookros2_ws/install/controller_manager_msgs/share/controller_manager_msgs/cmake/controller_manager_msgsConfig.cmake
[3.446s] -- Up-to-date symlink: /home/raul/bookros2_ws/install/controller_manager_msgs/share/controller_manager_msgs/cmake/controller_manager_msgsConfig-version.cmake
[3.448s] -- Up-to-date symlink: /home/raul/bookros2_ws/install/controller_manager_msgs/share/controller_manager_msgs/package.xml
[3.449s] -- Up-to-date: /home/raul/bookros2_ws/install/controller_manager_msgs/lib/libcontroller_manager_msgs__rosidl_generator_c.so
[3.449s] -- Up-to-date: /home/raul/bookros2_ws/install/controller_manager_msgs/lib/libcontroller_manager_msgs__rosidl_typesupport_introspection_c.so
[3.449s] -- Up-to-date: /home/raul/bookros2_ws/install/controller_manager_msgs/lib/libcontroller_manager_msgs__rosidl_typesupport_c.so
[3.449s] -- Up-to-date: /home/raul/bookros2_ws/install/controller_manager_msgs/lib/libcontroller_manager_msgs__rosidl_typesupport_introspection_cpp.so
[3.449s] -- Up-to-date: /home/raul/bookros2_ws/install/controller_manager_msgs/lib/libcontroller_manager_msgs__rosidl_typesupport_cpp.so
[3.548s] -- Up-to-date: /home/raul/bookros2_ws/install/controller_manager_msgs/share/controller_manager_msgs/cmake/controller_manager_msgs__rosidl_generator_cExport.cmake
[3.548s] -- Up-to-date: /home/raul/bookros2_ws/install/controller_manager_msgs/share/controller_manager_msgs/cmake/controller_manager_msgs__rosidl_generator_cExport-noconfig.cmake
[3.550s] -- Up-to-date: /home/raul/bookros2_ws/install/controller_manager_msgs/share/controller_manager_msgs/cmake/controller_manager_msgs__rosidl_typesupport_introspection_cExport.cmake
[3.551s] -- Up-to-date: /home/raul/bookros2_ws/install/controller_manager_msgs/share/controller_manager_msgs/cmake/controller_manager_msgs__rosidl_typesupport_introspection_cExport-noconfig.cmake
[3.551s] -- Up-to-date: /home/raul/bookros2_ws/install/controller_manager_msgs/share/controller_manager_msgs/cmake/controller_manager_msgs__rosidl_typesupport_cExport.cmake
[3.552s] -- Up-to-date: /home/raul/bookros2_ws/install/controller_manager_msgs/share/controller_manager_msgs/cmake/controller_manager_msgs__rosidl_typesupport_cExport-noconfig.cmake
[3.553s] -- Up-to-date: /home/raul/bookros2_ws/install/controller_manager_msgs/share/controller_manager_msgs/cmake/controller_manager_msgs__rosidl_generator_cppExport.cmake
[3.553s] -- Up-to-date: /home/raul/bookros2_ws/install/controller_manager_msgs/share/controller_manager_msgs/cmake/controller_manager_msgs__rosidl_typesupport_introspection_cppExport.cmake
[3.555s] -- Up-to-date: /home/raul/bookros2_ws/install/controller_manager_msgs/share/controller_manager_msgs/cmake/controller_manager_msgs__rosidl_typesupport_introspection_cppExport-noconfig.cmake
[3.556s] -- Up-to-date: /home/raul/bookros2_ws/install/controller_manager_msgs/share/controller_manager_msgs/cmake/controller_manager_msgs__rosidl_typesupport_cppExport.cmake
[3.556s] -- Up-to-date: /home/raul/bookros2_ws/install/controller_manager_msgs/share/controller_manager_msgs/cmake/controller_manager_msgs__rosidl_typesupport_cppExport-noconfig.cmake
[3.664s] Invoked command in '/home/raul/bookros2_ws/build/controller_manager_msgs' returned '0': CMAKE_PREFIX_PATH=${CMAKE_PREFIX_PATH}:/home/raul/bookros2_ws/install/ros2controlcli:/home/raul/bookros2_ws/install/launch_pal:/home/raul/bookros2_ws/install/br2_fsm_bumpgo_py:/opt/ros/foxy /usr/bin/cmake --install /home/raul/bookros2_ws/build/controller_manager_msgs
