[0.154s] Invoking command in '/home/raul/bookros2_ws/build/br2_basics': CMAKE_PREFIX_PATH=${CMAKE_PREFIX_PATH}:/home/raul/bookros2_ws/install/ros2controlcli:/home/raul/bookros2_ws/install/launch_pal:/home/raul/bookros2_ws/install/br2_fsm_bumpgo_py:/opt/ros/foxy /usr/bin/cmake --build /home/raul/bookros2_ws/build/br2_basics -- -j8 -l8
[0.420s] [ 14%] Built target publisher
[0.432s] [ 28%] Built target logger
[0.439s] [ 42%] Built target logger_class
[0.439s] [ 57%] Built target executors
[0.440s] [ 71%] Built target subscriber_class
[0.440s] [ 85%] Built target publisher_class
[0.450s] [100%] Built target param_reader
[0.497s] Invoked command in '/home/raul/bookros2_ws/build/br2_basics' returned '0': CMAKE_PREFIX_PATH=${CMAKE_PREFIX_PATH}:/home/raul/bookros2_ws/install/ros2controlcli:/home/raul/bookros2_ws/install/launch_pal:/home/raul/bookros2_ws/install/br2_fsm_bumpgo_py:/opt/ros/foxy /usr/bin/cmake --build /home/raul/bookros2_ws/build/br2_basics -- -j8 -l8
[0.752s] Invoking command in '/home/raul/bookros2_ws/build/br2_basics': CMAKE_PREFIX_PATH=${CMAKE_PREFIX_PATH}:/home/raul/bookros2_ws/install/ros2controlcli:/home/raul/bookros2_ws/install/launch_pal:/home/raul/bookros2_ws/install/br2_fsm_bumpgo_py:/opt/ros/foxy /usr/bin/cmake --install /home/raul/bookros2_ws/build/br2_basics
[0.786s] -- Install configuration: ""
[0.786s] -- Execute custom install script
[0.786s] -- Up-to-date symlink: /home/raul/bookros2_ws/install/br2_basics/lib/br2_basics/publisher
[0.787s] -- Up-to-date symlink: /home/raul/bookros2_ws/install/br2_basics/lib/br2_basics/publisher_class
[0.788s] -- Up-to-date symlink: /home/raul/bookros2_ws/install/br2_basics/lib/br2_basics/subscriber_class
[0.788s] -- Up-to-date symlink: /home/raul/bookros2_ws/install/br2_basics/lib/br2_basics/executors
[0.788s] -- Up-to-date symlink: /home/raul/bookros2_ws/install/br2_basics/lib/br2_basics/logger
[0.789s] -- Up-to-date symlink: /home/raul/bookros2_ws/install/br2_basics/lib/br2_basics/logger_class
[0.789s] -- Up-to-date symlink: /home/raul/bookros2_ws/install/br2_basics/lib/br2_basics/param_reader
[0.794s] -- Up-to-date symlink: /home/raul/bookros2_ws/install/br2_basics/share/br2_basics/launch/includer_launch.py
[0.794s] -- Up-to-date symlink: /home/raul/bookros2_ws/install/br2_basics/share/br2_basics/launch/param_node_v1_launch.py
[0.795s] -- Up-to-date symlink: /home/raul/bookros2_ws/install/br2_basics/share/br2_basics/launch/param_node_v2_launch.py
[0.795s] -- Up-to-date symlink: /home/raul/bookros2_ws/install/br2_basics/share/br2_basics/launch/pub_sub_v1_launch.py
[0.795s] -- Up-to-date symlink: /home/raul/bookros2_ws/install/br2_basics/share/br2_basics/launch/pub_sub_v2_launch.py
[0.795s] -- Up-to-date symlink: /home/raul/bookros2_ws/install/br2_basics/share/br2_basics/config/params.yaml
[0.795s] -- Up-to-date symlink: /home/raul/bookros2_ws/install/br2_basics/share/ament_index/resource_index/package_run_dependencies/br2_basics
[0.796s] -- Up-to-date symlink: /home/raul/bookros2_ws/install/br2_basics/share/ament_index/resource_index/parent_prefix_path/br2_basics
[0.796s] -- Up-to-date symlink: /home/raul/bookros2_ws/install/br2_basics/share/br2_basics/environment/ament_prefix_path.sh
[0.796s] -- Up-to-date symlink: /home/raul/bookros2_ws/install/br2_basics/share/br2_basics/environment/ament_prefix_path.dsv
[0.796s] -- Up-to-date symlink: /home/raul/bookros2_ws/install/br2_basics/share/br2_basics/environment/path.sh
[0.796s] -- Up-to-date symlink: /home/raul/bookros2_ws/install/br2_basics/share/br2_basics/environment/path.dsv
[0.797s] -- Up-to-date symlink: /home/raul/bookros2_ws/install/br2_basics/share/br2_basics/local_setup.bash
[0.797s] -- Up-to-date symlink: /home/raul/bookros2_ws/install/br2_basics/share/br2_basics/local_setup.sh
[0.797s] -- Up-to-date symlink: /home/raul/bookros2_ws/install/br2_basics/share/br2_basics/local_setup.zsh
[0.798s] -- Up-to-date symlink: /home/raul/bookros2_ws/install/br2_basics/share/br2_basics/local_setup.dsv
[0.798s] -- Symlinking: /home/raul/bookros2_ws/install/br2_basics/share/br2_basics/package.dsv
[0.798s] -- Up-to-date symlink: /home/raul/bookros2_ws/install/br2_basics/share/ament_index/resource_index/packages/br2_basics
[0.799s] -- Up-to-date symlink: /home/raul/bookros2_ws/install/br2_basics/share/br2_basics/cmake/ament_cmake_export_dependencies-extras.cmake
[0.799s] -- Up-to-date symlink: /home/raul/bookros2_ws/install/br2_basics/share/br2_basics/cmake/br2_basicsConfig.cmake
[0.799s] -- Up-to-date symlink: /home/raul/bookros2_ws/install/br2_basics/share/br2_basics/cmake/br2_basicsConfig-version.cmake
[0.799s] -- Up-to-date symlink: /home/raul/bookros2_ws/install/br2_basics/share/br2_basics/package.xml
[0.887s] Invoked command in '/home/raul/bookros2_ws/build/br2_basics' returned '0': CMAKE_PREFIX_PATH=${CMAKE_PREFIX_PATH}:/home/raul/bookros2_ws/install/ros2controlcli:/home/raul/bookros2_ws/install/launch_pal:/home/raul/bookros2_ws/install/br2_fsm_bumpgo_py:/opt/ros/foxy /usr/bin/cmake --install /home/raul/bookros2_ws/build/br2_basics
