[1.506s] Invoking command in '/home/raul/bookros2_ws/build/launch_pal': PYTHONPATH=/home/raul/bookros2_ws/build/launch_pal/prefix_override:/home/raul/bookros2_ws/install/launch_pal/lib/python3.8/site-packages:${PYTHONPATH} /usr/bin/python3 setup.py develop --uninstall --editable --build-directory /home/raul/bookros2_ws/build/launch_pal/build
[1.860s] running develop
[2.029s] Removing /home/raul/bookros2_ws/install/launch_pal/lib/python3.8/site-packages/launch-pal.egg-link (link to .)
[2.121s] Invoked command in '/home/raul/bookros2_ws/build/launch_pal' returned '0': PYTHONPATH=/home/raul/bookros2_ws/build/launch_pal/prefix_override:/home/raul/bookros2_ws/install/launch_pal/lib/python3.8/site-packages:${PYTHONPATH} /usr/bin/python3 setup.py develop --uninstall --editable --build-directory /home/raul/bookros2_ws/build/launch_pal/build
[2.122s] Invoking command in '/home/raul/bookros2_ws/src/ThirdParty/launch_pal': PYTHONPATH=/home/raul/bookros2_ws/build/launch_pal/prefix_override:/home/raul/bookros2_ws/install/launch_pal/lib/python3.8/site-packages:${PYTHONPATH} /usr/bin/python3 setup.py egg_info --egg-base ../../../build/launch_pal build --build-base /home/raul/bookros2_ws/build/launch_pal/build install --record /home/raul/bookros2_ws/build/launch_pal/install.log --install-scripts $base/lib/launch_pal --single-version-externally-managed
[2.524s] running egg_info
[2.526s] writing ../../../build/launch_pal/launch_pal.egg-info/PKG-INFO
[2.526s] writing dependency_links to ../../../build/launch_pal/launch_pal.egg-info/dependency_links.txt
[2.527s] writing entry points to ../../../build/launch_pal/launch_pal.egg-info/entry_points.txt
[2.527s] writing requirements to ../../../build/launch_pal/launch_pal.egg-info/requires.txt
[2.527s] writing top-level names to ../../../build/launch_pal/launch_pal.egg-info/top_level.txt
[2.596s] reading manifest file '../../../build/launch_pal/launch_pal.egg-info/SOURCES.txt'
[2.598s] writing manifest file '../../../build/launch_pal/launch_pal.egg-info/SOURCES.txt'
[2.598s] running build
[2.598s] running build_py
[2.599s] creating /home/raul/bookros2_ws/build/launch_pal/build
[2.599s] creating /home/raul/bookros2_ws/build/launch_pal/build/lib
[2.599s] creating /home/raul/bookros2_ws/build/launch_pal/build/lib/launch_pal
[2.599s] copying launch_pal/param_utils.py -> /home/raul/bookros2_ws/build/launch_pal/build/lib/launch_pal
[2.600s] copying launch_pal/__init__.py -> /home/raul/bookros2_ws/build/launch_pal/build/lib/launch_pal
[2.600s] copying launch_pal/arg_utils.py -> /home/raul/bookros2_ws/build/launch_pal/build/lib/launch_pal
[2.601s] copying launch_pal/include_utils.py -> /home/raul/bookros2_ws/build/launch_pal/build/lib/launch_pal
[2.601s] running install
[2.603s] running install_lib
[2.605s] creating /home/raul/bookros2_ws/install/launch_pal/lib/python3.8/site-packages/launch_pal
[2.605s] copying /home/raul/bookros2_ws/build/launch_pal/build/lib/launch_pal/param_utils.py -> /home/raul/bookros2_ws/install/launch_pal/lib/python3.8/site-packages/launch_pal
[2.605s] copying /home/raul/bookros2_ws/build/launch_pal/build/lib/launch_pal/__init__.py -> /home/raul/bookros2_ws/install/launch_pal/lib/python3.8/site-packages/launch_pal
[2.606s] copying /home/raul/bookros2_ws/build/launch_pal/build/lib/launch_pal/arg_utils.py -> /home/raul/bookros2_ws/install/launch_pal/lib/python3.8/site-packages/launch_pal
[2.606s] copying /home/raul/bookros2_ws/build/launch_pal/build/lib/launch_pal/include_utils.py -> /home/raul/bookros2_ws/install/launch_pal/lib/python3.8/site-packages/launch_pal
[2.606s] byte-compiling /home/raul/bookros2_ws/install/launch_pal/lib/python3.8/site-packages/launch_pal/param_utils.py to param_utils.cpython-38.pyc
[2.616s] byte-compiling /home/raul/bookros2_ws/install/launch_pal/lib/python3.8/site-packages/launch_pal/__init__.py to __init__.cpython-38.pyc
[2.617s] byte-compiling /home/raul/bookros2_ws/install/launch_pal/lib/python3.8/site-packages/launch_pal/arg_utils.py to arg_utils.cpython-38.pyc
[2.620s] byte-compiling /home/raul/bookros2_ws/install/launch_pal/lib/python3.8/site-packages/launch_pal/include_utils.py to include_utils.cpython-38.pyc
[2.621s] running install_data
[2.621s] running install_egg_info
[2.621s] Copying ../../../build/launch_pal/launch_pal.egg-info to /home/raul/bookros2_ws/install/launch_pal/lib/python3.8/site-packages/launch_pal-0.0.0-py3.8.egg-info
[2.622s] running install_scripts
[2.665s] writing list of installed files to '/home/raul/bookros2_ws/build/launch_pal/install.log'
[2.703s] Invoked command in '/home/raul/bookros2_ws/src/ThirdParty/launch_pal' returned '0': PYTHONPATH=/home/raul/bookros2_ws/build/launch_pal/prefix_override:/home/raul/bookros2_ws/install/launch_pal/lib/python3.8/site-packages:${PYTHONPATH} /usr/bin/python3 setup.py egg_info --egg-base ../../../build/launch_pal build --build-base /home/raul/bookros2_ws/build/launch_pal/build install --record /home/raul/bookros2_ws/build/launch_pal/install.log --install-scripts $base/lib/launch_pal --single-version-externally-managed
