[0.221s] Invoking command in '/home/raul/bookros2_ws/build/br2_tiago': CMAKE_PREFIX_PATH=${CMAKE_PREFIX_PATH}:/home/raul/bookros2_ws/install/ros2controlcli:/home/raul/bookros2_ws/install/launch_pal:/home/raul/bookros2_ws/install/br2_fsm_bumpgo_py:/opt/ros/foxy /usr/bin/cmake --build /home/raul/bookros2_ws/build/br2_tiago -- -j8 -l8
[0.358s] Invoked command in '/home/raul/bookros2_ws/build/br2_tiago' returned '0': CMAKE_PREFIX_PATH=${CMAKE_PREFIX_PATH}:/home/raul/bookros2_ws/install/ros2controlcli:/home/raul/bookros2_ws/install/launch_pal:/home/raul/bookros2_ws/install/br2_fsm_bumpgo_py:/opt/ros/foxy /usr/bin/cmake --build /home/raul/bookros2_ws/build/br2_tiago -- -j8 -l8
[0.528s] Invoking command in '/home/raul/bookros2_ws/build/br2_tiago': CMAKE_PREFIX_PATH=${CMAKE_PREFIX_PATH}:/home/raul/bookros2_ws/install/ros2controlcli:/home/raul/bookros2_ws/install/launch_pal:/home/raul/bookros2_ws/install/br2_fsm_bumpgo_py:/opt/ros/foxy /usr/bin/cmake --install /home/raul/bookros2_ws/build/br2_tiago
[0.604s] -- Install configuration: ""
[0.605s] -- Execute custom install script
[0.605s] -- Up-to-date symlink: /home/raul/bookros2_ws/install/br2_tiago/share/br2_tiago/launch/sim.launch.py
[0.605s] -- Up-to-date symlink: /home/raul/bookros2_ws/install/br2_tiago/share/ament_index/resource_index/package_run_dependencies/br2_tiago
[0.606s] -- Up-to-date symlink: /home/raul/bookros2_ws/install/br2_tiago/share/ament_index/resource_index/parent_prefix_path/br2_tiago
[0.606s] -- Up-to-date symlink: /home/raul/bookros2_ws/install/br2_tiago/share/br2_tiago/environment/ament_prefix_path.sh
[0.606s] -- Up-to-date symlink: /home/raul/bookros2_ws/install/br2_tiago/share/br2_tiago/environment/ament_prefix_path.dsv
[0.607s] -- Up-to-date symlink: /home/raul/bookros2_ws/install/br2_tiago/share/br2_tiago/environment/path.sh
[0.608s] -- Up-to-date symlink: /home/raul/bookros2_ws/install/br2_tiago/share/br2_tiago/environment/path.dsv
[0.608s] -- Up-to-date symlink: /home/raul/bookros2_ws/install/br2_tiago/share/br2_tiago/local_setup.bash
[0.609s] -- Up-to-date symlink: /home/raul/bookros2_ws/install/br2_tiago/share/br2_tiago/local_setup.sh
[0.610s] -- Up-to-date symlink: /home/raul/bookros2_ws/install/br2_tiago/share/br2_tiago/local_setup.zsh
[0.611s] -- Up-to-date symlink: /home/raul/bookros2_ws/install/br2_tiago/share/br2_tiago/local_setup.dsv
[0.612s] -- Symlinking: /home/raul/bookros2_ws/install/br2_tiago/share/br2_tiago/package.dsv
[0.621s] -- Up-to-date symlink: /home/raul/bookros2_ws/install/br2_tiago/share/ament_index/resource_index/packages/br2_tiago
[0.622s] -- Up-to-date symlink: /home/raul/bookros2_ws/install/br2_tiago/share/br2_tiago/cmake/br2_tiagoConfig.cmake
[0.624s] -- Up-to-date symlink: /home/raul/bookros2_ws/install/br2_tiago/share/br2_tiago/cmake/br2_tiagoConfig-version.cmake
[0.625s] -- Up-to-date symlink: /home/raul/bookros2_ws/install/br2_tiago/share/br2_tiago/package.xml
[0.701s] Invoked command in '/home/raul/bookros2_ws/build/br2_tiago' returned '0': CMAKE_PREFIX_PATH=${CMAKE_PREFIX_PATH}:/home/raul/bookros2_ws/install/ros2controlcli:/home/raul/bookros2_ws/install/launch_pal:/home/raul/bookros2_ws/install/br2_fsm_bumpgo_py:/opt/ros/foxy /usr/bin/cmake --install /home/raul/bookros2_ws/build/br2_tiago
