[1.148s] Invoking command in '/home/raul/bookros2_ws/firmware/mcu_ws/uros/tracetools/tracetools_trace': PYTHONPATH=/home/raul/bookros2_ws/firmware/mcu_ws/build/tracetools_trace/prefix_override:/home/raul/bookros2_ws/firmware/mcu_ws/install/lib/python3.8/site-packages:${PYTHONPATH} /usr/bin/python3 setup.py egg_info --egg-base ../../../build/tracetools_trace build --build-base /home/raul/bookros2_ws/firmware/mcu_ws/build/tracetools_trace/build install --record /home/raul/bookros2_ws/firmware/mcu_ws/build/tracetools_trace/install.log --install-scripts $base/lib/tracetools_trace --single-version-externally-managed
[1.416s] running egg_info
[1.418s] creating ../../../build/tracetools_trace/tracetools_trace.egg-info
[1.418s] writing ../../../build/tracetools_trace/tracetools_trace.egg-info/PKG-INFO
[1.418s] writing dependency_links to ../../../build/tracetools_trace/tracetools_trace.egg-info/dependency_links.txt
[1.418s] writing entry points to ../../../build/tracetools_trace/tracetools_trace.egg-info/entry_points.txt
[1.418s] writing requirements to ../../../build/tracetools_trace/tracetools_trace.egg-info/requires.txt
[1.418s] writing top-level names to ../../../build/tracetools_trace/tracetools_trace.egg-info/top_level.txt
[1.420s] writing manifest file '../../../build/tracetools_trace/tracetools_trace.egg-info/SOURCES.txt'
[1.466s] reading manifest file '../../../build/tracetools_trace/tracetools_trace.egg-info/SOURCES.txt'
[1.466s] writing manifest file '../../../build/tracetools_trace/tracetools_trace.egg-info/SOURCES.txt'
[1.467s] running build
[1.467s] running build_py
[1.467s] creating /home/raul/bookros2_ws/firmware/mcu_ws/build/tracetools_trace/build
[1.467s] creating /home/raul/bookros2_ws/firmware/mcu_ws/build/tracetools_trace/build/lib
[1.468s] creating /home/raul/bookros2_ws/firmware/mcu_ws/build/tracetools_trace/build/lib/tracetools_trace
[1.468s] copying tracetools_trace/__init__.py -> /home/raul/bookros2_ws/firmware/mcu_ws/build/tracetools_trace/build/lib/tracetools_trace
[1.469s] copying tracetools_trace/trace.py -> /home/raul/bookros2_ws/firmware/mcu_ws/build/tracetools_trace/build/lib/tracetools_trace
[1.469s] creating /home/raul/bookros2_ws/firmware/mcu_ws/build/tracetools_trace/build/lib/tracetools_trace/tools
[1.469s] copying tracetools_trace/tools/names.py -> /home/raul/bookros2_ws/firmware/mcu_ws/build/tracetools_trace/build/lib/tracetools_trace/tools
[1.470s] copying tracetools_trace/tools/path.py -> /home/raul/bookros2_ws/firmware/mcu_ws/build/tracetools_trace/build/lib/tracetools_trace/tools
[1.471s] copying tracetools_trace/tools/lttng_stub.py -> /home/raul/bookros2_ws/firmware/mcu_ws/build/tracetools_trace/build/lib/tracetools_trace/tools
[1.471s] copying tracetools_trace/tools/args.py -> /home/raul/bookros2_ws/firmware/mcu_ws/build/tracetools_trace/build/lib/tracetools_trace/tools
[1.472s] copying tracetools_trace/tools/lttng.py -> /home/raul/bookros2_ws/firmware/mcu_ws/build/tracetools_trace/build/lib/tracetools_trace/tools
[1.472s] copying tracetools_trace/tools/__init__.py -> /home/raul/bookros2_ws/firmware/mcu_ws/build/tracetools_trace/build/lib/tracetools_trace/tools
[1.473s] copying tracetools_trace/tools/lttng_impl.py -> /home/raul/bookros2_ws/firmware/mcu_ws/build/tracetools_trace/build/lib/tracetools_trace/tools
[1.473s] running install
[1.475s] running install_lib
[1.477s] creating /home/raul/bookros2_ws/firmware/mcu_ws/install/lib/python3.8/site-packages/tracetools_trace
[1.477s] creating /home/raul/bookros2_ws/firmware/mcu_ws/install/lib/python3.8/site-packages/tracetools_trace/tools
[1.477s] copying /home/raul/bookros2_ws/firmware/mcu_ws/build/tracetools_trace/build/lib/tracetools_trace/tools/names.py -> /home/raul/bookros2_ws/firmware/mcu_ws/install/lib/python3.8/site-packages/tracetools_trace/tools
[1.478s] copying /home/raul/bookros2_ws/firmware/mcu_ws/build/tracetools_trace/build/lib/tracetools_trace/tools/path.py -> /home/raul/bookros2_ws/firmware/mcu_ws/install/lib/python3.8/site-packages/tracetools_trace/tools
[1.478s] copying /home/raul/bookros2_ws/firmware/mcu_ws/build/tracetools_trace/build/lib/tracetools_trace/tools/lttng_stub.py -> /home/raul/bookros2_ws/firmware/mcu_ws/install/lib/python3.8/site-packages/tracetools_trace/tools
[1.479s] copying /home/raul/bookros2_ws/firmware/mcu_ws/build/tracetools_trace/build/lib/tracetools_trace/tools/args.py -> /home/raul/bookros2_ws/firmware/mcu_ws/install/lib/python3.8/site-packages/tracetools_trace/tools
[1.480s] copying /home/raul/bookros2_ws/firmware/mcu_ws/build/tracetools_trace/build/lib/tracetools_trace/tools/lttng.py -> /home/raul/bookros2_ws/firmware/mcu_ws/install/lib/python3.8/site-packages/tracetools_trace/tools
[1.480s] copying /home/raul/bookros2_ws/firmware/mcu_ws/build/tracetools_trace/build/lib/tracetools_trace/tools/__init__.py -> /home/raul/bookros2_ws/firmware/mcu_ws/install/lib/python3.8/site-packages/tracetools_trace/tools
[1.480s] copying /home/raul/bookros2_ws/firmware/mcu_ws/build/tracetools_trace/build/lib/tracetools_trace/tools/lttng_impl.py -> /home/raul/bookros2_ws/firmware/mcu_ws/install/lib/python3.8/site-packages/tracetools_trace/tools
[1.481s] copying /home/raul/bookros2_ws/firmware/mcu_ws/build/tracetools_trace/build/lib/tracetools_trace/__init__.py -> /home/raul/bookros2_ws/firmware/mcu_ws/install/lib/python3.8/site-packages/tracetools_trace
[1.481s] copying /home/raul/bookros2_ws/firmware/mcu_ws/build/tracetools_trace/build/lib/tracetools_trace/trace.py -> /home/raul/bookros2_ws/firmware/mcu_ws/install/lib/python3.8/site-packages/tracetools_trace
[1.482s] byte-compiling /home/raul/bookros2_ws/firmware/mcu_ws/install/lib/python3.8/site-packages/tracetools_trace/tools/names.py to names.cpython-38.pyc
[1.484s] byte-compiling /home/raul/bookros2_ws/firmware/mcu_ws/install/lib/python3.8/site-packages/tracetools_trace/tools/path.py to path.cpython-38.pyc
[1.484s] byte-compiling /home/raul/bookros2_ws/firmware/mcu_ws/install/lib/python3.8/site-packages/tracetools_trace/tools/lttng_stub.py to lttng_stub.cpython-38.pyc
[1.485s] byte-compiling /home/raul/bookros2_ws/firmware/mcu_ws/install/lib/python3.8/site-packages/tracetools_trace/tools/args.py to args.cpython-38.pyc
[1.486s] byte-compiling /home/raul/bookros2_ws/firmware/mcu_ws/install/lib/python3.8/site-packages/tracetools_trace/tools/lttng.py to lttng.cpython-38.pyc
[1.486s] byte-compiling /home/raul/bookros2_ws/firmware/mcu_ws/install/lib/python3.8/site-packages/tracetools_trace/tools/__init__.py to __init__.cpython-38.pyc
[1.486s] byte-compiling /home/raul/bookros2_ws/firmware/mcu_ws/install/lib/python3.8/site-packages/tracetools_trace/tools/lttng_impl.py to lttng_impl.cpython-38.pyc
[1.488s] byte-compiling /home/raul/bookros2_ws/firmware/mcu_ws/install/lib/python3.8/site-packages/tracetools_trace/__init__.py to __init__.cpython-38.pyc
[1.488s] byte-compiling /home/raul/bookros2_ws/firmware/mcu_ws/install/lib/python3.8/site-packages/tracetools_trace/trace.py to trace.cpython-38.pyc
[1.490s] running install_data
[1.490s] copying package.xml -> /home/raul/bookros2_ws/firmware/mcu_ws/install/share/tracetools_trace
[1.490s] copying resource/tracetools_trace -> /home/raul/bookros2_ws/firmware/mcu_ws/install/share/ament_index/resource_index/packages
[1.490s] running install_egg_info
[1.492s] Copying ../../../build/tracetools_trace/tracetools_trace.egg-info to /home/raul/bookros2_ws/firmware/mcu_ws/install/lib/python3.8/site-packages/tracetools_trace-1.0.2-py3.8.egg-info
[1.493s] running install_scripts
[1.516s] Installing trace script to /home/raul/bookros2_ws/firmware/mcu_ws/install/lib/tracetools_trace
[1.517s] writing list of installed files to '/home/raul/bookros2_ws/firmware/mcu_ws/build/tracetools_trace/install.log'
[1.544s] Invoked command in '/home/raul/bookros2_ws/firmware/mcu_ws/uros/tracetools/tracetools_trace' returned '0': PYTHONPATH=/home/raul/bookros2_ws/firmware/mcu_ws/build/tracetools_trace/prefix_override:/home/raul/bookros2_ws/firmware/mcu_ws/install/lib/python3.8/site-packages:${PYTHONPATH} /usr/bin/python3 setup.py egg_info --egg-base ../../../build/tracetools_trace build --build-base /home/raul/bookros2_ws/firmware/mcu_ws/build/tracetools_trace/build install --record /home/raul/bookros2_ws/firmware/mcu_ws/build/tracetools_trace/install.log --install-scripts $base/lib/tracetools_trace --single-version-externally-managed
