[0.385s] Invoking command in '/home/raul/bookros2_ws/build/twist_mux': CMAKE_PREFIX_PATH=${CMAKE_PREFIX_PATH}:/home/raul/bookros2_ws/install/ros2controlcli:/home/raul/bookros2_ws/install/launch_pal:/home/raul/bookros2_ws/install/br2_fsm_bumpgo_py:/opt/ros/foxy /usr/bin/cmake --build /home/raul/bookros2_ws/build/twist_mux -- -j8 -l8
[0.556s] [ 66%] Built target twist_mux
[0.557s] [100%] Built target twist_marker
[0.595s] Invoked command in '/home/raul/bookros2_ws/build/twist_mux' returned '0': CMAKE_PREFIX_PATH=${CMAKE_PREFIX_PATH}:/home/raul/bookros2_ws/install/ros2controlcli:/home/raul/bookros2_ws/install/launch_pal:/home/raul/bookros2_ws/install/br2_fsm_bumpgo_py:/opt/ros/foxy /usr/bin/cmake --build /home/raul/bookros2_ws/build/twist_mux -- -j8 -l8
[0.762s] Invoking command in '/home/raul/bookros2_ws/build/twist_mux': CMAKE_PREFIX_PATH=${CMAKE_PREFIX_PATH}:/home/raul/bookros2_ws/install/ros2controlcli:/home/raul/bookros2_ws/install/launch_pal:/home/raul/bookros2_ws/install/br2_fsm_bumpgo_py:/opt/ros/foxy /usr/bin/cmake --install /home/raul/bookros2_ws/build/twist_mux
[0.792s] -- Install configuration: ""
[0.793s] -- Execute custom install script
[0.793s] -- Up-to-date symlink: /home/raul/bookros2_ws/install/twist_mux/lib/twist_mux/twist_mux
[0.793s] -- Up-to-date symlink: /home/raul/bookros2_ws/install/twist_mux/lib/twist_mux/twist_marker
[0.794s] -- Up-to-date symlink: /home/raul/bookros2_ws/install/twist_mux/share/twist_mux/launch/twist_mux.launch
[0.794s] -- Up-to-date symlink: /home/raul/bookros2_ws/install/twist_mux/share/twist_mux/launch/twist_mux_launch.py
[0.795s] -- Up-to-date symlink: /home/raul/bookros2_ws/install/twist_mux/share/twist_mux/config/joystick.yaml
[0.795s] -- Up-to-date symlink: /home/raul/bookros2_ws/install/twist_mux/share/twist_mux/config/twist_mux_locks.yaml
[0.795s] -- Up-to-date symlink: /home/raul/bookros2_ws/install/twist_mux/share/twist_mux/config/twist_mux_topics.yaml
[0.795s] -- Up-to-date symlink: /home/raul/bookros2_ws/install/twist_mux/include/twist_mux/params_helpers.hpp
[0.795s] -- Up-to-date symlink: /home/raul/bookros2_ws/install/twist_mux/include/twist_mux/topic_handle.hpp
[0.795s] -- Up-to-date symlink: /home/raul/bookros2_ws/install/twist_mux/include/twist_mux/twist_mux.hpp
[0.796s] -- Up-to-date symlink: /home/raul/bookros2_ws/install/twist_mux/include/twist_mux/twist_mux_diagnostics.hpp
[0.796s] -- Up-to-date symlink: /home/raul/bookros2_ws/install/twist_mux/include/twist_mux/twist_mux_diagnostics_status.hpp
[0.797s] -- Up-to-date symlink: /home/raul/bookros2_ws/install/twist_mux/include/twist_mux/utils.hpp
[0.797s] -- Up-to-date symlink: /home/raul/bookros2_ws/install/twist_mux/share/ament_index/resource_index/package_run_dependencies/twist_mux
[0.797s] -- Up-to-date symlink: /home/raul/bookros2_ws/install/twist_mux/share/ament_index/resource_index/parent_prefix_path/twist_mux
[0.797s] -- Up-to-date symlink: /home/raul/bookros2_ws/install/twist_mux/share/twist_mux/environment/ament_prefix_path.sh
[0.797s] -- Up-to-date symlink: /home/raul/bookros2_ws/install/twist_mux/share/twist_mux/environment/ament_prefix_path.dsv
[0.802s] -- Up-to-date symlink: /home/raul/bookros2_ws/install/twist_mux/share/twist_mux/environment/path.sh
[0.802s] -- Up-to-date symlink: /home/raul/bookros2_ws/install/twist_mux/share/twist_mux/environment/path.dsv
[0.803s] -- Up-to-date symlink: /home/raul/bookros2_ws/install/twist_mux/share/twist_mux/local_setup.bash
[0.803s] -- Up-to-date symlink: /home/raul/bookros2_ws/install/twist_mux/share/twist_mux/local_setup.sh
[0.803s] -- Up-to-date symlink: /home/raul/bookros2_ws/install/twist_mux/share/twist_mux/local_setup.zsh
[0.803s] -- Up-to-date symlink: /home/raul/bookros2_ws/install/twist_mux/share/twist_mux/local_setup.dsv
[0.803s] -- Symlinking: /home/raul/bookros2_ws/install/twist_mux/share/twist_mux/package.dsv
[0.805s] -- Up-to-date symlink: /home/raul/bookros2_ws/install/twist_mux/share/ament_index/resource_index/packages/twist_mux
[0.805s] -- Up-to-date symlink: /home/raul/bookros2_ws/install/twist_mux/share/twist_mux/cmake/ament_cmake_export_include_directories-extras.cmake
[0.805s] -- Up-to-date symlink: /home/raul/bookros2_ws/install/twist_mux/share/twist_mux/cmake/ament_cmake_export_dependencies-extras.cmake
[0.805s] -- Up-to-date symlink: /home/raul/bookros2_ws/install/twist_mux/share/twist_mux/cmake/twist_muxConfig.cmake
[0.806s] -- Up-to-date symlink: /home/raul/bookros2_ws/install/twist_mux/share/twist_mux/cmake/twist_muxConfig-version.cmake
[0.806s] -- Up-to-date symlink: /home/raul/bookros2_ws/install/twist_mux/share/twist_mux/package.xml
[0.887s] Invoked command in '/home/raul/bookros2_ws/build/twist_mux' returned '0': CMAKE_PREFIX_PATH=${CMAKE_PREFIX_PATH}:/home/raul/bookros2_ws/install/ros2controlcli:/home/raul/bookros2_ws/install/launch_pal:/home/raul/bookros2_ws/install/br2_fsm_bumpgo_py:/opt/ros/foxy /usr/bin/cmake --install /home/raul/bookros2_ws/build/twist_mux
