-- Found ament_cmake: 0.9.11 (/opt/ros/foxy/share/ament_cmake/cmake)
-- Using PYTHON_EXECUTABLE: /usr/bin/python3
-- Override CMake install command with custom implementation using symlinks instead of copying resources
-- Found rclcpp: 2.4.2 (/opt/ros/foxy/share/rclcpp/cmake)
-- Using all available rosidl_typesupport_c: rosidl_typesupport_fastrtps_c;rosidl_typesupport_introspection_c
-- Found rosidl_adapter: 1.3.0 (/opt/ros/foxy/share/rosidl_adapter/cmake)
-- Using all available rosidl_typesupport_cpp: rosidl_typesupport_fastrtps_cpp;rosidl_typesupport_introspection_cpp
-- Found rmw_implementation_cmake: 1.0.3 (/opt/ros/foxy/share/rmw_implementation_cmake/cmake)
-- Using RMW implementation 'rmw_fastrtps_cpp' as default
-- Found rclcpp_lifecycle: 2.4.2 (/opt/ros/foxy/share/rclcpp_lifecycle/cmake)
-- Found br2_tracking_msgs: 0.0.0 (/home/raul/bookros2_ws/install/br2_tracking_msgs/share/br2_tracking_msgs/cmake)
-- Found sensor_msgs: 2.0.5 (/opt/ros/foxy/share/sensor_msgs/cmake)
-- Found vision_msgs: 2.0.0 (/opt/ros/foxy/share/vision_msgs/cmake)
-- Found control_msgs: 2.5.1 (/opt/ros/foxy/share/control_msgs/cmake)
-- Found image_transport: 2.4.0 (/opt/ros/foxy/share/image_transport/cmake)
-- Found cv_bridge: 3.0.7 (/opt/ros/foxy/share/cv_bridge/cmake)
-- Found ament_lint_auto: 0.9.7 (/opt/ros/foxy/share/ament_lint_auto/cmake)
-- Found gtest sources under '/opt/ros/foxy/src/gtest_vendor': C++ tests using 'Google Test' will be built
-- Added test 'copyright' to check source files copyright and LICENSE
-- Added test 'cppcheck' to perform static code analysis on C / C++ code
-- Configured cppcheck include dirs: /home/raul/bookros2_ws/src/book_ros2/br2_tracking/include
-- Configured cppcheck exclude dirs and/or files: 
-- Added test 'cpplint' to check C / C++ code against the Google style
-- Configured cpplint exclude dirs and/or files: 
-- Added test 'flake8' to check Python code syntax and style conventions
-- Added test 'lint_cmake' to check CMake code style
-- Added test 'pep257' to check Python code against some of the style conventions in PEP 257
-- Added test 'uncrustify' to check C / C++ code style
-- Configured uncrustify additional arguments: 
-- Added test 'xmllint' to check XML markup files
-- Configuring done
-- Generating done
-- Build files have been written to: /home/raul/bookros2_ws/build/br2_tracking
[ 28%] Built target gtest_main
[ 28%] Built target gtest
[ 57%] Built target br2_tracking
[ 71%] Built target pid_test
[ 85%] Built target object_detector
[100%] Built target object_tracker
-- Install configuration: "Debug"
-- Execute custom install script
-- Up-to-date symlink: /home/raul/bookros2_ws/install/br2_tracking/lib/libbr2_tracking.so
-- Up-to-date symlink: /home/raul/bookros2_ws/install/br2_tracking/lib/br2_tracking/object_detector
-- Up-to-date symlink: /home/raul/bookros2_ws/install/br2_tracking/lib/br2_tracking/object_tracker
-- Up-to-date symlink: /home/raul/bookros2_ws/install/br2_tracking/include/include/br2_tracking/HeadController.hpp
-- Up-to-date symlink: /home/raul/bookros2_ws/install/br2_tracking/include/include/br2_tracking/ObjectDetector.hpp
-- Up-to-date symlink: /home/raul/bookros2_ws/install/br2_tracking/include/include/br2_tracking/PIDController.hpp
-- Up-to-date symlink: /home/raul/bookros2_ws/install/br2_tracking/share/br2_tracking/launch/tracking.launch.py
-- Up-to-date symlink: /home/raul/bookros2_ws/install/br2_tracking/share/br2_tracking/config/detector.yaml
-- Up-to-date symlink: /home/raul/bookros2_ws/install/br2_tracking/share/br2_tracking/environment/library_path.sh
-- Up-to-date symlink: /home/raul/bookros2_ws/install/br2_tracking/share/br2_tracking/environment/library_path.dsv
-- Up-to-date symlink: /home/raul/bookros2_ws/install/br2_tracking/share/ament_index/resource_index/package_run_dependencies/br2_tracking
-- Up-to-date symlink: /home/raul/bookros2_ws/install/br2_tracking/share/ament_index/resource_index/parent_prefix_path/br2_tracking
-- Up-to-date symlink: /home/raul/bookros2_ws/install/br2_tracking/share/br2_tracking/environment/ament_prefix_path.sh
-- Up-to-date symlink: /home/raul/bookros2_ws/install/br2_tracking/share/br2_tracking/environment/ament_prefix_path.dsv
-- Up-to-date symlink: /home/raul/bookros2_ws/install/br2_tracking/share/br2_tracking/environment/path.sh
-- Up-to-date symlink: /home/raul/bookros2_ws/install/br2_tracking/share/br2_tracking/environment/path.dsv
-- Up-to-date symlink: /home/raul/bookros2_ws/install/br2_tracking/share/br2_tracking/local_setup.bash
-- Up-to-date symlink: /home/raul/bookros2_ws/install/br2_tracking/share/br2_tracking/local_setup.sh
-- Up-to-date symlink: /home/raul/bookros2_ws/install/br2_tracking/share/br2_tracking/local_setup.zsh
-- Up-to-date symlink: /home/raul/bookros2_ws/install/br2_tracking/share/br2_tracking/local_setup.dsv
-- Symlinking: /home/raul/bookros2_ws/install/br2_tracking/share/br2_tracking/package.dsv
-- Up-to-date symlink: /home/raul/bookros2_ws/install/br2_tracking/share/ament_index/resource_index/packages/br2_tracking
-- Up-to-date symlink: /home/raul/bookros2_ws/install/br2_tracking/share/br2_tracking/cmake/ament_cmake_export_include_directories-extras.cmake
-- Up-to-date symlink: /home/raul/bookros2_ws/install/br2_tracking/share/br2_tracking/cmake/ament_cmake_export_libraries-extras.cmake
-- Up-to-date symlink: /home/raul/bookros2_ws/install/br2_tracking/share/br2_tracking/cmake/ament_cmake_export_dependencies-extras.cmake
-- Up-to-date symlink: /home/raul/bookros2_ws/install/br2_tracking/share/br2_tracking/cmake/br2_trackingConfig.cmake
-- Up-to-date symlink: /home/raul/bookros2_ws/install/br2_tracking/share/br2_tracking/cmake/br2_trackingConfig-version.cmake
-- Up-to-date symlink: /home/raul/bookros2_ws/install/br2_tracking/share/br2_tracking/package.xml
