[0.141s] Invoking command in '/home/raul/bookros2_ws/build/my_package': CMAKE_PREFIX_PATH=${CMAKE_PREFIX_PATH}:/home/raul/bookros2_ws/install/ros2controlcli:/home/raul/bookros2_ws/install/launch_pal:/home/raul/bookros2_ws/install/br2_fsm_bumpgo_py:/opt/ros/foxy /usr/bin/cmake --build /home/raul/bookros2_ws/build/my_package -- -j8 -l8
[0.485s] [100%] Built target simple
[0.739s] Invoked command in '/home/raul/bookros2_ws/build/my_package' returned '0': CMAKE_PREFIX_PATH=${CMAKE_PREFIX_PATH}:/home/raul/bookros2_ws/install/ros2controlcli:/home/raul/bookros2_ws/install/launch_pal:/home/raul/bookros2_ws/install/br2_fsm_bumpgo_py:/opt/ros/foxy /usr/bin/cmake --build /home/raul/bookros2_ws/build/my_package -- -j8 -l8
[0.948s] Invoking command in '/home/raul/bookros2_ws/build/my_package': CMAKE_PREFIX_PATH=${CMAKE_PREFIX_PATH}:/home/raul/bookros2_ws/install/ros2controlcli:/home/raul/bookros2_ws/install/launch_pal:/home/raul/bookros2_ws/install/br2_fsm_bumpgo_py:/opt/ros/foxy /usr/bin/cmake --install /home/raul/bookros2_ws/build/my_package
[1.010s] -- Install configuration: ""
[1.011s] -- Execute custom install script
[1.011s] -- Up-to-date symlink: /home/raul/bookros2_ws/install/my_package/lib/my_package/simple
[1.011s] -- Up-to-date symlink: /home/raul/bookros2_ws/install/my_package/share/ament_index/resource_index/package_run_dependencies/my_package
[1.012s] -- Up-to-date symlink: /home/raul/bookros2_ws/install/my_package/share/ament_index/resource_index/parent_prefix_path/my_package
[1.012s] -- Up-to-date symlink: /home/raul/bookros2_ws/install/my_package/share/my_package/environment/ament_prefix_path.sh
[1.012s] -- Up-to-date symlink: /home/raul/bookros2_ws/install/my_package/share/my_package/environment/ament_prefix_path.dsv
[1.013s] -- Up-to-date symlink: /home/raul/bookros2_ws/install/my_package/share/my_package/environment/path.sh
[1.013s] -- Up-to-date symlink: /home/raul/bookros2_ws/install/my_package/share/my_package/environment/path.dsv
[1.013s] -- Up-to-date symlink: /home/raul/bookros2_ws/install/my_package/share/my_package/local_setup.bash
[1.013s] -- Up-to-date symlink: /home/raul/bookros2_ws/install/my_package/share/my_package/local_setup.sh
[1.013s] -- Up-to-date symlink: /home/raul/bookros2_ws/install/my_package/share/my_package/local_setup.zsh
[1.013s] -- Up-to-date symlink: /home/raul/bookros2_ws/install/my_package/share/my_package/local_setup.dsv
[1.013s] -- Symlinking: /home/raul/bookros2_ws/install/my_package/share/my_package/package.dsv
[1.037s] -- Up-to-date symlink: /home/raul/bookros2_ws/install/my_package/share/ament_index/resource_index/packages/my_package
[1.038s] -- Up-to-date symlink: /home/raul/bookros2_ws/install/my_package/share/my_package/cmake/ament_cmake_export_dependencies-extras.cmake
[1.038s] -- Up-to-date symlink: /home/raul/bookros2_ws/install/my_package/share/my_package/cmake/my_packageConfig.cmake
[1.038s] -- Up-to-date symlink: /home/raul/bookros2_ws/install/my_package/share/my_package/cmake/my_packageConfig-version.cmake
[1.038s] -- Up-to-date symlink: /home/raul/bookros2_ws/install/my_package/share/my_package/package.xml
[1.059s] Invoked command in '/home/raul/bookros2_ws/build/my_package' returned '0': CMAKE_PREFIX_PATH=${CMAKE_PREFIX_PATH}:/home/raul/bookros2_ws/install/ros2controlcli:/home/raul/bookros2_ws/install/launch_pal:/home/raul/bookros2_ws/install/br2_fsm_bumpgo_py:/opt/ros/foxy /usr/bin/cmake --install /home/raul/bookros2_ws/build/my_package
