[0.585s] Invoking command in '/home/raul/bookros2_ws/build/tiago_description_calibration': CMAKE_PREFIX_PATH=${CMAKE_PREFIX_PATH}:/home/raul/bookros2_ws/install/ros2controlcli:/home/raul/bookros2_ws/install/launch_pal:/home/raul/bookros2_ws/install/br2_fsm_bumpgo_py:/opt/ros/foxy /usr/bin/cmake --build /home/raul/bookros2_ws/build/tiago_description_calibration -- -j10 -l10
[0.774s] Invoked command in '/home/raul/bookros2_ws/build/tiago_description_calibration' returned '0': CMAKE_PREFIX_PATH=${CMAKE_PREFIX_PATH}:/home/raul/bookros2_ws/install/ros2controlcli:/home/raul/bookros2_ws/install/launch_pal:/home/raul/bookros2_ws/install/br2_fsm_bumpgo_py:/opt/ros/foxy /usr/bin/cmake --build /home/raul/bookros2_ws/build/tiago_description_calibration -- -j10 -l10
[0.997s] Invoking command in '/home/raul/bookros2_ws/build/tiago_description_calibration': CMAKE_PREFIX_PATH=${CMAKE_PREFIX_PATH}:/home/raul/bookros2_ws/install/ros2controlcli:/home/raul/bookros2_ws/install/launch_pal:/home/raul/bookros2_ws/install/br2_fsm_bumpgo_py:/opt/ros/foxy /usr/bin/cmake --install /home/raul/bookros2_ws/build/tiago_description_calibration
[1.061s] -- Install configuration: ""
[1.061s] -- Execute custom install script
[1.061s] -- Up-to-date symlink: /home/raul/bookros2_ws/install/tiago_description_calibration/share/tiago_description_calibration/urdf/calibration/calibration_constants.urdf.xacro
[1.061s] -- Up-to-date symlink: /home/raul/bookros2_ws/install/tiago_description_calibration/share/tiago_description_calibration/urdf/calibration/extrinsic_camera_calibration_constants.urdf.xacro
[1.061s] -- Up-to-date symlink: /home/raul/bookros2_ws/install/tiago_description_calibration/share/tiago_description_calibration/urdf/deg_to_rad.xacro
[1.062s] -- Up-to-date symlink: /home/raul/bookros2_ws/install/tiago_description_calibration/share/ament_index/resource_index/package_run_dependencies/tiago_description_calibration
[1.062s] -- Up-to-date symlink: /home/raul/bookros2_ws/install/tiago_description_calibration/share/ament_index/resource_index/parent_prefix_path/tiago_description_calibration
[1.062s] -- Up-to-date symlink: /home/raul/bookros2_ws/install/tiago_description_calibration/share/tiago_description_calibration/environment/ament_prefix_path.sh
[1.062s] -- Up-to-date symlink: /home/raul/bookros2_ws/install/tiago_description_calibration/share/tiago_description_calibration/environment/ament_prefix_path.dsv
[1.062s] -- Up-to-date symlink: /home/raul/bookros2_ws/install/tiago_description_calibration/share/tiago_description_calibration/environment/path.sh
[1.062s] -- Up-to-date symlink: /home/raul/bookros2_ws/install/tiago_description_calibration/share/tiago_description_calibration/environment/path.dsv
[1.062s] -- Up-to-date symlink: /home/raul/bookros2_ws/install/tiago_description_calibration/share/tiago_description_calibration/local_setup.bash
[1.067s] -- Up-to-date symlink: /home/raul/bookros2_ws/install/tiago_description_calibration/share/tiago_description_calibration/local_setup.sh
[1.068s] -- Up-to-date symlink: /home/raul/bookros2_ws/install/tiago_description_calibration/share/tiago_description_calibration/local_setup.zsh
[1.068s] -- Up-to-date symlink: /home/raul/bookros2_ws/install/tiago_description_calibration/share/tiago_description_calibration/local_setup.dsv
[1.069s] -- Symlinking: /home/raul/bookros2_ws/install/tiago_description_calibration/share/tiago_description_calibration/package.dsv
[1.117s] -- Up-to-date symlink: /home/raul/bookros2_ws/install/tiago_description_calibration/share/ament_index/resource_index/packages/tiago_description_calibration
[1.117s] -- Up-to-date symlink: /home/raul/bookros2_ws/install/tiago_description_calibration/share/tiago_description_calibration/cmake/tiago_description_calibrationConfig.cmake
[1.117s] -- Up-to-date symlink: /home/raul/bookros2_ws/install/tiago_description_calibration/share/tiago_description_calibration/cmake/tiago_description_calibrationConfig-version.cmake
[1.117s] -- Up-to-date symlink: /home/raul/bookros2_ws/install/tiago_description_calibration/share/tiago_description_calibration/package.xml
[1.335s] Invoked command in '/home/raul/bookros2_ws/build/tiago_description_calibration' returned '0': CMAKE_PREFIX_PATH=${CMAKE_PREFIX_PATH}:/home/raul/bookros2_ws/install/ros2controlcli:/home/raul/bookros2_ws/install/launch_pal:/home/raul/bookros2_ws/install/br2_fsm_bumpgo_py:/opt/ros/foxy /usr/bin/cmake --install /home/raul/bookros2_ws/build/tiago_description_calibration
