-- Found ament_cmake: 0.9.11 (/opt/ros/foxy/share/ament_cmake/cmake)
-- Using PYTHON_EXECUTABLE: /usr/bin/python3
-- Override CMake install command with custom implementation using symlinks instead of copying resources
-- Configuring done
-- Generating done
-- Build files have been written to: /home/raul/bookros2_ws/build/tiago_simulation
-- Install configuration: ""
-- Execute custom install script
-- Up-to-date symlink: /home/raul/bookros2_ws/install/tiago_simulation/share/ament_index/resource_index/package_run_dependencies/tiago_simulation
-- Up-to-date symlink: /home/raul/bookros2_ws/install/tiago_simulation/share/ament_index/resource_index/parent_prefix_path/tiago_simulation
-- Up-to-date symlink: /home/raul/bookros2_ws/install/tiago_simulation/share/tiago_simulation/environment/ament_prefix_path.sh
-- Up-to-date symlink: /home/raul/bookros2_ws/install/tiago_simulation/share/tiago_simulation/environment/ament_prefix_path.dsv
-- Up-to-date symlink: /home/raul/bookros2_ws/install/tiago_simulation/share/tiago_simulation/environment/path.sh
-- Up-to-date symlink: /home/raul/bookros2_ws/install/tiago_simulation/share/tiago_simulation/environment/path.dsv
-- Up-to-date symlink: /home/raul/bookros2_ws/install/tiago_simulation/share/tiago_simulation/local_setup.bash
-- Up-to-date symlink: /home/raul/bookros2_ws/install/tiago_simulation/share/tiago_simulation/local_setup.sh
-- Up-to-date symlink: /home/raul/bookros2_ws/install/tiago_simulation/share/tiago_simulation/local_setup.zsh
-- Up-to-date symlink: /home/raul/bookros2_ws/install/tiago_simulation/share/tiago_simulation/local_setup.dsv
-- Symlinking: /home/raul/bookros2_ws/install/tiago_simulation/share/tiago_simulation/package.dsv
-- Up-to-date symlink: /home/raul/bookros2_ws/install/tiago_simulation/share/ament_index/resource_index/packages/tiago_simulation
-- Up-to-date symlink: /home/raul/bookros2_ws/install/tiago_simulation/share/tiago_simulation/cmake/tiago_simulationConfig.cmake
-- Up-to-date symlink: /home/raul/bookros2_ws/install/tiago_simulation/share/tiago_simulation/cmake/tiago_simulationConfig-version.cmake
-- Up-to-date symlink: /home/raul/bookros2_ws/install/tiago_simulation/share/tiago_simulation/package.xml
