[0.080s] Invoking command in '/home/raul/bookros2_ws/build/groot': CMAKE_PREFIX_PATH=${CMAKE_PREFIX_PATH}:/home/raul/bookros2_ws/install/ros2controlcli:/home/raul/bookros2_ws/install/launch_pal:/home/raul/bookros2_ws/install/br2_fsm_bumpgo_py:/opt/ros/foxy /usr/bin/cmake --build /home/raul/bookros2_ws/build/groot -- -j8 -l8
[0.298s] [  1%] [34m[1mAutomatic MOC and UIC for target QtNodeEditor[0m
[0.466s] [  1%] Built target QtNodeEditor_autogen
[0.658s] [ 57%] Built target QtNodeEditor
[0.742s] [ 58%] [34m[1mAutomatic MOC and UIC for target behavior_tree_editor[0m
[0.837s] [ 58%] Built target behavior_tree_editor_autogen
[1.067s] [ 74%] Built target behavior_tree_editor
[1.228s] [ 75%] [34m[1mAutomatic MOC and UIC for target Groot[0m
[1.229s] [ 76%] [34m[1mAutomatic MOC and UIC for target replay_test[0m
[1.272s] [ 76%] [34m[1mAutomatic MOC and UIC for target editor_test[0m
[1.344s] [ 76%] Built target Groot_autogen
[1.353s] [ 76%] Built target replay_test_autogen
[1.361s] [ 76%] Built target editor_test_autogen
[1.464s] [ 82%] Built target Groot
[1.480s] [ 91%] Built target editor_test
[1.480s] [100%] Built target replay_test
[1.640s] Invoked command in '/home/raul/bookros2_ws/build/groot' returned '0': CMAKE_PREFIX_PATH=${CMAKE_PREFIX_PATH}:/home/raul/bookros2_ws/install/ros2controlcli:/home/raul/bookros2_ws/install/launch_pal:/home/raul/bookros2_ws/install/br2_fsm_bumpgo_py:/opt/ros/foxy /usr/bin/cmake --build /home/raul/bookros2_ws/build/groot -- -j8 -l8
[2.242s] Invoking command in '/home/raul/bookros2_ws/build/groot': CMAKE_PREFIX_PATH=${CMAKE_PREFIX_PATH}:/home/raul/bookros2_ws/install/ros2controlcli:/home/raul/bookros2_ws/install/launch_pal:/home/raul/bookros2_ws/install/br2_fsm_bumpgo_py:/opt/ros/foxy /usr/bin/cmake --install /home/raul/bookros2_ws/build/groot
[2.297s] -- Install configuration: ""
[2.297s] -- Execute custom install script
[2.298s] -- Up-to-date symlink: /home/raul/bookros2_ws/install/groot/lib/libbehavior_tree_editor.so
[2.298s] -- Up-to-date symlink: /home/raul/bookros2_ws/install/groot/lib/groot/Groot
[2.298s] -- Up-to-date symlink: /home/raul/bookros2_ws/install/groot/share/groot/environment/library_path.sh
[2.298s] -- Up-to-date symlink: /home/raul/bookros2_ws/install/groot/share/groot/environment/library_path.dsv
[2.304s] -- Up-to-date symlink: /home/raul/bookros2_ws/install/groot/share/ament_index/resource_index/package_run_dependencies/groot
[2.304s] -- Up-to-date symlink: /home/raul/bookros2_ws/install/groot/share/ament_index/resource_index/parent_prefix_path/groot
[2.304s] -- Up-to-date symlink: /home/raul/bookros2_ws/install/groot/share/groot/environment/ament_prefix_path.sh
[2.304s] -- Up-to-date symlink: /home/raul/bookros2_ws/install/groot/share/groot/environment/ament_prefix_path.dsv
[2.304s] -- Up-to-date symlink: /home/raul/bookros2_ws/install/groot/share/groot/environment/path.sh
[2.304s] -- Up-to-date symlink: /home/raul/bookros2_ws/install/groot/share/groot/environment/path.dsv
[2.304s] -- Up-to-date symlink: /home/raul/bookros2_ws/install/groot/share/groot/local_setup.bash
[2.305s] -- Up-to-date symlink: /home/raul/bookros2_ws/install/groot/share/groot/local_setup.sh
[2.305s] -- Up-to-date symlink: /home/raul/bookros2_ws/install/groot/share/groot/local_setup.zsh
[2.335s] -- Up-to-date symlink: /home/raul/bookros2_ws/install/groot/share/groot/local_setup.dsv
[2.340s] -- Symlinking: /home/raul/bookros2_ws/install/groot/share/groot/package.dsv
[2.388s] -- Up-to-date symlink: /home/raul/bookros2_ws/install/groot/share/ament_index/resource_index/packages/groot
[2.388s] -- Up-to-date symlink: /home/raul/bookros2_ws/install/groot/share/groot/cmake/ament_cmake_export_include_directories-extras.cmake
[2.388s] -- Up-to-date symlink: /home/raul/bookros2_ws/install/groot/share/groot/cmake/ament_cmake_export_dependencies-extras.cmake
[2.388s] -- Up-to-date symlink: /home/raul/bookros2_ws/install/groot/share/groot/cmake/ament_cmake_export_libraries-extras.cmake
[2.388s] -- Up-to-date symlink: /home/raul/bookros2_ws/install/groot/share/groot/cmake/grootConfig.cmake
[2.388s] -- Up-to-date symlink: /home/raul/bookros2_ws/install/groot/share/groot/cmake/grootConfig-version.cmake
[2.388s] -- Up-to-date symlink: /home/raul/bookros2_ws/install/groot/share/groot/package.xml
[2.409s] Invoked command in '/home/raul/bookros2_ws/build/groot' returned '0': CMAKE_PREFIX_PATH=${CMAKE_PREFIX_PATH}:/home/raul/bookros2_ws/install/ros2controlcli:/home/raul/bookros2_ws/install/launch_pal:/home/raul/bookros2_ws/install/br2_fsm_bumpgo_py:/opt/ros/foxy /usr/bin/cmake --install /home/raul/bookros2_ws/build/groot
