[0.100s] Invoking command in '/home/raul/bookros2_ws/build/br2_vff_avoidance': CMAKE_PREFIX_PATH=${CMAKE_PREFIX_PATH}:/home/raul/bookros2_ws/install/ros2controlcli:/home/raul/bookros2_ws/install/launch_pal:/home/raul/bookros2_ws/install/br2_fsm_bumpgo_py:/opt/ros/foxy /usr/bin/cmake --build /home/raul/bookros2_ws/build/br2_vff_avoidance -- -j8 -l8
[0.258s] [ 20%] Built target gtest
[0.262s] [ 40%] Built target gtest_main
[0.273s] [ 60%] Built target br2_vff_avoidance
[0.342s] [ 80%] Built target avoidance_vff
[0.350s] [100%] Built target vff_test
[0.428s] Invoked command in '/home/raul/bookros2_ws/build/br2_vff_avoidance' returned '0': CMAKE_PREFIX_PATH=${CMAKE_PREFIX_PATH}:/home/raul/bookros2_ws/install/ros2controlcli:/home/raul/bookros2_ws/install/launch_pal:/home/raul/bookros2_ws/install/br2_fsm_bumpgo_py:/opt/ros/foxy /usr/bin/cmake --build /home/raul/bookros2_ws/build/br2_vff_avoidance -- -j8 -l8
[0.543s] Invoking command in '/home/raul/bookros2_ws/build/br2_vff_avoidance': CMAKE_PREFIX_PATH=${CMAKE_PREFIX_PATH}:/home/raul/bookros2_ws/install/ros2controlcli:/home/raul/bookros2_ws/install/launch_pal:/home/raul/bookros2_ws/install/br2_fsm_bumpgo_py:/opt/ros/foxy /usr/bin/cmake --install /home/raul/bookros2_ws/build/br2_vff_avoidance
[0.561s] -- Install configuration: "Debug"
[0.562s] -- Execute custom install script
[0.566s] -- Up-to-date symlink: /home/raul/bookros2_ws/install/br2_vff_avoidance/lib/libbr2_vff_avoidance.so
[0.567s] -- Up-to-date symlink: /home/raul/bookros2_ws/install/br2_vff_avoidance/lib/br2_vff_avoidance/avoidance_vff
[0.567s] -- Up-to-date symlink: /home/raul/bookros2_ws/install/br2_vff_avoidance/share/br2_vff_avoidance/launch/avoidance_vff.launch.py
[0.569s] -- Up-to-date symlink: /home/raul/bookros2_ws/install/br2_vff_avoidance/share/ament_index/resource_index/package_run_dependencies/br2_vff_avoidance
[0.574s] -- Up-to-date symlink: /home/raul/bookros2_ws/install/br2_vff_avoidance/share/ament_index/resource_index/parent_prefix_path/br2_vff_avoidance
[0.575s] -- Up-to-date symlink: /home/raul/bookros2_ws/install/br2_vff_avoidance/share/br2_vff_avoidance/environment/ament_prefix_path.sh
[0.575s] -- Up-to-date symlink: /home/raul/bookros2_ws/install/br2_vff_avoidance/share/br2_vff_avoidance/environment/ament_prefix_path.dsv
[0.577s] -- Up-to-date symlink: /home/raul/bookros2_ws/install/br2_vff_avoidance/share/br2_vff_avoidance/environment/path.sh
[0.577s] -- Up-to-date symlink: /home/raul/bookros2_ws/install/br2_vff_avoidance/share/br2_vff_avoidance/environment/path.dsv
[0.578s] -- Up-to-date symlink: /home/raul/bookros2_ws/install/br2_vff_avoidance/share/br2_vff_avoidance/local_setup.bash
[0.578s] -- Up-to-date symlink: /home/raul/bookros2_ws/install/br2_vff_avoidance/share/br2_vff_avoidance/local_setup.sh
[0.578s] -- Up-to-date symlink: /home/raul/bookros2_ws/install/br2_vff_avoidance/share/br2_vff_avoidance/local_setup.zsh
[0.578s] -- Up-to-date symlink: /home/raul/bookros2_ws/install/br2_vff_avoidance/share/br2_vff_avoidance/local_setup.dsv
[0.585s] -- Symlinking: /home/raul/bookros2_ws/install/br2_vff_avoidance/share/br2_vff_avoidance/package.dsv
[0.594s] -- Up-to-date symlink: /home/raul/bookros2_ws/install/br2_vff_avoidance/share/ament_index/resource_index/packages/br2_vff_avoidance
[0.594s] -- Up-to-date symlink: /home/raul/bookros2_ws/install/br2_vff_avoidance/share/br2_vff_avoidance/cmake/ament_cmake_export_dependencies-extras.cmake
[0.595s] -- Up-to-date symlink: /home/raul/bookros2_ws/install/br2_vff_avoidance/share/br2_vff_avoidance/cmake/br2_vff_avoidanceConfig.cmake
[0.596s] -- Up-to-date symlink: /home/raul/bookros2_ws/install/br2_vff_avoidance/share/br2_vff_avoidance/cmake/br2_vff_avoidanceConfig-version.cmake
[0.596s] -- Up-to-date symlink: /home/raul/bookros2_ws/install/br2_vff_avoidance/share/br2_vff_avoidance/package.xml
[0.643s] Invoked command in '/home/raul/bookros2_ws/build/br2_vff_avoidance' returned '0': CMAKE_PREFIX_PATH=${CMAKE_PREFIX_PATH}:/home/raul/bookros2_ws/install/ros2controlcli:/home/raul/bookros2_ws/install/launch_pal:/home/raul/bookros2_ws/install/br2_fsm_bumpgo_py:/opt/ros/foxy /usr/bin/cmake --install /home/raul/bookros2_ws/build/br2_vff_avoidance
