-- Install configuration: ""
-- Execute custom install script
-- Up-to-date symlink: /home/raul/bookros2_ws/install/pmb2_bringup/share/pmb2_bringup/config/joy_teleop.yaml
-- Up-to-date symlink: /home/raul/bookros2_ws/install/pmb2_bringup/share/pmb2_bringup/config/pmb2_hardware.yaml
-- Up-to-date symlink: /home/raul/bookros2_ws/install/pmb2_bringup/share/pmb2_bringup/config/twist_mux/joystick.yaml
-- Up-to-date symlink: /home/raul/bookros2_ws/install/pmb2_bringup/share/pmb2_bringup/config/twist_mux/twist_mux_locks.yaml
-- Up-to-date symlink: /home/raul/bookros2_ws/install/pmb2_bringup/share/pmb2_bringup/config/twist_mux/twist_mux_topics.yaml
-- Up-to-date symlink: /home/raul/bookros2_ws/install/pmb2_bringup/share/pmb2_bringup/launch/joystick_teleop.launch.py
-- Up-to-date symlink: /home/raul/bookros2_ws/install/pmb2_bringup/share/pmb2_bringup/launch/pmb2.launch
-- Up-to-date symlink: /home/raul/bookros2_ws/install/pmb2_bringup/share/pmb2_bringup/launch/pmb2_bringup.launch.py
-- Up-to-date symlink: /home/raul/bookros2_ws/install/pmb2_bringup/share/pmb2_bringup/launch/twist_mux.launch.py
-- Up-to-date symlink: /home/raul/bookros2_ws/install/pmb2_bringup/share/ament_index/resource_index/package_run_dependencies/pmb2_bringup
-- Up-to-date symlink: /home/raul/bookros2_ws/install/pmb2_bringup/share/ament_index/resource_index/parent_prefix_path/pmb2_bringup
-- Up-to-date symlink: /home/raul/bookros2_ws/install/pmb2_bringup/share/pmb2_bringup/environment/ament_prefix_path.sh
-- Up-to-date symlink: /home/raul/bookros2_ws/install/pmb2_bringup/share/pmb2_bringup/environment/ament_prefix_path.dsv
-- Up-to-date symlink: /home/raul/bookros2_ws/install/pmb2_bringup/share/pmb2_bringup/environment/path.sh
-- Up-to-date symlink: /home/raul/bookros2_ws/install/pmb2_bringup/share/pmb2_bringup/environment/path.dsv
-- Up-to-date symlink: /home/raul/bookros2_ws/install/pmb2_bringup/share/pmb2_bringup/local_setup.bash
-- Up-to-date symlink: /home/raul/bookros2_ws/install/pmb2_bringup/share/pmb2_bringup/local_setup.sh
-- Up-to-date symlink: /home/raul/bookros2_ws/install/pmb2_bringup/share/pmb2_bringup/local_setup.zsh
-- Up-to-date symlink: /home/raul/bookros2_ws/install/pmb2_bringup/share/pmb2_bringup/local_setup.dsv
-- Symlinking: /home/raul/bookros2_ws/install/pmb2_bringup/share/pmb2_bringup/package.dsv
-- Up-to-date symlink: /home/raul/bookros2_ws/install/pmb2_bringup/share/ament_index/resource_index/packages/pmb2_bringup
-- Up-to-date symlink: /home/raul/bookros2_ws/install/pmb2_bringup/share/pmb2_bringup/cmake/pmb2_bringupConfig.cmake
-- Up-to-date symlink: /home/raul/bookros2_ws/install/pmb2_bringup/share/pmb2_bringup/cmake/pmb2_bringupConfig-version.cmake
-- Up-to-date symlink: /home/raul/bookros2_ws/install/pmb2_bringup/share/pmb2_bringup/package.xml
