[0.170s] Invoking command in '/home/raul/bookros2_ws/build/controller_manager_msgs': CMAKE_PREFIX_PATH=${CMAKE_PREFIX_PATH}:/home/raul/bookros2_ws/install/ros2controlcli:/home/raul/bookros2_ws/install/launch_pal:/home/raul/bookros2_ws/install/br2_fsm_bumpgo_py:/opt/ros/foxy /usr/bin/cmake --build /home/raul/bookros2_ws/build/controller_manager_msgs -- -j10 -l10
[0.514s] [  0%] Built target controller_manager_msgs__cpp
[0.514s] [ 12%] Built target controller_manager_msgs__rosidl_generator_c
[0.515s] [ 24%] Built target controller_manager_msgs__rosidl_typesupport_cpp
[0.515s] [ 36%] Built target controller_manager_msgs__rosidl_typesupport_introspection_cpp
[0.515s] [ 48%] Built target controller_manager_msgs__rosidl_typesupport_c
[0.515s] [ 60%] Built target controller_manager_msgs__rosidl_typesupport_introspection_c
[0.516s] [ 72%] Built target controller_manager_msgs__rosidl_typesupport_fastrtps_cpp
[0.517s] [ 84%] Built target controller_manager_msgs__rosidl_typesupport_fastrtps_c
[0.517s] [ 84%] Built target controller_manager_msgs
[0.555s] [ 85%] Built target controller_manager_msgs__py
[0.676s] [ 96%] Built target controller_manager_msgs__python
[0.773s] [ 97%] Built target controller_manager_msgs__rosidl_typesupport_c__pyext
[0.783s] [ 98%] Built target controller_manager_msgs__rosidl_typesupport_fastrtps_c__pyext
[0.793s] [100%] Built target controller_manager_msgs__rosidl_typesupport_introspection_c__pyext
[0.894s] Invoked command in '/home/raul/bookros2_ws/build/controller_manager_msgs' returned '0': CMAKE_PREFIX_PATH=${CMAKE_PREFIX_PATH}:/home/raul/bookros2_ws/install/ros2controlcli:/home/raul/bookros2_ws/install/launch_pal:/home/raul/bookros2_ws/install/br2_fsm_bumpgo_py:/opt/ros/foxy /usr/bin/cmake --build /home/raul/bookros2_ws/build/controller_manager_msgs -- -j10 -l10
[2.097s] Invoking command in '/home/raul/bookros2_ws/build/controller_manager_msgs': CMAKE_PREFIX_PATH=${CMAKE_PREFIX_PATH}:/home/raul/bookros2_ws/install/ros2controlcli:/home/raul/bookros2_ws/install/launch_pal:/home/raul/bookros2_ws/install/br2_fsm_bumpgo_py:/opt/ros/foxy /usr/bin/cmake --install /home/raul/bookros2_ws/build/controller_manager_msgs
[2.197s] -- Install configuration: ""
[2.197s] -- Execute custom install script
[2.198s] -- Up-to-date symlink: /home/raul/bookros2_ws/install/controller_manager_msgs/share/ament_index/resource_index/rosidl_interfaces/controller_manager_msgs
[2.198s] -- Up-to-date symlink: /home/raul/bookros2_ws/install/controller_manager_msgs/include/controller_manager_msgs/msg/controller_state.h
[2.199s] -- Up-to-date symlink: /home/raul/bookros2_ws/install/controller_manager_msgs/include/controller_manager_msgs/msg/detail/controller_state__functions.h
[2.200s] -- Up-to-date symlink: /home/raul/bookros2_ws/install/controller_manager_msgs/include/controller_manager_msgs/msg/detail/controller_state__struct.h
[2.200s] -- Up-to-date symlink: /home/raul/bookros2_ws/install/controller_manager_msgs/include/controller_manager_msgs/msg/detail/controller_state__type_support.h
[2.200s] -- Up-to-date symlink: /home/raul/bookros2_ws/install/controller_manager_msgs/include/controller_manager_msgs/msg/detail/hardware_interface__functions.h
[2.201s] -- Up-to-date symlink: /home/raul/bookros2_ws/install/controller_manager_msgs/include/controller_manager_msgs/msg/detail/hardware_interface__struct.h
[2.202s] -- Up-to-date symlink: /home/raul/bookros2_ws/install/controller_manager_msgs/include/controller_manager_msgs/msg/detail/hardware_interface__type_support.h
[2.204s] -- Up-to-date symlink: /home/raul/bookros2_ws/install/controller_manager_msgs/include/controller_manager_msgs/msg/hardware_interface.h
[2.204s] -- Up-to-date symlink: /home/raul/bookros2_ws/install/controller_manager_msgs/include/controller_manager_msgs/msg/rosidl_generator_c__visibility_control.h
[2.204s] -- Up-to-date symlink: /home/raul/bookros2_ws/install/controller_manager_msgs/include/controller_manager_msgs/srv/configure_controller.h
[2.205s] -- Up-to-date symlink: /home/raul/bookros2_ws/install/controller_manager_msgs/include/controller_manager_msgs/srv/configure_start_controller.h
[2.205s] -- Up-to-date symlink: /home/raul/bookros2_ws/install/controller_manager_msgs/include/controller_manager_msgs/srv/detail/configure_controller__functions.h
[2.205s] -- Up-to-date symlink: /home/raul/bookros2_ws/install/controller_manager_msgs/include/controller_manager_msgs/srv/detail/configure_controller__struct.h
[2.206s] -- Up-to-date symlink: /home/raul/bookros2_ws/install/controller_manager_msgs/include/controller_manager_msgs/srv/detail/configure_controller__type_support.h
[2.206s] -- Up-to-date symlink: /home/raul/bookros2_ws/install/controller_manager_msgs/include/controller_manager_msgs/srv/detail/configure_start_controller__functions.h
[2.206s] -- Up-to-date symlink: /home/raul/bookros2_ws/install/controller_manager_msgs/include/controller_manager_msgs/srv/detail/configure_start_controller__struct.h
[2.207s] -- Up-to-date symlink: /home/raul/bookros2_ws/install/controller_manager_msgs/include/controller_manager_msgs/srv/detail/configure_start_controller__type_support.h
[2.207s] -- Up-to-date symlink: /home/raul/bookros2_ws/install/controller_manager_msgs/include/controller_manager_msgs/srv/detail/list_controller_types__functions.h
[2.208s] -- Up-to-date symlink: /home/raul/bookros2_ws/install/controller_manager_msgs/include/controller_manager_msgs/srv/detail/list_controller_types__struct.h
[2.208s] -- Up-to-date symlink: /home/raul/bookros2_ws/install/controller_manager_msgs/include/controller_manager_msgs/srv/detail/list_controller_types__type_support.h
[2.209s] -- Up-to-date symlink: /home/raul/bookros2_ws/install/controller_manager_msgs/include/controller_manager_msgs/srv/detail/list_controllers__functions.h
[2.209s] -- Up-to-date symlink: /home/raul/bookros2_ws/install/controller_manager_msgs/include/controller_manager_msgs/srv/detail/list_controllers__struct.h
[2.209s] -- Up-to-date symlink: /home/raul/bookros2_ws/install/controller_manager_msgs/include/controller_manager_msgs/srv/detail/list_controllers__type_support.h
[2.209s] -- Up-to-date symlink: /home/raul/bookros2_ws/install/controller_manager_msgs/include/controller_manager_msgs/srv/detail/list_hardware_interfaces__functions.h
[2.209s] -- Up-to-date symlink: /home/raul/bookros2_ws/install/controller_manager_msgs/include/controller_manager_msgs/srv/detail/list_hardware_interfaces__struct.h
[2.210s] -- Up-to-date symlink: /home/raul/bookros2_ws/install/controller_manager_msgs/include/controller_manager_msgs/srv/detail/list_hardware_interfaces__type_support.h
[2.210s] -- Up-to-date symlink: /home/raul/bookros2_ws/install/controller_manager_msgs/include/controller_manager_msgs/srv/detail/load_configure_controller__functions.h
[2.211s] -- Up-to-date symlink: /home/raul/bookros2_ws/install/controller_manager_msgs/include/controller_manager_msgs/srv/detail/load_configure_controller__struct.h
[2.211s] -- Up-to-date symlink: /home/raul/bookros2_ws/install/controller_manager_msgs/include/controller_manager_msgs/srv/detail/load_configure_controller__type_support.h
[2.212s] -- Up-to-date symlink: /home/raul/bookros2_ws/install/controller_manager_msgs/include/controller_manager_msgs/srv/detail/load_controller__functions.h
[2.212s] -- Up-to-date symlink: /home/raul/bookros2_ws/install/controller_manager_msgs/include/controller_manager_msgs/srv/detail/load_controller__struct.h
[2.212s] -- Up-to-date symlink: /home/raul/bookros2_ws/install/controller_manager_msgs/include/controller_manager_msgs/srv/detail/load_controller__type_support.h
[2.213s] -- Up-to-date symlink: /home/raul/bookros2_ws/install/controller_manager_msgs/include/controller_manager_msgs/srv/detail/load_start_controller__functions.h
[2.213s] -- Up-to-date symlink: /home/raul/bookros2_ws/install/controller_manager_msgs/include/controller_manager_msgs/srv/detail/load_start_controller__struct.h
[2.213s] -- Up-to-date symlink: /home/raul/bookros2_ws/install/controller_manager_msgs/include/controller_manager_msgs/srv/detail/load_start_controller__type_support.h
[2.218s] -- Up-to-date symlink: /home/raul/bookros2_ws/install/controller_manager_msgs/include/controller_manager_msgs/srv/detail/reload_controller_libraries__functions.h
[2.218s] -- Up-to-date symlink: /home/raul/bookros2_ws/install/controller_manager_msgs/include/controller_manager_msgs/srv/detail/reload_controller_libraries__struct.h
[2.219s] -- Up-to-date symlink: /home/raul/bookros2_ws/install/controller_manager_msgs/include/controller_manager_msgs/srv/detail/reload_controller_libraries__type_support.h
[2.219s] -- Up-to-date symlink: /home/raul/bookros2_ws/install/controller_manager_msgs/include/controller_manager_msgs/srv/detail/switch_controller__functions.h
[2.219s] -- Up-to-date symlink: /home/raul/bookros2_ws/install/controller_manager_msgs/include/controller_manager_msgs/srv/detail/switch_controller__struct.h
[2.220s] -- Up-to-date symlink: /home/raul/bookros2_ws/install/controller_manager_msgs/include/controller_manager_msgs/srv/detail/switch_controller__type_support.h
[2.220s] -- Up-to-date symlink: /home/raul/bookros2_ws/install/controller_manager_msgs/include/controller_manager_msgs/srv/detail/unload_controller__functions.h
[2.220s] -- Up-to-date symlink: /home/raul/bookros2_ws/install/controller_manager_msgs/include/controller_manager_msgs/srv/detail/unload_controller__struct.h
[2.221s] -- Up-to-date symlink: /home/raul/bookros2_ws/install/controller_manager_msgs/include/controller_manager_msgs/srv/detail/unload_controller__type_support.h
[2.221s] -- Up-to-date symlink: /home/raul/bookros2_ws/install/controller_manager_msgs/include/controller_manager_msgs/srv/list_controller_types.h
[2.222s] -- Up-to-date symlink: /home/raul/bookros2_ws/install/controller_manager_msgs/include/controller_manager_msgs/srv/list_controllers.h
[2.222s] -- Up-to-date symlink: /home/raul/bookros2_ws/install/controller_manager_msgs/include/controller_manager_msgs/srv/list_hardware_interfaces.h
[2.222s] -- Up-to-date symlink: /home/raul/bookros2_ws/install/controller_manager_msgs/include/controller_manager_msgs/srv/load_configure_controller.h
[2.223s] -- Up-to-date symlink: /home/raul/bookros2_ws/install/controller_manager_msgs/include/controller_manager_msgs/srv/load_controller.h
[2.223s] -- Up-to-date symlink: /home/raul/bookros2_ws/install/controller_manager_msgs/include/controller_manager_msgs/srv/load_start_controller.h
[2.223s] -- Up-to-date symlink: /home/raul/bookros2_ws/install/controller_manager_msgs/include/controller_manager_msgs/srv/reload_controller_libraries.h
[2.224s] -- Up-to-date symlink: /home/raul/bookros2_ws/install/controller_manager_msgs/include/controller_manager_msgs/srv/switch_controller.h
[2.224s] -- Up-to-date symlink: /home/raul/bookros2_ws/install/controller_manager_msgs/include/controller_manager_msgs/srv/unload_controller.h
[2.224s] -- Up-to-date symlink: /home/raul/bookros2_ws/install/controller_manager_msgs/share/controller_manager_msgs/environment/library_path.sh
[2.225s] -- Up-to-date symlink: /home/raul/bookros2_ws/install/controller_manager_msgs/share/controller_manager_msgs/environment/library_path.dsv
[2.225s] -- Up-to-date symlink: /home/raul/bookros2_ws/install/controller_manager_msgs/include/controller_manager_msgs/msg/detail/controller_state__rosidl_typesupport_fastrtps_c.h
[2.225s] -- Up-to-date symlink: /home/raul/bookros2_ws/install/controller_manager_msgs/include/controller_manager_msgs/msg/detail/hardware_interface__rosidl_typesupport_fastrtps_c.h
[2.226s] -- Up-to-date symlink: /home/raul/bookros2_ws/install/controller_manager_msgs/include/controller_manager_msgs/msg/rosidl_typesupport_fastrtps_c__visibility_control.h
[2.226s] -- Up-to-date symlink: /home/raul/bookros2_ws/install/controller_manager_msgs/include/controller_manager_msgs/srv/detail/configure_controller__rosidl_typesupport_fastrtps_c.h
[2.226s] -- Up-to-date symlink: /home/raul/bookros2_ws/install/controller_manager_msgs/include/controller_manager_msgs/srv/detail/configure_start_controller__rosidl_typesupport_fastrtps_c.h
[2.227s] -- Up-to-date symlink: /home/raul/bookros2_ws/install/controller_manager_msgs/include/controller_manager_msgs/srv/detail/list_controller_types__rosidl_typesupport_fastrtps_c.h
[2.227s] -- Up-to-date symlink: /home/raul/bookros2_ws/install/controller_manager_msgs/include/controller_manager_msgs/srv/detail/list_controllers__rosidl_typesupport_fastrtps_c.h
[2.227s] -- Up-to-date symlink: /home/raul/bookros2_ws/install/controller_manager_msgs/include/controller_manager_msgs/srv/detail/list_hardware_interfaces__rosidl_typesupport_fastrtps_c.h
[2.227s] -- Up-to-date symlink: /home/raul/bookros2_ws/install/controller_manager_msgs/include/controller_manager_msgs/srv/detail/load_configure_controller__rosidl_typesupport_fastrtps_c.h
[2.228s] -- Up-to-date symlink: /home/raul/bookros2_ws/install/controller_manager_msgs/include/controller_manager_msgs/srv/detail/load_controller__rosidl_typesupport_fastrtps_c.h
[2.228s] -- Up-to-date symlink: /home/raul/bookros2_ws/install/controller_manager_msgs/include/controller_manager_msgs/srv/detail/load_start_controller__rosidl_typesupport_fastrtps_c.h
[2.228s] -- Up-to-date symlink: /home/raul/bookros2_ws/install/controller_manager_msgs/include/controller_manager_msgs/srv/detail/reload_controller_libraries__rosidl_typesupport_fastrtps_c.h
[2.228s] -- Up-to-date symlink: /home/raul/bookros2_ws/install/controller_manager_msgs/include/controller_manager_msgs/srv/detail/switch_controller__rosidl_typesupport_fastrtps_c.h
[2.229s] -- Up-to-date symlink: /home/raul/bookros2_ws/install/controller_manager_msgs/include/controller_manager_msgs/srv/detail/unload_controller__rosidl_typesupport_fastrtps_c.h
[2.229s] -- Up-to-date symlink: /home/raul/bookros2_ws/install/controller_manager_msgs/lib/libcontroller_manager_msgs__rosidl_typesupport_fastrtps_c.so
[2.229s] -- Up-to-date symlink: /home/raul/bookros2_ws/install/controller_manager_msgs/include/controller_manager_msgs/msg/detail/controller_state__rosidl_typesupport_fastrtps_cpp.hpp
[2.230s] -- Up-to-date symlink: /home/raul/bookros2_ws/install/controller_manager_msgs/include/controller_manager_msgs/msg/detail/hardware_interface__rosidl_typesupport_fastrtps_cpp.hpp
[2.231s] -- Up-to-date symlink: /home/raul/bookros2_ws/install/controller_manager_msgs/include/controller_manager_msgs/msg/rosidl_typesupport_fastrtps_cpp__visibility_control.h
[2.231s] -- Up-to-date symlink: /home/raul/bookros2_ws/install/controller_manager_msgs/include/controller_manager_msgs/srv/detail/configure_controller__rosidl_typesupport_fastrtps_cpp.hpp
[2.231s] -- Up-to-date symlink: /home/raul/bookros2_ws/install/controller_manager_msgs/include/controller_manager_msgs/srv/detail/configure_start_controller__rosidl_typesupport_fastrtps_cpp.hpp
[2.232s] -- Up-to-date symlink: /home/raul/bookros2_ws/install/controller_manager_msgs/include/controller_manager_msgs/srv/detail/list_controller_types__rosidl_typesupport_fastrtps_cpp.hpp
[2.232s] -- Up-to-date symlink: /home/raul/bookros2_ws/install/controller_manager_msgs/include/controller_manager_msgs/srv/detail/list_controllers__rosidl_typesupport_fastrtps_cpp.hpp
[2.232s] -- Up-to-date symlink: /home/raul/bookros2_ws/install/controller_manager_msgs/include/controller_manager_msgs/srv/detail/list_hardware_interfaces__rosidl_typesupport_fastrtps_cpp.hpp
[2.233s] -- Up-to-date symlink: /home/raul/bookros2_ws/install/controller_manager_msgs/include/controller_manager_msgs/srv/detail/load_configure_controller__rosidl_typesupport_fastrtps_cpp.hpp
[2.233s] -- Up-to-date symlink: /home/raul/bookros2_ws/install/controller_manager_msgs/include/controller_manager_msgs/srv/detail/load_controller__rosidl_typesupport_fastrtps_cpp.hpp
[2.233s] -- Up-to-date symlink: /home/raul/bookros2_ws/install/controller_manager_msgs/include/controller_manager_msgs/srv/detail/load_start_controller__rosidl_typesupport_fastrtps_cpp.hpp
[2.233s] -- Up-to-date symlink: /home/raul/bookros2_ws/install/controller_manager_msgs/include/controller_manager_msgs/srv/detail/reload_controller_libraries__rosidl_typesupport_fastrtps_cpp.hpp
[2.234s] -- Up-to-date symlink: /home/raul/bookros2_ws/install/controller_manager_msgs/include/controller_manager_msgs/srv/detail/switch_controller__rosidl_typesupport_fastrtps_cpp.hpp
[2.234s] -- Up-to-date symlink: /home/raul/bookros2_ws/install/controller_manager_msgs/include/controller_manager_msgs/srv/detail/unload_controller__rosidl_typesupport_fastrtps_cpp.hpp
[2.234s] -- Up-to-date symlink: /home/raul/bookros2_ws/install/controller_manager_msgs/lib/libcontroller_manager_msgs__rosidl_typesupport_fastrtps_cpp.so
[2.244s] -- Up-to-date symlink: /home/raul/bookros2_ws/install/controller_manager_msgs/include/controller_manager_msgs/msg/detail/controller_state__rosidl_typesupport_introspection_c.h
[2.244s] -- Up-to-date symlink: /home/raul/bookros2_ws/install/controller_manager_msgs/include/controller_manager_msgs/msg/detail/hardware_interface__rosidl_typesupport_introspection_c.h
[2.245s] -- Up-to-date symlink: /home/raul/bookros2_ws/install/controller_manager_msgs/include/controller_manager_msgs/msg/rosidl_typesupport_introspection_c__visibility_control.h
[2.245s] -- Up-to-date symlink: /home/raul/bookros2_ws/install/controller_manager_msgs/include/controller_manager_msgs/srv/detail/configure_controller__rosidl_typesupport_introspection_c.h
[2.245s] -- Up-to-date symlink: /home/raul/bookros2_ws/install/controller_manager_msgs/include/controller_manager_msgs/srv/detail/configure_start_controller__rosidl_typesupport_introspection_c.h
[2.245s] -- Up-to-date symlink: /home/raul/bookros2_ws/install/controller_manager_msgs/include/controller_manager_msgs/srv/detail/list_controller_types__rosidl_typesupport_introspection_c.h
[2.251s] -- Up-to-date symlink: /home/raul/bookros2_ws/install/controller_manager_msgs/include/controller_manager_msgs/srv/detail/list_controllers__rosidl_typesupport_introspection_c.h
[2.252s] -- Up-to-date symlink: /home/raul/bookros2_ws/install/controller_manager_msgs/include/controller_manager_msgs/srv/detail/list_hardware_interfaces__rosidl_typesupport_introspection_c.h
[2.252s] -- Up-to-date symlink: /home/raul/bookros2_ws/install/controller_manager_msgs/include/controller_manager_msgs/srv/detail/load_configure_controller__rosidl_typesupport_introspection_c.h
[2.252s] -- Up-to-date symlink: /home/raul/bookros2_ws/install/controller_manager_msgs/include/controller_manager_msgs/srv/detail/load_controller__rosidl_typesupport_introspection_c.h
[2.252s] -- Up-to-date symlink: /home/raul/bookros2_ws/install/controller_manager_msgs/include/controller_manager_msgs/srv/detail/load_start_controller__rosidl_typesupport_introspection_c.h
[2.252s] -- Up-to-date symlink: /home/raul/bookros2_ws/install/controller_manager_msgs/include/controller_manager_msgs/srv/detail/reload_controller_libraries__rosidl_typesupport_introspection_c.h
[2.253s] -- Up-to-date symlink: /home/raul/bookros2_ws/install/controller_manager_msgs/include/controller_manager_msgs/srv/detail/switch_controller__rosidl_typesupport_introspection_c.h
[2.253s] -- Up-to-date symlink: /home/raul/bookros2_ws/install/controller_manager_msgs/include/controller_manager_msgs/srv/detail/unload_controller__rosidl_typesupport_introspection_c.h
[2.253s] -- Up-to-date symlink: /home/raul/bookros2_ws/install/controller_manager_msgs/include/controller_manager_msgs/msg/controller_state.hpp
[2.253s] -- Up-to-date symlink: /home/raul/bookros2_ws/install/controller_manager_msgs/include/controller_manager_msgs/msg/detail/controller_state__builder.hpp
[2.253s] -- Up-to-date symlink: /home/raul/bookros2_ws/install/controller_manager_msgs/include/controller_manager_msgs/msg/detail/controller_state__struct.hpp
[2.253s] -- Up-to-date symlink: /home/raul/bookros2_ws/install/controller_manager_msgs/include/controller_manager_msgs/msg/detail/controller_state__traits.hpp
[2.254s] -- Up-to-date symlink: /home/raul/bookros2_ws/install/controller_manager_msgs/include/controller_manager_msgs/msg/detail/hardware_interface__builder.hpp
[2.254s] -- Up-to-date symlink: /home/raul/bookros2_ws/install/controller_manager_msgs/include/controller_manager_msgs/msg/detail/hardware_interface__struct.hpp
[2.254s] -- Up-to-date symlink: /home/raul/bookros2_ws/install/controller_manager_msgs/include/controller_manager_msgs/msg/detail/hardware_interface__traits.hpp
[2.255s] -- Up-to-date symlink: /home/raul/bookros2_ws/install/controller_manager_msgs/include/controller_manager_msgs/msg/hardware_interface.hpp
[2.255s] -- Up-to-date symlink: /home/raul/bookros2_ws/install/controller_manager_msgs/include/controller_manager_msgs/srv/configure_controller.hpp
[2.255s] -- Up-to-date symlink: /home/raul/bookros2_ws/install/controller_manager_msgs/include/controller_manager_msgs/srv/configure_start_controller.hpp
[2.255s] -- Up-to-date symlink: /home/raul/bookros2_ws/install/controller_manager_msgs/include/controller_manager_msgs/srv/detail/configure_controller__builder.hpp
[2.255s] -- Up-to-date symlink: /home/raul/bookros2_ws/install/controller_manager_msgs/include/controller_manager_msgs/srv/detail/configure_controller__struct.hpp
[2.256s] -- Up-to-date symlink: /home/raul/bookros2_ws/install/controller_manager_msgs/include/controller_manager_msgs/srv/detail/configure_controller__traits.hpp
[2.256s] -- Up-to-date symlink: /home/raul/bookros2_ws/install/controller_manager_msgs/include/controller_manager_msgs/srv/detail/configure_start_controller__builder.hpp
[2.256s] -- Up-to-date symlink: /home/raul/bookros2_ws/install/controller_manager_msgs/include/controller_manager_msgs/srv/detail/configure_start_controller__struct.hpp
[2.256s] -- Up-to-date symlink: /home/raul/bookros2_ws/install/controller_manager_msgs/include/controller_manager_msgs/srv/detail/configure_start_controller__traits.hpp
[2.257s] -- Up-to-date symlink: /home/raul/bookros2_ws/install/controller_manager_msgs/include/controller_manager_msgs/srv/detail/list_controller_types__builder.hpp
[2.258s] -- Up-to-date symlink: /home/raul/bookros2_ws/install/controller_manager_msgs/include/controller_manager_msgs/srv/detail/list_controller_types__struct.hpp
[2.259s] -- Up-to-date symlink: /home/raul/bookros2_ws/install/controller_manager_msgs/include/controller_manager_msgs/srv/detail/list_controller_types__traits.hpp
[2.259s] -- Up-to-date symlink: /home/raul/bookros2_ws/install/controller_manager_msgs/include/controller_manager_msgs/srv/detail/list_controllers__builder.hpp
[2.259s] -- Up-to-date symlink: /home/raul/bookros2_ws/install/controller_manager_msgs/include/controller_manager_msgs/srv/detail/list_controllers__struct.hpp
[2.259s] -- Up-to-date symlink: /home/raul/bookros2_ws/install/controller_manager_msgs/include/controller_manager_msgs/srv/detail/list_controllers__traits.hpp
[2.259s] -- Up-to-date symlink: /home/raul/bookros2_ws/install/controller_manager_msgs/include/controller_manager_msgs/srv/detail/list_hardware_interfaces__builder.hpp
[2.260s] -- Up-to-date symlink: /home/raul/bookros2_ws/install/controller_manager_msgs/include/controller_manager_msgs/srv/detail/list_hardware_interfaces__struct.hpp
[2.260s] -- Up-to-date symlink: /home/raul/bookros2_ws/install/controller_manager_msgs/include/controller_manager_msgs/srv/detail/list_hardware_interfaces__traits.hpp
[2.260s] -- Up-to-date symlink: /home/raul/bookros2_ws/install/controller_manager_msgs/include/controller_manager_msgs/srv/detail/load_configure_controller__builder.hpp
[2.260s] -- Up-to-date symlink: /home/raul/bookros2_ws/install/controller_manager_msgs/include/controller_manager_msgs/srv/detail/load_configure_controller__struct.hpp
[2.260s] -- Up-to-date symlink: /home/raul/bookros2_ws/install/controller_manager_msgs/include/controller_manager_msgs/srv/detail/load_configure_controller__traits.hpp
[2.261s] -- Up-to-date symlink: /home/raul/bookros2_ws/install/controller_manager_msgs/include/controller_manager_msgs/srv/detail/load_controller__builder.hpp
[2.261s] -- Up-to-date symlink: /home/raul/bookros2_ws/install/controller_manager_msgs/include/controller_manager_msgs/srv/detail/load_controller__struct.hpp
[2.261s] -- Up-to-date symlink: /home/raul/bookros2_ws/install/controller_manager_msgs/include/controller_manager_msgs/srv/detail/load_controller__traits.hpp
[2.261s] -- Up-to-date symlink: /home/raul/bookros2_ws/install/controller_manager_msgs/include/controller_manager_msgs/srv/detail/load_start_controller__builder.hpp
[2.261s] -- Up-to-date symlink: /home/raul/bookros2_ws/install/controller_manager_msgs/include/controller_manager_msgs/srv/detail/load_start_controller__struct.hpp
[2.262s] -- Up-to-date symlink: /home/raul/bookros2_ws/install/controller_manager_msgs/include/controller_manager_msgs/srv/detail/load_start_controller__traits.hpp
[2.262s] -- Up-to-date symlink: /home/raul/bookros2_ws/install/controller_manager_msgs/include/controller_manager_msgs/srv/detail/reload_controller_libraries__builder.hpp
[2.262s] -- Up-to-date symlink: /home/raul/bookros2_ws/install/controller_manager_msgs/include/controller_manager_msgs/srv/detail/reload_controller_libraries__struct.hpp
[2.263s] -- Up-to-date symlink: /home/raul/bookros2_ws/install/controller_manager_msgs/include/controller_manager_msgs/srv/detail/reload_controller_libraries__traits.hpp
[2.263s] -- Up-to-date symlink: /home/raul/bookros2_ws/install/controller_manager_msgs/include/controller_manager_msgs/srv/detail/switch_controller__builder.hpp
[2.263s] -- Up-to-date symlink: /home/raul/bookros2_ws/install/controller_manager_msgs/include/controller_manager_msgs/srv/detail/switch_controller__struct.hpp
[2.263s] -- Up-to-date symlink: /home/raul/bookros2_ws/install/controller_manager_msgs/include/controller_manager_msgs/srv/detail/switch_controller__traits.hpp
[2.264s] -- Up-to-date symlink: /home/raul/bookros2_ws/install/controller_manager_msgs/include/controller_manager_msgs/srv/detail/unload_controller__builder.hpp
[2.264s] -- Up-to-date symlink: /home/raul/bookros2_ws/install/controller_manager_msgs/include/controller_manager_msgs/srv/detail/unload_controller__struct.hpp
[2.264s] -- Up-to-date symlink: /home/raul/bookros2_ws/install/controller_manager_msgs/include/controller_manager_msgs/srv/detail/unload_controller__traits.hpp
[2.264s] -- Up-to-date symlink: /home/raul/bookros2_ws/install/controller_manager_msgs/include/controller_manager_msgs/srv/list_controller_types.hpp
[2.265s] -- Up-to-date symlink: /home/raul/bookros2_ws/install/controller_manager_msgs/include/controller_manager_msgs/srv/list_controllers.hpp
[2.265s] -- Up-to-date symlink: /home/raul/bookros2_ws/install/controller_manager_msgs/include/controller_manager_msgs/srv/list_hardware_interfaces.hpp
[2.265s] -- Up-to-date symlink: /home/raul/bookros2_ws/install/controller_manager_msgs/include/controller_manager_msgs/srv/load_configure_controller.hpp
[2.265s] -- Up-to-date symlink: /home/raul/bookros2_ws/install/controller_manager_msgs/include/controller_manager_msgs/srv/load_controller.hpp
[2.266s] -- Up-to-date symlink: /home/raul/bookros2_ws/install/controller_manager_msgs/include/controller_manager_msgs/srv/load_start_controller.hpp
[2.266s] -- Up-to-date symlink: /home/raul/bookros2_ws/install/controller_manager_msgs/include/controller_manager_msgs/srv/reload_controller_libraries.hpp
[2.266s] -- Up-to-date symlink: /home/raul/bookros2_ws/install/controller_manager_msgs/include/controller_manager_msgs/srv/switch_controller.hpp
[2.266s] -- Up-to-date symlink: /home/raul/bookros2_ws/install/controller_manager_msgs/include/controller_manager_msgs/srv/unload_controller.hpp
[2.266s] -- Up-to-date symlink: /home/raul/bookros2_ws/install/controller_manager_msgs/include/controller_manager_msgs/msg/detail/controller_state__rosidl_typesupport_introspection_cpp.hpp
[2.267s] -- Up-to-date symlink: /home/raul/bookros2_ws/install/controller_manager_msgs/include/controller_manager_msgs/msg/detail/hardware_interface__rosidl_typesupport_introspection_cpp.hpp
[2.267s] -- Up-to-date symlink: /home/raul/bookros2_ws/install/controller_manager_msgs/include/controller_manager_msgs/srv/detail/configure_controller__rosidl_typesupport_introspection_cpp.hpp
[2.267s] -- Up-to-date symlink: /home/raul/bookros2_ws/install/controller_manager_msgs/include/controller_manager_msgs/srv/detail/configure_start_controller__rosidl_typesupport_introspection_cpp.hpp
[2.267s] -- Up-to-date symlink: /home/raul/bookros2_ws/install/controller_manager_msgs/include/controller_manager_msgs/srv/detail/list_controller_types__rosidl_typesupport_introspection_cpp.hpp
[2.268s] -- Up-to-date symlink: /home/raul/bookros2_ws/install/controller_manager_msgs/include/controller_manager_msgs/srv/detail/list_controllers__rosidl_typesupport_introspection_cpp.hpp
[2.268s] -- Up-to-date symlink: /home/raul/bookros2_ws/install/controller_manager_msgs/include/controller_manager_msgs/srv/detail/list_hardware_interfaces__rosidl_typesupport_introspection_cpp.hpp
[2.268s] -- Up-to-date symlink: /home/raul/bookros2_ws/install/controller_manager_msgs/include/controller_manager_msgs/srv/detail/load_configure_controller__rosidl_typesupport_introspection_cpp.hpp
[2.268s] -- Up-to-date symlink: /home/raul/bookros2_ws/install/controller_manager_msgs/include/controller_manager_msgs/srv/detail/load_controller__rosidl_typesupport_introspection_cpp.hpp
[2.268s] -- Up-to-date symlink: /home/raul/bookros2_ws/install/controller_manager_msgs/include/controller_manager_msgs/srv/detail/load_start_controller__rosidl_typesupport_introspection_cpp.hpp
[2.269s] -- Up-to-date symlink: /home/raul/bookros2_ws/install/controller_manager_msgs/include/controller_manager_msgs/srv/detail/reload_controller_libraries__rosidl_typesupport_introspection_cpp.hpp
[2.269s] -- Up-to-date symlink: /home/raul/bookros2_ws/install/controller_manager_msgs/include/controller_manager_msgs/srv/detail/switch_controller__rosidl_typesupport_introspection_cpp.hpp
[2.269s] -- Up-to-date symlink: /home/raul/bookros2_ws/install/controller_manager_msgs/include/controller_manager_msgs/srv/detail/unload_controller__rosidl_typesupport_introspection_cpp.hpp
[2.269s] -- Up-to-date symlink: /home/raul/bookros2_ws/install/controller_manager_msgs/share/controller_manager_msgs/environment/pythonpath.sh
[2.269s] -- Up-to-date symlink: /home/raul/bookros2_ws/install/controller_manager_msgs/share/controller_manager_msgs/environment/pythonpath.dsv
[2.270s] -- Up-to-date symlink: /home/raul/bookros2_ws/install/controller_manager_msgs/lib/python3.8/site-packages/controller_manager_msgs/__init__.py
[2.270s] -- Up-to-date symlink: /home/raul/bookros2_ws/install/controller_manager_msgs/lib/python3.8/site-packages/controller_manager_msgs/msg/__init__.py
[2.270s] -- Up-to-date symlink: /home/raul/bookros2_ws/install/controller_manager_msgs/lib/python3.8/site-packages/controller_manager_msgs/msg/_controller_state.py
[2.270s] -- Up-to-date symlink: /home/raul/bookros2_ws/install/controller_manager_msgs/lib/python3.8/site-packages/controller_manager_msgs/msg/_hardware_interface.py
[2.270s] -- Up-to-date symlink: /home/raul/bookros2_ws/install/controller_manager_msgs/lib/python3.8/site-packages/controller_manager_msgs/srv/__init__.py
[2.271s] -- Up-to-date symlink: /home/raul/bookros2_ws/install/controller_manager_msgs/lib/python3.8/site-packages/controller_manager_msgs/srv/_configure_controller.py
[2.271s] -- Up-to-date symlink: /home/raul/bookros2_ws/install/controller_manager_msgs/lib/python3.8/site-packages/controller_manager_msgs/srv/_configure_start_controller.py
[2.271s] -- Up-to-date symlink: /home/raul/bookros2_ws/install/controller_manager_msgs/lib/python3.8/site-packages/controller_manager_msgs/srv/_list_controller_types.py
[2.272s] -- Up-to-date symlink: /home/raul/bookros2_ws/install/controller_manager_msgs/lib/python3.8/site-packages/controller_manager_msgs/srv/_list_controllers.py
[2.272s] -- Up-to-date symlink: /home/raul/bookros2_ws/install/controller_manager_msgs/lib/python3.8/site-packages/controller_manager_msgs/srv/_list_hardware_interfaces.py
[2.272s] -- Up-to-date symlink: /home/raul/bookros2_ws/install/controller_manager_msgs/lib/python3.8/site-packages/controller_manager_msgs/srv/_load_configure_controller.py
[2.272s] -- Up-to-date symlink: /home/raul/bookros2_ws/install/controller_manager_msgs/lib/python3.8/site-packages/controller_manager_msgs/srv/_load_controller.py
[2.273s] -- Up-to-date symlink: /home/raul/bookros2_ws/install/controller_manager_msgs/lib/python3.8/site-packages/controller_manager_msgs/srv/_load_start_controller.py
[2.273s] -- Up-to-date symlink: /home/raul/bookros2_ws/install/controller_manager_msgs/lib/python3.8/site-packages/controller_manager_msgs/srv/_reload_controller_libraries.py
[2.273s] -- Up-to-date symlink: /home/raul/bookros2_ws/install/controller_manager_msgs/lib/python3.8/site-packages/controller_manager_msgs/srv/_switch_controller.py
[2.274s] -- Up-to-date symlink: /home/raul/bookros2_ws/install/controller_manager_msgs/lib/python3.8/site-packages/controller_manager_msgs/srv/_unload_controller.py
[2.274s] -- Up-to-date symlink: /home/raul/bookros2_ws/install/controller_manager_msgs/lib/python3.8/site-packages/controller_manager_msgs/controller_manager_msgs_s__rosidl_typesupport_fastrtps_c.cpython-38-x86_64-linux-gnu.so
[2.274s] -- Up-to-date symlink: /home/raul/bookros2_ws/install/controller_manager_msgs/lib/python3.8/site-packages/controller_manager_msgs/controller_manager_msgs_s__rosidl_typesupport_introspection_c.cpython-38-x86_64-linux-gnu.so
[2.274s] -- Up-to-date symlink: /home/raul/bookros2_ws/install/controller_manager_msgs/lib/python3.8/site-packages/controller_manager_msgs/controller_manager_msgs_s__rosidl_typesupport_c.cpython-38-x86_64-linux-gnu.so
[2.274s] -- Up-to-date symlink: /home/raul/bookros2_ws/install/controller_manager_msgs/lib/libcontroller_manager_msgs__python.so
[2.275s] -- Up-to-date symlink: /home/raul/bookros2_ws/install/controller_manager_msgs/share/controller_manager_msgs/msg/ControllerState.idl
[2.275s] -- Up-to-date symlink: /home/raul/bookros2_ws/install/controller_manager_msgs/share/controller_manager_msgs/msg/HardwareInterface.idl
[2.275s] -- Up-to-date symlink: /home/raul/bookros2_ws/install/controller_manager_msgs/share/controller_manager_msgs/srv/ConfigureController.idl
[2.276s] -- Up-to-date symlink: /home/raul/bookros2_ws/install/controller_manager_msgs/share/controller_manager_msgs/srv/ConfigureStartController.idl
[2.276s] -- Up-to-date symlink: /home/raul/bookros2_ws/install/controller_manager_msgs/share/controller_manager_msgs/srv/ListControllers.idl
[2.276s] -- Up-to-date symlink: /home/raul/bookros2_ws/install/controller_manager_msgs/share/controller_manager_msgs/srv/ListControllerTypes.idl
[2.276s] -- Up-to-date symlink: /home/raul/bookros2_ws/install/controller_manager_msgs/share/controller_manager_msgs/srv/ListHardwareInterfaces.idl
[2.276s] -- Up-to-date symlink: /home/raul/bookros2_ws/install/controller_manager_msgs/share/controller_manager_msgs/srv/LoadConfigureController.idl
[2.277s] -- Up-to-date symlink: /home/raul/bookros2_ws/install/controller_manager_msgs/share/controller_manager_msgs/srv/LoadController.idl
[2.277s] -- Up-to-date symlink: /home/raul/bookros2_ws/install/controller_manager_msgs/share/controller_manager_msgs/srv/LoadStartController.idl
[2.277s] -- Up-to-date symlink: /home/raul/bookros2_ws/install/controller_manager_msgs/share/controller_manager_msgs/srv/ReloadControllerLibraries.idl
[2.277s] -- Up-to-date symlink: /home/raul/bookros2_ws/install/controller_manager_msgs/share/controller_manager_msgs/srv/SwitchController.idl
[2.277s] -- Up-to-date symlink: /home/raul/bookros2_ws/install/controller_manager_msgs/share/controller_manager_msgs/srv/UnloadController.idl
[2.278s] -- Up-to-date symlink: /home/raul/bookros2_ws/install/controller_manager_msgs/share/controller_manager_msgs/msg/ControllerState.msg
[2.278s] -- Up-to-date symlink: /home/raul/bookros2_ws/install/controller_manager_msgs/share/controller_manager_msgs/msg/HardwareInterface.msg
[2.278s] -- Up-to-date symlink: /home/raul/bookros2_ws/install/controller_manager_msgs/share/controller_manager_msgs/srv/ConfigureController.srv
[2.278s] -- Up-to-date symlink: /home/raul/bookros2_ws/install/controller_manager_msgs/share/controller_manager_msgs/srv/ConfigureController_Request.msg
[2.278s] -- Up-to-date symlink: /home/raul/bookros2_ws/install/controller_manager_msgs/share/controller_manager_msgs/srv/ConfigureController_Response.msg
[2.278s] -- Up-to-date symlink: /home/raul/bookros2_ws/install/controller_manager_msgs/share/controller_manager_msgs/srv/ConfigureStartController.srv
[2.279s] -- Up-to-date symlink: /home/raul/bookros2_ws/install/controller_manager_msgs/share/controller_manager_msgs/srv/ConfigureStartController_Request.msg
[2.279s] -- Up-to-date symlink: /home/raul/bookros2_ws/install/controller_manager_msgs/share/controller_manager_msgs/srv/ConfigureStartController_Response.msg
[2.279s] -- Up-to-date symlink: /home/raul/bookros2_ws/install/controller_manager_msgs/share/controller_manager_msgs/srv/ListControllers.srv
[2.280s] -- Up-to-date symlink: /home/raul/bookros2_ws/install/controller_manager_msgs/share/controller_manager_msgs/srv/ListControllers_Request.msg
[2.280s] -- Up-to-date symlink: /home/raul/bookros2_ws/install/controller_manager_msgs/share/controller_manager_msgs/srv/ListControllers_Response.msg
[2.280s] -- Up-to-date symlink: /home/raul/bookros2_ws/install/controller_manager_msgs/share/controller_manager_msgs/srv/ListControllerTypes.srv
[2.280s] -- Up-to-date symlink: /home/raul/bookros2_ws/install/controller_manager_msgs/share/controller_manager_msgs/srv/ListControllerTypes_Request.msg
[2.281s] -- Up-to-date symlink: /home/raul/bookros2_ws/install/controller_manager_msgs/share/controller_manager_msgs/srv/ListControllerTypes_Response.msg
[2.281s] -- Up-to-date symlink: /home/raul/bookros2_ws/install/controller_manager_msgs/share/controller_manager_msgs/srv/ListHardwareInterfaces.srv
[2.281s] -- Up-to-date symlink: /home/raul/bookros2_ws/install/controller_manager_msgs/share/controller_manager_msgs/srv/ListHardwareInterfaces_Request.msg
[2.281s] -- Up-to-date symlink: /home/raul/bookros2_ws/install/controller_manager_msgs/share/controller_manager_msgs/srv/ListHardwareInterfaces_Response.msg
[2.282s] -- Up-to-date symlink: /home/raul/bookros2_ws/install/controller_manager_msgs/share/controller_manager_msgs/srv/LoadConfigureController.srv
[2.282s] -- Up-to-date symlink: /home/raul/bookros2_ws/install/controller_manager_msgs/share/controller_manager_msgs/srv/LoadConfigureController_Request.msg
[2.282s] -- Up-to-date symlink: /home/raul/bookros2_ws/install/controller_manager_msgs/share/controller_manager_msgs/srv/LoadConfigureController_Response.msg
[2.283s] -- Up-to-date symlink: /home/raul/bookros2_ws/install/controller_manager_msgs/share/controller_manager_msgs/srv/LoadController.srv
[2.283s] -- Up-to-date symlink: /home/raul/bookros2_ws/install/controller_manager_msgs/share/controller_manager_msgs/srv/LoadController_Request.msg
[2.284s] -- Up-to-date symlink: /home/raul/bookros2_ws/install/controller_manager_msgs/share/controller_manager_msgs/srv/LoadController_Response.msg
[2.284s] -- Up-to-date symlink: /home/raul/bookros2_ws/install/controller_manager_msgs/share/controller_manager_msgs/srv/LoadStartController.srv
[2.285s] -- Up-to-date symlink: /home/raul/bookros2_ws/install/controller_manager_msgs/share/controller_manager_msgs/srv/LoadStartController_Request.msg
[2.286s] -- Up-to-date symlink: /home/raul/bookros2_ws/install/controller_manager_msgs/share/controller_manager_msgs/srv/LoadStartController_Response.msg
[2.286s] -- Up-to-date symlink: /home/raul/bookros2_ws/install/controller_manager_msgs/share/controller_manager_msgs/srv/ReloadControllerLibraries.srv
[2.287s] -- Up-to-date symlink: /home/raul/bookros2_ws/install/controller_manager_msgs/share/controller_manager_msgs/srv/ReloadControllerLibraries_Request.msg
[2.287s] -- Up-to-date symlink: /home/raul/bookros2_ws/install/controller_manager_msgs/share/controller_manager_msgs/srv/ReloadControllerLibraries_Response.msg
[2.288s] -- Up-to-date symlink: /home/raul/bookros2_ws/install/controller_manager_msgs/share/controller_manager_msgs/srv/SwitchController.srv
[2.288s] -- Up-to-date symlink: /home/raul/bookros2_ws/install/controller_manager_msgs/share/controller_manager_msgs/srv/SwitchController_Request.msg
[2.289s] -- Up-to-date symlink: /home/raul/bookros2_ws/install/controller_manager_msgs/share/controller_manager_msgs/srv/SwitchController_Response.msg
[2.289s] -- Up-to-date symlink: /home/raul/bookros2_ws/install/controller_manager_msgs/share/controller_manager_msgs/srv/UnloadController.srv
[2.290s] -- Up-to-date symlink: /home/raul/bookros2_ws/install/controller_manager_msgs/share/controller_manager_msgs/srv/UnloadController_Request.msg
[2.290s] -- Up-to-date symlink: /home/raul/bookros2_ws/install/controller_manager_msgs/share/controller_manager_msgs/srv/UnloadController_Response.msg
[2.291s] -- Up-to-date symlink: /home/raul/bookros2_ws/install/controller_manager_msgs/share/ament_index/resource_index/package_run_dependencies/controller_manager_msgs
[2.292s] -- Up-to-date symlink: /home/raul/bookros2_ws/install/controller_manager_msgs/share/ament_index/resource_index/parent_prefix_path/controller_manager_msgs
[2.293s] -- Up-to-date symlink: /home/raul/bookros2_ws/install/controller_manager_msgs/share/controller_manager_msgs/environment/ament_prefix_path.sh
[2.293s] -- Up-to-date symlink: /home/raul/bookros2_ws/install/controller_manager_msgs/share/controller_manager_msgs/environment/ament_prefix_path.dsv
[2.293s] -- Up-to-date symlink: /home/raul/bookros2_ws/install/controller_manager_msgs/share/controller_manager_msgs/environment/path.sh
[2.294s] -- Up-to-date symlink: /home/raul/bookros2_ws/install/controller_manager_msgs/share/controller_manager_msgs/environment/path.dsv
[2.295s] -- Up-to-date symlink: /home/raul/bookros2_ws/install/controller_manager_msgs/share/controller_manager_msgs/local_setup.bash
[2.295s] -- Up-to-date symlink: /home/raul/bookros2_ws/install/controller_manager_msgs/share/controller_manager_msgs/local_setup.sh
[2.296s] -- Up-to-date symlink: /home/raul/bookros2_ws/install/controller_manager_msgs/share/controller_manager_msgs/local_setup.zsh
[2.296s] -- Up-to-date symlink: /home/raul/bookros2_ws/install/controller_manager_msgs/share/controller_manager_msgs/local_setup.dsv
[2.297s] -- Symlinking: /home/raul/bookros2_ws/install/controller_manager_msgs/share/controller_manager_msgs/package.dsv
[2.314s] -- Up-to-date symlink: /home/raul/bookros2_ws/install/controller_manager_msgs/share/ament_index/resource_index/packages/controller_manager_msgs
[2.315s] -- Up-to-date symlink: /home/raul/bookros2_ws/install/controller_manager_msgs/share/controller_manager_msgs/cmake/rosidl_cmake-extras.cmake
[2.315s] -- Up-to-date symlink: /home/raul/bookros2_ws/install/controller_manager_msgs/share/controller_manager_msgs/cmake/ament_cmake_export_dependencies-extras.cmake
[2.317s] -- Up-to-date symlink: /home/raul/bookros2_ws/install/controller_manager_msgs/share/controller_manager_msgs/cmake/ament_cmake_export_libraries-extras.cmake
[2.318s] -- Up-to-date symlink: /home/raul/bookros2_ws/install/controller_manager_msgs/share/controller_manager_msgs/cmake/ament_cmake_export_targets-extras.cmake
[2.323s] -- Up-to-date symlink: /home/raul/bookros2_ws/install/controller_manager_msgs/share/controller_manager_msgs/cmake/ament_cmake_export_include_directories-extras.cmake
[2.323s] -- Up-to-date symlink: /home/raul/bookros2_ws/install/controller_manager_msgs/share/controller_manager_msgs/cmake/rosidl_cmake_export_typesupport_libraries-extras.cmake
[2.323s] -- Up-to-date symlink: /home/raul/bookros2_ws/install/controller_manager_msgs/share/controller_manager_msgs/cmake/rosidl_cmake_export_typesupport_targets-extras.cmake
[2.323s] -- Up-to-date symlink: /home/raul/bookros2_ws/install/controller_manager_msgs/share/controller_manager_msgs/cmake/controller_manager_msgsConfig.cmake
[2.323s] -- Up-to-date symlink: /home/raul/bookros2_ws/install/controller_manager_msgs/share/controller_manager_msgs/cmake/controller_manager_msgsConfig-version.cmake
[2.324s] -- Up-to-date symlink: /home/raul/bookros2_ws/install/controller_manager_msgs/share/controller_manager_msgs/package.xml
[2.324s] -- Up-to-date: /home/raul/bookros2_ws/install/controller_manager_msgs/lib/libcontroller_manager_msgs__rosidl_generator_c.so
[2.324s] -- Up-to-date: /home/raul/bookros2_ws/install/controller_manager_msgs/lib/libcontroller_manager_msgs__rosidl_typesupport_introspection_c.so
[2.326s] -- Up-to-date: /home/raul/bookros2_ws/install/controller_manager_msgs/lib/libcontroller_manager_msgs__rosidl_typesupport_c.so
[2.327s] -- Up-to-date: /home/raul/bookros2_ws/install/controller_manager_msgs/lib/libcontroller_manager_msgs__rosidl_typesupport_introspection_cpp.so
[2.328s] -- Up-to-date: /home/raul/bookros2_ws/install/controller_manager_msgs/lib/libcontroller_manager_msgs__rosidl_typesupport_cpp.so
[2.383s] -- Up-to-date: /home/raul/bookros2_ws/install/controller_manager_msgs/share/controller_manager_msgs/cmake/controller_manager_msgs__rosidl_generator_cExport.cmake
[2.383s] -- Up-to-date: /home/raul/bookros2_ws/install/controller_manager_msgs/share/controller_manager_msgs/cmake/controller_manager_msgs__rosidl_generator_cExport-noconfig.cmake
[2.384s] -- Up-to-date: /home/raul/bookros2_ws/install/controller_manager_msgs/share/controller_manager_msgs/cmake/controller_manager_msgs__rosidl_typesupport_introspection_cExport.cmake
[2.385s] -- Up-to-date: /home/raul/bookros2_ws/install/controller_manager_msgs/share/controller_manager_msgs/cmake/controller_manager_msgs__rosidl_typesupport_introspection_cExport-noconfig.cmake
[2.385s] -- Up-to-date: /home/raul/bookros2_ws/install/controller_manager_msgs/share/controller_manager_msgs/cmake/controller_manager_msgs__rosidl_typesupport_cExport.cmake
[2.386s] -- Up-to-date: /home/raul/bookros2_ws/install/controller_manager_msgs/share/controller_manager_msgs/cmake/controller_manager_msgs__rosidl_typesupport_cExport-noconfig.cmake
[2.386s] -- Up-to-date: /home/raul/bookros2_ws/install/controller_manager_msgs/share/controller_manager_msgs/cmake/controller_manager_msgs__rosidl_generator_cppExport.cmake
[2.390s] -- Up-to-date: /home/raul/bookros2_ws/install/controller_manager_msgs/share/controller_manager_msgs/cmake/controller_manager_msgs__rosidl_typesupport_introspection_cppExport.cmake
[2.390s] -- Up-to-date: /home/raul/bookros2_ws/install/controller_manager_msgs/share/controller_manager_msgs/cmake/controller_manager_msgs__rosidl_typesupport_introspection_cppExport-noconfig.cmake
[2.392s] -- Up-to-date: /home/raul/bookros2_ws/install/controller_manager_msgs/share/controller_manager_msgs/cmake/controller_manager_msgs__rosidl_typesupport_cppExport.cmake
[2.392s] -- Up-to-date: /home/raul/bookros2_ws/install/controller_manager_msgs/share/controller_manager_msgs/cmake/controller_manager_msgs__rosidl_typesupport_cppExport-noconfig.cmake
[2.823s] Invoked command in '/home/raul/bookros2_ws/build/controller_manager_msgs' returned '0': CMAKE_PREFIX_PATH=${CMAKE_PREFIX_PATH}:/home/raul/bookros2_ws/install/ros2controlcli:/home/raul/bookros2_ws/install/launch_pal:/home/raul/bookros2_ws/install/br2_fsm_bumpgo_py:/opt/ros/foxy /usr/bin/cmake --install /home/raul/bookros2_ws/build/controller_manager_msgs
