[0.237s] Invoking command in '/home/raul/bookros2_ws/build/br2_tracking_msgs': CMAKE_PREFIX_PATH=${CMAKE_PREFIX_PATH}:/home/raul/bookros2_ws/install/ros2controlcli:/home/raul/bookros2_ws/install/launch_pal:/home/raul/bookros2_ws/install/br2_fsm_bumpgo_py:/opt/ros/foxy /usr/bin/cmake --build /home/raul/bookros2_ws/build/br2_tracking_msgs -- -j8 -l8
[0.539s] [  3%] Built target br2_tracking_msgs__cpp
[0.566s] [ 12%] Built target br2_tracking_msgs__rosidl_generator_c
[0.689s] [ 22%] Built target br2_tracking_msgs__rosidl_typesupport_cpp
[0.690s] [ 32%] Built target br2_tracking_msgs__rosidl_typesupport_introspection_cpp
[0.791s] [ 41%] Built target br2_tracking_msgs__rosidl_typesupport_fastrtps_cpp
[0.809s] [ 51%] Built target br2_tracking_msgs__rosidl_typesupport_c
[0.809s] [ 61%] Built target br2_tracking_msgs__rosidl_typesupport_introspection_c
[0.967s] [ 70%] Built target br2_tracking_msgs__rosidl_typesupport_fastrtps_c
[1.040s] [ 70%] Built target br2_tracking_msgs
[1.181s] [ 74%] Built target br2_tracking_msgs__py
[1.356s] [ 80%] Built target br2_tracking_msgs__python
[1.532s] [ 87%] Built target br2_tracking_msgs__rosidl_typesupport_c__pyext
[1.670s] [ 93%] Built target br2_tracking_msgs__rosidl_typesupport_introspection_c__pyext
[1.786s] [100%] Built target br2_tracking_msgs__rosidl_typesupport_fastrtps_c__pyext
[1.944s] Invoked command in '/home/raul/bookros2_ws/build/br2_tracking_msgs' returned '0': CMAKE_PREFIX_PATH=${CMAKE_PREFIX_PATH}:/home/raul/bookros2_ws/install/ros2controlcli:/home/raul/bookros2_ws/install/launch_pal:/home/raul/bookros2_ws/install/br2_fsm_bumpgo_py:/opt/ros/foxy /usr/bin/cmake --build /home/raul/bookros2_ws/build/br2_tracking_msgs -- -j8 -l8
[2.600s] Invoking command in '/home/raul/bookros2_ws/build/br2_tracking_msgs': CMAKE_PREFIX_PATH=${CMAKE_PREFIX_PATH}:/home/raul/bookros2_ws/install/ros2controlcli:/home/raul/bookros2_ws/install/launch_pal:/home/raul/bookros2_ws/install/br2_fsm_bumpgo_py:/opt/ros/foxy /usr/bin/cmake --install /home/raul/bookros2_ws/build/br2_tracking_msgs
[2.690s] -- Install configuration: ""
[2.691s] -- Execute custom install script
[2.691s] -- Up-to-date symlink: /home/raul/bookros2_ws/install/br2_tracking_msgs/share/ament_index/resource_index/rosidl_interfaces/br2_tracking_msgs
[2.691s] -- Up-to-date symlink: /home/raul/bookros2_ws/install/br2_tracking_msgs/include/br2_tracking_msgs/msg/detail/pan_tilt_command__functions.h
[2.691s] -- Up-to-date symlink: /home/raul/bookros2_ws/install/br2_tracking_msgs/include/br2_tracking_msgs/msg/detail/pan_tilt_command__struct.h
[2.692s] -- Up-to-date symlink: /home/raul/bookros2_ws/install/br2_tracking_msgs/include/br2_tracking_msgs/msg/detail/pan_tilt_command__type_support.h
[2.692s] -- Up-to-date symlink: /home/raul/bookros2_ws/install/br2_tracking_msgs/include/br2_tracking_msgs/msg/pan_tilt_command.h
[2.692s] -- Up-to-date symlink: /home/raul/bookros2_ws/install/br2_tracking_msgs/include/br2_tracking_msgs/msg/rosidl_generator_c__visibility_control.h
[2.693s] -- Up-to-date symlink: /home/raul/bookros2_ws/install/br2_tracking_msgs/share/br2_tracking_msgs/environment/library_path.sh
[2.693s] -- Up-to-date symlink: /home/raul/bookros2_ws/install/br2_tracking_msgs/share/br2_tracking_msgs/environment/library_path.dsv
[2.693s] -- Up-to-date symlink: /home/raul/bookros2_ws/install/br2_tracking_msgs/include/br2_tracking_msgs/msg/detail/pan_tilt_command__rosidl_typesupport_fastrtps_c.h
[2.694s] -- Up-to-date symlink: /home/raul/bookros2_ws/install/br2_tracking_msgs/include/br2_tracking_msgs/msg/rosidl_typesupport_fastrtps_c__visibility_control.h
[2.694s] -- Up-to-date symlink: /home/raul/bookros2_ws/install/br2_tracking_msgs/lib/libbr2_tracking_msgs__rosidl_typesupport_fastrtps_c.so
[2.695s] -- Up-to-date symlink: /home/raul/bookros2_ws/install/br2_tracking_msgs/include/br2_tracking_msgs/msg/detail/pan_tilt_command__rosidl_typesupport_fastrtps_cpp.hpp
[2.696s] -- Up-to-date symlink: /home/raul/bookros2_ws/install/br2_tracking_msgs/include/br2_tracking_msgs/msg/rosidl_typesupport_fastrtps_cpp__visibility_control.h
[2.696s] -- Up-to-date symlink: /home/raul/bookros2_ws/install/br2_tracking_msgs/lib/libbr2_tracking_msgs__rosidl_typesupport_fastrtps_cpp.so
[2.696s] -- Up-to-date symlink: /home/raul/bookros2_ws/install/br2_tracking_msgs/include/br2_tracking_msgs/msg/detail/pan_tilt_command__rosidl_typesupport_introspection_c.h
[2.696s] -- Up-to-date symlink: /home/raul/bookros2_ws/install/br2_tracking_msgs/include/br2_tracking_msgs/msg/rosidl_typesupport_introspection_c__visibility_control.h
[2.696s] -- Up-to-date symlink: /home/raul/bookros2_ws/install/br2_tracking_msgs/include/br2_tracking_msgs/msg/detail/pan_tilt_command__builder.hpp
[2.697s] -- Up-to-date symlink: /home/raul/bookros2_ws/install/br2_tracking_msgs/include/br2_tracking_msgs/msg/detail/pan_tilt_command__struct.hpp
[2.697s] -- Up-to-date symlink: /home/raul/bookros2_ws/install/br2_tracking_msgs/include/br2_tracking_msgs/msg/detail/pan_tilt_command__traits.hpp
[2.697s] -- Up-to-date symlink: /home/raul/bookros2_ws/install/br2_tracking_msgs/include/br2_tracking_msgs/msg/pan_tilt_command.hpp
[2.697s] -- Up-to-date symlink: /home/raul/bookros2_ws/install/br2_tracking_msgs/include/br2_tracking_msgs/msg/detail/pan_tilt_command__rosidl_typesupport_introspection_cpp.hpp
[2.699s] -- Up-to-date symlink: /home/raul/bookros2_ws/install/br2_tracking_msgs/share/br2_tracking_msgs/environment/pythonpath.sh
[2.699s] -- Up-to-date symlink: /home/raul/bookros2_ws/install/br2_tracking_msgs/share/br2_tracking_msgs/environment/pythonpath.dsv
[2.699s] -- Up-to-date symlink: /home/raul/bookros2_ws/install/br2_tracking_msgs/lib/python3.8/site-packages/br2_tracking_msgs/__init__.py
[2.700s] -- Up-to-date symlink: /home/raul/bookros2_ws/install/br2_tracking_msgs/lib/python3.8/site-packages/br2_tracking_msgs/msg/__init__.py
[2.700s] -- Up-to-date symlink: /home/raul/bookros2_ws/install/br2_tracking_msgs/lib/python3.8/site-packages/br2_tracking_msgs/msg/_pan_tilt_command.py
[2.701s] -- Up-to-date symlink: /home/raul/bookros2_ws/install/br2_tracking_msgs/lib/python3.8/site-packages/br2_tracking_msgs/br2_tracking_msgs_s__rosidl_typesupport_fastrtps_c.cpython-38-x86_64-linux-gnu.so
[2.701s] -- Up-to-date symlink: /home/raul/bookros2_ws/install/br2_tracking_msgs/lib/python3.8/site-packages/br2_tracking_msgs/br2_tracking_msgs_s__rosidl_typesupport_introspection_c.cpython-38-x86_64-linux-gnu.so
[2.701s] -- Up-to-date symlink: /home/raul/bookros2_ws/install/br2_tracking_msgs/lib/python3.8/site-packages/br2_tracking_msgs/br2_tracking_msgs_s__rosidl_typesupport_c.cpython-38-x86_64-linux-gnu.so
[2.702s] -- Up-to-date symlink: /home/raul/bookros2_ws/install/br2_tracking_msgs/lib/libbr2_tracking_msgs__python.so
[2.703s] -- Up-to-date symlink: /home/raul/bookros2_ws/install/br2_tracking_msgs/share/br2_tracking_msgs/msg/PanTiltCommand.idl
[2.703s] -- Up-to-date symlink: /home/raul/bookros2_ws/install/br2_tracking_msgs/share/br2_tracking_msgs/msg/PanTiltCommand.msg
[2.703s] -- Up-to-date symlink: /home/raul/bookros2_ws/install/br2_tracking_msgs/share/ament_index/resource_index/package_run_dependencies/br2_tracking_msgs
[2.704s] -- Up-to-date symlink: /home/raul/bookros2_ws/install/br2_tracking_msgs/share/ament_index/resource_index/parent_prefix_path/br2_tracking_msgs
[2.704s] -- Up-to-date symlink: /home/raul/bookros2_ws/install/br2_tracking_msgs/share/br2_tracking_msgs/environment/ament_prefix_path.sh
[2.705s] -- Up-to-date symlink: /home/raul/bookros2_ws/install/br2_tracking_msgs/share/br2_tracking_msgs/environment/ament_prefix_path.dsv
[2.707s] -- Up-to-date symlink: /home/raul/bookros2_ws/install/br2_tracking_msgs/share/br2_tracking_msgs/environment/path.sh
[2.707s] -- Up-to-date symlink: /home/raul/bookros2_ws/install/br2_tracking_msgs/share/br2_tracking_msgs/environment/path.dsv
[2.710s] -- Up-to-date symlink: /home/raul/bookros2_ws/install/br2_tracking_msgs/share/br2_tracking_msgs/local_setup.bash
[2.710s] -- Up-to-date symlink: /home/raul/bookros2_ws/install/br2_tracking_msgs/share/br2_tracking_msgs/local_setup.sh
[2.711s] -- Up-to-date symlink: /home/raul/bookros2_ws/install/br2_tracking_msgs/share/br2_tracking_msgs/local_setup.zsh
[2.711s] -- Up-to-date symlink: /home/raul/bookros2_ws/install/br2_tracking_msgs/share/br2_tracking_msgs/local_setup.dsv
[2.711s] -- Symlinking: /home/raul/bookros2_ws/install/br2_tracking_msgs/share/br2_tracking_msgs/package.dsv
[2.723s] -- Up-to-date symlink: /home/raul/bookros2_ws/install/br2_tracking_msgs/share/ament_index/resource_index/packages/br2_tracking_msgs
[2.723s] -- Up-to-date symlink: /home/raul/bookros2_ws/install/br2_tracking_msgs/share/br2_tracking_msgs/cmake/rosidl_cmake-extras.cmake
[2.723s] -- Up-to-date symlink: /home/raul/bookros2_ws/install/br2_tracking_msgs/share/br2_tracking_msgs/cmake/ament_cmake_export_dependencies-extras.cmake
[2.724s] -- Up-to-date symlink: /home/raul/bookros2_ws/install/br2_tracking_msgs/share/br2_tracking_msgs/cmake/ament_cmake_export_libraries-extras.cmake
[2.726s] -- Up-to-date symlink: /home/raul/bookros2_ws/install/br2_tracking_msgs/share/br2_tracking_msgs/cmake/ament_cmake_export_targets-extras.cmake
[2.728s] -- Up-to-date symlink: /home/raul/bookros2_ws/install/br2_tracking_msgs/share/br2_tracking_msgs/cmake/ament_cmake_export_include_directories-extras.cmake
[2.730s] -- Up-to-date symlink: /home/raul/bookros2_ws/install/br2_tracking_msgs/share/br2_tracking_msgs/cmake/rosidl_cmake_export_typesupport_libraries-extras.cmake
[2.730s] -- Up-to-date symlink: /home/raul/bookros2_ws/install/br2_tracking_msgs/share/br2_tracking_msgs/cmake/rosidl_cmake_export_typesupport_targets-extras.cmake
[2.731s] -- Up-to-date symlink: /home/raul/bookros2_ws/install/br2_tracking_msgs/share/br2_tracking_msgs/cmake/br2_tracking_msgsConfig.cmake
[2.732s] -- Up-to-date symlink: /home/raul/bookros2_ws/install/br2_tracking_msgs/share/br2_tracking_msgs/cmake/br2_tracking_msgsConfig-version.cmake
[2.732s] -- Up-to-date symlink: /home/raul/bookros2_ws/install/br2_tracking_msgs/share/br2_tracking_msgs/package.xml
[2.732s] -- Up-to-date: /home/raul/bookros2_ws/install/br2_tracking_msgs/lib/libbr2_tracking_msgs__rosidl_generator_c.so
[2.733s] -- Up-to-date: /home/raul/bookros2_ws/install/br2_tracking_msgs/lib/libbr2_tracking_msgs__rosidl_typesupport_introspection_c.so
[2.733s] -- Up-to-date: /home/raul/bookros2_ws/install/br2_tracking_msgs/lib/libbr2_tracking_msgs__rosidl_typesupport_c.so
[2.734s] -- Up-to-date: /home/raul/bookros2_ws/install/br2_tracking_msgs/lib/libbr2_tracking_msgs__rosidl_typesupport_introspection_cpp.so
[2.734s] -- Up-to-date: /home/raul/bookros2_ws/install/br2_tracking_msgs/lib/libbr2_tracking_msgs__rosidl_typesupport_cpp.so
[2.913s] -- Up-to-date: /home/raul/bookros2_ws/install/br2_tracking_msgs/share/br2_tracking_msgs/cmake/br2_tracking_msgs__rosidl_generator_cExport.cmake
[2.913s] -- Up-to-date: /home/raul/bookros2_ws/install/br2_tracking_msgs/share/br2_tracking_msgs/cmake/br2_tracking_msgs__rosidl_generator_cExport-noconfig.cmake
[2.933s] -- Up-to-date: /home/raul/bookros2_ws/install/br2_tracking_msgs/share/br2_tracking_msgs/cmake/br2_tracking_msgs__rosidl_typesupport_introspection_cExport.cmake
[2.935s] -- Up-to-date: /home/raul/bookros2_ws/install/br2_tracking_msgs/share/br2_tracking_msgs/cmake/br2_tracking_msgs__rosidl_typesupport_introspection_cExport-noconfig.cmake
[2.936s] -- Up-to-date: /home/raul/bookros2_ws/install/br2_tracking_msgs/share/br2_tracking_msgs/cmake/br2_tracking_msgs__rosidl_typesupport_cExport.cmake
[2.937s] -- Up-to-date: /home/raul/bookros2_ws/install/br2_tracking_msgs/share/br2_tracking_msgs/cmake/br2_tracking_msgs__rosidl_typesupport_cExport-noconfig.cmake
[2.948s] -- Up-to-date: /home/raul/bookros2_ws/install/br2_tracking_msgs/share/br2_tracking_msgs/cmake/br2_tracking_msgs__rosidl_generator_cppExport.cmake
[2.959s] -- Up-to-date: /home/raul/bookros2_ws/install/br2_tracking_msgs/share/br2_tracking_msgs/cmake/br2_tracking_msgs__rosidl_typesupport_introspection_cppExport.cmake
[2.960s] -- Up-to-date: /home/raul/bookros2_ws/install/br2_tracking_msgs/share/br2_tracking_msgs/cmake/br2_tracking_msgs__rosidl_typesupport_introspection_cppExport-noconfig.cmake
[2.984s] -- Up-to-date: /home/raul/bookros2_ws/install/br2_tracking_msgs/share/br2_tracking_msgs/cmake/br2_tracking_msgs__rosidl_typesupport_cppExport.cmake
[2.984s] -- Up-to-date: /home/raul/bookros2_ws/install/br2_tracking_msgs/share/br2_tracking_msgs/cmake/br2_tracking_msgs__rosidl_typesupport_cppExport-noconfig.cmake
[3.053s] Invoked command in '/home/raul/bookros2_ws/build/br2_tracking_msgs' returned '0': CMAKE_PREFIX_PATH=${CMAKE_PREFIX_PATH}:/home/raul/bookros2_ws/install/ros2controlcli:/home/raul/bookros2_ws/install/launch_pal:/home/raul/bookros2_ws/install/br2_fsm_bumpgo_py:/opt/ros/foxy /usr/bin/cmake --install /home/raul/bookros2_ws/build/br2_tracking_msgs
