-- Found ament_cmake: 0.9.11 (/opt/ros/foxy/share/ament_cmake/cmake)
-- Using PYTHON_EXECUTABLE: /usr/bin/python3
-- Override CMake install command with custom implementation using symlinks instead of copying resources
-- Found control_msgs: 2.5.1 (/opt/ros/foxy/share/control_msgs/cmake)
-- Using all available rosidl_typesupport_c: rosidl_typesupport_fastrtps_c;rosidl_typesupport_introspection_c
-- Found rosidl_adapter: 1.3.0 (/opt/ros/foxy/share/rosidl_adapter/cmake)
-- Using all available rosidl_typesupport_cpp: rosidl_typesupport_fastrtps_cpp;rosidl_typesupport_introspection_cpp
-- Found pluginlib: 2.5.4 (/opt/ros/foxy/share/pluginlib/cmake)
-- Found ament_lint_auto: 0.9.7 (/opt/ros/foxy/share/ament_lint_auto/cmake)
-- Found gmock sources under '/opt/ros/foxy/src/gmock_vendor': C++ tests using 'Google Mock' will be built
-- Found ament_cmake_gtest: 0.9.11 (/opt/ros/foxy/share/ament_cmake_gtest/cmake)
-- Found gtest sources under '/opt/ros/foxy/src/gtest_vendor': C++ tests using 'Google Test' will be built
-- Added test 'copyright' to check source files copyright and LICENSE
-- Added test 'cppcheck' to perform static code analysis on C / C++ code
-- Configured cppcheck include dirs: /home/raul/bookros2_ws/src/ThirdParty/ros2_control/hardware_interface/include
-- Configured cppcheck exclude dirs and/or files: 
-- Added test 'cpplint' to check C / C++ code against the Google style
-- Configured cpplint exclude dirs and/or files: 
-- Added test 'lint_cmake' to check CMake code style
-- Added test 'uncrustify' to check C / C++ code style
-- Configured uncrustify additional arguments: 
-- Added test 'xmllint' to check XML markup files
-- Configuring done
-- Generating done
-- Build files have been written to: /home/raul/bookros2_ws/build/hardware_interface
[ 17%] Built target hardware_interface
[ 26%] Built target gmock
[ 32%] Built target gmock_main
[ 38%] Built target fake_components
[ 50%] Built target test_components
[ 64%] Built target test_hardware_components
[ 70%] Built target test_generic_system
[ 76%] Built target test_component_interfaces
[ 82%] Built target test_joint_handle
[ 88%] Built target test_component_parser
[ 94%] Built target test_resource_manager
[100%] Built target test_macros
-- Install configuration: ""
-- Execute custom install script
-- Up-to-date symlink: /home/raul/bookros2_ws/install/hardware_interface/share/hardware_interface//fake_components_plugin_description.xml
-- Up-to-date symlink: /home/raul/bookros2_ws/install/hardware_interface/include/fake_components/generic_system.hpp
-- Up-to-date symlink: /home/raul/bookros2_ws/install/hardware_interface/include/fake_components/visibility_control.h
-- Up-to-date symlink: /home/raul/bookros2_ws/install/hardware_interface/include/hardware_interface/actuator.hpp
-- Up-to-date symlink: /home/raul/bookros2_ws/install/hardware_interface/include/hardware_interface/actuator_interface.hpp
-- Up-to-date symlink: /home/raul/bookros2_ws/install/hardware_interface/include/hardware_interface/base_interface.hpp
-- Up-to-date symlink: /home/raul/bookros2_ws/install/hardware_interface/include/hardware_interface/component_parser.hpp
-- Up-to-date symlink: /home/raul/bookros2_ws/install/hardware_interface/include/hardware_interface/controller_info.hpp
-- Up-to-date symlink: /home/raul/bookros2_ws/install/hardware_interface/include/hardware_interface/handle.hpp
-- Up-to-date symlink: /home/raul/bookros2_ws/install/hardware_interface/include/hardware_interface/hardware_info.hpp
-- Up-to-date symlink: /home/raul/bookros2_ws/install/hardware_interface/include/hardware_interface/loaned_command_interface.hpp
-- Up-to-date symlink: /home/raul/bookros2_ws/install/hardware_interface/include/hardware_interface/loaned_state_interface.hpp
-- Up-to-date symlink: /home/raul/bookros2_ws/install/hardware_interface/include/hardware_interface/macros.hpp
-- Up-to-date symlink: /home/raul/bookros2_ws/install/hardware_interface/include/hardware_interface/resource_manager.hpp
-- Up-to-date symlink: /home/raul/bookros2_ws/install/hardware_interface/include/hardware_interface/sensor.hpp
-- Up-to-date symlink: /home/raul/bookros2_ws/install/hardware_interface/include/hardware_interface/sensor_interface.hpp
-- Up-to-date symlink: /home/raul/bookros2_ws/install/hardware_interface/include/hardware_interface/system.hpp
-- Up-to-date symlink: /home/raul/bookros2_ws/install/hardware_interface/include/hardware_interface/system_interface.hpp
-- Up-to-date symlink: /home/raul/bookros2_ws/install/hardware_interface/include/hardware_interface/types/hardware_interface_return_values.hpp
-- Up-to-date symlink: /home/raul/bookros2_ws/install/hardware_interface/include/hardware_interface/types/hardware_interface_status_values.hpp
-- Up-to-date symlink: /home/raul/bookros2_ws/install/hardware_interface/include/hardware_interface/types/hardware_interface_type_values.hpp
-- Up-to-date symlink: /home/raul/bookros2_ws/install/hardware_interface/include/hardware_interface/visibility_control.h
-- Up-to-date symlink: /home/raul/bookros2_ws/install/hardware_interface/lib/libfake_components.so
-- Up-to-date symlink: /home/raul/bookros2_ws/install/hardware_interface/lib/libhardware_interface.so
-- Up-to-date symlink: /home/raul/bookros2_ws/install/hardware_interface/lib/libtest_components.so
-- Up-to-date symlink: /home/raul/bookros2_ws/install/hardware_interface/share/hardware_interface/test/test_components/test_components.xml
-- Up-to-date symlink: /home/raul/bookros2_ws/install/hardware_interface/lib/libtest_hardware_components.so
-- Up-to-date symlink: /home/raul/bookros2_ws/install/hardware_interface/share/hardware_interface/test/test_hardware_components/test_hardware_components.xml
-- Up-to-date symlink: /home/raul/bookros2_ws/install/hardware_interface/share/hardware_interface/environment/library_path.sh
-- Up-to-date symlink: /home/raul/bookros2_ws/install/hardware_interface/share/hardware_interface/environment/library_path.dsv
-- Up-to-date symlink: /home/raul/bookros2_ws/install/hardware_interface/share/ament_index/resource_index/package_run_dependencies/hardware_interface
-- Up-to-date symlink: /home/raul/bookros2_ws/install/hardware_interface/share/ament_index/resource_index/parent_prefix_path/hardware_interface
-- Up-to-date symlink: /home/raul/bookros2_ws/install/hardware_interface/share/hardware_interface/environment/ament_prefix_path.sh
-- Up-to-date symlink: /home/raul/bookros2_ws/install/hardware_interface/share/hardware_interface/environment/ament_prefix_path.dsv
-- Up-to-date symlink: /home/raul/bookros2_ws/install/hardware_interface/share/hardware_interface/environment/path.sh
-- Up-to-date symlink: /home/raul/bookros2_ws/install/hardware_interface/share/hardware_interface/environment/path.dsv
-- Up-to-date symlink: /home/raul/bookros2_ws/install/hardware_interface/share/hardware_interface/local_setup.bash
-- Up-to-date symlink: /home/raul/bookros2_ws/install/hardware_interface/share/hardware_interface/local_setup.sh
-- Up-to-date symlink: /home/raul/bookros2_ws/install/hardware_interface/share/hardware_interface/local_setup.zsh
-- Up-to-date symlink: /home/raul/bookros2_ws/install/hardware_interface/share/hardware_interface/local_setup.dsv
-- Symlinking: /home/raul/bookros2_ws/install/hardware_interface/share/hardware_interface/package.dsv
-- Up-to-date symlink: /home/raul/bookros2_ws/install/hardware_interface/share/ament_index/resource_index/packages/hardware_interface
-- Up-to-date symlink: /home/raul/bookros2_ws/install/hardware_interface/share/ament_index/resource_index/hardware_interface__pluginlib__plugin/hardware_interface
-- Up-to-date symlink: /home/raul/bookros2_ws/install/hardware_interface/share/hardware_interface/cmake/ament_cmake_export_include_directories-extras.cmake
-- Up-to-date symlink: /home/raul/bookros2_ws/install/hardware_interface/share/hardware_interface/cmake/ament_cmake_export_libraries-extras.cmake
-- Up-to-date symlink: /home/raul/bookros2_ws/install/hardware_interface/share/hardware_interface/cmake/ament_cmake_export_dependencies-extras.cmake
-- Up-to-date symlink: /home/raul/bookros2_ws/install/hardware_interface/share/hardware_interface/cmake/hardware_interfaceConfig.cmake
-- Up-to-date symlink: /home/raul/bookros2_ws/install/hardware_interface/share/hardware_interface/cmake/hardware_interfaceConfig-version.cmake
-- Up-to-date symlink: /home/raul/bookros2_ws/install/hardware_interface/share/hardware_interface/package.xml
