[0.214s] Invoking command in '/home/raul/bookros2_ws/build/hardware_interface': CMAKE_PREFIX_PATH=/home/raul/bookros2_ws/install/ros2_control_test_assets:/home/raul/bookros2_ws/install/gazebo_ros2_control_demos:/home/raul/bookros2_ws/install/ros2_controllers:/home/raul/bookros2_ws/install/velocity_controllers:/home/raul/bookros2_ws/install/urdf_test:/home/raul/bookros2_ws/install/tiago_simulation:/home/raul/bookros2_ws/install/tiago_robot:/home/raul/bookros2_ws/install/tiago_2dnav_gazebo:/home/raul/bookros2_ws/install/tiago_gazebo:/home/raul/bookros2_ws/install/tiago_bringup:/home/raul/bookros2_ws/install/pmb2_robot:/home/raul/bookros2_ws/install/pmb2_bringup:/home/raul/bookros2_ws/install/twist_mux:/home/raul/bookros2_ws/install/transmission_interface:/home/raul/bookros2_ws/install/tiago_description:/home/raul/bookros2_ws/install/tiago_description_calibration:/home/raul/bookros2_ws/install/tiago_controller_configuration:/home/raul/bookros2_ws/install/ros2_control:/home/raul/bookros2_ws/install/pal_gripper:/home/raul/bookros2_ws/install/pal_gripper_controller_configuration:/home/raul/bookros2_ws/install/position_controllers:/home/raul/bookros2_ws/install/pointcloud_to_laserscan:/home/raul/bookros2_ws/install/pmb2_navigation:/home/raul/bookros2_ws/install/pmb2_2dnav:/home/raul/bookros2_ws/install/pmb2_maps:/home/raul/bookros2_ws/install/pmb2_description:/home/raul/bookros2_ws/install/pmb2_controller_configuration:/home/raul/bookros2_ws/install/pal_gripper_description:/home/raul/bookros2_ws/install/pal_gazebo_worlds:/home/raul/bookros2_ws/install/my_package:/home/raul/bookros2_ws/install/joint_trajectory_controller:/home/raul/bookros2_ws/install/joint_state_controller:/home/raul/bookros2_ws/install/joint_state_broadcaster:/home/raul/bookros2_ws/install/imu_sensor_broadcaster:/home/raul/bookros2_ws/install/hey5_description:/home/raul/bookros2_ws/install/gripper_controllers:/home/raul/bookros2_ws/install/gazebo_ros2_control:/home/raul/bookros2_ws/install/effort_controllers:/home/raul/bookros2_ws/install/forward_command_controller:/home/raul/bookros2_ws/install/force_torque_sensor_broadcaster:/home/raul/bookros2_ws/install/diff_drive_controller:/home/raul/bookros2_ws/install/controller_manager:/home/raul/bookros2_ws/install/controller_interface:/home/raul/bookros2_ws/install/hardware_interface:/home/raul/bookros2_ws/install/groot:/home/raul/bookros2_ws/install/controller_manager_msgs:/home/raul/bookros2_ws/install/br2_vff_avoidance:/home/raul/bookros2_ws/install/br2_tracking:/home/raul/bookros2_ws/install/br2_tracking_msgs:/home/raul/bookros2_ws/install/br2_tiago:/home/raul/bookros2_ws/install/br2_tf2_detector:/home/raul/bookros2_ws/install/br2_navigation:/home/raul/bookros2_ws/install/br2_fsm_bumpgo_cpp:/home/raul/bookros2_ws/install/br2_bt_patrolling:/home/raul/bookros2_ws/install/br2_bt_bumpgo:/home/raul/bookros2_ws/install/br2_basics:/home/raul/bookros2_ws/install/ros2controlcli:/home/raul/bookros2_ws/install/launch_pal:/home/raul/bookros2_ws/install/br2_fsm_bumpgo_py:/opt/ros/foxy /usr/bin/cmake /home/raul/bookros2_ws/src/ThirdParty/ros2_control/hardware_interface -DCMAKE_INSTALL_PREFIX=/home/raul/bookros2_ws/install/hardware_interface
[0.287s] -- Found ament_cmake: 0.9.11 (/opt/ros/foxy/share/ament_cmake/cmake)
[0.311s] -- Using PYTHON_EXECUTABLE: /usr/bin/python3
[0.574s] -- Override CMake install command with custom implementation using symlinks instead of copying resources
[0.593s] -- Found control_msgs: 2.5.1 (/opt/ros/foxy/share/control_msgs/cmake)
[0.713s] -- Using all available rosidl_typesupport_c: rosidl_typesupport_fastrtps_c;rosidl_typesupport_introspection_c
[0.718s] -- Found rosidl_adapter: 1.3.0 (/opt/ros/foxy/share/rosidl_adapter/cmake)
[0.991s] -- Using all available rosidl_typesupport_cpp: rosidl_typesupport_fastrtps_cpp;rosidl_typesupport_introspection_cpp
[1.894s] -- Found pluginlib: 2.5.4 (/opt/ros/foxy/share/pluginlib/cmake)
[1.979s] -- Found ament_lint_auto: 0.9.7 (/opt/ros/foxy/share/ament_lint_auto/cmake)
[2.089s] -- Found gmock sources under '/opt/ros/foxy/src/gmock_vendor': C++ tests using 'Google Mock' will be built
[2.094s] -- Found ament_cmake_gtest: 0.9.11 (/opt/ros/foxy/share/ament_cmake_gtest/cmake)
[2.095s] -- Found gtest sources under '/opt/ros/foxy/src/gtest_vendor': C++ tests using 'Google Test' will be built
[2.137s] -- Added test 'copyright' to check source files copyright and LICENSE
[2.145s] -- Added test 'cppcheck' to perform static code analysis on C / C++ code
[2.145s] -- Configured cppcheck include dirs: /home/raul/bookros2_ws/src/ThirdParty/ros2_control/hardware_interface/include
[2.146s] -- Configured cppcheck exclude dirs and/or files: 
[2.149s] -- Added test 'cpplint' to check C / C++ code against the Google style
[2.149s] -- Configured cpplint exclude dirs and/or files: 
[2.151s] -- Added test 'lint_cmake' to check CMake code style
[2.156s] -- Added test 'uncrustify' to check C / C++ code style
[2.156s] -- Configured uncrustify additional arguments: 
[2.157s] -- Added test 'xmllint' to check XML markup files
[2.171s] -- Configuring done
[2.283s] -- Generating done
[2.295s] -- Build files have been written to: /home/raul/bookros2_ws/build/hardware_interface
[2.353s] Invoked command in '/home/raul/bookros2_ws/build/hardware_interface' returned '0': CMAKE_PREFIX_PATH=/home/raul/bookros2_ws/install/ros2_control_test_assets:/home/raul/bookros2_ws/install/gazebo_ros2_control_demos:/home/raul/bookros2_ws/install/ros2_controllers:/home/raul/bookros2_ws/install/velocity_controllers:/home/raul/bookros2_ws/install/urdf_test:/home/raul/bookros2_ws/install/tiago_simulation:/home/raul/bookros2_ws/install/tiago_robot:/home/raul/bookros2_ws/install/tiago_2dnav_gazebo:/home/raul/bookros2_ws/install/tiago_gazebo:/home/raul/bookros2_ws/install/tiago_bringup:/home/raul/bookros2_ws/install/pmb2_robot:/home/raul/bookros2_ws/install/pmb2_bringup:/home/raul/bookros2_ws/install/twist_mux:/home/raul/bookros2_ws/install/transmission_interface:/home/raul/bookros2_ws/install/tiago_description:/home/raul/bookros2_ws/install/tiago_description_calibration:/home/raul/bookros2_ws/install/tiago_controller_configuration:/home/raul/bookros2_ws/install/ros2_control:/home/raul/bookros2_ws/install/pal_gripper:/home/raul/bookros2_ws/install/pal_gripper_controller_configuration:/home/raul/bookros2_ws/install/position_controllers:/home/raul/bookros2_ws/install/pointcloud_to_laserscan:/home/raul/bookros2_ws/install/pmb2_navigation:/home/raul/bookros2_ws/install/pmb2_2dnav:/home/raul/bookros2_ws/install/pmb2_maps:/home/raul/bookros2_ws/install/pmb2_description:/home/raul/bookros2_ws/install/pmb2_controller_configuration:/home/raul/bookros2_ws/install/pal_gripper_description:/home/raul/bookros2_ws/install/pal_gazebo_worlds:/home/raul/bookros2_ws/install/my_package:/home/raul/bookros2_ws/install/joint_trajectory_controller:/home/raul/bookros2_ws/install/joint_state_controller:/home/raul/bookros2_ws/install/joint_state_broadcaster:/home/raul/bookros2_ws/install/imu_sensor_broadcaster:/home/raul/bookros2_ws/install/hey5_description:/home/raul/bookros2_ws/install/gripper_controllers:/home/raul/bookros2_ws/install/gazebo_ros2_control:/home/raul/bookros2_ws/install/effort_controllers:/home/raul/bookros2_ws/install/forward_command_controller:/home/raul/bookros2_ws/install/force_torque_sensor_broadcaster:/home/raul/bookros2_ws/install/diff_drive_controller:/home/raul/bookros2_ws/install/controller_manager:/home/raul/bookros2_ws/install/controller_interface:/home/raul/bookros2_ws/install/hardware_interface:/home/raul/bookros2_ws/install/groot:/home/raul/bookros2_ws/install/controller_manager_msgs:/home/raul/bookros2_ws/install/br2_vff_avoidance:/home/raul/bookros2_ws/install/br2_tracking:/home/raul/bookros2_ws/install/br2_tracking_msgs:/home/raul/bookros2_ws/install/br2_tiago:/home/raul/bookros2_ws/install/br2_tf2_detector:/home/raul/bookros2_ws/install/br2_navigation:/home/raul/bookros2_ws/install/br2_fsm_bumpgo_cpp:/home/raul/bookros2_ws/install/br2_bt_patrolling:/home/raul/bookros2_ws/install/br2_bt_bumpgo:/home/raul/bookros2_ws/install/br2_basics:/home/raul/bookros2_ws/install/ros2controlcli:/home/raul/bookros2_ws/install/launch_pal:/home/raul/bookros2_ws/install/br2_fsm_bumpgo_py:/opt/ros/foxy /usr/bin/cmake /home/raul/bookros2_ws/src/ThirdParty/ros2_control/hardware_interface -DCMAKE_INSTALL_PREFIX=/home/raul/bookros2_ws/install/hardware_interface
[2.362s] Invoking command in '/home/raul/bookros2_ws/build/hardware_interface': CMAKE_PREFIX_PATH=/home/raul/bookros2_ws/install/ros2_control_test_assets:/home/raul/bookros2_ws/install/gazebo_ros2_control_demos:/home/raul/bookros2_ws/install/ros2_controllers:/home/raul/bookros2_ws/install/velocity_controllers:/home/raul/bookros2_ws/install/urdf_test:/home/raul/bookros2_ws/install/tiago_simulation:/home/raul/bookros2_ws/install/tiago_robot:/home/raul/bookros2_ws/install/tiago_2dnav_gazebo:/home/raul/bookros2_ws/install/tiago_gazebo:/home/raul/bookros2_ws/install/tiago_bringup:/home/raul/bookros2_ws/install/pmb2_robot:/home/raul/bookros2_ws/install/pmb2_bringup:/home/raul/bookros2_ws/install/twist_mux:/home/raul/bookros2_ws/install/transmission_interface:/home/raul/bookros2_ws/install/tiago_description:/home/raul/bookros2_ws/install/tiago_description_calibration:/home/raul/bookros2_ws/install/tiago_controller_configuration:/home/raul/bookros2_ws/install/ros2_control:/home/raul/bookros2_ws/install/pal_gripper:/home/raul/bookros2_ws/install/pal_gripper_controller_configuration:/home/raul/bookros2_ws/install/position_controllers:/home/raul/bookros2_ws/install/pointcloud_to_laserscan:/home/raul/bookros2_ws/install/pmb2_navigation:/home/raul/bookros2_ws/install/pmb2_2dnav:/home/raul/bookros2_ws/install/pmb2_maps:/home/raul/bookros2_ws/install/pmb2_description:/home/raul/bookros2_ws/install/pmb2_controller_configuration:/home/raul/bookros2_ws/install/pal_gripper_description:/home/raul/bookros2_ws/install/pal_gazebo_worlds:/home/raul/bookros2_ws/install/my_package:/home/raul/bookros2_ws/install/joint_trajectory_controller:/home/raul/bookros2_ws/install/joint_state_controller:/home/raul/bookros2_ws/install/joint_state_broadcaster:/home/raul/bookros2_ws/install/imu_sensor_broadcaster:/home/raul/bookros2_ws/install/hey5_description:/home/raul/bookros2_ws/install/gripper_controllers:/home/raul/bookros2_ws/install/gazebo_ros2_control:/home/raul/bookros2_ws/install/effort_controllers:/home/raul/bookros2_ws/install/forward_command_controller:/home/raul/bookros2_ws/install/force_torque_sensor_broadcaster:/home/raul/bookros2_ws/install/diff_drive_controller:/home/raul/bookros2_ws/install/controller_manager:/home/raul/bookros2_ws/install/controller_interface:/home/raul/bookros2_ws/install/hardware_interface:/home/raul/bookros2_ws/install/groot:/home/raul/bookros2_ws/install/controller_manager_msgs:/home/raul/bookros2_ws/install/br2_vff_avoidance:/home/raul/bookros2_ws/install/br2_tracking:/home/raul/bookros2_ws/install/br2_tracking_msgs:/home/raul/bookros2_ws/install/br2_tiago:/home/raul/bookros2_ws/install/br2_tf2_detector:/home/raul/bookros2_ws/install/br2_navigation:/home/raul/bookros2_ws/install/br2_fsm_bumpgo_cpp:/home/raul/bookros2_ws/install/br2_bt_patrolling:/home/raul/bookros2_ws/install/br2_bt_bumpgo:/home/raul/bookros2_ws/install/br2_basics:/home/raul/bookros2_ws/install/ros2controlcli:/home/raul/bookros2_ws/install/launch_pal:/home/raul/bookros2_ws/install/br2_fsm_bumpgo_py:/opt/ros/foxy /usr/bin/cmake --build /home/raul/bookros2_ws/build/hardware_interface -- -j10 -l10
[2.603s] [ 17%] Built target hardware_interface
[2.716s] [ 26%] Built target gmock
[2.738s] [ 32%] Built target gmock_main
[2.760s] [ 38%] Built target fake_components
[2.768s] [ 50%] Built target test_components
[2.867s] [ 64%] Built target test_hardware_components
[2.918s] [ 70%] Built target test_generic_system
[2.934s] [ 76%] Built target test_component_interfaces
[2.940s] [ 82%] Built target test_joint_handle
[2.954s] [ 88%] Built target test_component_parser
[2.963s] [ 94%] Built target test_resource_manager
[2.979s] [100%] Built target test_macros
[3.013s] Invoked command in '/home/raul/bookros2_ws/build/hardware_interface' returned '0': CMAKE_PREFIX_PATH=/home/raul/bookros2_ws/install/ros2_control_test_assets:/home/raul/bookros2_ws/install/gazebo_ros2_control_demos:/home/raul/bookros2_ws/install/ros2_controllers:/home/raul/bookros2_ws/install/velocity_controllers:/home/raul/bookros2_ws/install/urdf_test:/home/raul/bookros2_ws/install/tiago_simulation:/home/raul/bookros2_ws/install/tiago_robot:/home/raul/bookros2_ws/install/tiago_2dnav_gazebo:/home/raul/bookros2_ws/install/tiago_gazebo:/home/raul/bookros2_ws/install/tiago_bringup:/home/raul/bookros2_ws/install/pmb2_robot:/home/raul/bookros2_ws/install/pmb2_bringup:/home/raul/bookros2_ws/install/twist_mux:/home/raul/bookros2_ws/install/transmission_interface:/home/raul/bookros2_ws/install/tiago_description:/home/raul/bookros2_ws/install/tiago_description_calibration:/home/raul/bookros2_ws/install/tiago_controller_configuration:/home/raul/bookros2_ws/install/ros2_control:/home/raul/bookros2_ws/install/pal_gripper:/home/raul/bookros2_ws/install/pal_gripper_controller_configuration:/home/raul/bookros2_ws/install/position_controllers:/home/raul/bookros2_ws/install/pointcloud_to_laserscan:/home/raul/bookros2_ws/install/pmb2_navigation:/home/raul/bookros2_ws/install/pmb2_2dnav:/home/raul/bookros2_ws/install/pmb2_maps:/home/raul/bookros2_ws/install/pmb2_description:/home/raul/bookros2_ws/install/pmb2_controller_configuration:/home/raul/bookros2_ws/install/pal_gripper_description:/home/raul/bookros2_ws/install/pal_gazebo_worlds:/home/raul/bookros2_ws/install/my_package:/home/raul/bookros2_ws/install/joint_trajectory_controller:/home/raul/bookros2_ws/install/joint_state_controller:/home/raul/bookros2_ws/install/joint_state_broadcaster:/home/raul/bookros2_ws/install/imu_sensor_broadcaster:/home/raul/bookros2_ws/install/hey5_description:/home/raul/bookros2_ws/install/gripper_controllers:/home/raul/bookros2_ws/install/gazebo_ros2_control:/home/raul/bookros2_ws/install/effort_controllers:/home/raul/bookros2_ws/install/forward_command_controller:/home/raul/bookros2_ws/install/force_torque_sensor_broadcaster:/home/raul/bookros2_ws/install/diff_drive_controller:/home/raul/bookros2_ws/install/controller_manager:/home/raul/bookros2_ws/install/controller_interface:/home/raul/bookros2_ws/install/hardware_interface:/home/raul/bookros2_ws/install/groot:/home/raul/bookros2_ws/install/controller_manager_msgs:/home/raul/bookros2_ws/install/br2_vff_avoidance:/home/raul/bookros2_ws/install/br2_tracking:/home/raul/bookros2_ws/install/br2_tracking_msgs:/home/raul/bookros2_ws/install/br2_tiago:/home/raul/bookros2_ws/install/br2_tf2_detector:/home/raul/bookros2_ws/install/br2_navigation:/home/raul/bookros2_ws/install/br2_fsm_bumpgo_cpp:/home/raul/bookros2_ws/install/br2_bt_patrolling:/home/raul/bookros2_ws/install/br2_bt_bumpgo:/home/raul/bookros2_ws/install/br2_basics:/home/raul/bookros2_ws/install/ros2controlcli:/home/raul/bookros2_ws/install/launch_pal:/home/raul/bookros2_ws/install/br2_fsm_bumpgo_py:/opt/ros/foxy /usr/bin/cmake --build /home/raul/bookros2_ws/build/hardware_interface -- -j10 -l10
[4.658s] Invoking command in '/home/raul/bookros2_ws/build/hardware_interface': CMAKE_PREFIX_PATH=/home/raul/bookros2_ws/install/ros2_control_test_assets:/home/raul/bookros2_ws/install/gazebo_ros2_control_demos:/home/raul/bookros2_ws/install/ros2_controllers:/home/raul/bookros2_ws/install/velocity_controllers:/home/raul/bookros2_ws/install/urdf_test:/home/raul/bookros2_ws/install/tiago_simulation:/home/raul/bookros2_ws/install/tiago_robot:/home/raul/bookros2_ws/install/tiago_2dnav_gazebo:/home/raul/bookros2_ws/install/tiago_gazebo:/home/raul/bookros2_ws/install/tiago_bringup:/home/raul/bookros2_ws/install/pmb2_robot:/home/raul/bookros2_ws/install/pmb2_bringup:/home/raul/bookros2_ws/install/twist_mux:/home/raul/bookros2_ws/install/transmission_interface:/home/raul/bookros2_ws/install/tiago_description:/home/raul/bookros2_ws/install/tiago_description_calibration:/home/raul/bookros2_ws/install/tiago_controller_configuration:/home/raul/bookros2_ws/install/ros2_control:/home/raul/bookros2_ws/install/pal_gripper:/home/raul/bookros2_ws/install/pal_gripper_controller_configuration:/home/raul/bookros2_ws/install/position_controllers:/home/raul/bookros2_ws/install/pointcloud_to_laserscan:/home/raul/bookros2_ws/install/pmb2_navigation:/home/raul/bookros2_ws/install/pmb2_2dnav:/home/raul/bookros2_ws/install/pmb2_maps:/home/raul/bookros2_ws/install/pmb2_description:/home/raul/bookros2_ws/install/pmb2_controller_configuration:/home/raul/bookros2_ws/install/pal_gripper_description:/home/raul/bookros2_ws/install/pal_gazebo_worlds:/home/raul/bookros2_ws/install/my_package:/home/raul/bookros2_ws/install/joint_trajectory_controller:/home/raul/bookros2_ws/install/joint_state_controller:/home/raul/bookros2_ws/install/joint_state_broadcaster:/home/raul/bookros2_ws/install/imu_sensor_broadcaster:/home/raul/bookros2_ws/install/hey5_description:/home/raul/bookros2_ws/install/gripper_controllers:/home/raul/bookros2_ws/install/gazebo_ros2_control:/home/raul/bookros2_ws/install/effort_controllers:/home/raul/bookros2_ws/install/forward_command_controller:/home/raul/bookros2_ws/install/force_torque_sensor_broadcaster:/home/raul/bookros2_ws/install/diff_drive_controller:/home/raul/bookros2_ws/install/controller_manager:/home/raul/bookros2_ws/install/controller_interface:/home/raul/bookros2_ws/install/hardware_interface:/home/raul/bookros2_ws/install/groot:/home/raul/bookros2_ws/install/controller_manager_msgs:/home/raul/bookros2_ws/install/br2_vff_avoidance:/home/raul/bookros2_ws/install/br2_tracking:/home/raul/bookros2_ws/install/br2_tracking_msgs:/home/raul/bookros2_ws/install/br2_tiago:/home/raul/bookros2_ws/install/br2_tf2_detector:/home/raul/bookros2_ws/install/br2_navigation:/home/raul/bookros2_ws/install/br2_fsm_bumpgo_cpp:/home/raul/bookros2_ws/install/br2_bt_patrolling:/home/raul/bookros2_ws/install/br2_bt_bumpgo:/home/raul/bookros2_ws/install/br2_basics:/home/raul/bookros2_ws/install/ros2controlcli:/home/raul/bookros2_ws/install/launch_pal:/home/raul/bookros2_ws/install/br2_fsm_bumpgo_py:/opt/ros/foxy /usr/bin/cmake --install /home/raul/bookros2_ws/build/hardware_interface
[4.733s] -- Install configuration: ""
[4.734s] -- Execute custom install script
[4.734s] -- Up-to-date symlink: /home/raul/bookros2_ws/install/hardware_interface/share/hardware_interface//fake_components_plugin_description.xml
[4.734s] -- Up-to-date symlink: /home/raul/bookros2_ws/install/hardware_interface/include/fake_components/generic_system.hpp
[4.734s] -- Up-to-date symlink: /home/raul/bookros2_ws/install/hardware_interface/include/fake_components/visibility_control.h
[4.735s] -- Up-to-date symlink: /home/raul/bookros2_ws/install/hardware_interface/include/hardware_interface/actuator.hpp
[4.736s] -- Up-to-date symlink: /home/raul/bookros2_ws/install/hardware_interface/include/hardware_interface/actuator_interface.hpp
[4.737s] -- Up-to-date symlink: /home/raul/bookros2_ws/install/hardware_interface/include/hardware_interface/base_interface.hpp
[4.744s] -- Up-to-date symlink: /home/raul/bookros2_ws/install/hardware_interface/include/hardware_interface/component_parser.hpp
[4.752s] -- Up-to-date symlink: /home/raul/bookros2_ws/install/hardware_interface/include/hardware_interface/controller_info.hpp
[4.754s] -- Up-to-date symlink: /home/raul/bookros2_ws/install/hardware_interface/include/hardware_interface/handle.hpp
[4.754s] -- Up-to-date symlink: /home/raul/bookros2_ws/install/hardware_interface/include/hardware_interface/hardware_info.hpp
[4.754s] -- Up-to-date symlink: /home/raul/bookros2_ws/install/hardware_interface/include/hardware_interface/loaned_command_interface.hpp
[4.754s] -- Up-to-date symlink: /home/raul/bookros2_ws/install/hardware_interface/include/hardware_interface/loaned_state_interface.hpp
[4.755s] -- Up-to-date symlink: /home/raul/bookros2_ws/install/hardware_interface/include/hardware_interface/macros.hpp
[4.755s] -- Up-to-date symlink: /home/raul/bookros2_ws/install/hardware_interface/include/hardware_interface/resource_manager.hpp
[4.755s] -- Up-to-date symlink: /home/raul/bookros2_ws/install/hardware_interface/include/hardware_interface/sensor.hpp
[4.759s] -- Up-to-date symlink: /home/raul/bookros2_ws/install/hardware_interface/include/hardware_interface/sensor_interface.hpp
[4.761s] -- Up-to-date symlink: /home/raul/bookros2_ws/install/hardware_interface/include/hardware_interface/system.hpp
[4.761s] -- Up-to-date symlink: /home/raul/bookros2_ws/install/hardware_interface/include/hardware_interface/system_interface.hpp
[4.771s] -- Up-to-date symlink: /home/raul/bookros2_ws/install/hardware_interface/include/hardware_interface/types/hardware_interface_return_values.hpp
[4.772s] -- Up-to-date symlink: /home/raul/bookros2_ws/install/hardware_interface/include/hardware_interface/types/hardware_interface_status_values.hpp
[4.773s] -- Up-to-date symlink: /home/raul/bookros2_ws/install/hardware_interface/include/hardware_interface/types/hardware_interface_type_values.hpp
[4.773s] -- Up-to-date symlink: /home/raul/bookros2_ws/install/hardware_interface/include/hardware_interface/visibility_control.h
[4.779s] -- Up-to-date symlink: /home/raul/bookros2_ws/install/hardware_interface/lib/libfake_components.so
[4.780s] -- Up-to-date symlink: /home/raul/bookros2_ws/install/hardware_interface/lib/libhardware_interface.so
[4.781s] -- Up-to-date symlink: /home/raul/bookros2_ws/install/hardware_interface/lib/libtest_components.so
[4.781s] -- Up-to-date symlink: /home/raul/bookros2_ws/install/hardware_interface/share/hardware_interface/test/test_components/test_components.xml
[4.787s] -- Up-to-date symlink: /home/raul/bookros2_ws/install/hardware_interface/lib/libtest_hardware_components.so
[4.790s] -- Up-to-date symlink: /home/raul/bookros2_ws/install/hardware_interface/share/hardware_interface/test/test_hardware_components/test_hardware_components.xml
[4.791s] -- Up-to-date symlink: /home/raul/bookros2_ws/install/hardware_interface/share/hardware_interface/environment/library_path.sh
[4.792s] -- Up-to-date symlink: /home/raul/bookros2_ws/install/hardware_interface/share/hardware_interface/environment/library_path.dsv
[4.792s] -- Up-to-date symlink: /home/raul/bookros2_ws/install/hardware_interface/share/ament_index/resource_index/package_run_dependencies/hardware_interface
[4.815s] -- Up-to-date symlink: /home/raul/bookros2_ws/install/hardware_interface/share/ament_index/resource_index/parent_prefix_path/hardware_interface
[4.815s] -- Up-to-date symlink: /home/raul/bookros2_ws/install/hardware_interface/share/hardware_interface/environment/ament_prefix_path.sh
[4.815s] -- Up-to-date symlink: /home/raul/bookros2_ws/install/hardware_interface/share/hardware_interface/environment/ament_prefix_path.dsv
[4.816s] -- Up-to-date symlink: /home/raul/bookros2_ws/install/hardware_interface/share/hardware_interface/environment/path.sh
[4.816s] -- Up-to-date symlink: /home/raul/bookros2_ws/install/hardware_interface/share/hardware_interface/environment/path.dsv
[4.816s] -- Up-to-date symlink: /home/raul/bookros2_ws/install/hardware_interface/share/hardware_interface/local_setup.bash
[4.816s] -- Up-to-date symlink: /home/raul/bookros2_ws/install/hardware_interface/share/hardware_interface/local_setup.sh
[4.816s] -- Up-to-date symlink: /home/raul/bookros2_ws/install/hardware_interface/share/hardware_interface/local_setup.zsh
[4.816s] -- Up-to-date symlink: /home/raul/bookros2_ws/install/hardware_interface/share/hardware_interface/local_setup.dsv
[4.816s] -- Symlinking: /home/raul/bookros2_ws/install/hardware_interface/share/hardware_interface/package.dsv
[4.990s] -- Up-to-date symlink: /home/raul/bookros2_ws/install/hardware_interface/share/ament_index/resource_index/packages/hardware_interface
[4.990s] -- Up-to-date symlink: /home/raul/bookros2_ws/install/hardware_interface/share/ament_index/resource_index/hardware_interface__pluginlib__plugin/hardware_interface
[4.990s] -- Up-to-date symlink: /home/raul/bookros2_ws/install/hardware_interface/share/hardware_interface/cmake/ament_cmake_export_include_directories-extras.cmake
[4.991s] -- Up-to-date symlink: /home/raul/bookros2_ws/install/hardware_interface/share/hardware_interface/cmake/ament_cmake_export_libraries-extras.cmake
[5.052s] -- Up-to-date symlink: /home/raul/bookros2_ws/install/hardware_interface/share/hardware_interface/cmake/ament_cmake_export_dependencies-extras.cmake
[5.052s] -- Up-to-date symlink: /home/raul/bookros2_ws/install/hardware_interface/share/hardware_interface/cmake/hardware_interfaceConfig.cmake
[5.052s] -- Up-to-date symlink: /home/raul/bookros2_ws/install/hardware_interface/share/hardware_interface/cmake/hardware_interfaceConfig-version.cmake
[5.052s] -- Up-to-date symlink: /home/raul/bookros2_ws/install/hardware_interface/share/hardware_interface/package.xml
[5.263s] Invoked command in '/home/raul/bookros2_ws/build/hardware_interface' returned '0': CMAKE_PREFIX_PATH=/home/raul/bookros2_ws/install/ros2_control_test_assets:/home/raul/bookros2_ws/install/gazebo_ros2_control_demos:/home/raul/bookros2_ws/install/ros2_controllers:/home/raul/bookros2_ws/install/velocity_controllers:/home/raul/bookros2_ws/install/urdf_test:/home/raul/bookros2_ws/install/tiago_simulation:/home/raul/bookros2_ws/install/tiago_robot:/home/raul/bookros2_ws/install/tiago_2dnav_gazebo:/home/raul/bookros2_ws/install/tiago_gazebo:/home/raul/bookros2_ws/install/tiago_bringup:/home/raul/bookros2_ws/install/pmb2_robot:/home/raul/bookros2_ws/install/pmb2_bringup:/home/raul/bookros2_ws/install/twist_mux:/home/raul/bookros2_ws/install/transmission_interface:/home/raul/bookros2_ws/install/tiago_description:/home/raul/bookros2_ws/install/tiago_description_calibration:/home/raul/bookros2_ws/install/tiago_controller_configuration:/home/raul/bookros2_ws/install/ros2_control:/home/raul/bookros2_ws/install/pal_gripper:/home/raul/bookros2_ws/install/pal_gripper_controller_configuration:/home/raul/bookros2_ws/install/position_controllers:/home/raul/bookros2_ws/install/pointcloud_to_laserscan:/home/raul/bookros2_ws/install/pmb2_navigation:/home/raul/bookros2_ws/install/pmb2_2dnav:/home/raul/bookros2_ws/install/pmb2_maps:/home/raul/bookros2_ws/install/pmb2_description:/home/raul/bookros2_ws/install/pmb2_controller_configuration:/home/raul/bookros2_ws/install/pal_gripper_description:/home/raul/bookros2_ws/install/pal_gazebo_worlds:/home/raul/bookros2_ws/install/my_package:/home/raul/bookros2_ws/install/joint_trajectory_controller:/home/raul/bookros2_ws/install/joint_state_controller:/home/raul/bookros2_ws/install/joint_state_broadcaster:/home/raul/bookros2_ws/install/imu_sensor_broadcaster:/home/raul/bookros2_ws/install/hey5_description:/home/raul/bookros2_ws/install/gripper_controllers:/home/raul/bookros2_ws/install/gazebo_ros2_control:/home/raul/bookros2_ws/install/effort_controllers:/home/raul/bookros2_ws/install/forward_command_controller:/home/raul/bookros2_ws/install/force_torque_sensor_broadcaster:/home/raul/bookros2_ws/install/diff_drive_controller:/home/raul/bookros2_ws/install/controller_manager:/home/raul/bookros2_ws/install/controller_interface:/home/raul/bookros2_ws/install/hardware_interface:/home/raul/bookros2_ws/install/groot:/home/raul/bookros2_ws/install/controller_manager_msgs:/home/raul/bookros2_ws/install/br2_vff_avoidance:/home/raul/bookros2_ws/install/br2_tracking:/home/raul/bookros2_ws/install/br2_tracking_msgs:/home/raul/bookros2_ws/install/br2_tiago:/home/raul/bookros2_ws/install/br2_tf2_detector:/home/raul/bookros2_ws/install/br2_navigation:/home/raul/bookros2_ws/install/br2_fsm_bumpgo_cpp:/home/raul/bookros2_ws/install/br2_bt_patrolling:/home/raul/bookros2_ws/install/br2_bt_bumpgo:/home/raul/bookros2_ws/install/br2_basics:/home/raul/bookros2_ws/install/ros2controlcli:/home/raul/bookros2_ws/install/launch_pal:/home/raul/bookros2_ws/install/br2_fsm_bumpgo_py:/opt/ros/foxy /usr/bin/cmake --install /home/raul/bookros2_ws/build/hardware_interface
