[0.280s] Invoking command in '/home/raul/bookros2_ws/build/br2_fsm_bumpgo_cpp': CMAKE_PREFIX_PATH=${CMAKE_PREFIX_PATH}:/home/raul/bookros2_ws/install/ros2controlcli:/home/raul/bookros2_ws/install/launch_pal:/home/raul/bookros2_ws/install/br2_fsm_bumpgo_py:/opt/ros/foxy /usr/bin/cmake --build /home/raul/bookros2_ws/build/br2_fsm_bumpgo_cpp -- -j8 -l8
[0.514s] [100%] Built target bumpgo
[1.074s] Invoked command in '/home/raul/bookros2_ws/build/br2_fsm_bumpgo_cpp' returned '0': CMAKE_PREFIX_PATH=${CMAKE_PREFIX_PATH}:/home/raul/bookros2_ws/install/ros2controlcli:/home/raul/bookros2_ws/install/launch_pal:/home/raul/bookros2_ws/install/br2_fsm_bumpgo_py:/opt/ros/foxy /usr/bin/cmake --build /home/raul/bookros2_ws/build/br2_fsm_bumpgo_cpp -- -j8 -l8
[1.312s] Invoking command in '/home/raul/bookros2_ws/build/br2_fsm_bumpgo_cpp': CMAKE_PREFIX_PATH=${CMAKE_PREFIX_PATH}:/home/raul/bookros2_ws/install/ros2controlcli:/home/raul/bookros2_ws/install/launch_pal:/home/raul/bookros2_ws/install/br2_fsm_bumpgo_py:/opt/ros/foxy /usr/bin/cmake --install /home/raul/bookros2_ws/build/br2_fsm_bumpgo_cpp
[1.358s] -- Install configuration: ""
[1.361s] -- Execute custom install script
[1.361s] -- Up-to-date symlink: /home/raul/bookros2_ws/install/br2_fsm_bumpgo_cpp/lib/br2_fsm_bumpgo_cpp/bumpgo
[1.362s] -- Up-to-date symlink: /home/raul/bookros2_ws/install/br2_fsm_bumpgo_cpp/share/br2_fsm_bumpgo_cpp/launch/bump_and_go.launch.py
[1.364s] -- Up-to-date symlink: /home/raul/bookros2_ws/install/br2_fsm_bumpgo_cpp/share/ament_index/resource_index/package_run_dependencies/br2_fsm_bumpgo_cpp
[1.365s] -- Up-to-date symlink: /home/raul/bookros2_ws/install/br2_fsm_bumpgo_cpp/share/ament_index/resource_index/parent_prefix_path/br2_fsm_bumpgo_cpp
[1.366s] -- Up-to-date symlink: /home/raul/bookros2_ws/install/br2_fsm_bumpgo_cpp/share/br2_fsm_bumpgo_cpp/environment/ament_prefix_path.sh
[1.366s] -- Up-to-date symlink: /home/raul/bookros2_ws/install/br2_fsm_bumpgo_cpp/share/br2_fsm_bumpgo_cpp/environment/ament_prefix_path.dsv
[1.371s] -- Up-to-date symlink: /home/raul/bookros2_ws/install/br2_fsm_bumpgo_cpp/share/br2_fsm_bumpgo_cpp/environment/path.sh
[1.371s] -- Up-to-date symlink: /home/raul/bookros2_ws/install/br2_fsm_bumpgo_cpp/share/br2_fsm_bumpgo_cpp/environment/path.dsv
[1.371s] -- Up-to-date symlink: /home/raul/bookros2_ws/install/br2_fsm_bumpgo_cpp/share/br2_fsm_bumpgo_cpp/local_setup.bash
[1.371s] -- Up-to-date symlink: /home/raul/bookros2_ws/install/br2_fsm_bumpgo_cpp/share/br2_fsm_bumpgo_cpp/local_setup.sh
[1.372s] -- Up-to-date symlink: /home/raul/bookros2_ws/install/br2_fsm_bumpgo_cpp/share/br2_fsm_bumpgo_cpp/local_setup.zsh
[1.373s] -- Up-to-date symlink: /home/raul/bookros2_ws/install/br2_fsm_bumpgo_cpp/share/br2_fsm_bumpgo_cpp/local_setup.dsv
[1.374s] -- Symlinking: /home/raul/bookros2_ws/install/br2_fsm_bumpgo_cpp/share/br2_fsm_bumpgo_cpp/package.dsv
[1.409s] -- Up-to-date symlink: /home/raul/bookros2_ws/install/br2_fsm_bumpgo_cpp/share/ament_index/resource_index/packages/br2_fsm_bumpgo_cpp
[1.409s] -- Up-to-date symlink: /home/raul/bookros2_ws/install/br2_fsm_bumpgo_cpp/share/br2_fsm_bumpgo_cpp/cmake/br2_fsm_bumpgo_cppConfig.cmake
[1.409s] -- Up-to-date symlink: /home/raul/bookros2_ws/install/br2_fsm_bumpgo_cpp/share/br2_fsm_bumpgo_cpp/cmake/br2_fsm_bumpgo_cppConfig-version.cmake
[1.411s] -- Up-to-date symlink: /home/raul/bookros2_ws/install/br2_fsm_bumpgo_cpp/share/br2_fsm_bumpgo_cpp/package.xml
[1.441s] Invoked command in '/home/raul/bookros2_ws/build/br2_fsm_bumpgo_cpp' returned '0': CMAKE_PREFIX_PATH=${CMAKE_PREFIX_PATH}:/home/raul/bookros2_ws/install/ros2controlcli:/home/raul/bookros2_ws/install/launch_pal:/home/raul/bookros2_ws/install/br2_fsm_bumpgo_py:/opt/ros/foxy /usr/bin/cmake --install /home/raul/bookros2_ws/build/br2_fsm_bumpgo_cpp
