[0.074s] Invoking command in '/home/raul/bookros2_ws/build/pmb2_controller_configuration': AMENT_PREFIX_PATH=/home/raul/bookros2_ws/install/joint_state_controller:/home/raul/bookros2_ws/install/joint_state_broadcaster:/home/raul/bookros2_ws/install/imu_sensor_broadcaster:/home/raul/bookros2_ws/install/diff_drive_controller:/home/raul/bookros2_ws/install/controller_manager:/home/raul/bookros2_ws/install/controller_interface:/home/raul/bookros2_ws/install/hardware_interface:/home/raul/bookros2_ws/install/controller_manager_msgs:${AMENT_PREFIX_PATH} CMAKE_PREFIX_PATH=/home/raul/bookros2_ws/install/joint_state_controller:/home/raul/bookros2_ws/install/joint_state_broadcaster:/home/raul/bookros2_ws/install/imu_sensor_broadcaster:/home/raul/bookros2_ws/install/diff_drive_controller:/home/raul/bookros2_ws/install/controller_manager:/home/raul/bookros2_ws/install/controller_interface:/home/raul/bookros2_ws/install/hardware_interface:/home/raul/bookros2_ws/install/controller_manager_msgs:/opt/ros/foxy LD_LIBRARY_PATH=/home/raul/bookros2_ws/install/joint_state_controller/lib:/home/raul/bookros2_ws/install/joint_state_broadcaster/lib:/home/raul/bookros2_ws/install/imu_sensor_broadcaster/lib:/home/raul/bookros2_ws/install/diff_drive_controller/lib:/home/raul/bookros2_ws/install/controller_manager/lib:/home/raul/bookros2_ws/install/controller_interface/lib:/home/raul/bookros2_ws/install/hardware_interface/lib:/home/raul/bookros2_ws/install/controller_manager_msgs/lib:${LD_LIBRARY_PATH} PYTHONPATH=/home/raul/bookros2_ws/install/controller_manager/lib/python3.8/site-packages:/home/raul/bookros2_ws/install/controller_manager_msgs/lib/python3.8/site-packages:${PYTHONPATH} /usr/bin/cmake /home/raul/bookros2_ws/src/ThirdParty/pmb2_robot/pmb2_controller_configuration -DAMENT_CMAKE_SYMLINK_INSTALL=1 -DCMAKE_INSTALL_PREFIX=/home/raul/bookros2_ws/install/pmb2_controller_configuration
[0.197s] -- The C compiler identification is GNU 9.4.0
[0.270s] -- The CXX compiler identification is GNU 9.4.0
[0.280s] -- Check for working C compiler: /usr/bin/cc
[0.379s] -- Check for working C compiler: /usr/bin/cc -- works
[0.387s] -- Detecting C compiler ABI info
[0.478s] -- Detecting C compiler ABI info - done
[0.490s] -- Detecting C compile features
[0.490s] -- Detecting C compile features - done
[0.494s] -- Check for working CXX compiler: /usr/bin/c++
[0.625s] -- Check for working CXX compiler: /usr/bin/c++ -- works
[0.625s] -- Detecting CXX compiler ABI info
[0.738s] -- Detecting CXX compiler ABI info - done
[0.741s] -- Detecting CXX compile features
[0.741s] -- Detecting CXX compile features - done
[0.747s] -- Found ament_cmake_auto: 0.9.11 (/opt/ros/foxy/share/ament_cmake_auto/cmake)
[0.819s] -- Found PythonInterp: /usr/bin/python3 (found suitable version "3.8.10", minimum required is "3") 
[0.819s] -- Using PYTHON_EXECUTABLE: /usr/bin/python3
[1.240s] -- Override CMake install command with custom implementation using symlinks instead of copying resources
[1.384s] -- Found ament_lint_auto: 0.9.7 (/opt/ros/foxy/share/ament_lint_auto/cmake)
[1.427s] -- Added test 'copyright' to check source files copyright and LICENSE
[1.431s] -- Added test 'flake8' to check Python code syntax and style conventions
[1.432s] -- Added test 'lint_cmake' to check CMake code style
[1.433s] -- Added test 'pep257' to check Python code against some of the style conventions in PEP 257
[1.436s] -- Added test 'xmllint' to check XML markup files
[1.440s] -- Configuring done
[1.443s] -- Generating done
[1.444s] -- Build files have been written to: /home/raul/bookros2_ws/build/pmb2_controller_configuration
[1.450s] Invoked command in '/home/raul/bookros2_ws/build/pmb2_controller_configuration' returned '0': AMENT_PREFIX_PATH=/home/raul/bookros2_ws/install/joint_state_controller:/home/raul/bookros2_ws/install/joint_state_broadcaster:/home/raul/bookros2_ws/install/imu_sensor_broadcaster:/home/raul/bookros2_ws/install/diff_drive_controller:/home/raul/bookros2_ws/install/controller_manager:/home/raul/bookros2_ws/install/controller_interface:/home/raul/bookros2_ws/install/hardware_interface:/home/raul/bookros2_ws/install/controller_manager_msgs:${AMENT_PREFIX_PATH} CMAKE_PREFIX_PATH=/home/raul/bookros2_ws/install/joint_state_controller:/home/raul/bookros2_ws/install/joint_state_broadcaster:/home/raul/bookros2_ws/install/imu_sensor_broadcaster:/home/raul/bookros2_ws/install/diff_drive_controller:/home/raul/bookros2_ws/install/controller_manager:/home/raul/bookros2_ws/install/controller_interface:/home/raul/bookros2_ws/install/hardware_interface:/home/raul/bookros2_ws/install/controller_manager_msgs:/opt/ros/foxy LD_LIBRARY_PATH=/home/raul/bookros2_ws/install/joint_state_controller/lib:/home/raul/bookros2_ws/install/joint_state_broadcaster/lib:/home/raul/bookros2_ws/install/imu_sensor_broadcaster/lib:/home/raul/bookros2_ws/install/diff_drive_controller/lib:/home/raul/bookros2_ws/install/controller_manager/lib:/home/raul/bookros2_ws/install/controller_interface/lib:/home/raul/bookros2_ws/install/hardware_interface/lib:/home/raul/bookros2_ws/install/controller_manager_msgs/lib:${LD_LIBRARY_PATH} PYTHONPATH=/home/raul/bookros2_ws/install/controller_manager/lib/python3.8/site-packages:/home/raul/bookros2_ws/install/controller_manager_msgs/lib/python3.8/site-packages:${PYTHONPATH} /usr/bin/cmake /home/raul/bookros2_ws/src/ThirdParty/pmb2_robot/pmb2_controller_configuration -DAMENT_CMAKE_SYMLINK_INSTALL=1 -DCMAKE_INSTALL_PREFIX=/home/raul/bookros2_ws/install/pmb2_controller_configuration
[1.455s] Invoking command in '/home/raul/bookros2_ws/build/pmb2_controller_configuration': AMENT_PREFIX_PATH=/home/raul/bookros2_ws/install/joint_state_controller:/home/raul/bookros2_ws/install/joint_state_broadcaster:/home/raul/bookros2_ws/install/imu_sensor_broadcaster:/home/raul/bookros2_ws/install/diff_drive_controller:/home/raul/bookros2_ws/install/controller_manager:/home/raul/bookros2_ws/install/controller_interface:/home/raul/bookros2_ws/install/hardware_interface:/home/raul/bookros2_ws/install/controller_manager_msgs:${AMENT_PREFIX_PATH} CMAKE_PREFIX_PATH=/home/raul/bookros2_ws/install/joint_state_controller:/home/raul/bookros2_ws/install/joint_state_broadcaster:/home/raul/bookros2_ws/install/imu_sensor_broadcaster:/home/raul/bookros2_ws/install/diff_drive_controller:/home/raul/bookros2_ws/install/controller_manager:/home/raul/bookros2_ws/install/controller_interface:/home/raul/bookros2_ws/install/hardware_interface:/home/raul/bookros2_ws/install/controller_manager_msgs:/opt/ros/foxy LD_LIBRARY_PATH=/home/raul/bookros2_ws/install/joint_state_controller/lib:/home/raul/bookros2_ws/install/joint_state_broadcaster/lib:/home/raul/bookros2_ws/install/imu_sensor_broadcaster/lib:/home/raul/bookros2_ws/install/diff_drive_controller/lib:/home/raul/bookros2_ws/install/controller_manager/lib:/home/raul/bookros2_ws/install/controller_interface/lib:/home/raul/bookros2_ws/install/hardware_interface/lib:/home/raul/bookros2_ws/install/controller_manager_msgs/lib:${LD_LIBRARY_PATH} PYTHONPATH=/home/raul/bookros2_ws/install/controller_manager/lib/python3.8/site-packages:/home/raul/bookros2_ws/install/controller_manager_msgs/lib/python3.8/site-packages:${PYTHONPATH} /usr/bin/cmake --build /home/raul/bookros2_ws/build/pmb2_controller_configuration -- -j8 -l8
[1.515s] Invoked command in '/home/raul/bookros2_ws/build/pmb2_controller_configuration' returned '0': AMENT_PREFIX_PATH=/home/raul/bookros2_ws/install/joint_state_controller:/home/raul/bookros2_ws/install/joint_state_broadcaster:/home/raul/bookros2_ws/install/imu_sensor_broadcaster:/home/raul/bookros2_ws/install/diff_drive_controller:/home/raul/bookros2_ws/install/controller_manager:/home/raul/bookros2_ws/install/controller_interface:/home/raul/bookros2_ws/install/hardware_interface:/home/raul/bookros2_ws/install/controller_manager_msgs:${AMENT_PREFIX_PATH} CMAKE_PREFIX_PATH=/home/raul/bookros2_ws/install/joint_state_controller:/home/raul/bookros2_ws/install/joint_state_broadcaster:/home/raul/bookros2_ws/install/imu_sensor_broadcaster:/home/raul/bookros2_ws/install/diff_drive_controller:/home/raul/bookros2_ws/install/controller_manager:/home/raul/bookros2_ws/install/controller_interface:/home/raul/bookros2_ws/install/hardware_interface:/home/raul/bookros2_ws/install/controller_manager_msgs:/opt/ros/foxy LD_LIBRARY_PATH=/home/raul/bookros2_ws/install/joint_state_controller/lib:/home/raul/bookros2_ws/install/joint_state_broadcaster/lib:/home/raul/bookros2_ws/install/imu_sensor_broadcaster/lib:/home/raul/bookros2_ws/install/diff_drive_controller/lib:/home/raul/bookros2_ws/install/controller_manager/lib:/home/raul/bookros2_ws/install/controller_interface/lib:/home/raul/bookros2_ws/install/hardware_interface/lib:/home/raul/bookros2_ws/install/controller_manager_msgs/lib:${LD_LIBRARY_PATH} PYTHONPATH=/home/raul/bookros2_ws/install/controller_manager/lib/python3.8/site-packages:/home/raul/bookros2_ws/install/controller_manager_msgs/lib/python3.8/site-packages:${PYTHONPATH} /usr/bin/cmake --build /home/raul/bookros2_ws/build/pmb2_controller_configuration -- -j8 -l8
[1.559s] Invoking command in '/home/raul/bookros2_ws/build/pmb2_controller_configuration': AMENT_PREFIX_PATH=/home/raul/bookros2_ws/install/joint_state_controller:/home/raul/bookros2_ws/install/joint_state_broadcaster:/home/raul/bookros2_ws/install/imu_sensor_broadcaster:/home/raul/bookros2_ws/install/diff_drive_controller:/home/raul/bookros2_ws/install/controller_manager:/home/raul/bookros2_ws/install/controller_interface:/home/raul/bookros2_ws/install/hardware_interface:/home/raul/bookros2_ws/install/controller_manager_msgs:${AMENT_PREFIX_PATH} CMAKE_PREFIX_PATH=/home/raul/bookros2_ws/install/joint_state_controller:/home/raul/bookros2_ws/install/joint_state_broadcaster:/home/raul/bookros2_ws/install/imu_sensor_broadcaster:/home/raul/bookros2_ws/install/diff_drive_controller:/home/raul/bookros2_ws/install/controller_manager:/home/raul/bookros2_ws/install/controller_interface:/home/raul/bookros2_ws/install/hardware_interface:/home/raul/bookros2_ws/install/controller_manager_msgs:/opt/ros/foxy LD_LIBRARY_PATH=/home/raul/bookros2_ws/install/joint_state_controller/lib:/home/raul/bookros2_ws/install/joint_state_broadcaster/lib:/home/raul/bookros2_ws/install/imu_sensor_broadcaster/lib:/home/raul/bookros2_ws/install/diff_drive_controller/lib:/home/raul/bookros2_ws/install/controller_manager/lib:/home/raul/bookros2_ws/install/controller_interface/lib:/home/raul/bookros2_ws/install/hardware_interface/lib:/home/raul/bookros2_ws/install/controller_manager_msgs/lib:${LD_LIBRARY_PATH} PYTHONPATH=/home/raul/bookros2_ws/install/controller_manager/lib/python3.8/site-packages:/home/raul/bookros2_ws/install/controller_manager_msgs/lib/python3.8/site-packages:${PYTHONPATH} /usr/bin/cmake --install /home/raul/bookros2_ws/build/pmb2_controller_configuration
[1.572s] -- Install configuration: ""
[1.572s] -- Execute custom install script
[1.574s] -- Symlinking: /home/raul/bookros2_ws/install/pmb2_controller_configuration/share/pmb2_controller_configuration/config/gazebo_controller_manager_cfg.yaml
[1.588s] -- Symlinking: /home/raul/bookros2_ws/install/pmb2_controller_configuration/share/pmb2_controller_configuration/config/joint_state_broadcaster.yaml
[1.603s] -- Symlinking: /home/raul/bookros2_ws/install/pmb2_controller_configuration/share/pmb2_controller_configuration/config/joint_state_controller_extra_joints.yaml
[1.618s] -- Symlinking: /home/raul/bookros2_ws/install/pmb2_controller_configuration/share/pmb2_controller_configuration/config/mobile_base_controller.yaml
[1.632s] -- Symlinking: /home/raul/bookros2_ws/install/pmb2_controller_configuration/share/pmb2_controller_configuration/config/mobile_base_controller_multipliers.yaml
[1.646s] -- Symlinking: /home/raul/bookros2_ws/install/pmb2_controller_configuration/share/pmb2_controller_configuration/launch/default_controllers.launch.py
[1.662s] -- Symlinking: /home/raul/bookros2_ws/install/pmb2_controller_configuration/share/pmb2_controller_configuration/launch/joint_state_broadcaster.launch.py
[1.676s] -- Symlinking: /home/raul/bookros2_ws/install/pmb2_controller_configuration/share/pmb2_controller_configuration/launch/mobile_base_controller.launch.py
[1.692s] -- Symlinking: /home/raul/bookros2_ws/install/pmb2_controller_configuration/share/ament_index/resource_index/package_run_dependencies/pmb2_controller_configuration
[1.707s] -- Symlinking: /home/raul/bookros2_ws/install/pmb2_controller_configuration/share/ament_index/resource_index/parent_prefix_path/pmb2_controller_configuration
[1.723s] -- Symlinking: /home/raul/bookros2_ws/install/pmb2_controller_configuration/share/pmb2_controller_configuration/environment/ament_prefix_path.sh
[1.740s] -- Symlinking: /home/raul/bookros2_ws/install/pmb2_controller_configuration/share/pmb2_controller_configuration/environment/ament_prefix_path.dsv
[1.756s] -- Symlinking: /home/raul/bookros2_ws/install/pmb2_controller_configuration/share/pmb2_controller_configuration/environment/path.sh
[1.771s] -- Symlinking: /home/raul/bookros2_ws/install/pmb2_controller_configuration/share/pmb2_controller_configuration/environment/path.dsv
[1.786s] -- Symlinking: /home/raul/bookros2_ws/install/pmb2_controller_configuration/share/pmb2_controller_configuration/local_setup.bash
[1.803s] -- Symlinking: /home/raul/bookros2_ws/install/pmb2_controller_configuration/share/pmb2_controller_configuration/local_setup.sh
[1.818s] -- Symlinking: /home/raul/bookros2_ws/install/pmb2_controller_configuration/share/pmb2_controller_configuration/local_setup.zsh
[1.832s] -- Symlinking: /home/raul/bookros2_ws/install/pmb2_controller_configuration/share/pmb2_controller_configuration/local_setup.dsv
[1.846s] -- Symlinking: /home/raul/bookros2_ws/install/pmb2_controller_configuration/share/pmb2_controller_configuration/package.dsv
[1.861s] -- Symlinking: /home/raul/bookros2_ws/install/pmb2_controller_configuration/share/ament_index/resource_index/packages/pmb2_controller_configuration
[1.875s] -- Symlinking: /home/raul/bookros2_ws/install/pmb2_controller_configuration/share/pmb2_controller_configuration/cmake/pmb2_controller_configurationConfig.cmake
[1.889s] -- Symlinking: /home/raul/bookros2_ws/install/pmb2_controller_configuration/share/pmb2_controller_configuration/cmake/pmb2_controller_configurationConfig-version.cmake
[1.904s] -- Symlinking: /home/raul/bookros2_ws/install/pmb2_controller_configuration/share/pmb2_controller_configuration/package.xml
[1.927s] Invoked command in '/home/raul/bookros2_ws/build/pmb2_controller_configuration' returned '0': AMENT_PREFIX_PATH=/home/raul/bookros2_ws/install/joint_state_controller:/home/raul/bookros2_ws/install/joint_state_broadcaster:/home/raul/bookros2_ws/install/imu_sensor_broadcaster:/home/raul/bookros2_ws/install/diff_drive_controller:/home/raul/bookros2_ws/install/controller_manager:/home/raul/bookros2_ws/install/controller_interface:/home/raul/bookros2_ws/install/hardware_interface:/home/raul/bookros2_ws/install/controller_manager_msgs:${AMENT_PREFIX_PATH} CMAKE_PREFIX_PATH=/home/raul/bookros2_ws/install/joint_state_controller:/home/raul/bookros2_ws/install/joint_state_broadcaster:/home/raul/bookros2_ws/install/imu_sensor_broadcaster:/home/raul/bookros2_ws/install/diff_drive_controller:/home/raul/bookros2_ws/install/controller_manager:/home/raul/bookros2_ws/install/controller_interface:/home/raul/bookros2_ws/install/hardware_interface:/home/raul/bookros2_ws/install/controller_manager_msgs:/opt/ros/foxy LD_LIBRARY_PATH=/home/raul/bookros2_ws/install/joint_state_controller/lib:/home/raul/bookros2_ws/install/joint_state_broadcaster/lib:/home/raul/bookros2_ws/install/imu_sensor_broadcaster/lib:/home/raul/bookros2_ws/install/diff_drive_controller/lib:/home/raul/bookros2_ws/install/controller_manager/lib:/home/raul/bookros2_ws/install/controller_interface/lib:/home/raul/bookros2_ws/install/hardware_interface/lib:/home/raul/bookros2_ws/install/controller_manager_msgs/lib:${LD_LIBRARY_PATH} PYTHONPATH=/home/raul/bookros2_ws/install/controller_manager/lib/python3.8/site-packages:/home/raul/bookros2_ws/install/controller_manager_msgs/lib/python3.8/site-packages:${PYTHONPATH} /usr/bin/cmake --install /home/raul/bookros2_ws/build/pmb2_controller_configuration
