[0.073s] Invoking command in '/home/raul/bookros2_ws/build/effort_controllers': AMENT_PREFIX_PATH=/home/raul/bookros2_ws/install/forward_command_controller:/home/raul/bookros2_ws/install/controller_manager:/home/raul/bookros2_ws/install/controller_interface:/home/raul/bookros2_ws/install/hardware_interface:/home/raul/bookros2_ws/install/ros2_control_test_assets:/home/raul/bookros2_ws/install/controller_manager_msgs:${AMENT_PREFIX_PATH} CMAKE_PREFIX_PATH=/home/raul/bookros2_ws/install/forward_command_controller:/home/raul/bookros2_ws/install/controller_manager:/home/raul/bookros2_ws/install/controller_interface:/home/raul/bookros2_ws/install/hardware_interface:/home/raul/bookros2_ws/install/ros2_control_test_assets:/home/raul/bookros2_ws/install/controller_manager_msgs:/opt/ros/foxy LD_LIBRARY_PATH=/home/raul/bookros2_ws/install/forward_command_controller/lib:/home/raul/bookros2_ws/install/controller_manager/lib:/home/raul/bookros2_ws/install/controller_interface/lib:/home/raul/bookros2_ws/install/hardware_interface/lib:/home/raul/bookros2_ws/install/controller_manager_msgs/lib:${LD_LIBRARY_PATH} PYTHONPATH=/home/raul/bookros2_ws/install/controller_manager/lib/python3.8/site-packages:/home/raul/bookros2_ws/install/controller_manager_msgs/lib/python3.8/site-packages:${PYTHONPATH} /usr/bin/cmake /home/raul/bookros2_ws/src/ThirdParty/ros2_controllers/effort_controllers -DAMENT_CMAKE_SYMLINK_INSTALL=1 -DCMAKE_INSTALL_PREFIX=/home/raul/bookros2_ws/install/effort_controllers
[0.518s] -- The C compiler identification is GNU 9.4.0
[0.519s] -- The CXX compiler identification is GNU 9.4.0
[0.519s] -- Check for working C compiler: /usr/bin/cc
[0.519s] -- Check for working C compiler: /usr/bin/cc -- works
[0.519s] -- Detecting C compiler ABI info
[0.602s] -- Detecting C compiler ABI info - done
[0.620s] -- Detecting C compile features
[0.621s] -- Detecting C compile features - done
[0.624s] -- Check for working CXX compiler: /usr/bin/c++
[0.772s] -- Check for working CXX compiler: /usr/bin/c++ -- works
[0.772s] -- Detecting CXX compiler ABI info
[0.910s] -- Detecting CXX compiler ABI info - done
[0.920s] -- Detecting CXX compile features
[0.934s] -- Detecting CXX compile features - done
[0.937s] -- Found ament_cmake: 0.9.11 (/opt/ros/foxy/share/ament_cmake/cmake)
[0.969s] -- Found PythonInterp: /usr/bin/python3 (found suitable version "3.8.10", minimum required is "3") 
[0.969s] -- Using PYTHON_EXECUTABLE: /usr/bin/python3
[1.190s] -- Override CMake install command with custom implementation using symlinks instead of copying resources
[1.225s] -- Found forward_command_controller: 0.4.0 (/home/raul/bookros2_ws/install/forward_command_controller/share/forward_command_controller/cmake)
[1.282s] -- Using all available rosidl_typesupport_c: rosidl_typesupport_fastrtps_c;rosidl_typesupport_introspection_c
[1.290s] -- Found rosidl_adapter: 1.3.0 (/opt/ros/foxy/share/rosidl_adapter/cmake)
[1.439s] -- Found OpenSSL: /usr/lib/x86_64-linux-gnu/libcrypto.so (found version "1.1.1f")  
[1.494s] -- Found FastRTPS: /opt/ros/foxy/include  
[1.607s] -- Using all available rosidl_typesupport_cpp: rosidl_typesupport_fastrtps_cpp;rosidl_typesupport_introspection_cpp
[2.375s] -- Found rmw_implementation_cmake: 1.0.3 (/opt/ros/foxy/share/rmw_implementation_cmake/cmake)
[2.378s] -- Using RMW implementation 'rmw_fastrtps_cpp' as default
[2.379s] -- Looking for pthread.h
[2.503s] -- Looking for pthread.h - found
[2.503s] -- Performing Test CMAKE_HAVE_LIBC_PTHREAD
[2.627s] -- Performing Test CMAKE_HAVE_LIBC_PTHREAD - Failed
[2.627s] -- Looking for pthread_create in pthreads
[2.730s] -- Looking for pthread_create in pthreads - not found
[2.731s] -- Looking for pthread_create in pthread
[2.856s] -- Looking for pthread_create in pthread - found
[2.857s] -- Found Threads: TRUE  
[3.567s] -- Found ament_cmake_gmock: 0.9.11 (/opt/ros/foxy/share/ament_cmake_gmock/cmake)
[3.569s] -- Found ament_lint_auto: 0.9.7 (/opt/ros/foxy/share/ament_lint_auto/cmake)
[3.571s] -- Found controller_manager: 0.7.1 (/home/raul/bookros2_ws/install/controller_manager/share/controller_manager/cmake)
[3.691s] -- Found ros2_control_test_assets: 0.7.1 (/home/raul/bookros2_ws/install/ros2_control_test_assets/share/ros2_control_test_assets/cmake)
[3.838s] -- Found gmock sources under '/opt/ros/foxy/src/gmock_vendor': C++ tests using 'Google Mock' will be built
[3.848s] -- Found gtest sources under '/opt/ros/foxy/src/gtest_vendor': C++ tests using 'Google Test' will be built
[3.998s] -- Added test 'copyright' to check source files copyright and LICENSE
[4.003s] -- Added test 'cppcheck' to perform static code analysis on C / C++ code
[4.003s] -- Configured cppcheck include dirs: /home/raul/bookros2_ws/src/ThirdParty/ros2_controllers/effort_controllers/include
[4.003s] -- Configured cppcheck exclude dirs and/or files: 
[4.005s] -- Added test 'cpplint' to check C / C++ code against the Google style
[4.005s] -- Configured cpplint exclude dirs and/or files: 
[4.006s] -- Added test 'lint_cmake' to check CMake code style
[4.008s] -- Added test 'uncrustify' to check C / C++ code style
[4.008s] -- Configured uncrustify additional arguments: 
[4.009s] -- Added test 'xmllint' to check XML markup files
[4.020s] -- Configuring done
[4.132s] -- Generating done
[4.136s] -- Build files have been written to: /home/raul/bookros2_ws/build/effort_controllers
[4.155s] Invoked command in '/home/raul/bookros2_ws/build/effort_controllers' returned '0': AMENT_PREFIX_PATH=/home/raul/bookros2_ws/install/forward_command_controller:/home/raul/bookros2_ws/install/controller_manager:/home/raul/bookros2_ws/install/controller_interface:/home/raul/bookros2_ws/install/hardware_interface:/home/raul/bookros2_ws/install/ros2_control_test_assets:/home/raul/bookros2_ws/install/controller_manager_msgs:${AMENT_PREFIX_PATH} CMAKE_PREFIX_PATH=/home/raul/bookros2_ws/install/forward_command_controller:/home/raul/bookros2_ws/install/controller_manager:/home/raul/bookros2_ws/install/controller_interface:/home/raul/bookros2_ws/install/hardware_interface:/home/raul/bookros2_ws/install/ros2_control_test_assets:/home/raul/bookros2_ws/install/controller_manager_msgs:/opt/ros/foxy LD_LIBRARY_PATH=/home/raul/bookros2_ws/install/forward_command_controller/lib:/home/raul/bookros2_ws/install/controller_manager/lib:/home/raul/bookros2_ws/install/controller_interface/lib:/home/raul/bookros2_ws/install/hardware_interface/lib:/home/raul/bookros2_ws/install/controller_manager_msgs/lib:${LD_LIBRARY_PATH} PYTHONPATH=/home/raul/bookros2_ws/install/controller_manager/lib/python3.8/site-packages:/home/raul/bookros2_ws/install/controller_manager_msgs/lib/python3.8/site-packages:${PYTHONPATH} /usr/bin/cmake /home/raul/bookros2_ws/src/ThirdParty/ros2_controllers/effort_controllers -DAMENT_CMAKE_SYMLINK_INSTALL=1 -DCMAKE_INSTALL_PREFIX=/home/raul/bookros2_ws/install/effort_controllers
[4.160s] Invoking command in '/home/raul/bookros2_ws/build/effort_controllers': AMENT_PREFIX_PATH=/home/raul/bookros2_ws/install/forward_command_controller:/home/raul/bookros2_ws/install/controller_manager:/home/raul/bookros2_ws/install/controller_interface:/home/raul/bookros2_ws/install/hardware_interface:/home/raul/bookros2_ws/install/ros2_control_test_assets:/home/raul/bookros2_ws/install/controller_manager_msgs:${AMENT_PREFIX_PATH} CMAKE_PREFIX_PATH=/home/raul/bookros2_ws/install/forward_command_controller:/home/raul/bookros2_ws/install/controller_manager:/home/raul/bookros2_ws/install/controller_interface:/home/raul/bookros2_ws/install/hardware_interface:/home/raul/bookros2_ws/install/ros2_control_test_assets:/home/raul/bookros2_ws/install/controller_manager_msgs:/opt/ros/foxy LD_LIBRARY_PATH=/home/raul/bookros2_ws/install/forward_command_controller/lib:/home/raul/bookros2_ws/install/controller_manager/lib:/home/raul/bookros2_ws/install/controller_interface/lib:/home/raul/bookros2_ws/install/hardware_interface/lib:/home/raul/bookros2_ws/install/controller_manager_msgs/lib:${LD_LIBRARY_PATH} PYTHONPATH=/home/raul/bookros2_ws/install/controller_manager/lib/python3.8/site-packages:/home/raul/bookros2_ws/install/controller_manager_msgs/lib/python3.8/site-packages:${PYTHONPATH} /usr/bin/cmake --build /home/raul/bookros2_ws/build/effort_controllers -- -j8 -l8
[4.329s] [35m[1mScanning dependencies of target effort_controllers[0m
[4.330s] [35m[1mScanning dependencies of target gmock_main[0m
[4.342s] [35m[1mScanning dependencies of target gmock[0m
[4.445s] [  9%] [32mBuilding CXX object gmock/CMakeFiles/gmock.dir/src/gmock-all.cc.o[0m
[4.451s] [ 18%] [32mBuilding CXX object gmock/CMakeFiles/gmock.dir/opt/ros/foxy/src/gtest_vendor/src/gtest-all.cc.o[0m
[4.471s] [ 27%] [32mBuilding CXX object gmock/CMakeFiles/gmock_main.dir/src/gmock_main.cc.o[0m
[4.525s] [ 36%] [32mBuilding CXX object CMakeFiles/effort_controllers.dir/src/joint_group_effort_controller.cpp.o[0m
[7.880s] [ 45%] [32m[1mLinking CXX static library libgmock_main.a[0m
[8.099s] [ 45%] Built target gmock_main
[11.960s] [ 54%] [32m[1mLinking CXX shared library libeffort_controllers.so[0m
[12.233s] [ 54%] Built target effort_controllers
[12.764s] [ 63%] [32m[1mLinking CXX static library libgmock.a[0m
[12.913s] [ 63%] Built target gmock
[12.939s] [35m[1mScanning dependencies of target test_joint_group_effort_controller[0m
[12.947s] [35m[1mScanning dependencies of target test_load_joint_group_effort_controller[0m
[13.110s] [ 72%] [32mBuilding CXX object CMakeFiles/test_load_joint_group_effort_controller.dir/test/test_load_joint_group_effort_controller.cpp.o[0m
[13.125s] [ 81%] [32mBuilding CXX object CMakeFiles/test_joint_group_effort_controller.dir/test/test_joint_group_effort_controller.cpp.o[0m
[19.119s] [ 90%] [32m[1mLinking CXX executable test_load_joint_group_effort_controller[0m
[20.917s] [ 90%] Built target test_load_joint_group_effort_controller
[21.051s] [100%] [32m[1mLinking CXX executable test_joint_group_effort_controller[0m
[21.702s] [100%] Built target test_joint_group_effort_controller
[21.738s] Invoked command in '/home/raul/bookros2_ws/build/effort_controllers' returned '0': AMENT_PREFIX_PATH=/home/raul/bookros2_ws/install/forward_command_controller:/home/raul/bookros2_ws/install/controller_manager:/home/raul/bookros2_ws/install/controller_interface:/home/raul/bookros2_ws/install/hardware_interface:/home/raul/bookros2_ws/install/ros2_control_test_assets:/home/raul/bookros2_ws/install/controller_manager_msgs:${AMENT_PREFIX_PATH} CMAKE_PREFIX_PATH=/home/raul/bookros2_ws/install/forward_command_controller:/home/raul/bookros2_ws/install/controller_manager:/home/raul/bookros2_ws/install/controller_interface:/home/raul/bookros2_ws/install/hardware_interface:/home/raul/bookros2_ws/install/ros2_control_test_assets:/home/raul/bookros2_ws/install/controller_manager_msgs:/opt/ros/foxy LD_LIBRARY_PATH=/home/raul/bookros2_ws/install/forward_command_controller/lib:/home/raul/bookros2_ws/install/controller_manager/lib:/home/raul/bookros2_ws/install/controller_interface/lib:/home/raul/bookros2_ws/install/hardware_interface/lib:/home/raul/bookros2_ws/install/controller_manager_msgs/lib:${LD_LIBRARY_PATH} PYTHONPATH=/home/raul/bookros2_ws/install/controller_manager/lib/python3.8/site-packages:/home/raul/bookros2_ws/install/controller_manager_msgs/lib/python3.8/site-packages:${PYTHONPATH} /usr/bin/cmake --build /home/raul/bookros2_ws/build/effort_controllers -- -j8 -l8
[21.810s] Invoking command in '/home/raul/bookros2_ws/build/effort_controllers': AMENT_PREFIX_PATH=/home/raul/bookros2_ws/install/forward_command_controller:/home/raul/bookros2_ws/install/controller_manager:/home/raul/bookros2_ws/install/controller_interface:/home/raul/bookros2_ws/install/hardware_interface:/home/raul/bookros2_ws/install/ros2_control_test_assets:/home/raul/bookros2_ws/install/controller_manager_msgs:${AMENT_PREFIX_PATH} CMAKE_PREFIX_PATH=/home/raul/bookros2_ws/install/forward_command_controller:/home/raul/bookros2_ws/install/controller_manager:/home/raul/bookros2_ws/install/controller_interface:/home/raul/bookros2_ws/install/hardware_interface:/home/raul/bookros2_ws/install/ros2_control_test_assets:/home/raul/bookros2_ws/install/controller_manager_msgs:/opt/ros/foxy LD_LIBRARY_PATH=/home/raul/bookros2_ws/install/forward_command_controller/lib:/home/raul/bookros2_ws/install/controller_manager/lib:/home/raul/bookros2_ws/install/controller_interface/lib:/home/raul/bookros2_ws/install/hardware_interface/lib:/home/raul/bookros2_ws/install/controller_manager_msgs/lib:${LD_LIBRARY_PATH} PYTHONPATH=/home/raul/bookros2_ws/install/controller_manager/lib/python3.8/site-packages:/home/raul/bookros2_ws/install/controller_manager_msgs/lib/python3.8/site-packages:${PYTHONPATH} /usr/bin/cmake --install /home/raul/bookros2_ws/build/effort_controllers
[21.841s] -- Install configuration: ""
[21.842s] -- Execute custom install script
[21.842s] -- Symlinking: /home/raul/bookros2_ws/install/effort_controllers/share/effort_controllers//effort_controllers_plugins.xml
[21.886s] -- Symlinking: /home/raul/bookros2_ws/install/effort_controllers/include/effort_controllers/joint_group_effort_controller.hpp
[21.894s] -- Symlinking: /home/raul/bookros2_ws/install/effort_controllers/include/effort_controllers/visibility_control.h
[21.914s] -- Symlinking: /home/raul/bookros2_ws/install/effort_controllers/lib/libeffort_controllers.so
[21.927s] -- Symlinking: /home/raul/bookros2_ws/install/effort_controllers/share/effort_controllers/environment/library_path.sh
[21.950s] -- Symlinking: /home/raul/bookros2_ws/install/effort_controllers/share/effort_controllers/environment/library_path.dsv
[21.958s] -- Symlinking: /home/raul/bookros2_ws/install/effort_controllers/share/ament_index/resource_index/package_run_dependencies/effort_controllers
[21.976s] -- Symlinking: /home/raul/bookros2_ws/install/effort_controllers/share/ament_index/resource_index/parent_prefix_path/effort_controllers
[21.989s] -- Symlinking: /home/raul/bookros2_ws/install/effort_controllers/share/effort_controllers/environment/ament_prefix_path.sh
[22.004s] -- Symlinking: /home/raul/bookros2_ws/install/effort_controllers/share/effort_controllers/environment/ament_prefix_path.dsv
[22.022s] -- Symlinking: /home/raul/bookros2_ws/install/effort_controllers/share/effort_controllers/environment/path.sh
[22.056s] -- Symlinking: /home/raul/bookros2_ws/install/effort_controllers/share/effort_controllers/environment/path.dsv
[22.082s] -- Symlinking: /home/raul/bookros2_ws/install/effort_controllers/share/effort_controllers/local_setup.bash
[22.088s] -- Symlinking: /home/raul/bookros2_ws/install/effort_controllers/share/effort_controllers/local_setup.sh
[22.107s] -- Symlinking: /home/raul/bookros2_ws/install/effort_controllers/share/effort_controllers/local_setup.zsh
[22.125s] -- Symlinking: /home/raul/bookros2_ws/install/effort_controllers/share/effort_controllers/local_setup.dsv
[22.146s] -- Symlinking: /home/raul/bookros2_ws/install/effort_controllers/share/effort_controllers/package.dsv
[22.164s] -- Symlinking: /home/raul/bookros2_ws/install/effort_controllers/share/ament_index/resource_index/packages/effort_controllers
[22.179s] -- Symlinking: /home/raul/bookros2_ws/install/effort_controllers/share/ament_index/resource_index/controller_interface__pluginlib__plugin/effort_controllers
[22.195s] -- Symlinking: /home/raul/bookros2_ws/install/effort_controllers/share/effort_controllers/cmake/ament_cmake_export_dependencies-extras.cmake
[22.215s] -- Symlinking: /home/raul/bookros2_ws/install/effort_controllers/share/effort_controllers/cmake/ament_cmake_export_include_directories-extras.cmake
[22.228s] -- Symlinking: /home/raul/bookros2_ws/install/effort_controllers/share/effort_controllers/cmake/ament_cmake_export_libraries-extras.cmake
[22.245s] -- Symlinking: /home/raul/bookros2_ws/install/effort_controllers/share/effort_controllers/cmake/effort_controllersConfig.cmake
[22.261s] -- Symlinking: /home/raul/bookros2_ws/install/effort_controllers/share/effort_controllers/cmake/effort_controllersConfig-version.cmake
[22.275s] -- Symlinking: /home/raul/bookros2_ws/install/effort_controllers/share/effort_controllers/package.xml
[22.299s] Invoked command in '/home/raul/bookros2_ws/build/effort_controllers' returned '0': AMENT_PREFIX_PATH=/home/raul/bookros2_ws/install/forward_command_controller:/home/raul/bookros2_ws/install/controller_manager:/home/raul/bookros2_ws/install/controller_interface:/home/raul/bookros2_ws/install/hardware_interface:/home/raul/bookros2_ws/install/ros2_control_test_assets:/home/raul/bookros2_ws/install/controller_manager_msgs:${AMENT_PREFIX_PATH} CMAKE_PREFIX_PATH=/home/raul/bookros2_ws/install/forward_command_controller:/home/raul/bookros2_ws/install/controller_manager:/home/raul/bookros2_ws/install/controller_interface:/home/raul/bookros2_ws/install/hardware_interface:/home/raul/bookros2_ws/install/ros2_control_test_assets:/home/raul/bookros2_ws/install/controller_manager_msgs:/opt/ros/foxy LD_LIBRARY_PATH=/home/raul/bookros2_ws/install/forward_command_controller/lib:/home/raul/bookros2_ws/install/controller_manager/lib:/home/raul/bookros2_ws/install/controller_interface/lib:/home/raul/bookros2_ws/install/hardware_interface/lib:/home/raul/bookros2_ws/install/controller_manager_msgs/lib:${LD_LIBRARY_PATH} PYTHONPATH=/home/raul/bookros2_ws/install/controller_manager/lib/python3.8/site-packages:/home/raul/bookros2_ws/install/controller_manager_msgs/lib/python3.8/site-packages:${PYTHONPATH} /usr/bin/cmake --install /home/raul/bookros2_ws/build/effort_controllers
