-- Found ament_cmake: 0.9.11 (/opt/ros/foxy/share/ament_cmake/cmake)
-- Using PYTHON_EXECUTABLE: /usr/bin/python3
-- Override CMake install command with custom implementation using symlinks instead of copying resources
-- Found controller_interface: 0.7.1 (/home/raul/bookros2_ws/install/controller_interface/share/controller_interface/cmake)
-- Using all available rosidl_typesupport_c: rosidl_typesupport_fastrtps_c;rosidl_typesupport_introspection_c
-- Found rosidl_adapter: 1.3.0 (/opt/ros/foxy/share/rosidl_adapter/cmake)
-- Using all available rosidl_typesupport_cpp: rosidl_typesupport_fastrtps_cpp;rosidl_typesupport_introspection_cpp
-- Found rmw_implementation_cmake: 1.0.3 (/opt/ros/foxy/share/rmw_implementation_cmake/cmake)
-- Using RMW implementation 'rmw_fastrtps_cpp' as default
-- Found nav_msgs: 2.0.5 (/opt/ros/foxy/share/nav_msgs/cmake)
-- Found realtime_tools: 2.2.0 (/opt/ros/foxy/share/realtime_tools/cmake)
-- Found tf2: 0.13.13 (/opt/ros/foxy/share/tf2/cmake)
-- Found tf2_msgs: 0.13.13 (/opt/ros/foxy/share/tf2_msgs/cmake)
-- Found ament_cmake_gmock: 0.9.11 (/opt/ros/foxy/share/ament_cmake_gmock/cmake)
-- Found ament_lint_auto: 0.9.7 (/opt/ros/foxy/share/ament_lint_auto/cmake)
-- Found controller_manager: 0.7.1 (/home/raul/bookros2_ws/install/controller_manager/share/controller_manager/cmake)
-- Found gmock sources under '/opt/ros/foxy/src/gmock_vendor': C++ tests using 'Google Mock' will be built
-- Found ament_cmake_gtest: 0.9.11 (/opt/ros/foxy/share/ament_cmake_gtest/cmake)
-- Found gtest sources under '/opt/ros/foxy/src/gtest_vendor': C++ tests using 'Google Test' will be built
-- Added test 'copyright' to check source files copyright and LICENSE
-- Added test 'cppcheck' to perform static code analysis on C / C++ code
-- Configured cppcheck include dirs: /home/raul/bookros2_ws/src/ThirdParty/ros2_controllers/diff_drive_controller/include
-- Configured cppcheck exclude dirs and/or files: 
-- Added test 'cpplint' to check C / C++ code against the Google style
-- Configured cpplint exclude dirs and/or files: 
-- Added test 'lint_cmake' to check CMake code style
-- Added test 'uncrustify' to check C / C++ code style
-- Configured uncrustify additional arguments: 
-- Added test 'xmllint' to check XML markup files
-- Configuring done
-- Generating done
-- Build files have been written to: /home/raul/bookros2_ws/build/diff_drive_controller
[ 20%] Built target gmock
[ 33%] Built target gmock_main
[ 60%] Built target diff_drive_controller
[ 73%] Built target test_accumulator
[ 86%] Built target test_load_diff_drive_controller
[100%] Built target test_diff_drive_controller
-- Install configuration: ""
-- Execute custom install script
-- Up-to-date symlink: /home/raul/bookros2_ws/install/diff_drive_controller/share/diff_drive_controller//diff_drive_plugin.xml
-- Up-to-date symlink: /home/raul/bookros2_ws/install/diff_drive_controller/include/diff_drive_controller/diff_drive_controller.hpp
-- Up-to-date symlink: /home/raul/bookros2_ws/install/diff_drive_controller/include/diff_drive_controller/odometry.hpp
-- Up-to-date symlink: /home/raul/bookros2_ws/install/diff_drive_controller/include/diff_drive_controller/rolling_mean_accumulator.hpp
-- Up-to-date symlink: /home/raul/bookros2_ws/install/diff_drive_controller/include/diff_drive_controller/speed_limiter.hpp
-- Up-to-date symlink: /home/raul/bookros2_ws/install/diff_drive_controller/include/diff_drive_controller/visibility_control.h
-- Up-to-date symlink: /home/raul/bookros2_ws/install/diff_drive_controller/lib/libdiff_drive_controller.so
-- Up-to-date symlink: /home/raul/bookros2_ws/install/diff_drive_controller/share/diff_drive_controller/environment/library_path.sh
-- Up-to-date symlink: /home/raul/bookros2_ws/install/diff_drive_controller/share/diff_drive_controller/environment/library_path.dsv
-- Up-to-date symlink: /home/raul/bookros2_ws/install/diff_drive_controller/share/ament_index/resource_index/package_run_dependencies/diff_drive_controller
-- Up-to-date symlink: /home/raul/bookros2_ws/install/diff_drive_controller/share/ament_index/resource_index/parent_prefix_path/diff_drive_controller
-- Up-to-date symlink: /home/raul/bookros2_ws/install/diff_drive_controller/share/diff_drive_controller/environment/ament_prefix_path.sh
-- Up-to-date symlink: /home/raul/bookros2_ws/install/diff_drive_controller/share/diff_drive_controller/environment/ament_prefix_path.dsv
-- Up-to-date symlink: /home/raul/bookros2_ws/install/diff_drive_controller/share/diff_drive_controller/environment/path.sh
-- Up-to-date symlink: /home/raul/bookros2_ws/install/diff_drive_controller/share/diff_drive_controller/environment/path.dsv
-- Up-to-date symlink: /home/raul/bookros2_ws/install/diff_drive_controller/share/diff_drive_controller/local_setup.bash
-- Up-to-date symlink: /home/raul/bookros2_ws/install/diff_drive_controller/share/diff_drive_controller/local_setup.sh
-- Up-to-date symlink: /home/raul/bookros2_ws/install/diff_drive_controller/share/diff_drive_controller/local_setup.zsh
-- Up-to-date symlink: /home/raul/bookros2_ws/install/diff_drive_controller/share/diff_drive_controller/local_setup.dsv
-- Symlinking: /home/raul/bookros2_ws/install/diff_drive_controller/share/diff_drive_controller/package.dsv
-- Up-to-date symlink: /home/raul/bookros2_ws/install/diff_drive_controller/share/ament_index/resource_index/packages/diff_drive_controller
-- Up-to-date symlink: /home/raul/bookros2_ws/install/diff_drive_controller/share/ament_index/resource_index/controller_interface__pluginlib__plugin/diff_drive_controller
-- Up-to-date symlink: /home/raul/bookros2_ws/install/diff_drive_controller/share/diff_drive_controller/cmake/ament_cmake_export_dependencies-extras.cmake
-- Up-to-date symlink: /home/raul/bookros2_ws/install/diff_drive_controller/share/diff_drive_controller/cmake/ament_cmake_export_include_directories-extras.cmake
-- Up-to-date symlink: /home/raul/bookros2_ws/install/diff_drive_controller/share/diff_drive_controller/cmake/ament_cmake_export_libraries-extras.cmake
-- Up-to-date symlink: /home/raul/bookros2_ws/install/diff_drive_controller/share/diff_drive_controller/cmake/diff_drive_controllerConfig.cmake
-- Up-to-date symlink: /home/raul/bookros2_ws/install/diff_drive_controller/share/diff_drive_controller/cmake/diff_drive_controllerConfig-version.cmake
-- Up-to-date symlink: /home/raul/bookros2_ws/install/diff_drive_controller/share/diff_drive_controller/package.xml
