[0.034s] Invoking command in '/home/raul/bookros2_ws/build/pmb2_maps': CMAKE_PREFIX_PATH=/opt/ros/foxy /usr/bin/cmake /home/raul/bookros2_ws/src/ThirdParty/pmb2_navigation/pmb2_maps -DAMENT_CMAKE_SYMLINK_INSTALL=1 -DCMAKE_INSTALL_PREFIX=/home/raul/bookros2_ws/install/pmb2_maps
[0.121s] -- The C compiler identification is GNU 9.4.0
[0.215s] -- The CXX compiler identification is GNU 9.4.0
[0.220s] -- Check for working C compiler: /usr/bin/cc
[0.330s] -- Check for working C compiler: /usr/bin/cc -- works
[0.330s] -- Detecting C compiler ABI info
[0.444s] -- Detecting C compiler ABI info - done
[0.456s] -- Detecting C compile features
[0.457s] -- Detecting C compile features - done
[0.462s] -- Check for working CXX compiler: /usr/bin/c++
[0.615s] -- Check for working CXX compiler: /usr/bin/c++ -- works
[0.616s] -- Detecting CXX compiler ABI info
[0.749s] -- Detecting CXX compiler ABI info - done
[0.766s] -- Detecting CXX compile features
[0.766s] -- Detecting CXX compile features - done
[0.769s] -- Found ament_cmake_auto: 0.9.11 (/opt/ros/foxy/share/ament_cmake_auto/cmake)
[0.836s] -- Found PythonInterp: /usr/bin/python3 (found suitable version "3.8.10", minimum required is "3") 
[0.837s] -- Using PYTHON_EXECUTABLE: /usr/bin/python3
[1.117s] -- Override CMake install command with custom implementation using symlinks instead of copying resources
[1.262s] -- Configuring done
[1.263s] -- Generating done
[1.265s] -- Build files have been written to: /home/raul/bookros2_ws/build/pmb2_maps
[1.279s] Invoked command in '/home/raul/bookros2_ws/build/pmb2_maps' returned '0': CMAKE_PREFIX_PATH=/opt/ros/foxy /usr/bin/cmake /home/raul/bookros2_ws/src/ThirdParty/pmb2_navigation/pmb2_maps -DAMENT_CMAKE_SYMLINK_INSTALL=1 -DCMAKE_INSTALL_PREFIX=/home/raul/bookros2_ws/install/pmb2_maps
[1.279s] Invoking command in '/home/raul/bookros2_ws/build/pmb2_maps': CMAKE_PREFIX_PATH=/opt/ros/foxy /usr/bin/cmake --build /home/raul/bookros2_ws/build/pmb2_maps -- -j8 -l8
[1.967s] Invoked command in '/home/raul/bookros2_ws/build/pmb2_maps' returned '0': CMAKE_PREFIX_PATH=/opt/ros/foxy /usr/bin/cmake --build /home/raul/bookros2_ws/build/pmb2_maps -- -j8 -l8
[2.047s] Invoking command in '/home/raul/bookros2_ws/build/pmb2_maps': CMAKE_PREFIX_PATH=/opt/ros/foxy /usr/bin/cmake --install /home/raul/bookros2_ws/build/pmb2_maps
[3.517s] -- Install configuration: ""
[3.517s] -- Execute custom install script
[3.517s] -- Symlinking: /home/raul/bookros2_ws/install/pmb2_maps/share/pmb2_maps/config/map.pgm
[3.517s] -- Symlinking: /home/raul/bookros2_ws/install/pmb2_maps/share/pmb2_maps/config/map.yaml
[3.517s] -- Symlinking: /home/raul/bookros2_ws/install/pmb2_maps/share/pmb2_maps/config/mmap.yaml
[3.518s] -- Symlinking: /home/raul/bookros2_ws/install/pmb2_maps/share/pmb2_maps/configurations/pal_office/map.pgm
[3.518s] -- Symlinking: /home/raul/bookros2_ws/install/pmb2_maps/share/pmb2_maps/configurations/pal_office/map.yaml
[3.518s] -- Symlinking: /home/raul/bookros2_ws/install/pmb2_maps/share/pmb2_maps/configurations/pal_office/mmap.yaml
[3.519s] -- Symlinking: /home/raul/bookros2_ws/install/pmb2_maps/share/pmb2_maps/configurations/small_office/map.bmp
[3.519s] -- Symlinking: /home/raul/bookros2_ws/install/pmb2_maps/share/pmb2_maps/configurations/small_office/map.bt
[3.519s] -- Symlinking: /home/raul/bookros2_ws/install/pmb2_maps/share/pmb2_maps/configurations/small_office/map.ot
[3.519s] -- Symlinking: /home/raul/bookros2_ws/install/pmb2_maps/share/pmb2_maps/configurations/small_office/map.pgm
[3.523s] -- Symlinking: /home/raul/bookros2_ws/install/pmb2_maps/share/pmb2_maps/configurations/small_office/map.yaml
[3.524s] -- Symlinking: /home/raul/bookros2_ws/install/pmb2_maps/share/pmb2_maps/configurations/small_office/mmap.yaml
[3.524s] -- Symlinking: /home/raul/bookros2_ws/install/pmb2_maps/share/pmb2_maps/configurations/small_office/transformation.yaml
[3.524s] -- Symlinking: /home/raul/bookros2_ws/install/pmb2_maps/share/ament_index/resource_index/package_run_dependencies/pmb2_maps
[3.524s] -- Symlinking: /home/raul/bookros2_ws/install/pmb2_maps/share/ament_index/resource_index/parent_prefix_path/pmb2_maps
[3.525s] -- Symlinking: /home/raul/bookros2_ws/install/pmb2_maps/share/pmb2_maps/environment/ament_prefix_path.sh
[3.525s] -- Symlinking: /home/raul/bookros2_ws/install/pmb2_maps/share/pmb2_maps/environment/ament_prefix_path.dsv
[3.525s] -- Symlinking: /home/raul/bookros2_ws/install/pmb2_maps/share/pmb2_maps/environment/path.sh
[3.525s] -- Symlinking: /home/raul/bookros2_ws/install/pmb2_maps/share/pmb2_maps/environment/path.dsv
[3.525s] -- Symlinking: /home/raul/bookros2_ws/install/pmb2_maps/share/pmb2_maps/local_setup.bash
[3.525s] -- Symlinking: /home/raul/bookros2_ws/install/pmb2_maps/share/pmb2_maps/local_setup.sh
[3.525s] -- Symlinking: /home/raul/bookros2_ws/install/pmb2_maps/share/pmb2_maps/local_setup.zsh
[3.525s] -- Symlinking: /home/raul/bookros2_ws/install/pmb2_maps/share/pmb2_maps/local_setup.dsv
[3.525s] -- Symlinking: /home/raul/bookros2_ws/install/pmb2_maps/share/pmb2_maps/package.dsv
[3.525s] -- Symlinking: /home/raul/bookros2_ws/install/pmb2_maps/share/ament_index/resource_index/packages/pmb2_maps
[3.525s] -- Symlinking: /home/raul/bookros2_ws/install/pmb2_maps/share/pmb2_maps/cmake/pmb2_mapsConfig.cmake
[3.526s] -- Symlinking: /home/raul/bookros2_ws/install/pmb2_maps/share/pmb2_maps/cmake/pmb2_mapsConfig-version.cmake
[3.526s] -- Symlinking: /home/raul/bookros2_ws/install/pmb2_maps/share/pmb2_maps/package.xml
[3.564s] Invoked command in '/home/raul/bookros2_ws/build/pmb2_maps' returned '0': CMAKE_PREFIX_PATH=/opt/ros/foxy /usr/bin/cmake --install /home/raul/bookros2_ws/build/pmb2_maps
