[0.134s] Invoking command in '/home/raul/bookros2_ws/build/br2_tracking_msgs': CMAKE_PREFIX_PATH=${CMAKE_PREFIX_PATH}:/home/raul/bookros2_ws/install/ros2controlcli:/home/raul/bookros2_ws/install/launch_pal:/home/raul/bookros2_ws/install/br2_fsm_bumpgo_py:/opt/ros/foxy /usr/bin/cmake --build /home/raul/bookros2_ws/build/br2_tracking_msgs -- -j8 -l8
[0.273s] [  9%] Built target br2_tracking_msgs__rosidl_generator_c
[0.300s] [ 12%] Built target br2_tracking_msgs__cpp
[0.367s] [ 22%] Built target br2_tracking_msgs__rosidl_typesupport_introspection_c
[0.424s] [ 32%] Built target br2_tracking_msgs__rosidl_typesupport_cpp
[0.434s] [ 41%] Built target br2_tracking_msgs__rosidl_typesupport_c
[0.449s] [ 51%] Built target br2_tracking_msgs__rosidl_typesupport_fastrtps_cpp
[0.460s] [ 61%] Built target br2_tracking_msgs__rosidl_typesupport_introspection_cpp
[0.521s] [ 70%] Built target br2_tracking_msgs__rosidl_typesupport_fastrtps_c
[0.581s] [ 70%] Built target br2_tracking_msgs
[0.634s] [ 74%] Built target br2_tracking_msgs__py
[0.704s] [ 80%] Built target br2_tracking_msgs__python
[0.771s] [ 87%] Built target br2_tracking_msgs__rosidl_typesupport_fastrtps_c__pyext
[0.816s] [ 93%] Built target br2_tracking_msgs__rosidl_typesupport_c__pyext
[0.816s] [100%] Built target br2_tracking_msgs__rosidl_typesupport_introspection_c__pyext
[0.903s] Invoked command in '/home/raul/bookros2_ws/build/br2_tracking_msgs' returned '0': CMAKE_PREFIX_PATH=${CMAKE_PREFIX_PATH}:/home/raul/bookros2_ws/install/ros2controlcli:/home/raul/bookros2_ws/install/launch_pal:/home/raul/bookros2_ws/install/br2_fsm_bumpgo_py:/opt/ros/foxy /usr/bin/cmake --build /home/raul/bookros2_ws/build/br2_tracking_msgs -- -j8 -l8
[1.193s] Invoking command in '/home/raul/bookros2_ws/build/br2_tracking_msgs': CMAKE_PREFIX_PATH=${CMAKE_PREFIX_PATH}:/home/raul/bookros2_ws/install/ros2controlcli:/home/raul/bookros2_ws/install/launch_pal:/home/raul/bookros2_ws/install/br2_fsm_bumpgo_py:/opt/ros/foxy /usr/bin/cmake --install /home/raul/bookros2_ws/build/br2_tracking_msgs
[1.222s] -- Install configuration: ""
[1.222s] -- Execute custom install script
[1.223s] -- Up-to-date symlink: /home/raul/bookros2_ws/install/br2_tracking_msgs/share/ament_index/resource_index/rosidl_interfaces/br2_tracking_msgs
[1.223s] -- Up-to-date symlink: /home/raul/bookros2_ws/install/br2_tracking_msgs/include/br2_tracking_msgs/msg/detail/pan_tilt_command__functions.h
[1.223s] -- Up-to-date symlink: /home/raul/bookros2_ws/install/br2_tracking_msgs/include/br2_tracking_msgs/msg/detail/pan_tilt_command__struct.h
[1.223s] -- Up-to-date symlink: /home/raul/bookros2_ws/install/br2_tracking_msgs/include/br2_tracking_msgs/msg/detail/pan_tilt_command__type_support.h
[1.224s] -- Up-to-date symlink: /home/raul/bookros2_ws/install/br2_tracking_msgs/include/br2_tracking_msgs/msg/pan_tilt_command.h
[1.224s] -- Up-to-date symlink: /home/raul/bookros2_ws/install/br2_tracking_msgs/include/br2_tracking_msgs/msg/rosidl_generator_c__visibility_control.h
[1.224s] -- Up-to-date symlink: /home/raul/bookros2_ws/install/br2_tracking_msgs/share/br2_tracking_msgs/environment/library_path.sh
[1.224s] -- Up-to-date symlink: /home/raul/bookros2_ws/install/br2_tracking_msgs/share/br2_tracking_msgs/environment/library_path.dsv
[1.224s] -- Up-to-date symlink: /home/raul/bookros2_ws/install/br2_tracking_msgs/include/br2_tracking_msgs/msg/detail/pan_tilt_command__rosidl_typesupport_fastrtps_c.h
[1.225s] -- Up-to-date symlink: /home/raul/bookros2_ws/install/br2_tracking_msgs/include/br2_tracking_msgs/msg/rosidl_typesupport_fastrtps_c__visibility_control.h
[1.225s] -- Up-to-date symlink: /home/raul/bookros2_ws/install/br2_tracking_msgs/lib/libbr2_tracking_msgs__rosidl_typesupport_fastrtps_c.so
[1.225s] -- Up-to-date symlink: /home/raul/bookros2_ws/install/br2_tracking_msgs/include/br2_tracking_msgs/msg/detail/pan_tilt_command__rosidl_typesupport_fastrtps_cpp.hpp
[1.226s] -- Up-to-date symlink: /home/raul/bookros2_ws/install/br2_tracking_msgs/include/br2_tracking_msgs/msg/rosidl_typesupport_fastrtps_cpp__visibility_control.h
[1.226s] -- Up-to-date symlink: /home/raul/bookros2_ws/install/br2_tracking_msgs/lib/libbr2_tracking_msgs__rosidl_typesupport_fastrtps_cpp.so
[1.228s] -- Up-to-date symlink: /home/raul/bookros2_ws/install/br2_tracking_msgs/include/br2_tracking_msgs/msg/detail/pan_tilt_command__rosidl_typesupport_introspection_c.h
[1.228s] -- Up-to-date symlink: /home/raul/bookros2_ws/install/br2_tracking_msgs/include/br2_tracking_msgs/msg/rosidl_typesupport_introspection_c__visibility_control.h
[1.232s] -- Up-to-date symlink: /home/raul/bookros2_ws/install/br2_tracking_msgs/include/br2_tracking_msgs/msg/detail/pan_tilt_command__builder.hpp
[1.232s] -- Up-to-date symlink: /home/raul/bookros2_ws/install/br2_tracking_msgs/include/br2_tracking_msgs/msg/detail/pan_tilt_command__struct.hpp
[1.232s] -- Up-to-date symlink: /home/raul/bookros2_ws/install/br2_tracking_msgs/include/br2_tracking_msgs/msg/detail/pan_tilt_command__traits.hpp
[1.233s] -- Up-to-date symlink: /home/raul/bookros2_ws/install/br2_tracking_msgs/include/br2_tracking_msgs/msg/pan_tilt_command.hpp
[1.233s] -- Up-to-date symlink: /home/raul/bookros2_ws/install/br2_tracking_msgs/include/br2_tracking_msgs/msg/detail/pan_tilt_command__rosidl_typesupport_introspection_cpp.hpp
[1.233s] -- Up-to-date symlink: /home/raul/bookros2_ws/install/br2_tracking_msgs/share/br2_tracking_msgs/environment/pythonpath.sh
[1.234s] -- Up-to-date symlink: /home/raul/bookros2_ws/install/br2_tracking_msgs/share/br2_tracking_msgs/environment/pythonpath.dsv
[1.234s] -- Up-to-date symlink: /home/raul/bookros2_ws/install/br2_tracking_msgs/lib/python3.8/site-packages/br2_tracking_msgs/__init__.py
[1.234s] -- Up-to-date symlink: /home/raul/bookros2_ws/install/br2_tracking_msgs/lib/python3.8/site-packages/br2_tracking_msgs/msg/__init__.py
[1.235s] -- Up-to-date symlink: /home/raul/bookros2_ws/install/br2_tracking_msgs/lib/python3.8/site-packages/br2_tracking_msgs/msg/_pan_tilt_command.py
[1.235s] -- Up-to-date symlink: /home/raul/bookros2_ws/install/br2_tracking_msgs/lib/python3.8/site-packages/br2_tracking_msgs/br2_tracking_msgs_s__rosidl_typesupport_fastrtps_c.cpython-38-x86_64-linux-gnu.so
[1.236s] -- Up-to-date symlink: /home/raul/bookros2_ws/install/br2_tracking_msgs/lib/python3.8/site-packages/br2_tracking_msgs/br2_tracking_msgs_s__rosidl_typesupport_introspection_c.cpython-38-x86_64-linux-gnu.so
[1.236s] -- Up-to-date symlink: /home/raul/bookros2_ws/install/br2_tracking_msgs/lib/python3.8/site-packages/br2_tracking_msgs/br2_tracking_msgs_s__rosidl_typesupport_c.cpython-38-x86_64-linux-gnu.so
[1.236s] -- Up-to-date symlink: /home/raul/bookros2_ws/install/br2_tracking_msgs/lib/libbr2_tracking_msgs__python.so
[1.237s] -- Up-to-date symlink: /home/raul/bookros2_ws/install/br2_tracking_msgs/share/br2_tracking_msgs/msg/PanTiltCommand.idl
[1.237s] -- Up-to-date symlink: /home/raul/bookros2_ws/install/br2_tracking_msgs/share/br2_tracking_msgs/msg/PanTiltCommand.msg
[1.237s] -- Up-to-date symlink: /home/raul/bookros2_ws/install/br2_tracking_msgs/share/ament_index/resource_index/package_run_dependencies/br2_tracking_msgs
[1.238s] -- Up-to-date symlink: /home/raul/bookros2_ws/install/br2_tracking_msgs/share/ament_index/resource_index/parent_prefix_path/br2_tracking_msgs
[1.239s] -- Up-to-date symlink: /home/raul/bookros2_ws/install/br2_tracking_msgs/share/br2_tracking_msgs/environment/ament_prefix_path.sh
[1.240s] -- Up-to-date symlink: /home/raul/bookros2_ws/install/br2_tracking_msgs/share/br2_tracking_msgs/environment/ament_prefix_path.dsv
[1.240s] -- Up-to-date symlink: /home/raul/bookros2_ws/install/br2_tracking_msgs/share/br2_tracking_msgs/environment/path.sh
[1.240s] -- Up-to-date symlink: /home/raul/bookros2_ws/install/br2_tracking_msgs/share/br2_tracking_msgs/environment/path.dsv
[1.241s] -- Up-to-date symlink: /home/raul/bookros2_ws/install/br2_tracking_msgs/share/br2_tracking_msgs/local_setup.bash
[1.242s] -- Up-to-date symlink: /home/raul/bookros2_ws/install/br2_tracking_msgs/share/br2_tracking_msgs/local_setup.sh
[1.242s] -- Up-to-date symlink: /home/raul/bookros2_ws/install/br2_tracking_msgs/share/br2_tracking_msgs/local_setup.zsh
[1.243s] -- Up-to-date symlink: /home/raul/bookros2_ws/install/br2_tracking_msgs/share/br2_tracking_msgs/local_setup.dsv
[1.243s] -- Symlinking: /home/raul/bookros2_ws/install/br2_tracking_msgs/share/br2_tracking_msgs/package.dsv
[1.268s] -- Up-to-date symlink: /home/raul/bookros2_ws/install/br2_tracking_msgs/share/ament_index/resource_index/packages/br2_tracking_msgs
[1.269s] -- Up-to-date symlink: /home/raul/bookros2_ws/install/br2_tracking_msgs/share/br2_tracking_msgs/cmake/rosidl_cmake-extras.cmake
[1.269s] -- Up-to-date symlink: /home/raul/bookros2_ws/install/br2_tracking_msgs/share/br2_tracking_msgs/cmake/ament_cmake_export_dependencies-extras.cmake
[1.269s] -- Up-to-date symlink: /home/raul/bookros2_ws/install/br2_tracking_msgs/share/br2_tracking_msgs/cmake/ament_cmake_export_libraries-extras.cmake
[1.271s] -- Up-to-date symlink: /home/raul/bookros2_ws/install/br2_tracking_msgs/share/br2_tracking_msgs/cmake/ament_cmake_export_targets-extras.cmake
[1.271s] -- Up-to-date symlink: /home/raul/bookros2_ws/install/br2_tracking_msgs/share/br2_tracking_msgs/cmake/ament_cmake_export_include_directories-extras.cmake
[1.271s] -- Up-to-date symlink: /home/raul/bookros2_ws/install/br2_tracking_msgs/share/br2_tracking_msgs/cmake/rosidl_cmake_export_typesupport_libraries-extras.cmake
[1.271s] -- Up-to-date symlink: /home/raul/bookros2_ws/install/br2_tracking_msgs/share/br2_tracking_msgs/cmake/rosidl_cmake_export_typesupport_targets-extras.cmake
[1.272s] -- Up-to-date symlink: /home/raul/bookros2_ws/install/br2_tracking_msgs/share/br2_tracking_msgs/cmake/br2_tracking_msgsConfig.cmake
[1.272s] -- Up-to-date symlink: /home/raul/bookros2_ws/install/br2_tracking_msgs/share/br2_tracking_msgs/cmake/br2_tracking_msgsConfig-version.cmake
[1.272s] -- Up-to-date symlink: /home/raul/bookros2_ws/install/br2_tracking_msgs/share/br2_tracking_msgs/package.xml
[1.273s] -- Up-to-date: /home/raul/bookros2_ws/install/br2_tracking_msgs/lib/libbr2_tracking_msgs__rosidl_generator_c.so
[1.273s] -- Up-to-date: /home/raul/bookros2_ws/install/br2_tracking_msgs/lib/libbr2_tracking_msgs__rosidl_typesupport_introspection_c.so
[1.273s] -- Up-to-date: /home/raul/bookros2_ws/install/br2_tracking_msgs/lib/libbr2_tracking_msgs__rosidl_typesupport_c.so
[1.275s] -- Up-to-date: /home/raul/bookros2_ws/install/br2_tracking_msgs/lib/libbr2_tracking_msgs__rosidl_typesupport_introspection_cpp.so
[1.275s] -- Up-to-date: /home/raul/bookros2_ws/install/br2_tracking_msgs/lib/libbr2_tracking_msgs__rosidl_typesupport_cpp.so
[1.345s] -- Up-to-date: /home/raul/bookros2_ws/install/br2_tracking_msgs/share/br2_tracking_msgs/cmake/br2_tracking_msgs__rosidl_generator_cExport.cmake
[1.345s] -- Up-to-date: /home/raul/bookros2_ws/install/br2_tracking_msgs/share/br2_tracking_msgs/cmake/br2_tracking_msgs__rosidl_generator_cExport-noconfig.cmake
[1.346s] -- Up-to-date: /home/raul/bookros2_ws/install/br2_tracking_msgs/share/br2_tracking_msgs/cmake/br2_tracking_msgs__rosidl_typesupport_introspection_cExport.cmake
[1.346s] -- Up-to-date: /home/raul/bookros2_ws/install/br2_tracking_msgs/share/br2_tracking_msgs/cmake/br2_tracking_msgs__rosidl_typesupport_introspection_cExport-noconfig.cmake
[1.346s] -- Up-to-date: /home/raul/bookros2_ws/install/br2_tracking_msgs/share/br2_tracking_msgs/cmake/br2_tracking_msgs__rosidl_typesupport_cExport.cmake
[1.346s] -- Up-to-date: /home/raul/bookros2_ws/install/br2_tracking_msgs/share/br2_tracking_msgs/cmake/br2_tracking_msgs__rosidl_typesupport_cExport-noconfig.cmake
[1.347s] -- Up-to-date: /home/raul/bookros2_ws/install/br2_tracking_msgs/share/br2_tracking_msgs/cmake/br2_tracking_msgs__rosidl_generator_cppExport.cmake
[1.347s] -- Up-to-date: /home/raul/bookros2_ws/install/br2_tracking_msgs/share/br2_tracking_msgs/cmake/br2_tracking_msgs__rosidl_typesupport_introspection_cppExport.cmake
[1.347s] -- Up-to-date: /home/raul/bookros2_ws/install/br2_tracking_msgs/share/br2_tracking_msgs/cmake/br2_tracking_msgs__rosidl_typesupport_introspection_cppExport-noconfig.cmake
[1.348s] -- Up-to-date: /home/raul/bookros2_ws/install/br2_tracking_msgs/share/br2_tracking_msgs/cmake/br2_tracking_msgs__rosidl_typesupport_cppExport.cmake
[1.348s] -- Up-to-date: /home/raul/bookros2_ws/install/br2_tracking_msgs/share/br2_tracking_msgs/cmake/br2_tracking_msgs__rosidl_typesupport_cppExport-noconfig.cmake
[1.762s] Invoked command in '/home/raul/bookros2_ws/build/br2_tracking_msgs' returned '0': CMAKE_PREFIX_PATH=${CMAKE_PREFIX_PATH}:/home/raul/bookros2_ws/install/ros2controlcli:/home/raul/bookros2_ws/install/launch_pal:/home/raul/bookros2_ws/install/br2_fsm_bumpgo_py:/opt/ros/foxy /usr/bin/cmake --install /home/raul/bookros2_ws/build/br2_tracking_msgs
