running develop
running egg_info
creating ros2controlcli.egg-info
writing ros2controlcli.egg-info/PKG-INFO
writing dependency_links to ros2controlcli.egg-info/dependency_links.txt
writing entry points to ros2controlcli.egg-info/entry_points.txt
writing requirements to ros2controlcli.egg-info/requires.txt
writing top-level names to ros2controlcli.egg-info/top_level.txt
writing manifest file 'ros2controlcli.egg-info/SOURCES.txt'
reading manifest file 'ros2controlcli.egg-info/SOURCES.txt'
writing manifest file 'ros2controlcli.egg-info/SOURCES.txt'
running build_ext
Creating /home/raul/bookros2_ws/install/ros2controlcli/lib/python3.8/site-packages/site.py
Creating /home/raul/bookros2_ws/install/ros2controlcli/lib/python3.8/site-packages/ros2controlcli.egg-link (link to .)

Installed /home/raul/bookros2_ws/build/ros2controlcli
running install_data
copying package.xml -> /home/raul/bookros2_ws/install/ros2controlcli/share/ros2controlcli
creating /home/raul/bookros2_ws/install/ros2controlcli/share/ament_index
creating /home/raul/bookros2_ws/install/ros2controlcli/share/ament_index/resource_index
creating /home/raul/bookros2_ws/install/ros2controlcli/share/ament_index/resource_index/packages
copying resource/ros2controlcli -> /home/raul/bookros2_ws/install/ros2controlcli/share/ament_index/resource_index/packages
