-- Found ament_cmake: 0.9.11 (/opt/ros/foxy/share/ament_cmake/cmake)
-- Using PYTHON_EXECUTABLE: /usr/bin/python3
-- Override CMake install command with custom implementation using symlinks instead of copying resources
-- Found controller_interface: 0.7.1 (/home/raul/bookros2_ws/install/controller_interface/share/controller_interface/cmake)
-- Using all available rosidl_typesupport_c: rosidl_typesupport_fastrtps_c;rosidl_typesupport_introspection_c
-- Found rosidl_adapter: 1.3.0 (/opt/ros/foxy/share/rosidl_adapter/cmake)
-- Using all available rosidl_typesupport_cpp: rosidl_typesupport_fastrtps_cpp;rosidl_typesupport_introspection_cpp
-- Found rmw_implementation_cmake: 1.0.3 (/opt/ros/foxy/share/rmw_implementation_cmake/cmake)
-- Using RMW implementation 'rmw_fastrtps_cpp' as default
-- Found realtime_tools: 2.2.0 (/opt/ros/foxy/share/realtime_tools/cmake)
-- Found ament_cmake_gmock: 0.9.11 (/opt/ros/foxy/share/ament_cmake_gmock/cmake)
-- Found ament_lint_auto: 0.9.7 (/opt/ros/foxy/share/ament_lint_auto/cmake)
-- Found controller_manager: 0.7.1 (/home/raul/bookros2_ws/install/controller_manager/share/controller_manager/cmake)
-- Found ros2_control_test_assets: 0.7.1 (/home/raul/bookros2_ws/install/ros2_control_test_assets/share/ros2_control_test_assets/cmake)
-- Found gmock sources under '/opt/ros/foxy/src/gmock_vendor': C++ tests using 'Google Mock' will be built
-- Found ament_cmake_gtest: 0.9.11 (/opt/ros/foxy/share/ament_cmake_gtest/cmake)
-- Found gtest sources under '/opt/ros/foxy/src/gtest_vendor': C++ tests using 'Google Test' will be built
-- Added test 'copyright' to check source files copyright and LICENSE
-- Added test 'cppcheck' to perform static code analysis on C / C++ code
-- Configured cppcheck include dirs: /home/raul/bookros2_ws/src/ThirdParty/ros2_controllers/forward_command_controller/include
-- Configured cppcheck exclude dirs and/or files: 
-- Added test 'cpplint' to check C / C++ code against the Google style
-- Configured cpplint exclude dirs and/or files: 
-- Added test 'lint_cmake' to check CMake code style
-- Added test 'uncrustify' to check C / C++ code style
-- Configured uncrustify additional arguments: 
-- Added test 'xmllint' to check XML markup files
-- Configuring done
-- Generating done
-- Build files have been written to: /home/raul/bookros2_ws/build/forward_command_controller
[ 18%] Built target forward_command_controller
[ 36%] Built target gmock_main
[ 63%] Built target gmock
[35m[1mScanning dependencies of target test_load_forward_command_controller[0m
[ 81%] Built target test_forward_command_controller
[ 90%] [32mBuilding CXX object CMakeFiles/test_load_forward_command_controller.dir/test/test_load_forward_command_controller.cpp.o[0m
[100%] [32m[1mLinking CXX executable test_load_forward_command_controller[0m
[100%] Built target test_load_forward_command_controller
-- Install configuration: ""
-- Execute custom install script
-- Up-to-date symlink: /home/raul/bookros2_ws/install/forward_command_controller/share/forward_command_controller//forward_command_plugin.xml
-- Up-to-date symlink: /home/raul/bookros2_ws/install/forward_command_controller/include/forward_command_controller/forward_command_controller.hpp
-- Up-to-date symlink: /home/raul/bookros2_ws/install/forward_command_controller/include/forward_command_controller/visibility_control.h
-- Up-to-date symlink: /home/raul/bookros2_ws/install/forward_command_controller/lib/libforward_command_controller.so
-- Up-to-date symlink: /home/raul/bookros2_ws/install/forward_command_controller/share/forward_command_controller/environment/library_path.sh
-- Up-to-date symlink: /home/raul/bookros2_ws/install/forward_command_controller/share/forward_command_controller/environment/library_path.dsv
-- Up-to-date symlink: /home/raul/bookros2_ws/install/forward_command_controller/share/ament_index/resource_index/package_run_dependencies/forward_command_controller
-- Up-to-date symlink: /home/raul/bookros2_ws/install/forward_command_controller/share/ament_index/resource_index/parent_prefix_path/forward_command_controller
-- Up-to-date symlink: /home/raul/bookros2_ws/install/forward_command_controller/share/forward_command_controller/environment/ament_prefix_path.sh
-- Up-to-date symlink: /home/raul/bookros2_ws/install/forward_command_controller/share/forward_command_controller/environment/ament_prefix_path.dsv
-- Up-to-date symlink: /home/raul/bookros2_ws/install/forward_command_controller/share/forward_command_controller/environment/path.sh
-- Up-to-date symlink: /home/raul/bookros2_ws/install/forward_command_controller/share/forward_command_controller/environment/path.dsv
-- Up-to-date symlink: /home/raul/bookros2_ws/install/forward_command_controller/share/forward_command_controller/local_setup.bash
-- Up-to-date symlink: /home/raul/bookros2_ws/install/forward_command_controller/share/forward_command_controller/local_setup.sh
-- Up-to-date symlink: /home/raul/bookros2_ws/install/forward_command_controller/share/forward_command_controller/local_setup.zsh
-- Up-to-date symlink: /home/raul/bookros2_ws/install/forward_command_controller/share/forward_command_controller/local_setup.dsv
-- Symlinking: /home/raul/bookros2_ws/install/forward_command_controller/share/forward_command_controller/package.dsv
-- Up-to-date symlink: /home/raul/bookros2_ws/install/forward_command_controller/share/ament_index/resource_index/packages/forward_command_controller
-- Up-to-date symlink: /home/raul/bookros2_ws/install/forward_command_controller/share/ament_index/resource_index/controller_interface__pluginlib__plugin/forward_command_controller
-- Up-to-date symlink: /home/raul/bookros2_ws/install/forward_command_controller/share/forward_command_controller/cmake/ament_cmake_export_dependencies-extras.cmake
-- Up-to-date symlink: /home/raul/bookros2_ws/install/forward_command_controller/share/forward_command_controller/cmake/ament_cmake_export_include_directories-extras.cmake
-- Up-to-date symlink: /home/raul/bookros2_ws/install/forward_command_controller/share/forward_command_controller/cmake/ament_cmake_export_libraries-extras.cmake
-- Up-to-date symlink: /home/raul/bookros2_ws/install/forward_command_controller/share/forward_command_controller/cmake/forward_command_controllerConfig.cmake
-- Up-to-date symlink: /home/raul/bookros2_ws/install/forward_command_controller/share/forward_command_controller/cmake/forward_command_controllerConfig-version.cmake
-- Up-to-date symlink: /home/raul/bookros2_ws/install/forward_command_controller/share/forward_command_controller/package.xml
