[0.485s] Invoking command in '/home/raul/bookros2_ws/build/twist_mux': CMAKE_PREFIX_PATH=${CMAKE_PREFIX_PATH}:/home/raul/bookros2_ws/install/ros2controlcli:/home/raul/bookros2_ws/install/launch_pal:/home/raul/bookros2_ws/install/br2_fsm_bumpgo_py:/opt/ros/foxy /usr/bin/cmake --build /home/raul/bookros2_ws/build/twist_mux -- -j8 -l8
[0.680s] [100%] Built target twist_mux
[0.681s] [ 33%] Built target twist_marker
[0.776s] Invoked command in '/home/raul/bookros2_ws/build/twist_mux' returned '0': CMAKE_PREFIX_PATH=${CMAKE_PREFIX_PATH}:/home/raul/bookros2_ws/install/ros2controlcli:/home/raul/bookros2_ws/install/launch_pal:/home/raul/bookros2_ws/install/br2_fsm_bumpgo_py:/opt/ros/foxy /usr/bin/cmake --build /home/raul/bookros2_ws/build/twist_mux -- -j8 -l8
[1.010s] Invoking command in '/home/raul/bookros2_ws/build/twist_mux': CMAKE_PREFIX_PATH=${CMAKE_PREFIX_PATH}:/home/raul/bookros2_ws/install/ros2controlcli:/home/raul/bookros2_ws/install/launch_pal:/home/raul/bookros2_ws/install/br2_fsm_bumpgo_py:/opt/ros/foxy /usr/bin/cmake --install /home/raul/bookros2_ws/build/twist_mux
[1.039s] -- Install configuration: ""
[1.040s] -- Execute custom install script
[1.047s] -- Up-to-date symlink: /home/raul/bookros2_ws/install/twist_mux/lib/twist_mux/twist_mux
[1.048s] -- Up-to-date symlink: /home/raul/bookros2_ws/install/twist_mux/lib/twist_mux/twist_marker
[1.049s] -- Up-to-date symlink: /home/raul/bookros2_ws/install/twist_mux/share/twist_mux/launch/twist_mux.launch
[1.049s] -- Up-to-date symlink: /home/raul/bookros2_ws/install/twist_mux/share/twist_mux/launch/twist_mux_launch.py
[1.052s] -- Up-to-date symlink: /home/raul/bookros2_ws/install/twist_mux/share/twist_mux/config/joystick.yaml
[1.053s] -- Up-to-date symlink: /home/raul/bookros2_ws/install/twist_mux/share/twist_mux/config/twist_mux_locks.yaml
[1.057s] -- Up-to-date symlink: /home/raul/bookros2_ws/install/twist_mux/share/twist_mux/config/twist_mux_topics.yaml
[1.058s] -- Up-to-date symlink: /home/raul/bookros2_ws/install/twist_mux/include/twist_mux/params_helpers.hpp
[1.058s] -- Up-to-date symlink: /home/raul/bookros2_ws/install/twist_mux/include/twist_mux/topic_handle.hpp
[1.059s] -- Up-to-date symlink: /home/raul/bookros2_ws/install/twist_mux/include/twist_mux/twist_mux.hpp
[1.059s] -- Up-to-date symlink: /home/raul/bookros2_ws/install/twist_mux/include/twist_mux/twist_mux_diagnostics.hpp
[1.059s] -- Up-to-date symlink: /home/raul/bookros2_ws/install/twist_mux/include/twist_mux/twist_mux_diagnostics_status.hpp
[1.059s] -- Up-to-date symlink: /home/raul/bookros2_ws/install/twist_mux/include/twist_mux/utils.hpp
[1.060s] -- Up-to-date symlink: /home/raul/bookros2_ws/install/twist_mux/share/ament_index/resource_index/package_run_dependencies/twist_mux
[1.060s] -- Up-to-date symlink: /home/raul/bookros2_ws/install/twist_mux/share/ament_index/resource_index/parent_prefix_path/twist_mux
[1.061s] -- Up-to-date symlink: /home/raul/bookros2_ws/install/twist_mux/share/twist_mux/environment/ament_prefix_path.sh
[1.064s] -- Up-to-date symlink: /home/raul/bookros2_ws/install/twist_mux/share/twist_mux/environment/ament_prefix_path.dsv
[1.064s] -- Up-to-date symlink: /home/raul/bookros2_ws/install/twist_mux/share/twist_mux/environment/path.sh
[1.064s] -- Up-to-date symlink: /home/raul/bookros2_ws/install/twist_mux/share/twist_mux/environment/path.dsv
[1.064s] -- Up-to-date symlink: /home/raul/bookros2_ws/install/twist_mux/share/twist_mux/local_setup.bash
[1.065s] -- Up-to-date symlink: /home/raul/bookros2_ws/install/twist_mux/share/twist_mux/local_setup.sh
[1.065s] -- Up-to-date symlink: /home/raul/bookros2_ws/install/twist_mux/share/twist_mux/local_setup.zsh
[1.066s] -- Up-to-date symlink: /home/raul/bookros2_ws/install/twist_mux/share/twist_mux/local_setup.dsv
[1.066s] -- Symlinking: /home/raul/bookros2_ws/install/twist_mux/share/twist_mux/package.dsv
[1.128s] -- Up-to-date symlink: /home/raul/bookros2_ws/install/twist_mux/share/ament_index/resource_index/packages/twist_mux
[1.128s] -- Up-to-date symlink: /home/raul/bookros2_ws/install/twist_mux/share/twist_mux/cmake/ament_cmake_export_include_directories-extras.cmake
[1.128s] -- Up-to-date symlink: /home/raul/bookros2_ws/install/twist_mux/share/twist_mux/cmake/ament_cmake_export_dependencies-extras.cmake
[1.129s] -- Up-to-date symlink: /home/raul/bookros2_ws/install/twist_mux/share/twist_mux/cmake/twist_muxConfig.cmake
[1.131s] -- Up-to-date symlink: /home/raul/bookros2_ws/install/twist_mux/share/twist_mux/cmake/twist_muxConfig-version.cmake
[1.132s] -- Up-to-date symlink: /home/raul/bookros2_ws/install/twist_mux/share/twist_mux/package.xml
[1.368s] Invoked command in '/home/raul/bookros2_ws/build/twist_mux' returned '0': CMAKE_PREFIX_PATH=${CMAKE_PREFIX_PATH}:/home/raul/bookros2_ws/install/ros2controlcli:/home/raul/bookros2_ws/install/launch_pal:/home/raul/bookros2_ws/install/br2_fsm_bumpgo_py:/opt/ros/foxy /usr/bin/cmake --install /home/raul/bookros2_ws/build/twist_mux
