[0.103s] Invoking command in '/home/raul/bookros2_ws/build/gazebo_ros2_control_demos': AMENT_PREFIX_PATH=/home/raul/bookros2_ws/install/ros2_controllers:/home/raul/bookros2_ws/install/velocity_controllers:/home/raul/bookros2_ws/install/ros2_control:/home/raul/bookros2_ws/install/position_controllers:/home/raul/bookros2_ws/install/joint_state_controller:/home/raul/bookros2_ws/install/effort_controllers:/home/raul/bookros2_ws/install/ros2controlcli:/home/raul/bookros2_ws/install/joint_trajectory_controller:/home/raul/bookros2_ws/install/joint_state_broadcaster:/home/raul/bookros2_ws/install/imu_sensor_broadcaster:/home/raul/bookros2_ws/install/gazebo_ros2_control:/home/raul/bookros2_ws/install/forward_command_controller:/home/raul/bookros2_ws/install/force_torque_sensor_broadcaster:/home/raul/bookros2_ws/install/diff_drive_controller:/home/raul/bookros2_ws/install/controller_manager:/home/raul/bookros2_ws/install/controller_interface:/home/raul/bookros2_ws/install/hardware_interface:/home/raul/bookros2_ws/install/ros2_control_test_assets:/home/raul/bookros2_ws/install/controller_manager_msgs:${AMENT_PREFIX_PATH} CMAKE_PREFIX_PATH=/home/raul/bookros2_ws/install/ros2_controllers:/home/raul/bookros2_ws/install/velocity_controllers:/home/raul/bookros2_ws/install/ros2_control:/home/raul/bookros2_ws/install/position_controllers:/home/raul/bookros2_ws/install/joint_state_controller:/home/raul/bookros2_ws/install/effort_controllers:/home/raul/bookros2_ws/install/joint_trajectory_controller:/home/raul/bookros2_ws/install/joint_state_broadcaster:/home/raul/bookros2_ws/install/imu_sensor_broadcaster:/home/raul/bookros2_ws/install/gazebo_ros2_control:/home/raul/bookros2_ws/install/forward_command_controller:/home/raul/bookros2_ws/install/force_torque_sensor_broadcaster:/home/raul/bookros2_ws/install/diff_drive_controller:/home/raul/bookros2_ws/install/controller_manager:/home/raul/bookros2_ws/install/controller_interface:/home/raul/bookros2_ws/install/hardware_interface:/home/raul/bookros2_ws/install/ros2_control_test_assets:/home/raul/bookros2_ws/install/controller_manager_msgs:/opt/ros/foxy LD_LIBRARY_PATH=/home/raul/bookros2_ws/install/velocity_controllers/lib:/home/raul/bookros2_ws/install/position_controllers/lib:/home/raul/bookros2_ws/install/joint_state_controller/lib:/home/raul/bookros2_ws/install/effort_controllers/lib:/home/raul/bookros2_ws/install/joint_trajectory_controller/lib:/home/raul/bookros2_ws/install/joint_state_broadcaster/lib:/home/raul/bookros2_ws/install/imu_sensor_broadcaster/lib:/home/raul/bookros2_ws/install/gazebo_ros2_control/lib:/home/raul/bookros2_ws/install/forward_command_controller/lib:/home/raul/bookros2_ws/install/force_torque_sensor_broadcaster/lib:/home/raul/bookros2_ws/install/diff_drive_controller/lib:/home/raul/bookros2_ws/install/controller_manager/lib:/home/raul/bookros2_ws/install/controller_interface/lib:/home/raul/bookros2_ws/install/hardware_interface/lib:/home/raul/bookros2_ws/install/controller_manager_msgs/lib:${LD_LIBRARY_PATH} PYTHONPATH=/home/raul/bookros2_ws/build/ros2controlcli:/home/raul/bookros2_ws/install/ros2controlcli/lib/python3.8/site-packages:/home/raul/bookros2_ws/install/controller_manager/lib/python3.8/site-packages:/home/raul/bookros2_ws/install/controller_manager_msgs/lib/python3.8/site-packages:${PYTHONPATH} /usr/bin/cmake /home/raul/bookros2_ws/src/ThirdParty/gazebo_ros2_control/gazebo_ros2_control_demos -DAMENT_CMAKE_SYMLINK_INSTALL=1 -DCMAKE_INSTALL_PREFIX=/home/raul/bookros2_ws/install/gazebo_ros2_control_demos
[0.196s] -- The C compiler identification is GNU 9.4.0
[0.269s] -- The CXX compiler identification is GNU 9.4.0
[0.276s] -- Check for working C compiler: /usr/bin/cc
[0.389s] -- Check for working C compiler: /usr/bin/cc -- works
[0.390s] -- Detecting C compiler ABI info
[0.506s] -- Detecting C compiler ABI info - done
[0.518s] -- Detecting C compile features
[0.518s] -- Detecting C compile features - done
[0.522s] -- Check for working CXX compiler: /usr/bin/c++
[0.654s] -- Check for working CXX compiler: /usr/bin/c++ -- works
[0.655s] -- Detecting CXX compiler ABI info
[0.789s] -- Detecting CXX compiler ABI info - done
[0.806s] -- Detecting CXX compile features
[0.807s] -- Detecting CXX compile features - done
[0.817s] -- Found ament_cmake: 0.9.11 (/opt/ros/foxy/share/ament_cmake/cmake)
[0.873s] -- Found PythonInterp: /usr/bin/python3 (found suitable version "3.8.10", minimum required is "3") 
[0.873s] -- Using PYTHON_EXECUTABLE: /usr/bin/python3
[1.108s] -- Override CMake install command with custom implementation using symlinks instead of copying resources
[1.163s] -- Found control_msgs: 2.5.1 (/opt/ros/foxy/share/control_msgs/cmake)
[1.247s] -- Using all available rosidl_typesupport_c: rosidl_typesupport_fastrtps_c;rosidl_typesupport_introspection_c
[1.270s] -- Found rosidl_adapter: 1.3.0 (/opt/ros/foxy/share/rosidl_adapter/cmake)
[1.456s] -- Found OpenSSL: /usr/lib/x86_64-linux-gnu/libcrypto.so (found version "1.1.1f")  
[1.501s] -- Found FastRTPS: /opt/ros/foxy/include  
[1.651s] -- Using all available rosidl_typesupport_cpp: rosidl_typesupport_fastrtps_cpp;rosidl_typesupport_introspection_cpp
[2.285s] -- Found rclcpp: 2.4.2 (/opt/ros/foxy/share/rclcpp/cmake)
[2.387s] -- Found rmw_implementation_cmake: 1.0.3 (/opt/ros/foxy/share/rmw_implementation_cmake/cmake)
[2.391s] -- Using RMW implementation 'rmw_fastrtps_cpp' as default
[2.393s] -- Looking for pthread.h
[2.508s] -- Looking for pthread.h - found
[2.508s] -- Performing Test CMAKE_HAVE_LIBC_PTHREAD
[2.617s] -- Performing Test CMAKE_HAVE_LIBC_PTHREAD - Failed
[2.617s] -- Looking for pthread_create in pthreads
[2.708s] -- Looking for pthread_create in pthreads - not found
[2.708s] -- Looking for pthread_create in pthread
[2.817s] -- Looking for pthread_create in pthread - found
[2.818s] -- Found Threads: TRUE  
[3.032s] -- Found rclcpp_action: 2.4.2 (/opt/ros/foxy/share/rclcpp_action/cmake)
[3.091s] -- Found ament_cmake_gtest: 0.9.11 (/opt/ros/foxy/share/ament_cmake_gtest/cmake)
[3.097s] -- Found ament_lint_auto: 0.9.7 (/opt/ros/foxy/share/ament_lint_auto/cmake)
[3.212s] -- Added test 'copyright' to check source files copyright and LICENSE
[3.215s] -- Added test 'cppcheck' to perform static code analysis on C / C++ code
[3.215s] -- Configured cppcheck include dirs: 
[3.216s] -- Configured cppcheck exclude dirs and/or files: 
[3.217s] -- Added test 'cpplint' to check C / C++ code against the Google style
[3.217s] -- Configured cpplint exclude dirs and/or files: 
[3.218s] -- Added test 'flake8' to check Python code syntax and style conventions
[3.219s] -- Added test 'lint_cmake' to check CMake code style
[3.220s] -- Added test 'pep257' to check Python code against some of the style conventions in PEP 257
[3.222s] -- Added test 'uncrustify' to check C / C++ code style
[3.222s] -- Configured uncrustify additional arguments: 
[3.223s] -- Added test 'xmllint' to check XML markup files
[3.228s] -- Configuring done
[3.249s] -- Generating done
[3.251s] -- Build files have been written to: /home/raul/bookros2_ws/build/gazebo_ros2_control_demos
[3.261s] Invoked command in '/home/raul/bookros2_ws/build/gazebo_ros2_control_demos' returned '0': AMENT_PREFIX_PATH=/home/raul/bookros2_ws/install/ros2_controllers:/home/raul/bookros2_ws/install/velocity_controllers:/home/raul/bookros2_ws/install/ros2_control:/home/raul/bookros2_ws/install/position_controllers:/home/raul/bookros2_ws/install/joint_state_controller:/home/raul/bookros2_ws/install/effort_controllers:/home/raul/bookros2_ws/install/ros2controlcli:/home/raul/bookros2_ws/install/joint_trajectory_controller:/home/raul/bookros2_ws/install/joint_state_broadcaster:/home/raul/bookros2_ws/install/imu_sensor_broadcaster:/home/raul/bookros2_ws/install/gazebo_ros2_control:/home/raul/bookros2_ws/install/forward_command_controller:/home/raul/bookros2_ws/install/force_torque_sensor_broadcaster:/home/raul/bookros2_ws/install/diff_drive_controller:/home/raul/bookros2_ws/install/controller_manager:/home/raul/bookros2_ws/install/controller_interface:/home/raul/bookros2_ws/install/hardware_interface:/home/raul/bookros2_ws/install/ros2_control_test_assets:/home/raul/bookros2_ws/install/controller_manager_msgs:${AMENT_PREFIX_PATH} CMAKE_PREFIX_PATH=/home/raul/bookros2_ws/install/ros2_controllers:/home/raul/bookros2_ws/install/velocity_controllers:/home/raul/bookros2_ws/install/ros2_control:/home/raul/bookros2_ws/install/position_controllers:/home/raul/bookros2_ws/install/joint_state_controller:/home/raul/bookros2_ws/install/effort_controllers:/home/raul/bookros2_ws/install/joint_trajectory_controller:/home/raul/bookros2_ws/install/joint_state_broadcaster:/home/raul/bookros2_ws/install/imu_sensor_broadcaster:/home/raul/bookros2_ws/install/gazebo_ros2_control:/home/raul/bookros2_ws/install/forward_command_controller:/home/raul/bookros2_ws/install/force_torque_sensor_broadcaster:/home/raul/bookros2_ws/install/diff_drive_controller:/home/raul/bookros2_ws/install/controller_manager:/home/raul/bookros2_ws/install/controller_interface:/home/raul/bookros2_ws/install/hardware_interface:/home/raul/bookros2_ws/install/ros2_control_test_assets:/home/raul/bookros2_ws/install/controller_manager_msgs:/opt/ros/foxy LD_LIBRARY_PATH=/home/raul/bookros2_ws/install/velocity_controllers/lib:/home/raul/bookros2_ws/install/position_controllers/lib:/home/raul/bookros2_ws/install/joint_state_controller/lib:/home/raul/bookros2_ws/install/effort_controllers/lib:/home/raul/bookros2_ws/install/joint_trajectory_controller/lib:/home/raul/bookros2_ws/install/joint_state_broadcaster/lib:/home/raul/bookros2_ws/install/imu_sensor_broadcaster/lib:/home/raul/bookros2_ws/install/gazebo_ros2_control/lib:/home/raul/bookros2_ws/install/forward_command_controller/lib:/home/raul/bookros2_ws/install/force_torque_sensor_broadcaster/lib:/home/raul/bookros2_ws/install/diff_drive_controller/lib:/home/raul/bookros2_ws/install/controller_manager/lib:/home/raul/bookros2_ws/install/controller_interface/lib:/home/raul/bookros2_ws/install/hardware_interface/lib:/home/raul/bookros2_ws/install/controller_manager_msgs/lib:${LD_LIBRARY_PATH} PYTHONPATH=/home/raul/bookros2_ws/build/ros2controlcli:/home/raul/bookros2_ws/install/ros2controlcli/lib/python3.8/site-packages:/home/raul/bookros2_ws/install/controller_manager/lib/python3.8/site-packages:/home/raul/bookros2_ws/install/controller_manager_msgs/lib/python3.8/site-packages:${PYTHONPATH} /usr/bin/cmake /home/raul/bookros2_ws/src/ThirdParty/gazebo_ros2_control/gazebo_ros2_control_demos -DAMENT_CMAKE_SYMLINK_INSTALL=1 -DCMAKE_INSTALL_PREFIX=/home/raul/bookros2_ws/install/gazebo_ros2_control_demos
[3.265s] Invoking command in '/home/raul/bookros2_ws/build/gazebo_ros2_control_demos': AMENT_PREFIX_PATH=/home/raul/bookros2_ws/install/ros2_controllers:/home/raul/bookros2_ws/install/velocity_controllers:/home/raul/bookros2_ws/install/ros2_control:/home/raul/bookros2_ws/install/position_controllers:/home/raul/bookros2_ws/install/joint_state_controller:/home/raul/bookros2_ws/install/effort_controllers:/home/raul/bookros2_ws/install/ros2controlcli:/home/raul/bookros2_ws/install/joint_trajectory_controller:/home/raul/bookros2_ws/install/joint_state_broadcaster:/home/raul/bookros2_ws/install/imu_sensor_broadcaster:/home/raul/bookros2_ws/install/gazebo_ros2_control:/home/raul/bookros2_ws/install/forward_command_controller:/home/raul/bookros2_ws/install/force_torque_sensor_broadcaster:/home/raul/bookros2_ws/install/diff_drive_controller:/home/raul/bookros2_ws/install/controller_manager:/home/raul/bookros2_ws/install/controller_interface:/home/raul/bookros2_ws/install/hardware_interface:/home/raul/bookros2_ws/install/ros2_control_test_assets:/home/raul/bookros2_ws/install/controller_manager_msgs:${AMENT_PREFIX_PATH} CMAKE_PREFIX_PATH=/home/raul/bookros2_ws/install/ros2_controllers:/home/raul/bookros2_ws/install/velocity_controllers:/home/raul/bookros2_ws/install/ros2_control:/home/raul/bookros2_ws/install/position_controllers:/home/raul/bookros2_ws/install/joint_state_controller:/home/raul/bookros2_ws/install/effort_controllers:/home/raul/bookros2_ws/install/joint_trajectory_controller:/home/raul/bookros2_ws/install/joint_state_broadcaster:/home/raul/bookros2_ws/install/imu_sensor_broadcaster:/home/raul/bookros2_ws/install/gazebo_ros2_control:/home/raul/bookros2_ws/install/forward_command_controller:/home/raul/bookros2_ws/install/force_torque_sensor_broadcaster:/home/raul/bookros2_ws/install/diff_drive_controller:/home/raul/bookros2_ws/install/controller_manager:/home/raul/bookros2_ws/install/controller_interface:/home/raul/bookros2_ws/install/hardware_interface:/home/raul/bookros2_ws/install/ros2_control_test_assets:/home/raul/bookros2_ws/install/controller_manager_msgs:/opt/ros/foxy LD_LIBRARY_PATH=/home/raul/bookros2_ws/install/velocity_controllers/lib:/home/raul/bookros2_ws/install/position_controllers/lib:/home/raul/bookros2_ws/install/joint_state_controller/lib:/home/raul/bookros2_ws/install/effort_controllers/lib:/home/raul/bookros2_ws/install/joint_trajectory_controller/lib:/home/raul/bookros2_ws/install/joint_state_broadcaster/lib:/home/raul/bookros2_ws/install/imu_sensor_broadcaster/lib:/home/raul/bookros2_ws/install/gazebo_ros2_control/lib:/home/raul/bookros2_ws/install/forward_command_controller/lib:/home/raul/bookros2_ws/install/force_torque_sensor_broadcaster/lib:/home/raul/bookros2_ws/install/diff_drive_controller/lib:/home/raul/bookros2_ws/install/controller_manager/lib:/home/raul/bookros2_ws/install/controller_interface/lib:/home/raul/bookros2_ws/install/hardware_interface/lib:/home/raul/bookros2_ws/install/controller_manager_msgs/lib:${LD_LIBRARY_PATH} PYTHONPATH=/home/raul/bookros2_ws/build/ros2controlcli:/home/raul/bookros2_ws/install/ros2controlcli/lib/python3.8/site-packages:/home/raul/bookros2_ws/install/controller_manager/lib/python3.8/site-packages:/home/raul/bookros2_ws/install/controller_manager_msgs/lib/python3.8/site-packages:${PYTHONPATH} /usr/bin/cmake --build /home/raul/bookros2_ws/build/gazebo_ros2_control_demos -- -j8 -l8
[3.340s] [35m[1mScanning dependencies of target example_velocity[0m
[3.340s] [35m[1mScanning dependencies of target example_position[0m
[3.340s] [35m[1mScanning dependencies of target example_effort[0m
[3.400s] [ 16%] [32mBuilding CXX object CMakeFiles/example_velocity.dir/examples/example_velocity.cpp.o[0m
[3.403s] [ 33%] [32mBuilding CXX object CMakeFiles/example_effort.dir/examples/example_effort.cpp.o[0m
[3.411s] [ 50%] [32mBuilding CXX object CMakeFiles/example_position.dir/examples/example_position.cpp.o[0m
[7.046s] [ 66%] [32m[1mLinking CXX executable example_velocity[0m
[7.110s] [ 83%] [32m[1mLinking CXX executable example_effort[0m
[7.290s] [ 83%] Built target example_velocity
[7.333s] [ 83%] Built target example_effort
[7.711s] [100%] [32m[1mLinking CXX executable example_position[0m
[7.938s] [100%] Built target example_position
[7.956s] Invoked command in '/home/raul/bookros2_ws/build/gazebo_ros2_control_demos' returned '0': AMENT_PREFIX_PATH=/home/raul/bookros2_ws/install/ros2_controllers:/home/raul/bookros2_ws/install/velocity_controllers:/home/raul/bookros2_ws/install/ros2_control:/home/raul/bookros2_ws/install/position_controllers:/home/raul/bookros2_ws/install/joint_state_controller:/home/raul/bookros2_ws/install/effort_controllers:/home/raul/bookros2_ws/install/ros2controlcli:/home/raul/bookros2_ws/install/joint_trajectory_controller:/home/raul/bookros2_ws/install/joint_state_broadcaster:/home/raul/bookros2_ws/install/imu_sensor_broadcaster:/home/raul/bookros2_ws/install/gazebo_ros2_control:/home/raul/bookros2_ws/install/forward_command_controller:/home/raul/bookros2_ws/install/force_torque_sensor_broadcaster:/home/raul/bookros2_ws/install/diff_drive_controller:/home/raul/bookros2_ws/install/controller_manager:/home/raul/bookros2_ws/install/controller_interface:/home/raul/bookros2_ws/install/hardware_interface:/home/raul/bookros2_ws/install/ros2_control_test_assets:/home/raul/bookros2_ws/install/controller_manager_msgs:${AMENT_PREFIX_PATH} CMAKE_PREFIX_PATH=/home/raul/bookros2_ws/install/ros2_controllers:/home/raul/bookros2_ws/install/velocity_controllers:/home/raul/bookros2_ws/install/ros2_control:/home/raul/bookros2_ws/install/position_controllers:/home/raul/bookros2_ws/install/joint_state_controller:/home/raul/bookros2_ws/install/effort_controllers:/home/raul/bookros2_ws/install/joint_trajectory_controller:/home/raul/bookros2_ws/install/joint_state_broadcaster:/home/raul/bookros2_ws/install/imu_sensor_broadcaster:/home/raul/bookros2_ws/install/gazebo_ros2_control:/home/raul/bookros2_ws/install/forward_command_controller:/home/raul/bookros2_ws/install/force_torque_sensor_broadcaster:/home/raul/bookros2_ws/install/diff_drive_controller:/home/raul/bookros2_ws/install/controller_manager:/home/raul/bookros2_ws/install/controller_interface:/home/raul/bookros2_ws/install/hardware_interface:/home/raul/bookros2_ws/install/ros2_control_test_assets:/home/raul/bookros2_ws/install/controller_manager_msgs:/opt/ros/foxy LD_LIBRARY_PATH=/home/raul/bookros2_ws/install/velocity_controllers/lib:/home/raul/bookros2_ws/install/position_controllers/lib:/home/raul/bookros2_ws/install/joint_state_controller/lib:/home/raul/bookros2_ws/install/effort_controllers/lib:/home/raul/bookros2_ws/install/joint_trajectory_controller/lib:/home/raul/bookros2_ws/install/joint_state_broadcaster/lib:/home/raul/bookros2_ws/install/imu_sensor_broadcaster/lib:/home/raul/bookros2_ws/install/gazebo_ros2_control/lib:/home/raul/bookros2_ws/install/forward_command_controller/lib:/home/raul/bookros2_ws/install/force_torque_sensor_broadcaster/lib:/home/raul/bookros2_ws/install/diff_drive_controller/lib:/home/raul/bookros2_ws/install/controller_manager/lib:/home/raul/bookros2_ws/install/controller_interface/lib:/home/raul/bookros2_ws/install/hardware_interface/lib:/home/raul/bookros2_ws/install/controller_manager_msgs/lib:${LD_LIBRARY_PATH} PYTHONPATH=/home/raul/bookros2_ws/build/ros2controlcli:/home/raul/bookros2_ws/install/ros2controlcli/lib/python3.8/site-packages:/home/raul/bookros2_ws/install/controller_manager/lib/python3.8/site-packages:/home/raul/bookros2_ws/install/controller_manager_msgs/lib/python3.8/site-packages:${PYTHONPATH} /usr/bin/cmake --build /home/raul/bookros2_ws/build/gazebo_ros2_control_demos -- -j8 -l8
[8.009s] Invoking command in '/home/raul/bookros2_ws/build/gazebo_ros2_control_demos': AMENT_PREFIX_PATH=/home/raul/bookros2_ws/install/ros2_controllers:/home/raul/bookros2_ws/install/velocity_controllers:/home/raul/bookros2_ws/install/ros2_control:/home/raul/bookros2_ws/install/position_controllers:/home/raul/bookros2_ws/install/joint_state_controller:/home/raul/bookros2_ws/install/effort_controllers:/home/raul/bookros2_ws/install/ros2controlcli:/home/raul/bookros2_ws/install/joint_trajectory_controller:/home/raul/bookros2_ws/install/joint_state_broadcaster:/home/raul/bookros2_ws/install/imu_sensor_broadcaster:/home/raul/bookros2_ws/install/gazebo_ros2_control:/home/raul/bookros2_ws/install/forward_command_controller:/home/raul/bookros2_ws/install/force_torque_sensor_broadcaster:/home/raul/bookros2_ws/install/diff_drive_controller:/home/raul/bookros2_ws/install/controller_manager:/home/raul/bookros2_ws/install/controller_interface:/home/raul/bookros2_ws/install/hardware_interface:/home/raul/bookros2_ws/install/ros2_control_test_assets:/home/raul/bookros2_ws/install/controller_manager_msgs:${AMENT_PREFIX_PATH} CMAKE_PREFIX_PATH=/home/raul/bookros2_ws/install/ros2_controllers:/home/raul/bookros2_ws/install/velocity_controllers:/home/raul/bookros2_ws/install/ros2_control:/home/raul/bookros2_ws/install/position_controllers:/home/raul/bookros2_ws/install/joint_state_controller:/home/raul/bookros2_ws/install/effort_controllers:/home/raul/bookros2_ws/install/joint_trajectory_controller:/home/raul/bookros2_ws/install/joint_state_broadcaster:/home/raul/bookros2_ws/install/imu_sensor_broadcaster:/home/raul/bookros2_ws/install/gazebo_ros2_control:/home/raul/bookros2_ws/install/forward_command_controller:/home/raul/bookros2_ws/install/force_torque_sensor_broadcaster:/home/raul/bookros2_ws/install/diff_drive_controller:/home/raul/bookros2_ws/install/controller_manager:/home/raul/bookros2_ws/install/controller_interface:/home/raul/bookros2_ws/install/hardware_interface:/home/raul/bookros2_ws/install/ros2_control_test_assets:/home/raul/bookros2_ws/install/controller_manager_msgs:/opt/ros/foxy LD_LIBRARY_PATH=/home/raul/bookros2_ws/install/velocity_controllers/lib:/home/raul/bookros2_ws/install/position_controllers/lib:/home/raul/bookros2_ws/install/joint_state_controller/lib:/home/raul/bookros2_ws/install/effort_controllers/lib:/home/raul/bookros2_ws/install/joint_trajectory_controller/lib:/home/raul/bookros2_ws/install/joint_state_broadcaster/lib:/home/raul/bookros2_ws/install/imu_sensor_broadcaster/lib:/home/raul/bookros2_ws/install/gazebo_ros2_control/lib:/home/raul/bookros2_ws/install/forward_command_controller/lib:/home/raul/bookros2_ws/install/force_torque_sensor_broadcaster/lib:/home/raul/bookros2_ws/install/diff_drive_controller/lib:/home/raul/bookros2_ws/install/controller_manager/lib:/home/raul/bookros2_ws/install/controller_interface/lib:/home/raul/bookros2_ws/install/hardware_interface/lib:/home/raul/bookros2_ws/install/controller_manager_msgs/lib:${LD_LIBRARY_PATH} PYTHONPATH=/home/raul/bookros2_ws/build/ros2controlcli:/home/raul/bookros2_ws/install/ros2controlcli/lib/python3.8/site-packages:/home/raul/bookros2_ws/install/controller_manager/lib/python3.8/site-packages:/home/raul/bookros2_ws/install/controller_manager_msgs/lib/python3.8/site-packages:${PYTHONPATH} /usr/bin/cmake --install /home/raul/bookros2_ws/build/gazebo_ros2_control_demos
[8.021s] -- Install configuration: ""
[8.023s] -- Execute custom install script
[8.023s] -- Symlinking: /home/raul/bookros2_ws/install/gazebo_ros2_control_demos/share/gazebo_ros2_control_demos//launch/cart_example_effort.launch.py
[8.038s] -- Symlinking: /home/raul/bookros2_ws/install/gazebo_ros2_control_demos/share/gazebo_ros2_control_demos//launch/cart_example_position.launch.py
[8.052s] -- Symlinking: /home/raul/bookros2_ws/install/gazebo_ros2_control_demos/share/gazebo_ros2_control_demos//launch/cart_example_velocity.launch.py
[8.067s] -- Symlinking: /home/raul/bookros2_ws/install/gazebo_ros2_control_demos/share/gazebo_ros2_control_demos//config/cartpole_controller.yaml
[8.082s] -- Symlinking: /home/raul/bookros2_ws/install/gazebo_ros2_control_demos/share/gazebo_ros2_control_demos//config/cartpole_controller_effort.yaml
[8.096s] -- Symlinking: /home/raul/bookros2_ws/install/gazebo_ros2_control_demos/share/gazebo_ros2_control_demos//config/cartpole_controller_velocity.yaml
[8.111s] -- Symlinking: /home/raul/bookros2_ws/install/gazebo_ros2_control_demos/share/gazebo_ros2_control_demos//urdf/test_cart_effort.xacro.urdf
[8.127s] -- Symlinking: /home/raul/bookros2_ws/install/gazebo_ros2_control_demos/share/gazebo_ros2_control_demos//urdf/test_cart_position.xacro.urdf
[8.142s] -- Symlinking: /home/raul/bookros2_ws/install/gazebo_ros2_control_demos/share/gazebo_ros2_control_demos//urdf/test_cart_velocity.xacro.urdf
[8.157s] -- Symlinking: /home/raul/bookros2_ws/install/gazebo_ros2_control_demos/lib/gazebo_ros2_control_demos/example_position
[8.172s] -- Symlinking: /home/raul/bookros2_ws/install/gazebo_ros2_control_demos/lib/gazebo_ros2_control_demos/example_velocity
[8.186s] -- Symlinking: /home/raul/bookros2_ws/install/gazebo_ros2_control_demos/lib/gazebo_ros2_control_demos/example_effort
[8.200s] -- Symlinking: /home/raul/bookros2_ws/install/gazebo_ros2_control_demos/share/ament_index/resource_index/package_run_dependencies/gazebo_ros2_control_demos
[8.214s] -- Symlinking: /home/raul/bookros2_ws/install/gazebo_ros2_control_demos/share/ament_index/resource_index/parent_prefix_path/gazebo_ros2_control_demos
[8.229s] -- Symlinking: /home/raul/bookros2_ws/install/gazebo_ros2_control_demos/share/gazebo_ros2_control_demos/environment/ament_prefix_path.sh
[8.243s] -- Symlinking: /home/raul/bookros2_ws/install/gazebo_ros2_control_demos/share/gazebo_ros2_control_demos/environment/ament_prefix_path.dsv
[8.257s] -- Symlinking: /home/raul/bookros2_ws/install/gazebo_ros2_control_demos/share/gazebo_ros2_control_demos/environment/path.sh
[8.272s] -- Symlinking: /home/raul/bookros2_ws/install/gazebo_ros2_control_demos/share/gazebo_ros2_control_demos/environment/path.dsv
[8.287s] -- Symlinking: /home/raul/bookros2_ws/install/gazebo_ros2_control_demos/share/gazebo_ros2_control_demos/local_setup.bash
[8.301s] -- Symlinking: /home/raul/bookros2_ws/install/gazebo_ros2_control_demos/share/gazebo_ros2_control_demos/local_setup.sh
[8.316s] -- Symlinking: /home/raul/bookros2_ws/install/gazebo_ros2_control_demos/share/gazebo_ros2_control_demos/local_setup.zsh
[8.334s] -- Symlinking: /home/raul/bookros2_ws/install/gazebo_ros2_control_demos/share/gazebo_ros2_control_demos/local_setup.dsv
[8.350s] -- Symlinking: /home/raul/bookros2_ws/install/gazebo_ros2_control_demos/share/gazebo_ros2_control_demos/package.dsv
[8.367s] -- Symlinking: /home/raul/bookros2_ws/install/gazebo_ros2_control_demos/share/ament_index/resource_index/packages/gazebo_ros2_control_demos
[8.381s] -- Symlinking: /home/raul/bookros2_ws/install/gazebo_ros2_control_demos/share/gazebo_ros2_control_demos/cmake/gazebo_ros2_control_demosConfig.cmake
[8.396s] -- Symlinking: /home/raul/bookros2_ws/install/gazebo_ros2_control_demos/share/gazebo_ros2_control_demos/cmake/gazebo_ros2_control_demosConfig-version.cmake
[8.411s] -- Symlinking: /home/raul/bookros2_ws/install/gazebo_ros2_control_demos/share/gazebo_ros2_control_demos/package.xml
[8.430s] Invoked command in '/home/raul/bookros2_ws/build/gazebo_ros2_control_demos' returned '0': AMENT_PREFIX_PATH=/home/raul/bookros2_ws/install/ros2_controllers:/home/raul/bookros2_ws/install/velocity_controllers:/home/raul/bookros2_ws/install/ros2_control:/home/raul/bookros2_ws/install/position_controllers:/home/raul/bookros2_ws/install/joint_state_controller:/home/raul/bookros2_ws/install/effort_controllers:/home/raul/bookros2_ws/install/ros2controlcli:/home/raul/bookros2_ws/install/joint_trajectory_controller:/home/raul/bookros2_ws/install/joint_state_broadcaster:/home/raul/bookros2_ws/install/imu_sensor_broadcaster:/home/raul/bookros2_ws/install/gazebo_ros2_control:/home/raul/bookros2_ws/install/forward_command_controller:/home/raul/bookros2_ws/install/force_torque_sensor_broadcaster:/home/raul/bookros2_ws/install/diff_drive_controller:/home/raul/bookros2_ws/install/controller_manager:/home/raul/bookros2_ws/install/controller_interface:/home/raul/bookros2_ws/install/hardware_interface:/home/raul/bookros2_ws/install/ros2_control_test_assets:/home/raul/bookros2_ws/install/controller_manager_msgs:${AMENT_PREFIX_PATH} CMAKE_PREFIX_PATH=/home/raul/bookros2_ws/install/ros2_controllers:/home/raul/bookros2_ws/install/velocity_controllers:/home/raul/bookros2_ws/install/ros2_control:/home/raul/bookros2_ws/install/position_controllers:/home/raul/bookros2_ws/install/joint_state_controller:/home/raul/bookros2_ws/install/effort_controllers:/home/raul/bookros2_ws/install/joint_trajectory_controller:/home/raul/bookros2_ws/install/joint_state_broadcaster:/home/raul/bookros2_ws/install/imu_sensor_broadcaster:/home/raul/bookros2_ws/install/gazebo_ros2_control:/home/raul/bookros2_ws/install/forward_command_controller:/home/raul/bookros2_ws/install/force_torque_sensor_broadcaster:/home/raul/bookros2_ws/install/diff_drive_controller:/home/raul/bookros2_ws/install/controller_manager:/home/raul/bookros2_ws/install/controller_interface:/home/raul/bookros2_ws/install/hardware_interface:/home/raul/bookros2_ws/install/ros2_control_test_assets:/home/raul/bookros2_ws/install/controller_manager_msgs:/opt/ros/foxy LD_LIBRARY_PATH=/home/raul/bookros2_ws/install/velocity_controllers/lib:/home/raul/bookros2_ws/install/position_controllers/lib:/home/raul/bookros2_ws/install/joint_state_controller/lib:/home/raul/bookros2_ws/install/effort_controllers/lib:/home/raul/bookros2_ws/install/joint_trajectory_controller/lib:/home/raul/bookros2_ws/install/joint_state_broadcaster/lib:/home/raul/bookros2_ws/install/imu_sensor_broadcaster/lib:/home/raul/bookros2_ws/install/gazebo_ros2_control/lib:/home/raul/bookros2_ws/install/forward_command_controller/lib:/home/raul/bookros2_ws/install/force_torque_sensor_broadcaster/lib:/home/raul/bookros2_ws/install/diff_drive_controller/lib:/home/raul/bookros2_ws/install/controller_manager/lib:/home/raul/bookros2_ws/install/controller_interface/lib:/home/raul/bookros2_ws/install/hardware_interface/lib:/home/raul/bookros2_ws/install/controller_manager_msgs/lib:${LD_LIBRARY_PATH} PYTHONPATH=/home/raul/bookros2_ws/build/ros2controlcli:/home/raul/bookros2_ws/install/ros2controlcli/lib/python3.8/site-packages:/home/raul/bookros2_ws/install/controller_manager/lib/python3.8/site-packages:/home/raul/bookros2_ws/install/controller_manager_msgs/lib/python3.8/site-packages:${PYTHONPATH} /usr/bin/cmake --install /home/raul/bookros2_ws/build/gazebo_ros2_control_demos
