[0.094s] Invoking command in '/home/raul/bookros2_ws/build/forward_command_controller': AMENT_PREFIX_PATH=/home/raul/bookros2_ws/install/controller_manager:/home/raul/bookros2_ws/install/controller_interface:/home/raul/bookros2_ws/install/hardware_interface:/home/raul/bookros2_ws/install/ros2_control_test_assets:/home/raul/bookros2_ws/install/controller_manager_msgs:${AMENT_PREFIX_PATH} CMAKE_PREFIX_PATH=/home/raul/bookros2_ws/install/controller_manager:/home/raul/bookros2_ws/install/controller_interface:/home/raul/bookros2_ws/install/hardware_interface:/home/raul/bookros2_ws/install/ros2_control_test_assets:/home/raul/bookros2_ws/install/controller_manager_msgs:/opt/ros/foxy LD_LIBRARY_PATH=/home/raul/bookros2_ws/install/controller_manager/lib:/home/raul/bookros2_ws/install/controller_interface/lib:/home/raul/bookros2_ws/install/hardware_interface/lib:/home/raul/bookros2_ws/install/controller_manager_msgs/lib:${LD_LIBRARY_PATH} PYTHONPATH=/home/raul/bookros2_ws/install/controller_manager/lib/python3.8/site-packages:/home/raul/bookros2_ws/install/controller_manager_msgs/lib/python3.8/site-packages:${PYTHONPATH} /usr/bin/cmake /home/raul/bookros2_ws/src/ThirdParty/ros2_controllers/forward_command_controller -DAMENT_CMAKE_SYMLINK_INSTALL=1 -DCMAKE_INSTALL_PREFIX=/home/raul/bookros2_ws/install/forward_command_controller
[0.179s] -- The C compiler identification is GNU 9.4.0
[0.260s] -- The CXX compiler identification is GNU 9.4.0
[0.266s] -- Check for working C compiler: /usr/bin/cc
[0.376s] -- Check for working C compiler: /usr/bin/cc -- works
[0.377s] -- Detecting C compiler ABI info
[0.496s] -- Detecting C compiler ABI info - done
[0.519s] -- Detecting C compile features
[0.520s] -- Detecting C compile features - done
[0.522s] -- Check for working CXX compiler: /usr/bin/c++
[0.648s] -- Check for working CXX compiler: /usr/bin/c++ -- works
[0.650s] -- Detecting CXX compiler ABI info
[0.813s] -- Detecting CXX compiler ABI info - done
[0.828s] -- Detecting CXX compile features
[0.828s] -- Detecting CXX compile features - done
[0.831s] -- Found ament_cmake: 0.9.11 (/opt/ros/foxy/share/ament_cmake/cmake)
[0.882s] -- Found PythonInterp: /usr/bin/python3 (found suitable version "3.8.10", minimum required is "3") 
[0.882s] -- Using PYTHON_EXECUTABLE: /usr/bin/python3
[1.118s] -- Override CMake install command with custom implementation using symlinks instead of copying resources
[1.171s] -- Found controller_interface: 0.7.1 (/home/raul/bookros2_ws/install/controller_interface/share/controller_interface/cmake)
[1.220s] -- Using all available rosidl_typesupport_c: rosidl_typesupport_fastrtps_c;rosidl_typesupport_introspection_c
[1.231s] -- Found rosidl_adapter: 1.3.0 (/opt/ros/foxy/share/rosidl_adapter/cmake)
[1.442s] -- Found OpenSSL: /usr/lib/x86_64-linux-gnu/libcrypto.so (found version "1.1.1f")  
[1.484s] -- Found FastRTPS: /opt/ros/foxy/include  
[1.592s] -- Using all available rosidl_typesupport_cpp: rosidl_typesupport_fastrtps_cpp;rosidl_typesupport_introspection_cpp
[2.407s] -- Found rmw_implementation_cmake: 1.0.3 (/opt/ros/foxy/share/rmw_implementation_cmake/cmake)
[2.409s] -- Using RMW implementation 'rmw_fastrtps_cpp' as default
[2.410s] -- Looking for pthread.h
[2.525s] -- Looking for pthread.h - found
[2.525s] -- Performing Test CMAKE_HAVE_LIBC_PTHREAD
[2.643s] -- Performing Test CMAKE_HAVE_LIBC_PTHREAD - Failed
[2.643s] -- Looking for pthread_create in pthreads
[2.747s] -- Looking for pthread_create in pthreads - not found
[2.747s] -- Looking for pthread_create in pthread
[2.859s] -- Looking for pthread_create in pthread - found
[2.860s] -- Found Threads: TRUE  
[3.219s] -- Found realtime_tools: 2.2.0 (/opt/ros/foxy/share/realtime_tools/cmake)
[3.340s] -- Found ament_cmake_gmock: 0.9.11 (/opt/ros/foxy/share/ament_cmake_gmock/cmake)
[3.342s] -- Found ament_lint_auto: 0.9.7 (/opt/ros/foxy/share/ament_lint_auto/cmake)
[3.344s] -- Found controller_manager: 0.7.1 (/home/raul/bookros2_ws/install/controller_manager/share/controller_manager/cmake)
[3.427s] -- Found ros2_control_test_assets: 0.7.1 (/home/raul/bookros2_ws/install/ros2_control_test_assets/share/ros2_control_test_assets/cmake)
[3.526s] -- Found gmock sources under '/opt/ros/foxy/src/gmock_vendor': C++ tests using 'Google Mock' will be built
[3.530s] -- Found ament_cmake_gtest: 0.9.11 (/opt/ros/foxy/share/ament_cmake_gtest/cmake)
[3.531s] -- Found gtest sources under '/opt/ros/foxy/src/gtest_vendor': C++ tests using 'Google Test' will be built
[3.688s] -- Added test 'copyright' to check source files copyright and LICENSE
[3.695s] -- Added test 'cppcheck' to perform static code analysis on C / C++ code
[3.695s] -- Configured cppcheck include dirs: /home/raul/bookros2_ws/src/ThirdParty/ros2_controllers/forward_command_controller/include
[3.696s] -- Configured cppcheck exclude dirs and/or files: 
[3.697s] -- Added test 'cpplint' to check C / C++ code against the Google style
[3.697s] -- Configured cpplint exclude dirs and/or files: 
[3.698s] -- Added test 'lint_cmake' to check CMake code style
[3.700s] -- Added test 'uncrustify' to check C / C++ code style
[3.700s] -- Configured uncrustify additional arguments: 
[3.701s] -- Added test 'xmllint' to check XML markup files
[3.709s] -- Configuring done
[3.813s] -- Generating done
[3.817s] -- Build files have been written to: /home/raul/bookros2_ws/build/forward_command_controller
[3.833s] Invoked command in '/home/raul/bookros2_ws/build/forward_command_controller' returned '0': AMENT_PREFIX_PATH=/home/raul/bookros2_ws/install/controller_manager:/home/raul/bookros2_ws/install/controller_interface:/home/raul/bookros2_ws/install/hardware_interface:/home/raul/bookros2_ws/install/ros2_control_test_assets:/home/raul/bookros2_ws/install/controller_manager_msgs:${AMENT_PREFIX_PATH} CMAKE_PREFIX_PATH=/home/raul/bookros2_ws/install/controller_manager:/home/raul/bookros2_ws/install/controller_interface:/home/raul/bookros2_ws/install/hardware_interface:/home/raul/bookros2_ws/install/ros2_control_test_assets:/home/raul/bookros2_ws/install/controller_manager_msgs:/opt/ros/foxy LD_LIBRARY_PATH=/home/raul/bookros2_ws/install/controller_manager/lib:/home/raul/bookros2_ws/install/controller_interface/lib:/home/raul/bookros2_ws/install/hardware_interface/lib:/home/raul/bookros2_ws/install/controller_manager_msgs/lib:${LD_LIBRARY_PATH} PYTHONPATH=/home/raul/bookros2_ws/install/controller_manager/lib/python3.8/site-packages:/home/raul/bookros2_ws/install/controller_manager_msgs/lib/python3.8/site-packages:${PYTHONPATH} /usr/bin/cmake /home/raul/bookros2_ws/src/ThirdParty/ros2_controllers/forward_command_controller -DAMENT_CMAKE_SYMLINK_INSTALL=1 -DCMAKE_INSTALL_PREFIX=/home/raul/bookros2_ws/install/forward_command_controller
[3.840s] Invoking command in '/home/raul/bookros2_ws/build/forward_command_controller': AMENT_PREFIX_PATH=/home/raul/bookros2_ws/install/controller_manager:/home/raul/bookros2_ws/install/controller_interface:/home/raul/bookros2_ws/install/hardware_interface:/home/raul/bookros2_ws/install/ros2_control_test_assets:/home/raul/bookros2_ws/install/controller_manager_msgs:${AMENT_PREFIX_PATH} CMAKE_PREFIX_PATH=/home/raul/bookros2_ws/install/controller_manager:/home/raul/bookros2_ws/install/controller_interface:/home/raul/bookros2_ws/install/hardware_interface:/home/raul/bookros2_ws/install/ros2_control_test_assets:/home/raul/bookros2_ws/install/controller_manager_msgs:/opt/ros/foxy LD_LIBRARY_PATH=/home/raul/bookros2_ws/install/controller_manager/lib:/home/raul/bookros2_ws/install/controller_interface/lib:/home/raul/bookros2_ws/install/hardware_interface/lib:/home/raul/bookros2_ws/install/controller_manager_msgs/lib:${LD_LIBRARY_PATH} PYTHONPATH=/home/raul/bookros2_ws/install/controller_manager/lib/python3.8/site-packages:/home/raul/bookros2_ws/install/controller_manager_msgs/lib/python3.8/site-packages:${PYTHONPATH} /usr/bin/cmake --build /home/raul/bookros2_ws/build/forward_command_controller -- -j8 -l8
[4.003s] [35m[1mScanning dependencies of target forward_command_controller[0m
[4.009s] [35m[1mScanning dependencies of target gmock[0m
[4.023s] [35m[1mScanning dependencies of target gmock_main[0m
[4.094s] [  9%] [32mBuilding CXX object gmock/CMakeFiles/gmock.dir/opt/ros/foxy/src/gtest_vendor/src/gtest-all.cc.o[0m
[4.107s] [ 18%] [32mBuilding CXX object gmock/CMakeFiles/gmock.dir/src/gmock-all.cc.o[0m
[4.120s] [ 27%] [32mBuilding CXX object CMakeFiles/forward_command_controller.dir/src/forward_command_controller.cpp.o[0m
[4.125s] [ 36%] [32mBuilding CXX object gmock/CMakeFiles/gmock_main.dir/src/gmock_main.cc.o[0m
[7.095s] [ 45%] [32m[1mLinking CXX static library libgmock_main.a[0m
[7.330s] [ 45%] Built target gmock_main
[14.856s] [ 54%] [32m[1mLinking CXX static library libgmock.a[0m
[15.124s] [ 54%] Built target gmock
[15.239s] [35m[1mScanning dependencies of target test_load_forward_command_controller[0m
[15.427s] [ 63%] [32mBuilding CXX object CMakeFiles/test_load_forward_command_controller.dir/test/test_load_forward_command_controller.cpp.o[0m
[32.604s] [ 72%] [32m[1mLinking CXX shared library libforward_command_controller.so[0m
[33.576s] [ 72%] Built target forward_command_controller
[35.339s] [ 81%] [32m[1mLinking CXX executable test_load_forward_command_controller[0m
[36.043s] [ 81%] Built target test_load_forward_command_controller
[36.065s] [35m[1mScanning dependencies of target test_forward_command_controller[0m
[36.330s] [ 90%] [32mBuilding CXX object CMakeFiles/test_forward_command_controller.dir/test/test_forward_command_controller.cpp.o[0m
[42.184s] [100%] [32m[1mLinking CXX executable test_forward_command_controller[0m
[43.264s] [100%] Built target test_forward_command_controller
