[0.114s] Invoking command in '/home/raul/bookros2_ws/build/br2_basics': CMAKE_PREFIX_PATH=${CMAKE_PREFIX_PATH}:/home/raul/bookros2_ws/install/ros2controlcli:/home/raul/bookros2_ws/install/launch_pal:/home/raul/bookros2_ws/install/br2_fsm_bumpgo_py:/opt/ros/foxy /usr/bin/cmake --build /home/raul/bookros2_ws/build/br2_basics -- -j8 -l8
[0.389s] [ 14%] Built target publisher
[0.491s] [ 28%] Built target param_reader
[0.633s] [ 42%] Built target logger_class
[0.776s] [ 57%] Built target subscriber_class
[0.909s] [ 71%] Built target publisher_class
[1.051s] [ 85%] Built target logger
[1.220s] [100%] Built target executors
[1.272s] Invoked command in '/home/raul/bookros2_ws/build/br2_basics' returned '0': CMAKE_PREFIX_PATH=${CMAKE_PREFIX_PATH}:/home/raul/bookros2_ws/install/ros2controlcli:/home/raul/bookros2_ws/install/launch_pal:/home/raul/bookros2_ws/install/br2_fsm_bumpgo_py:/opt/ros/foxy /usr/bin/cmake --build /home/raul/bookros2_ws/build/br2_basics -- -j8 -l8
[1.625s] Invoking command in '/home/raul/bookros2_ws/build/br2_basics': CMAKE_PREFIX_PATH=${CMAKE_PREFIX_PATH}:/home/raul/bookros2_ws/install/ros2controlcli:/home/raul/bookros2_ws/install/launch_pal:/home/raul/bookros2_ws/install/br2_fsm_bumpgo_py:/opt/ros/foxy /usr/bin/cmake --install /home/raul/bookros2_ws/build/br2_basics
[2.118s] -- Install configuration: ""
[2.118s] -- Execute custom install script
[2.120s] -- Up-to-date symlink: /home/raul/bookros2_ws/install/br2_basics/lib/br2_basics/publisher
[2.120s] -- Up-to-date symlink: /home/raul/bookros2_ws/install/br2_basics/lib/br2_basics/publisher_class
[2.122s] -- Up-to-date symlink: /home/raul/bookros2_ws/install/br2_basics/lib/br2_basics/subscriber_class
[2.123s] -- Up-to-date symlink: /home/raul/bookros2_ws/install/br2_basics/lib/br2_basics/executors
[2.123s] -- Up-to-date symlink: /home/raul/bookros2_ws/install/br2_basics/lib/br2_basics/logger
[2.124s] -- Up-to-date symlink: /home/raul/bookros2_ws/install/br2_basics/lib/br2_basics/logger_class
[2.124s] -- Up-to-date symlink: /home/raul/bookros2_ws/install/br2_basics/lib/br2_basics/param_reader
[2.125s] -- Up-to-date symlink: /home/raul/bookros2_ws/install/br2_basics/share/br2_basics/launch/includer_launch.py
[2.125s] -- Up-to-date symlink: /home/raul/bookros2_ws/install/br2_basics/share/br2_basics/launch/param_node_v1_launch.py
[2.126s] -- Up-to-date symlink: /home/raul/bookros2_ws/install/br2_basics/share/br2_basics/launch/param_node_v2_launch.py
[2.127s] -- Up-to-date symlink: /home/raul/bookros2_ws/install/br2_basics/share/br2_basics/launch/pub_sub_v1_launch.py
[2.127s] -- Up-to-date symlink: /home/raul/bookros2_ws/install/br2_basics/share/br2_basics/launch/pub_sub_v2_launch.py
[2.128s] -- Up-to-date symlink: /home/raul/bookros2_ws/install/br2_basics/share/br2_basics/config/params.yaml
[2.128s] -- Up-to-date symlink: /home/raul/bookros2_ws/install/br2_basics/share/ament_index/resource_index/package_run_dependencies/br2_basics
[2.129s] -- Up-to-date symlink: /home/raul/bookros2_ws/install/br2_basics/share/ament_index/resource_index/parent_prefix_path/br2_basics
[2.129s] -- Up-to-date symlink: /home/raul/bookros2_ws/install/br2_basics/share/br2_basics/environment/ament_prefix_path.sh
[2.129s] -- Up-to-date symlink: /home/raul/bookros2_ws/install/br2_basics/share/br2_basics/environment/ament_prefix_path.dsv
[2.130s] -- Up-to-date symlink: /home/raul/bookros2_ws/install/br2_basics/share/br2_basics/environment/path.sh
[2.131s] -- Up-to-date symlink: /home/raul/bookros2_ws/install/br2_basics/share/br2_basics/environment/path.dsv
[2.131s] -- Up-to-date symlink: /home/raul/bookros2_ws/install/br2_basics/share/br2_basics/local_setup.bash
[2.131s] -- Up-to-date symlink: /home/raul/bookros2_ws/install/br2_basics/share/br2_basics/local_setup.sh
[2.131s] -- Up-to-date symlink: /home/raul/bookros2_ws/install/br2_basics/share/br2_basics/local_setup.zsh
[2.132s] -- Up-to-date symlink: /home/raul/bookros2_ws/install/br2_basics/share/br2_basics/local_setup.dsv
[2.136s] -- Symlinking: /home/raul/bookros2_ws/install/br2_basics/share/br2_basics/package.dsv
[2.137s] -- Up-to-date symlink: /home/raul/bookros2_ws/install/br2_basics/share/ament_index/resource_index/packages/br2_basics
[2.137s] -- Up-to-date symlink: /home/raul/bookros2_ws/install/br2_basics/share/br2_basics/cmake/ament_cmake_export_dependencies-extras.cmake
[2.137s] -- Up-to-date symlink: /home/raul/bookros2_ws/install/br2_basics/share/br2_basics/cmake/br2_basicsConfig.cmake
[2.137s] -- Up-to-date symlink: /home/raul/bookros2_ws/install/br2_basics/share/br2_basics/cmake/br2_basicsConfig-version.cmake
[2.137s] -- Up-to-date symlink: /home/raul/bookros2_ws/install/br2_basics/share/br2_basics/package.xml
[2.142s] Invoked command in '/home/raul/bookros2_ws/build/br2_basics' returned '0': CMAKE_PREFIX_PATH=${CMAKE_PREFIX_PATH}:/home/raul/bookros2_ws/install/ros2controlcli:/home/raul/bookros2_ws/install/launch_pal:/home/raul/bookros2_ws/install/br2_fsm_bumpgo_py:/opt/ros/foxy /usr/bin/cmake --install /home/raul/bookros2_ws/build/br2_basics
