[0.443s] Invoking command in '/home/raul/bookros2_ws/build/tiago_description_calibration': CMAKE_PREFIX_PATH=${CMAKE_PREFIX_PATH}:/home/raul/bookros2_ws/install/ros2controlcli:/home/raul/bookros2_ws/install/launch_pal:/home/raul/bookros2_ws/install/br2_fsm_bumpgo_py:/opt/ros/foxy /usr/bin/cmake --build /home/raul/bookros2_ws/build/tiago_description_calibration -- -j8 -l8
[0.599s] Invoked command in '/home/raul/bookros2_ws/build/tiago_description_calibration' returned '0': CMAKE_PREFIX_PATH=${CMAKE_PREFIX_PATH}:/home/raul/bookros2_ws/install/ros2controlcli:/home/raul/bookros2_ws/install/launch_pal:/home/raul/bookros2_ws/install/br2_fsm_bumpgo_py:/opt/ros/foxy /usr/bin/cmake --build /home/raul/bookros2_ws/build/tiago_description_calibration -- -j8 -l8
[0.774s] Invoking command in '/home/raul/bookros2_ws/build/tiago_description_calibration': CMAKE_PREFIX_PATH=${CMAKE_PREFIX_PATH}:/home/raul/bookros2_ws/install/ros2controlcli:/home/raul/bookros2_ws/install/launch_pal:/home/raul/bookros2_ws/install/br2_fsm_bumpgo_py:/opt/ros/foxy /usr/bin/cmake --install /home/raul/bookros2_ws/build/tiago_description_calibration
[0.812s] -- Install configuration: ""
[0.815s] -- Execute custom install script
[0.828s] -- Up-to-date symlink: /home/raul/bookros2_ws/install/tiago_description_calibration/share/tiago_description_calibration/urdf/calibration/calibration_constants.urdf.xacro
[0.829s] -- Up-to-date symlink: /home/raul/bookros2_ws/install/tiago_description_calibration/share/tiago_description_calibration/urdf/calibration/extrinsic_camera_calibration_constants.urdf.xacro
[0.829s] -- Up-to-date symlink: /home/raul/bookros2_ws/install/tiago_description_calibration/share/tiago_description_calibration/urdf/deg_to_rad.xacro
[0.829s] -- Up-to-date symlink: /home/raul/bookros2_ws/install/tiago_description_calibration/share/ament_index/resource_index/package_run_dependencies/tiago_description_calibration
[0.829s] -- Up-to-date symlink: /home/raul/bookros2_ws/install/tiago_description_calibration/share/ament_index/resource_index/parent_prefix_path/tiago_description_calibration
[0.830s] -- Up-to-date symlink: /home/raul/bookros2_ws/install/tiago_description_calibration/share/tiago_description_calibration/environment/ament_prefix_path.sh
[0.830s] -- Up-to-date symlink: /home/raul/bookros2_ws/install/tiago_description_calibration/share/tiago_description_calibration/environment/ament_prefix_path.dsv
[0.830s] -- Up-to-date symlink: /home/raul/bookros2_ws/install/tiago_description_calibration/share/tiago_description_calibration/environment/path.sh
[0.831s] -- Up-to-date symlink: /home/raul/bookros2_ws/install/tiago_description_calibration/share/tiago_description_calibration/environment/path.dsv
[0.831s] -- Up-to-date symlink: /home/raul/bookros2_ws/install/tiago_description_calibration/share/tiago_description_calibration/local_setup.bash
[0.831s] -- Up-to-date symlink: /home/raul/bookros2_ws/install/tiago_description_calibration/share/tiago_description_calibration/local_setup.sh
[0.832s] -- Up-to-date symlink: /home/raul/bookros2_ws/install/tiago_description_calibration/share/tiago_description_calibration/local_setup.zsh
[0.832s] -- Up-to-date symlink: /home/raul/bookros2_ws/install/tiago_description_calibration/share/tiago_description_calibration/local_setup.dsv
[0.833s] -- Symlinking: /home/raul/bookros2_ws/install/tiago_description_calibration/share/tiago_description_calibration/package.dsv
[0.890s] -- Up-to-date symlink: /home/raul/bookros2_ws/install/tiago_description_calibration/share/ament_index/resource_index/packages/tiago_description_calibration
[0.891s] -- Up-to-date symlink: /home/raul/bookros2_ws/install/tiago_description_calibration/share/tiago_description_calibration/cmake/tiago_description_calibrationConfig.cmake
[0.891s] -- Up-to-date symlink: /home/raul/bookros2_ws/install/tiago_description_calibration/share/tiago_description_calibration/cmake/tiago_description_calibrationConfig-version.cmake
[0.891s] -- Up-to-date symlink: /home/raul/bookros2_ws/install/tiago_description_calibration/share/tiago_description_calibration/package.xml
[1.030s] Invoked command in '/home/raul/bookros2_ws/build/tiago_description_calibration' returned '0': CMAKE_PREFIX_PATH=${CMAKE_PREFIX_PATH}:/home/raul/bookros2_ws/install/ros2controlcli:/home/raul/bookros2_ws/install/launch_pal:/home/raul/bookros2_ws/install/br2_fsm_bumpgo_py:/opt/ros/foxy /usr/bin/cmake --install /home/raul/bookros2_ws/build/tiago_description_calibration
