[0.094s] Invoking command in '/home/raul/bookros2_ws/build/pmb2_2dnav': AMENT_PREFIX_PATH=/home/raul/bookros2_ws/install/pmb2_maps:${AMENT_PREFIX_PATH} CMAKE_PREFIX_PATH=/home/raul/bookros2_ws/install/pmb2_maps:/opt/ros/foxy /usr/bin/cmake --build /home/raul/bookros2_ws/build/pmb2_2dnav -- -j8 -l8
[0.252s] Invoked command in '/home/raul/bookros2_ws/build/pmb2_2dnav' returned '0': AMENT_PREFIX_PATH=/home/raul/bookros2_ws/install/pmb2_maps:${AMENT_PREFIX_PATH} CMAKE_PREFIX_PATH=/home/raul/bookros2_ws/install/pmb2_maps:/opt/ros/foxy /usr/bin/cmake --build /home/raul/bookros2_ws/build/pmb2_2dnav -- -j8 -l8
[0.366s] Invoking command in '/home/raul/bookros2_ws/build/pmb2_2dnav': AMENT_PREFIX_PATH=/home/raul/bookros2_ws/install/pmb2_maps:${AMENT_PREFIX_PATH} CMAKE_PREFIX_PATH=/home/raul/bookros2_ws/install/pmb2_maps:/opt/ros/foxy /usr/bin/cmake --install /home/raul/bookros2_ws/build/pmb2_2dnav
[0.399s] -- Install configuration: ""
[0.400s] -- Execute custom install script
[0.400s] -- Up-to-date symlink: /home/raul/bookros2_ws/install/pmb2_2dnav/lib/pmb2_2dnav/record_mapping.sh
[0.400s] -- Up-to-date symlink: /home/raul/bookros2_ws/install/pmb2_2dnav/lib/pmb2_2dnav/record_move_base.sh
[0.401s] -- Up-to-date symlink: /home/raul/bookros2_ws/install/pmb2_2dnav/lib/pmb2_2dnav/record_odom.sh
[0.401s] -- Up-to-date symlink: /home/raul/bookros2_ws/install/pmb2_2dnav/lib/pmb2_2dnav/record_patrol.sh
[0.402s] -- Up-to-date symlink: /home/raul/bookros2_ws/install/pmb2_2dnav/lib/pmb2_2dnav/record_rgbd.sh
[0.402s] -- Up-to-date symlink: /home/raul/bookros2_ws/install/pmb2_2dnav/share/pmb2_2dnav/config/rviz/advanced_navigation.rviz
[0.402s] -- Up-to-date symlink: /home/raul/bookros2_ws/install/pmb2_2dnav/share/pmb2_2dnav/config/rviz/navigation.rviz
[0.402s] -- Up-to-date symlink: /home/raul/bookros2_ws/install/pmb2_2dnav/share/pmb2_2dnav/launch/pmb2_nav_bringup.launch.py
[0.403s] -- Up-to-date symlink: /home/raul/bookros2_ws/install/pmb2_2dnav/share/pmb2_2dnav/params/pmb2_params.yaml
[0.403s] -- Up-to-date symlink: /home/raul/bookros2_ws/install/pmb2_2dnav/share/ament_index/resource_index/package_run_dependencies/pmb2_2dnav
[0.403s] -- Up-to-date symlink: /home/raul/bookros2_ws/install/pmb2_2dnav/share/ament_index/resource_index/parent_prefix_path/pmb2_2dnav
[0.404s] -- Up-to-date symlink: /home/raul/bookros2_ws/install/pmb2_2dnav/share/pmb2_2dnav/environment/ament_prefix_path.sh
[0.404s] -- Up-to-date symlink: /home/raul/bookros2_ws/install/pmb2_2dnav/share/pmb2_2dnav/environment/ament_prefix_path.dsv
[0.405s] -- Up-to-date symlink: /home/raul/bookros2_ws/install/pmb2_2dnav/share/pmb2_2dnav/environment/path.sh
[0.406s] -- Up-to-date symlink: /home/raul/bookros2_ws/install/pmb2_2dnav/share/pmb2_2dnav/environment/path.dsv
[0.406s] -- Up-to-date symlink: /home/raul/bookros2_ws/install/pmb2_2dnav/share/pmb2_2dnav/local_setup.bash
[0.407s] -- Up-to-date symlink: /home/raul/bookros2_ws/install/pmb2_2dnav/share/pmb2_2dnav/local_setup.sh
[0.407s] -- Up-to-date symlink: /home/raul/bookros2_ws/install/pmb2_2dnav/share/pmb2_2dnav/local_setup.zsh
[0.407s] -- Up-to-date symlink: /home/raul/bookros2_ws/install/pmb2_2dnav/share/pmb2_2dnav/local_setup.dsv
[0.407s] -- Symlinking: /home/raul/bookros2_ws/install/pmb2_2dnav/share/pmb2_2dnav/package.dsv
[0.424s] -- Up-to-date symlink: /home/raul/bookros2_ws/install/pmb2_2dnav/share/ament_index/resource_index/packages/pmb2_2dnav
[0.424s] -- Up-to-date symlink: /home/raul/bookros2_ws/install/pmb2_2dnav/share/pmb2_2dnav/cmake/pmb2_2dnavConfig.cmake
[0.424s] -- Up-to-date symlink: /home/raul/bookros2_ws/install/pmb2_2dnav/share/pmb2_2dnav/cmake/pmb2_2dnavConfig-version.cmake
[0.425s] -- Up-to-date symlink: /home/raul/bookros2_ws/install/pmb2_2dnav/share/pmb2_2dnav/package.xml
[0.494s] Invoked command in '/home/raul/bookros2_ws/build/pmb2_2dnav' returned '0': AMENT_PREFIX_PATH=/home/raul/bookros2_ws/install/pmb2_maps:${AMENT_PREFIX_PATH} CMAKE_PREFIX_PATH=/home/raul/bookros2_ws/install/pmb2_maps:/opt/ros/foxy /usr/bin/cmake --install /home/raul/bookros2_ws/build/pmb2_2dnav
