[0.088s] Invoking command in '/home/raul/bookros2_ws/build/my_package': CMAKE_PREFIX_PATH=${CMAKE_PREFIX_PATH}:/home/raul/bookros2_ws/install/ros2controlcli:/home/raul/bookros2_ws/install/launch_pal:/home/raul/bookros2_ws/install/br2_fsm_bumpgo_py:/opt/ros/foxy /usr/bin/cmake --build /home/raul/bookros2_ws/build/my_package -- -j8 -l8
[0.240s] [100%] Built target simple
[0.333s] Invoked command in '/home/raul/bookros2_ws/build/my_package' returned '0': CMAKE_PREFIX_PATH=${CMAKE_PREFIX_PATH}:/home/raul/bookros2_ws/install/ros2controlcli:/home/raul/bookros2_ws/install/launch_pal:/home/raul/bookros2_ws/install/br2_fsm_bumpgo_py:/opt/ros/foxy /usr/bin/cmake --build /home/raul/bookros2_ws/build/my_package -- -j8 -l8
[0.516s] Invoking command in '/home/raul/bookros2_ws/build/my_package': CMAKE_PREFIX_PATH=${CMAKE_PREFIX_PATH}:/home/raul/bookros2_ws/install/ros2controlcli:/home/raul/bookros2_ws/install/launch_pal:/home/raul/bookros2_ws/install/br2_fsm_bumpgo_py:/opt/ros/foxy /usr/bin/cmake --install /home/raul/bookros2_ws/build/my_package
[0.551s] -- Install configuration: ""
[0.551s] -- Execute custom install script
[0.552s] -- Up-to-date symlink: /home/raul/bookros2_ws/install/my_package/lib/my_package/simple
[0.553s] -- Up-to-date symlink: /home/raul/bookros2_ws/install/my_package/share/ament_index/resource_index/package_run_dependencies/my_package
[0.553s] -- Up-to-date symlink: /home/raul/bookros2_ws/install/my_package/share/ament_index/resource_index/parent_prefix_path/my_package
[0.554s] -- Up-to-date symlink: /home/raul/bookros2_ws/install/my_package/share/my_package/environment/ament_prefix_path.sh
[0.560s] -- Up-to-date symlink: /home/raul/bookros2_ws/install/my_package/share/my_package/environment/ament_prefix_path.dsv
[0.560s] -- Up-to-date symlink: /home/raul/bookros2_ws/install/my_package/share/my_package/environment/path.sh
[0.561s] -- Up-to-date symlink: /home/raul/bookros2_ws/install/my_package/share/my_package/environment/path.dsv
[0.561s] -- Up-to-date symlink: /home/raul/bookros2_ws/install/my_package/share/my_package/local_setup.bash
[0.562s] -- Up-to-date symlink: /home/raul/bookros2_ws/install/my_package/share/my_package/local_setup.sh
[0.562s] -- Up-to-date symlink: /home/raul/bookros2_ws/install/my_package/share/my_package/local_setup.zsh
[0.567s] -- Up-to-date symlink: /home/raul/bookros2_ws/install/my_package/share/my_package/local_setup.dsv
[0.567s] -- Symlinking: /home/raul/bookros2_ws/install/my_package/share/my_package/package.dsv
[0.589s] -- Up-to-date symlink: /home/raul/bookros2_ws/install/my_package/share/ament_index/resource_index/packages/my_package
[0.589s] -- Up-to-date symlink: /home/raul/bookros2_ws/install/my_package/share/my_package/cmake/ament_cmake_export_dependencies-extras.cmake
[0.590s] -- Up-to-date symlink: /home/raul/bookros2_ws/install/my_package/share/my_package/cmake/my_packageConfig.cmake
[0.590s] -- Up-to-date symlink: /home/raul/bookros2_ws/install/my_package/share/my_package/cmake/my_packageConfig-version.cmake
[0.590s] -- Up-to-date symlink: /home/raul/bookros2_ws/install/my_package/share/my_package/package.xml
[0.616s] Invoked command in '/home/raul/bookros2_ws/build/my_package' returned '0': CMAKE_PREFIX_PATH=${CMAKE_PREFIX_PATH}:/home/raul/bookros2_ws/install/ros2controlcli:/home/raul/bookros2_ws/install/launch_pal:/home/raul/bookros2_ws/install/br2_fsm_bumpgo_py:/opt/ros/foxy /usr/bin/cmake --install /home/raul/bookros2_ws/build/my_package
