[0.273s] Invoking command in '/home/raul/bookros2_ws/build/br2_basics': CMAKE_PREFIX_PATH=${CMAKE_PREFIX_PATH}:/home/raul/bookros2_ws/install/ros2controlcli:/home/raul/bookros2_ws/install/launch_pal:/home/raul/bookros2_ws/install/br2_fsm_bumpgo_py:/opt/ros/foxy /usr/bin/cmake --build /home/raul/bookros2_ws/build/br2_basics -- -j8 -l8
[0.525s] [ 14%] Built target publisher
[0.597s] [ 28%] Built target executors
[0.598s] [ 42%] Built target subscriber_class
[0.632s] [ 57%] Built target param_reader
[0.660s] [ 71%] Built target logger_class
[0.663s] [ 85%] Built target logger
[0.675s] [100%] Built target publisher_class
[0.765s] Invoked command in '/home/raul/bookros2_ws/build/br2_basics' returned '0': CMAKE_PREFIX_PATH=${CMAKE_PREFIX_PATH}:/home/raul/bookros2_ws/install/ros2controlcli:/home/raul/bookros2_ws/install/launch_pal:/home/raul/bookros2_ws/install/br2_fsm_bumpgo_py:/opt/ros/foxy /usr/bin/cmake --build /home/raul/bookros2_ws/build/br2_basics -- -j8 -l8
[1.205s] Invoking command in '/home/raul/bookros2_ws/build/br2_basics': CMAKE_PREFIX_PATH=${CMAKE_PREFIX_PATH}:/home/raul/bookros2_ws/install/ros2controlcli:/home/raul/bookros2_ws/install/launch_pal:/home/raul/bookros2_ws/install/br2_fsm_bumpgo_py:/opt/ros/foxy /usr/bin/cmake --install /home/raul/bookros2_ws/build/br2_basics
[1.310s] -- Install configuration: ""
[1.310s] -- Execute custom install script
[1.311s] -- Up-to-date symlink: /home/raul/bookros2_ws/install/br2_basics/lib/br2_basics/publisher
[1.311s] -- Up-to-date symlink: /home/raul/bookros2_ws/install/br2_basics/lib/br2_basics/publisher_class
[1.311s] -- Up-to-date symlink: /home/raul/bookros2_ws/install/br2_basics/lib/br2_basics/subscriber_class
[1.311s] -- Up-to-date symlink: /home/raul/bookros2_ws/install/br2_basics/lib/br2_basics/executors
[1.312s] -- Up-to-date symlink: /home/raul/bookros2_ws/install/br2_basics/lib/br2_basics/logger
[1.312s] -- Up-to-date symlink: /home/raul/bookros2_ws/install/br2_basics/lib/br2_basics/logger_class
[1.312s] -- Up-to-date symlink: /home/raul/bookros2_ws/install/br2_basics/lib/br2_basics/param_reader
[1.312s] -- Up-to-date symlink: /home/raul/bookros2_ws/install/br2_basics/share/br2_basics/launch/includer_launch.py
[1.313s] -- Up-to-date symlink: /home/raul/bookros2_ws/install/br2_basics/share/br2_basics/launch/param_node_v1_launch.py
[1.313s] -- Up-to-date symlink: /home/raul/bookros2_ws/install/br2_basics/share/br2_basics/launch/param_node_v2_launch.py
[1.313s] -- Up-to-date symlink: /home/raul/bookros2_ws/install/br2_basics/share/br2_basics/launch/pub_sub_v1_launch.py
[1.313s] -- Up-to-date symlink: /home/raul/bookros2_ws/install/br2_basics/share/br2_basics/launch/pub_sub_v2_launch.py
[1.314s] -- Up-to-date symlink: /home/raul/bookros2_ws/install/br2_basics/share/br2_basics/config/params.yaml
[1.314s] -- Up-to-date symlink: /home/raul/bookros2_ws/install/br2_basics/share/ament_index/resource_index/package_run_dependencies/br2_basics
[1.314s] -- Up-to-date symlink: /home/raul/bookros2_ws/install/br2_basics/share/ament_index/resource_index/parent_prefix_path/br2_basics
[1.314s] -- Up-to-date symlink: /home/raul/bookros2_ws/install/br2_basics/share/br2_basics/environment/ament_prefix_path.sh
[1.315s] -- Up-to-date symlink: /home/raul/bookros2_ws/install/br2_basics/share/br2_basics/environment/ament_prefix_path.dsv
[1.315s] -- Up-to-date symlink: /home/raul/bookros2_ws/install/br2_basics/share/br2_basics/environment/path.sh
[1.316s] -- Up-to-date symlink: /home/raul/bookros2_ws/install/br2_basics/share/br2_basics/environment/path.dsv
[1.316s] -- Up-to-date symlink: /home/raul/bookros2_ws/install/br2_basics/share/br2_basics/local_setup.bash
[1.316s] -- Up-to-date symlink: /home/raul/bookros2_ws/install/br2_basics/share/br2_basics/local_setup.sh
[1.316s] -- Up-to-date symlink: /home/raul/bookros2_ws/install/br2_basics/share/br2_basics/local_setup.zsh
[1.317s] -- Up-to-date symlink: /home/raul/bookros2_ws/install/br2_basics/share/br2_basics/local_setup.dsv
[1.317s] -- Symlinking: /home/raul/bookros2_ws/install/br2_basics/share/br2_basics/package.dsv
[1.318s] -- Up-to-date symlink: /home/raul/bookros2_ws/install/br2_basics/share/ament_index/resource_index/packages/br2_basics
[1.318s] -- Up-to-date symlink: /home/raul/bookros2_ws/install/br2_basics/share/br2_basics/cmake/ament_cmake_export_dependencies-extras.cmake
[1.318s] -- Up-to-date symlink: /home/raul/bookros2_ws/install/br2_basics/share/br2_basics/cmake/br2_basicsConfig.cmake
[1.318s] -- Up-to-date symlink: /home/raul/bookros2_ws/install/br2_basics/share/br2_basics/cmake/br2_basicsConfig-version.cmake
[1.318s] -- Up-to-date symlink: /home/raul/bookros2_ws/install/br2_basics/share/br2_basics/package.xml
[1.404s] Invoked command in '/home/raul/bookros2_ws/build/br2_basics' returned '0': CMAKE_PREFIX_PATH=${CMAKE_PREFIX_PATH}:/home/raul/bookros2_ws/install/ros2controlcli:/home/raul/bookros2_ws/install/launch_pal:/home/raul/bookros2_ws/install/br2_fsm_bumpgo_py:/opt/ros/foxy /usr/bin/cmake --install /home/raul/bookros2_ws/build/br2_basics
