[0.122s] Invoking command in '/home/raul/bookros2_ws/build/br2_tracking': AMENT_PREFIX_PATH=/home/raul/bookros2_ws/install/br2_tracking_msgs:${AMENT_PREFIX_PATH} CMAKE_PREFIX_PATH=/home/raul/bookros2_ws/install/br2_tracking_msgs:/opt/ros/foxy LD_LIBRARY_PATH=/home/raul/bookros2_ws/install/br2_tracking_msgs/lib:${LD_LIBRARY_PATH} PYTHONPATH=/home/raul/bookros2_ws/install/br2_tracking_msgs/lib/python3.8/site-packages:${PYTHONPATH} /usr/bin/cmake /home/raul/bookros2_ws/src/book_ros2/br2_tracking -DAMENT_CMAKE_SYMLINK_INSTALL=1 -DCMAKE_INSTALL_PREFIX=/home/raul/bookros2_ws/install/br2_tracking
[3.045s] -- The C compiler identification is GNU 9.4.0
[3.045s] -- The CXX compiler identification is GNU 9.4.0
[3.045s] -- Check for working C compiler: /usr/bin/cc
[3.045s] -- Check for working C compiler: /usr/bin/cc -- works
[3.046s] -- Detecting C compiler ABI info
[3.046s] -- Detecting C compiler ABI info - done
[3.047s] -- Detecting C compile features
[3.047s] -- Detecting C compile features - done
[3.047s] -- Check for working CXX compiler: /usr/bin/c++
[3.047s] -- Check for working CXX compiler: /usr/bin/c++ -- works
[3.048s] -- Detecting CXX compiler ABI info
[3.048s] -- Detecting CXX compiler ABI info - done
[3.048s] -- Detecting CXX compile features
[3.048s] -- Detecting CXX compile features - done
[3.049s] -- Found ament_cmake: 0.9.11 (/opt/ros/foxy/share/ament_cmake/cmake)
[3.049s] -- Found PythonInterp: /usr/bin/python3 (found suitable version "3.8.10", minimum required is "3") 
[3.049s] -- Using PYTHON_EXECUTABLE: /usr/bin/python3
[3.049s] -- Override CMake install command with custom implementation using symlinks instead of copying resources
[3.050s] -- Found rclcpp: 2.4.2 (/opt/ros/foxy/share/rclcpp/cmake)
[3.050s] -- Using all available rosidl_typesupport_c: rosidl_typesupport_fastrtps_c;rosidl_typesupport_introspection_c
[3.050s] -- Found rosidl_adapter: 1.3.0 (/opt/ros/foxy/share/rosidl_adapter/cmake)
[3.205s] -- Found OpenSSL: /usr/lib/x86_64-linux-gnu/libcrypto.so (found version "1.1.1f")  
[3.253s] -- Found FastRTPS: /opt/ros/foxy/include  
[3.441s] -- Using all available rosidl_typesupport_cpp: rosidl_typesupport_fastrtps_cpp;rosidl_typesupport_introspection_cpp
[3.572s] -- Found rmw_implementation_cmake: 1.0.3 (/opt/ros/foxy/share/rmw_implementation_cmake/cmake)
[3.575s] -- Using RMW implementation 'rmw_fastrtps_cpp' as default
[3.576s] -- Looking for pthread.h
[3.741s] -- Looking for pthread.h - found
[3.741s] -- Performing Test CMAKE_HAVE_LIBC_PTHREAD
[3.941s] -- Performing Test CMAKE_HAVE_LIBC_PTHREAD - Failed
[3.941s] -- Looking for pthread_create in pthreads
[4.064s] -- Looking for pthread_create in pthreads - not found
[4.065s] -- Looking for pthread_create in pthread
[4.268s] -- Looking for pthread_create in pthread - found
[4.269s] -- Found Threads: TRUE  
[4.517s] -- Found rclcpp_lifecycle: 2.4.2 (/opt/ros/foxy/share/rclcpp_lifecycle/cmake)
[4.570s] -- Found br2_tracking_msgs: 0.0.0 (/home/raul/bookros2_ws/install/br2_tracking_msgs/share/br2_tracking_msgs/cmake)
[4.616s] -- Found sensor_msgs: 2.0.5 (/opt/ros/foxy/share/sensor_msgs/cmake)
[4.810s] -- Found vision_msgs: 2.0.0 (/opt/ros/foxy/share/vision_msgs/cmake)
[5.034s] -- Found control_msgs: 2.5.1 (/opt/ros/foxy/share/control_msgs/cmake)
[5.614s] -- Found image_transport: 2.4.0 (/opt/ros/foxy/share/image_transport/cmake)
[5.695s] -- Found cv_bridge: 3.0.7 (/opt/ros/foxy/share/cv_bridge/cmake)
[5.745s] -- Found OpenCV: /usr (found version "4.2.0") 
[5.886s] -- Found ament_lint_auto: 0.9.7 (/opt/ros/foxy/share/ament_lint_auto/cmake)
[6.001s] -- Found gtest sources under '/opt/ros/foxy/src/gtest_vendor': C++ tests using 'Google Test' will be built
[6.005s] -- Check if compiler accepts -pthread
[6.139s] -- Check if compiler accepts -pthread - yes
[6.188s] -- Added test 'copyright' to check source files copyright and LICENSE
[6.193s] -- Added test 'cppcheck' to perform static code analysis on C / C++ code
[6.194s] -- Configured cppcheck include dirs: /home/raul/bookros2_ws/src/book_ros2/br2_tracking/include
[6.194s] -- Configured cppcheck exclude dirs and/or files: 
[6.196s] -- Added test 'cpplint' to check C / C++ code against the Google style
[6.197s] -- Configured cpplint exclude dirs and/or files: 
[6.197s] -- Added test 'flake8' to check Python code syntax and style conventions
[6.198s] -- Added test 'lint_cmake' to check CMake code style
[6.199s] -- Added test 'pep257' to check Python code against some of the style conventions in PEP 257
[6.201s] -- Added test 'uncrustify' to check C / C++ code style
[6.201s] -- Configured uncrustify additional arguments: 
[6.202s] -- Added test 'xmllint' to check XML markup files
[6.214s] -- Configuring done
[6.387s] -- Generating done
[6.391s] -- Build files have been written to: /home/raul/bookros2_ws/build/br2_tracking
[6.423s] Invoked command in '/home/raul/bookros2_ws/build/br2_tracking' returned '0': AMENT_PREFIX_PATH=/home/raul/bookros2_ws/install/br2_tracking_msgs:${AMENT_PREFIX_PATH} CMAKE_PREFIX_PATH=/home/raul/bookros2_ws/install/br2_tracking_msgs:/opt/ros/foxy LD_LIBRARY_PATH=/home/raul/bookros2_ws/install/br2_tracking_msgs/lib:${LD_LIBRARY_PATH} PYTHONPATH=/home/raul/bookros2_ws/install/br2_tracking_msgs/lib/python3.8/site-packages:${PYTHONPATH} /usr/bin/cmake /home/raul/bookros2_ws/src/book_ros2/br2_tracking -DAMENT_CMAKE_SYMLINK_INSTALL=1 -DCMAKE_INSTALL_PREFIX=/home/raul/bookros2_ws/install/br2_tracking
[6.424s] Invoking command in '/home/raul/bookros2_ws/build/br2_tracking': AMENT_PREFIX_PATH=/home/raul/bookros2_ws/install/br2_tracking_msgs:${AMENT_PREFIX_PATH} CMAKE_PREFIX_PATH=/home/raul/bookros2_ws/install/br2_tracking_msgs:/opt/ros/foxy LD_LIBRARY_PATH=/home/raul/bookros2_ws/install/br2_tracking_msgs/lib:${LD_LIBRARY_PATH} PYTHONPATH=/home/raul/bookros2_ws/install/br2_tracking_msgs/lib/python3.8/site-packages:${PYTHONPATH} /usr/bin/cmake --build /home/raul/bookros2_ws/build/br2_tracking -- -j8 -l8
[6.905s] [35m[1mScanning dependencies of target br2_tracking[0m
[6.906s] [  7%] [32mBuilding CXX object CMakeFiles/br2_tracking.dir/src/br2_tracking/ObjectDetector.cpp.o[0m
[14.007s] [ 14%] [32mBuilding CXX object CMakeFiles/br2_tracking.dir/src/br2_tracking/PIDController.cpp.o[0m
[14.599s] [ 21%] [32mBuilding CXX object CMakeFiles/br2_tracking.dir/src/br2_tracking/HeadController.cpp.o[0m
[24.810s] [ 28%] [32m[1mLinking CXX shared library libbr2_tracking.so[0m
[25.658s] [ 28%] Built target br2_tracking
[25.674s] [35m[1mScanning dependencies of target gtest_main[0m
[25.694s] [ 35%] [32mBuilding CXX object gtest/CMakeFiles/gtest_main.dir/src/gtest_main.cc.o[0m
[27.061s] [ 42%] [32m[1mLinking CXX static library libgtest_main.a[0m
[27.113s] [ 42%] Built target gtest_main
[27.128s] [35m[1mScanning dependencies of target object_tracker[0m
[27.185s] [ 50%] [32mBuilding CXX object CMakeFiles/object_tracker.dir/src/object_tracker_main.cpp.o[0m
[34.854s] [ 57%] [32m[1mLinking CXX executable object_tracker[0m
[35.921s] [ 57%] Built target object_tracker
[35.936s] [35m[1mScanning dependencies of target object_detector[0m
[35.984s] [ 64%] [32mBuilding CXX object CMakeFiles/object_detector.dir/src/object_detector_main.cpp.o[0m
[38.616s] [ 71%] [32m[1mLinking CXX executable object_detector[0m
[39.332s] [ 71%] Built target object_detector
[39.347s] [35m[1mScanning dependencies of target gtest[0m
[39.370s] [ 78%] [32mBuilding CXX object gtest/CMakeFiles/gtest.dir/src/gtest-all.cc.o[0m
[43.842s] [ 85%] [32m[1mLinking CXX static library libgtest.a[0m
[43.926s] [ 85%] Built target gtest
[43.941s] [35m[1mScanning dependencies of target pid_test[0m
[43.963s] [ 92%] [32mBuilding CXX object tests/CMakeFiles/pid_test.dir/pid_test.cpp.o[0m
[45.585s] [100%] [32m[1mLinking CXX executable pid_test[0m
[46.386s] [100%] Built target pid_test
