[1.420s] Invoking command in '/home/raul/bookros2_ws/build/br2_fsm_bumpgo_py': PYTHONPATH=/home/raul/bookros2_ws/build/br2_fsm_bumpgo_py/prefix_override:/home/raul/bookros2_ws/install/br2_fsm_bumpgo_py/lib/python3.8/site-packages:${PYTHONPATH} /usr/bin/python3 setup.py develop --editable --build-directory /home/raul/bookros2_ws/build/br2_fsm_bumpgo_py/build --no-deps install_data
[1.965s] running develop
[2.254s] running egg_info
[2.254s] creating br2_fsm_bumpgo_py.egg-info
[2.255s] writing br2_fsm_bumpgo_py.egg-info/PKG-INFO
[2.255s] writing dependency_links to br2_fsm_bumpgo_py.egg-info/dependency_links.txt
[2.255s] writing entry points to br2_fsm_bumpgo_py.egg-info/entry_points.txt
[2.256s] writing requirements to br2_fsm_bumpgo_py.egg-info/requires.txt
[2.256s] writing top-level names to br2_fsm_bumpgo_py.egg-info/top_level.txt
[2.256s] writing manifest file 'br2_fsm_bumpgo_py.egg-info/SOURCES.txt'
[2.338s] reading manifest file 'br2_fsm_bumpgo_py.egg-info/SOURCES.txt'
[2.339s] writing manifest file 'br2_fsm_bumpgo_py.egg-info/SOURCES.txt'
[2.399s] running build_ext
[2.400s] Creating /home/raul/bookros2_ws/install/br2_fsm_bumpgo_py/lib/python3.8/site-packages/site.py
[2.402s] Creating /home/raul/bookros2_ws/install/br2_fsm_bumpgo_py/lib/python3.8/site-packages/br2-fsm-bumpgo-py.egg-link (link to .)
[2.403s] Installing bump_go_main script to /home/raul/bookros2_ws/install/br2_fsm_bumpgo_py/lib/br2_fsm_bumpgo_py
[2.404s] 
[2.404s] Installed /home/raul/bookros2_ws/build/br2_fsm_bumpgo_py
[2.404s] running install_data
[2.405s] creating /home/raul/bookros2_ws/install/br2_fsm_bumpgo_py/share/ament_index
[2.405s] creating /home/raul/bookros2_ws/install/br2_fsm_bumpgo_py/share/ament_index/resource_index
[2.405s] creating /home/raul/bookros2_ws/install/br2_fsm_bumpgo_py/share/ament_index/resource_index/packages
[2.405s] copying resource/br2_fsm_bumpgo_py -> /home/raul/bookros2_ws/install/br2_fsm_bumpgo_py/share/ament_index/resource_index/packages
[2.416s] copying package.xml -> /home/raul/bookros2_ws/install/br2_fsm_bumpgo_py/share/br2_fsm_bumpgo_py
[2.416s] creating /home/raul/bookros2_ws/install/br2_fsm_bumpgo_py/share/br2_fsm_bumpgo_py/launch
[2.417s] copying launch/bump_and_go.launch.py -> /home/raul/bookros2_ws/install/br2_fsm_bumpgo_py/share/br2_fsm_bumpgo_py/launch
[2.536s] Invoked command in '/home/raul/bookros2_ws/build/br2_fsm_bumpgo_py' returned '0': PYTHONPATH=/home/raul/bookros2_ws/build/br2_fsm_bumpgo_py/prefix_override:/home/raul/bookros2_ws/install/br2_fsm_bumpgo_py/lib/python3.8/site-packages:${PYTHONPATH} /usr/bin/python3 setup.py develop --editable --build-directory /home/raul/bookros2_ws/build/br2_fsm_bumpgo_py/build --no-deps install_data
