-- The C compiler identification is GNU 9.4.0
-- The CXX compiler identification is GNU 9.4.0
-- Check for working C compiler: /usr/bin/cc
-- Check for working C compiler: /usr/bin/cc -- works
-- Detecting C compiler ABI info
-- Detecting C compiler ABI info - done
-- Detecting C compile features
-- Detecting C compile features - done
-- Check for working CXX compiler: /usr/bin/c++
-- Check for working CXX compiler: /usr/bin/c++ -- works
-- Detecting CXX compiler ABI info
-- Detecting CXX compiler ABI info - done
-- Detecting CXX compile features
-- Detecting CXX compile features - done
-- Found ament_cmake_auto: 0.9.11 (/opt/ros/foxy/share/ament_cmake_auto/cmake)
-- Found PythonInterp: /usr/bin/python3 (found suitable version "3.8.10", minimum required is "3") 
-- Using PYTHON_EXECUTABLE: /usr/bin/python3
-- Override CMake install command with custom implementation using symlinks instead of copying resources
-- Found ament_lint_auto: 0.9.7 (/opt/ros/foxy/share/ament_lint_auto/cmake)
-- Added test 'copyright' to check source files copyright and LICENSE
-- Added test 'flake8' to check Python code syntax and style conventions
-- Added test 'lint_cmake' to check CMake code style
-- Added test 'pep257' to check Python code against some of the style conventions in PEP 257
-- Added test 'xmllint' to check XML markup files
-- Configuring done
-- Generating done
-- Build files have been written to: /home/raul/bookros2_ws/build/pmb2_bringup
-- Install configuration: ""
-- Execute custom install script
-- Symlinking: /home/raul/bookros2_ws/install/pmb2_bringup/share/pmb2_bringup/config/joy_teleop.yaml
-- Symlinking: /home/raul/bookros2_ws/install/pmb2_bringup/share/pmb2_bringup/config/pmb2_hardware.yaml
-- Symlinking: /home/raul/bookros2_ws/install/pmb2_bringup/share/pmb2_bringup/config/twist_mux/joystick.yaml
-- Symlinking: /home/raul/bookros2_ws/install/pmb2_bringup/share/pmb2_bringup/config/twist_mux/twist_mux_locks.yaml
-- Symlinking: /home/raul/bookros2_ws/install/pmb2_bringup/share/pmb2_bringup/config/twist_mux/twist_mux_topics.yaml
-- Symlinking: /home/raul/bookros2_ws/install/pmb2_bringup/share/pmb2_bringup/launch/joystick_teleop.launch.py
-- Symlinking: /home/raul/bookros2_ws/install/pmb2_bringup/share/pmb2_bringup/launch/pmb2.launch
-- Symlinking: /home/raul/bookros2_ws/install/pmb2_bringup/share/pmb2_bringup/launch/pmb2_bringup.launch.py
-- Symlinking: /home/raul/bookros2_ws/install/pmb2_bringup/share/pmb2_bringup/launch/twist_mux.launch.py
-- Symlinking: /home/raul/bookros2_ws/install/pmb2_bringup/share/ament_index/resource_index/package_run_dependencies/pmb2_bringup
-- Symlinking: /home/raul/bookros2_ws/install/pmb2_bringup/share/ament_index/resource_index/parent_prefix_path/pmb2_bringup
-- Symlinking: /home/raul/bookros2_ws/install/pmb2_bringup/share/pmb2_bringup/environment/ament_prefix_path.sh
-- Symlinking: /home/raul/bookros2_ws/install/pmb2_bringup/share/pmb2_bringup/environment/ament_prefix_path.dsv
-- Symlinking: /home/raul/bookros2_ws/install/pmb2_bringup/share/pmb2_bringup/environment/path.sh
-- Symlinking: /home/raul/bookros2_ws/install/pmb2_bringup/share/pmb2_bringup/environment/path.dsv
-- Symlinking: /home/raul/bookros2_ws/install/pmb2_bringup/share/pmb2_bringup/local_setup.bash
-- Symlinking: /home/raul/bookros2_ws/install/pmb2_bringup/share/pmb2_bringup/local_setup.sh
-- Symlinking: /home/raul/bookros2_ws/install/pmb2_bringup/share/pmb2_bringup/local_setup.zsh
-- Symlinking: /home/raul/bookros2_ws/install/pmb2_bringup/share/pmb2_bringup/local_setup.dsv
-- Symlinking: /home/raul/bookros2_ws/install/pmb2_bringup/share/pmb2_bringup/package.dsv
-- Symlinking: /home/raul/bookros2_ws/install/pmb2_bringup/share/ament_index/resource_index/packages/pmb2_bringup
-- Symlinking: /home/raul/bookros2_ws/install/pmb2_bringup/share/pmb2_bringup/cmake/pmb2_bringupConfig.cmake
-- Symlinking: /home/raul/bookros2_ws/install/pmb2_bringup/share/pmb2_bringup/cmake/pmb2_bringupConfig-version.cmake
-- Symlinking: /home/raul/bookros2_ws/install/pmb2_bringup/share/pmb2_bringup/package.xml
