[0.635s] Invoking command in '/home/raul/bookros2_ws/build/br2_navigation': CMAKE_PREFIX_PATH=${CMAKE_PREFIX_PATH}:/home/raul/bookros2_ws/install/ros2controlcli:/home/raul/bookros2_ws/install/launch_pal:/home/raul/bookros2_ws/install/br2_fsm_bumpgo_py:/opt/ros/foxy /usr/bin/cmake --build /home/raul/bookros2_ws/build/br2_navigation -- -j8 -l8
[1.044s] Invoked command in '/home/raul/bookros2_ws/build/br2_navigation' returned '0': CMAKE_PREFIX_PATH=${CMAKE_PREFIX_PATH}:/home/raul/bookros2_ws/install/ros2controlcli:/home/raul/bookros2_ws/install/launch_pal:/home/raul/bookros2_ws/install/br2_fsm_bumpgo_py:/opt/ros/foxy /usr/bin/cmake --build /home/raul/bookros2_ws/build/br2_navigation -- -j8 -l8
[1.416s] Invoking command in '/home/raul/bookros2_ws/build/br2_navigation': CMAKE_PREFIX_PATH=${CMAKE_PREFIX_PATH}:/home/raul/bookros2_ws/install/ros2controlcli:/home/raul/bookros2_ws/install/launch_pal:/home/raul/bookros2_ws/install/br2_fsm_bumpgo_py:/opt/ros/foxy /usr/bin/cmake --install /home/raul/bookros2_ws/build/br2_navigation
[1.443s] -- Install configuration: ""
[1.445s] -- Execute custom install script
[1.462s] -- Up-to-date symlink: /home/raul/bookros2_ws/install/br2_navigation/share/br2_navigation/launch/navigation_launch.py
[1.462s] -- Up-to-date symlink: /home/raul/bookros2_ws/install/br2_navigation/share/br2_navigation/launch/tiago_navigation.launch.py
[1.463s] -- Up-to-date symlink: /home/raul/bookros2_ws/install/br2_navigation/share/br2_navigation/params/mapper_params_online_async.yaml
[1.463s] -- Up-to-date symlink: /home/raul/bookros2_ws/install/br2_navigation/share/br2_navigation/params/tiago_nav_params.yaml
[1.463s] -- Up-to-date symlink: /home/raul/bookros2_ws/install/br2_navigation/share/br2_navigation/maps/home.pgm
[1.463s] -- Up-to-date symlink: /home/raul/bookros2_ws/install/br2_navigation/share/br2_navigation/maps/home.yaml
[1.463s] -- Up-to-date symlink: /home/raul/bookros2_ws/install/br2_navigation/share/ament_index/resource_index/package_run_dependencies/br2_navigation
[1.464s] -- Up-to-date symlink: /home/raul/bookros2_ws/install/br2_navigation/share/ament_index/resource_index/parent_prefix_path/br2_navigation
[1.464s] -- Up-to-date symlink: /home/raul/bookros2_ws/install/br2_navigation/share/br2_navigation/environment/ament_prefix_path.sh
[1.464s] -- Up-to-date symlink: /home/raul/bookros2_ws/install/br2_navigation/share/br2_navigation/environment/ament_prefix_path.dsv
[1.464s] -- Up-to-date symlink: /home/raul/bookros2_ws/install/br2_navigation/share/br2_navigation/environment/path.sh
[1.464s] -- Up-to-date symlink: /home/raul/bookros2_ws/install/br2_navigation/share/br2_navigation/environment/path.dsv
[1.465s] -- Up-to-date symlink: /home/raul/bookros2_ws/install/br2_navigation/share/br2_navigation/local_setup.bash
[1.466s] -- Up-to-date symlink: /home/raul/bookros2_ws/install/br2_navigation/share/br2_navigation/local_setup.sh
[1.466s] -- Up-to-date symlink: /home/raul/bookros2_ws/install/br2_navigation/share/br2_navigation/local_setup.zsh
[1.481s] -- Up-to-date symlink: /home/raul/bookros2_ws/install/br2_navigation/share/br2_navigation/local_setup.dsv
[1.482s] -- Symlinking: /home/raul/bookros2_ws/install/br2_navigation/share/br2_navigation/package.dsv
[1.502s] -- Up-to-date symlink: /home/raul/bookros2_ws/install/br2_navigation/share/ament_index/resource_index/packages/br2_navigation
[1.556s] -- Up-to-date symlink: /home/raul/bookros2_ws/install/br2_navigation/share/br2_navigation/cmake/br2_navigationConfig.cmake
[1.557s] -- Up-to-date symlink: /home/raul/bookros2_ws/install/br2_navigation/share/br2_navigation/cmake/br2_navigationConfig-version.cmake
[1.557s] -- Up-to-date symlink: /home/raul/bookros2_ws/install/br2_navigation/share/br2_navigation/package.xml
[1.566s] Invoked command in '/home/raul/bookros2_ws/build/br2_navigation' returned '0': CMAKE_PREFIX_PATH=${CMAKE_PREFIX_PATH}:/home/raul/bookros2_ws/install/ros2controlcli:/home/raul/bookros2_ws/install/launch_pal:/home/raul/bookros2_ws/install/br2_fsm_bumpgo_py:/opt/ros/foxy /usr/bin/cmake --install /home/raul/bookros2_ws/build/br2_navigation
