[0.166s] Invoking command in '/home/raul/bookros2_ws/build/br2_basics': CMAKE_PREFIX_PATH=${CMAKE_PREFIX_PATH}:/home/raul/bookros2_ws/install/ros2controlcli:/home/raul/bookros2_ws/install/launch_pal:/home/raul/bookros2_ws/install/br2_fsm_bumpgo_py:/opt/ros/foxy /usr/bin/cmake --build /home/raul/bookros2_ws/build/br2_basics -- -j8 -l8
[0.396s] [ 14%] Built target publisher
[0.538s] [ 28%] Built target param_reader
[0.676s] [ 42%] Built target logger_class
[0.824s] [ 57%] Built target subscriber_class
[0.965s] [ 71%] Built target publisher_class
[1.079s] [ 85%] Built target logger
[1.203s] [100%] Built target executors
[1.304s] Invoked command in '/home/raul/bookros2_ws/build/br2_basics' returned '0': CMAKE_PREFIX_PATH=${CMAKE_PREFIX_PATH}:/home/raul/bookros2_ws/install/ros2controlcli:/home/raul/bookros2_ws/install/launch_pal:/home/raul/bookros2_ws/install/br2_fsm_bumpgo_py:/opt/ros/foxy /usr/bin/cmake --build /home/raul/bookros2_ws/build/br2_basics -- -j8 -l8
[1.869s] Invoking command in '/home/raul/bookros2_ws/build/br2_basics': CMAKE_PREFIX_PATH=${CMAKE_PREFIX_PATH}:/home/raul/bookros2_ws/install/ros2controlcli:/home/raul/bookros2_ws/install/launch_pal:/home/raul/bookros2_ws/install/br2_fsm_bumpgo_py:/opt/ros/foxy /usr/bin/cmake --install /home/raul/bookros2_ws/build/br2_basics
[1.940s] -- Install configuration: ""
[1.940s] -- Execute custom install script
[1.940s] -- Up-to-date symlink: /home/raul/bookros2_ws/install/br2_basics/lib/br2_basics/publisher
[1.941s] -- Up-to-date symlink: /home/raul/bookros2_ws/install/br2_basics/lib/br2_basics/publisher_class
[1.941s] -- Up-to-date symlink: /home/raul/bookros2_ws/install/br2_basics/lib/br2_basics/subscriber_class
[1.941s] -- Up-to-date symlink: /home/raul/bookros2_ws/install/br2_basics/lib/br2_basics/executors
[1.941s] -- Up-to-date symlink: /home/raul/bookros2_ws/install/br2_basics/lib/br2_basics/logger
[1.941s] -- Up-to-date symlink: /home/raul/bookros2_ws/install/br2_basics/lib/br2_basics/logger_class
[1.942s] -- Up-to-date symlink: /home/raul/bookros2_ws/install/br2_basics/lib/br2_basics/param_reader
[1.942s] -- Up-to-date symlink: /home/raul/bookros2_ws/install/br2_basics/share/br2_basics/launch/includer_launch.py
[1.942s] -- Up-to-date symlink: /home/raul/bookros2_ws/install/br2_basics/share/br2_basics/launch/param_node_v1_launch.py
[1.942s] -- Up-to-date symlink: /home/raul/bookros2_ws/install/br2_basics/share/br2_basics/launch/param_node_v2_launch.py
[1.943s] -- Up-to-date symlink: /home/raul/bookros2_ws/install/br2_basics/share/br2_basics/launch/pub_sub_v1_launch.py
[1.943s] -- Up-to-date symlink: /home/raul/bookros2_ws/install/br2_basics/share/br2_basics/launch/pub_sub_v2_launch.py
[1.962s] -- Up-to-date symlink: /home/raul/bookros2_ws/install/br2_basics/share/br2_basics/config/params.yaml
[1.962s] -- Up-to-date symlink: /home/raul/bookros2_ws/install/br2_basics/share/ament_index/resource_index/package_run_dependencies/br2_basics
[1.962s] -- Up-to-date symlink: /home/raul/bookros2_ws/install/br2_basics/share/ament_index/resource_index/parent_prefix_path/br2_basics
[1.964s] -- Up-to-date symlink: /home/raul/bookros2_ws/install/br2_basics/share/br2_basics/environment/ament_prefix_path.sh
[1.965s] -- Up-to-date symlink: /home/raul/bookros2_ws/install/br2_basics/share/br2_basics/environment/ament_prefix_path.dsv
[1.967s] -- Up-to-date symlink: /home/raul/bookros2_ws/install/br2_basics/share/br2_basics/environment/path.sh
[1.967s] -- Up-to-date symlink: /home/raul/bookros2_ws/install/br2_basics/share/br2_basics/environment/path.dsv
[1.968s] -- Up-to-date symlink: /home/raul/bookros2_ws/install/br2_basics/share/br2_basics/local_setup.bash
[1.968s] -- Up-to-date symlink: /home/raul/bookros2_ws/install/br2_basics/share/br2_basics/local_setup.sh
[1.969s] -- Up-to-date symlink: /home/raul/bookros2_ws/install/br2_basics/share/br2_basics/local_setup.zsh
[1.969s] -- Up-to-date symlink: /home/raul/bookros2_ws/install/br2_basics/share/br2_basics/local_setup.dsv
[1.969s] -- Symlinking: /home/raul/bookros2_ws/install/br2_basics/share/br2_basics/package.dsv
[1.969s] -- Up-to-date symlink: /home/raul/bookros2_ws/install/br2_basics/share/ament_index/resource_index/packages/br2_basics
[1.970s] -- Up-to-date symlink: /home/raul/bookros2_ws/install/br2_basics/share/br2_basics/cmake/ament_cmake_export_dependencies-extras.cmake
[1.970s] -- Up-to-date symlink: /home/raul/bookros2_ws/install/br2_basics/share/br2_basics/cmake/br2_basicsConfig.cmake
[1.970s] -- Up-to-date symlink: /home/raul/bookros2_ws/install/br2_basics/share/br2_basics/cmake/br2_basicsConfig-version.cmake
[1.970s] -- Up-to-date symlink: /home/raul/bookros2_ws/install/br2_basics/share/br2_basics/package.xml
[2.070s] Invoked command in '/home/raul/bookros2_ws/build/br2_basics' returned '0': CMAKE_PREFIX_PATH=${CMAKE_PREFIX_PATH}:/home/raul/bookros2_ws/install/ros2controlcli:/home/raul/bookros2_ws/install/launch_pal:/home/raul/bookros2_ws/install/br2_fsm_bumpgo_py:/opt/ros/foxy /usr/bin/cmake --install /home/raul/bookros2_ws/build/br2_basics
