-- Install configuration: ""
-- Execute custom install script
-- Up-to-date symlink: /home/raul/bookros2_ws/install/tiago_bringup/share/tiago_bringup/config/approach_planner/approach_planner.yaml.em
-- Up-to-date symlink: /home/raul/bookros2_ws/install/tiago_bringup/share/tiago_bringup/config/approach_planner/approach_planner_no-arm_no-end-effector_no-ft-sensor.yaml
-- Up-to-date symlink: /home/raul/bookros2_ws/install/tiago_bringup/share/tiago_bringup/config/approach_planner/approach_planner_right-arm_custom_no-ft-sensor.yaml
-- Up-to-date symlink: /home/raul/bookros2_ws/install/tiago_bringup/share/tiago_bringup/config/approach_planner/approach_planner_right-arm_custom_schunk-ft.yaml
-- Up-to-date symlink: /home/raul/bookros2_ws/install/tiago_bringup/share/tiago_bringup/config/approach_planner/approach_planner_right-arm_pal-gripper_no-ft-sensor.yaml
-- Up-to-date symlink: /home/raul/bookros2_ws/install/tiago_bringup/share/tiago_bringup/config/approach_planner/approach_planner_right-arm_pal-gripper_schunk-ft.yaml
-- Up-to-date symlink: /home/raul/bookros2_ws/install/tiago_bringup/share/tiago_bringup/config/approach_planner/approach_planner_right-arm_pal-hey5_no-ft-sensor.yaml
-- Up-to-date symlink: /home/raul/bookros2_ws/install/tiago_bringup/share/tiago_bringup/config/approach_planner/approach_planner_right-arm_pal-hey5_schunk-ft.yaml
-- Up-to-date symlink: /home/raul/bookros2_ws/install/tiago_bringup/share/tiago_bringup/config/approach_planner/approach_planner_right-arm_schunk-wsg_no-ft-sensor.yaml
-- Up-to-date symlink: /home/raul/bookros2_ws/install/tiago_bringup/share/tiago_bringup/config/approach_planner/approach_planner_right-arm_schunk-wsg_schunk-ft.yaml
-- Up-to-date symlink: /home/raul/bookros2_ws/install/tiago_bringup/share/tiago_bringup/config/dynamic_footprint_arm.yaml
-- Up-to-date symlink: /home/raul/bookros2_ws/install/tiago_bringup/share/tiago_bringup/config/dynamic_footprint_arm_pal-gripper.yaml
-- Up-to-date symlink: /home/raul/bookros2_ws/install/tiago_bringup/share/tiago_bringup/config/dynamic_footprint_arm_pal-hey5.yaml
-- Up-to-date symlink: /home/raul/bookros2_ws/install/tiago_bringup/share/tiago_bringup/config/dynamic_footprint_arm_schunk-wsg.yaml
-- Up-to-date symlink: /home/raul/bookros2_ws/install/tiago_bringup/share/tiago_bringup/config/dynamic_footprint_no-arm.yaml
-- Up-to-date symlink: /home/raul/bookros2_ws/install/tiago_bringup/share/tiago_bringup/config/dynamixel_head.yaml
-- Up-to-date symlink: /home/raul/bookros2_ws/install/tiago_bringup/share/tiago_bringup/config/joy_teleop/joy_teleop.yaml.em
-- Up-to-date symlink: /home/raul/bookros2_ws/install/tiago_bringup/share/tiago_bringup/config/joy_teleop/joy_teleop_custom.yaml
-- Up-to-date symlink: /home/raul/bookros2_ws/install/tiago_bringup/share/tiago_bringup/config/joy_teleop/joy_teleop_custom_schunk-ft.yaml
-- Up-to-date symlink: /home/raul/bookros2_ws/install/tiago_bringup/share/tiago_bringup/config/joy_teleop/joy_teleop_no-arm.yaml
-- Up-to-date symlink: /home/raul/bookros2_ws/install/tiago_bringup/share/tiago_bringup/config/joy_teleop/joy_teleop_pal-gripper.yaml
-- Up-to-date symlink: /home/raul/bookros2_ws/install/tiago_bringup/share/tiago_bringup/config/joy_teleop/joy_teleop_pal-gripper_schunk-ft.yaml
-- Up-to-date symlink: /home/raul/bookros2_ws/install/tiago_bringup/share/tiago_bringup/config/joy_teleop/joy_teleop_pal-hey5.yaml
-- Up-to-date symlink: /home/raul/bookros2_ws/install/tiago_bringup/share/tiago_bringup/config/joy_teleop/joy_teleop_pal-hey5_schunk-ft.yaml
-- Up-to-date symlink: /home/raul/bookros2_ws/install/tiago_bringup/share/tiago_bringup/config/joy_teleop/joy_teleop_schunk-wsg.yaml
-- Up-to-date symlink: /home/raul/bookros2_ws/install/tiago_bringup/share/tiago_bringup/config/joy_teleop/joy_teleop_schunk-wsg_schunk-ft.yaml
-- Up-to-date symlink: /home/raul/bookros2_ws/install/tiago_bringup/share/tiago_bringup/config/motions/tiago_motions.yaml.em
-- Up-to-date symlink: /home/raul/bookros2_ws/install/tiago_bringup/share/tiago_bringup/config/motions/tiago_motions_no-arm_no-end-effector_no-ft-sensor.yaml
-- Up-to-date symlink: /home/raul/bookros2_ws/install/tiago_bringup/share/tiago_bringup/config/motions/tiago_motions_right-arm_custom_no-ft-sensor.yaml
-- Up-to-date symlink: /home/raul/bookros2_ws/install/tiago_bringup/share/tiago_bringup/config/motions/tiago_motions_right-arm_custom_schunk-ft.yaml
-- Up-to-date symlink: /home/raul/bookros2_ws/install/tiago_bringup/share/tiago_bringup/config/motions/tiago_motions_right-arm_pal-gripper_no-ft-sensor.yaml
-- Up-to-date symlink: /home/raul/bookros2_ws/install/tiago_bringup/share/tiago_bringup/config/motions/tiago_motions_right-arm_pal-gripper_schunk-ft.yaml
-- Up-to-date symlink: /home/raul/bookros2_ws/install/tiago_bringup/share/tiago_bringup/config/motions/tiago_motions_right-arm_pal-hey5_no-ft-sensor.yaml
-- Up-to-date symlink: /home/raul/bookros2_ws/install/tiago_bringup/share/tiago_bringup/config/motions/tiago_motions_right-arm_pal-hey5_schunk-ft.yaml
-- Up-to-date symlink: /home/raul/bookros2_ws/install/tiago_bringup/share/tiago_bringup/config/motions/tiago_motions_right-arm_schunk-wsg_no-ft-sensor.yaml
-- Up-to-date symlink: /home/raul/bookros2_ws/install/tiago_bringup/share/tiago_bringup/config/motions/tiago_motions_right-arm_schunk-wsg_schunk-ft.yaml
-- Up-to-date symlink: /home/raul/bookros2_ws/install/tiago_bringup/share/tiago_bringup/config/sensor_to_cloud/sonar_to_cloud.yaml
-- Up-to-date symlink: /home/raul/bookros2_ws/install/tiago_bringup/share/tiago_bringup/config/tiago.rviz
-- Up-to-date symlink: /home/raul/bookros2_ws/install/tiago_bringup/share/tiago_bringup/config/tiago_hardware/tiago_hardware.yaml.em
-- Up-to-date symlink: /home/raul/bookros2_ws/install/tiago_bringup/share/tiago_bringup/config/tiago_hardware/tiago_hardware_custom.yaml
-- Up-to-date symlink: /home/raul/bookros2_ws/install/tiago_bringup/share/tiago_bringup/config/tiago_hardware/tiago_hardware_custom_schunk-ft.yaml
-- Up-to-date symlink: /home/raul/bookros2_ws/install/tiago_bringup/share/tiago_bringup/config/tiago_hardware/tiago_hardware_no-arm.yaml
-- Up-to-date symlink: /home/raul/bookros2_ws/install/tiago_bringup/share/tiago_bringup/config/tiago_hardware/tiago_hardware_pal-gripper.yaml
-- Up-to-date symlink: /home/raul/bookros2_ws/install/tiago_bringup/share/tiago_bringup/config/tiago_hardware/tiago_hardware_pal-gripper_schunk-ft.yaml
-- Up-to-date symlink: /home/raul/bookros2_ws/install/tiago_bringup/share/tiago_bringup/config/tiago_hardware/tiago_hardware_pal-hey5.yaml
-- Up-to-date symlink: /home/raul/bookros2_ws/install/tiago_bringup/share/tiago_bringup/config/tiago_hardware/tiago_hardware_pal-hey5_schunk-ft.yaml
-- Up-to-date symlink: /home/raul/bookros2_ws/install/tiago_bringup/share/tiago_bringup/config/tiago_hardware/tiago_hardware_schunk-wsg.yaml
-- Up-to-date symlink: /home/raul/bookros2_ws/install/tiago_bringup/share/tiago_bringup/config/tiago_hardware/tiago_hardware_schunk-wsg_schunk-ft.yaml
-- Up-to-date symlink: /home/raul/bookros2_ws/install/tiago_bringup/share/tiago_bringup/config/tiago_soften_values.yaml
-- Up-to-date symlink: /home/raul/bookros2_ws/install/tiago_bringup/share/tiago_bringup/config/twist_mux/joystick.yaml
-- Up-to-date symlink: /home/raul/bookros2_ws/install/tiago_bringup/share/tiago_bringup/config/twist_mux/twist_mux_locks.yaml
-- Up-to-date symlink: /home/raul/bookros2_ws/install/tiago_bringup/share/tiago_bringup/config/twist_mux/twist_mux_topics.yaml
-- Up-to-date symlink: /home/raul/bookros2_ws/install/tiago_bringup/share/tiago_bringup/launch/dynamic_footprint.launch
-- Up-to-date symlink: /home/raul/bookros2_ws/install/tiago_bringup/share/tiago_bringup/launch/dynamixel_node.launch
-- Up-to-date symlink: /home/raul/bookros2_ws/install/tiago_bringup/share/tiago_bringup/launch/end_effector_camera.launch
-- Up-to-date symlink: /home/raul/bookros2_ws/install/tiago_bringup/share/tiago_bringup/launch/head_xtion.launch
-- Up-to-date symlink: /home/raul/bookros2_ws/install/tiago_bringup/share/tiago_bringup/launch/joystick_teleop.launch
-- Up-to-date symlink: /home/raul/bookros2_ws/install/tiago_bringup/share/tiago_bringup/launch/joystick_teleop.launch.py
-- Up-to-date symlink: /home/raul/bookros2_ws/install/tiago_bringup/share/tiago_bringup/launch/look_to_link.launch
-- Up-to-date symlink: /home/raul/bookros2_ws/install/tiago_bringup/share/tiago_bringup/launch/marker_detector.launch
-- Up-to-date symlink: /home/raul/bookros2_ws/install/tiago_bringup/share/tiago_bringup/launch/play_motion.launch
-- Up-to-date symlink: /home/raul/bookros2_ws/install/tiago_bringup/share/tiago_bringup/launch/play_motion.launch.py
-- Up-to-date symlink: /home/raul/bookros2_ws/install/tiago_bringup/share/tiago_bringup/launch/soften_on_effort.launch
-- Up-to-date symlink: /home/raul/bookros2_ws/install/tiago_bringup/share/tiago_bringup/launch/tiago.launch
-- Up-to-date symlink: /home/raul/bookros2_ws/install/tiago_bringup/share/tiago_bringup/launch/tiago_bringup.launch
-- Up-to-date symlink: /home/raul/bookros2_ws/install/tiago_bringup/share/tiago_bringup/launch/tiago_bringup.launch.py
-- Up-to-date symlink: /home/raul/bookros2_ws/install/tiago_bringup/share/tiago_bringup/launch/tiago_camera.launch
-- Up-to-date symlink: /home/raul/bookros2_ws/install/tiago_bringup/share/tiago_bringup/launch/twist_mux.launch
-- Up-to-date symlink: /home/raul/bookros2_ws/install/tiago_bringup/share/tiago_bringup/launch/twist_mux.launch.py
-- Up-to-date symlink: /home/raul/bookros2_ws/install/tiago_bringup/share/ament_index/resource_index/package_run_dependencies/tiago_bringup
-- Up-to-date symlink: /home/raul/bookros2_ws/install/tiago_bringup/share/ament_index/resource_index/parent_prefix_path/tiago_bringup
-- Up-to-date symlink: /home/raul/bookros2_ws/install/tiago_bringup/share/tiago_bringup/environment/ament_prefix_path.sh
-- Up-to-date symlink: /home/raul/bookros2_ws/install/tiago_bringup/share/tiago_bringup/environment/ament_prefix_path.dsv
-- Up-to-date symlink: /home/raul/bookros2_ws/install/tiago_bringup/share/tiago_bringup/environment/path.sh
-- Up-to-date symlink: /home/raul/bookros2_ws/install/tiago_bringup/share/tiago_bringup/environment/path.dsv
-- Up-to-date symlink: /home/raul/bookros2_ws/install/tiago_bringup/share/tiago_bringup/local_setup.bash
-- Up-to-date symlink: /home/raul/bookros2_ws/install/tiago_bringup/share/tiago_bringup/local_setup.sh
-- Up-to-date symlink: /home/raul/bookros2_ws/install/tiago_bringup/share/tiago_bringup/local_setup.zsh
-- Up-to-date symlink: /home/raul/bookros2_ws/install/tiago_bringup/share/tiago_bringup/local_setup.dsv
-- Symlinking: /home/raul/bookros2_ws/install/tiago_bringup/share/tiago_bringup/package.dsv
-- Up-to-date symlink: /home/raul/bookros2_ws/install/tiago_bringup/share/ament_index/resource_index/packages/tiago_bringup
-- Up-to-date symlink: /home/raul/bookros2_ws/install/tiago_bringup/share/tiago_bringup/cmake/tiago_bringupConfig.cmake
-- Up-to-date symlink: /home/raul/bookros2_ws/install/tiago_bringup/share/tiago_bringup/cmake/tiago_bringupConfig-version.cmake
-- Up-to-date symlink: /home/raul/bookros2_ws/install/tiago_bringup/share/tiago_bringup/package.xml
