[0.245s] Invoking command in '/home/raul/bookros2_ws/build/br2_navigation': CMAKE_PREFIX_PATH=${CMAKE_PREFIX_PATH}:/home/raul/bookros2_ws/install/ros2controlcli:/home/raul/bookros2_ws/install/launch_pal:/home/raul/bookros2_ws/install/br2_fsm_bumpgo_py:/opt/ros/foxy /usr/bin/cmake --build /home/raul/bookros2_ws/build/br2_navigation -- -j8 -l8
[0.429s] Invoked command in '/home/raul/bookros2_ws/build/br2_navigation' returned '0': CMAKE_PREFIX_PATH=${CMAKE_PREFIX_PATH}:/home/raul/bookros2_ws/install/ros2controlcli:/home/raul/bookros2_ws/install/launch_pal:/home/raul/bookros2_ws/install/br2_fsm_bumpgo_py:/opt/ros/foxy /usr/bin/cmake --build /home/raul/bookros2_ws/build/br2_navigation -- -j8 -l8
[0.715s] Invoking command in '/home/raul/bookros2_ws/build/br2_navigation': CMAKE_PREFIX_PATH=${CMAKE_PREFIX_PATH}:/home/raul/bookros2_ws/install/ros2controlcli:/home/raul/bookros2_ws/install/launch_pal:/home/raul/bookros2_ws/install/br2_fsm_bumpgo_py:/opt/ros/foxy /usr/bin/cmake --install /home/raul/bookros2_ws/build/br2_navigation
[0.748s] -- Install configuration: ""
[0.748s] -- Execute custom install script
[0.759s] -- Up-to-date symlink: /home/raul/bookros2_ws/install/br2_navigation/share/br2_navigation/launch/navigation_launch.py
[0.760s] -- Up-to-date symlink: /home/raul/bookros2_ws/install/br2_navigation/share/br2_navigation/launch/tiago_navigation.launch.py
[0.760s] -- Up-to-date symlink: /home/raul/bookros2_ws/install/br2_navigation/share/br2_navigation/params/mapper_params_online_async.yaml
[0.761s] -- Up-to-date symlink: /home/raul/bookros2_ws/install/br2_navigation/share/br2_navigation/params/tiago_nav_params.yaml
[0.762s] -- Up-to-date symlink: /home/raul/bookros2_ws/install/br2_navigation/share/br2_navigation/maps/home.pgm
[0.762s] -- Up-to-date symlink: /home/raul/bookros2_ws/install/br2_navigation/share/br2_navigation/maps/home.yaml
[0.763s] -- Up-to-date symlink: /home/raul/bookros2_ws/install/br2_navigation/share/ament_index/resource_index/package_run_dependencies/br2_navigation
[0.763s] -- Up-to-date symlink: /home/raul/bookros2_ws/install/br2_navigation/share/ament_index/resource_index/parent_prefix_path/br2_navigation
[0.763s] -- Up-to-date symlink: /home/raul/bookros2_ws/install/br2_navigation/share/br2_navigation/environment/ament_prefix_path.sh
[0.763s] -- Up-to-date symlink: /home/raul/bookros2_ws/install/br2_navigation/share/br2_navigation/environment/ament_prefix_path.dsv
[0.763s] -- Up-to-date symlink: /home/raul/bookros2_ws/install/br2_navigation/share/br2_navigation/environment/path.sh
[0.763s] -- Up-to-date symlink: /home/raul/bookros2_ws/install/br2_navigation/share/br2_navigation/environment/path.dsv
[0.763s] -- Up-to-date symlink: /home/raul/bookros2_ws/install/br2_navigation/share/br2_navigation/local_setup.bash
[0.764s] -- Up-to-date symlink: /home/raul/bookros2_ws/install/br2_navigation/share/br2_navigation/local_setup.sh
[0.764s] -- Up-to-date symlink: /home/raul/bookros2_ws/install/br2_navigation/share/br2_navigation/local_setup.zsh
[0.764s] -- Up-to-date symlink: /home/raul/bookros2_ws/install/br2_navigation/share/br2_navigation/local_setup.dsv
[0.764s] -- Symlinking: /home/raul/bookros2_ws/install/br2_navigation/share/br2_navigation/package.dsv
[0.783s] -- Up-to-date symlink: /home/raul/bookros2_ws/install/br2_navigation/share/ament_index/resource_index/packages/br2_navigation
[0.784s] -- Up-to-date symlink: /home/raul/bookros2_ws/install/br2_navigation/share/br2_navigation/cmake/br2_navigationConfig.cmake
[0.785s] -- Up-to-date symlink: /home/raul/bookros2_ws/install/br2_navigation/share/br2_navigation/cmake/br2_navigationConfig-version.cmake
[0.786s] -- Up-to-date symlink: /home/raul/bookros2_ws/install/br2_navigation/share/br2_navigation/package.xml
[0.892s] Invoked command in '/home/raul/bookros2_ws/build/br2_navigation' returned '0': CMAKE_PREFIX_PATH=${CMAKE_PREFIX_PATH}:/home/raul/bookros2_ws/install/ros2controlcli:/home/raul/bookros2_ws/install/launch_pal:/home/raul/bookros2_ws/install/br2_fsm_bumpgo_py:/opt/ros/foxy /usr/bin/cmake --install /home/raul/bookros2_ws/build/br2_navigation
