[0.158s] Invoking command in '/home/raul/bookros2_ws/build/br2_tracking_msgs': CMAKE_PREFIX_PATH=${CMAKE_PREFIX_PATH}:/home/raul/bookros2_ws/install/ros2controlcli:/home/raul/bookros2_ws/install/launch_pal:/home/raul/bookros2_ws/install/br2_fsm_bumpgo_py:/opt/ros/foxy /usr/bin/cmake --build /home/raul/bookros2_ws/build/br2_tracking_msgs -- -j8 -l8
[0.324s] [  3%] Built target br2_tracking_msgs__cpp
[0.332s] [ 12%] Built target br2_tracking_msgs__rosidl_generator_c
[0.531s] [ 22%] Built target br2_tracking_msgs__rosidl_typesupport_cpp
[0.554s] [ 32%] Built target br2_tracking_msgs__rosidl_typesupport_c
[0.573s] [ 41%] Built target br2_tracking_msgs__rosidl_typesupport_introspection_c
[0.592s] [ 51%] Built target br2_tracking_msgs__rosidl_typesupport_fastrtps_cpp
[0.651s] [ 61%] Built target br2_tracking_msgs__rosidl_typesupport_introspection_cpp
[0.782s] [ 70%] Built target br2_tracking_msgs__rosidl_typesupport_fastrtps_c
[0.884s] [ 70%] Built target br2_tracking_msgs
[0.963s] [ 74%] Built target br2_tracking_msgs__py
[1.054s] [ 80%] Built target br2_tracking_msgs__python
[1.146s] [ 87%] Built target br2_tracking_msgs__rosidl_typesupport_fastrtps_c__pyext
[1.149s] [ 93%] Built target br2_tracking_msgs__rosidl_typesupport_c__pyext
[1.150s] [100%] Built target br2_tracking_msgs__rosidl_typesupport_introspection_c__pyext
[1.303s] Invoked command in '/home/raul/bookros2_ws/build/br2_tracking_msgs' returned '0': CMAKE_PREFIX_PATH=${CMAKE_PREFIX_PATH}:/home/raul/bookros2_ws/install/ros2controlcli:/home/raul/bookros2_ws/install/launch_pal:/home/raul/bookros2_ws/install/br2_fsm_bumpgo_py:/opt/ros/foxy /usr/bin/cmake --build /home/raul/bookros2_ws/build/br2_tracking_msgs -- -j8 -l8
[1.657s] Invoking command in '/home/raul/bookros2_ws/build/br2_tracking_msgs': CMAKE_PREFIX_PATH=${CMAKE_PREFIX_PATH}:/home/raul/bookros2_ws/install/ros2controlcli:/home/raul/bookros2_ws/install/launch_pal:/home/raul/bookros2_ws/install/br2_fsm_bumpgo_py:/opt/ros/foxy /usr/bin/cmake --install /home/raul/bookros2_ws/build/br2_tracking_msgs
[1.682s] -- Install configuration: ""
[1.682s] -- Execute custom install script
[1.683s] -- Up-to-date symlink: /home/raul/bookros2_ws/install/br2_tracking_msgs/share/ament_index/resource_index/rosidl_interfaces/br2_tracking_msgs
[1.683s] -- Up-to-date symlink: /home/raul/bookros2_ws/install/br2_tracking_msgs/include/br2_tracking_msgs/msg/detail/pan_tilt_command__functions.h
[1.683s] -- Up-to-date symlink: /home/raul/bookros2_ws/install/br2_tracking_msgs/include/br2_tracking_msgs/msg/detail/pan_tilt_command__struct.h
[1.684s] -- Up-to-date symlink: /home/raul/bookros2_ws/install/br2_tracking_msgs/include/br2_tracking_msgs/msg/detail/pan_tilt_command__type_support.h
[1.684s] -- Up-to-date symlink: /home/raul/bookros2_ws/install/br2_tracking_msgs/include/br2_tracking_msgs/msg/pan_tilt_command.h
[1.684s] -- Up-to-date symlink: /home/raul/bookros2_ws/install/br2_tracking_msgs/include/br2_tracking_msgs/msg/rosidl_generator_c__visibility_control.h
[1.685s] -- Up-to-date symlink: /home/raul/bookros2_ws/install/br2_tracking_msgs/share/br2_tracking_msgs/environment/library_path.sh
[1.685s] -- Up-to-date symlink: /home/raul/bookros2_ws/install/br2_tracking_msgs/share/br2_tracking_msgs/environment/library_path.dsv
[1.686s] -- Up-to-date symlink: /home/raul/bookros2_ws/install/br2_tracking_msgs/include/br2_tracking_msgs/msg/detail/pan_tilt_command__rosidl_typesupport_fastrtps_c.h
[1.687s] -- Up-to-date symlink: /home/raul/bookros2_ws/install/br2_tracking_msgs/include/br2_tracking_msgs/msg/rosidl_typesupport_fastrtps_c__visibility_control.h
[1.688s] -- Up-to-date symlink: /home/raul/bookros2_ws/install/br2_tracking_msgs/lib/libbr2_tracking_msgs__rosidl_typesupport_fastrtps_c.so
[1.688s] -- Up-to-date symlink: /home/raul/bookros2_ws/install/br2_tracking_msgs/include/br2_tracking_msgs/msg/detail/pan_tilt_command__rosidl_typesupport_fastrtps_cpp.hpp
[1.693s] -- Up-to-date symlink: /home/raul/bookros2_ws/install/br2_tracking_msgs/include/br2_tracking_msgs/msg/rosidl_typesupport_fastrtps_cpp__visibility_control.h
[1.694s] -- Up-to-date symlink: /home/raul/bookros2_ws/install/br2_tracking_msgs/lib/libbr2_tracking_msgs__rosidl_typesupport_fastrtps_cpp.so
[1.694s] -- Up-to-date symlink: /home/raul/bookros2_ws/install/br2_tracking_msgs/include/br2_tracking_msgs/msg/detail/pan_tilt_command__rosidl_typesupport_introspection_c.h
[1.695s] -- Up-to-date symlink: /home/raul/bookros2_ws/install/br2_tracking_msgs/include/br2_tracking_msgs/msg/rosidl_typesupport_introspection_c__visibility_control.h
[1.695s] -- Up-to-date symlink: /home/raul/bookros2_ws/install/br2_tracking_msgs/include/br2_tracking_msgs/msg/detail/pan_tilt_command__builder.hpp
[1.695s] -- Up-to-date symlink: /home/raul/bookros2_ws/install/br2_tracking_msgs/include/br2_tracking_msgs/msg/detail/pan_tilt_command__struct.hpp
[1.696s] -- Up-to-date symlink: /home/raul/bookros2_ws/install/br2_tracking_msgs/include/br2_tracking_msgs/msg/detail/pan_tilt_command__traits.hpp
[1.696s] -- Up-to-date symlink: /home/raul/bookros2_ws/install/br2_tracking_msgs/include/br2_tracking_msgs/msg/pan_tilt_command.hpp
[1.696s] -- Up-to-date symlink: /home/raul/bookros2_ws/install/br2_tracking_msgs/include/br2_tracking_msgs/msg/detail/pan_tilt_command__rosidl_typesupport_introspection_cpp.hpp
[1.696s] -- Up-to-date symlink: /home/raul/bookros2_ws/install/br2_tracking_msgs/share/br2_tracking_msgs/environment/pythonpath.sh
[1.698s] -- Up-to-date symlink: /home/raul/bookros2_ws/install/br2_tracking_msgs/share/br2_tracking_msgs/environment/pythonpath.dsv
[1.698s] -- Up-to-date symlink: /home/raul/bookros2_ws/install/br2_tracking_msgs/lib/python3.8/site-packages/br2_tracking_msgs/__init__.py
[1.699s] -- Up-to-date symlink: /home/raul/bookros2_ws/install/br2_tracking_msgs/lib/python3.8/site-packages/br2_tracking_msgs/msg/__init__.py
[1.701s] -- Up-to-date symlink: /home/raul/bookros2_ws/install/br2_tracking_msgs/lib/python3.8/site-packages/br2_tracking_msgs/msg/_pan_tilt_command.py
[1.701s] -- Up-to-date symlink: /home/raul/bookros2_ws/install/br2_tracking_msgs/lib/python3.8/site-packages/br2_tracking_msgs/br2_tracking_msgs_s__rosidl_typesupport_fastrtps_c.cpython-38-x86_64-linux-gnu.so
[1.702s] -- Up-to-date symlink: /home/raul/bookros2_ws/install/br2_tracking_msgs/lib/python3.8/site-packages/br2_tracking_msgs/br2_tracking_msgs_s__rosidl_typesupport_introspection_c.cpython-38-x86_64-linux-gnu.so
[1.702s] -- Up-to-date symlink: /home/raul/bookros2_ws/install/br2_tracking_msgs/lib/python3.8/site-packages/br2_tracking_msgs/br2_tracking_msgs_s__rosidl_typesupport_c.cpython-38-x86_64-linux-gnu.so
[1.702s] -- Up-to-date symlink: /home/raul/bookros2_ws/install/br2_tracking_msgs/lib/libbr2_tracking_msgs__python.so
[1.703s] -- Up-to-date symlink: /home/raul/bookros2_ws/install/br2_tracking_msgs/share/br2_tracking_msgs/msg/PanTiltCommand.idl
[1.703s] -- Up-to-date symlink: /home/raul/bookros2_ws/install/br2_tracking_msgs/share/br2_tracking_msgs/msg/PanTiltCommand.msg
[1.703s] -- Up-to-date symlink: /home/raul/bookros2_ws/install/br2_tracking_msgs/share/ament_index/resource_index/package_run_dependencies/br2_tracking_msgs
[1.704s] -- Up-to-date symlink: /home/raul/bookros2_ws/install/br2_tracking_msgs/share/ament_index/resource_index/parent_prefix_path/br2_tracking_msgs
[1.705s] -- Up-to-date symlink: /home/raul/bookros2_ws/install/br2_tracking_msgs/share/br2_tracking_msgs/environment/ament_prefix_path.sh
[1.705s] -- Up-to-date symlink: /home/raul/bookros2_ws/install/br2_tracking_msgs/share/br2_tracking_msgs/environment/ament_prefix_path.dsv
[1.705s] -- Up-to-date symlink: /home/raul/bookros2_ws/install/br2_tracking_msgs/share/br2_tracking_msgs/environment/path.sh
[1.705s] -- Up-to-date symlink: /home/raul/bookros2_ws/install/br2_tracking_msgs/share/br2_tracking_msgs/environment/path.dsv
[1.706s] -- Up-to-date symlink: /home/raul/bookros2_ws/install/br2_tracking_msgs/share/br2_tracking_msgs/local_setup.bash
[1.707s] -- Up-to-date symlink: /home/raul/bookros2_ws/install/br2_tracking_msgs/share/br2_tracking_msgs/local_setup.sh
[1.707s] -- Up-to-date symlink: /home/raul/bookros2_ws/install/br2_tracking_msgs/share/br2_tracking_msgs/local_setup.zsh
[1.707s] -- Up-to-date symlink: /home/raul/bookros2_ws/install/br2_tracking_msgs/share/br2_tracking_msgs/local_setup.dsv
[1.707s] -- Symlinking: /home/raul/bookros2_ws/install/br2_tracking_msgs/share/br2_tracking_msgs/package.dsv
[1.746s] -- Up-to-date symlink: /home/raul/bookros2_ws/install/br2_tracking_msgs/share/ament_index/resource_index/packages/br2_tracking_msgs
[1.747s] -- Up-to-date symlink: /home/raul/bookros2_ws/install/br2_tracking_msgs/share/br2_tracking_msgs/cmake/rosidl_cmake-extras.cmake
[1.747s] -- Up-to-date symlink: /home/raul/bookros2_ws/install/br2_tracking_msgs/share/br2_tracking_msgs/cmake/ament_cmake_export_dependencies-extras.cmake
[1.747s] -- Up-to-date symlink: /home/raul/bookros2_ws/install/br2_tracking_msgs/share/br2_tracking_msgs/cmake/ament_cmake_export_libraries-extras.cmake
[1.748s] -- Up-to-date symlink: /home/raul/bookros2_ws/install/br2_tracking_msgs/share/br2_tracking_msgs/cmake/ament_cmake_export_targets-extras.cmake
[1.748s] -- Up-to-date symlink: /home/raul/bookros2_ws/install/br2_tracking_msgs/share/br2_tracking_msgs/cmake/ament_cmake_export_include_directories-extras.cmake
[1.748s] -- Up-to-date symlink: /home/raul/bookros2_ws/install/br2_tracking_msgs/share/br2_tracking_msgs/cmake/rosidl_cmake_export_typesupport_libraries-extras.cmake
[1.748s] -- Up-to-date symlink: /home/raul/bookros2_ws/install/br2_tracking_msgs/share/br2_tracking_msgs/cmake/rosidl_cmake_export_typesupport_targets-extras.cmake
[1.749s] -- Up-to-date symlink: /home/raul/bookros2_ws/install/br2_tracking_msgs/share/br2_tracking_msgs/cmake/br2_tracking_msgsConfig.cmake
[1.749s] -- Up-to-date symlink: /home/raul/bookros2_ws/install/br2_tracking_msgs/share/br2_tracking_msgs/cmake/br2_tracking_msgsConfig-version.cmake
[1.750s] -- Up-to-date symlink: /home/raul/bookros2_ws/install/br2_tracking_msgs/share/br2_tracking_msgs/package.xml
[1.750s] -- Up-to-date: /home/raul/bookros2_ws/install/br2_tracking_msgs/lib/libbr2_tracking_msgs__rosidl_generator_c.so
[1.751s] -- Up-to-date: /home/raul/bookros2_ws/install/br2_tracking_msgs/lib/libbr2_tracking_msgs__rosidl_typesupport_introspection_c.so
[1.751s] -- Up-to-date: /home/raul/bookros2_ws/install/br2_tracking_msgs/lib/libbr2_tracking_msgs__rosidl_typesupport_c.so
[1.751s] -- Up-to-date: /home/raul/bookros2_ws/install/br2_tracking_msgs/lib/libbr2_tracking_msgs__rosidl_typesupport_introspection_cpp.so
[1.751s] -- Up-to-date: /home/raul/bookros2_ws/install/br2_tracking_msgs/lib/libbr2_tracking_msgs__rosidl_typesupport_cpp.so
[1.807s] -- Up-to-date: /home/raul/bookros2_ws/install/br2_tracking_msgs/share/br2_tracking_msgs/cmake/br2_tracking_msgs__rosidl_generator_cExport.cmake
[1.807s] -- Up-to-date: /home/raul/bookros2_ws/install/br2_tracking_msgs/share/br2_tracking_msgs/cmake/br2_tracking_msgs__rosidl_generator_cExport-noconfig.cmake
[1.807s] -- Up-to-date: /home/raul/bookros2_ws/install/br2_tracking_msgs/share/br2_tracking_msgs/cmake/br2_tracking_msgs__rosidl_typesupport_introspection_cExport.cmake
[1.808s] -- Up-to-date: /home/raul/bookros2_ws/install/br2_tracking_msgs/share/br2_tracking_msgs/cmake/br2_tracking_msgs__rosidl_typesupport_introspection_cExport-noconfig.cmake
[1.808s] -- Up-to-date: /home/raul/bookros2_ws/install/br2_tracking_msgs/share/br2_tracking_msgs/cmake/br2_tracking_msgs__rosidl_typesupport_cExport.cmake
[1.808s] -- Up-to-date: /home/raul/bookros2_ws/install/br2_tracking_msgs/share/br2_tracking_msgs/cmake/br2_tracking_msgs__rosidl_typesupport_cExport-noconfig.cmake
[1.808s] -- Up-to-date: /home/raul/bookros2_ws/install/br2_tracking_msgs/share/br2_tracking_msgs/cmake/br2_tracking_msgs__rosidl_generator_cppExport.cmake
[1.808s] -- Up-to-date: /home/raul/bookros2_ws/install/br2_tracking_msgs/share/br2_tracking_msgs/cmake/br2_tracking_msgs__rosidl_typesupport_introspection_cppExport.cmake
[1.809s] -- Up-to-date: /home/raul/bookros2_ws/install/br2_tracking_msgs/share/br2_tracking_msgs/cmake/br2_tracking_msgs__rosidl_typesupport_introspection_cppExport-noconfig.cmake
[1.809s] -- Up-to-date: /home/raul/bookros2_ws/install/br2_tracking_msgs/share/br2_tracking_msgs/cmake/br2_tracking_msgs__rosidl_typesupport_cppExport.cmake
[1.809s] -- Up-to-date: /home/raul/bookros2_ws/install/br2_tracking_msgs/share/br2_tracking_msgs/cmake/br2_tracking_msgs__rosidl_typesupport_cppExport-noconfig.cmake
[2.258s] Invoked command in '/home/raul/bookros2_ws/build/br2_tracking_msgs' returned '0': CMAKE_PREFIX_PATH=${CMAKE_PREFIX_PATH}:/home/raul/bookros2_ws/install/ros2controlcli:/home/raul/bookros2_ws/install/launch_pal:/home/raul/bookros2_ws/install/br2_fsm_bumpgo_py:/opt/ros/foxy /usr/bin/cmake --install /home/raul/bookros2_ws/build/br2_tracking_msgs
