[0.480s] Invoking command in '/home/raul/bookros2_ws/build/hey5_description': CMAKE_PREFIX_PATH=${CMAKE_PREFIX_PATH}:/home/raul/bookros2_ws/install/ros2controlcli:/home/raul/bookros2_ws/install/launch_pal:/home/raul/bookros2_ws/install/br2_fsm_bumpgo_py:/opt/ros/foxy /usr/bin/cmake --build /home/raul/bookros2_ws/build/hey5_description -- -j8 -l8
[0.642s] Invoked command in '/home/raul/bookros2_ws/build/hey5_description' returned '0': CMAKE_PREFIX_PATH=${CMAKE_PREFIX_PATH}:/home/raul/bookros2_ws/install/ros2controlcli:/home/raul/bookros2_ws/install/launch_pal:/home/raul/bookros2_ws/install/br2_fsm_bumpgo_py:/opt/ros/foxy /usr/bin/cmake --build /home/raul/bookros2_ws/build/hey5_description -- -j8 -l8
[0.841s] Invoking command in '/home/raul/bookros2_ws/build/hey5_description': CMAKE_PREFIX_PATH=${CMAKE_PREFIX_PATH}:/home/raul/bookros2_ws/install/ros2controlcli:/home/raul/bookros2_ws/install/launch_pal:/home/raul/bookros2_ws/install/br2_fsm_bumpgo_py:/opt/ros/foxy /usr/bin/cmake --install /home/raul/bookros2_ws/build/hey5_description
[0.886s] -- Install configuration: ""
[0.887s] -- Execute custom install script
[0.892s] -- Up-to-date symlink: /home/raul/bookros2_ws/install/hey5_description/share/hey5_description/config/two_hands.rviz
[0.896s] -- Up-to-date symlink: /home/raul/bookros2_ws/install/hey5_description/share/hey5_description/gazebo/gazebo.urdf.xacro
[0.906s] -- Up-to-date symlink: /home/raul/bookros2_ws/install/hey5_description/share/hey5_description/launch/hey5_kinematics_test.launch
[0.913s] -- Up-to-date symlink: /home/raul/bookros2_ws/install/hey5_description/share/hey5_description/meshes/finger_abd_collision.stl
[0.922s] -- Up-to-date symlink: /home/raul/bookros2_ws/install/hey5_description/share/hey5_description/meshes/finger_flex_collision.stl
[0.931s] -- Up-to-date symlink: /home/raul/bookros2_ws/install/hey5_description/share/hey5_description/meshes/finger_flex_tip_collision.stl
[0.931s] -- Up-to-date symlink: /home/raul/bookros2_ws/install/hey5_description/share/hey5_description/meshes/palm.stl
[0.940s] -- Up-to-date symlink: /home/raul/bookros2_ws/install/hey5_description/share/hey5_description/meshes/palm_collision.stl
[0.940s] -- Up-to-date symlink: /home/raul/bookros2_ws/install/hey5_description/share/hey5_description/meshes/thumb_abd_collision.stl
[0.946s] -- Up-to-date symlink: /home/raul/bookros2_ws/install/hey5_description/share/hey5_description/robots/hey5_test.urdf.xacro
[0.947s] -- Up-to-date symlink: /home/raul/bookros2_ws/install/hey5_description/share/hey5_description/urdf/actuators.urdf.xacro
[0.949s] -- Up-to-date symlink: /home/raul/bookros2_ws/install/hey5_description/share/hey5_description/urdf/deg_to_rad.urdf.xacro
[0.950s] -- Up-to-date symlink: /home/raul/bookros2_ws/install/hey5_description/share/hey5_description/urdf/fingers.urdf.xacro
[0.952s] -- Up-to-date symlink: /home/raul/bookros2_ws/install/hey5_description/share/hey5_description/urdf/hey5_hand.urdf.xacro
[0.953s] -- Up-to-date symlink: /home/raul/bookros2_ws/install/hey5_description/share/hey5_description/urdf/materials.urdf.xacro
[0.953s] -- Up-to-date symlink: /home/raul/bookros2_ws/install/hey5_description/share/hey5_description/urdf/palm.urdf.xacro
[0.959s] -- Up-to-date symlink: /home/raul/bookros2_ws/install/hey5_description/share/hey5_description/urdf/transmissions.urdf.xacro
[0.960s] -- Up-to-date symlink: /home/raul/bookros2_ws/install/hey5_description/share/ament_index/resource_index/package_run_dependencies/hey5_description
[0.960s] -- Up-to-date symlink: /home/raul/bookros2_ws/install/hey5_description/share/ament_index/resource_index/parent_prefix_path/hey5_description
[0.960s] -- Up-to-date symlink: /home/raul/bookros2_ws/install/hey5_description/share/hey5_description/environment/ament_prefix_path.sh
[0.960s] -- Up-to-date symlink: /home/raul/bookros2_ws/install/hey5_description/share/hey5_description/environment/ament_prefix_path.dsv
[0.961s] -- Up-to-date symlink: /home/raul/bookros2_ws/install/hey5_description/share/hey5_description/environment/path.sh
[0.962s] -- Up-to-date symlink: /home/raul/bookros2_ws/install/hey5_description/share/hey5_description/environment/path.dsv
[0.965s] -- Up-to-date symlink: /home/raul/bookros2_ws/install/hey5_description/share/hey5_description/local_setup.bash
[0.966s] -- Up-to-date symlink: /home/raul/bookros2_ws/install/hey5_description/share/hey5_description/local_setup.sh
[0.969s] -- Up-to-date symlink: /home/raul/bookros2_ws/install/hey5_description/share/hey5_description/local_setup.zsh
[0.970s] -- Up-to-date symlink: /home/raul/bookros2_ws/install/hey5_description/share/hey5_description/local_setup.dsv
[0.971s] -- Symlinking: /home/raul/bookros2_ws/install/hey5_description/share/hey5_description/package.dsv
[1.005s] -- Up-to-date symlink: /home/raul/bookros2_ws/install/hey5_description/share/ament_index/resource_index/packages/hey5_description
[1.009s] -- Up-to-date symlink: /home/raul/bookros2_ws/install/hey5_description/share/hey5_description/cmake/hey5_descriptionConfig.cmake
[1.010s] -- Up-to-date symlink: /home/raul/bookros2_ws/install/hey5_description/share/hey5_description/cmake/hey5_descriptionConfig-version.cmake
[1.010s] -- Up-to-date symlink: /home/raul/bookros2_ws/install/hey5_description/share/hey5_description/package.xml
[1.082s] Invoked command in '/home/raul/bookros2_ws/build/hey5_description' returned '0': CMAKE_PREFIX_PATH=${CMAKE_PREFIX_PATH}:/home/raul/bookros2_ws/install/ros2controlcli:/home/raul/bookros2_ws/install/launch_pal:/home/raul/bookros2_ws/install/br2_fsm_bumpgo_py:/opt/ros/foxy /usr/bin/cmake --install /home/raul/bookros2_ws/build/hey5_description
