[0.044s] Invoking command in '/home/raul/bookros2_ws/build/hardware_interface': AMENT_PREFIX_PATH=/home/raul/bookros2_ws/install/ros2_control_test_assets:${AMENT_PREFIX_PATH} CMAKE_PREFIX_PATH=/home/raul/bookros2_ws/install/ros2_control_test_assets:/opt/ros/foxy /usr/bin/cmake /home/raul/bookros2_ws/src/ThirdParty/ros2_control/hardware_interface -DAMENT_CMAKE_SYMLINK_INSTALL=1 -DCMAKE_INSTALL_PREFIX=/home/raul/bookros2_ws/install/hardware_interface
[0.136s] -- The C compiler identification is GNU 9.4.0
[0.222s] -- The CXX compiler identification is GNU 9.4.0
[0.230s] -- Check for working C compiler: /usr/bin/cc
[0.371s] -- Check for working C compiler: /usr/bin/cc -- works
[0.372s] -- Detecting C compiler ABI info
[0.508s] -- Detecting C compiler ABI info - done
[0.528s] -- Detecting C compile features
[0.528s] -- Detecting C compile features - done
[0.534s] -- Check for working CXX compiler: /usr/bin/c++
[0.697s] -- Check for working CXX compiler: /usr/bin/c++ -- works
[0.698s] -- Detecting CXX compiler ABI info
[0.854s] -- Detecting CXX compiler ABI info - done
[0.868s] -- Detecting CXX compile features
[0.868s] -- Detecting CXX compile features - done
[0.879s] -- Found ament_cmake: 0.9.11 (/opt/ros/foxy/share/ament_cmake/cmake)
[0.914s] -- Found PythonInterp: /usr/bin/python3 (found suitable version "3.8.10", minimum required is "3") 
[0.915s] -- Using PYTHON_EXECUTABLE: /usr/bin/python3
[1.176s] -- Override CMake install command with custom implementation using symlinks instead of copying resources
[1.208s] -- Found control_msgs: 2.5.1 (/opt/ros/foxy/share/control_msgs/cmake)
[1.256s] -- Using all available rosidl_typesupport_c: rosidl_typesupport_fastrtps_c;rosidl_typesupport_introspection_c
[1.267s] -- Found rosidl_adapter: 1.3.0 (/opt/ros/foxy/share/rosidl_adapter/cmake)
[1.423s] -- Found OpenSSL: /usr/lib/x86_64-linux-gnu/libcrypto.so (found version "1.1.1f")  
[1.462s] -- Found FastRTPS: /opt/ros/foxy/include  
[1.644s] -- Using all available rosidl_typesupport_cpp: rosidl_typesupport_fastrtps_cpp;rosidl_typesupport_introspection_cpp
[2.751s] -- Found pluginlib: 2.5.4 (/opt/ros/foxy/share/pluginlib/cmake)
[2.862s] -- Found TinyXML2: /usr/lib/x86_64-linux-gnu/libtinyxml2.so  
[2.869s] -- Found ament_lint_auto: 0.9.7 (/opt/ros/foxy/share/ament_lint_auto/cmake)
[3.041s] -- Found gmock sources under '/opt/ros/foxy/src/gmock_vendor': C++ tests using 'Google Mock' will be built
[3.043s] -- Found ament_cmake_gtest: 0.9.11 (/opt/ros/foxy/share/ament_cmake_gtest/cmake)
[3.054s] -- Found gtest sources under '/opt/ros/foxy/src/gtest_vendor': C++ tests using 'Google Test' will be built
[3.103s] -- Added test 'copyright' to check source files copyright and LICENSE
[3.104s] -- Added test 'cppcheck' to perform static code analysis on C / C++ code
[3.108s] -- Configured cppcheck include dirs: /home/raul/bookros2_ws/src/ThirdParty/ros2_control/hardware_interface/include
[3.108s] -- Configured cppcheck exclude dirs and/or files: 
[3.112s] -- Added test 'cpplint' to check C / C++ code against the Google style
[3.113s] -- Configured cpplint exclude dirs and/or files: 
[3.115s] -- Added test 'lint_cmake' to check CMake code style
[3.120s] -- Added test 'uncrustify' to check C / C++ code style
[3.120s] -- Configured uncrustify additional arguments: 
[3.125s] -- Added test 'xmllint' to check XML markup files
[3.148s] -- Configuring done
[3.242s] -- Generating done
[3.245s] -- Build files have been written to: /home/raul/bookros2_ws/build/hardware_interface
[3.275s] Invoked command in '/home/raul/bookros2_ws/build/hardware_interface' returned '0': AMENT_PREFIX_PATH=/home/raul/bookros2_ws/install/ros2_control_test_assets:${AMENT_PREFIX_PATH} CMAKE_PREFIX_PATH=/home/raul/bookros2_ws/install/ros2_control_test_assets:/opt/ros/foxy /usr/bin/cmake /home/raul/bookros2_ws/src/ThirdParty/ros2_control/hardware_interface -DAMENT_CMAKE_SYMLINK_INSTALL=1 -DCMAKE_INSTALL_PREFIX=/home/raul/bookros2_ws/install/hardware_interface
[3.282s] Invoking command in '/home/raul/bookros2_ws/build/hardware_interface': AMENT_PREFIX_PATH=/home/raul/bookros2_ws/install/ros2_control_test_assets:${AMENT_PREFIX_PATH} CMAKE_PREFIX_PATH=/home/raul/bookros2_ws/install/ros2_control_test_assets:/opt/ros/foxy /usr/bin/cmake --build /home/raul/bookros2_ws/build/hardware_interface -- -j8 -l8
[4.724s] [35m[1mScanning dependencies of target hardware_interface[0m
[4.724s] [35m[1mScanning dependencies of target gmock[0m
[4.724s] [35m[1mScanning dependencies of target gmock_main[0m
[4.724s] [  2%] [32mBuilding CXX object CMakeFiles/hardware_interface.dir/src/actuator.cpp.o[0m
[4.724s] [  5%] [32mBuilding CXX object CMakeFiles/hardware_interface.dir/src/component_parser.cpp.o[0m
[4.724s] [  8%] [32mBuilding CXX object CMakeFiles/hardware_interface.dir/src/resource_manager.cpp.o[0m
[4.725s] [ 11%] [32mBuilding CXX object gmock/CMakeFiles/gmock_main.dir/src/gmock_main.cc.o[0m
[4.725s] [ 14%] [32mBuilding CXX object CMakeFiles/hardware_interface.dir/src/system.cpp.o[0m
[4.725s] [ 17%] [32mBuilding CXX object CMakeFiles/hardware_interface.dir/src/sensor.cpp.o[0m
[4.725s] [ 20%] [32mBuilding CXX object gmock/CMakeFiles/gmock.dir/opt/ros/foxy/src/gtest_vendor/src/gtest-all.cc.o[0m
[4.725s] [ 23%] [32mBuilding CXX object gmock/CMakeFiles/gmock.dir/src/gmock-all.cc.o[0m
[10.138s] [ 26%] [32m[1mLinking CXX static library libgmock_main.a[0m
[10.437s] [ 26%] Built target gmock_main
[104.322s] [ 29%] [32m[1mLinking CXX static library libgmock.a[0m
[104.656s] [ 29%] Built target gmock
[106.660s] [ 32%] [32m[1mLinking CXX shared library libhardware_interface.so[0m
[107.036s] [ 32%] Built target hardware_interface
[107.086s] [35m[1mScanning dependencies of target test_macros[0m
[107.160s] [ 35%] [32mBuilding CXX object CMakeFiles/test_macros.dir/test/test_macros.cpp.o[0m
[108.676s] [ 38%] [32m[1mLinking CXX executable test_macros[0m
[108.897s] [ 38%] Built target test_macros
[108.915s] [35m[1mScanning dependencies of target test_generic_system[0m
[108.949s] [ 41%] [32mBuilding CXX object CMakeFiles/test_generic_system.dir/test/fake_components/test_generic_system.cpp.o[0m
[111.006s] [ 44%] [32m[1mLinking CXX executable test_generic_system[0m
[111.245s] [ 44%] Built target test_generic_system
[111.261s] [35m[1mScanning dependencies of target test_resource_manager[0m
[111.287s] [ 47%] [32mBuilding CXX object CMakeFiles/test_resource_manager.dir/test/test_resource_manager.cpp.o[0m
[113.126s] [ 50%] [32m[1mLinking CXX executable test_resource_manager[0m
[113.377s] [ 50%] Built target test_resource_manager
[113.394s] [35m[1mScanning dependencies of target test_hardware_components[0m
[113.423s] [ 52%] [32mBuilding CXX object CMakeFiles/test_hardware_components.dir/test/test_hardware_components/test_single_joint_actuator.cpp.o[0m
[114.307s] [ 55%] [32mBuilding CXX object CMakeFiles/test_hardware_components.dir/test/test_hardware_components/test_two_joint_system.cpp.o[0m
[115.172s] [ 58%] [32mBuilding CXX object CMakeFiles/test_hardware_components.dir/test/test_hardware_components/test_system_with_command_modes.cpp.o[0m
[116.190s] [ 61%] [32mBuilding CXX object CMakeFiles/test_hardware_components.dir/test/test_hardware_components/test_force_torque_sensor.cpp.o[0m
[117.076s] [ 64%] [32m[1mLinking CXX shared library libtest_hardware_components.so[0m
[117.242s] [ 64%] Built target test_hardware_components
[117.259s] [35m[1mScanning dependencies of target test_components[0m
[117.279s] [ 67%] [32mBuilding CXX object CMakeFiles/test_components.dir/test/test_components/test_actuator.cpp.o[0m
[118.142s] [ 70%] [32mBuilding CXX object CMakeFiles/test_components.dir/test/test_components/test_system.cpp.o[0m
[118.995s] [ 73%] [32mBuilding CXX object CMakeFiles/test_components.dir/test/test_components/test_sensor.cpp.o[0m
[119.806s] [ 76%] [32m[1mLinking CXX shared library libtest_components.so[0m
[119.940s] [ 76%] Built target test_components
[119.956s] [35m[1mScanning dependencies of target test_component_parser[0m
[119.981s] [ 79%] [32mBuilding CXX object CMakeFiles/test_component_parser.dir/test/test_component_parser.cpp.o[0m
[122.231s] [ 82%] [32m[1mLinking CXX executable test_component_parser[0m
[122.515s] [ 82%] Built target test_component_parser
[122.532s] [35m[1mScanning dependencies of target test_joint_handle[0m
[122.555s] [ 85%] [32mBuilding CXX object CMakeFiles/test_joint_handle.dir/test/test_handle.cpp.o[0m
[123.624s] [ 88%] [32m[1mLinking CXX executable test_joint_handle[0m
[123.825s] [ 88%] Built target test_joint_handle
[123.841s] [35m[1mScanning dependencies of target test_component_interfaces[0m
[123.867s] [ 91%] [32mBuilding CXX object CMakeFiles/test_component_interfaces.dir/test/test_component_interfaces.cpp.o[0m
[125.537s] [ 94%] [32m[1mLinking CXX executable test_component_interfaces[0m
[125.776s] [ 94%] Built target test_component_interfaces
[125.793s] [35m[1mScanning dependencies of target fake_components[0m
[125.812s] [ 97%] [32mBuilding CXX object CMakeFiles/fake_components.dir/src/fake_components/generic_system.cpp.o[0m
[127.003s] [100%] [32m[1mLinking CXX shared library libfake_components.so[0m
[127.124s] [100%] Built target fake_components
