[0.102s] Invoking command in '/home/raul/bookros2_ws/build/br2_bt_patrolling': CMAKE_PREFIX_PATH=${CMAKE_PREFIX_PATH}:/home/raul/bookros2_ws/install/ros2controlcli:/home/raul/bookros2_ws/install/launch_pal:/home/raul/bookros2_ws/install/br2_fsm_bumpgo_py:/opt/ros/foxy /usr/bin/cmake --build /home/raul/bookros2_ws/build/br2_bt_patrolling -- -j8 -l8
[0.319s] [ 10%] Built target br2_move_bt_node
[0.321s] [ 20%] Built target br2_track_objects_bt_node
[0.325s] [ 30%] Built target br2_get_waypoint_bt_node
[0.327s] [ 40%] Built target br2_battery_checker_bt_node
[0.332s] [ 50%] Built target patrolling_main
[0.345s] [ 60%] Built target br2_recharge_bt_node
[0.350s] [ 70%] Built target gtest
[0.352s] [ 80%] Built target br2_patrol_bt_node
[0.409s] [ 90%] Built target gtest_main
[0.480s] [100%] Built target bt_action_test
[0.869s] Invoked command in '/home/raul/bookros2_ws/build/br2_bt_patrolling' returned '0': CMAKE_PREFIX_PATH=${CMAKE_PREFIX_PATH}:/home/raul/bookros2_ws/install/ros2controlcli:/home/raul/bookros2_ws/install/launch_pal:/home/raul/bookros2_ws/install/br2_fsm_bumpgo_py:/opt/ros/foxy /usr/bin/cmake --build /home/raul/bookros2_ws/build/br2_bt_patrolling -- -j8 -l8
[1.029s] Invoking command in '/home/raul/bookros2_ws/build/br2_bt_patrolling': CMAKE_PREFIX_PATH=${CMAKE_PREFIX_PATH}:/home/raul/bookros2_ws/install/ros2controlcli:/home/raul/bookros2_ws/install/launch_pal:/home/raul/bookros2_ws/install/br2_fsm_bumpgo_py:/opt/ros/foxy /usr/bin/cmake --install /home/raul/bookros2_ws/build/br2_bt_patrolling
[1.073s] -- Install configuration: "Debug"
[1.074s] -- Execute custom install script
[1.076s] -- Up-to-date symlink: /home/raul/bookros2_ws/install/br2_bt_patrolling/lib/libbr2_recharge_bt_node.so
[1.077s] -- Up-to-date symlink: /home/raul/bookros2_ws/install/br2_bt_patrolling/lib/libbr2_patrol_bt_node.so
[1.078s] -- Up-to-date symlink: /home/raul/bookros2_ws/install/br2_bt_patrolling/lib/libbr2_move_bt_node.so
[1.081s] -- Up-to-date symlink: /home/raul/bookros2_ws/install/br2_bt_patrolling/lib/libbr2_get_waypoint_bt_node.so
[1.081s] -- Up-to-date symlink: /home/raul/bookros2_ws/install/br2_bt_patrolling/lib/libbr2_battery_checker_bt_node.so
[1.085s] -- Up-to-date symlink: /home/raul/bookros2_ws/install/br2_bt_patrolling/lib/libbr2_track_objects_bt_node.so
[1.086s] -- Up-to-date symlink: /home/raul/bookros2_ws/install/br2_bt_patrolling/lib/br2_bt_patrolling/patrolling_main
[1.086s] -- Up-to-date symlink: /home/raul/bookros2_ws/install/br2_bt_patrolling/include//br2_bt_patrolling/BatteryChecker.hpp
[1.086s] -- Up-to-date symlink: /home/raul/bookros2_ws/install/br2_bt_patrolling/include//br2_bt_patrolling/GetWaypoint.hpp
[1.087s] -- Up-to-date symlink: /home/raul/bookros2_ws/install/br2_bt_patrolling/include//br2_bt_patrolling/Move.hpp
[1.094s] -- Up-to-date symlink: /home/raul/bookros2_ws/install/br2_bt_patrolling/include//br2_bt_patrolling/Patrol.hpp
[1.095s] -- Up-to-date symlink: /home/raul/bookros2_ws/install/br2_bt_patrolling/include//br2_bt_patrolling/Recharge.hpp
[1.095s] -- Up-to-date symlink: /home/raul/bookros2_ws/install/br2_bt_patrolling/include//br2_bt_patrolling/TrackObjects.hpp
[1.097s] -- Up-to-date symlink: /home/raul/bookros2_ws/install/br2_bt_patrolling/include//br2_bt_patrolling/ctrl_support/BTActionNode.hpp
[1.097s] -- Up-to-date symlink: /home/raul/bookros2_ws/install/br2_bt_patrolling/include//br2_bt_patrolling/ctrl_support/BTLifecycleCtrlNode.hpp
[1.097s] -- Up-to-date symlink: /home/raul/bookros2_ws/install/br2_bt_patrolling/share/br2_bt_patrolling/behavior_tree_xml/patrolling.xml
[1.098s] -- Up-to-date symlink: /home/raul/bookros2_ws/install/br2_bt_patrolling/share/br2_bt_patrolling/launch/patrolling.launch.py
[1.099s] -- Up-to-date symlink: /home/raul/bookros2_ws/install/br2_bt_patrolling/share/ament_index/resource_index/package_run_dependencies/br2_bt_patrolling
[1.100s] -- Up-to-date symlink: /home/raul/bookros2_ws/install/br2_bt_patrolling/share/ament_index/resource_index/parent_prefix_path/br2_bt_patrolling
[1.100s] -- Up-to-date symlink: /home/raul/bookros2_ws/install/br2_bt_patrolling/share/br2_bt_patrolling/environment/ament_prefix_path.sh
[1.100s] -- Up-to-date symlink: /home/raul/bookros2_ws/install/br2_bt_patrolling/share/br2_bt_patrolling/environment/ament_prefix_path.dsv
[1.100s] -- Up-to-date symlink: /home/raul/bookros2_ws/install/br2_bt_patrolling/share/br2_bt_patrolling/environment/path.sh
[1.101s] -- Up-to-date symlink: /home/raul/bookros2_ws/install/br2_bt_patrolling/share/br2_bt_patrolling/environment/path.dsv
[1.101s] -- Up-to-date symlink: /home/raul/bookros2_ws/install/br2_bt_patrolling/share/br2_bt_patrolling/local_setup.bash
[1.101s] -- Up-to-date symlink: /home/raul/bookros2_ws/install/br2_bt_patrolling/share/br2_bt_patrolling/local_setup.sh
[1.102s] -- Up-to-date symlink: /home/raul/bookros2_ws/install/br2_bt_patrolling/share/br2_bt_patrolling/local_setup.zsh
[1.103s] -- Up-to-date symlink: /home/raul/bookros2_ws/install/br2_bt_patrolling/share/br2_bt_patrolling/local_setup.dsv
[1.103s] -- Symlinking: /home/raul/bookros2_ws/install/br2_bt_patrolling/share/br2_bt_patrolling/package.dsv
[1.137s] -- Up-to-date symlink: /home/raul/bookros2_ws/install/br2_bt_patrolling/share/ament_index/resource_index/packages/br2_bt_patrolling
[1.137s] -- Up-to-date symlink: /home/raul/bookros2_ws/install/br2_bt_patrolling/share/br2_bt_patrolling/cmake/ament_cmake_export_include_directories-extras.cmake
[1.137s] -- Up-to-date symlink: /home/raul/bookros2_ws/install/br2_bt_patrolling/share/br2_bt_patrolling/cmake/ament_cmake_export_dependencies-extras.cmake
[1.138s] -- Up-to-date symlink: /home/raul/bookros2_ws/install/br2_bt_patrolling/share/br2_bt_patrolling/cmake/br2_bt_patrollingConfig.cmake
[1.138s] -- Up-to-date symlink: /home/raul/bookros2_ws/install/br2_bt_patrolling/share/br2_bt_patrolling/cmake/br2_bt_patrollingConfig-version.cmake
[1.138s] -- Up-to-date symlink: /home/raul/bookros2_ws/install/br2_bt_patrolling/share/br2_bt_patrolling/package.xml
[1.205s] Invoked command in '/home/raul/bookros2_ws/build/br2_bt_patrolling' returned '0': CMAKE_PREFIX_PATH=${CMAKE_PREFIX_PATH}:/home/raul/bookros2_ws/install/ros2controlcli:/home/raul/bookros2_ws/install/launch_pal:/home/raul/bookros2_ws/install/br2_fsm_bumpgo_py:/opt/ros/foxy /usr/bin/cmake --install /home/raul/bookros2_ws/build/br2_bt_patrolling
