[0.134s] Invoking command in '/home/raul/bookros2_ws/build/br2_navigation': CMAKE_PREFIX_PATH=/opt/ros/foxy /usr/bin/cmake /home/raul/bookros2_ws/src/book_ros2/br2_navigation -DAMENT_CMAKE_SYMLINK_INSTALL=1 -DCMAKE_INSTALL_PREFIX=/home/raul/bookros2_ws/install/br2_navigation
[0.425s] -- The C compiler identification is GNU 9.4.0
[0.658s] -- The CXX compiler identification is GNU 9.4.0
[0.664s] -- Check for working C compiler: /usr/bin/cc
[1.030s] -- Check for working C compiler: /usr/bin/cc -- works
[1.031s] -- Detecting C compiler ABI info
[1.395s] -- Detecting C compiler ABI info - done
[1.446s] -- Detecting C compile features
[1.447s] -- Detecting C compile features - done
[1.461s] -- Check for working CXX compiler: /usr/bin/c++
[1.860s] -- Check for working CXX compiler: /usr/bin/c++ -- works
[1.861s] -- Detecting CXX compiler ABI info
[2.215s] -- Detecting CXX compiler ABI info - done
[2.232s] -- Detecting CXX compile features
[2.233s] -- Detecting CXX compile features - done
[2.265s] -- Found ament_cmake_auto: 0.9.11 (/opt/ros/foxy/share/ament_cmake_auto/cmake)
[2.357s] -- Found PythonInterp: /usr/bin/python3 (found suitable version "3.8.10", minimum required is "3") 
[2.357s] -- Using PYTHON_EXECUTABLE: /usr/bin/python3
[2.807s] -- Override CMake install command with custom implementation using symlinks instead of copying resources
[3.072s] -- Configuring done
[3.075s] -- Generating done
[3.076s] -- Build files have been written to: /home/raul/bookros2_ws/build/br2_navigation
[3.099s] Invoked command in '/home/raul/bookros2_ws/build/br2_navigation' returned '0': CMAKE_PREFIX_PATH=/opt/ros/foxy /usr/bin/cmake /home/raul/bookros2_ws/src/book_ros2/br2_navigation -DAMENT_CMAKE_SYMLINK_INSTALL=1 -DCMAKE_INSTALL_PREFIX=/home/raul/bookros2_ws/install/br2_navigation
[3.100s] Invoking command in '/home/raul/bookros2_ws/build/br2_navigation': CMAKE_PREFIX_PATH=/opt/ros/foxy /usr/bin/cmake --build /home/raul/bookros2_ws/build/br2_navigation -- -j8 -l8
[4.721s] Invoked command in '/home/raul/bookros2_ws/build/br2_navigation' returned '0': CMAKE_PREFIX_PATH=/opt/ros/foxy /usr/bin/cmake --build /home/raul/bookros2_ws/build/br2_navigation -- -j8 -l8
[5.024s] Invoking command in '/home/raul/bookros2_ws/build/br2_navigation': CMAKE_PREFIX_PATH=/opt/ros/foxy /usr/bin/cmake --install /home/raul/bookros2_ws/build/br2_navigation
[109.440s] -- Install configuration: ""
[109.441s] -- Execute custom install script
[109.442s] -- Symlinking: /home/raul/bookros2_ws/install/br2_navigation/share/br2_navigation/launch/navigation_launch.py
[109.442s] -- Symlinking: /home/raul/bookros2_ws/install/br2_navigation/share/br2_navigation/launch/tiago_navigation.launch.py
[109.442s] -- Symlinking: /home/raul/bookros2_ws/install/br2_navigation/share/br2_navigation/params/mapper_params_online_async.yaml
[109.443s] -- Symlinking: /home/raul/bookros2_ws/install/br2_navigation/share/br2_navigation/params/tiago_nav_params.yaml
[109.443s] -- Symlinking: /home/raul/bookros2_ws/install/br2_navigation/share/br2_navigation/maps/home.pgm
[109.443s] -- Symlinking: /home/raul/bookros2_ws/install/br2_navigation/share/br2_navigation/maps/home.yaml
[109.444s] -- Symlinking: /home/raul/bookros2_ws/install/br2_navigation/share/ament_index/resource_index/package_run_dependencies/br2_navigation
[109.444s] -- Symlinking: /home/raul/bookros2_ws/install/br2_navigation/share/ament_index/resource_index/parent_prefix_path/br2_navigation
[109.455s] -- Symlinking: /home/raul/bookros2_ws/install/br2_navigation/share/br2_navigation/environment/ament_prefix_path.sh
[109.455s] -- Symlinking: /home/raul/bookros2_ws/install/br2_navigation/share/br2_navigation/environment/ament_prefix_path.dsv
[109.455s] -- Symlinking: /home/raul/bookros2_ws/install/br2_navigation/share/br2_navigation/environment/path.sh
[109.455s] -- Symlinking: /home/raul/bookros2_ws/install/br2_navigation/share/br2_navigation/environment/path.dsv
[109.455s] -- Symlinking: /home/raul/bookros2_ws/install/br2_navigation/share/br2_navigation/local_setup.bash
[109.456s] -- Symlinking: /home/raul/bookros2_ws/install/br2_navigation/share/br2_navigation/local_setup.sh
[109.456s] -- Symlinking: /home/raul/bookros2_ws/install/br2_navigation/share/br2_navigation/local_setup.zsh
[109.456s] -- Symlinking: /home/raul/bookros2_ws/install/br2_navigation/share/br2_navigation/local_setup.dsv
[109.458s] -- Symlinking: /home/raul/bookros2_ws/install/br2_navigation/share/br2_navigation/package.dsv
[109.458s] -- Symlinking: /home/raul/bookros2_ws/install/br2_navigation/share/ament_index/resource_index/packages/br2_navigation
[109.458s] -- Symlinking: /home/raul/bookros2_ws/install/br2_navigation/share/br2_navigation/cmake/br2_navigationConfig.cmake
[109.458s] -- Symlinking: /home/raul/bookros2_ws/install/br2_navigation/share/br2_navigation/cmake/br2_navigationConfig-version.cmake
[109.458s] -- Symlinking: /home/raul/bookros2_ws/install/br2_navigation/share/br2_navigation/package.xml
[109.755s] Invoked command in '/home/raul/bookros2_ws/build/br2_navigation' returned '0': CMAKE_PREFIX_PATH=/opt/ros/foxy /usr/bin/cmake --install /home/raul/bookros2_ws/build/br2_navigation
