[0.118s] Invoking command in '/home/raul/bookros2_ws/build/br2_tracking_msgs': CMAKE_PREFIX_PATH=${CMAKE_PREFIX_PATH}:/home/raul/bookros2_ws/install/ros2controlcli:/home/raul/bookros2_ws/install/launch_pal:/home/raul/bookros2_ws/install/br2_fsm_bumpgo_py:/opt/ros/foxy /usr/bin/cmake --build /home/raul/bookros2_ws/build/br2_tracking_msgs -- -j8 -l8
[0.335s] [  9%] Built target br2_tracking_msgs__rosidl_generator_c
[0.355s] [ 12%] Built target br2_tracking_msgs__cpp
[0.470s] [ 22%] Built target br2_tracking_msgs__rosidl_typesupport_introspection_c
[0.547s] [ 32%] Built target br2_tracking_msgs__rosidl_typesupport_introspection_cpp
[0.548s] [ 41%] Built target br2_tracking_msgs__rosidl_typesupport_c
[0.559s] [ 51%] Built target br2_tracking_msgs__rosidl_typesupport_cpp
[0.606s] [ 61%] Built target br2_tracking_msgs__rosidl_typesupport_fastrtps_cpp
[0.851s] [ 70%] Built target br2_tracking_msgs__rosidl_typesupport_fastrtps_c
[1.002s] [ 70%] Built target br2_tracking_msgs
[1.094s] [ 74%] Built target br2_tracking_msgs__py
[1.220s] [ 80%] Built target br2_tracking_msgs__python
[1.302s] [ 87%] Built target br2_tracking_msgs__rosidl_typesupport_introspection_c__pyext
[1.309s] [ 93%] Built target br2_tracking_msgs__rosidl_typesupport_fastrtps_c__pyext
[1.333s] [100%] Built target br2_tracking_msgs__rosidl_typesupport_c__pyext
[1.642s] Invoked command in '/home/raul/bookros2_ws/build/br2_tracking_msgs' returned '0': CMAKE_PREFIX_PATH=${CMAKE_PREFIX_PATH}:/home/raul/bookros2_ws/install/ros2controlcli:/home/raul/bookros2_ws/install/launch_pal:/home/raul/bookros2_ws/install/br2_fsm_bumpgo_py:/opt/ros/foxy /usr/bin/cmake --build /home/raul/bookros2_ws/build/br2_tracking_msgs -- -j8 -l8
[2.093s] Invoking command in '/home/raul/bookros2_ws/build/br2_tracking_msgs': CMAKE_PREFIX_PATH=${CMAKE_PREFIX_PATH}:/home/raul/bookros2_ws/install/ros2controlcli:/home/raul/bookros2_ws/install/launch_pal:/home/raul/bookros2_ws/install/br2_fsm_bumpgo_py:/opt/ros/foxy /usr/bin/cmake --install /home/raul/bookros2_ws/build/br2_tracking_msgs
[2.519s] -- Install configuration: ""
[2.520s] -- Execute custom install script
[2.522s] -- Up-to-date symlink: /home/raul/bookros2_ws/install/br2_tracking_msgs/share/ament_index/resource_index/rosidl_interfaces/br2_tracking_msgs
[2.522s] -- Up-to-date symlink: /home/raul/bookros2_ws/install/br2_tracking_msgs/include/br2_tracking_msgs/msg/detail/pan_tilt_command__functions.h
[2.523s] -- Up-to-date symlink: /home/raul/bookros2_ws/install/br2_tracking_msgs/include/br2_tracking_msgs/msg/detail/pan_tilt_command__struct.h
[2.523s] -- Up-to-date symlink: /home/raul/bookros2_ws/install/br2_tracking_msgs/include/br2_tracking_msgs/msg/detail/pan_tilt_command__type_support.h
[2.524s] -- Up-to-date symlink: /home/raul/bookros2_ws/install/br2_tracking_msgs/include/br2_tracking_msgs/msg/pan_tilt_command.h
[2.524s] -- Up-to-date symlink: /home/raul/bookros2_ws/install/br2_tracking_msgs/include/br2_tracking_msgs/msg/rosidl_generator_c__visibility_control.h
[2.525s] -- Up-to-date symlink: /home/raul/bookros2_ws/install/br2_tracking_msgs/share/br2_tracking_msgs/environment/library_path.sh
[2.525s] -- Up-to-date symlink: /home/raul/bookros2_ws/install/br2_tracking_msgs/share/br2_tracking_msgs/environment/library_path.dsv
[2.526s] -- Up-to-date symlink: /home/raul/bookros2_ws/install/br2_tracking_msgs/include/br2_tracking_msgs/msg/detail/pan_tilt_command__rosidl_typesupport_fastrtps_c.h
[2.526s] -- Up-to-date symlink: /home/raul/bookros2_ws/install/br2_tracking_msgs/include/br2_tracking_msgs/msg/rosidl_typesupport_fastrtps_c__visibility_control.h
[2.526s] -- Up-to-date symlink: /home/raul/bookros2_ws/install/br2_tracking_msgs/lib/libbr2_tracking_msgs__rosidl_typesupport_fastrtps_c.so
[2.527s] -- Up-to-date symlink: /home/raul/bookros2_ws/install/br2_tracking_msgs/include/br2_tracking_msgs/msg/detail/pan_tilt_command__rosidl_typesupport_fastrtps_cpp.hpp
[2.528s] -- Up-to-date symlink: /home/raul/bookros2_ws/install/br2_tracking_msgs/include/br2_tracking_msgs/msg/rosidl_typesupport_fastrtps_cpp__visibility_control.h
[2.528s] -- Up-to-date symlink: /home/raul/bookros2_ws/install/br2_tracking_msgs/lib/libbr2_tracking_msgs__rosidl_typesupport_fastrtps_cpp.so
[2.528s] -- Up-to-date symlink: /home/raul/bookros2_ws/install/br2_tracking_msgs/include/br2_tracking_msgs/msg/detail/pan_tilt_command__rosidl_typesupport_introspection_c.h
[2.529s] -- Up-to-date symlink: /home/raul/bookros2_ws/install/br2_tracking_msgs/include/br2_tracking_msgs/msg/rosidl_typesupport_introspection_c__visibility_control.h
[2.529s] -- Up-to-date symlink: /home/raul/bookros2_ws/install/br2_tracking_msgs/include/br2_tracking_msgs/msg/detail/pan_tilt_command__builder.hpp
[2.529s] -- Up-to-date symlink: /home/raul/bookros2_ws/install/br2_tracking_msgs/include/br2_tracking_msgs/msg/detail/pan_tilt_command__struct.hpp
[2.529s] -- Up-to-date symlink: /home/raul/bookros2_ws/install/br2_tracking_msgs/include/br2_tracking_msgs/msg/detail/pan_tilt_command__traits.hpp
[2.530s] -- Up-to-date symlink: /home/raul/bookros2_ws/install/br2_tracking_msgs/include/br2_tracking_msgs/msg/pan_tilt_command.hpp
[2.531s] -- Up-to-date symlink: /home/raul/bookros2_ws/install/br2_tracking_msgs/include/br2_tracking_msgs/msg/detail/pan_tilt_command__rosidl_typesupport_introspection_cpp.hpp
[2.531s] -- Up-to-date symlink: /home/raul/bookros2_ws/install/br2_tracking_msgs/share/br2_tracking_msgs/environment/pythonpath.sh
[2.531s] -- Up-to-date symlink: /home/raul/bookros2_ws/install/br2_tracking_msgs/share/br2_tracking_msgs/environment/pythonpath.dsv
[2.531s] -- Up-to-date symlink: /home/raul/bookros2_ws/install/br2_tracking_msgs/lib/python3.8/site-packages/br2_tracking_msgs/__init__.py
[2.531s] -- Up-to-date symlink: /home/raul/bookros2_ws/install/br2_tracking_msgs/lib/python3.8/site-packages/br2_tracking_msgs/msg/__init__.py
[2.531s] -- Up-to-date symlink: /home/raul/bookros2_ws/install/br2_tracking_msgs/lib/python3.8/site-packages/br2_tracking_msgs/msg/_pan_tilt_command.py
[2.532s] -- Up-to-date symlink: /home/raul/bookros2_ws/install/br2_tracking_msgs/lib/python3.8/site-packages/br2_tracking_msgs/br2_tracking_msgs_s__rosidl_typesupport_fastrtps_c.cpython-38-x86_64-linux-gnu.so
[2.532s] -- Up-to-date symlink: /home/raul/bookros2_ws/install/br2_tracking_msgs/lib/python3.8/site-packages/br2_tracking_msgs/br2_tracking_msgs_s__rosidl_typesupport_introspection_c.cpython-38-x86_64-linux-gnu.so
[2.532s] -- Up-to-date symlink: /home/raul/bookros2_ws/install/br2_tracking_msgs/lib/python3.8/site-packages/br2_tracking_msgs/br2_tracking_msgs_s__rosidl_typesupport_c.cpython-38-x86_64-linux-gnu.so
[2.532s] -- Up-to-date symlink: /home/raul/bookros2_ws/install/br2_tracking_msgs/lib/libbr2_tracking_msgs__python.so
[2.532s] -- Up-to-date symlink: /home/raul/bookros2_ws/install/br2_tracking_msgs/share/br2_tracking_msgs/msg/PanTiltCommand.idl
[2.532s] -- Up-to-date symlink: /home/raul/bookros2_ws/install/br2_tracking_msgs/share/br2_tracking_msgs/msg/PanTiltCommand.msg
[2.533s] -- Up-to-date symlink: /home/raul/bookros2_ws/install/br2_tracking_msgs/share/ament_index/resource_index/package_run_dependencies/br2_tracking_msgs
[2.533s] -- Up-to-date symlink: /home/raul/bookros2_ws/install/br2_tracking_msgs/share/ament_index/resource_index/parent_prefix_path/br2_tracking_msgs
[2.534s] -- Up-to-date symlink: /home/raul/bookros2_ws/install/br2_tracking_msgs/share/br2_tracking_msgs/environment/ament_prefix_path.sh
[2.534s] -- Up-to-date symlink: /home/raul/bookros2_ws/install/br2_tracking_msgs/share/br2_tracking_msgs/environment/ament_prefix_path.dsv
[2.534s] -- Up-to-date symlink: /home/raul/bookros2_ws/install/br2_tracking_msgs/share/br2_tracking_msgs/environment/path.sh
[2.534s] -- Up-to-date symlink: /home/raul/bookros2_ws/install/br2_tracking_msgs/share/br2_tracking_msgs/environment/path.dsv
[2.535s] -- Up-to-date symlink: /home/raul/bookros2_ws/install/br2_tracking_msgs/share/br2_tracking_msgs/local_setup.bash
[2.535s] -- Up-to-date symlink: /home/raul/bookros2_ws/install/br2_tracking_msgs/share/br2_tracking_msgs/local_setup.sh
[2.535s] -- Up-to-date symlink: /home/raul/bookros2_ws/install/br2_tracking_msgs/share/br2_tracking_msgs/local_setup.zsh
[2.535s] -- Up-to-date symlink: /home/raul/bookros2_ws/install/br2_tracking_msgs/share/br2_tracking_msgs/local_setup.dsv
[2.535s] -- Symlinking: /home/raul/bookros2_ws/install/br2_tracking_msgs/share/br2_tracking_msgs/package.dsv
[2.536s] -- Up-to-date symlink: /home/raul/bookros2_ws/install/br2_tracking_msgs/share/ament_index/resource_index/packages/br2_tracking_msgs
[2.536s] -- Up-to-date symlink: /home/raul/bookros2_ws/install/br2_tracking_msgs/share/br2_tracking_msgs/cmake/rosidl_cmake-extras.cmake
[2.536s] -- Up-to-date symlink: /home/raul/bookros2_ws/install/br2_tracking_msgs/share/br2_tracking_msgs/cmake/ament_cmake_export_dependencies-extras.cmake
[2.536s] -- Up-to-date symlink: /home/raul/bookros2_ws/install/br2_tracking_msgs/share/br2_tracking_msgs/cmake/ament_cmake_export_libraries-extras.cmake
[2.536s] -- Up-to-date symlink: /home/raul/bookros2_ws/install/br2_tracking_msgs/share/br2_tracking_msgs/cmake/ament_cmake_export_targets-extras.cmake
[2.537s] -- Up-to-date symlink: /home/raul/bookros2_ws/install/br2_tracking_msgs/share/br2_tracking_msgs/cmake/ament_cmake_export_include_directories-extras.cmake
[2.537s] -- Up-to-date symlink: /home/raul/bookros2_ws/install/br2_tracking_msgs/share/br2_tracking_msgs/cmake/rosidl_cmake_export_typesupport_libraries-extras.cmake
[2.537s] -- Up-to-date symlink: /home/raul/bookros2_ws/install/br2_tracking_msgs/share/br2_tracking_msgs/cmake/rosidl_cmake_export_typesupport_targets-extras.cmake
[2.537s] -- Up-to-date symlink: /home/raul/bookros2_ws/install/br2_tracking_msgs/share/br2_tracking_msgs/cmake/br2_tracking_msgsConfig.cmake
[2.538s] -- Up-to-date symlink: /home/raul/bookros2_ws/install/br2_tracking_msgs/share/br2_tracking_msgs/cmake/br2_tracking_msgsConfig-version.cmake
[2.538s] -- Up-to-date symlink: /home/raul/bookros2_ws/install/br2_tracking_msgs/share/br2_tracking_msgs/package.xml
[2.538s] -- Up-to-date: /home/raul/bookros2_ws/install/br2_tracking_msgs/lib/libbr2_tracking_msgs__rosidl_generator_c.so
[2.538s] -- Up-to-date: /home/raul/bookros2_ws/install/br2_tracking_msgs/lib/libbr2_tracking_msgs__rosidl_typesupport_introspection_c.so
[2.538s] -- Up-to-date: /home/raul/bookros2_ws/install/br2_tracking_msgs/lib/libbr2_tracking_msgs__rosidl_typesupport_c.so
[2.539s] -- Up-to-date: /home/raul/bookros2_ws/install/br2_tracking_msgs/lib/libbr2_tracking_msgs__rosidl_typesupport_introspection_cpp.so
[2.539s] -- Up-to-date: /home/raul/bookros2_ws/install/br2_tracking_msgs/lib/libbr2_tracking_msgs__rosidl_typesupport_cpp.so
[2.539s] -- Up-to-date: /home/raul/bookros2_ws/install/br2_tracking_msgs/share/br2_tracking_msgs/cmake/br2_tracking_msgs__rosidl_generator_cExport.cmake
[2.539s] -- Up-to-date: /home/raul/bookros2_ws/install/br2_tracking_msgs/share/br2_tracking_msgs/cmake/br2_tracking_msgs__rosidl_generator_cExport-noconfig.cmake
[2.540s] -- Up-to-date: /home/raul/bookros2_ws/install/br2_tracking_msgs/share/br2_tracking_msgs/cmake/br2_tracking_msgs__rosidl_typesupport_introspection_cExport.cmake
[2.540s] -- Up-to-date: /home/raul/bookros2_ws/install/br2_tracking_msgs/share/br2_tracking_msgs/cmake/br2_tracking_msgs__rosidl_typesupport_introspection_cExport-noconfig.cmake
[2.540s] -- Up-to-date: /home/raul/bookros2_ws/install/br2_tracking_msgs/share/br2_tracking_msgs/cmake/br2_tracking_msgs__rosidl_typesupport_cExport.cmake
[2.544s] -- Up-to-date: /home/raul/bookros2_ws/install/br2_tracking_msgs/share/br2_tracking_msgs/cmake/br2_tracking_msgs__rosidl_typesupport_cExport-noconfig.cmake
[2.544s] -- Up-to-date: /home/raul/bookros2_ws/install/br2_tracking_msgs/share/br2_tracking_msgs/cmake/br2_tracking_msgs__rosidl_generator_cppExport.cmake
[2.544s] -- Up-to-date: /home/raul/bookros2_ws/install/br2_tracking_msgs/share/br2_tracking_msgs/cmake/br2_tracking_msgs__rosidl_typesupport_introspection_cppExport.cmake
[2.545s] -- Up-to-date: /home/raul/bookros2_ws/install/br2_tracking_msgs/share/br2_tracking_msgs/cmake/br2_tracking_msgs__rosidl_typesupport_introspection_cppExport-noconfig.cmake
[2.545s] -- Up-to-date: /home/raul/bookros2_ws/install/br2_tracking_msgs/share/br2_tracking_msgs/cmake/br2_tracking_msgs__rosidl_typesupport_cppExport.cmake
[2.546s] -- Up-to-date: /home/raul/bookros2_ws/install/br2_tracking_msgs/share/br2_tracking_msgs/cmake/br2_tracking_msgs__rosidl_typesupport_cppExport-noconfig.cmake
[2.612s] Invoked command in '/home/raul/bookros2_ws/build/br2_tracking_msgs' returned '0': CMAKE_PREFIX_PATH=${CMAKE_PREFIX_PATH}:/home/raul/bookros2_ws/install/ros2controlcli:/home/raul/bookros2_ws/install/launch_pal:/home/raul/bookros2_ws/install/br2_fsm_bumpgo_py:/opt/ros/foxy /usr/bin/cmake --install /home/raul/bookros2_ws/build/br2_tracking_msgs
