[0.200s] Invoking command in '/home/raul/bookros2_ws/build/hardware_interface': AMENT_PREFIX_PATH=/home/raul/bookros2_ws/install/ros2_control_test_assets:${AMENT_PREFIX_PATH} CMAKE_PREFIX_PATH=/home/raul/bookros2_ws/install/ros2_control_test_assets:/opt/ros/foxy /usr/bin/cmake --build /home/raul/bookros2_ws/build/hardware_interface -- -j8 -l8
[0.310s] [  5%] Built target gmock_main
[0.310s] [ 14%] Built target gmock
[0.334s] [ 32%] Built target hardware_interface
[0.355s] [ 38%] Built target test_macros
[0.417s] [ 44%] Built target fake_components
[0.417s] [ 50%] Built target test_joint_handle
[0.423s] [ 55%] Built target test_component_parser
[0.428s] [ 61%] Built target test_generic_system
[0.437s] [ 73%] Built target test_components
[0.442s] [ 79%] Built target test_resource_manager
[0.457s] [ 94%] Built target test_hardware_components
[0.458s] [100%] Built target test_component_interfaces
[0.529s] Invoked command in '/home/raul/bookros2_ws/build/hardware_interface' returned '0': AMENT_PREFIX_PATH=/home/raul/bookros2_ws/install/ros2_control_test_assets:${AMENT_PREFIX_PATH} CMAKE_PREFIX_PATH=/home/raul/bookros2_ws/install/ros2_control_test_assets:/opt/ros/foxy /usr/bin/cmake --build /home/raul/bookros2_ws/build/hardware_interface -- -j8 -l8
[0.824s] Invoking command in '/home/raul/bookros2_ws/build/hardware_interface': AMENT_PREFIX_PATH=/home/raul/bookros2_ws/install/ros2_control_test_assets:${AMENT_PREFIX_PATH} CMAKE_PREFIX_PATH=/home/raul/bookros2_ws/install/ros2_control_test_assets:/opt/ros/foxy /usr/bin/cmake --install /home/raul/bookros2_ws/build/hardware_interface
[0.841s] -- Install configuration: ""
[0.845s] -- Execute custom install script
[0.845s] -- Up-to-date symlink: /home/raul/bookros2_ws/install/hardware_interface/share/hardware_interface//fake_components_plugin_description.xml
[0.846s] -- Up-to-date symlink: /home/raul/bookros2_ws/install/hardware_interface/include/fake_components/generic_system.hpp
[0.850s] -- Up-to-date symlink: /home/raul/bookros2_ws/install/hardware_interface/include/fake_components/visibility_control.h
[0.851s] -- Up-to-date symlink: /home/raul/bookros2_ws/install/hardware_interface/include/hardware_interface/actuator.hpp
[0.851s] -- Up-to-date symlink: /home/raul/bookros2_ws/install/hardware_interface/include/hardware_interface/actuator_interface.hpp
[0.851s] -- Up-to-date symlink: /home/raul/bookros2_ws/install/hardware_interface/include/hardware_interface/base_interface.hpp
[0.851s] -- Up-to-date symlink: /home/raul/bookros2_ws/install/hardware_interface/include/hardware_interface/component_parser.hpp
[0.853s] -- Up-to-date symlink: /home/raul/bookros2_ws/install/hardware_interface/include/hardware_interface/controller_info.hpp
[0.854s] -- Up-to-date symlink: /home/raul/bookros2_ws/install/hardware_interface/include/hardware_interface/handle.hpp
[0.854s] -- Up-to-date symlink: /home/raul/bookros2_ws/install/hardware_interface/include/hardware_interface/hardware_info.hpp
[0.856s] -- Up-to-date symlink: /home/raul/bookros2_ws/install/hardware_interface/include/hardware_interface/loaned_command_interface.hpp
[0.856s] -- Up-to-date symlink: /home/raul/bookros2_ws/install/hardware_interface/include/hardware_interface/loaned_state_interface.hpp
[0.857s] -- Up-to-date symlink: /home/raul/bookros2_ws/install/hardware_interface/include/hardware_interface/macros.hpp
[0.857s] -- Up-to-date symlink: /home/raul/bookros2_ws/install/hardware_interface/include/hardware_interface/resource_manager.hpp
[0.858s] -- Up-to-date symlink: /home/raul/bookros2_ws/install/hardware_interface/include/hardware_interface/sensor.hpp
[0.864s] -- Up-to-date symlink: /home/raul/bookros2_ws/install/hardware_interface/include/hardware_interface/sensor_interface.hpp
[0.869s] -- Up-to-date symlink: /home/raul/bookros2_ws/install/hardware_interface/include/hardware_interface/system.hpp
[0.870s] -- Up-to-date symlink: /home/raul/bookros2_ws/install/hardware_interface/include/hardware_interface/system_interface.hpp
[0.870s] -- Up-to-date symlink: /home/raul/bookros2_ws/install/hardware_interface/include/hardware_interface/types/hardware_interface_return_values.hpp
[0.871s] -- Up-to-date symlink: /home/raul/bookros2_ws/install/hardware_interface/include/hardware_interface/types/hardware_interface_status_values.hpp
[0.871s] -- Up-to-date symlink: /home/raul/bookros2_ws/install/hardware_interface/include/hardware_interface/types/hardware_interface_type_values.hpp
[0.872s] -- Up-to-date symlink: /home/raul/bookros2_ws/install/hardware_interface/include/hardware_interface/visibility_control.h
[0.872s] -- Up-to-date symlink: /home/raul/bookros2_ws/install/hardware_interface/lib/libfake_components.so
[0.873s] -- Up-to-date symlink: /home/raul/bookros2_ws/install/hardware_interface/lib/libhardware_interface.so
[0.874s] -- Up-to-date symlink: /home/raul/bookros2_ws/install/hardware_interface/lib/libtest_components.so
[0.874s] -- Up-to-date symlink: /home/raul/bookros2_ws/install/hardware_interface/share/hardware_interface/test/test_components/test_components.xml
[0.874s] -- Up-to-date symlink: /home/raul/bookros2_ws/install/hardware_interface/lib/libtest_hardware_components.so
[0.875s] -- Up-to-date symlink: /home/raul/bookros2_ws/install/hardware_interface/share/hardware_interface/test/test_hardware_components/test_hardware_components.xml
[0.875s] -- Up-to-date symlink: /home/raul/bookros2_ws/install/hardware_interface/share/hardware_interface/environment/library_path.sh
[0.875s] -- Up-to-date symlink: /home/raul/bookros2_ws/install/hardware_interface/share/hardware_interface/environment/library_path.dsv
[0.876s] -- Up-to-date symlink: /home/raul/bookros2_ws/install/hardware_interface/share/ament_index/resource_index/package_run_dependencies/hardware_interface
[0.876s] -- Up-to-date symlink: /home/raul/bookros2_ws/install/hardware_interface/share/ament_index/resource_index/parent_prefix_path/hardware_interface
[0.876s] -- Up-to-date symlink: /home/raul/bookros2_ws/install/hardware_interface/share/hardware_interface/environment/ament_prefix_path.sh
[0.876s] -- Up-to-date symlink: /home/raul/bookros2_ws/install/hardware_interface/share/hardware_interface/environment/ament_prefix_path.dsv
[0.877s] -- Up-to-date symlink: /home/raul/bookros2_ws/install/hardware_interface/share/hardware_interface/environment/path.sh
[0.877s] -- Up-to-date symlink: /home/raul/bookros2_ws/install/hardware_interface/share/hardware_interface/environment/path.dsv
[0.877s] -- Up-to-date symlink: /home/raul/bookros2_ws/install/hardware_interface/share/hardware_interface/local_setup.bash
[0.877s] -- Up-to-date symlink: /home/raul/bookros2_ws/install/hardware_interface/share/hardware_interface/local_setup.sh
[0.878s] -- Up-to-date symlink: /home/raul/bookros2_ws/install/hardware_interface/share/hardware_interface/local_setup.zsh
[0.879s] -- Up-to-date symlink: /home/raul/bookros2_ws/install/hardware_interface/share/hardware_interface/local_setup.dsv
[0.879s] -- Symlinking: /home/raul/bookros2_ws/install/hardware_interface/share/hardware_interface/package.dsv
[0.895s] -- Up-to-date symlink: /home/raul/bookros2_ws/install/hardware_interface/share/ament_index/resource_index/packages/hardware_interface
[0.895s] -- Up-to-date symlink: /home/raul/bookros2_ws/install/hardware_interface/share/ament_index/resource_index/hardware_interface__pluginlib__plugin/hardware_interface
[0.899s] -- Up-to-date symlink: /home/raul/bookros2_ws/install/hardware_interface/share/hardware_interface/cmake/ament_cmake_export_include_directories-extras.cmake
[0.900s] -- Up-to-date symlink: /home/raul/bookros2_ws/install/hardware_interface/share/hardware_interface/cmake/ament_cmake_export_libraries-extras.cmake
[0.900s] -- Up-to-date symlink: /home/raul/bookros2_ws/install/hardware_interface/share/hardware_interface/cmake/ament_cmake_export_dependencies-extras.cmake
[0.900s] -- Up-to-date symlink: /home/raul/bookros2_ws/install/hardware_interface/share/hardware_interface/cmake/hardware_interfaceConfig.cmake
[0.900s] -- Up-to-date symlink: /home/raul/bookros2_ws/install/hardware_interface/share/hardware_interface/cmake/hardware_interfaceConfig-version.cmake
[0.902s] -- Up-to-date symlink: /home/raul/bookros2_ws/install/hardware_interface/share/hardware_interface/package.xml
[0.937s] Invoked command in '/home/raul/bookros2_ws/build/hardware_interface' returned '0': AMENT_PREFIX_PATH=/home/raul/bookros2_ws/install/ros2_control_test_assets:${AMENT_PREFIX_PATH} CMAKE_PREFIX_PATH=/home/raul/bookros2_ws/install/ros2_control_test_assets:/opt/ros/foxy /usr/bin/cmake --install /home/raul/bookros2_ws/build/hardware_interface
