[0.216s] Invoking command in '/home/raul/bookros2_ws/build/br2_basics': CMAKE_PREFIX_PATH=${CMAKE_PREFIX_PATH}:/home/raul/bookros2_ws/install/ros2controlcli:/home/raul/bookros2_ws/install/launch_pal:/home/raul/bookros2_ws/install/br2_fsm_bumpgo_py:/opt/ros/foxy /usr/bin/cmake --build /home/raul/bookros2_ws/build/br2_basics -- -j8 -l8
[0.572s] [ 14%] Built target executors
[0.585s] [ 28%] Built target logger
[0.664s] [ 42%] Built target publisher
[0.720s] [ 57%] Built target param_reader
[0.726s] [ 71%] Built target logger_class
[0.890s] [ 85%] Built target subscriber_class
[0.924s] [100%] Built target publisher_class
[1.054s] Invoked command in '/home/raul/bookros2_ws/build/br2_basics' returned '0': CMAKE_PREFIX_PATH=${CMAKE_PREFIX_PATH}:/home/raul/bookros2_ws/install/ros2controlcli:/home/raul/bookros2_ws/install/launch_pal:/home/raul/bookros2_ws/install/br2_fsm_bumpgo_py:/opt/ros/foxy /usr/bin/cmake --build /home/raul/bookros2_ws/build/br2_basics -- -j8 -l8
[1.412s] Invoking command in '/home/raul/bookros2_ws/build/br2_basics': CMAKE_PREFIX_PATH=${CMAKE_PREFIX_PATH}:/home/raul/bookros2_ws/install/ros2controlcli:/home/raul/bookros2_ws/install/launch_pal:/home/raul/bookros2_ws/install/br2_fsm_bumpgo_py:/opt/ros/foxy /usr/bin/cmake --install /home/raul/bookros2_ws/build/br2_basics
[1.466s] -- Install configuration: ""
[1.466s] -- Execute custom install script
[1.467s] -- Up-to-date symlink: /home/raul/bookros2_ws/install/br2_basics/lib/br2_basics/publisher
[1.467s] -- Up-to-date symlink: /home/raul/bookros2_ws/install/br2_basics/lib/br2_basics/publisher_class
[1.467s] -- Up-to-date symlink: /home/raul/bookros2_ws/install/br2_basics/lib/br2_basics/subscriber_class
[1.467s] -- Up-to-date symlink: /home/raul/bookros2_ws/install/br2_basics/lib/br2_basics/executors
[1.467s] -- Up-to-date symlink: /home/raul/bookros2_ws/install/br2_basics/lib/br2_basics/logger
[1.467s] -- Up-to-date symlink: /home/raul/bookros2_ws/install/br2_basics/lib/br2_basics/logger_class
[1.473s] -- Up-to-date symlink: /home/raul/bookros2_ws/install/br2_basics/lib/br2_basics/param_reader
[1.473s] -- Up-to-date symlink: /home/raul/bookros2_ws/install/br2_basics/share/br2_basics/launch/includer_launch.py
[1.475s] -- Up-to-date symlink: /home/raul/bookros2_ws/install/br2_basics/share/br2_basics/launch/param_node_v1_launch.py
[1.477s] -- Up-to-date symlink: /home/raul/bookros2_ws/install/br2_basics/share/br2_basics/launch/param_node_v2_launch.py
[1.497s] -- Up-to-date symlink: /home/raul/bookros2_ws/install/br2_basics/share/br2_basics/launch/pub_sub_v1_launch.py
[1.497s] -- Up-to-date symlink: /home/raul/bookros2_ws/install/br2_basics/share/br2_basics/launch/pub_sub_v2_launch.py
[1.500s] -- Up-to-date symlink: /home/raul/bookros2_ws/install/br2_basics/share/br2_basics/config/params.yaml
[1.501s] -- Up-to-date symlink: /home/raul/bookros2_ws/install/br2_basics/share/ament_index/resource_index/package_run_dependencies/br2_basics
[1.501s] -- Up-to-date symlink: /home/raul/bookros2_ws/install/br2_basics/share/ament_index/resource_index/parent_prefix_path/br2_basics
[1.502s] -- Up-to-date symlink: /home/raul/bookros2_ws/install/br2_basics/share/br2_basics/environment/ament_prefix_path.sh
[1.502s] -- Up-to-date symlink: /home/raul/bookros2_ws/install/br2_basics/share/br2_basics/environment/ament_prefix_path.dsv
[1.502s] -- Up-to-date symlink: /home/raul/bookros2_ws/install/br2_basics/share/br2_basics/environment/path.sh
[1.503s] -- Up-to-date symlink: /home/raul/bookros2_ws/install/br2_basics/share/br2_basics/environment/path.dsv
[1.503s] -- Up-to-date symlink: /home/raul/bookros2_ws/install/br2_basics/share/br2_basics/local_setup.bash
[1.503s] -- Up-to-date symlink: /home/raul/bookros2_ws/install/br2_basics/share/br2_basics/local_setup.sh
[1.503s] -- Up-to-date symlink: /home/raul/bookros2_ws/install/br2_basics/share/br2_basics/local_setup.zsh
[1.505s] -- Up-to-date symlink: /home/raul/bookros2_ws/install/br2_basics/share/br2_basics/local_setup.dsv
[1.505s] -- Symlinking: /home/raul/bookros2_ws/install/br2_basics/share/br2_basics/package.dsv
[1.522s] -- Up-to-date symlink: /home/raul/bookros2_ws/install/br2_basics/share/ament_index/resource_index/packages/br2_basics
[1.526s] -- Up-to-date symlink: /home/raul/bookros2_ws/install/br2_basics/share/br2_basics/cmake/ament_cmake_export_dependencies-extras.cmake
[1.526s] -- Up-to-date symlink: /home/raul/bookros2_ws/install/br2_basics/share/br2_basics/cmake/br2_basicsConfig.cmake
[1.526s] -- Up-to-date symlink: /home/raul/bookros2_ws/install/br2_basics/share/br2_basics/cmake/br2_basicsConfig-version.cmake
[1.527s] -- Up-to-date symlink: /home/raul/bookros2_ws/install/br2_basics/share/br2_basics/package.xml
[1.570s] Invoked command in '/home/raul/bookros2_ws/build/br2_basics' returned '0': CMAKE_PREFIX_PATH=${CMAKE_PREFIX_PATH}:/home/raul/bookros2_ws/install/ros2controlcli:/home/raul/bookros2_ws/install/launch_pal:/home/raul/bookros2_ws/install/br2_fsm_bumpgo_py:/opt/ros/foxy /usr/bin/cmake --install /home/raul/bookros2_ws/build/br2_basics
