[0.376s] Invoking command in '/home/raul/bookros2_ws/build/gazebo_ros2_control': AMENT_PREFIX_PATH=/home/raul/bookros2_ws/install/controller_manager:/home/raul/bookros2_ws/install/controller_interface:/home/raul/bookros2_ws/install/hardware_interface:/home/raul/bookros2_ws/install/controller_manager_msgs:${AMENT_PREFIX_PATH} CMAKE_PREFIX_PATH=/home/raul/bookros2_ws/install/controller_manager:/home/raul/bookros2_ws/install/controller_interface:/home/raul/bookros2_ws/install/hardware_interface:/home/raul/bookros2_ws/install/controller_manager_msgs:/opt/ros/foxy LD_LIBRARY_PATH=/home/raul/bookros2_ws/install/controller_manager/lib:/home/raul/bookros2_ws/install/controller_interface/lib:/home/raul/bookros2_ws/install/hardware_interface/lib:/home/raul/bookros2_ws/install/controller_manager_msgs/lib:${LD_LIBRARY_PATH} PYTHONPATH=/home/raul/bookros2_ws/install/controller_manager/lib/python3.8/site-packages:/home/raul/bookros2_ws/install/controller_manager_msgs/lib/python3.8/site-packages:${PYTHONPATH} /usr/bin/cmake /home/raul/bookros2_ws/src/ThirdParty/gazebo_ros2_control/gazebo_ros2_control -DAMENT_CMAKE_SYMLINK_INSTALL=1 -DCMAKE_INSTALL_PREFIX=/home/raul/bookros2_ws/install/gazebo_ros2_control
[3.441s] -- The C compiler identification is GNU 9.4.0
[3.441s] -- The CXX compiler identification is GNU 9.4.0
[3.441s] -- Check for working C compiler: /usr/bin/cc
[3.441s] -- Check for working C compiler: /usr/bin/cc -- works
[3.442s] -- Detecting C compiler ABI info
[3.442s] -- Detecting C compiler ABI info - done
[3.442s] -- Detecting C compile features
[3.442s] -- Detecting C compile features - done
[3.442s] -- Check for working CXX compiler: /usr/bin/c++
[3.442s] -- Check for working CXX compiler: /usr/bin/c++ -- works
[3.443s] -- Detecting CXX compiler ABI info
[3.443s] -- Detecting CXX compiler ABI info - done
[3.443s] -- Detecting CXX compile features
[3.443s] -- Detecting CXX compile features - done
[3.443s] -- Found ament_cmake: 0.9.11 (/opt/ros/foxy/share/ament_cmake/cmake)
[3.443s] -- Found PythonInterp: /usr/bin/python3 (found suitable version "3.8.10", minimum required is "3") 
[3.444s] -- Using PYTHON_EXECUTABLE: /usr/bin/python3
[3.444s] -- Override CMake install command with custom implementation using symlinks instead of copying resources
[3.444s] -- Found angles: 1.12.6 (/opt/ros/foxy/share/angles/cmake)
[3.444s] -- Found controller_manager: 0.7.1 (/home/raul/bookros2_ws/install/controller_manager/share/controller_manager/cmake)
[3.444s] -- Using all available rosidl_typesupport_c: rosidl_typesupport_fastrtps_c;rosidl_typesupport_introspection_c
[3.444s] -- Found rosidl_adapter: 1.3.0 (/opt/ros/foxy/share/rosidl_adapter/cmake)
[3.445s] -- Found OpenSSL: /usr/lib/x86_64-linux-gnu/libcrypto.so (found version "1.1.1f")  
[3.445s] -- Found FastRTPS: /opt/ros/foxy/include  
[3.445s] -- Using all available rosidl_typesupport_cpp: rosidl_typesupport_fastrtps_cpp;rosidl_typesupport_introspection_cpp
[3.445s] -- Found rmw_implementation_cmake: 1.0.3 (/opt/ros/foxy/share/rmw_implementation_cmake/cmake)
[3.445s] -- Using RMW implementation 'rmw_fastrtps_cpp' as default
[3.445s] -- Looking for pthread.h
[3.446s] -- Looking for pthread.h - found
[3.446s] -- Performing Test CMAKE_HAVE_LIBC_PTHREAD
[3.446s] -- Performing Test CMAKE_HAVE_LIBC_PTHREAD - Failed
[3.446s] -- Looking for pthread_create in pthreads
[3.446s] -- Looking for pthread_create in pthreads - not found
[3.446s] -- Looking for pthread_create in pthread
[3.447s] -- Looking for pthread_create in pthread - found
[3.447s] -- Found Threads: TRUE  
[3.566s] -- Found gazebo_dev: 3.5.3 (/opt/ros/foxy/share/gazebo_dev/cmake)
[3.597s] -- Found PkgConfig: /usr/bin/pkg-config (found version "0.29.1") 
[3.599s] -- Checking for module 'bullet>=2.82'
[3.677s] --   Found bullet, version 2.88
[4.150s] -- Found ccd: /usr/include (found suitable version "2.0", minimum required is "2.0") 
[4.541s] -- Found fcl: /usr/include (found suitable version "0.5.0", minimum required is "0.3.2") 
[4.952s] -- Found assimp: /usr/include (found version "5.0.0") 
[5.124s] -- Found DART: /usr/include (Required is at least version "6.6") found components: dart 
[5.312s] -- Found Boost: /usr/lib/x86_64-linux-gnu/cmake/Boost-1.71.0/BoostConfig.cmake (found suitable version "1.71.0", minimum required is "1.40.0") found components: thread system filesystem program_options regex iostreams date_time 
[5.461s] -- Found Protobuf: /usr/lib/x86_64-linux-gnu/libprotobuf.so;-lpthread (found version "3.6.1") 
[5.469s] -- Looking for ignition-math6 -- found version 6.13.0
[5.514s] -- Searching for dependencies of ignition-math6
[5.519s] -- Looking for OGRE...
[5.520s] -- OGRE_PREFIX_WATCH changed.
[5.547s] -- Checking for module 'OGRE'
[5.658s] --   Found OGRE, version 1.9.0
[6.036s] -- Found Ogre Ghadamon (1.9.0)
[6.068s] -- Found OGRE: optimized;/usr/lib/x86_64-linux-gnu/libOgreMain.so;debug;/usr/lib/x86_64-linux-gnu/libOgreMain.so
[6.125s] -- Looking for OGRE_Paging...
[6.167s] -- Found OGRE_Paging: optimized;/usr/lib/x86_64-linux-gnu/libOgrePaging.so;debug;/usr/lib/x86_64-linux-gnu/libOgrePaging.so
[6.167s] -- Looking for OGRE_Terrain...
[6.185s] -- Found OGRE_Terrain: optimized;/usr/lib/x86_64-linux-gnu/libOgreTerrain.so;debug;/usr/lib/x86_64-linux-gnu/libOgreTerrain.so
[6.185s] -- Looking for OGRE_Property...
[6.204s] -- Found OGRE_Property: optimized;/usr/lib/x86_64-linux-gnu/libOgreProperty.so;debug;/usr/lib/x86_64-linux-gnu/libOgreProperty.so
[6.205s] -- Looking for OGRE_RTShaderSystem...
[6.229s] -- Found OGRE_RTShaderSystem: optimized;/usr/lib/x86_64-linux-gnu/libOgreRTShaderSystem.so;debug;/usr/lib/x86_64-linux-gnu/libOgreRTShaderSystem.so
[6.229s] -- Looking for OGRE_Volume...
[6.253s] -- Found OGRE_Volume: optimized;/usr/lib/x86_64-linux-gnu/libOgreVolume.so;debug;/usr/lib/x86_64-linux-gnu/libOgreVolume.so
[6.253s] -- Looking for OGRE_Overlay...
[6.274s] -- Found OGRE_Overlay: optimized;/usr/lib/x86_64-linux-gnu/libOgreOverlay.so;debug;/usr/lib/x86_64-linux-gnu/libOgreOverlay.so
[6.831s] -- Looking for ignition-math6 -- found version 6.13.0
[6.841s] -- Looking for ignition-transport8 -- found version 8.3.0
[6.842s] -- Searching for dependencies of ignition-transport8
[6.913s] -- Found Protobuf: /usr/lib/x86_64-linux-gnu/libprotobuf.so;-lpthread (found suitable version "3.6.1", minimum required is "3") 
[6.938s] -- Config-file not installed for ZeroMQ -- checking for pkg-config
[6.967s] -- Checking for module 'libzmq >= 4'
[7.066s] --   Found libzmq , version 4.3.2
[7.412s] -- Found ZeroMQ: TRUE (Required is at least version "4") 
[7.469s] -- Checking for module 'uuid'
[7.554s] --   Found uuid, version 2.34.0
[7.839s] -- Found UUID: TRUE  
[7.845s] -- Looking for ignition-msgs5 -- found version 5.10.0
[7.845s] -- Searching for dependencies of ignition-msgs5
[7.899s] -- Looking for ignition-math6 -- found version 6.13.0
[7.922s] -- Checking for module 'tinyxml2'
[8.054s] --   Found tinyxml2, version 6.2.0
[8.263s] -- Looking for ignition-msgs5 -- found version 5.10.0
[8.273s] -- Looking for ignition-common3 -- found version 3.14.2
[8.274s] -- Searching for dependencies of ignition-common3
[8.275s] -- Looking for dlfcn.h - found
[8.277s] -- Looking for libdl - found
[8.279s] -- Found DL: TRUE  
[8.310s] -- Searching for <ignition-common3> component [graphics]
[8.315s] -- Looking for ignition-common3-graphics -- found version 3.14.2
[8.316s] -- Searching for dependencies of ignition-common3-graphics
[8.316s] -- Looking for ignition-math6 -- found version 6.13.0
[8.326s] -- Looking for ignition-fuel_tools4 -- found version 4.6.0
[8.327s] -- Searching for dependencies of ignition-fuel_tools4
[8.815s] -- Found CURL: /usr/lib/x86_64-linux-gnu/libcurl.so (found version "7.68.0")  
[8.848s] -- Checking for module 'jsoncpp'
[8.946s] --   Found jsoncpp, version 1.7.4
[9.264s] -- Found JSONCPP: TRUE  
[9.283s] -- Checking for module 'libzip'
[9.414s] --   Found libzip, version 1.5.1
[9.686s] -- Found ZIP: TRUE  
[9.686s] -- Looking for ignition-common3 -- found version 3.14.2
[9.687s] -- Looking for ignition-math6 -- found version 6.13.0
[9.688s] -- Looking for ignition-msgs5 -- found version 5.10.0
[9.690s] -- Gazebo version: 11.11
[9.699s] -- Found gazebo_ros: 3.5.3 (/opt/ros/foxy/share/gazebo_ros/cmake)
[9.748s] -- Found urdf: 2.4.0 (/opt/ros/foxy/share/urdf/cmake)
[9.825s] -- Found yaml_cpp_vendor: 7.0.3 (/opt/ros/foxy/share/yaml_cpp_vendor/cmake)
[9.825s] -- Setting yaml-cpp_DIR to: '/opt/ros/foxy/share/yaml_cpp_vendor/cmake/../../../opt/yaml_cpp_vendor/lib/cmake/yaml-cpp'
[10.440s] -- Found ament_cmake_gtest: 0.9.11 (/opt/ros/foxy/share/ament_cmake_gtest/cmake)
[10.451s] -- Found ament_lint_auto: 0.9.7 (/opt/ros/foxy/share/ament_lint_auto/cmake)
[10.764s] -- Added test 'copyright' to check source files copyright and LICENSE
[10.772s] -- Added test 'cppcheck' to perform static code analysis on C / C++ code
[10.773s] -- Configured cppcheck include dirs: /home/raul/bookros2_ws/src/ThirdParty/gazebo_ros2_control/gazebo_ros2_control/include
[10.773s] -- Configured cppcheck exclude dirs and/or files: 
[10.781s] -- Added test 'cpplint' to check C / C++ code against the Google style
[10.782s] -- Configured cpplint exclude dirs and/or files: 
[10.782s] -- Added test 'lint_cmake' to check CMake code style
[10.785s] -- Added test 'uncrustify' to check C / C++ code style
[10.785s] -- Configured uncrustify additional arguments: 
[10.785s] -- Added test 'xmllint' to check XML markup files
[10.858s] -- Configuring done
[11.179s] -- Generating done
[11.186s] -- Build files have been written to: /home/raul/bookros2_ws/build/gazebo_ros2_control
[11.245s] Invoked command in '/home/raul/bookros2_ws/build/gazebo_ros2_control' returned '0': AMENT_PREFIX_PATH=/home/raul/bookros2_ws/install/controller_manager:/home/raul/bookros2_ws/install/controller_interface:/home/raul/bookros2_ws/install/hardware_interface:/home/raul/bookros2_ws/install/controller_manager_msgs:${AMENT_PREFIX_PATH} CMAKE_PREFIX_PATH=/home/raul/bookros2_ws/install/controller_manager:/home/raul/bookros2_ws/install/controller_interface:/home/raul/bookros2_ws/install/hardware_interface:/home/raul/bookros2_ws/install/controller_manager_msgs:/opt/ros/foxy LD_LIBRARY_PATH=/home/raul/bookros2_ws/install/controller_manager/lib:/home/raul/bookros2_ws/install/controller_interface/lib:/home/raul/bookros2_ws/install/hardware_interface/lib:/home/raul/bookros2_ws/install/controller_manager_msgs/lib:${LD_LIBRARY_PATH} PYTHONPATH=/home/raul/bookros2_ws/install/controller_manager/lib/python3.8/site-packages:/home/raul/bookros2_ws/install/controller_manager_msgs/lib/python3.8/site-packages:${PYTHONPATH} /usr/bin/cmake /home/raul/bookros2_ws/src/ThirdParty/gazebo_ros2_control/gazebo_ros2_control -DAMENT_CMAKE_SYMLINK_INSTALL=1 -DCMAKE_INSTALL_PREFIX=/home/raul/bookros2_ws/install/gazebo_ros2_control
[11.246s] Invoking command in '/home/raul/bookros2_ws/build/gazebo_ros2_control': AMENT_PREFIX_PATH=/home/raul/bookros2_ws/install/controller_manager:/home/raul/bookros2_ws/install/controller_interface:/home/raul/bookros2_ws/install/hardware_interface:/home/raul/bookros2_ws/install/controller_manager_msgs:${AMENT_PREFIX_PATH} CMAKE_PREFIX_PATH=/home/raul/bookros2_ws/install/controller_manager:/home/raul/bookros2_ws/install/controller_interface:/home/raul/bookros2_ws/install/hardware_interface:/home/raul/bookros2_ws/install/controller_manager_msgs:/opt/ros/foxy LD_LIBRARY_PATH=/home/raul/bookros2_ws/install/controller_manager/lib:/home/raul/bookros2_ws/install/controller_interface/lib:/home/raul/bookros2_ws/install/hardware_interface/lib:/home/raul/bookros2_ws/install/controller_manager_msgs/lib:${LD_LIBRARY_PATH} PYTHONPATH=/home/raul/bookros2_ws/install/controller_manager/lib/python3.8/site-packages:/home/raul/bookros2_ws/install/controller_manager_msgs/lib/python3.8/site-packages:${PYTHONPATH} /usr/bin/cmake --build /home/raul/bookros2_ws/build/gazebo_ros2_control -- -j8 -l8
[35.130s] [35m[1mScanning dependencies of target gazebo_hardware_plugins[0m
[35.133s] [35m[1mScanning dependencies of target gazebo_ros2_control[0m
[35.133s] [ 25%] [32mBuilding CXX object CMakeFiles/gazebo_hardware_plugins.dir/src/gazebo_system.cpp.o[0m
[35.133s] [ 50%] [32mBuilding CXX object CMakeFiles/gazebo_ros2_control.dir/src/gazebo_ros2_control_plugin.cpp.o[0m
[45.158s] [ 75%] [32m[1mLinking CXX shared library libgazebo_hardware_plugins.so[0m
[46.366s] [ 75%] Built target gazebo_hardware_plugins
[54.369s] [100%] [32m[1mLinking CXX shared library libgazebo_ros2_control.so[0m
[55.813s] [100%] Built target gazebo_ros2_control
