-- Found ament_cmake: 0.9.11 (/opt/ros/foxy/share/ament_cmake/cmake)
-- Using PYTHON_EXECUTABLE: /usr/bin/python3
-- Override CMake install command with custom implementation using symlinks instead of copying resources
-- Found hardware_interface: 0.7.1 (/home/raul/bookros2_ws/install/hardware_interface/share/hardware_interface/cmake)
-- Using all available rosidl_typesupport_c: rosidl_typesupport_fastrtps_c;rosidl_typesupport_introspection_c
-- Found rosidl_adapter: 1.3.0 (/opt/ros/foxy/share/rosidl_adapter/cmake)
-- Using all available rosidl_typesupport_cpp: rosidl_typesupport_fastrtps_cpp;rosidl_typesupport_introspection_cpp
-- Found rclcpp_lifecycle: 2.4.2 (/opt/ros/foxy/share/rclcpp_lifecycle/cmake)
-- Found rmw_implementation_cmake: 1.0.3 (/opt/ros/foxy/share/rmw_implementation_cmake/cmake)
-- Using RMW implementation 'rmw_fastrtps_cpp' as default
-- Found ament_cmake_gmock: 0.9.11 (/opt/ros/foxy/share/ament_cmake_gmock/cmake)
-- Found ament_lint_auto: 0.9.7 (/opt/ros/foxy/share/ament_lint_auto/cmake)
-- Found sensor_msgs: 2.0.5 (/opt/ros/foxy/share/sensor_msgs/cmake)
-- Found gmock sources under '/opt/ros/foxy/src/gmock_vendor': C++ tests using 'Google Mock' will be built
-- Found ament_cmake_gtest: 0.9.11 (/opt/ros/foxy/share/ament_cmake_gtest/cmake)
-- Found gtest sources under '/opt/ros/foxy/src/gtest_vendor': C++ tests using 'Google Test' will be built
-- Added test 'copyright' to check source files copyright and LICENSE
-- Added test 'cppcheck' to perform static code analysis on C / C++ code
-- Configured cppcheck include dirs: /home/raul/bookros2_ws/src/ThirdParty/ros2_control/controller_interface/include
-- Configured cppcheck exclude dirs and/or files: 
-- Added test 'cpplint' to check C / C++ code against the Google style
-- Configured cpplint exclude dirs and/or files: 
-- Added test 'lint_cmake' to check CMake code style
-- Added test 'uncrustify' to check C / C++ code style
-- Configured uncrustify additional arguments: 
-- Added test 'xmllint' to check XML markup files
-- Configuring done
-- Generating done
-- Build files have been written to: /home/raul/bookros2_ws/build/controller_interface
[ 20%] Built target gmock
[ 33%] Built target controller_interface
[ 46%] Built target gmock_main
[ 60%] Built target test_force_torque_sensor
[ 73%] Built target test_semantic_component_interface
[ 86%] Built target test_imu_sensor
[100%] Built target test_controller_with_options
-- Install configuration: ""
-- Execute custom install script
-- Up-to-date symlink: /home/raul/bookros2_ws/install/controller_interface/include/controller_interface/controller_interface.hpp
-- Up-to-date symlink: /home/raul/bookros2_ws/install/controller_interface/include/controller_interface/controller_state_names.hpp
-- Up-to-date symlink: /home/raul/bookros2_ws/install/controller_interface/include/controller_interface/helpers.hpp
-- Up-to-date symlink: /home/raul/bookros2_ws/install/controller_interface/include/controller_interface/visibility_control.h
-- Up-to-date symlink: /home/raul/bookros2_ws/install/controller_interface/include/semantic_components/force_torque_sensor.hpp
-- Up-to-date symlink: /home/raul/bookros2_ws/install/controller_interface/include/semantic_components/imu_sensor.hpp
-- Up-to-date symlink: /home/raul/bookros2_ws/install/controller_interface/include/semantic_components/semantic_component_interface.hpp
-- Up-to-date symlink: /home/raul/bookros2_ws/install/controller_interface/lib/libcontroller_interface.so
-- Up-to-date symlink: /home/raul/bookros2_ws/install/controller_interface/share/controller_interface/environment/library_path.sh
-- Up-to-date symlink: /home/raul/bookros2_ws/install/controller_interface/share/controller_interface/environment/library_path.dsv
-- Up-to-date symlink: /home/raul/bookros2_ws/install/controller_interface/share/ament_index/resource_index/package_run_dependencies/controller_interface
-- Up-to-date symlink: /home/raul/bookros2_ws/install/controller_interface/share/ament_index/resource_index/parent_prefix_path/controller_interface
-- Up-to-date symlink: /home/raul/bookros2_ws/install/controller_interface/share/controller_interface/environment/ament_prefix_path.sh
-- Up-to-date symlink: /home/raul/bookros2_ws/install/controller_interface/share/controller_interface/environment/ament_prefix_path.dsv
-- Up-to-date symlink: /home/raul/bookros2_ws/install/controller_interface/share/controller_interface/environment/path.sh
-- Up-to-date symlink: /home/raul/bookros2_ws/install/controller_interface/share/controller_interface/environment/path.dsv
-- Up-to-date symlink: /home/raul/bookros2_ws/install/controller_interface/share/controller_interface/local_setup.bash
-- Up-to-date symlink: /home/raul/bookros2_ws/install/controller_interface/share/controller_interface/local_setup.sh
-- Up-to-date symlink: /home/raul/bookros2_ws/install/controller_interface/share/controller_interface/local_setup.zsh
-- Up-to-date symlink: /home/raul/bookros2_ws/install/controller_interface/share/controller_interface/local_setup.dsv
-- Symlinking: /home/raul/bookros2_ws/install/controller_interface/share/controller_interface/package.dsv
-- Up-to-date symlink: /home/raul/bookros2_ws/install/controller_interface/share/ament_index/resource_index/packages/controller_interface
-- Up-to-date symlink: /home/raul/bookros2_ws/install/controller_interface/share/controller_interface/cmake/ament_cmake_export_dependencies-extras.cmake
-- Up-to-date symlink: /home/raul/bookros2_ws/install/controller_interface/share/controller_interface/cmake/ament_cmake_export_include_directories-extras.cmake
-- Up-to-date symlink: /home/raul/bookros2_ws/install/controller_interface/share/controller_interface/cmake/ament_cmake_export_libraries-extras.cmake
-- Up-to-date symlink: /home/raul/bookros2_ws/install/controller_interface/share/controller_interface/cmake/controller_interfaceConfig.cmake
-- Up-to-date symlink: /home/raul/bookros2_ws/install/controller_interface/share/controller_interface/cmake/controller_interfaceConfig-version.cmake
-- Up-to-date symlink: /home/raul/bookros2_ws/install/controller_interface/share/controller_interface/package.xml
