[0.025s] Invoking command in '/home/raul/bookros2_ws/build/br2_basics': CMAKE_PREFIX_PATH=/opt/ros/foxy /usr/bin/cmake /home/raul/bookros2_ws/src/book_ros2/br2_basics -DAMENT_CMAKE_SYMLINK_INSTALL=1 -DCMAKE_INSTALL_PREFIX=/home/raul/bookros2_ws/install/br2_basics
[0.728s] -- The C compiler identification is GNU 9.4.0
[0.729s] -- The CXX compiler identification is GNU 9.4.0
[0.729s] -- Check for working C compiler: /usr/bin/cc
[0.729s] -- Check for working C compiler: /usr/bin/cc -- works
[0.729s] -- Detecting C compiler ABI info
[0.730s] -- Detecting C compiler ABI info - done
[0.730s] -- Detecting C compile features
[0.730s] -- Detecting C compile features - done
[0.731s] -- Check for working CXX compiler: /usr/bin/c++
[0.731s] -- Check for working CXX compiler: /usr/bin/c++ -- works
[0.731s] -- Detecting CXX compiler ABI info
[0.814s] -- Detecting CXX compiler ABI info - done
[0.831s] -- Detecting CXX compile features
[0.831s] -- Detecting CXX compile features - done
[0.834s] -- Found ament_cmake: 0.9.11 (/opt/ros/foxy/share/ament_cmake/cmake)
[0.868s] -- Found PythonInterp: /usr/bin/python3 (found suitable version "3.8.10", minimum required is "3") 
[0.868s] -- Using PYTHON_EXECUTABLE: /usr/bin/python3
[1.106s] -- Override CMake install command with custom implementation using symlinks instead of copying resources
[1.147s] -- Found rclcpp: 2.4.2 (/opt/ros/foxy/share/rclcpp/cmake)
[1.214s] -- Using all available rosidl_typesupport_c: rosidl_typesupport_fastrtps_c;rosidl_typesupport_introspection_c
[1.222s] -- Found rosidl_adapter: 1.3.0 (/opt/ros/foxy/share/rosidl_adapter/cmake)
[1.435s] -- Found OpenSSL: /usr/lib/x86_64-linux-gnu/libcrypto.so (found version "1.1.1f")  
[1.513s] -- Found FastRTPS: /opt/ros/foxy/include  
[1.656s] -- Using all available rosidl_typesupport_cpp: rosidl_typesupport_fastrtps_cpp;rosidl_typesupport_introspection_cpp
[1.737s] -- Found rmw_implementation_cmake: 1.0.3 (/opt/ros/foxy/share/rmw_implementation_cmake/cmake)
[1.740s] -- Using RMW implementation 'rmw_fastrtps_cpp' as default
[1.741s] -- Looking for pthread.h
[2.042s] -- Looking for pthread.h - found
[2.042s] -- Performing Test CMAKE_HAVE_LIBC_PTHREAD
[2.553s] -- Performing Test CMAKE_HAVE_LIBC_PTHREAD - Failed
[2.553s] -- Looking for pthread_create in pthreads
[2.834s] -- Looking for pthread_create in pthreads - not found
[2.835s] -- Looking for pthread_create in pthread
[3.226s] -- Looking for pthread_create in pthread - found
[3.226s] -- Found Threads: TRUE  
[3.992s] -- Found ament_lint_auto: 0.9.7 (/opt/ros/foxy/share/ament_lint_auto/cmake)
[4.358s] -- Added test 'copyright' to check source files copyright and LICENSE
[4.360s] -- Added test 'cppcheck' to perform static code analysis on C / C++ code
[4.360s] -- Configured cppcheck include dirs: 
[4.360s] -- Configured cppcheck exclude dirs and/or files: 
[4.394s] -- Added test 'cpplint' to check C / C++ code against the Google style
[4.394s] -- Configured cpplint exclude dirs and/or files: 
[4.395s] -- Added test 'flake8' to check Python code syntax and style conventions
[4.395s] -- Added test 'lint_cmake' to check CMake code style
[4.396s] -- Added test 'pep257' to check Python code against some of the style conventions in PEP 257
[4.417s] -- Added test 'uncrustify' to check C / C++ code style
[4.417s] -- Configured uncrustify additional arguments: 
[4.417s] -- Added test 'xmllint' to check XML markup files
[4.431s] -- Configuring done
[4.576s] -- Generating done
[4.595s] -- Build files have been written to: /home/raul/bookros2_ws/build/br2_basics
[4.649s] Invoked command in '/home/raul/bookros2_ws/build/br2_basics' returned '0': CMAKE_PREFIX_PATH=/opt/ros/foxy /usr/bin/cmake /home/raul/bookros2_ws/src/book_ros2/br2_basics -DAMENT_CMAKE_SYMLINK_INSTALL=1 -DCMAKE_INSTALL_PREFIX=/home/raul/bookros2_ws/install/br2_basics
[4.654s] Invoking command in '/home/raul/bookros2_ws/build/br2_basics': CMAKE_PREFIX_PATH=/opt/ros/foxy /usr/bin/cmake --build /home/raul/bookros2_ws/build/br2_basics -- -j8 -l8
[9.568s] [35m[1mScanning dependencies of target publisher[0m
[9.569s] [35m[1mScanning dependencies of target executors[0m
[9.569s] [35m[1mScanning dependencies of target publisher_class[0m
[9.569s] [35m[1mScanning dependencies of target logger[0m
[9.569s] [35m[1mScanning dependencies of target subscriber_class[0m
[9.570s] [35m[1mScanning dependencies of target param_reader[0m
[9.570s] [35m[1mScanning dependencies of target logger_class[0m
[9.570s] [  7%] [32mBuilding CXX object CMakeFiles/publisher.dir/src/publisher.cpp.o[0m
[9.570s] [ 14%] [32mBuilding CXX object CMakeFiles/publisher_class.dir/src/publisher_class.cpp.o[0m
[9.570s] [ 21%] [32mBuilding CXX object CMakeFiles/executors.dir/src/executors.cpp.o[0m
[9.570s] [ 28%] [32mBuilding CXX object CMakeFiles/subscriber_class.dir/src/subscriber_class.cpp.o[0m
[9.570s] [ 35%] [32mBuilding CXX object CMakeFiles/logger_class.dir/src/logger_class.cpp.o[0m
[9.570s] [ 42%] [32mBuilding CXX object CMakeFiles/logger.dir/src/logger.cpp.o[0m
[9.570s] [ 50%] [32mBuilding CXX object CMakeFiles/param_reader.dir/src/param_reader.cpp.o[0m
[101.731s] [ 57%] [32m[1mLinking CXX executable logger[0m
[101.788s] [ 64%] [32m[1mLinking CXX executable param_reader[0m
[101.855s] [ 71%] [32m[1mLinking CXX executable logger_class[0m
[102.395s] [ 71%] Built target logger
[102.401s] [ 71%] Built target logger_class
[102.456s] [ 71%] Built target param_reader
[105.079s] [ 78%] [32m[1mLinking CXX executable publisher[0m
[105.342s] [ 78%] Built target publisher
[105.404s] [ 85%] [32m[1mLinking CXX executable publisher_class[0m
[105.929s] [ 85%] Built target publisher_class
[108.815s] [ 92%] [32m[1mLinking CXX executable executors[0m
[108.976s] [100%] [32m[1mLinking CXX executable subscriber_class[0m
[109.142s] [100%] Built target executors
[109.275s] [100%] Built target subscriber_class
