[0.102s] Invoking command in '/home/raul/bookros2_ws/build/pointcloud_to_laserscan': CMAKE_PREFIX_PATH=${CMAKE_PREFIX_PATH}:/home/raul/bookros2_ws/install/ros2controlcli:/home/raul/bookros2_ws/install/launch_pal:/home/raul/bookros2_ws/install/br2_fsm_bumpgo_py:/opt/ros/foxy /usr/bin/cmake /home/raul/bookros2_ws/src/book_ros2/pointcloud_to_laserscan -DAMENT_CMAKE_SYMLINK_INSTALL=1 -DCMAKE_INSTALL_PREFIX=/home/raul/bookros2_ws/install/pointcloud_to_laserscan
[0.124s] -- Found ament_cmake: 0.9.11 (/opt/ros/foxy/share/ament_cmake/cmake)
[0.186s] -- Using PYTHON_EXECUTABLE: /usr/bin/python3
[0.549s] -- Override CMake install command with custom implementation using symlinks instead of copying resources
[0.568s] -- Found laser_geometry: 2.2.0 (/opt/ros/foxy/share/laser_geometry/cmake)
[0.581s] -- Found message_filters: 3.2.5 (/opt/ros/foxy/share/message_filters/cmake)
[0.584s] -- Found rclcpp: 2.4.2 (/opt/ros/foxy/share/rclcpp/cmake)
[0.699s] -- Using all available rosidl_typesupport_c: rosidl_typesupport_fastrtps_c;rosidl_typesupport_introspection_c
[0.706s] -- Found rosidl_adapter: 1.3.0 (/opt/ros/foxy/share/rosidl_adapter/cmake)
[0.998s] -- Using all available rosidl_typesupport_cpp: rosidl_typesupport_fastrtps_cpp;rosidl_typesupport_introspection_cpp
[1.090s] -- Found rmw_implementation_cmake: 1.0.3 (/opt/ros/foxy/share/rmw_implementation_cmake/cmake)
[1.096s] -- Using RMW implementation 'rmw_fastrtps_cpp' as default
[1.329s] -- Found sensor_msgs: 2.0.5 (/opt/ros/foxy/share/sensor_msgs/cmake)
[1.491s] -- Found tf2: 0.13.13 (/opt/ros/foxy/share/tf2/cmake)
[1.509s] -- Found tf2_ros: 0.13.13 (/opt/ros/foxy/share/tf2_ros/cmake)
[2.078s] -- Found tf2_sensor_msgs: 0.13.13 (/opt/ros/foxy/share/tf2_sensor_msgs/cmake)
[2.107s] -- Found ament_lint_auto: 0.9.7 (/opt/ros/foxy/share/ament_lint_auto/cmake)
[2.261s] -- Added test 'cppcheck' to perform static code analysis on C / C++ code
[2.261s] -- Configured cppcheck include dirs: $<BUILD_INTERFACE:/home/raul/bookros2_ws/src/book_ros2/pointcloud_to_laserscan/include>
[2.261s] -- Configured cppcheck exclude dirs and/or files: 
[2.285s] -- Added test 'cpplint' to check C / C++ code against the Google style
[2.286s] -- Configured cpplint exclude dirs and/or files: 
[2.286s] -- Added test 'flake8' to check Python code syntax and style conventions
[2.292s] -- Added test 'lint_cmake' to check CMake code style
[2.292s] -- Added test 'pep257' to check Python code against some of the style conventions in PEP 257
[2.292s] -- Added test 'uncrustify' to check C / C++ code style
[2.292s] -- Configured uncrustify additional arguments: 
[2.292s] -- Added test 'xmllint' to check XML markup files
[2.292s] -- Configuring done
[2.292s] CMake Error at CMakeLists.txt:16 (add_library):
[2.292s]   Target "laserscan_to_pointcloud" links to target
[2.293s]   "rclcpp_components::component" but the target was not found.  Perhaps a
[2.293s]   find_package() call is missing for an IMPORTED target, or an ALIAS target
[2.293s]   is missing?
[2.293s] 
[2.293s] 
[2.293s] CMake Error at CMakeLists.txt:16 (add_library):
[2.293s]   Target "laserscan_to_pointcloud" links to target
[2.293s]   "tf2_sensor_msgs::tf2_sensor_msgs" but the target was not found.  Perhaps a
[2.293s]   find_package() call is missing for an IMPORTED target, or an ALIAS target
[2.294s]   is missing?
[2.294s] 
[2.294s] 
[2.294s] CMake Error at CMakeLists.txt:37 (add_library):
[2.294s]   Target "pointcloud_to_laserscan" links to target
[2.294s]   "rclcpp_components::component" but the target was not found.  Perhaps a
[2.294s]   find_package() call is missing for an IMPORTED target, or an ALIAS target
[2.294s]   is missing?
[2.295s] 
[2.295s] 
[2.295s] CMake Error at CMakeLists.txt:37 (add_library):
[2.295s]   Target "pointcloud_to_laserscan" links to target
[2.296s]   "tf2_sensor_msgs::tf2_sensor_msgs" but the target was not found.  Perhaps a
[2.296s]   find_package() call is missing for an IMPORTED target, or an ALIAS target
[2.296s]   is missing?
[2.296s] 
[2.297s] 
[2.327s] -- Generating done
[2.357s] CMake Generate step failed.  Build files cannot be regenerated correctly.
[2.471s] Invoked command in '/home/raul/bookros2_ws/build/pointcloud_to_laserscan' returned '1': CMAKE_PREFIX_PATH=${CMAKE_PREFIX_PATH}:/home/raul/bookros2_ws/install/ros2controlcli:/home/raul/bookros2_ws/install/launch_pal:/home/raul/bookros2_ws/install/br2_fsm_bumpgo_py:/opt/ros/foxy /usr/bin/cmake /home/raul/bookros2_ws/src/book_ros2/pointcloud_to_laserscan -DAMENT_CMAKE_SYMLINK_INSTALL=1 -DCMAKE_INSTALL_PREFIX=/home/raul/bookros2_ws/install/pointcloud_to_laserscan
