[1.095s] Invoking command in '/home/raul/bookros2_ws/firmware/mcu_ws/uros/tracetools/tracetools_read': PYTHONPATH=/home/raul/bookros2_ws/firmware/mcu_ws/build/tracetools_read/prefix_override:/home/raul/bookros2_ws/firmware/mcu_ws/install/lib/python3.8/site-packages:${PYTHONPATH} /usr/bin/python3 setup.py egg_info --egg-base ../../../build/tracetools_read build --build-base /home/raul/bookros2_ws/firmware/mcu_ws/build/tracetools_read/build install --record /home/raul/bookros2_ws/firmware/mcu_ws/build/tracetools_read/install.log --install-scripts $base/lib/tracetools_read --single-version-externally-managed
[1.525s] running egg_info
[1.527s] creating ../../../build/tracetools_read/tracetools_read.egg-info
[1.527s] writing ../../../build/tracetools_read/tracetools_read.egg-info/PKG-INFO
[1.527s] writing dependency_links to ../../../build/tracetools_read/tracetools_read.egg-info/dependency_links.txt
[1.527s] writing requirements to ../../../build/tracetools_read/tracetools_read.egg-info/requires.txt
[1.528s] writing top-level names to ../../../build/tracetools_read/tracetools_read.egg-info/top_level.txt
[1.529s] writing manifest file '../../../build/tracetools_read/tracetools_read.egg-info/SOURCES.txt'
[1.588s] reading manifest file '../../../build/tracetools_read/tracetools_read.egg-info/SOURCES.txt'
[1.588s] writing manifest file '../../../build/tracetools_read/tracetools_read.egg-info/SOURCES.txt'
[1.588s] running build
[1.602s] running build_py
[1.602s] creating /home/raul/bookros2_ws/firmware/mcu_ws/build/tracetools_read/build
[1.602s] creating /home/raul/bookros2_ws/firmware/mcu_ws/build/tracetools_read/build/lib
[1.602s] creating /home/raul/bookros2_ws/firmware/mcu_ws/build/tracetools_read/build/lib/tracetools_read
[1.603s] copying tracetools_read/__init__.py -> /home/raul/bookros2_ws/firmware/mcu_ws/build/tracetools_read/build/lib/tracetools_read
[1.603s] copying tracetools_read/trace.py -> /home/raul/bookros2_ws/firmware/mcu_ws/build/tracetools_read/build/lib/tracetools_read
[1.626s] running install
[1.637s] running install_lib
[1.637s] creating /home/raul/bookros2_ws/firmware/mcu_ws/install/lib/python3.8/site-packages/tracetools_read
[1.637s] copying /home/raul/bookros2_ws/firmware/mcu_ws/build/tracetools_read/build/lib/tracetools_read/__init__.py -> /home/raul/bookros2_ws/firmware/mcu_ws/install/lib/python3.8/site-packages/tracetools_read
[1.637s] copying /home/raul/bookros2_ws/firmware/mcu_ws/build/tracetools_read/build/lib/tracetools_read/trace.py -> /home/raul/bookros2_ws/firmware/mcu_ws/install/lib/python3.8/site-packages/tracetools_read
[1.637s] byte-compiling /home/raul/bookros2_ws/firmware/mcu_ws/install/lib/python3.8/site-packages/tracetools_read/__init__.py to __init__.cpython-38.pyc
[1.638s] byte-compiling /home/raul/bookros2_ws/firmware/mcu_ws/install/lib/python3.8/site-packages/tracetools_read/trace.py to trace.cpython-38.pyc
[1.638s] running install_data
[1.638s] copying package.xml -> /home/raul/bookros2_ws/firmware/mcu_ws/install/share/tracetools_read
[1.638s] copying resource/tracetools_read -> /home/raul/bookros2_ws/firmware/mcu_ws/install/share/ament_index/resource_index/packages
[1.638s] running install_egg_info
[1.638s] Copying ../../../build/tracetools_read/tracetools_read.egg-info to /home/raul/bookros2_ws/firmware/mcu_ws/install/lib/python3.8/site-packages/tracetools_read-1.0.2-py3.8.egg-info
[1.638s] running install_scripts
[1.652s] writing list of installed files to '/home/raul/bookros2_ws/firmware/mcu_ws/build/tracetools_read/install.log'
[1.663s] Invoked command in '/home/raul/bookros2_ws/firmware/mcu_ws/uros/tracetools/tracetools_read' returned '0': PYTHONPATH=/home/raul/bookros2_ws/firmware/mcu_ws/build/tracetools_read/prefix_override:/home/raul/bookros2_ws/firmware/mcu_ws/install/lib/python3.8/site-packages:${PYTHONPATH} /usr/bin/python3 setup.py egg_info --egg-base ../../../build/tracetools_read build --build-base /home/raul/bookros2_ws/firmware/mcu_ws/build/tracetools_read/build install --record /home/raul/bookros2_ws/firmware/mcu_ws/build/tracetools_read/install.log --install-scripts $base/lib/tracetools_read --single-version-externally-managed
