[0.132s] Invoking command in '/home/raul/bookros2_ws/build/br2_tracking': AMENT_PREFIX_PATH=/home/raul/bookros2_ws/install/br2_tracking_msgs:${AMENT_PREFIX_PATH} CMAKE_PREFIX_PATH=/home/raul/bookros2_ws/install/br2_tracking_msgs:/opt/ros/foxy LD_LIBRARY_PATH=/home/raul/bookros2_ws/install/br2_tracking_msgs/lib:${LD_LIBRARY_PATH} PYTHONPATH=/home/raul/bookros2_ws/install/br2_tracking_msgs/lib/python3.8/site-packages:${PYTHONPATH} /usr/bin/cmake --build /home/raul/bookros2_ws/build/br2_tracking -- -j8 -l8
[0.247s] [ 14%] Built target gtest_main
[0.248s] [ 28%] Built target gtest
[0.289s] [ 57%] Built target br2_tracking
[0.386s] [ 71%] Built target pid_test
[0.399s] [ 85%] Built target object_detector
[0.400s] [100%] Built target object_tracker
[0.455s] Invoked command in '/home/raul/bookros2_ws/build/br2_tracking' returned '0': AMENT_PREFIX_PATH=/home/raul/bookros2_ws/install/br2_tracking_msgs:${AMENT_PREFIX_PATH} CMAKE_PREFIX_PATH=/home/raul/bookros2_ws/install/br2_tracking_msgs:/opt/ros/foxy LD_LIBRARY_PATH=/home/raul/bookros2_ws/install/br2_tracking_msgs/lib:${LD_LIBRARY_PATH} PYTHONPATH=/home/raul/bookros2_ws/install/br2_tracking_msgs/lib/python3.8/site-packages:${PYTHONPATH} /usr/bin/cmake --build /home/raul/bookros2_ws/build/br2_tracking -- -j8 -l8
[0.600s] Invoking command in '/home/raul/bookros2_ws/build/br2_tracking': AMENT_PREFIX_PATH=/home/raul/bookros2_ws/install/br2_tracking_msgs:${AMENT_PREFIX_PATH} CMAKE_PREFIX_PATH=/home/raul/bookros2_ws/install/br2_tracking_msgs:/opt/ros/foxy LD_LIBRARY_PATH=/home/raul/bookros2_ws/install/br2_tracking_msgs/lib:${LD_LIBRARY_PATH} PYTHONPATH=/home/raul/bookros2_ws/install/br2_tracking_msgs/lib/python3.8/site-packages:${PYTHONPATH} /usr/bin/cmake --install /home/raul/bookros2_ws/build/br2_tracking
[0.626s] -- Install configuration: "Debug"
[0.628s] -- Execute custom install script
[0.629s] -- Up-to-date symlink: /home/raul/bookros2_ws/install/br2_tracking/lib/libbr2_tracking.so
[0.630s] -- Up-to-date symlink: /home/raul/bookros2_ws/install/br2_tracking/lib/br2_tracking/object_detector
[0.630s] -- Up-to-date symlink: /home/raul/bookros2_ws/install/br2_tracking/lib/br2_tracking/object_tracker
[0.633s] -- Up-to-date symlink: /home/raul/bookros2_ws/install/br2_tracking/include/include/br2_tracking/HeadController.hpp
[0.634s] -- Up-to-date symlink: /home/raul/bookros2_ws/install/br2_tracking/include/include/br2_tracking/ObjectDetector.hpp
[0.634s] -- Up-to-date symlink: /home/raul/bookros2_ws/install/br2_tracking/include/include/br2_tracking/PIDController.hpp
[0.636s] -- Up-to-date symlink: /home/raul/bookros2_ws/install/br2_tracking/share/br2_tracking/launch/tracking.launch.py
[0.638s] -- Up-to-date symlink: /home/raul/bookros2_ws/install/br2_tracking/share/br2_tracking/config/detector.yaml
[0.639s] -- Up-to-date symlink: /home/raul/bookros2_ws/install/br2_tracking/share/br2_tracking/environment/library_path.sh
[0.640s] -- Up-to-date symlink: /home/raul/bookros2_ws/install/br2_tracking/share/br2_tracking/environment/library_path.dsv
[0.642s] -- Up-to-date symlink: /home/raul/bookros2_ws/install/br2_tracking/share/ament_index/resource_index/package_run_dependencies/br2_tracking
[0.643s] -- Up-to-date symlink: /home/raul/bookros2_ws/install/br2_tracking/share/ament_index/resource_index/parent_prefix_path/br2_tracking
[0.644s] -- Up-to-date symlink: /home/raul/bookros2_ws/install/br2_tracking/share/br2_tracking/environment/ament_prefix_path.sh
[0.644s] -- Up-to-date symlink: /home/raul/bookros2_ws/install/br2_tracking/share/br2_tracking/environment/ament_prefix_path.dsv
[0.646s] -- Up-to-date symlink: /home/raul/bookros2_ws/install/br2_tracking/share/br2_tracking/environment/path.sh
[0.647s] -- Up-to-date symlink: /home/raul/bookros2_ws/install/br2_tracking/share/br2_tracking/environment/path.dsv
[0.647s] -- Up-to-date symlink: /home/raul/bookros2_ws/install/br2_tracking/share/br2_tracking/local_setup.bash
[0.647s] -- Up-to-date symlink: /home/raul/bookros2_ws/install/br2_tracking/share/br2_tracking/local_setup.sh
[0.650s] -- Up-to-date symlink: /home/raul/bookros2_ws/install/br2_tracking/share/br2_tracking/local_setup.zsh
[0.657s] -- Up-to-date symlink: /home/raul/bookros2_ws/install/br2_tracking/share/br2_tracking/local_setup.dsv
[0.658s] -- Symlinking: /home/raul/bookros2_ws/install/br2_tracking/share/br2_tracking/package.dsv
[0.670s] -- Up-to-date symlink: /home/raul/bookros2_ws/install/br2_tracking/share/ament_index/resource_index/packages/br2_tracking
[0.670s] -- Up-to-date symlink: /home/raul/bookros2_ws/install/br2_tracking/share/br2_tracking/cmake/ament_cmake_export_include_directories-extras.cmake
[0.670s] -- Up-to-date symlink: /home/raul/bookros2_ws/install/br2_tracking/share/br2_tracking/cmake/ament_cmake_export_libraries-extras.cmake
[0.670s] -- Up-to-date symlink: /home/raul/bookros2_ws/install/br2_tracking/share/br2_tracking/cmake/ament_cmake_export_dependencies-extras.cmake
[0.670s] -- Up-to-date symlink: /home/raul/bookros2_ws/install/br2_tracking/share/br2_tracking/cmake/br2_trackingConfig.cmake
[0.671s] -- Up-to-date symlink: /home/raul/bookros2_ws/install/br2_tracking/share/br2_tracking/cmake/br2_trackingConfig-version.cmake
[0.671s] -- Up-to-date symlink: /home/raul/bookros2_ws/install/br2_tracking/share/br2_tracking/package.xml
[0.693s] Invoked command in '/home/raul/bookros2_ws/build/br2_tracking' returned '0': AMENT_PREFIX_PATH=/home/raul/bookros2_ws/install/br2_tracking_msgs:${AMENT_PREFIX_PATH} CMAKE_PREFIX_PATH=/home/raul/bookros2_ws/install/br2_tracking_msgs:/opt/ros/foxy LD_LIBRARY_PATH=/home/raul/bookros2_ws/install/br2_tracking_msgs/lib:${LD_LIBRARY_PATH} PYTHONPATH=/home/raul/bookros2_ws/install/br2_tracking_msgs/lib/python3.8/site-packages:${PYTHONPATH} /usr/bin/cmake --install /home/raul/bookros2_ws/build/br2_tracking
