[0.145s] Invoking command in '/home/raul/bookros2_ws/build/controller_manager_msgs': CMAKE_PREFIX_PATH=${CMAKE_PREFIX_PATH}:/home/raul/bookros2_ws/install/ros2controlcli:/home/raul/bookros2_ws/install/launch_pal:/home/raul/bookros2_ws/install/br2_fsm_bumpgo_py:/opt/ros/foxy /usr/bin/cmake --build /home/raul/bookros2_ws/build/controller_manager_msgs -- -j8 -l8
[0.467s] [  0%] Built target controller_manager_msgs__cpp
[0.468s] [ 12%] Built target controller_manager_msgs__rosidl_generator_c
[0.468s] [ 24%] Built target controller_manager_msgs__rosidl_typesupport_cpp
[0.468s] [ 36%] Built target controller_manager_msgs__rosidl_typesupport_introspection_cpp
[0.469s] [ 48%] Built target controller_manager_msgs__rosidl_typesupport_c
[0.469s] [ 60%] Built target controller_manager_msgs__rosidl_typesupport_introspection_c
[0.469s] [ 72%] Built target controller_manager_msgs__rosidl_typesupport_fastrtps_cpp
[0.469s] [ 84%] Built target controller_manager_msgs__rosidl_typesupport_fastrtps_c
[0.470s] [ 84%] Built target controller_manager_msgs
[0.470s] [ 85%] Built target controller_manager_msgs__py
[0.546s] [ 96%] Built target controller_manager_msgs__python
[0.623s] [ 98%] Built target controller_manager_msgs__rosidl_typesupport_introspection_c__pyext
[0.624s] [ 99%] Built target controller_manager_msgs__rosidl_typesupport_c__pyext
[0.647s] [100%] Built target controller_manager_msgs__rosidl_typesupport_fastrtps_c__pyext
[0.869s] Invoked command in '/home/raul/bookros2_ws/build/controller_manager_msgs' returned '0': CMAKE_PREFIX_PATH=${CMAKE_PREFIX_PATH}:/home/raul/bookros2_ws/install/ros2controlcli:/home/raul/bookros2_ws/install/launch_pal:/home/raul/bookros2_ws/install/br2_fsm_bumpgo_py:/opt/ros/foxy /usr/bin/cmake --build /home/raul/bookros2_ws/build/controller_manager_msgs -- -j8 -l8
[1.941s] Invoking command in '/home/raul/bookros2_ws/build/controller_manager_msgs': CMAKE_PREFIX_PATH=${CMAKE_PREFIX_PATH}:/home/raul/bookros2_ws/install/ros2controlcli:/home/raul/bookros2_ws/install/launch_pal:/home/raul/bookros2_ws/install/br2_fsm_bumpgo_py:/opt/ros/foxy /usr/bin/cmake --install /home/raul/bookros2_ws/build/controller_manager_msgs
[1.962s] -- Install configuration: ""
[1.963s] -- Execute custom install script
[1.963s] -- Up-to-date symlink: /home/raul/bookros2_ws/install/controller_manager_msgs/share/ament_index/resource_index/rosidl_interfaces/controller_manager_msgs
[1.964s] -- Up-to-date symlink: /home/raul/bookros2_ws/install/controller_manager_msgs/include/controller_manager_msgs/msg/controller_state.h
[1.965s] -- Up-to-date symlink: /home/raul/bookros2_ws/install/controller_manager_msgs/include/controller_manager_msgs/msg/detail/controller_state__functions.h
[1.965s] -- Up-to-date symlink: /home/raul/bookros2_ws/install/controller_manager_msgs/include/controller_manager_msgs/msg/detail/controller_state__struct.h
[1.966s] -- Up-to-date symlink: /home/raul/bookros2_ws/install/controller_manager_msgs/include/controller_manager_msgs/msg/detail/controller_state__type_support.h
[1.966s] -- Up-to-date symlink: /home/raul/bookros2_ws/install/controller_manager_msgs/include/controller_manager_msgs/msg/detail/hardware_interface__functions.h
[1.966s] -- Up-to-date symlink: /home/raul/bookros2_ws/install/controller_manager_msgs/include/controller_manager_msgs/msg/detail/hardware_interface__struct.h
[1.966s] -- Up-to-date symlink: /home/raul/bookros2_ws/install/controller_manager_msgs/include/controller_manager_msgs/msg/detail/hardware_interface__type_support.h
[1.967s] -- Up-to-date symlink: /home/raul/bookros2_ws/install/controller_manager_msgs/include/controller_manager_msgs/msg/hardware_interface.h
[1.967s] -- Up-to-date symlink: /home/raul/bookros2_ws/install/controller_manager_msgs/include/controller_manager_msgs/msg/rosidl_generator_c__visibility_control.h
[1.968s] -- Up-to-date symlink: /home/raul/bookros2_ws/install/controller_manager_msgs/include/controller_manager_msgs/srv/configure_controller.h
[1.968s] -- Up-to-date symlink: /home/raul/bookros2_ws/install/controller_manager_msgs/include/controller_manager_msgs/srv/configure_start_controller.h
[1.969s] -- Up-to-date symlink: /home/raul/bookros2_ws/install/controller_manager_msgs/include/controller_manager_msgs/srv/detail/configure_controller__functions.h
[1.969s] -- Up-to-date symlink: /home/raul/bookros2_ws/install/controller_manager_msgs/include/controller_manager_msgs/srv/detail/configure_controller__struct.h
[1.969s] -- Up-to-date symlink: /home/raul/bookros2_ws/install/controller_manager_msgs/include/controller_manager_msgs/srv/detail/configure_controller__type_support.h
[1.970s] -- Up-to-date symlink: /home/raul/bookros2_ws/install/controller_manager_msgs/include/controller_manager_msgs/srv/detail/configure_start_controller__functions.h
[1.971s] -- Up-to-date symlink: /home/raul/bookros2_ws/install/controller_manager_msgs/include/controller_manager_msgs/srv/detail/configure_start_controller__struct.h
[1.972s] -- Up-to-date symlink: /home/raul/bookros2_ws/install/controller_manager_msgs/include/controller_manager_msgs/srv/detail/configure_start_controller__type_support.h
[1.972s] -- Up-to-date symlink: /home/raul/bookros2_ws/install/controller_manager_msgs/include/controller_manager_msgs/srv/detail/list_controller_types__functions.h
[1.978s] -- Up-to-date symlink: /home/raul/bookros2_ws/install/controller_manager_msgs/include/controller_manager_msgs/srv/detail/list_controller_types__struct.h
[1.978s] -- Up-to-date symlink: /home/raul/bookros2_ws/install/controller_manager_msgs/include/controller_manager_msgs/srv/detail/list_controller_types__type_support.h
[1.979s] -- Up-to-date symlink: /home/raul/bookros2_ws/install/controller_manager_msgs/include/controller_manager_msgs/srv/detail/list_controllers__functions.h
[1.980s] -- Up-to-date symlink: /home/raul/bookros2_ws/install/controller_manager_msgs/include/controller_manager_msgs/srv/detail/list_controllers__struct.h
[1.980s] -- Up-to-date symlink: /home/raul/bookros2_ws/install/controller_manager_msgs/include/controller_manager_msgs/srv/detail/list_controllers__type_support.h
[1.980s] -- Up-to-date symlink: /home/raul/bookros2_ws/install/controller_manager_msgs/include/controller_manager_msgs/srv/detail/list_hardware_interfaces__functions.h
[1.980s] -- Up-to-date symlink: /home/raul/bookros2_ws/install/controller_manager_msgs/include/controller_manager_msgs/srv/detail/list_hardware_interfaces__struct.h
[1.981s] -- Up-to-date symlink: /home/raul/bookros2_ws/install/controller_manager_msgs/include/controller_manager_msgs/srv/detail/list_hardware_interfaces__type_support.h
[1.981s] -- Up-to-date symlink: /home/raul/bookros2_ws/install/controller_manager_msgs/include/controller_manager_msgs/srv/detail/load_configure_controller__functions.h
[1.981s] -- Up-to-date symlink: /home/raul/bookros2_ws/install/controller_manager_msgs/include/controller_manager_msgs/srv/detail/load_configure_controller__struct.h
[1.981s] -- Up-to-date symlink: /home/raul/bookros2_ws/install/controller_manager_msgs/include/controller_manager_msgs/srv/detail/load_configure_controller__type_support.h
[1.982s] -- Up-to-date symlink: /home/raul/bookros2_ws/install/controller_manager_msgs/include/controller_manager_msgs/srv/detail/load_controller__functions.h
[1.982s] -- Up-to-date symlink: /home/raul/bookros2_ws/install/controller_manager_msgs/include/controller_manager_msgs/srv/detail/load_controller__struct.h
[1.983s] -- Up-to-date symlink: /home/raul/bookros2_ws/install/controller_manager_msgs/include/controller_manager_msgs/srv/detail/load_controller__type_support.h
[1.984s] -- Up-to-date symlink: /home/raul/bookros2_ws/install/controller_manager_msgs/include/controller_manager_msgs/srv/detail/load_start_controller__functions.h
[1.984s] -- Up-to-date symlink: /home/raul/bookros2_ws/install/controller_manager_msgs/include/controller_manager_msgs/srv/detail/load_start_controller__struct.h
[1.984s] -- Up-to-date symlink: /home/raul/bookros2_ws/install/controller_manager_msgs/include/controller_manager_msgs/srv/detail/load_start_controller__type_support.h
[1.985s] -- Up-to-date symlink: /home/raul/bookros2_ws/install/controller_manager_msgs/include/controller_manager_msgs/srv/detail/reload_controller_libraries__functions.h
[1.985s] -- Up-to-date symlink: /home/raul/bookros2_ws/install/controller_manager_msgs/include/controller_manager_msgs/srv/detail/reload_controller_libraries__struct.h
[1.985s] -- Up-to-date symlink: /home/raul/bookros2_ws/install/controller_manager_msgs/include/controller_manager_msgs/srv/detail/reload_controller_libraries__type_support.h
[1.985s] -- Up-to-date symlink: /home/raul/bookros2_ws/install/controller_manager_msgs/include/controller_manager_msgs/srv/detail/switch_controller__functions.h
[1.986s] -- Up-to-date symlink: /home/raul/bookros2_ws/install/controller_manager_msgs/include/controller_manager_msgs/srv/detail/switch_controller__struct.h
[1.986s] -- Up-to-date symlink: /home/raul/bookros2_ws/install/controller_manager_msgs/include/controller_manager_msgs/srv/detail/switch_controller__type_support.h
[1.986s] -- Up-to-date symlink: /home/raul/bookros2_ws/install/controller_manager_msgs/include/controller_manager_msgs/srv/detail/unload_controller__functions.h
[1.987s] -- Up-to-date symlink: /home/raul/bookros2_ws/install/controller_manager_msgs/include/controller_manager_msgs/srv/detail/unload_controller__struct.h
[1.987s] -- Up-to-date symlink: /home/raul/bookros2_ws/install/controller_manager_msgs/include/controller_manager_msgs/srv/detail/unload_controller__type_support.h
[1.987s] -- Up-to-date symlink: /home/raul/bookros2_ws/install/controller_manager_msgs/include/controller_manager_msgs/srv/list_controller_types.h
[1.989s] -- Up-to-date symlink: /home/raul/bookros2_ws/install/controller_manager_msgs/include/controller_manager_msgs/srv/list_controllers.h
[1.989s] -- Up-to-date symlink: /home/raul/bookros2_ws/install/controller_manager_msgs/include/controller_manager_msgs/srv/list_hardware_interfaces.h
[1.993s] -- Up-to-date symlink: /home/raul/bookros2_ws/install/controller_manager_msgs/include/controller_manager_msgs/srv/load_configure_controller.h
[1.993s] -- Up-to-date symlink: /home/raul/bookros2_ws/install/controller_manager_msgs/include/controller_manager_msgs/srv/load_controller.h
[1.994s] -- Up-to-date symlink: /home/raul/bookros2_ws/install/controller_manager_msgs/include/controller_manager_msgs/srv/load_start_controller.h
[1.994s] -- Up-to-date symlink: /home/raul/bookros2_ws/install/controller_manager_msgs/include/controller_manager_msgs/srv/reload_controller_libraries.h
[1.994s] -- Up-to-date symlink: /home/raul/bookros2_ws/install/controller_manager_msgs/include/controller_manager_msgs/srv/switch_controller.h
[1.994s] -- Up-to-date symlink: /home/raul/bookros2_ws/install/controller_manager_msgs/include/controller_manager_msgs/srv/unload_controller.h
[1.995s] -- Up-to-date symlink: /home/raul/bookros2_ws/install/controller_manager_msgs/share/controller_manager_msgs/environment/library_path.sh
[1.995s] -- Up-to-date symlink: /home/raul/bookros2_ws/install/controller_manager_msgs/share/controller_manager_msgs/environment/library_path.dsv
[1.996s] -- Up-to-date symlink: /home/raul/bookros2_ws/install/controller_manager_msgs/include/controller_manager_msgs/msg/detail/controller_state__rosidl_typesupport_fastrtps_c.h
[1.997s] -- Up-to-date symlink: /home/raul/bookros2_ws/install/controller_manager_msgs/include/controller_manager_msgs/msg/detail/hardware_interface__rosidl_typesupport_fastrtps_c.h
[2.000s] -- Up-to-date symlink: /home/raul/bookros2_ws/install/controller_manager_msgs/include/controller_manager_msgs/msg/rosidl_typesupport_fastrtps_c__visibility_control.h
[2.000s] -- Up-to-date symlink: /home/raul/bookros2_ws/install/controller_manager_msgs/include/controller_manager_msgs/srv/detail/configure_controller__rosidl_typesupport_fastrtps_c.h
[2.000s] -- Up-to-date symlink: /home/raul/bookros2_ws/install/controller_manager_msgs/include/controller_manager_msgs/srv/detail/configure_start_controller__rosidl_typesupport_fastrtps_c.h
[2.001s] -- Up-to-date symlink: /home/raul/bookros2_ws/install/controller_manager_msgs/include/controller_manager_msgs/srv/detail/list_controller_types__rosidl_typesupport_fastrtps_c.h
[2.001s] -- Up-to-date symlink: /home/raul/bookros2_ws/install/controller_manager_msgs/include/controller_manager_msgs/srv/detail/list_controllers__rosidl_typesupport_fastrtps_c.h
[2.001s] -- Up-to-date symlink: /home/raul/bookros2_ws/install/controller_manager_msgs/include/controller_manager_msgs/srv/detail/list_hardware_interfaces__rosidl_typesupport_fastrtps_c.h
[2.001s] -- Up-to-date symlink: /home/raul/bookros2_ws/install/controller_manager_msgs/include/controller_manager_msgs/srv/detail/load_configure_controller__rosidl_typesupport_fastrtps_c.h
[2.002s] -- Up-to-date symlink: /home/raul/bookros2_ws/install/controller_manager_msgs/include/controller_manager_msgs/srv/detail/load_controller__rosidl_typesupport_fastrtps_c.h
[2.003s] -- Up-to-date symlink: /home/raul/bookros2_ws/install/controller_manager_msgs/include/controller_manager_msgs/srv/detail/load_start_controller__rosidl_typesupport_fastrtps_c.h
[2.003s] -- Up-to-date symlink: /home/raul/bookros2_ws/install/controller_manager_msgs/include/controller_manager_msgs/srv/detail/reload_controller_libraries__rosidl_typesupport_fastrtps_c.h
[2.003s] -- Up-to-date symlink: /home/raul/bookros2_ws/install/controller_manager_msgs/include/controller_manager_msgs/srv/detail/switch_controller__rosidl_typesupport_fastrtps_c.h
[2.004s] -- Up-to-date symlink: /home/raul/bookros2_ws/install/controller_manager_msgs/include/controller_manager_msgs/srv/detail/unload_controller__rosidl_typesupport_fastrtps_c.h
[2.005s] -- Up-to-date symlink: /home/raul/bookros2_ws/install/controller_manager_msgs/lib/libcontroller_manager_msgs__rosidl_typesupport_fastrtps_c.so
[2.006s] -- Up-to-date symlink: /home/raul/bookros2_ws/install/controller_manager_msgs/include/controller_manager_msgs/msg/detail/controller_state__rosidl_typesupport_fastrtps_cpp.hpp
[2.006s] -- Up-to-date symlink: /home/raul/bookros2_ws/install/controller_manager_msgs/include/controller_manager_msgs/msg/detail/hardware_interface__rosidl_typesupport_fastrtps_cpp.hpp
[2.007s] -- Up-to-date symlink: /home/raul/bookros2_ws/install/controller_manager_msgs/include/controller_manager_msgs/msg/rosidl_typesupport_fastrtps_cpp__visibility_control.h
[2.008s] -- Up-to-date symlink: /home/raul/bookros2_ws/install/controller_manager_msgs/include/controller_manager_msgs/srv/detail/configure_controller__rosidl_typesupport_fastrtps_cpp.hpp
[2.008s] -- Up-to-date symlink: /home/raul/bookros2_ws/install/controller_manager_msgs/include/controller_manager_msgs/srv/detail/configure_start_controller__rosidl_typesupport_fastrtps_cpp.hpp
[2.009s] -- Up-to-date symlink: /home/raul/bookros2_ws/install/controller_manager_msgs/include/controller_manager_msgs/srv/detail/list_controller_types__rosidl_typesupport_fastrtps_cpp.hpp
[2.010s] -- Up-to-date symlink: /home/raul/bookros2_ws/install/controller_manager_msgs/include/controller_manager_msgs/srv/detail/list_controllers__rosidl_typesupport_fastrtps_cpp.hpp
[2.010s] -- Up-to-date symlink: /home/raul/bookros2_ws/install/controller_manager_msgs/include/controller_manager_msgs/srv/detail/list_hardware_interfaces__rosidl_typesupport_fastrtps_cpp.hpp
[2.011s] -- Up-to-date symlink: /home/raul/bookros2_ws/install/controller_manager_msgs/include/controller_manager_msgs/srv/detail/load_configure_controller__rosidl_typesupport_fastrtps_cpp.hpp
[2.011s] -- Up-to-date symlink: /home/raul/bookros2_ws/install/controller_manager_msgs/include/controller_manager_msgs/srv/detail/load_controller__rosidl_typesupport_fastrtps_cpp.hpp
[2.016s] -- Up-to-date symlink: /home/raul/bookros2_ws/install/controller_manager_msgs/include/controller_manager_msgs/srv/detail/load_start_controller__rosidl_typesupport_fastrtps_cpp.hpp
[2.024s] -- Up-to-date symlink: /home/raul/bookros2_ws/install/controller_manager_msgs/include/controller_manager_msgs/srv/detail/reload_controller_libraries__rosidl_typesupport_fastrtps_cpp.hpp
[2.025s] -- Up-to-date symlink: /home/raul/bookros2_ws/install/controller_manager_msgs/include/controller_manager_msgs/srv/detail/switch_controller__rosidl_typesupport_fastrtps_cpp.hpp
[2.025s] -- Up-to-date symlink: /home/raul/bookros2_ws/install/controller_manager_msgs/include/controller_manager_msgs/srv/detail/unload_controller__rosidl_typesupport_fastrtps_cpp.hpp
[2.026s] -- Up-to-date symlink: /home/raul/bookros2_ws/install/controller_manager_msgs/lib/libcontroller_manager_msgs__rosidl_typesupport_fastrtps_cpp.so
[2.047s] -- Up-to-date symlink: /home/raul/bookros2_ws/install/controller_manager_msgs/include/controller_manager_msgs/msg/detail/controller_state__rosidl_typesupport_introspection_c.h
[2.047s] -- Up-to-date symlink: /home/raul/bookros2_ws/install/controller_manager_msgs/include/controller_manager_msgs/msg/detail/hardware_interface__rosidl_typesupport_introspection_c.h
[2.047s] -- Up-to-date symlink: /home/raul/bookros2_ws/install/controller_manager_msgs/include/controller_manager_msgs/msg/rosidl_typesupport_introspection_c__visibility_control.h
[2.047s] -- Up-to-date symlink: /home/raul/bookros2_ws/install/controller_manager_msgs/include/controller_manager_msgs/srv/detail/configure_controller__rosidl_typesupport_introspection_c.h
[2.047s] -- Up-to-date symlink: /home/raul/bookros2_ws/install/controller_manager_msgs/include/controller_manager_msgs/srv/detail/configure_start_controller__rosidl_typesupport_introspection_c.h
[2.048s] -- Up-to-date symlink: /home/raul/bookros2_ws/install/controller_manager_msgs/include/controller_manager_msgs/srv/detail/list_controller_types__rosidl_typesupport_introspection_c.h
[2.048s] -- Up-to-date symlink: /home/raul/bookros2_ws/install/controller_manager_msgs/include/controller_manager_msgs/srv/detail/list_controllers__rosidl_typesupport_introspection_c.h
[2.050s] -- Up-to-date symlink: /home/raul/bookros2_ws/install/controller_manager_msgs/include/controller_manager_msgs/srv/detail/list_hardware_interfaces__rosidl_typesupport_introspection_c.h
[2.050s] -- Up-to-date symlink: /home/raul/bookros2_ws/install/controller_manager_msgs/include/controller_manager_msgs/srv/detail/load_configure_controller__rosidl_typesupport_introspection_c.h
[2.051s] -- Up-to-date symlink: /home/raul/bookros2_ws/install/controller_manager_msgs/include/controller_manager_msgs/srv/detail/load_controller__rosidl_typesupport_introspection_c.h
[2.051s] -- Up-to-date symlink: /home/raul/bookros2_ws/install/controller_manager_msgs/include/controller_manager_msgs/srv/detail/load_start_controller__rosidl_typesupport_introspection_c.h
[2.051s] -- Up-to-date symlink: /home/raul/bookros2_ws/install/controller_manager_msgs/include/controller_manager_msgs/srv/detail/reload_controller_libraries__rosidl_typesupport_introspection_c.h
[2.051s] -- Up-to-date symlink: /home/raul/bookros2_ws/install/controller_manager_msgs/include/controller_manager_msgs/srv/detail/switch_controller__rosidl_typesupport_introspection_c.h
[2.052s] -- Up-to-date symlink: /home/raul/bookros2_ws/install/controller_manager_msgs/include/controller_manager_msgs/srv/detail/unload_controller__rosidl_typesupport_introspection_c.h
[2.052s] -- Up-to-date symlink: /home/raul/bookros2_ws/install/controller_manager_msgs/include/controller_manager_msgs/msg/controller_state.hpp
[2.052s] -- Up-to-date symlink: /home/raul/bookros2_ws/install/controller_manager_msgs/include/controller_manager_msgs/msg/detail/controller_state__builder.hpp
[2.052s] -- Up-to-date symlink: /home/raul/bookros2_ws/install/controller_manager_msgs/include/controller_manager_msgs/msg/detail/controller_state__struct.hpp
[2.053s] -- Up-to-date symlink: /home/raul/bookros2_ws/install/controller_manager_msgs/include/controller_manager_msgs/msg/detail/controller_state__traits.hpp
[2.053s] -- Up-to-date symlink: /home/raul/bookros2_ws/install/controller_manager_msgs/include/controller_manager_msgs/msg/detail/hardware_interface__builder.hpp
[2.053s] -- Up-to-date symlink: /home/raul/bookros2_ws/install/controller_manager_msgs/include/controller_manager_msgs/msg/detail/hardware_interface__struct.hpp
[2.053s] -- Up-to-date symlink: /home/raul/bookros2_ws/install/controller_manager_msgs/include/controller_manager_msgs/msg/detail/hardware_interface__traits.hpp
[2.053s] -- Up-to-date symlink: /home/raul/bookros2_ws/install/controller_manager_msgs/include/controller_manager_msgs/msg/hardware_interface.hpp
[2.054s] -- Up-to-date symlink: /home/raul/bookros2_ws/install/controller_manager_msgs/include/controller_manager_msgs/srv/configure_controller.hpp
[2.054s] -- Up-to-date symlink: /home/raul/bookros2_ws/install/controller_manager_msgs/include/controller_manager_msgs/srv/configure_start_controller.hpp
[2.054s] -- Up-to-date symlink: /home/raul/bookros2_ws/install/controller_manager_msgs/include/controller_manager_msgs/srv/detail/configure_controller__builder.hpp
[2.055s] -- Up-to-date symlink: /home/raul/bookros2_ws/install/controller_manager_msgs/include/controller_manager_msgs/srv/detail/configure_controller__struct.hpp
[2.055s] -- Up-to-date symlink: /home/raul/bookros2_ws/install/controller_manager_msgs/include/controller_manager_msgs/srv/detail/configure_controller__traits.hpp
[2.055s] -- Up-to-date symlink: /home/raul/bookros2_ws/install/controller_manager_msgs/include/controller_manager_msgs/srv/detail/configure_start_controller__builder.hpp
[2.055s] -- Up-to-date symlink: /home/raul/bookros2_ws/install/controller_manager_msgs/include/controller_manager_msgs/srv/detail/configure_start_controller__struct.hpp
[2.056s] -- Up-to-date symlink: /home/raul/bookros2_ws/install/controller_manager_msgs/include/controller_manager_msgs/srv/detail/configure_start_controller__traits.hpp
[2.056s] -- Up-to-date symlink: /home/raul/bookros2_ws/install/controller_manager_msgs/include/controller_manager_msgs/srv/detail/list_controller_types__builder.hpp
[2.056s] -- Up-to-date symlink: /home/raul/bookros2_ws/install/controller_manager_msgs/include/controller_manager_msgs/srv/detail/list_controller_types__struct.hpp
[2.060s] -- Up-to-date symlink: /home/raul/bookros2_ws/install/controller_manager_msgs/include/controller_manager_msgs/srv/detail/list_controller_types__traits.hpp
[2.060s] -- Up-to-date symlink: /home/raul/bookros2_ws/install/controller_manager_msgs/include/controller_manager_msgs/srv/detail/list_controllers__builder.hpp
[2.060s] -- Up-to-date symlink: /home/raul/bookros2_ws/install/controller_manager_msgs/include/controller_manager_msgs/srv/detail/list_controllers__struct.hpp
[2.060s] -- Up-to-date symlink: /home/raul/bookros2_ws/install/controller_manager_msgs/include/controller_manager_msgs/srv/detail/list_controllers__traits.hpp
[2.060s] -- Up-to-date symlink: /home/raul/bookros2_ws/install/controller_manager_msgs/include/controller_manager_msgs/srv/detail/list_hardware_interfaces__builder.hpp
[2.061s] -- Up-to-date symlink: /home/raul/bookros2_ws/install/controller_manager_msgs/include/controller_manager_msgs/srv/detail/list_hardware_interfaces__struct.hpp
[2.061s] -- Up-to-date symlink: /home/raul/bookros2_ws/install/controller_manager_msgs/include/controller_manager_msgs/srv/detail/list_hardware_interfaces__traits.hpp
[2.062s] -- Up-to-date symlink: /home/raul/bookros2_ws/install/controller_manager_msgs/include/controller_manager_msgs/srv/detail/load_configure_controller__builder.hpp
[2.062s] -- Up-to-date symlink: /home/raul/bookros2_ws/install/controller_manager_msgs/include/controller_manager_msgs/srv/detail/load_configure_controller__struct.hpp
[2.062s] -- Up-to-date symlink: /home/raul/bookros2_ws/install/controller_manager_msgs/include/controller_manager_msgs/srv/detail/load_configure_controller__traits.hpp
[2.063s] -- Up-to-date symlink: /home/raul/bookros2_ws/install/controller_manager_msgs/include/controller_manager_msgs/srv/detail/load_controller__builder.hpp
[2.063s] -- Up-to-date symlink: /home/raul/bookros2_ws/install/controller_manager_msgs/include/controller_manager_msgs/srv/detail/load_controller__struct.hpp
[2.065s] -- Up-to-date symlink: /home/raul/bookros2_ws/install/controller_manager_msgs/include/controller_manager_msgs/srv/detail/load_controller__traits.hpp
[2.066s] -- Up-to-date symlink: /home/raul/bookros2_ws/install/controller_manager_msgs/include/controller_manager_msgs/srv/detail/load_start_controller__builder.hpp
[2.066s] -- Up-to-date symlink: /home/raul/bookros2_ws/install/controller_manager_msgs/include/controller_manager_msgs/srv/detail/load_start_controller__struct.hpp
[2.066s] -- Up-to-date symlink: /home/raul/bookros2_ws/install/controller_manager_msgs/include/controller_manager_msgs/srv/detail/load_start_controller__traits.hpp
[2.066s] -- Up-to-date symlink: /home/raul/bookros2_ws/install/controller_manager_msgs/include/controller_manager_msgs/srv/detail/reload_controller_libraries__builder.hpp
[2.066s] -- Up-to-date symlink: /home/raul/bookros2_ws/install/controller_manager_msgs/include/controller_manager_msgs/srv/detail/reload_controller_libraries__struct.hpp
[2.067s] -- Up-to-date symlink: /home/raul/bookros2_ws/install/controller_manager_msgs/include/controller_manager_msgs/srv/detail/reload_controller_libraries__traits.hpp
[2.067s] -- Up-to-date symlink: /home/raul/bookros2_ws/install/controller_manager_msgs/include/controller_manager_msgs/srv/detail/switch_controller__builder.hpp
[2.067s] -- Up-to-date symlink: /home/raul/bookros2_ws/install/controller_manager_msgs/include/controller_manager_msgs/srv/detail/switch_controller__struct.hpp
[2.068s] -- Up-to-date symlink: /home/raul/bookros2_ws/install/controller_manager_msgs/include/controller_manager_msgs/srv/detail/switch_controller__traits.hpp
[2.068s] -- Up-to-date symlink: /home/raul/bookros2_ws/install/controller_manager_msgs/include/controller_manager_msgs/srv/detail/unload_controller__builder.hpp
[2.068s] -- Up-to-date symlink: /home/raul/bookros2_ws/install/controller_manager_msgs/include/controller_manager_msgs/srv/detail/unload_controller__struct.hpp
[2.068s] -- Up-to-date symlink: /home/raul/bookros2_ws/install/controller_manager_msgs/include/controller_manager_msgs/srv/detail/unload_controller__traits.hpp
[2.068s] -- Up-to-date symlink: /home/raul/bookros2_ws/install/controller_manager_msgs/include/controller_manager_msgs/srv/list_controller_types.hpp
[2.069s] -- Up-to-date symlink: /home/raul/bookros2_ws/install/controller_manager_msgs/include/controller_manager_msgs/srv/list_controllers.hpp
[2.069s] -- Up-to-date symlink: /home/raul/bookros2_ws/install/controller_manager_msgs/include/controller_manager_msgs/srv/list_hardware_interfaces.hpp
[2.070s] -- Up-to-date symlink: /home/raul/bookros2_ws/install/controller_manager_msgs/include/controller_manager_msgs/srv/load_configure_controller.hpp
[2.070s] -- Up-to-date symlink: /home/raul/bookros2_ws/install/controller_manager_msgs/include/controller_manager_msgs/srv/load_controller.hpp
[2.070s] -- Up-to-date symlink: /home/raul/bookros2_ws/install/controller_manager_msgs/include/controller_manager_msgs/srv/load_start_controller.hpp
[2.071s] -- Up-to-date symlink: /home/raul/bookros2_ws/install/controller_manager_msgs/include/controller_manager_msgs/srv/reload_controller_libraries.hpp
[2.071s] -- Up-to-date symlink: /home/raul/bookros2_ws/install/controller_manager_msgs/include/controller_manager_msgs/srv/switch_controller.hpp
[2.071s] -- Up-to-date symlink: /home/raul/bookros2_ws/install/controller_manager_msgs/include/controller_manager_msgs/srv/unload_controller.hpp
[2.072s] -- Up-to-date symlink: /home/raul/bookros2_ws/install/controller_manager_msgs/include/controller_manager_msgs/msg/detail/controller_state__rosidl_typesupport_introspection_cpp.hpp
[2.072s] -- Up-to-date symlink: /home/raul/bookros2_ws/install/controller_manager_msgs/include/controller_manager_msgs/msg/detail/hardware_interface__rosidl_typesupport_introspection_cpp.hpp
[2.073s] -- Up-to-date symlink: /home/raul/bookros2_ws/install/controller_manager_msgs/include/controller_manager_msgs/srv/detail/configure_controller__rosidl_typesupport_introspection_cpp.hpp
[2.074s] -- Up-to-date symlink: /home/raul/bookros2_ws/install/controller_manager_msgs/include/controller_manager_msgs/srv/detail/configure_start_controller__rosidl_typesupport_introspection_cpp.hpp
[2.074s] -- Up-to-date symlink: /home/raul/bookros2_ws/install/controller_manager_msgs/include/controller_manager_msgs/srv/detail/list_controller_types__rosidl_typesupport_introspection_cpp.hpp
[2.074s] -- Up-to-date symlink: /home/raul/bookros2_ws/install/controller_manager_msgs/include/controller_manager_msgs/srv/detail/list_controllers__rosidl_typesupport_introspection_cpp.hpp
[2.075s] -- Up-to-date symlink: /home/raul/bookros2_ws/install/controller_manager_msgs/include/controller_manager_msgs/srv/detail/list_hardware_interfaces__rosidl_typesupport_introspection_cpp.hpp
[2.075s] -- Up-to-date symlink: /home/raul/bookros2_ws/install/controller_manager_msgs/include/controller_manager_msgs/srv/detail/load_configure_controller__rosidl_typesupport_introspection_cpp.hpp
[2.075s] -- Up-to-date symlink: /home/raul/bookros2_ws/install/controller_manager_msgs/include/controller_manager_msgs/srv/detail/load_controller__rosidl_typesupport_introspection_cpp.hpp
[2.076s] -- Up-to-date symlink: /home/raul/bookros2_ws/install/controller_manager_msgs/include/controller_manager_msgs/srv/detail/load_start_controller__rosidl_typesupport_introspection_cpp.hpp
[2.076s] -- Up-to-date symlink: /home/raul/bookros2_ws/install/controller_manager_msgs/include/controller_manager_msgs/srv/detail/reload_controller_libraries__rosidl_typesupport_introspection_cpp.hpp
[2.076s] -- Up-to-date symlink: /home/raul/bookros2_ws/install/controller_manager_msgs/include/controller_manager_msgs/srv/detail/switch_controller__rosidl_typesupport_introspection_cpp.hpp
[2.076s] -- Up-to-date symlink: /home/raul/bookros2_ws/install/controller_manager_msgs/include/controller_manager_msgs/srv/detail/unload_controller__rosidl_typesupport_introspection_cpp.hpp
[2.076s] -- Up-to-date symlink: /home/raul/bookros2_ws/install/controller_manager_msgs/share/controller_manager_msgs/environment/pythonpath.sh
[2.077s] -- Up-to-date symlink: /home/raul/bookros2_ws/install/controller_manager_msgs/share/controller_manager_msgs/environment/pythonpath.dsv
[2.077s] -- Up-to-date symlink: /home/raul/bookros2_ws/install/controller_manager_msgs/lib/python3.8/site-packages/controller_manager_msgs/__init__.py
[2.077s] -- Up-to-date symlink: /home/raul/bookros2_ws/install/controller_manager_msgs/lib/python3.8/site-packages/controller_manager_msgs/msg/__init__.py
[2.077s] -- Up-to-date symlink: /home/raul/bookros2_ws/install/controller_manager_msgs/lib/python3.8/site-packages/controller_manager_msgs/msg/_controller_state.py
[2.078s] -- Up-to-date symlink: /home/raul/bookros2_ws/install/controller_manager_msgs/lib/python3.8/site-packages/controller_manager_msgs/msg/_hardware_interface.py
[2.078s] -- Up-to-date symlink: /home/raul/bookros2_ws/install/controller_manager_msgs/lib/python3.8/site-packages/controller_manager_msgs/srv/__init__.py
[2.090s] -- Up-to-date symlink: /home/raul/bookros2_ws/install/controller_manager_msgs/lib/python3.8/site-packages/controller_manager_msgs/srv/_configure_controller.py
[2.091s] -- Up-to-date symlink: /home/raul/bookros2_ws/install/controller_manager_msgs/lib/python3.8/site-packages/controller_manager_msgs/srv/_configure_start_controller.py
[2.091s] -- Up-to-date symlink: /home/raul/bookros2_ws/install/controller_manager_msgs/lib/python3.8/site-packages/controller_manager_msgs/srv/_list_controller_types.py
[2.091s] -- Up-to-date symlink: /home/raul/bookros2_ws/install/controller_manager_msgs/lib/python3.8/site-packages/controller_manager_msgs/srv/_list_controllers.py
[2.092s] -- Up-to-date symlink: /home/raul/bookros2_ws/install/controller_manager_msgs/lib/python3.8/site-packages/controller_manager_msgs/srv/_list_hardware_interfaces.py
[2.092s] -- Up-to-date symlink: /home/raul/bookros2_ws/install/controller_manager_msgs/lib/python3.8/site-packages/controller_manager_msgs/srv/_load_configure_controller.py
[2.092s] -- Up-to-date symlink: /home/raul/bookros2_ws/install/controller_manager_msgs/lib/python3.8/site-packages/controller_manager_msgs/srv/_load_controller.py
[2.092s] -- Up-to-date symlink: /home/raul/bookros2_ws/install/controller_manager_msgs/lib/python3.8/site-packages/controller_manager_msgs/srv/_load_start_controller.py
[2.093s] -- Up-to-date symlink: /home/raul/bookros2_ws/install/controller_manager_msgs/lib/python3.8/site-packages/controller_manager_msgs/srv/_reload_controller_libraries.py
[2.093s] -- Up-to-date symlink: /home/raul/bookros2_ws/install/controller_manager_msgs/lib/python3.8/site-packages/controller_manager_msgs/srv/_switch_controller.py
[2.093s] -- Up-to-date symlink: /home/raul/bookros2_ws/install/controller_manager_msgs/lib/python3.8/site-packages/controller_manager_msgs/srv/_unload_controller.py
[2.093s] -- Up-to-date symlink: /home/raul/bookros2_ws/install/controller_manager_msgs/lib/python3.8/site-packages/controller_manager_msgs/controller_manager_msgs_s__rosidl_typesupport_fastrtps_c.cpython-38-x86_64-linux-gnu.so
[2.094s] -- Up-to-date symlink: /home/raul/bookros2_ws/install/controller_manager_msgs/lib/python3.8/site-packages/controller_manager_msgs/controller_manager_msgs_s__rosidl_typesupport_introspection_c.cpython-38-x86_64-linux-gnu.so
[2.094s] -- Up-to-date symlink: /home/raul/bookros2_ws/install/controller_manager_msgs/lib/python3.8/site-packages/controller_manager_msgs/controller_manager_msgs_s__rosidl_typesupport_c.cpython-38-x86_64-linux-gnu.so
[2.094s] -- Up-to-date symlink: /home/raul/bookros2_ws/install/controller_manager_msgs/lib/libcontroller_manager_msgs__python.so
[2.094s] -- Up-to-date symlink: /home/raul/bookros2_ws/install/controller_manager_msgs/share/controller_manager_msgs/msg/ControllerState.idl
[2.095s] -- Up-to-date symlink: /home/raul/bookros2_ws/install/controller_manager_msgs/share/controller_manager_msgs/msg/HardwareInterface.idl
[2.095s] -- Up-to-date symlink: /home/raul/bookros2_ws/install/controller_manager_msgs/share/controller_manager_msgs/srv/ConfigureController.idl
[2.095s] -- Up-to-date symlink: /home/raul/bookros2_ws/install/controller_manager_msgs/share/controller_manager_msgs/srv/ConfigureStartController.idl
[2.095s] -- Up-to-date symlink: /home/raul/bookros2_ws/install/controller_manager_msgs/share/controller_manager_msgs/srv/ListControllers.idl
[2.096s] -- Up-to-date symlink: /home/raul/bookros2_ws/install/controller_manager_msgs/share/controller_manager_msgs/srv/ListControllerTypes.idl
[2.096s] -- Up-to-date symlink: /home/raul/bookros2_ws/install/controller_manager_msgs/share/controller_manager_msgs/srv/ListHardwareInterfaces.idl
[2.098s] -- Up-to-date symlink: /home/raul/bookros2_ws/install/controller_manager_msgs/share/controller_manager_msgs/srv/LoadConfigureController.idl
[2.099s] -- Up-to-date symlink: /home/raul/bookros2_ws/install/controller_manager_msgs/share/controller_manager_msgs/srv/LoadController.idl
[2.100s] -- Up-to-date symlink: /home/raul/bookros2_ws/install/controller_manager_msgs/share/controller_manager_msgs/srv/LoadStartController.idl
[2.101s] -- Up-to-date symlink: /home/raul/bookros2_ws/install/controller_manager_msgs/share/controller_manager_msgs/srv/ReloadControllerLibraries.idl
[2.102s] -- Up-to-date symlink: /home/raul/bookros2_ws/install/controller_manager_msgs/share/controller_manager_msgs/srv/SwitchController.idl
[2.104s] -- Up-to-date symlink: /home/raul/bookros2_ws/install/controller_manager_msgs/share/controller_manager_msgs/srv/UnloadController.idl
[2.104s] -- Up-to-date symlink: /home/raul/bookros2_ws/install/controller_manager_msgs/share/controller_manager_msgs/msg/ControllerState.msg
[2.105s] -- Up-to-date symlink: /home/raul/bookros2_ws/install/controller_manager_msgs/share/controller_manager_msgs/msg/HardwareInterface.msg
[2.107s] -- Up-to-date symlink: /home/raul/bookros2_ws/install/controller_manager_msgs/share/controller_manager_msgs/srv/ConfigureController.srv
[2.107s] -- Up-to-date symlink: /home/raul/bookros2_ws/install/controller_manager_msgs/share/controller_manager_msgs/srv/ConfigureController_Request.msg
[2.107s] -- Up-to-date symlink: /home/raul/bookros2_ws/install/controller_manager_msgs/share/controller_manager_msgs/srv/ConfigureController_Response.msg
[2.108s] -- Up-to-date symlink: /home/raul/bookros2_ws/install/controller_manager_msgs/share/controller_manager_msgs/srv/ConfigureStartController.srv
[2.109s] -- Up-to-date symlink: /home/raul/bookros2_ws/install/controller_manager_msgs/share/controller_manager_msgs/srv/ConfigureStartController_Request.msg
[2.110s] -- Up-to-date symlink: /home/raul/bookros2_ws/install/controller_manager_msgs/share/controller_manager_msgs/srv/ConfigureStartController_Response.msg
[2.110s] -- Up-to-date symlink: /home/raul/bookros2_ws/install/controller_manager_msgs/share/controller_manager_msgs/srv/ListControllers.srv
[2.111s] -- Up-to-date symlink: /home/raul/bookros2_ws/install/controller_manager_msgs/share/controller_manager_msgs/srv/ListControllers_Request.msg
[2.112s] -- Up-to-date symlink: /home/raul/bookros2_ws/install/controller_manager_msgs/share/controller_manager_msgs/srv/ListControllers_Response.msg
[2.113s] -- Up-to-date symlink: /home/raul/bookros2_ws/install/controller_manager_msgs/share/controller_manager_msgs/srv/ListControllerTypes.srv
[2.113s] -- Up-to-date symlink: /home/raul/bookros2_ws/install/controller_manager_msgs/share/controller_manager_msgs/srv/ListControllerTypes_Request.msg
[2.114s] -- Up-to-date symlink: /home/raul/bookros2_ws/install/controller_manager_msgs/share/controller_manager_msgs/srv/ListControllerTypes_Response.msg
[2.115s] -- Up-to-date symlink: /home/raul/bookros2_ws/install/controller_manager_msgs/share/controller_manager_msgs/srv/ListHardwareInterfaces.srv
[2.115s] -- Up-to-date symlink: /home/raul/bookros2_ws/install/controller_manager_msgs/share/controller_manager_msgs/srv/ListHardwareInterfaces_Request.msg
[2.116s] -- Up-to-date symlink: /home/raul/bookros2_ws/install/controller_manager_msgs/share/controller_manager_msgs/srv/ListHardwareInterfaces_Response.msg
[2.117s] -- Up-to-date symlink: /home/raul/bookros2_ws/install/controller_manager_msgs/share/controller_manager_msgs/srv/LoadConfigureController.srv
[2.118s] -- Up-to-date symlink: /home/raul/bookros2_ws/install/controller_manager_msgs/share/controller_manager_msgs/srv/LoadConfigureController_Request.msg
[2.119s] -- Up-to-date symlink: /home/raul/bookros2_ws/install/controller_manager_msgs/share/controller_manager_msgs/srv/LoadConfigureController_Response.msg
[2.124s] -- Up-to-date symlink: /home/raul/bookros2_ws/install/controller_manager_msgs/share/controller_manager_msgs/srv/LoadController.srv
[2.124s] -- Up-to-date symlink: /home/raul/bookros2_ws/install/controller_manager_msgs/share/controller_manager_msgs/srv/LoadController_Request.msg
[2.124s] -- Up-to-date symlink: /home/raul/bookros2_ws/install/controller_manager_msgs/share/controller_manager_msgs/srv/LoadController_Response.msg
[2.125s] -- Up-to-date symlink: /home/raul/bookros2_ws/install/controller_manager_msgs/share/controller_manager_msgs/srv/LoadStartController.srv
[2.132s] -- Up-to-date symlink: /home/raul/bookros2_ws/install/controller_manager_msgs/share/controller_manager_msgs/srv/LoadStartController_Request.msg
[2.132s] -- Up-to-date symlink: /home/raul/bookros2_ws/install/controller_manager_msgs/share/controller_manager_msgs/srv/LoadStartController_Response.msg
[2.132s] -- Up-to-date symlink: /home/raul/bookros2_ws/install/controller_manager_msgs/share/controller_manager_msgs/srv/ReloadControllerLibraries.srv
[2.132s] -- Up-to-date symlink: /home/raul/bookros2_ws/install/controller_manager_msgs/share/controller_manager_msgs/srv/ReloadControllerLibraries_Request.msg
[2.132s] -- Up-to-date symlink: /home/raul/bookros2_ws/install/controller_manager_msgs/share/controller_manager_msgs/srv/ReloadControllerLibraries_Response.msg
[2.133s] -- Up-to-date symlink: /home/raul/bookros2_ws/install/controller_manager_msgs/share/controller_manager_msgs/srv/SwitchController.srv
[2.134s] -- Up-to-date symlink: /home/raul/bookros2_ws/install/controller_manager_msgs/share/controller_manager_msgs/srv/SwitchController_Request.msg
[2.134s] -- Up-to-date symlink: /home/raul/bookros2_ws/install/controller_manager_msgs/share/controller_manager_msgs/srv/SwitchController_Response.msg
[2.137s] -- Up-to-date symlink: /home/raul/bookros2_ws/install/controller_manager_msgs/share/controller_manager_msgs/srv/UnloadController.srv
[2.137s] -- Up-to-date symlink: /home/raul/bookros2_ws/install/controller_manager_msgs/share/controller_manager_msgs/srv/UnloadController_Request.msg
[2.143s] -- Up-to-date symlink: /home/raul/bookros2_ws/install/controller_manager_msgs/share/controller_manager_msgs/srv/UnloadController_Response.msg
[2.143s] -- Up-to-date symlink: /home/raul/bookros2_ws/install/controller_manager_msgs/share/ament_index/resource_index/package_run_dependencies/controller_manager_msgs
[2.151s] -- Up-to-date symlink: /home/raul/bookros2_ws/install/controller_manager_msgs/share/ament_index/resource_index/parent_prefix_path/controller_manager_msgs
[2.152s] -- Up-to-date symlink: /home/raul/bookros2_ws/install/controller_manager_msgs/share/controller_manager_msgs/environment/ament_prefix_path.sh
[2.152s] -- Up-to-date symlink: /home/raul/bookros2_ws/install/controller_manager_msgs/share/controller_manager_msgs/environment/ament_prefix_path.dsv
[2.152s] -- Up-to-date symlink: /home/raul/bookros2_ws/install/controller_manager_msgs/share/controller_manager_msgs/environment/path.sh
[2.152s] -- Up-to-date symlink: /home/raul/bookros2_ws/install/controller_manager_msgs/share/controller_manager_msgs/environment/path.dsv
[2.153s] -- Up-to-date symlink: /home/raul/bookros2_ws/install/controller_manager_msgs/share/controller_manager_msgs/local_setup.bash
[2.153s] -- Up-to-date symlink: /home/raul/bookros2_ws/install/controller_manager_msgs/share/controller_manager_msgs/local_setup.sh
[2.153s] -- Up-to-date symlink: /home/raul/bookros2_ws/install/controller_manager_msgs/share/controller_manager_msgs/local_setup.zsh
[2.154s] -- Up-to-date symlink: /home/raul/bookros2_ws/install/controller_manager_msgs/share/controller_manager_msgs/local_setup.dsv
[2.154s] -- Symlinking: /home/raul/bookros2_ws/install/controller_manager_msgs/share/controller_manager_msgs/package.dsv
[2.160s] -- Up-to-date symlink: /home/raul/bookros2_ws/install/controller_manager_msgs/share/ament_index/resource_index/packages/controller_manager_msgs
[2.160s] -- Up-to-date symlink: /home/raul/bookros2_ws/install/controller_manager_msgs/share/controller_manager_msgs/cmake/rosidl_cmake-extras.cmake
[2.161s] -- Up-to-date symlink: /home/raul/bookros2_ws/install/controller_manager_msgs/share/controller_manager_msgs/cmake/ament_cmake_export_dependencies-extras.cmake
[2.163s] -- Up-to-date symlink: /home/raul/bookros2_ws/install/controller_manager_msgs/share/controller_manager_msgs/cmake/ament_cmake_export_libraries-extras.cmake
[2.164s] -- Up-to-date symlink: /home/raul/bookros2_ws/install/controller_manager_msgs/share/controller_manager_msgs/cmake/ament_cmake_export_targets-extras.cmake
[2.164s] -- Up-to-date symlink: /home/raul/bookros2_ws/install/controller_manager_msgs/share/controller_manager_msgs/cmake/ament_cmake_export_include_directories-extras.cmake
[2.165s] -- Up-to-date symlink: /home/raul/bookros2_ws/install/controller_manager_msgs/share/controller_manager_msgs/cmake/rosidl_cmake_export_typesupport_libraries-extras.cmake
[2.166s] -- Up-to-date symlink: /home/raul/bookros2_ws/install/controller_manager_msgs/share/controller_manager_msgs/cmake/rosidl_cmake_export_typesupport_targets-extras.cmake
[2.167s] -- Up-to-date symlink: /home/raul/bookros2_ws/install/controller_manager_msgs/share/controller_manager_msgs/cmake/controller_manager_msgsConfig.cmake
[2.171s] -- Up-to-date symlink: /home/raul/bookros2_ws/install/controller_manager_msgs/share/controller_manager_msgs/cmake/controller_manager_msgsConfig-version.cmake
[2.172s] -- Up-to-date symlink: /home/raul/bookros2_ws/install/controller_manager_msgs/share/controller_manager_msgs/package.xml
[2.172s] -- Up-to-date: /home/raul/bookros2_ws/install/controller_manager_msgs/lib/libcontroller_manager_msgs__rosidl_generator_c.so
[2.172s] -- Up-to-date: /home/raul/bookros2_ws/install/controller_manager_msgs/lib/libcontroller_manager_msgs__rosidl_typesupport_introspection_c.so
[2.172s] -- Up-to-date: /home/raul/bookros2_ws/install/controller_manager_msgs/lib/libcontroller_manager_msgs__rosidl_typesupport_c.so
[2.177s] -- Up-to-date: /home/raul/bookros2_ws/install/controller_manager_msgs/lib/libcontroller_manager_msgs__rosidl_typesupport_introspection_cpp.so
[2.177s] -- Up-to-date: /home/raul/bookros2_ws/install/controller_manager_msgs/lib/libcontroller_manager_msgs__rosidl_typesupport_cpp.so
[2.237s] -- Up-to-date: /home/raul/bookros2_ws/install/controller_manager_msgs/share/controller_manager_msgs/cmake/controller_manager_msgs__rosidl_generator_cExport.cmake
[2.237s] -- Up-to-date: /home/raul/bookros2_ws/install/controller_manager_msgs/share/controller_manager_msgs/cmake/controller_manager_msgs__rosidl_generator_cExport-noconfig.cmake
[2.245s] -- Up-to-date: /home/raul/bookros2_ws/install/controller_manager_msgs/share/controller_manager_msgs/cmake/controller_manager_msgs__rosidl_typesupport_introspection_cExport.cmake
[2.246s] -- Up-to-date: /home/raul/bookros2_ws/install/controller_manager_msgs/share/controller_manager_msgs/cmake/controller_manager_msgs__rosidl_typesupport_introspection_cExport-noconfig.cmake
[2.250s] -- Up-to-date: /home/raul/bookros2_ws/install/controller_manager_msgs/share/controller_manager_msgs/cmake/controller_manager_msgs__rosidl_typesupport_cExport.cmake
[2.252s] -- Up-to-date: /home/raul/bookros2_ws/install/controller_manager_msgs/share/controller_manager_msgs/cmake/controller_manager_msgs__rosidl_typesupport_cExport-noconfig.cmake
[2.252s] -- Up-to-date: /home/raul/bookros2_ws/install/controller_manager_msgs/share/controller_manager_msgs/cmake/controller_manager_msgs__rosidl_generator_cppExport.cmake
[2.253s] -- Up-to-date: /home/raul/bookros2_ws/install/controller_manager_msgs/share/controller_manager_msgs/cmake/controller_manager_msgs__rosidl_typesupport_introspection_cppExport.cmake
[2.253s] -- Up-to-date: /home/raul/bookros2_ws/install/controller_manager_msgs/share/controller_manager_msgs/cmake/controller_manager_msgs__rosidl_typesupport_introspection_cppExport-noconfig.cmake
[2.253s] -- Up-to-date: /home/raul/bookros2_ws/install/controller_manager_msgs/share/controller_manager_msgs/cmake/controller_manager_msgs__rosidl_typesupport_cppExport.cmake
[2.254s] -- Up-to-date: /home/raul/bookros2_ws/install/controller_manager_msgs/share/controller_manager_msgs/cmake/controller_manager_msgs__rosidl_typesupport_cppExport-noconfig.cmake
[2.305s] Invoked command in '/home/raul/bookros2_ws/build/controller_manager_msgs' returned '0': CMAKE_PREFIX_PATH=${CMAKE_PREFIX_PATH}:/home/raul/bookros2_ws/install/ros2controlcli:/home/raul/bookros2_ws/install/launch_pal:/home/raul/bookros2_ws/install/br2_fsm_bumpgo_py:/opt/ros/foxy /usr/bin/cmake --install /home/raul/bookros2_ws/build/controller_manager_msgs
