[0.533s] Invoking command in '/home/raul/bookros2_ws/build/pal_gazebo_worlds': CMAKE_PREFIX_PATH=${CMAKE_PREFIX_PATH}:/home/raul/bookros2_ws/install/ros2controlcli:/home/raul/bookros2_ws/install/launch_pal:/home/raul/bookros2_ws/install/br2_fsm_bumpgo_py:/opt/ros/foxy /usr/bin/cmake /home/raul/bookros2_ws/src/ThirdParty/pal_gazebo_worlds -DCMAKE_INSTALL_PREFIX=/home/raul/bookros2_ws/install/pal_gazebo_worlds
[0.567s] -- Found ament_cmake_auto: 0.9.11 (/opt/ros/foxy/share/ament_cmake_auto/cmake)
[0.657s] -- Using PYTHON_EXECUTABLE: /usr/bin/python3
[0.991s] -- Override CMake install command with custom implementation using symlinks instead of copying resources
[1.155s] -- Configuring done
[1.163s] -- Generating done
[1.169s] -- Build files have been written to: /home/raul/bookros2_ws/build/pal_gazebo_worlds
[1.174s] Invoked command in '/home/raul/bookros2_ws/build/pal_gazebo_worlds' returned '0': CMAKE_PREFIX_PATH=${CMAKE_PREFIX_PATH}:/home/raul/bookros2_ws/install/ros2controlcli:/home/raul/bookros2_ws/install/launch_pal:/home/raul/bookros2_ws/install/br2_fsm_bumpgo_py:/opt/ros/foxy /usr/bin/cmake /home/raul/bookros2_ws/src/ThirdParty/pal_gazebo_worlds -DCMAKE_INSTALL_PREFIX=/home/raul/bookros2_ws/install/pal_gazebo_worlds
[1.181s] Invoking command in '/home/raul/bookros2_ws/build/pal_gazebo_worlds': CMAKE_PREFIX_PATH=${CMAKE_PREFIX_PATH}:/home/raul/bookros2_ws/install/ros2controlcli:/home/raul/bookros2_ws/install/launch_pal:/home/raul/bookros2_ws/install/br2_fsm_bumpgo_py:/opt/ros/foxy /usr/bin/cmake --build /home/raul/bookros2_ws/build/pal_gazebo_worlds -- -j10 -l10
[1.309s] Invoked command in '/home/raul/bookros2_ws/build/pal_gazebo_worlds' returned '0': CMAKE_PREFIX_PATH=${CMAKE_PREFIX_PATH}:/home/raul/bookros2_ws/install/ros2controlcli:/home/raul/bookros2_ws/install/launch_pal:/home/raul/bookros2_ws/install/br2_fsm_bumpgo_py:/opt/ros/foxy /usr/bin/cmake --build /home/raul/bookros2_ws/build/pal_gazebo_worlds -- -j10 -l10
[1.393s] Invoking command in '/home/raul/bookros2_ws/build/pal_gazebo_worlds': CMAKE_PREFIX_PATH=${CMAKE_PREFIX_PATH}:/home/raul/bookros2_ws/install/ros2controlcli:/home/raul/bookros2_ws/install/launch_pal:/home/raul/bookros2_ws/install/br2_fsm_bumpgo_py:/opt/ros/foxy /usr/bin/cmake --install /home/raul/bookros2_ws/build/pal_gazebo_worlds
[1.417s] -- Install configuration: ""
[1.421s] -- Execute custom install script
[1.422s] -- Up-to-date symlink: /home/raul/bookros2_ws/install/pal_gazebo_worlds/share/pal_gazebo_worlds/launch/pal_gazebo.launch.py
[1.430s] -- Up-to-date symlink: /home/raul/bookros2_ws/install/pal_gazebo_worlds/share/pal_gazebo_worlds/launch/pal_play_gazebo.launch
[1.487s] -- Up-to-date symlink: /home/raul/bookros2_ws/install/pal_gazebo_worlds/share/pal_gazebo_worlds/models/arm_chair/arm_chair.sdf
[1.487s] -- Up-to-date symlink: /home/raul/bookros2_ws/install/pal_gazebo_worlds/share/pal_gazebo_worlds/models/arm_chair/meshes/arm_chair.stl
[1.488s] -- Up-to-date symlink: /home/raul/bookros2_ws/install/pal_gazebo_worlds/share/pal_gazebo_worlds/models/arm_chair/model.config
[1.488s] -- Up-to-date symlink: /home/raul/bookros2_ws/install/pal_gazebo_worlds/share/pal_gazebo_worlds/models/aruco_board/aruco_board.sdf
[1.491s] -- Up-to-date symlink: /home/raul/bookros2_ws/install/pal_gazebo_worlds/share/pal_gazebo_worlds/models/aruco_board/material/scripts/aruco_board.material
[1.491s] -- Up-to-date symlink: /home/raul/bookros2_ws/install/pal_gazebo_worlds/share/pal_gazebo_worlds/models/aruco_board/material/textures/aruco_board.png
[1.492s] -- Up-to-date symlink: /home/raul/bookros2_ws/install/pal_gazebo_worlds/share/pal_gazebo_worlds/models/aruco_board/model.config
[1.493s] -- Up-to-date symlink: /home/raul/bookros2_ws/install/pal_gazebo_worlds/share/pal_gazebo_worlds/models/aruco_cube/aruco_cube.sdf
[1.494s] -- Up-to-date symlink: /home/raul/bookros2_ws/install/pal_gazebo_worlds/share/pal_gazebo_worlds/models/aruco_cube/meshes/aruco_cube_5cm.dae
[1.495s] -- Up-to-date symlink: /home/raul/bookros2_ws/install/pal_gazebo_worlds/share/pal_gazebo_worlds/models/aruco_cube/meshes/aruco_cube_6cm.dae
[1.497s] -- Up-to-date symlink: /home/raul/bookros2_ws/install/pal_gazebo_worlds/share/pal_gazebo_worlds/models/aruco_cube/meshes/aruco_cube_8cm.dae
[1.501s] -- Up-to-date symlink: /home/raul/bookros2_ws/install/pal_gazebo_worlds/share/pal_gazebo_worlds/models/aruco_cube/meshes/marker582.png
[1.501s] -- Up-to-date symlink: /home/raul/bookros2_ws/install/pal_gazebo_worlds/share/pal_gazebo_worlds/models/aruco_cube/meshes/marker582_small_margin.png
[1.501s] -- Up-to-date symlink: /home/raul/bookros2_ws/install/pal_gazebo_worlds/share/pal_gazebo_worlds/models/aruco_cube/model.config
[1.503s] -- Up-to-date symlink: /home/raul/bookros2_ws/install/pal_gazebo_worlds/share/pal_gazebo_worlds/models/aruco_marker_250_6x6_1/aruco_marker_250_6x6.sdf
[1.504s] -- Up-to-date symlink: /home/raul/bookros2_ws/install/pal_gazebo_worlds/share/pal_gazebo_worlds/models/aruco_marker_250_6x6_1/material/scripts/aruco_marker_250_6x6.material
[1.504s] -- Up-to-date symlink: /home/raul/bookros2_ws/install/pal_gazebo_worlds/share/pal_gazebo_worlds/models/aruco_marker_250_6x6_1/material/textures/Aruco_6x6_250_0.png
[1.504s] -- Up-to-date symlink: /home/raul/bookros2_ws/install/pal_gazebo_worlds/share/pal_gazebo_worlds/models/aruco_marker_250_6x6_1/model.config
[1.505s] -- Up-to-date symlink: /home/raul/bookros2_ws/install/pal_gazebo_worlds/share/pal_gazebo_worlds/models/aruco_marker_250_6x6_2/aruco_marker_250_6x6.sdf
[1.505s] -- Up-to-date symlink: /home/raul/bookros2_ws/install/pal_gazebo_worlds/share/pal_gazebo_worlds/models/aruco_marker_250_6x6_2/material/scripts/aruco_marker_250_6x6.material
[1.507s] -- Up-to-date symlink: /home/raul/bookros2_ws/install/pal_gazebo_worlds/share/pal_gazebo_worlds/models/aruco_marker_250_6x6_2/material/textures/Aruco_6x6_250_1.png
[1.515s] -- Up-to-date symlink: /home/raul/bookros2_ws/install/pal_gazebo_worlds/share/pal_gazebo_worlds/models/aruco_marker_250_6x6_2/model.config
[1.516s] -- Up-to-date symlink: /home/raul/bookros2_ws/install/pal_gazebo_worlds/share/pal_gazebo_worlds/models/aruco_marker_250_6x6_3/aruco_marker_250_6x6.sdf
[1.516s] -- Up-to-date symlink: /home/raul/bookros2_ws/install/pal_gazebo_worlds/share/pal_gazebo_worlds/models/aruco_marker_250_6x6_3/material/scripts/aruco_marker_250_6x6.material
[1.517s] -- Up-to-date symlink: /home/raul/bookros2_ws/install/pal_gazebo_worlds/share/pal_gazebo_worlds/models/aruco_marker_250_6x6_3/material/textures/Aruco_6x6_250_2.png
[1.517s] -- Up-to-date symlink: /home/raul/bookros2_ws/install/pal_gazebo_worlds/share/pal_gazebo_worlds/models/aruco_marker_250_6x6_3/model.config
[1.517s] -- Up-to-date symlink: /home/raul/bookros2_ws/install/pal_gazebo_worlds/share/pal_gazebo_worlds/models/aruco_marker_250_6x6_4/aruco_marker_250_6x6.sdf
[1.518s] -- Up-to-date symlink: /home/raul/bookros2_ws/install/pal_gazebo_worlds/share/pal_gazebo_worlds/models/aruco_marker_250_6x6_4/material/scripts/aruco_marker_250_6x6.material
[1.525s] -- Up-to-date symlink: /home/raul/bookros2_ws/install/pal_gazebo_worlds/share/pal_gazebo_worlds/models/aruco_marker_250_6x6_4/material/textures/Aruco_6x6_250_3.png
[1.526s] -- Up-to-date symlink: /home/raul/bookros2_ws/install/pal_gazebo_worlds/share/pal_gazebo_worlds/models/aruco_marker_250_6x6_4/model.config
[1.527s] -- Up-to-date symlink: /home/raul/bookros2_ws/install/pal_gazebo_worlds/share/pal_gazebo_worlds/models/aruco_marker_6cm_238/aruco_marker_6cm.sdf
[1.527s] -- Up-to-date symlink: /home/raul/bookros2_ws/install/pal_gazebo_worlds/share/pal_gazebo_worlds/models/aruco_marker_6cm_238/material/scripts/aruco_marker_original.material
[1.528s] -- Up-to-date symlink: /home/raul/bookros2_ws/install/pal_gazebo_worlds/share/pal_gazebo_worlds/models/aruco_marker_6cm_238/material/textures/Aruco_6cm_238.png
[1.528s] -- Up-to-date symlink: /home/raul/bookros2_ws/install/pal_gazebo_worlds/share/pal_gazebo_worlds/models/aruco_marker_6cm_238/model.config
[1.529s] -- Up-to-date symlink: /home/raul/bookros2_ws/install/pal_gazebo_worlds/share/pal_gazebo_worlds/models/aruco_marker_6cm_26/aruco_marker_6cm.sdf
[1.530s] -- Up-to-date symlink: /home/raul/bookros2_ws/install/pal_gazebo_worlds/share/pal_gazebo_worlds/models/aruco_marker_6cm_26/material/scripts/aruco_marker_original.material
[1.530s] -- Up-to-date symlink: /home/raul/bookros2_ws/install/pal_gazebo_worlds/share/pal_gazebo_worlds/models/aruco_marker_6cm_26/material/textures/Aruco_6cm_26.png
[1.530s] -- Up-to-date symlink: /home/raul/bookros2_ws/install/pal_gazebo_worlds/share/pal_gazebo_worlds/models/aruco_marker_6cm_26/model.config
[1.531s] -- Up-to-date symlink: /home/raul/bookros2_ws/install/pal_gazebo_worlds/share/pal_gazebo_worlds/models/aruco_marker_6cm_582/aruco_marker_6cm.sdf
[1.531s] -- Up-to-date symlink: /home/raul/bookros2_ws/install/pal_gazebo_worlds/share/pal_gazebo_worlds/models/aruco_marker_6cm_582/material/scripts/aruco_marker_original.material
[1.531s] -- Up-to-date symlink: /home/raul/bookros2_ws/install/pal_gazebo_worlds/share/pal_gazebo_worlds/models/aruco_marker_6cm_582/material/textures/Aruco_6cm_582.png
[1.532s] -- Up-to-date symlink: /home/raul/bookros2_ws/install/pal_gazebo_worlds/share/pal_gazebo_worlds/models/aruco_marker_6cm_582/model.config
[1.532s] -- Up-to-date symlink: /home/raul/bookros2_ws/install/pal_gazebo_worlds/share/pal_gazebo_worlds/models/aruco_marker_6cm_63/aruco_marker_6cm.sdf
[1.532s] -- Up-to-date symlink: /home/raul/bookros2_ws/install/pal_gazebo_worlds/share/pal_gazebo_worlds/models/aruco_marker_6cm_63/material/scripts/aruco_marker_original.material
[1.533s] -- Up-to-date symlink: /home/raul/bookros2_ws/install/pal_gazebo_worlds/share/pal_gazebo_worlds/models/aruco_marker_6cm_63/material/textures/Aruco_6cm_63.png
[1.534s] -- Up-to-date symlink: /home/raul/bookros2_ws/install/pal_gazebo_worlds/share/pal_gazebo_worlds/models/aruco_marker_6cm_63/model.config
[1.537s] -- Up-to-date symlink: /home/raul/bookros2_ws/install/pal_gazebo_worlds/share/pal_gazebo_worlds/models/aruco_marker_9cm_238/aruco_marker_9cm.sdf
[1.537s] -- Up-to-date symlink: /home/raul/bookros2_ws/install/pal_gazebo_worlds/share/pal_gazebo_worlds/models/aruco_marker_9cm_238/material/scripts/aruco_marker_original.material
[1.537s] -- Up-to-date symlink: /home/raul/bookros2_ws/install/pal_gazebo_worlds/share/pal_gazebo_worlds/models/aruco_marker_9cm_238/material/textures/Aruco_9cm_238.png
[1.538s] -- Up-to-date symlink: /home/raul/bookros2_ws/install/pal_gazebo_worlds/share/pal_gazebo_worlds/models/aruco_marker_9cm_238/model.config
[1.539s] -- Up-to-date symlink: /home/raul/bookros2_ws/install/pal_gazebo_worlds/share/pal_gazebo_worlds/models/aruco_marker_9cm_26/aruco_marker_9cm.sdf
[1.539s] -- Up-to-date symlink: /home/raul/bookros2_ws/install/pal_gazebo_worlds/share/pal_gazebo_worlds/models/aruco_marker_9cm_26/material/scripts/aruco_marker_original.material
[1.542s] -- Up-to-date symlink: /home/raul/bookros2_ws/install/pal_gazebo_worlds/share/pal_gazebo_worlds/models/aruco_marker_9cm_26/material/textures/Aruco_9cm_26.png
[1.543s] -- Up-to-date symlink: /home/raul/bookros2_ws/install/pal_gazebo_worlds/share/pal_gazebo_worlds/models/aruco_marker_9cm_26/model.config
[1.543s] -- Up-to-date symlink: /home/raul/bookros2_ws/install/pal_gazebo_worlds/share/pal_gazebo_worlds/models/aruco_marker_9cm_582/aruco_marker_9cm.sdf
[1.543s] -- Up-to-date symlink: /home/raul/bookros2_ws/install/pal_gazebo_worlds/share/pal_gazebo_worlds/models/aruco_marker_9cm_582/material/scripts/aruco_marker_original.material
[1.548s] -- Up-to-date symlink: /home/raul/bookros2_ws/install/pal_gazebo_worlds/share/pal_gazebo_worlds/models/aruco_marker_9cm_582/material/textures/Aruco_9cm_582.png
[1.548s] -- Up-to-date symlink: /home/raul/bookros2_ws/install/pal_gazebo_worlds/share/pal_gazebo_worlds/models/aruco_marker_9cm_582/model.config
[1.548s] -- Up-to-date symlink: /home/raul/bookros2_ws/install/pal_gazebo_worlds/share/pal_gazebo_worlds/models/aruco_marker_9cm_63/aruco_marker_9cm.sdf
[1.548s] -- Up-to-date symlink: /home/raul/bookros2_ws/install/pal_gazebo_worlds/share/pal_gazebo_worlds/models/aruco_marker_9cm_63/material/scripts/aruco_marker_original.material
[1.548s] -- Up-to-date symlink: /home/raul/bookros2_ws/install/pal_gazebo_worlds/share/pal_gazebo_worlds/models/aruco_marker_9cm_63/material/textures/Aruco_9cm_63.png
[1.549s] -- Up-to-date symlink: /home/raul/bookros2_ws/install/pal_gazebo_worlds/share/pal_gazebo_worlds/models/aruco_marker_9cm_63/model.config
[1.549s] -- Up-to-date symlink: /home/raul/bookros2_ws/install/pal_gazebo_worlds/share/pal_gazebo_worlds/models/aruco_marker_original_238/aruco_marker_original.sdf
[1.549s] -- Up-to-date symlink: /home/raul/bookros2_ws/install/pal_gazebo_worlds/share/pal_gazebo_worlds/models/aruco_marker_original_238/material/scripts/aruco_marker_original.material
[1.552s] -- Up-to-date symlink: /home/raul/bookros2_ws/install/pal_gazebo_worlds/share/pal_gazebo_worlds/models/aruco_marker_original_238/material/textures/Aruco_original_238.png
[1.552s] -- Up-to-date symlink: /home/raul/bookros2_ws/install/pal_gazebo_worlds/share/pal_gazebo_worlds/models/aruco_marker_original_238/model.config
[1.552s] -- Up-to-date symlink: /home/raul/bookros2_ws/install/pal_gazebo_worlds/share/pal_gazebo_worlds/models/aruco_marker_original_26/aruco_marker_original.sdf
[1.553s] -- Up-to-date symlink: /home/raul/bookros2_ws/install/pal_gazebo_worlds/share/pal_gazebo_worlds/models/aruco_marker_original_26/material/scripts/aruco_marker_original.material
[1.555s] -- Up-to-date symlink: /home/raul/bookros2_ws/install/pal_gazebo_worlds/share/pal_gazebo_worlds/models/aruco_marker_original_26/material/textures/Aruco_original_26.png
[1.555s] -- Up-to-date symlink: /home/raul/bookros2_ws/install/pal_gazebo_worlds/share/pal_gazebo_worlds/models/aruco_marker_original_26/model.config
[1.559s] -- Up-to-date symlink: /home/raul/bookros2_ws/install/pal_gazebo_worlds/share/pal_gazebo_worlds/models/aruco_marker_original_582/aruco_marker_original.sdf
[1.560s] -- Up-to-date symlink: /home/raul/bookros2_ws/install/pal_gazebo_worlds/share/pal_gazebo_worlds/models/aruco_marker_original_582/material/scripts/aruco_marker_original.material
[1.561s] -- Up-to-date symlink: /home/raul/bookros2_ws/install/pal_gazebo_worlds/share/pal_gazebo_worlds/models/aruco_marker_original_582/material/textures/Aruco_original_582.png
[1.561s] -- Up-to-date symlink: /home/raul/bookros2_ws/install/pal_gazebo_worlds/share/pal_gazebo_worlds/models/aruco_marker_original_582/model.config
[1.561s] -- Up-to-date symlink: /home/raul/bookros2_ws/install/pal_gazebo_worlds/share/pal_gazebo_worlds/models/aruco_marker_original_63/aruco_marker_original.sdf
[1.561s] -- Up-to-date symlink: /home/raul/bookros2_ws/install/pal_gazebo_worlds/share/pal_gazebo_worlds/models/aruco_marker_original_63/material/scripts/aruco_marker_original.material
[1.561s] -- Up-to-date symlink: /home/raul/bookros2_ws/install/pal_gazebo_worlds/share/pal_gazebo_worlds/models/aruco_marker_original_63/material/textures/Aruco_original_63.png
[1.568s] -- Up-to-date symlink: /home/raul/bookros2_ws/install/pal_gazebo_worlds/share/pal_gazebo_worlds/models/aruco_marker_original_63/model.config
[1.568s] -- Up-to-date symlink: /home/raul/bookros2_ws/install/pal_gazebo_worlds/share/pal_gazebo_worlds/models/bauman/README
[1.569s] -- Up-to-date symlink: /home/raul/bookros2_ws/install/pal_gazebo_worlds/share/pal_gazebo_worlds/models/bauman/bauman_walls.png
[1.569s] -- Up-to-date symlink: /home/raul/bookros2_ws/install/pal_gazebo_worlds/share/pal_gazebo_worlds/models/bauman/model.config
[1.569s] -- Up-to-date symlink: /home/raul/bookros2_ws/install/pal_gazebo_worlds/share/pal_gazebo_worlds/models/bauman/model.sdf
[1.570s] -- Up-to-date symlink: /home/raul/bookros2_ws/install/pal_gazebo_worlds/share/pal_gazebo_worlds/models/bench/bench.sdf
[1.570s] -- Up-to-date symlink: /home/raul/bookros2_ws/install/pal_gazebo_worlds/share/pal_gazebo_worlds/models/bench/meshes/bench.stl
[1.571s] -- Up-to-date symlink: /home/raul/bookros2_ws/install/pal_gazebo_worlds/share/pal_gazebo_worlds/models/bench/model.config
[1.571s] -- Up-to-date symlink: /home/raul/bookros2_ws/install/pal_gazebo_worlds/share/pal_gazebo_worlds/models/bifrutas_tropical_can/bifrutas_tropical_can.sdf
[1.572s] -- Up-to-date symlink: /home/raul/bookros2_ws/install/pal_gazebo_worlds/share/pal_gazebo_worlds/models/bifrutas_tropical_can/material/scripts/bifrutas_tropical_can.material
[1.572s] -- Up-to-date symlink: /home/raul/bookros2_ws/install/pal_gazebo_worlds/share/pal_gazebo_worlds/models/bifrutas_tropical_can/material/textures/bifrutas_tropical_can.jpg
[1.573s] -- Up-to-date symlink: /home/raul/bookros2_ws/install/pal_gazebo_worlds/share/pal_gazebo_worlds/models/bifrutas_tropical_can/model.config
[1.573s] -- Up-to-date symlink: /home/raul/bookros2_ws/install/pal_gazebo_worlds/share/pal_gazebo_worlds/models/biscuits_pack/biscuits_pack.sdf
[1.574s] -- Up-to-date symlink: /home/raul/bookros2_ws/install/pal_gazebo_worlds/share/pal_gazebo_worlds/models/biscuits_pack/material/scripts/pringles.material
[1.574s] -- Up-to-date symlink: /home/raul/bookros2_ws/install/pal_gazebo_worlds/share/pal_gazebo_worlds/models/biscuits_pack/material/textures/biscuits_pack.jpg
[1.575s] -- Up-to-date symlink: /home/raul/bookros2_ws/install/pal_gazebo_worlds/share/pal_gazebo_worlds/models/biscuits_pack/model.config
[1.575s] -- Up-to-date symlink: /home/raul/bookros2_ws/install/pal_gazebo_worlds/share/pal_gazebo_worlds/models/box_with_handles/box_with_handles.sdf
[1.576s] -- Up-to-date symlink: /home/raul/bookros2_ws/install/pal_gazebo_worlds/share/pal_gazebo_worlds/models/box_with_handles/material/scripts/aruco_marker_original.material
[1.576s] -- Up-to-date symlink: /home/raul/bookros2_ws/install/pal_gazebo_worlds/share/pal_gazebo_worlds/models/box_with_handles/material/textures/Aruco_original_582.png
[1.577s] -- Up-to-date symlink: /home/raul/bookros2_ws/install/pal_gazebo_worlds/share/pal_gazebo_worlds/models/box_with_handles/model.config
[1.578s] -- Up-to-date symlink: /home/raul/bookros2_ws/install/pal_gazebo_worlds/share/pal_gazebo_worlds/models/brick_box_3x1x3/materials/scripts/brick_box.material
[1.578s] -- Up-to-date symlink: /home/raul/bookros2_ws/install/pal_gazebo_worlds/share/pal_gazebo_worlds/models/brick_box_3x1x3/materials/textures/simple_box.png
[1.578s] -- Up-to-date symlink: /home/raul/bookros2_ws/install/pal_gazebo_worlds/share/pal_gazebo_worlds/models/brick_box_3x1x3/meshes/simple_box.dae
[1.579s] -- Up-to-date symlink: /home/raul/bookros2_ws/install/pal_gazebo_worlds/share/pal_gazebo_worlds/models/brick_box_3x1x3/model-1_3.sdf
[1.580s] -- Up-to-date symlink: /home/raul/bookros2_ws/install/pal_gazebo_worlds/share/pal_gazebo_worlds/models/brick_box_3x1x3/model-1_4.sdf
[1.583s] -- Up-to-date symlink: /home/raul/bookros2_ws/install/pal_gazebo_worlds/share/pal_gazebo_worlds/models/brick_box_3x1x3/model.config
[1.583s] -- Up-to-date symlink: /home/raul/bookros2_ws/install/pal_gazebo_worlds/share/pal_gazebo_worlds/models/brick_box_3x1x3/model.sdf
[1.584s] -- Up-to-date symlink: /home/raul/bookros2_ws/install/pal_gazebo_worlds/share/pal_gazebo_worlds/models/citizen_extras_female_02/images/_01_-_Default1noCulling.JPG
[1.586s] -- Up-to-date symlink: /home/raul/bookros2_ws/install/pal_gazebo_worlds/share/pal_gazebo_worlds/models/citizen_extras_female_02/images/_02_-_Default1noCulling.JPG
[1.586s] -- Up-to-date symlink: /home/raul/bookros2_ws/install/pal_gazebo_worlds/share/pal_gazebo_worlds/models/citizen_extras_female_02/images/_03_-_Default1noCulling.JPG
[1.586s] -- Up-to-date symlink: /home/raul/bookros2_ws/install/pal_gazebo_worlds/share/pal_gazebo_worlds/models/citizen_extras_female_02/meshes/mesh.dae
[1.587s] -- Up-to-date symlink: /home/raul/bookros2_ws/install/pal_gazebo_worlds/share/pal_gazebo_worlds/models/citizen_extras_female_02/model.config
[1.587s] -- Up-to-date symlink: /home/raul/bookros2_ws/install/pal_gazebo_worlds/share/pal_gazebo_worlds/models/citizen_extras_female_02/model.sdf
[1.588s] -- Up-to-date symlink: /home/raul/bookros2_ws/install/pal_gazebo_worlds/share/pal_gazebo_worlds/models/citizen_extras_female_03/images/Material__1noCulling.JPG
[1.589s] -- Up-to-date symlink: /home/raul/bookros2_ws/install/pal_gazebo_worlds/share/pal_gazebo_worlds/models/citizen_extras_female_03/images/Material__2noCulling.JPG
[1.589s] -- Up-to-date symlink: /home/raul/bookros2_ws/install/pal_gazebo_worlds/share/pal_gazebo_worlds/models/citizen_extras_female_03/images/_03_-_Default1noCulling.JPG
[1.591s] -- Up-to-date symlink: /home/raul/bookros2_ws/install/pal_gazebo_worlds/share/pal_gazebo_worlds/models/citizen_extras_female_03/meshes/mesh.dae
[1.595s] -- Up-to-date symlink: /home/raul/bookros2_ws/install/pal_gazebo_worlds/share/pal_gazebo_worlds/models/citizen_extras_female_03/model.config
[1.596s] -- Up-to-date symlink: /home/raul/bookros2_ws/install/pal_gazebo_worlds/share/pal_gazebo_worlds/models/citizen_extras_female_03/model.sdf
[1.596s] -- Up-to-date symlink: /home/raul/bookros2_ws/install/pal_gazebo_worlds/share/pal_gazebo_worlds/models/citizen_extras_male_03/images/Material__1noCulling.JPG
[1.596s] -- Up-to-date symlink: /home/raul/bookros2_ws/install/pal_gazebo_worlds/share/pal_gazebo_worlds/models/citizen_extras_male_03/images/hair1noCulling.JPG
[1.597s] -- Up-to-date symlink: /home/raul/bookros2_ws/install/pal_gazebo_worlds/share/pal_gazebo_worlds/models/citizen_extras_male_03/images/hrad1noCulling.JPG
[1.598s] -- Up-to-date symlink: /home/raul/bookros2_ws/install/pal_gazebo_worlds/share/pal_gazebo_worlds/models/citizen_extras_male_03/meshes/mesh.dae
[1.599s] -- Up-to-date symlink: /home/raul/bookros2_ws/install/pal_gazebo_worlds/share/pal_gazebo_worlds/models/citizen_extras_male_03/model.config
[1.599s] -- Up-to-date symlink: /home/raul/bookros2_ws/install/pal_gazebo_worlds/share/pal_gazebo_worlds/models/citizen_extras_male_03/model.sdf
[1.599s] -- Up-to-date symlink: /home/raul/bookros2_ws/install/pal_gazebo_worlds/share/pal_gazebo_worlds/models/closet/closet.sdf
[1.599s] -- Up-to-date symlink: /home/raul/bookros2_ws/install/pal_gazebo_worlds/share/pal_gazebo_worlds/models/closet/meshes/closet.stl
[1.600s] -- Up-to-date symlink: /home/raul/bookros2_ws/install/pal_gazebo_worlds/share/pal_gazebo_worlds/models/closet/model.config
[1.601s] -- Up-to-date symlink: /home/raul/bookros2_ws/install/pal_gazebo_worlds/share/pal_gazebo_worlds/models/cocacola/cocacola.sdf
[1.601s] -- Up-to-date symlink: /home/raul/bookros2_ws/install/pal_gazebo_worlds/share/pal_gazebo_worlds/models/cocacola/material/scripts/cocacola.material
[1.601s] -- Up-to-date symlink: /home/raul/bookros2_ws/install/pal_gazebo_worlds/share/pal_gazebo_worlds/models/cocacola/material/textures/cocacola.jpg
[1.603s] -- Up-to-date symlink: /home/raul/bookros2_ws/install/pal_gazebo_worlds/share/pal_gazebo_worlds/models/cocacola/model.config
[1.603s] -- Up-to-date symlink: /home/raul/bookros2_ws/install/pal_gazebo_worlds/share/pal_gazebo_worlds/models/coke_can_slim/coke_can_slim.sdf
[1.604s] -- Up-to-date symlink: /home/raul/bookros2_ws/install/pal_gazebo_worlds/share/pal_gazebo_worlds/models/coke_can_slim/material/scripts/coke_can_slim.material
[1.605s] -- Up-to-date symlink: /home/raul/bookros2_ws/install/pal_gazebo_worlds/share/pal_gazebo_worlds/models/coke_can_slim/material/textures/coke_can_slim.jpg
[1.605s] -- Up-to-date symlink: /home/raul/bookros2_ws/install/pal_gazebo_worlds/share/pal_gazebo_worlds/models/coke_can_slim/model.config
[1.606s] -- Up-to-date symlink: /home/raul/bookros2_ws/install/pal_gazebo_worlds/share/pal_gazebo_worlds/models/database.config
[1.606s] -- Up-to-date symlink: /home/raul/bookros2_ws/install/pal_gazebo_worlds/share/pal_gazebo_worlds/models/dining_chair/dining_chair.sdf
[1.606s] -- Up-to-date symlink: /home/raul/bookros2_ws/install/pal_gazebo_worlds/share/pal_gazebo_worlds/models/dining_chair/meshes/dining_chair.stl
[1.607s] -- Up-to-date symlink: /home/raul/bookros2_ws/install/pal_gazebo_worlds/share/pal_gazebo_worlds/models/dining_chair/model.config
[1.608s] -- Up-to-date symlink: /home/raul/bookros2_ws/install/pal_gazebo_worlds/share/pal_gazebo_worlds/models/dock1/dock1.sdf
[1.609s] -- Up-to-date symlink: /home/raul/bookros2_ws/install/pal_gazebo_worlds/share/pal_gazebo_worlds/models/dock1/meshes/dock1.dae
[1.609s] -- Up-to-date symlink: /home/raul/bookros2_ws/install/pal_gazebo_worlds/share/pal_gazebo_worlds/models/dock1/model.config
[1.612s] -- Up-to-date symlink: /home/raul/bookros2_ws/install/pal_gazebo_worlds/share/pal_gazebo_worlds/models/door_obstacle/door_obstacle.sdf
[1.612s] -- Up-to-date symlink: /home/raul/bookros2_ws/install/pal_gazebo_worlds/share/pal_gazebo_worlds/models/door_obstacle/model.config
[1.612s] -- Up-to-date symlink: /home/raul/bookros2_ws/install/pal_gazebo_worlds/share/pal_gazebo_worlds/models/floor_lamp/floor_lamp.sdf
[1.613s] -- Up-to-date symlink: /home/raul/bookros2_ws/install/pal_gazebo_worlds/share/pal_gazebo_worlds/models/floor_lamp/meshes/floor_lamp.stl
[1.613s] -- Up-to-date symlink: /home/raul/bookros2_ws/install/pal_gazebo_worlds/share/pal_gazebo_worlds/models/floor_lamp/model.config
[1.613s] -- Up-to-date symlink: /home/raul/bookros2_ws/install/pal_gazebo_worlds/share/pal_gazebo_worlds/models/goetz_sofa/goetz_sofa.sdf
[1.616s] -- Up-to-date symlink: /home/raul/bookros2_ws/install/pal_gazebo_worlds/share/pal_gazebo_worlds/models/goetz_sofa/materials/textures/texture0.jpg
[1.617s] -- Up-to-date symlink: /home/raul/bookros2_ws/install/pal_gazebo_worlds/share/pal_gazebo_worlds/models/goetz_sofa/meshes/goetz_sofa.dae
[1.617s] -- Up-to-date symlink: /home/raul/bookros2_ws/install/pal_gazebo_worlds/share/pal_gazebo_worlds/models/goetz_sofa/model.config
[1.617s] -- Up-to-date symlink: /home/raul/bookros2_ws/install/pal_gazebo_worlds/share/pal_gazebo_worlds/models/green_ball/materials/scripts/ball.material
[1.623s] -- Up-to-date symlink: /home/raul/bookros2_ws/install/pal_gazebo_worlds/share/pal_gazebo_worlds/models/green_ball/model.config
[1.623s] -- Up-to-date symlink: /home/raul/bookros2_ws/install/pal_gazebo_worlds/share/pal_gazebo_worlds/models/green_ball/model.sdf
[1.624s] -- Up-to-date symlink: /home/raul/bookros2_ws/install/pal_gazebo_worlds/share/pal_gazebo_worlds/models/green_cube/green_cube.sdf
[1.624s] -- Up-to-date symlink: /home/raul/bookros2_ws/install/pal_gazebo_worlds/share/pal_gazebo_worlds/models/green_cube/model.config
[1.624s] -- Up-to-date symlink: /home/raul/bookros2_ws/install/pal_gazebo_worlds/share/pal_gazebo_worlds/models/green_rectangle/green_rectangle.sdf
[1.625s] -- Up-to-date symlink: /home/raul/bookros2_ws/install/pal_gazebo_worlds/share/pal_gazebo_worlds/models/green_rectangle/model.config
[1.625s] -- Up-to-date symlink: /home/raul/bookros2_ws/install/pal_gazebo_worlds/share/pal_gazebo_worlds/models/ground_plane/model-1_2.sdf
[1.625s] -- Up-to-date symlink: /home/raul/bookros2_ws/install/pal_gazebo_worlds/share/pal_gazebo_worlds/models/ground_plane/model-1_3.sdf
[1.626s] -- Up-to-date symlink: /home/raul/bookros2_ws/install/pal_gazebo_worlds/share/pal_gazebo_worlds/models/ground_plane/model-1_4.sdf
[1.627s] -- Up-to-date symlink: /home/raul/bookros2_ws/install/pal_gazebo_worlds/share/pal_gazebo_worlds/models/ground_plane/model.config
[1.627s] -- Up-to-date symlink: /home/raul/bookros2_ws/install/pal_gazebo_worlds/share/pal_gazebo_worlds/models/ground_plane/model.sdf
[1.627s] -- Up-to-date symlink: /home/raul/bookros2_ws/install/pal_gazebo_worlds/share/pal_gazebo_worlds/models/hospital_flat_map/hospital_flat_map.sdf
[1.627s] -- Up-to-date symlink: /home/raul/bookros2_ws/install/pal_gazebo_worlds/share/pal_gazebo_worlds/models/hospital_flat_map/meshes/hospital_flat_map.stl
[1.628s] -- Up-to-date symlink: /home/raul/bookros2_ws/install/pal_gazebo_worlds/share/pal_gazebo_worlds/models/hospital_flat_map/model.config
[1.628s] -- Up-to-date symlink: /home/raul/bookros2_ws/install/pal_gazebo_worlds/share/pal_gazebo_worlds/models/hospital_map/hospital_map.sdf
[1.629s] -- Up-to-date symlink: /home/raul/bookros2_ws/install/pal_gazebo_worlds/share/pal_gazebo_worlds/models/hospital_map/meshes/g1.stl
[1.633s] -- Up-to-date symlink: /home/raul/bookros2_ws/install/pal_gazebo_worlds/share/pal_gazebo_worlds/models/hospital_map/meshes/g2.stl
[1.634s] -- Up-to-date symlink: /home/raul/bookros2_ws/install/pal_gazebo_worlds/share/pal_gazebo_worlds/models/hospital_map/meshes/g3.stl
[1.634s] -- Up-to-date symlink: /home/raul/bookros2_ws/install/pal_gazebo_worlds/share/pal_gazebo_worlds/models/hospital_map/meshes/g4.stl
[1.635s] -- Up-to-date symlink: /home/raul/bookros2_ws/install/pal_gazebo_worlds/share/pal_gazebo_worlds/models/hospital_map/meshes/g5.stl
[1.635s] -- Up-to-date symlink: /home/raul/bookros2_ws/install/pal_gazebo_worlds/share/pal_gazebo_worlds/models/hospital_map/meshes/g6.stl
[1.636s] -- Up-to-date symlink: /home/raul/bookros2_ws/install/pal_gazebo_worlds/share/pal_gazebo_worlds/models/hospital_map/meshes/g7.stl
[1.636s] -- Up-to-date symlink: /home/raul/bookros2_ws/install/pal_gazebo_worlds/share/pal_gazebo_worlds/models/hospital_map/meshes/gr1.stl
[1.636s] -- Up-to-date symlink: /home/raul/bookros2_ws/install/pal_gazebo_worlds/share/pal_gazebo_worlds/models/hospital_map/meshes/gr2.stl
[1.637s] -- Up-to-date symlink: /home/raul/bookros2_ws/install/pal_gazebo_worlds/share/pal_gazebo_worlds/models/hospital_map/meshes/gr3.stl
[1.638s] -- Up-to-date symlink: /home/raul/bookros2_ws/install/pal_gazebo_worlds/share/pal_gazebo_worlds/models/hospital_map/meshes/gr4.stl
[1.638s] -- Up-to-date symlink: /home/raul/bookros2_ws/install/pal_gazebo_worlds/share/pal_gazebo_worlds/models/hospital_map/meshes/gr5.stl
[1.643s] -- Up-to-date symlink: /home/raul/bookros2_ws/install/pal_gazebo_worlds/share/pal_gazebo_worlds/models/hospital_map/meshes/gr6.stl
[1.645s] -- Up-to-date symlink: /home/raul/bookros2_ws/install/pal_gazebo_worlds/share/pal_gazebo_worlds/models/hospital_map/meshes/hospital_map.stl
[1.645s] -- Up-to-date symlink: /home/raul/bookros2_ws/install/pal_gazebo_worlds/share/pal_gazebo_worlds/models/hospital_map/meshes/w1.stl
[1.645s] -- Up-to-date symlink: /home/raul/bookros2_ws/install/pal_gazebo_worlds/share/pal_gazebo_worlds/models/hospital_map/meshes/w2.stl
[1.646s] -- Up-to-date symlink: /home/raul/bookros2_ws/install/pal_gazebo_worlds/share/pal_gazebo_worlds/models/hospital_map/meshes/w3.stl
[1.646s] -- Up-to-date symlink: /home/raul/bookros2_ws/install/pal_gazebo_worlds/share/pal_gazebo_worlds/models/hospital_map/meshes/w4.stl
[1.646s] -- Up-to-date symlink: /home/raul/bookros2_ws/install/pal_gazebo_worlds/share/pal_gazebo_worlds/models/hospital_map/meshes/w5.stl
[1.647s] -- Up-to-date symlink: /home/raul/bookros2_ws/install/pal_gazebo_worlds/share/pal_gazebo_worlds/models/hospital_map/meshes/w6.stl
[1.647s] -- Up-to-date symlink: /home/raul/bookros2_ws/install/pal_gazebo_worlds/share/pal_gazebo_worlds/models/hospital_map/meshes/w7.stl
[1.648s] -- Up-to-date symlink: /home/raul/bookros2_ws/install/pal_gazebo_worlds/share/pal_gazebo_worlds/models/hospital_map/meshes/wr1.stl
[1.648s] -- Up-to-date symlink: /home/raul/bookros2_ws/install/pal_gazebo_worlds/share/pal_gazebo_worlds/models/hospital_map/meshes/wr2.stl
[1.648s] -- Up-to-date symlink: /home/raul/bookros2_ws/install/pal_gazebo_worlds/share/pal_gazebo_worlds/models/hospital_map/meshes/wr3.stl
[1.649s] -- Up-to-date symlink: /home/raul/bookros2_ws/install/pal_gazebo_worlds/share/pal_gazebo_worlds/models/hospital_map/meshes/wr4.stl
[1.649s] -- Up-to-date symlink: /home/raul/bookros2_ws/install/pal_gazebo_worlds/share/pal_gazebo_worlds/models/hospital_map/meshes/wr5.stl
[1.650s] -- Up-to-date symlink: /home/raul/bookros2_ws/install/pal_gazebo_worlds/share/pal_gazebo_worlds/models/hospital_map/meshes/wr6.stl
[1.651s] -- Up-to-date symlink: /home/raul/bookros2_ws/install/pal_gazebo_worlds/share/pal_gazebo_worlds/models/hospital_map/model.config
[1.652s] -- Up-to-date symlink: /home/raul/bookros2_ws/install/pal_gazebo_worlds/share/pal_gazebo_worlds/models/ideal_sun/model.config
[1.652s] -- Up-to-date symlink: /home/raul/bookros2_ws/install/pal_gazebo_worlds/share/pal_gazebo_worlds/models/ideal_sun/model.sdf
[1.657s] -- Up-to-date symlink: /home/raul/bookros2_ws/install/pal_gazebo_worlds/share/pal_gazebo_worlds/models/ikea_ektorp_chair/meshes/IKE06001.JPG
[1.657s] -- Up-to-date symlink: /home/raul/bookros2_ws/install/pal_gazebo_worlds/share/pal_gazebo_worlds/models/ikea_ektorp_chair/meshes/mesh.dae
[1.658s] -- Up-to-date symlink: /home/raul/bookros2_ws/install/pal_gazebo_worlds/share/pal_gazebo_worlds/models/ikea_ektorp_chair/model.config
[1.658s] -- Up-to-date symlink: /home/raul/bookros2_ws/install/pal_gazebo_worlds/share/pal_gazebo_worlds/models/ikea_ektorp_chair/model.sdf
[1.659s] -- Up-to-date symlink: /home/raul/bookros2_ws/install/pal_gazebo_worlds/share/pal_gazebo_worlds/models/ikea_folke_chair/meshes/mesh.dae
[1.659s] -- Up-to-date symlink: /home/raul/bookros2_ws/install/pal_gazebo_worlds/share/pal_gazebo_worlds/models/ikea_folke_chair/meshes/notexture.png
[1.659s] -- Up-to-date symlink: /home/raul/bookros2_ws/install/pal_gazebo_worlds/share/pal_gazebo_worlds/models/ikea_folke_chair/meshes/texture.png
[1.660s] -- Up-to-date symlink: /home/raul/bookros2_ws/install/pal_gazebo_worlds/share/pal_gazebo_worlds/models/ikea_folke_chair/model.config
[1.660s] -- Up-to-date symlink: /home/raul/bookros2_ws/install/pal_gazebo_worlds/share/pal_gazebo_worlds/models/ikea_folke_chair/model.sdf
[1.660s] -- Up-to-date symlink: /home/raul/bookros2_ws/install/pal_gazebo_worlds/share/pal_gazebo_worlds/models/ikea_harry_chair/meshes/body.png
[1.661s] -- Up-to-date symlink: /home/raul/bookros2_ws/install/pal_gazebo_worlds/share/pal_gazebo_worlds/models/ikea_harry_chair/meshes/legs.png
[1.667s] -- Up-to-date symlink: /home/raul/bookros2_ws/install/pal_gazebo_worlds/share/pal_gazebo_worlds/models/ikea_harry_chair/meshes/mesh.dae
[1.673s] -- Up-to-date symlink: /home/raul/bookros2_ws/install/pal_gazebo_worlds/share/pal_gazebo_worlds/models/ikea_harry_chair/model.config
[1.675s] -- Up-to-date symlink: /home/raul/bookros2_ws/install/pal_gazebo_worlds/share/pal_gazebo_worlds/models/ikea_harry_chair/model.sdf
[1.675s] -- Up-to-date symlink: /home/raul/bookros2_ws/install/pal_gazebo_worlds/share/pal_gazebo_worlds/models/ikea_stefan_chair/meshes/mesh.dae
[1.676s] -- Up-to-date symlink: /home/raul/bookros2_ws/install/pal_gazebo_worlds/share/pal_gazebo_worlds/models/ikea_stefan_chair/model.config
[1.676s] -- Up-to-date symlink: /home/raul/bookros2_ws/install/pal_gazebo_worlds/share/pal_gazebo_worlds/models/ikea_stefan_chair/model.sdf
[1.677s] -- Up-to-date symlink: /home/raul/bookros2_ws/install/pal_gazebo_worlds/share/pal_gazebo_worlds/models/ikea_urban_chair/meshes/mesh.dae
[1.678s] -- Up-to-date symlink: /home/raul/bookros2_ws/install/pal_gazebo_worlds/share/pal_gazebo_worlds/models/ikea_urban_chair/meshes/notexture.png
[1.678s] -- Up-to-date symlink: /home/raul/bookros2_ws/install/pal_gazebo_worlds/share/pal_gazebo_worlds/models/ikea_urban_chair/model.config
[1.678s] -- Up-to-date symlink: /home/raul/bookros2_ws/install/pal_gazebo_worlds/share/pal_gazebo_worlds/models/ikea_urban_chair/model.sdf
[1.679s] -- Up-to-date symlink: /home/raul/bookros2_ws/install/pal_gazebo_worlds/share/pal_gazebo_worlds/models/kitchen_chair/kitchen_chair.sdf
[1.679s] -- Up-to-date symlink: /home/raul/bookros2_ws/install/pal_gazebo_worlds/share/pal_gazebo_worlds/models/kitchen_chair/meshes/kitchen_chair.stl
[1.679s] -- Up-to-date symlink: /home/raul/bookros2_ws/install/pal_gazebo_worlds/share/pal_gazebo_worlds/models/kitchen_chair/model.config
[1.679s] -- Up-to-date symlink: /home/raul/bookros2_ws/install/pal_gazebo_worlds/share/pal_gazebo_worlds/models/kitchen_table/kitchen_table.sdf
[1.680s] -- Up-to-date symlink: /home/raul/bookros2_ws/install/pal_gazebo_worlds/share/pal_gazebo_worlds/models/kitchen_table/meshes/kitchen_table.stl
[1.680s] -- Up-to-date symlink: /home/raul/bookros2_ws/install/pal_gazebo_worlds/share/pal_gazebo_worlds/models/kitchen_table/model.config
[1.681s] -- Up-to-date symlink: /home/raul/bookros2_ws/install/pal_gazebo_worlds/share/pal_gazebo_worlds/models/lamp/lamp.sdf
[1.681s] -- Up-to-date symlink: /home/raul/bookros2_ws/install/pal_gazebo_worlds/share/pal_gazebo_worlds/models/lamp/meshes/lamp.stl
[1.682s] -- Up-to-date symlink: /home/raul/bookros2_ws/install/pal_gazebo_worlds/share/pal_gazebo_worlds/models/lamp/model.config
[1.683s] -- Up-to-date symlink: /home/raul/bookros2_ws/install/pal_gazebo_worlds/share/pal_gazebo_worlds/models/macrolink_small_table/model.config
[1.684s] -- Up-to-date symlink: /home/raul/bookros2_ws/install/pal_gazebo_worlds/share/pal_gazebo_worlds/models/macrolink_small_table/table.sdf
[1.684s] -- Up-to-date symlink: /home/raul/bookros2_ws/install/pal_gazebo_worlds/share/pal_gazebo_worlds/models/macrolink_table/model.config
[1.684s] -- Up-to-date symlink: /home/raul/bookros2_ws/install/pal_gazebo_worlds/share/pal_gazebo_worlds/models/macrolink_table/table.sdf
[1.685s] -- Up-to-date symlink: /home/raul/bookros2_ws/install/pal_gazebo_worlds/share/pal_gazebo_worlds/models/marker26_8cm/marker26_8cm.sdf
[1.685s] -- Up-to-date symlink: /home/raul/bookros2_ws/install/pal_gazebo_worlds/share/pal_gazebo_worlds/models/marker26_8cm/material/scripts/marker26_8cm.material
[1.685s] -- Up-to-date symlink: /home/raul/bookros2_ws/install/pal_gazebo_worlds/share/pal_gazebo_worlds/models/marker26_8cm/material/textures/aruco-26_8cm.png
[1.685s] -- Up-to-date symlink: /home/raul/bookros2_ws/install/pal_gazebo_worlds/share/pal_gazebo_worlds/models/marker26_8cm/model.config
[1.685s] -- Up-to-date symlink: /home/raul/bookros2_ws/install/pal_gazebo_worlds/share/pal_gazebo_worlds/models/pal_poster/material/scripts/pal_poster.material
[1.685s] -- Up-to-date symlink: /home/raul/bookros2_ws/install/pal_gazebo_worlds/share/pal_gazebo_worlds/models/pal_poster/material/textures/pal_poster.jpg
[1.686s] -- Up-to-date symlink: /home/raul/bookros2_ws/install/pal_gazebo_worlds/share/pal_gazebo_worlds/models/pal_poster/model.config
[1.687s] -- Up-to-date symlink: /home/raul/bookros2_ws/install/pal_gazebo_worlds/share/pal_gazebo_worlds/models/pal_poster/pal_poster.sdf
[1.689s] -- Up-to-date symlink: /home/raul/bookros2_ws/install/pal_gazebo_worlds/share/pal_gazebo_worlds/models/pal_textured_object/material/scripts/pal_textured_object.material
[1.695s] -- Up-to-date symlink: /home/raul/bookros2_ws/install/pal_gazebo_worlds/share/pal_gazebo_worlds/models/pal_textured_object/material/textures/pal_textured_object.png
[1.695s] -- Up-to-date symlink: /home/raul/bookros2_ws/install/pal_gazebo_worlds/share/pal_gazebo_worlds/models/pal_textured_object/model.config
[1.699s] -- Up-to-date symlink: /home/raul/bookros2_ws/install/pal_gazebo_worlds/share/pal_gazebo_worlds/models/pal_textured_object/pal_textured_object.sdf
[1.699s] -- Up-to-date symlink: /home/raul/bookros2_ws/install/pal_gazebo_worlds/share/pal_gazebo_worlds/models/pringles/material/scripts/pringles.material
[1.699s] -- Up-to-date symlink: /home/raul/bookros2_ws/install/pal_gazebo_worlds/share/pal_gazebo_worlds/models/pringles/material/textures/pringles.jpg
[1.704s] -- Up-to-date symlink: /home/raul/bookros2_ws/install/pal_gazebo_worlds/share/pal_gazebo_worlds/models/pringles/model.config
[1.709s] -- Up-to-date symlink: /home/raul/bookros2_ws/install/pal_gazebo_worlds/share/pal_gazebo_worlds/models/pringles/pringles.sdf
[1.710s] -- Up-to-date symlink: /home/raul/bookros2_ws/install/pal_gazebo_worlds/share/pal_gazebo_worlds/models/pringles2/material/scripts/pringles2.material
[1.710s] -- Up-to-date symlink: /home/raul/bookros2_ws/install/pal_gazebo_worlds/share/pal_gazebo_worlds/models/pringles2/material/textures/pringles2.jpg
[1.710s] -- Up-to-date symlink: /home/raul/bookros2_ws/install/pal_gazebo_worlds/share/pal_gazebo_worlds/models/pringles2/model.config
[1.711s] -- Up-to-date symlink: /home/raul/bookros2_ws/install/pal_gazebo_worlds/share/pal_gazebo_worlds/models/pringles2/pringles2.sdf
[1.711s] -- Up-to-date symlink: /home/raul/bookros2_ws/install/pal_gazebo_worlds/share/pal_gazebo_worlds/models/reemc_bookshelf/bookshelf.sdf
[1.711s] -- Up-to-date symlink: /home/raul/bookros2_ws/install/pal_gazebo_worlds/share/pal_gazebo_worlds/models/reemc_bookshelf/model.config
[1.711s] -- Up-to-date symlink: /home/raul/bookros2_ws/install/pal_gazebo_worlds/share/pal_gazebo_worlds/models/reemc_cabinet/cabinet.sdf
[1.712s] -- Up-to-date symlink: /home/raul/bookros2_ws/install/pal_gazebo_worlds/share/pal_gazebo_worlds/models/reemc_cabinet/model.config
[1.712s] -- Up-to-date symlink: /home/raul/bookros2_ws/install/pal_gazebo_worlds/share/pal_gazebo_worlds/models/reemc_table/model.config
[1.712s] -- Up-to-date symlink: /home/raul/bookros2_ws/install/pal_gazebo_worlds/share/pal_gazebo_worlds/models/reemc_table/table.sdf
[1.712s] -- Up-to-date symlink: /home/raul/bookros2_ws/install/pal_gazebo_worlds/share/pal_gazebo_worlds/models/reemc_textured_object/meshes/mesh.dae
[1.713s] -- Up-to-date symlink: /home/raul/bookros2_ws/install/pal_gazebo_worlds/share/pal_gazebo_worlds/models/reemc_textured_object/meshes/texture.jpg
[1.713s] -- Up-to-date symlink: /home/raul/bookros2_ws/install/pal_gazebo_worlds/share/pal_gazebo_worlds/models/reemc_textured_object/model.config
[1.713s] -- Up-to-date symlink: /home/raul/bookros2_ws/install/pal_gazebo_worlds/share/pal_gazebo_worlds/models/reemc_textured_object/model.sdf
[1.713s] -- Up-to-date symlink: /home/raul/bookros2_ws/install/pal_gazebo_worlds/share/pal_gazebo_worlds/models/reemc_textured_object_nograv/model.config
[1.713s] -- Up-to-date symlink: /home/raul/bookros2_ws/install/pal_gazebo_worlds/share/pal_gazebo_worlds/models/reemc_textured_object_nograv/model.sdf
[1.713s] -- Up-to-date symlink: /home/raul/bookros2_ws/install/pal_gazebo_worlds/share/pal_gazebo_worlds/models/reemc_walls/model.config
[1.713s] -- Up-to-date symlink: /home/raul/bookros2_ws/install/pal_gazebo_worlds/share/pal_gazebo_worlds/models/reemc_walls/walls.sdf
[1.714s] -- Up-to-date symlink: /home/raul/bookros2_ws/install/pal_gazebo_worlds/share/pal_gazebo_worlds/models/reviews_table/meshes/reviews_table.stl
[1.718s] -- Up-to-date symlink: /home/raul/bookros2_ws/install/pal_gazebo_worlds/share/pal_gazebo_worlds/models/reviews_table/model.config
[1.718s] -- Up-to-date symlink: /home/raul/bookros2_ws/install/pal_gazebo_worlds/share/pal_gazebo_worlds/models/reviews_table/reviews_table.sdf
[1.718s] -- Up-to-date symlink: /home/raul/bookros2_ws/install/pal_gazebo_worlds/share/pal_gazebo_worlds/models/robocup_walls_70cm_doors/house_walls.sdf
[1.719s] -- Up-to-date symlink: /home/raul/bookros2_ws/install/pal_gazebo_worlds/share/pal_gazebo_worlds/models/robocup_walls_70cm_doors/meshes/robocup_house.stl
[1.719s] -- Up-to-date symlink: /home/raul/bookros2_ws/install/pal_gazebo_worlds/share/pal_gazebo_worlds/models/robocup_walls_70cm_doors/model.config
[1.719s] -- Up-to-date symlink: /home/raul/bookros2_ws/install/pal_gazebo_worlds/share/pal_gazebo_worlds/models/rockin_camp/README
[1.719s] -- Up-to-date symlink: /home/raul/bookros2_ws/install/pal_gazebo_worlds/share/pal_gazebo_worlds/models/rockin_camp/model.config
[1.720s] -- Up-to-date symlink: /home/raul/bookros2_ws/install/pal_gazebo_worlds/share/pal_gazebo_worlds/models/rockin_camp/model.sdf
[1.720s] -- Up-to-date symlink: /home/raul/bookros2_ws/install/pal_gazebo_worlds/share/pal_gazebo_worlds/models/rockin_camp/rockin_camp.png
[1.720s] -- Up-to-date symlink: /home/raul/bookros2_ws/install/pal_gazebo_worlds/share/pal_gazebo_worlds/models/sideboard/meshes/sideboard.stl
[1.720s] -- Up-to-date symlink: /home/raul/bookros2_ws/install/pal_gazebo_worlds/share/pal_gazebo_worlds/models/sideboard/model.config
[1.720s] -- Up-to-date symlink: /home/raul/bookros2_ws/install/pal_gazebo_worlds/share/pal_gazebo_worlds/models/sideboard/sideboard.sdf
[1.720s] -- Up-to-date symlink: /home/raul/bookros2_ws/install/pal_gazebo_worlds/share/pal_gazebo_worlds/models/slippery_patch/material/scripts/slippery_patch.material
[1.721s] -- Up-to-date symlink: /home/raul/bookros2_ws/install/pal_gazebo_worlds/share/pal_gazebo_worlds/models/slippery_patch/material/textures/slippery_patch.jpg
[1.721s] -- Up-to-date symlink: /home/raul/bookros2_ws/install/pal_gazebo_worlds/share/pal_gazebo_worlds/models/slippery_patch/model.config
[1.728s] -- Up-to-date symlink: /home/raul/bookros2_ws/install/pal_gazebo_worlds/share/pal_gazebo_worlds/models/slippery_patch/slippery_patch.sdf
[1.728s] -- Up-to-date symlink: /home/raul/bookros2_ws/install/pal_gazebo_worlds/share/pal_gazebo_worlds/models/small_cylinder/model.config
[1.729s] -- Up-to-date symlink: /home/raul/bookros2_ws/install/pal_gazebo_worlds/share/pal_gazebo_worlds/models/small_cylinder/small_cylinder.sdf
[1.729s] -- Up-to-date symlink: /home/raul/bookros2_ws/install/pal_gazebo_worlds/share/pal_gazebo_worlds/models/sofa/meshes/sofa.stl
[1.729s] -- Up-to-date symlink: /home/raul/bookros2_ws/install/pal_gazebo_worlds/share/pal_gazebo_worlds/models/sofa/model.config
[1.731s] -- Up-to-date symlink: /home/raul/bookros2_ws/install/pal_gazebo_worlds/share/pal_gazebo_worlds/models/sofa/sofa.sdf
[1.731s] -- Up-to-date symlink: /home/raul/bookros2_ws/install/pal_gazebo_worlds/share/pal_gazebo_worlds/models/sprite/material/scripts/sprite.material
[1.731s] -- Up-to-date symlink: /home/raul/bookros2_ws/install/pal_gazebo_worlds/share/pal_gazebo_worlds/models/sprite/material/textures/sprite.jpg
[1.731s] -- Up-to-date symlink: /home/raul/bookros2_ws/install/pal_gazebo_worlds/share/pal_gazebo_worlds/models/sprite/model.config
[1.732s] -- Up-to-date symlink: /home/raul/bookros2_ws/install/pal_gazebo_worlds/share/pal_gazebo_worlds/models/sprite/sprite.sdf
[1.732s] -- Up-to-date symlink: /home/raul/bookros2_ws/install/pal_gazebo_worlds/share/pal_gazebo_worlds/models/sun/model-1_2.sdf
[1.732s] -- Up-to-date symlink: /home/raul/bookros2_ws/install/pal_gazebo_worlds/share/pal_gazebo_worlds/models/sun/model-1_3.sdf
[1.733s] -- Up-to-date symlink: /home/raul/bookros2_ws/install/pal_gazebo_worlds/share/pal_gazebo_worlds/models/sun/model-1_4.sdf
[1.733s] -- Up-to-date symlink: /home/raul/bookros2_ws/install/pal_gazebo_worlds/share/pal_gazebo_worlds/models/sun/model.config
[1.734s] -- Up-to-date symlink: /home/raul/bookros2_ws/install/pal_gazebo_worlds/share/pal_gazebo_worlds/models/sun/model.sdf
[1.734s] -- Up-to-date symlink: /home/raul/bookros2_ws/install/pal_gazebo_worlds/share/pal_gazebo_worlds/models/table_0m8/model.config
[1.735s] -- Up-to-date symlink: /home/raul/bookros2_ws/install/pal_gazebo_worlds/share/pal_gazebo_worlds/models/table_0m8/table.sdf
[1.735s] -- Up-to-date symlink: /home/raul/bookros2_ws/install/pal_gazebo_worlds/share/pal_gazebo_worlds/models/table_1m/model.config
[1.735s] -- Up-to-date symlink: /home/raul/bookros2_ws/install/pal_gazebo_worlds/share/pal_gazebo_worlds/models/table_1m/table_1m.sdf
[1.736s] -- Up-to-date symlink: /home/raul/bookros2_ws/install/pal_gazebo_worlds/share/pal_gazebo_worlds/models/test2/meshes/test2.dae
[1.736s] -- Up-to-date symlink: /home/raul/bookros2_ws/install/pal_gazebo_worlds/share/pal_gazebo_worlds/models/test2/model.config
[1.736s] -- Up-to-date symlink: /home/raul/bookros2_ws/install/pal_gazebo_worlds/share/pal_gazebo_worlds/models/test2/test2.sdf
[1.737s] -- Up-to-date symlink: /home/raul/bookros2_ws/install/pal_gazebo_worlds/share/pal_gazebo_worlds/models/testing_room/README
[1.737s] -- Up-to-date symlink: /home/raul/bookros2_ws/install/pal_gazebo_worlds/share/pal_gazebo_worlds/models/testing_room/model.config
[1.738s] -- Up-to-date symlink: /home/raul/bookros2_ws/install/pal_gazebo_worlds/share/pal_gazebo_worlds/models/testing_room/model.sdf
[1.744s] -- Up-to-date symlink: /home/raul/bookros2_ws/install/pal_gazebo_worlds/share/pal_gazebo_worlds/models/testing_room/testing_room.png
[1.745s] -- Up-to-date symlink: /home/raul/bookros2_ws/install/pal_gazebo_worlds/share/pal_gazebo_worlds/models/tv/meshes/tv.stl
[1.745s] -- Up-to-date symlink: /home/raul/bookros2_ws/install/pal_gazebo_worlds/share/pal_gazebo_worlds/models/tv/model.config
[1.746s] -- Up-to-date symlink: /home/raul/bookros2_ws/install/pal_gazebo_worlds/share/pal_gazebo_worlds/models/tv/tv.sdf
[1.746s] -- Up-to-date symlink: /home/raul/bookros2_ws/install/pal_gazebo_worlds/share/pal_gazebo_worlds/models/wall_with_reem_photo/material/scripts/ball.material
[1.746s] -- Up-to-date symlink: /home/raul/bookros2_ws/install/pal_gazebo_worlds/share/pal_gazebo_worlds/models/wall_with_reem_photo/material/scripts/wallWithREEMphoto.material
[1.747s] -- Up-to-date symlink: /home/raul/bookros2_ws/install/pal_gazebo_worlds/share/pal_gazebo_worlds/models/wall_with_reem_photo/material/textures/REEM_photo0.jpg
[1.747s] -- Up-to-date symlink: /home/raul/bookros2_ws/install/pal_gazebo_worlds/share/pal_gazebo_worlds/models/wall_with_reem_photo/model.config
[1.748s] -- Up-to-date symlink: /home/raul/bookros2_ws/install/pal_gazebo_worlds/share/pal_gazebo_worlds/models/wall_with_reem_photo/model.sdf
[1.748s] -- Up-to-date symlink: /home/raul/bookros2_ws/install/pal_gazebo_worlds/share/pal_gazebo_worlds/models/wardrobe/meshes/wardrobe.stl
[1.749s] -- Up-to-date symlink: /home/raul/bookros2_ws/install/pal_gazebo_worlds/share/pal_gazebo_worlds/models/wardrobe/model.config
[1.749s] -- Up-to-date symlink: /home/raul/bookros2_ws/install/pal_gazebo_worlds/share/pal_gazebo_worlds/models/wardrobe/wardrobe.sdf
[1.750s] -- Up-to-date symlink: /home/raul/bookros2_ws/install/pal_gazebo_worlds/share/pal_gazebo_worlds/models/willowgarage/materials/textures/Carpet_Berber_Pattern_Gray_.png
[1.751s] -- Up-to-date symlink: /home/raul/bookros2_ws/install/pal_gazebo_worlds/share/pal_gazebo_worlds/models/willowgarage/materials/textures/Stone_Brushed_Khaki_.png
[1.751s] -- Up-to-date symlink: /home/raul/bookros2_ws/install/pal_gazebo_worlds/share/pal_gazebo_worlds/models/willowgarage/materials/textures/Wood_Bamboo_Medium_.png
[1.751s] -- Up-to-date symlink: /home/raul/bookros2_ws/install/pal_gazebo_worlds/share/pal_gazebo_worlds/models/willowgarage/materials/textures/Wood_Cherry_Original_.png
[1.751s] -- Up-to-date symlink: /home/raul/bookros2_ws/install/pal_gazebo_worlds/share/pal_gazebo_worlds/models/willowgarage/materials/textures/__Wood_Bamboo_Medium_1.png
[1.752s] -- Up-to-date symlink: /home/raul/bookros2_ws/install/pal_gazebo_worlds/share/pal_gazebo_worlds/models/willowgarage/materials/textures/__auto_12.png
[1.752s] -- Up-to-date symlink: /home/raul/bookros2_ws/install/pal_gazebo_worlds/share/pal_gazebo_worlds/models/willowgarage/materials/textures/__auto_2.png
[1.752s] -- Up-to-date symlink: /home/raul/bookros2_ws/install/pal_gazebo_worlds/share/pal_gazebo_worlds/models/willowgarage/meshes/willowgarage_collision.dae
[1.752s] -- Up-to-date symlink: /home/raul/bookros2_ws/install/pal_gazebo_worlds/share/pal_gazebo_worlds/models/willowgarage/meshes/willowgarage_visual.dae
[1.754s] -- Up-to-date symlink: /home/raul/bookros2_ws/install/pal_gazebo_worlds/share/pal_gazebo_worlds/worlds/aruco.world
[1.755s] -- Up-to-date symlink: /home/raul/bookros2_ws/install/pal_gazebo_worlds/share/pal_gazebo_worlds/worlds/ball.world
[1.755s] -- Up-to-date symlink: /home/raul/bookros2_ws/install/pal_gazebo_worlds/share/pal_gazebo_worlds/worlds/cabinet_grasping.world
[1.756s] -- Up-to-date symlink: /home/raul/bookros2_ws/install/pal_gazebo_worlds/share/pal_gazebo_worlds/worlds/calibration_room.world
[1.764s] -- Up-to-date symlink: /home/raul/bookros2_ws/install/pal_gazebo_worlds/share/pal_gazebo_worlds/worlds/chairs.world
[1.765s] -- Up-to-date symlink: /home/raul/bookros2_ws/install/pal_gazebo_worlds/share/pal_gazebo_worlds/worlds/corridor_110cm.world
[1.765s] -- Up-to-date symlink: /home/raul/bookros2_ws/install/pal_gazebo_worlds/share/pal_gazebo_worlds/worlds/corridor_60cm.world
[1.766s] -- Up-to-date symlink: /home/raul/bookros2_ws/install/pal_gazebo_worlds/share/pal_gazebo_worlds/worlds/corridor_70cm.world
[1.766s] -- Up-to-date symlink: /home/raul/bookros2_ws/install/pal_gazebo_worlds/share/pal_gazebo_worlds/worlds/corridor_85cm.world
[1.766s] -- Up-to-date symlink: /home/raul/bookros2_ws/install/pal_gazebo_worlds/share/pal_gazebo_worlds/worlds/dock_and_aruco.world
[1.767s] -- Up-to-date symlink: /home/raul/bookros2_ws/install/pal_gazebo_worlds/share/pal_gazebo_worlds/worlds/dock_station.world
[1.768s] -- Up-to-date symlink: /home/raul/bookros2_ws/install/pal_gazebo_worlds/share/pal_gazebo_worlds/worlds/docker_chair.world
[1.768s] -- Up-to-date symlink: /home/raul/bookros2_ws/install/pal_gazebo_worlds/share/pal_gazebo_worlds/worlds/door_obstacle.world
[1.769s] -- Up-to-date symlink: /home/raul/bookros2_ws/install/pal_gazebo_worlds/share/pal_gazebo_worlds/worlds/empty.world
[1.769s] -- Up-to-date symlink: /home/raul/bookros2_ws/install/pal_gazebo_worlds/share/pal_gazebo_worlds/worlds/empty_room.world
[1.770s] -- Up-to-date symlink: /home/raul/bookros2_ws/install/pal_gazebo_worlds/share/pal_gazebo_worlds/worlds/factory.world
[1.771s] -- Up-to-date symlink: /home/raul/bookros2_ws/install/pal_gazebo_worlds/share/pal_gazebo_worlds/worlds/featured.world
[1.771s] -- Up-to-date symlink: /home/raul/bookros2_ws/install/pal_gazebo_worlds/share/pal_gazebo_worlds/worlds/footstep_obstacle.world
[1.771s] -- Up-to-date symlink: /home/raul/bookros2_ws/install/pal_gazebo_worlds/share/pal_gazebo_worlds/worlds/hit_table.world
[1.771s] -- Up-to-date symlink: /home/raul/bookros2_ws/install/pal_gazebo_worlds/share/pal_gazebo_worlds/worlds/home.world
[1.772s] -- Up-to-date symlink: /home/raul/bookros2_ws/install/pal_gazebo_worlds/share/pal_gazebo_worlds/worlds/hospital.world
[1.772s] -- Up-to-date symlink: /home/raul/bookros2_ws/install/pal_gazebo_worlds/share/pal_gazebo_worlds/worlds/hospital_flat.world
[1.773s] -- Up-to-date symlink: /home/raul/bookros2_ws/install/pal_gazebo_worlds/share/pal_gazebo_worlds/worlds/look_to_point.world
[1.773s] -- Up-to-date symlink: /home/raul/bookros2_ws/install/pal_gazebo_worlds/share/pal_gazebo_worlds/worlds/low_sun_empty.world
[1.774s] -- Up-to-date symlink: /home/raul/bookros2_ws/install/pal_gazebo_worlds/share/pal_gazebo_worlds/worlds/memmo_simple.world
[1.774s] -- Up-to-date symlink: /home/raul/bookros2_ws/install/pal_gazebo_worlds/share/pal_gazebo_worlds/worlds/narrow_passage.world
[1.774s] -- Up-to-date symlink: /home/raul/bookros2_ws/install/pal_gazebo_worlds/share/pal_gazebo_worlds/worlds/objects_on_table.world
[1.775s] -- Up-to-date symlink: /home/raul/bookros2_ws/install/pal_gazebo_worlds/share/pal_gazebo_worlds/worlds/pal_office.world
[1.776s] -- Up-to-date symlink: /home/raul/bookros2_ws/install/pal_gazebo_worlds/share/pal_gazebo_worlds/worlds/pal_textured_object.world
[1.776s] -- Up-to-date symlink: /home/raul/bookros2_ws/install/pal_gazebo_worlds/share/pal_gazebo_worlds/worlds/passage_110cm.world
[1.776s] -- Up-to-date symlink: /home/raul/bookros2_ws/install/pal_gazebo_worlds/share/pal_gazebo_worlds/worlds/passage_60cm.world
[1.776s] -- Up-to-date symlink: /home/raul/bookros2_ws/install/pal_gazebo_worlds/share/pal_gazebo_worlds/worlds/passage_70cm.world
[1.777s] -- Up-to-date symlink: /home/raul/bookros2_ws/install/pal_gazebo_worlds/share/pal_gazebo_worlds/worlds/pg_demo.world
[1.778s] -- Up-to-date symlink: /home/raul/bookros2_ws/install/pal_gazebo_worlds/share/pal_gazebo_worlds/worlds/pick.world
[1.778s] -- Up-to-date symlink: /home/raul/bookros2_ws/install/pal_gazebo_worlds/share/pal_gazebo_worlds/worlds/pick_place_cabinet.world
[1.778s] -- Up-to-date symlink: /home/raul/bookros2_ws/install/pal_gazebo_worlds/share/pal_gazebo_worlds/worlds/pick_place_close_demo.world
[1.781s] -- Up-to-date symlink: /home/raul/bookros2_ws/install/pal_gazebo_worlds/share/pal_gazebo_worlds/worlds/pick_place_demo.world
[1.781s] -- Up-to-date symlink: /home/raul/bookros2_ws/install/pal_gazebo_worlds/share/pal_gazebo_worlds/worlds/reemc.world
[1.789s] -- Up-to-date symlink: /home/raul/bookros2_ws/install/pal_gazebo_worlds/share/pal_gazebo_worlds/worlds/reemc_indoor.world
[1.790s] -- Up-to-date symlink: /home/raul/bookros2_ws/install/pal_gazebo_worlds/share/pal_gazebo_worlds/worlds/simple_office.world
[1.790s] -- Up-to-date symlink: /home/raul/bookros2_ws/install/pal_gazebo_worlds/share/pal_gazebo_worlds/worlds/simple_office_with_people.world
[1.794s] -- Up-to-date symlink: /home/raul/bookros2_ws/install/pal_gazebo_worlds/share/pal_gazebo_worlds/worlds/simple_ramp.world
[1.795s] -- Up-to-date symlink: /home/raul/bookros2_ws/install/pal_gazebo_worlds/share/pal_gazebo_worlds/worlds/small_factory.world
[1.796s] -- Up-to-date symlink: /home/raul/bookros2_ws/install/pal_gazebo_worlds/share/pal_gazebo_worlds/worlds/small_office.world
[1.796s] -- Up-to-date symlink: /home/raul/bookros2_ws/install/pal_gazebo_worlds/share/pal_gazebo_worlds/worlds/small_office_door_obstacle.world
[1.796s] -- Up-to-date symlink: /home/raul/bookros2_ws/install/pal_gazebo_worlds/share/pal_gazebo_worlds/worlds/small_office_inventory.world
[1.797s] -- Up-to-date symlink: /home/raul/bookros2_ws/install/pal_gazebo_worlds/share/pal_gazebo_worlds/worlds/small_textured_office.world
[1.798s] -- Up-to-date symlink: /home/raul/bookros2_ws/install/pal_gazebo_worlds/share/pal_gazebo_worlds/worlds/socmcs.world
[1.798s] -- Up-to-date symlink: /home/raul/bookros2_ws/install/pal_gazebo_worlds/share/pal_gazebo_worlds/worlds/stairs.world
[1.799s] -- Up-to-date symlink: /home/raul/bookros2_ws/install/pal_gazebo_worlds/share/pal_gazebo_worlds/worlds/stamping_demo.world
[1.799s] -- Up-to-date symlink: /home/raul/bookros2_ws/install/pal_gazebo_worlds/share/pal_gazebo_worlds/worlds/t_shaped.world
[1.799s] -- Up-to-date symlink: /home/raul/bookros2_ws/install/pal_gazebo_worlds/share/pal_gazebo_worlds/worlds/tabletop_cube.world
[1.799s] -- Up-to-date symlink: /home/raul/bookros2_ws/install/pal_gazebo_worlds/share/pal_gazebo_worlds/worlds/tabletop_cylinder.world
[1.799s] -- Up-to-date symlink: /home/raul/bookros2_ws/install/pal_gazebo_worlds/share/pal_gazebo_worlds/worlds/tutorial_office.world
[1.800s] -- Up-to-date symlink: /home/raul/bookros2_ws/install/pal_gazebo_worlds/share/pal_gazebo_worlds/worlds/voronoi_graph.world
[1.800s] -- Up-to-date symlink: /home/raul/bookros2_ws/install/pal_gazebo_worlds/share/pal_gazebo_worlds/worlds/willow_garage.world
[1.800s] -- Up-to-date symlink: /home/raul/bookros2_ws/install/pal_gazebo_worlds/share/pal_gazebo_worlds/worlds/world_wall_REEM_photo.world
[1.801s] -- Up-to-date symlink: /home/raul/bookros2_ws/install/pal_gazebo_worlds/share/pal_gazebo_worlds/urdf/chessboard/chessboard.gazebo.xacro
[1.801s] -- Up-to-date symlink: /home/raul/bookros2_ws/install/pal_gazebo_worlds/share/pal_gazebo_worlds/urdf/chessboard/chessboard.urdf.xacro
[1.802s] -- Up-to-date symlink: /home/raul/bookros2_ws/install/pal_gazebo_worlds/share/pal_gazebo_worlds/urdf/chessboard/chessboard_example.urdf.xacro
[1.802s] -- Up-to-date symlink: /home/raul/bookros2_ws/install/pal_gazebo_worlds/share/pal_gazebo_worlds/urdf/simple_box.urdf
[1.803s] -- Up-to-date symlink: /home/raul/bookros2_ws/install/pal_gazebo_worlds/share/pal_gazebo_worlds/meshes/chessboard/chessboard.dae
[1.803s] -- Up-to-date symlink: /home/raul/bookros2_ws/install/pal_gazebo_worlds/share/pal_gazebo_worlds/meshes/chessboard/chessboard.png
[1.803s] -- Up-to-date symlink: /home/raul/bookros2_ws/install/pal_gazebo_worlds/share/ament_index/resource_index/package_run_dependencies/pal_gazebo_worlds
[1.805s] -- Up-to-date symlink: /home/raul/bookros2_ws/install/pal_gazebo_worlds/share/ament_index/resource_index/parent_prefix_path/pal_gazebo_worlds
[1.806s] -- Up-to-date symlink: /home/raul/bookros2_ws/install/pal_gazebo_worlds/share/pal_gazebo_worlds/environment/ament_prefix_path.sh
[1.807s] -- Up-to-date symlink: /home/raul/bookros2_ws/install/pal_gazebo_worlds/share/pal_gazebo_worlds/environment/ament_prefix_path.dsv
[1.807s] -- Up-to-date symlink: /home/raul/bookros2_ws/install/pal_gazebo_worlds/share/pal_gazebo_worlds/environment/path.sh
[1.807s] -- Up-to-date symlink: /home/raul/bookros2_ws/install/pal_gazebo_worlds/share/pal_gazebo_worlds/environment/path.dsv
[1.808s] -- Up-to-date symlink: /home/raul/bookros2_ws/install/pal_gazebo_worlds/share/pal_gazebo_worlds/local_setup.bash
[1.808s] -- Up-to-date symlink: /home/raul/bookros2_ws/install/pal_gazebo_worlds/share/pal_gazebo_worlds/local_setup.sh
[1.815s] -- Up-to-date symlink: /home/raul/bookros2_ws/install/pal_gazebo_worlds/share/pal_gazebo_worlds/local_setup.zsh
[1.816s] -- Up-to-date symlink: /home/raul/bookros2_ws/install/pal_gazebo_worlds/share/pal_gazebo_worlds/local_setup.dsv
[1.816s] -- Symlinking: /home/raul/bookros2_ws/install/pal_gazebo_worlds/share/pal_gazebo_worlds/package.dsv
[1.831s] -- Up-to-date symlink: /home/raul/bookros2_ws/install/pal_gazebo_worlds/share/ament_index/resource_index/packages/pal_gazebo_worlds
[1.832s] -- Up-to-date symlink: /home/raul/bookros2_ws/install/pal_gazebo_worlds/share/pal_gazebo_worlds/cmake/pal_gazebo_worldsConfig.cmake
[1.838s] -- Up-to-date symlink: /home/raul/bookros2_ws/install/pal_gazebo_worlds/share/pal_gazebo_worlds/cmake/pal_gazebo_worldsConfig-version.cmake
[1.838s] -- Up-to-date symlink: /home/raul/bookros2_ws/install/pal_gazebo_worlds/share/pal_gazebo_worlds/package.xml
[1.916s] Invoked command in '/home/raul/bookros2_ws/build/pal_gazebo_worlds' returned '0': CMAKE_PREFIX_PATH=${CMAKE_PREFIX_PATH}:/home/raul/bookros2_ws/install/ros2controlcli:/home/raul/bookros2_ws/install/launch_pal:/home/raul/bookros2_ws/install/br2_fsm_bumpgo_py:/opt/ros/foxy /usr/bin/cmake --install /home/raul/bookros2_ws/build/pal_gazebo_worlds
