[0.525s] Invoking command in '/home/raul/bookros2_ws/build/pmb2_maps': CMAKE_PREFIX_PATH=${CMAKE_PREFIX_PATH}:/home/raul/bookros2_ws/install/ros2controlcli:/home/raul/bookros2_ws/install/launch_pal:/home/raul/bookros2_ws/install/br2_fsm_bumpgo_py:/opt/ros/foxy /usr/bin/cmake /home/raul/bookros2_ws/src/ThirdParty/pmb2_navigation/pmb2_maps -DCMAKE_INSTALL_PREFIX=/home/raul/bookros2_ws/install/pmb2_maps
[0.781s] -- Found ament_cmake_auto: 0.9.11 (/opt/ros/foxy/share/ament_cmake_auto/cmake)
[0.781s] -- Using PYTHON_EXECUTABLE: /usr/bin/python3
[0.968s] -- Override CMake install command with custom implementation using symlinks instead of copying resources
[1.130s] -- Configuring done
[1.140s] -- Generating done
[1.149s] -- Build files have been written to: /home/raul/bookros2_ws/build/pmb2_maps
[1.152s] Invoked command in '/home/raul/bookros2_ws/build/pmb2_maps' returned '0': CMAKE_PREFIX_PATH=${CMAKE_PREFIX_PATH}:/home/raul/bookros2_ws/install/ros2controlcli:/home/raul/bookros2_ws/install/launch_pal:/home/raul/bookros2_ws/install/br2_fsm_bumpgo_py:/opt/ros/foxy /usr/bin/cmake /home/raul/bookros2_ws/src/ThirdParty/pmb2_navigation/pmb2_maps -DCMAKE_INSTALL_PREFIX=/home/raul/bookros2_ws/install/pmb2_maps
[1.159s] Invoking command in '/home/raul/bookros2_ws/build/pmb2_maps': CMAKE_PREFIX_PATH=${CMAKE_PREFIX_PATH}:/home/raul/bookros2_ws/install/ros2controlcli:/home/raul/bookros2_ws/install/launch_pal:/home/raul/bookros2_ws/install/br2_fsm_bumpgo_py:/opt/ros/foxy /usr/bin/cmake --build /home/raul/bookros2_ws/build/pmb2_maps -- -j10 -l10
[1.288s] Invoked command in '/home/raul/bookros2_ws/build/pmb2_maps' returned '0': CMAKE_PREFIX_PATH=${CMAKE_PREFIX_PATH}:/home/raul/bookros2_ws/install/ros2controlcli:/home/raul/bookros2_ws/install/launch_pal:/home/raul/bookros2_ws/install/br2_fsm_bumpgo_py:/opt/ros/foxy /usr/bin/cmake --build /home/raul/bookros2_ws/build/pmb2_maps -- -j10 -l10
[1.375s] Invoking command in '/home/raul/bookros2_ws/build/pmb2_maps': CMAKE_PREFIX_PATH=${CMAKE_PREFIX_PATH}:/home/raul/bookros2_ws/install/ros2controlcli:/home/raul/bookros2_ws/install/launch_pal:/home/raul/bookros2_ws/install/br2_fsm_bumpgo_py:/opt/ros/foxy /usr/bin/cmake --install /home/raul/bookros2_ws/build/pmb2_maps
[1.396s] -- Install configuration: ""
[1.398s] -- Execute custom install script
[1.398s] -- Up-to-date symlink: /home/raul/bookros2_ws/install/pmb2_maps/share/pmb2_maps/config/map.pgm
[1.408s] -- Up-to-date symlink: /home/raul/bookros2_ws/install/pmb2_maps/share/pmb2_maps/config/map.yaml
[1.408s] -- Up-to-date symlink: /home/raul/bookros2_ws/install/pmb2_maps/share/pmb2_maps/config/mmap.yaml
[1.413s] -- Up-to-date symlink: /home/raul/bookros2_ws/install/pmb2_maps/share/pmb2_maps/configurations/pal_office/map.pgm
[1.414s] -- Up-to-date symlink: /home/raul/bookros2_ws/install/pmb2_maps/share/pmb2_maps/configurations/pal_office/map.yaml
[1.421s] -- Up-to-date symlink: /home/raul/bookros2_ws/install/pmb2_maps/share/pmb2_maps/configurations/pal_office/mmap.yaml
[1.422s] -- Up-to-date symlink: /home/raul/bookros2_ws/install/pmb2_maps/share/pmb2_maps/configurations/small_office/map.bmp
[1.423s] -- Up-to-date symlink: /home/raul/bookros2_ws/install/pmb2_maps/share/pmb2_maps/configurations/small_office/map.bt
[1.424s] -- Up-to-date symlink: /home/raul/bookros2_ws/install/pmb2_maps/share/pmb2_maps/configurations/small_office/map.ot
[1.424s] -- Up-to-date symlink: /home/raul/bookros2_ws/install/pmb2_maps/share/pmb2_maps/configurations/small_office/map.pgm
[1.424s] -- Up-to-date symlink: /home/raul/bookros2_ws/install/pmb2_maps/share/pmb2_maps/configurations/small_office/map.yaml
[1.424s] -- Up-to-date symlink: /home/raul/bookros2_ws/install/pmb2_maps/share/pmb2_maps/configurations/small_office/mmap.yaml
[1.425s] -- Up-to-date symlink: /home/raul/bookros2_ws/install/pmb2_maps/share/pmb2_maps/configurations/small_office/transformation.yaml
[1.426s] -- Up-to-date symlink: /home/raul/bookros2_ws/install/pmb2_maps/share/ament_index/resource_index/package_run_dependencies/pmb2_maps
[1.426s] -- Up-to-date symlink: /home/raul/bookros2_ws/install/pmb2_maps/share/ament_index/resource_index/parent_prefix_path/pmb2_maps
[1.427s] -- Up-to-date symlink: /home/raul/bookros2_ws/install/pmb2_maps/share/pmb2_maps/environment/ament_prefix_path.sh
[1.428s] -- Up-to-date symlink: /home/raul/bookros2_ws/install/pmb2_maps/share/pmb2_maps/environment/ament_prefix_path.dsv
[1.429s] -- Up-to-date symlink: /home/raul/bookros2_ws/install/pmb2_maps/share/pmb2_maps/environment/path.sh
[1.429s] -- Up-to-date symlink: /home/raul/bookros2_ws/install/pmb2_maps/share/pmb2_maps/environment/path.dsv
[1.429s] -- Up-to-date symlink: /home/raul/bookros2_ws/install/pmb2_maps/share/pmb2_maps/local_setup.bash
[1.429s] -- Up-to-date symlink: /home/raul/bookros2_ws/install/pmb2_maps/share/pmb2_maps/local_setup.sh
[1.430s] -- Up-to-date symlink: /home/raul/bookros2_ws/install/pmb2_maps/share/pmb2_maps/local_setup.zsh
[1.430s] -- Up-to-date symlink: /home/raul/bookros2_ws/install/pmb2_maps/share/pmb2_maps/local_setup.dsv
[1.433s] -- Symlinking: /home/raul/bookros2_ws/install/pmb2_maps/share/pmb2_maps/package.dsv
[1.452s] -- Up-to-date symlink: /home/raul/bookros2_ws/install/pmb2_maps/share/ament_index/resource_index/packages/pmb2_maps
[1.452s] -- Up-to-date symlink: /home/raul/bookros2_ws/install/pmb2_maps/share/pmb2_maps/cmake/pmb2_mapsConfig.cmake
[1.452s] -- Up-to-date symlink: /home/raul/bookros2_ws/install/pmb2_maps/share/pmb2_maps/cmake/pmb2_mapsConfig-version.cmake
[1.452s] -- Up-to-date symlink: /home/raul/bookros2_ws/install/pmb2_maps/share/pmb2_maps/package.xml
[1.590s] Invoked command in '/home/raul/bookros2_ws/build/pmb2_maps' returned '0': CMAKE_PREFIX_PATH=${CMAKE_PREFIX_PATH}:/home/raul/bookros2_ws/install/ros2controlcli:/home/raul/bookros2_ws/install/launch_pal:/home/raul/bookros2_ws/install/br2_fsm_bumpgo_py:/opt/ros/foxy /usr/bin/cmake --install /home/raul/bookros2_ws/build/pmb2_maps
