[0.162s] Invoking command in '/home/raul/bookros2_ws/build/my_package': CMAKE_PREFIX_PATH=${CMAKE_PREFIX_PATH}:/home/raul/bookros2_ws/install/ros2controlcli:/home/raul/bookros2_ws/install/launch_pal:/home/raul/bookros2_ws/install/br2_fsm_bumpgo_py:/opt/ros/foxy /usr/bin/cmake --build /home/raul/bookros2_ws/build/my_package -- -j8 -l8
[0.439s] [100%] Built target simple
[0.528s] Invoked command in '/home/raul/bookros2_ws/build/my_package' returned '0': CMAKE_PREFIX_PATH=${CMAKE_PREFIX_PATH}:/home/raul/bookros2_ws/install/ros2controlcli:/home/raul/bookros2_ws/install/launch_pal:/home/raul/bookros2_ws/install/br2_fsm_bumpgo_py:/opt/ros/foxy /usr/bin/cmake --build /home/raul/bookros2_ws/build/my_package -- -j8 -l8
[0.650s] Invoking command in '/home/raul/bookros2_ws/build/my_package': CMAKE_PREFIX_PATH=${CMAKE_PREFIX_PATH}:/home/raul/bookros2_ws/install/ros2controlcli:/home/raul/bookros2_ws/install/launch_pal:/home/raul/bookros2_ws/install/br2_fsm_bumpgo_py:/opt/ros/foxy /usr/bin/cmake --install /home/raul/bookros2_ws/build/my_package
[0.693s] -- Install configuration: ""
[0.693s] -- Execute custom install script
[0.694s] -- Up-to-date symlink: /home/raul/bookros2_ws/install/my_package/lib/my_package/simple
[0.694s] -- Up-to-date symlink: /home/raul/bookros2_ws/install/my_package/share/ament_index/resource_index/package_run_dependencies/my_package
[0.694s] -- Up-to-date symlink: /home/raul/bookros2_ws/install/my_package/share/ament_index/resource_index/parent_prefix_path/my_package
[0.694s] -- Up-to-date symlink: /home/raul/bookros2_ws/install/my_package/share/my_package/environment/ament_prefix_path.sh
[0.695s] -- Up-to-date symlink: /home/raul/bookros2_ws/install/my_package/share/my_package/environment/ament_prefix_path.dsv
[0.695s] -- Up-to-date symlink: /home/raul/bookros2_ws/install/my_package/share/my_package/environment/path.sh
[0.695s] -- Up-to-date symlink: /home/raul/bookros2_ws/install/my_package/share/my_package/environment/path.dsv
[0.695s] -- Up-to-date symlink: /home/raul/bookros2_ws/install/my_package/share/my_package/local_setup.bash
[0.696s] -- Up-to-date symlink: /home/raul/bookros2_ws/install/my_package/share/my_package/local_setup.sh
[0.697s] -- Up-to-date symlink: /home/raul/bookros2_ws/install/my_package/share/my_package/local_setup.zsh
[0.697s] -- Up-to-date symlink: /home/raul/bookros2_ws/install/my_package/share/my_package/local_setup.dsv
[0.697s] -- Symlinking: /home/raul/bookros2_ws/install/my_package/share/my_package/package.dsv
[0.721s] -- Up-to-date symlink: /home/raul/bookros2_ws/install/my_package/share/ament_index/resource_index/packages/my_package
[0.721s] -- Up-to-date symlink: /home/raul/bookros2_ws/install/my_package/share/my_package/cmake/ament_cmake_export_dependencies-extras.cmake
[0.722s] -- Up-to-date symlink: /home/raul/bookros2_ws/install/my_package/share/my_package/cmake/my_packageConfig.cmake
[0.722s] -- Up-to-date symlink: /home/raul/bookros2_ws/install/my_package/share/my_package/cmake/my_packageConfig-version.cmake
[0.722s] -- Up-to-date symlink: /home/raul/bookros2_ws/install/my_package/share/my_package/package.xml
[0.852s] Invoked command in '/home/raul/bookros2_ws/build/my_package' returned '0': CMAKE_PREFIX_PATH=${CMAKE_PREFIX_PATH}:/home/raul/bookros2_ws/install/ros2controlcli:/home/raul/bookros2_ws/install/launch_pal:/home/raul/bookros2_ws/install/br2_fsm_bumpgo_py:/opt/ros/foxy /usr/bin/cmake --install /home/raul/bookros2_ws/build/my_package
