[0.125s] Invoking command in '/home/raul/bookros2_ws/build/br2_vff_avoidance': CMAKE_PREFIX_PATH=/opt/ros/foxy /usr/bin/cmake /home/raul/bookros2_ws/src/book_ros2/br2_vff_avoidance -DAMENT_CMAKE_SYMLINK_INSTALL=1 -DCMAKE_INSTALL_PREFIX=/home/raul/bookros2_ws/install/br2_vff_avoidance
[0.833s] -- The C compiler identification is GNU 9.4.0
[0.907s] -- The CXX compiler identification is GNU 9.4.0
[0.915s] -- Check for working C compiler: /usr/bin/cc
[1.319s] -- Check for working C compiler: /usr/bin/cc -- works
[1.320s] -- Detecting C compiler ABI info
[1.695s] -- Detecting C compiler ABI info - done
[1.697s] -- Detecting C compile features
[1.699s] -- Detecting C compile features - done
[1.719s] -- Check for working CXX compiler: /usr/bin/c++
[2.092s] -- Check for working CXX compiler: /usr/bin/c++ -- works
[2.093s] -- Detecting CXX compiler ABI info
[2.403s] -- Detecting CXX compiler ABI info - done
[2.440s] -- Detecting CXX compile features
[2.443s] -- Detecting CXX compile features - done
[2.464s] -- Found ament_cmake: 0.9.11 (/opt/ros/foxy/share/ament_cmake/cmake)
[2.583s] -- Found PythonInterp: /usr/bin/python3 (found suitable version "3.8.10", minimum required is "3") 
[2.583s] -- Using PYTHON_EXECUTABLE: /usr/bin/python3
[3.534s] -- Override CMake install command with custom implementation using symlinks instead of copying resources
[3.618s] -- Found rclcpp: 2.4.2 (/opt/ros/foxy/share/rclcpp/cmake)
[3.763s] -- Using all available rosidl_typesupport_c: rosidl_typesupport_fastrtps_c;rosidl_typesupport_introspection_c
[3.784s] -- Found rosidl_adapter: 1.3.0 (/opt/ros/foxy/share/rosidl_adapter/cmake)
[4.241s] -- Found OpenSSL: /usr/lib/x86_64-linux-gnu/libcrypto.so (found version "1.1.1f")  
[4.348s] -- Found FastRTPS: /opt/ros/foxy/include  
[4.650s] -- Using all available rosidl_typesupport_cpp: rosidl_typesupport_fastrtps_cpp;rosidl_typesupport_introspection_cpp
[4.856s] -- Found rmw_implementation_cmake: 1.0.3 (/opt/ros/foxy/share/rmw_implementation_cmake/cmake)
[4.860s] -- Using RMW implementation 'rmw_fastrtps_cpp' as default
[4.862s] -- Looking for pthread.h
[5.036s] -- Looking for pthread.h - found
[5.036s] -- Performing Test CMAKE_HAVE_LIBC_PTHREAD
[5.247s] -- Performing Test CMAKE_HAVE_LIBC_PTHREAD - Failed
[5.247s] -- Looking for pthread_create in pthreads
[5.462s] -- Looking for pthread_create in pthreads - not found
[5.462s] -- Looking for pthread_create in pthread
[5.663s] -- Looking for pthread_create in pthread - found
[5.664s] -- Found Threads: TRUE  
[5.932s] -- Found sensor_msgs: 2.0.5 (/opt/ros/foxy/share/sensor_msgs/cmake)
[6.127s] -- Found visualization_msgs: 2.0.5 (/opt/ros/foxy/share/visualization_msgs/cmake)
[6.260s] -- Found ament_lint_auto: 0.9.7 (/opt/ros/foxy/share/ament_lint_auto/cmake)
[6.387s] -- Found gtest sources under '/opt/ros/foxy/src/gtest_vendor': C++ tests using 'Google Test' will be built
[6.390s] -- Check if compiler accepts -pthread
[6.518s] -- Check if compiler accepts -pthread - yes
[6.530s] -- Added test 'copyright' to check source files copyright and LICENSE
[6.535s] -- Added test 'cppcheck' to perform static code analysis on C / C++ code
[6.535s] -- Configured cppcheck include dirs: /home/raul/bookros2_ws/src/book_ros2/br2_vff_avoidance/include
[6.536s] -- Configured cppcheck exclude dirs and/or files: 
[6.538s] -- Added test 'cpplint' to check C / C++ code against the Google style
[6.538s] -- Configured cpplint exclude dirs and/or files: 
[6.539s] -- Added test 'flake8' to check Python code syntax and style conventions
[6.540s] -- Added test 'lint_cmake' to check CMake code style
[6.541s] -- Added test 'pep257' to check Python code against some of the style conventions in PEP 257
[6.542s] -- Added test 'uncrustify' to check C / C++ code style
[6.542s] -- Configured uncrustify additional arguments: 
[6.543s] -- Added test 'xmllint' to check XML markup files
[6.551s] -- Configuring done
[6.585s] -- Generating done
[6.589s] -- Build files have been written to: /home/raul/bookros2_ws/build/br2_vff_avoidance
[6.606s] Invoked command in '/home/raul/bookros2_ws/build/br2_vff_avoidance' returned '0': CMAKE_PREFIX_PATH=/opt/ros/foxy /usr/bin/cmake /home/raul/bookros2_ws/src/book_ros2/br2_vff_avoidance -DAMENT_CMAKE_SYMLINK_INSTALL=1 -DCMAKE_INSTALL_PREFIX=/home/raul/bookros2_ws/install/br2_vff_avoidance
[6.608s] Invoking command in '/home/raul/bookros2_ws/build/br2_vff_avoidance': CMAKE_PREFIX_PATH=/opt/ros/foxy /usr/bin/cmake --build /home/raul/bookros2_ws/build/br2_vff_avoidance -- -j8 -l8
[8.552s] [35m[1mScanning dependencies of target br2_vff_avoidance[0m
[8.552s] [ 10%] [32mBuilding CXX object CMakeFiles/br2_vff_avoidance.dir/src/br2_vff_avoidance/AvoidanceNode.cpp.o[0m
[15.948s] [ 20%] [32m[1mLinking CXX shared library libbr2_vff_avoidance.so[0m
[16.370s] [ 20%] Built target br2_vff_avoidance
[16.385s] [35m[1mScanning dependencies of target gtest_main[0m
[16.405s] [ 30%] [32mBuilding CXX object gtest/CMakeFiles/gtest_main.dir/src/gtest_main.cc.o[0m
[17.810s] [ 40%] [32m[1mLinking CXX static library libgtest_main.a[0m
[17.859s] [ 40%] Built target gtest_main
[17.874s] [35m[1mScanning dependencies of target avoidance_vff[0m
[17.923s] [ 50%] [32mBuilding CXX object CMakeFiles/avoidance_vff.dir/src/avoidance_vff_main.cpp.o[0m
[20.911s] [ 60%] [32m[1mLinking CXX executable avoidance_vff[0m
[21.124s] [ 60%] Built target avoidance_vff
[21.140s] [35m[1mScanning dependencies of target gtest[0m
[21.165s] [ 70%] [32mBuilding CXX object gtest/CMakeFiles/gtest.dir/src/gtest-all.cc.o[0m
[26.028s] [ 80%] [32m[1mLinking CXX static library libgtest.a[0m
[26.114s] [ 80%] Built target gtest
[26.129s] [35m[1mScanning dependencies of target vff_test[0m
[26.180s] [ 90%] [32mBuilding CXX object tests/CMakeFiles/vff_test.dir/vff_test.cpp.o[0m
[34.773s] [100%] [32m[1mLinking CXX executable vff_test[0m
[35.288s] [100%] Built target vff_test
