[0.488s] Invoking command in '/home/raul/bookros2_ws/build/hey5_description': CMAKE_PREFIX_PATH=${CMAKE_PREFIX_PATH}:/home/raul/bookros2_ws/install/ros2controlcli:/home/raul/bookros2_ws/install/launch_pal:/home/raul/bookros2_ws/install/br2_fsm_bumpgo_py:/opt/ros/foxy /usr/bin/cmake --build /home/raul/bookros2_ws/build/hey5_description -- -j8 -l8
[0.662s] Invoked command in '/home/raul/bookros2_ws/build/hey5_description' returned '0': CMAKE_PREFIX_PATH=${CMAKE_PREFIX_PATH}:/home/raul/bookros2_ws/install/ros2controlcli:/home/raul/bookros2_ws/install/launch_pal:/home/raul/bookros2_ws/install/br2_fsm_bumpgo_py:/opt/ros/foxy /usr/bin/cmake --build /home/raul/bookros2_ws/build/hey5_description -- -j8 -l8
[0.893s] Invoking command in '/home/raul/bookros2_ws/build/hey5_description': CMAKE_PREFIX_PATH=${CMAKE_PREFIX_PATH}:/home/raul/bookros2_ws/install/ros2controlcli:/home/raul/bookros2_ws/install/launch_pal:/home/raul/bookros2_ws/install/br2_fsm_bumpgo_py:/opt/ros/foxy /usr/bin/cmake --install /home/raul/bookros2_ws/build/hey5_description
[0.940s] -- Install configuration: ""
[0.940s] -- Execute custom install script
[0.941s] -- Up-to-date symlink: /home/raul/bookros2_ws/install/hey5_description/share/hey5_description/config/two_hands.rviz
[0.942s] -- Up-to-date symlink: /home/raul/bookros2_ws/install/hey5_description/share/hey5_description/gazebo/gazebo.urdf.xacro
[0.942s] -- Up-to-date symlink: /home/raul/bookros2_ws/install/hey5_description/share/hey5_description/launch/hey5_kinematics_test.launch
[0.943s] -- Up-to-date symlink: /home/raul/bookros2_ws/install/hey5_description/share/hey5_description/meshes/finger_abd_collision.stl
[0.944s] -- Up-to-date symlink: /home/raul/bookros2_ws/install/hey5_description/share/hey5_description/meshes/finger_flex_collision.stl
[0.944s] -- Up-to-date symlink: /home/raul/bookros2_ws/install/hey5_description/share/hey5_description/meshes/finger_flex_tip_collision.stl
[0.944s] -- Up-to-date symlink: /home/raul/bookros2_ws/install/hey5_description/share/hey5_description/meshes/palm.stl
[0.944s] -- Up-to-date symlink: /home/raul/bookros2_ws/install/hey5_description/share/hey5_description/meshes/palm_collision.stl
[0.946s] -- Up-to-date symlink: /home/raul/bookros2_ws/install/hey5_description/share/hey5_description/meshes/thumb_abd_collision.stl
[0.950s] -- Up-to-date symlink: /home/raul/bookros2_ws/install/hey5_description/share/hey5_description/robots/hey5_test.urdf.xacro
[0.950s] -- Up-to-date symlink: /home/raul/bookros2_ws/install/hey5_description/share/hey5_description/urdf/actuators.urdf.xacro
[0.951s] -- Up-to-date symlink: /home/raul/bookros2_ws/install/hey5_description/share/hey5_description/urdf/deg_to_rad.urdf.xacro
[0.951s] -- Up-to-date symlink: /home/raul/bookros2_ws/install/hey5_description/share/hey5_description/urdf/fingers.urdf.xacro
[0.952s] -- Up-to-date symlink: /home/raul/bookros2_ws/install/hey5_description/share/hey5_description/urdf/hey5_hand.urdf.xacro
[0.952s] -- Up-to-date symlink: /home/raul/bookros2_ws/install/hey5_description/share/hey5_description/urdf/materials.urdf.xacro
[0.953s] -- Up-to-date symlink: /home/raul/bookros2_ws/install/hey5_description/share/hey5_description/urdf/palm.urdf.xacro
[0.954s] -- Up-to-date symlink: /home/raul/bookros2_ws/install/hey5_description/share/hey5_description/urdf/transmissions.urdf.xacro
[0.956s] -- Up-to-date symlink: /home/raul/bookros2_ws/install/hey5_description/share/ament_index/resource_index/package_run_dependencies/hey5_description
[0.956s] -- Up-to-date symlink: /home/raul/bookros2_ws/install/hey5_description/share/ament_index/resource_index/parent_prefix_path/hey5_description
[0.957s] -- Up-to-date symlink: /home/raul/bookros2_ws/install/hey5_description/share/hey5_description/environment/ament_prefix_path.sh
[0.958s] -- Up-to-date symlink: /home/raul/bookros2_ws/install/hey5_description/share/hey5_description/environment/ament_prefix_path.dsv
[0.962s] -- Up-to-date symlink: /home/raul/bookros2_ws/install/hey5_description/share/hey5_description/environment/path.sh
[0.962s] -- Up-to-date symlink: /home/raul/bookros2_ws/install/hey5_description/share/hey5_description/environment/path.dsv
[0.963s] -- Up-to-date symlink: /home/raul/bookros2_ws/install/hey5_description/share/hey5_description/local_setup.bash
[0.963s] -- Up-to-date symlink: /home/raul/bookros2_ws/install/hey5_description/share/hey5_description/local_setup.sh
[0.964s] -- Up-to-date symlink: /home/raul/bookros2_ws/install/hey5_description/share/hey5_description/local_setup.zsh
[0.965s] -- Up-to-date symlink: /home/raul/bookros2_ws/install/hey5_description/share/hey5_description/local_setup.dsv
[0.965s] -- Symlinking: /home/raul/bookros2_ws/install/hey5_description/share/hey5_description/package.dsv
[1.079s] -- Up-to-date symlink: /home/raul/bookros2_ws/install/hey5_description/share/ament_index/resource_index/packages/hey5_description
[1.079s] -- Up-to-date symlink: /home/raul/bookros2_ws/install/hey5_description/share/hey5_description/cmake/hey5_descriptionConfig.cmake
[1.079s] -- Up-to-date symlink: /home/raul/bookros2_ws/install/hey5_description/share/hey5_description/cmake/hey5_descriptionConfig-version.cmake
[1.080s] -- Up-to-date symlink: /home/raul/bookros2_ws/install/hey5_description/share/hey5_description/package.xml
[1.190s] Invoked command in '/home/raul/bookros2_ws/build/hey5_description' returned '0': CMAKE_PREFIX_PATH=${CMAKE_PREFIX_PATH}:/home/raul/bookros2_ws/install/ros2controlcli:/home/raul/bookros2_ws/install/launch_pal:/home/raul/bookros2_ws/install/br2_fsm_bumpgo_py:/opt/ros/foxy /usr/bin/cmake --install /home/raul/bookros2_ws/build/hey5_description
