[0.071s] Invoking command in '/home/raul/bookros2_ws/build/br2_bt_patrolling': CMAKE_PREFIX_PATH=${CMAKE_PREFIX_PATH}:/home/raul/bookros2_ws/install/ros2controlcli:/home/raul/bookros2_ws/install/launch_pal:/home/raul/bookros2_ws/install/br2_fsm_bumpgo_py:/opt/ros/foxy /usr/bin/cmake --build /home/raul/bookros2_ws/build/br2_bt_patrolling -- -j8 -l8
[0.305s] [ 10%] Built target br2_recharge_bt_node
[0.397s] [ 20%] Built target gtest
[0.503s] [ 30%] Built target gtest_main
[0.607s] [ 40%] Built target br2_patrol_bt_node
[0.707s] [ 50%] Built target br2_track_objects_bt_node
[0.817s] [ 60%] Built target br2_get_waypoint_bt_node
[0.944s] [ 70%] Built target bt_action_test
[1.054s] [ 80%] Built target br2_move_bt_node
[1.219s] [ 90%] Built target patrolling_main
[1.300s] [100%] Built target br2_battery_checker_bt_node
[1.505s] Invoked command in '/home/raul/bookros2_ws/build/br2_bt_patrolling' returned '0': CMAKE_PREFIX_PATH=${CMAKE_PREFIX_PATH}:/home/raul/bookros2_ws/install/ros2controlcli:/home/raul/bookros2_ws/install/launch_pal:/home/raul/bookros2_ws/install/br2_fsm_bumpgo_py:/opt/ros/foxy /usr/bin/cmake --build /home/raul/bookros2_ws/build/br2_bt_patrolling -- -j8 -l8
[1.784s] Invoking command in '/home/raul/bookros2_ws/build/br2_bt_patrolling': CMAKE_PREFIX_PATH=${CMAKE_PREFIX_PATH}:/home/raul/bookros2_ws/install/ros2controlcli:/home/raul/bookros2_ws/install/launch_pal:/home/raul/bookros2_ws/install/br2_fsm_bumpgo_py:/opt/ros/foxy /usr/bin/cmake --install /home/raul/bookros2_ws/build/br2_bt_patrolling
[1.896s] -- Install configuration: "Debug"
[1.896s] -- Execute custom install script
[1.896s] -- Up-to-date symlink: /home/raul/bookros2_ws/install/br2_bt_patrolling/lib/libbr2_recharge_bt_node.so
[1.896s] -- Up-to-date symlink: /home/raul/bookros2_ws/install/br2_bt_patrolling/lib/libbr2_patrol_bt_node.so
[1.897s] -- Up-to-date symlink: /home/raul/bookros2_ws/install/br2_bt_patrolling/lib/libbr2_move_bt_node.so
[1.897s] -- Up-to-date symlink: /home/raul/bookros2_ws/install/br2_bt_patrolling/lib/libbr2_get_waypoint_bt_node.so
[1.897s] -- Up-to-date symlink: /home/raul/bookros2_ws/install/br2_bt_patrolling/lib/libbr2_battery_checker_bt_node.so
[1.897s] -- Up-to-date symlink: /home/raul/bookros2_ws/install/br2_bt_patrolling/lib/libbr2_track_objects_bt_node.so
[1.897s] -- Up-to-date symlink: /home/raul/bookros2_ws/install/br2_bt_patrolling/lib/br2_bt_patrolling/patrolling_main
[1.897s] -- Up-to-date symlink: /home/raul/bookros2_ws/install/br2_bt_patrolling/include//br2_bt_patrolling/BatteryChecker.hpp
[1.897s] -- Up-to-date symlink: /home/raul/bookros2_ws/install/br2_bt_patrolling/include//br2_bt_patrolling/GetWaypoint.hpp
[1.898s] -- Up-to-date symlink: /home/raul/bookros2_ws/install/br2_bt_patrolling/include//br2_bt_patrolling/Move.hpp
[1.898s] -- Up-to-date symlink: /home/raul/bookros2_ws/install/br2_bt_patrolling/include//br2_bt_patrolling/Patrol.hpp
[1.898s] -- Up-to-date symlink: /home/raul/bookros2_ws/install/br2_bt_patrolling/include//br2_bt_patrolling/Recharge.hpp
[1.898s] -- Up-to-date symlink: /home/raul/bookros2_ws/install/br2_bt_patrolling/include//br2_bt_patrolling/TrackObjects.hpp
[1.898s] -- Up-to-date symlink: /home/raul/bookros2_ws/install/br2_bt_patrolling/include//br2_bt_patrolling/ctrl_support/BTActionNode.hpp
[1.898s] -- Up-to-date symlink: /home/raul/bookros2_ws/install/br2_bt_patrolling/include//br2_bt_patrolling/ctrl_support/BTLifecycleCtrlNode.hpp
[1.899s] -- Up-to-date symlink: /home/raul/bookros2_ws/install/br2_bt_patrolling/share/br2_bt_patrolling/behavior_tree_xml/patrolling.xml
[1.899s] -- Up-to-date symlink: /home/raul/bookros2_ws/install/br2_bt_patrolling/share/br2_bt_patrolling/launch/patrolling.launch.py
[1.899s] -- Up-to-date symlink: /home/raul/bookros2_ws/install/br2_bt_patrolling/share/ament_index/resource_index/package_run_dependencies/br2_bt_patrolling
[1.899s] -- Up-to-date symlink: /home/raul/bookros2_ws/install/br2_bt_patrolling/share/ament_index/resource_index/parent_prefix_path/br2_bt_patrolling
[1.899s] -- Up-to-date symlink: /home/raul/bookros2_ws/install/br2_bt_patrolling/share/br2_bt_patrolling/environment/ament_prefix_path.sh
[1.899s] -- Up-to-date symlink: /home/raul/bookros2_ws/install/br2_bt_patrolling/share/br2_bt_patrolling/environment/ament_prefix_path.dsv
[1.899s] -- Up-to-date symlink: /home/raul/bookros2_ws/install/br2_bt_patrolling/share/br2_bt_patrolling/environment/path.sh
[1.899s] -- Up-to-date symlink: /home/raul/bookros2_ws/install/br2_bt_patrolling/share/br2_bt_patrolling/environment/path.dsv
[1.899s] -- Up-to-date symlink: /home/raul/bookros2_ws/install/br2_bt_patrolling/share/br2_bt_patrolling/local_setup.bash
[1.900s] -- Up-to-date symlink: /home/raul/bookros2_ws/install/br2_bt_patrolling/share/br2_bt_patrolling/local_setup.sh
[1.900s] -- Up-to-date symlink: /home/raul/bookros2_ws/install/br2_bt_patrolling/share/br2_bt_patrolling/local_setup.zsh
[1.900s] -- Up-to-date symlink: /home/raul/bookros2_ws/install/br2_bt_patrolling/share/br2_bt_patrolling/local_setup.dsv
[1.900s] -- Symlinking: /home/raul/bookros2_ws/install/br2_bt_patrolling/share/br2_bt_patrolling/package.dsv
[1.900s] -- Up-to-date symlink: /home/raul/bookros2_ws/install/br2_bt_patrolling/share/ament_index/resource_index/packages/br2_bt_patrolling
[1.900s] -- Up-to-date symlink: /home/raul/bookros2_ws/install/br2_bt_patrolling/share/br2_bt_patrolling/cmake/ament_cmake_export_include_directories-extras.cmake
[1.900s] -- Up-to-date symlink: /home/raul/bookros2_ws/install/br2_bt_patrolling/share/br2_bt_patrolling/cmake/ament_cmake_export_dependencies-extras.cmake
[1.900s] -- Up-to-date symlink: /home/raul/bookros2_ws/install/br2_bt_patrolling/share/br2_bt_patrolling/cmake/br2_bt_patrollingConfig.cmake
[1.901s] -- Up-to-date symlink: /home/raul/bookros2_ws/install/br2_bt_patrolling/share/br2_bt_patrolling/cmake/br2_bt_patrollingConfig-version.cmake
[1.901s] -- Up-to-date symlink: /home/raul/bookros2_ws/install/br2_bt_patrolling/share/br2_bt_patrolling/package.xml
[2.086s] Invoked command in '/home/raul/bookros2_ws/build/br2_bt_patrolling' returned '0': CMAKE_PREFIX_PATH=${CMAKE_PREFIX_PATH}:/home/raul/bookros2_ws/install/ros2controlcli:/home/raul/bookros2_ws/install/launch_pal:/home/raul/bookros2_ws/install/br2_fsm_bumpgo_py:/opt/ros/foxy /usr/bin/cmake --install /home/raul/bookros2_ws/build/br2_bt_patrolling
