[0.074s] Invoking command in '/home/raul/bookros2_ws/build/controller_manager': AMENT_PREFIX_PATH=/home/raul/bookros2_ws/install/controller_interface:/home/raul/bookros2_ws/install/hardware_interface:/home/raul/bookros2_ws/install/controller_manager_msgs:${AMENT_PREFIX_PATH} CMAKE_PREFIX_PATH=/home/raul/bookros2_ws/install/controller_interface:/home/raul/bookros2_ws/install/hardware_interface:/home/raul/bookros2_ws/install/controller_manager_msgs:/opt/ros/foxy LD_LIBRARY_PATH=/home/raul/bookros2_ws/install/controller_interface/lib:/home/raul/bookros2_ws/install/hardware_interface/lib:/home/raul/bookros2_ws/install/controller_manager_msgs/lib:${LD_LIBRARY_PATH} PYTHONPATH=/home/raul/bookros2_ws/install/controller_manager_msgs/lib/python3.8/site-packages:${PYTHONPATH} /usr/bin/cmake /home/raul/bookros2_ws/src/ThirdParty/ros2_control/controller_manager -DAMENT_CMAKE_SYMLINK_INSTALL=1 -DCMAKE_INSTALL_PREFIX=/home/raul/bookros2_ws/install/controller_manager
[0.198s] -- The C compiler identification is GNU 9.4.0
[0.301s] -- The CXX compiler identification is GNU 9.4.0
[0.308s] -- Check for working C compiler: /usr/bin/cc
[0.430s] -- Check for working C compiler: /usr/bin/cc -- works
[0.431s] -- Detecting C compiler ABI info
[0.546s] -- Detecting C compiler ABI info - done
[0.561s] -- Detecting C compile features
[0.561s] -- Detecting C compile features - done
[0.565s] -- Check for working CXX compiler: /usr/bin/c++
[0.686s] -- Check for working CXX compiler: /usr/bin/c++ -- works
[0.687s] -- Detecting CXX compiler ABI info
[0.829s] -- Detecting CXX compiler ABI info - done
[0.844s] -- Detecting CXX compile features
[0.845s] -- Detecting CXX compile features - done
[0.849s] -- Found ament_cmake: 0.9.11 (/opt/ros/foxy/share/ament_cmake/cmake)
[0.883s] -- Found PythonInterp: /usr/bin/python3 (found suitable version "3.8.10", minimum required is "3") 
[0.884s] -- Using PYTHON_EXECUTABLE: /usr/bin/python3
[1.105s] -- Override CMake install command with custom implementation using symlinks instead of copying resources
[1.144s] -- Found ament_index_cpp: 1.1.0 (/opt/ros/foxy/share/ament_index_cpp/cmake)
[1.153s] -- Found controller_interface: 0.7.1 (/home/raul/bookros2_ws/install/controller_interface/share/controller_interface/cmake)
[1.214s] -- Using all available rosidl_typesupport_c: rosidl_typesupport_fastrtps_c;rosidl_typesupport_introspection_c
[1.224s] -- Found rosidl_adapter: 1.3.0 (/opt/ros/foxy/share/rosidl_adapter/cmake)
[1.370s] -- Found OpenSSL: /usr/lib/x86_64-linux-gnu/libcrypto.so (found version "1.1.1f")  
[1.415s] -- Found FastRTPS: /opt/ros/foxy/include  
[1.508s] -- Using all available rosidl_typesupport_cpp: rosidl_typesupport_fastrtps_cpp;rosidl_typesupport_introspection_cpp
[2.204s] -- Found rmw_implementation_cmake: 1.0.3 (/opt/ros/foxy/share/rmw_implementation_cmake/cmake)
[2.208s] -- Using RMW implementation 'rmw_fastrtps_cpp' as default
[2.210s] -- Looking for pthread.h
[2.337s] -- Looking for pthread.h - found
[2.337s] -- Performing Test CMAKE_HAVE_LIBC_PTHREAD
[2.446s] -- Performing Test CMAKE_HAVE_LIBC_PTHREAD - Failed
[2.446s] -- Looking for pthread_create in pthreads
[2.547s] -- Looking for pthread_create in pthreads - not found
[2.548s] -- Looking for pthread_create in pthread
[2.673s] -- Looking for pthread_create in pthread - found
[2.674s] -- Found Threads: TRUE  
[3.091s] -- Found controller_manager_msgs: 0.7.1 (/home/raul/bookros2_ws/install/controller_manager_msgs/share/controller_manager_msgs/cmake)
[3.233s] -- Found ament_cmake_gmock: 0.9.11 (/opt/ros/foxy/share/ament_cmake_gmock/cmake)
[3.235s] -- Found ament_cmake_gtest: 0.9.11 (/opt/ros/foxy/share/ament_cmake_gtest/cmake)
[3.238s] -- Found ament_lint_auto: 0.9.7 (/opt/ros/foxy/share/ament_lint_auto/cmake)
[3.342s] -- Found gmock sources under '/opt/ros/foxy/src/gmock_vendor': C++ tests using 'Google Mock' will be built
[3.347s] -- Found gtest sources under '/opt/ros/foxy/src/gtest_vendor': C++ tests using 'Google Test' will be built
[3.401s] -- Added test 'copyright' to check source files copyright and LICENSE
[3.408s] -- Added test 'cppcheck' to perform static code analysis on C / C++ code
[3.409s] -- Configured cppcheck include dirs: /home/raul/bookros2_ws/src/ThirdParty/ros2_control/controller_manager/include
[3.409s] -- Configured cppcheck exclude dirs and/or files: 
[3.411s] -- Added test 'cpplint' to check C / C++ code against the Google style
[3.411s] -- Configured cpplint exclude dirs and/or files: 
[3.412s] -- Added test 'flake8' to check Python code syntax and style conventions
[3.413s] -- Added test 'lint_cmake' to check CMake code style
[3.414s] -- Added test 'pep257' to check Python code against some of the style conventions in PEP 257
[3.417s] -- Added test 'uncrustify' to check C / C++ code style
[3.417s] -- Configured uncrustify additional arguments: 
[3.418s] -- Added test 'xmllint' to check XML markup files
[3.431s] -- Configuring done
[3.717s] -- Generating done
[3.721s] -- Build files have been written to: /home/raul/bookros2_ws/build/controller_manager
[3.737s] Invoked command in '/home/raul/bookros2_ws/build/controller_manager' returned '0': AMENT_PREFIX_PATH=/home/raul/bookros2_ws/install/controller_interface:/home/raul/bookros2_ws/install/hardware_interface:/home/raul/bookros2_ws/install/controller_manager_msgs:${AMENT_PREFIX_PATH} CMAKE_PREFIX_PATH=/home/raul/bookros2_ws/install/controller_interface:/home/raul/bookros2_ws/install/hardware_interface:/home/raul/bookros2_ws/install/controller_manager_msgs:/opt/ros/foxy LD_LIBRARY_PATH=/home/raul/bookros2_ws/install/controller_interface/lib:/home/raul/bookros2_ws/install/hardware_interface/lib:/home/raul/bookros2_ws/install/controller_manager_msgs/lib:${LD_LIBRARY_PATH} PYTHONPATH=/home/raul/bookros2_ws/install/controller_manager_msgs/lib/python3.8/site-packages:${PYTHONPATH} /usr/bin/cmake /home/raul/bookros2_ws/src/ThirdParty/ros2_control/controller_manager -DAMENT_CMAKE_SYMLINK_INSTALL=1 -DCMAKE_INSTALL_PREFIX=/home/raul/bookros2_ws/install/controller_manager
[3.738s] Invoking command in '/home/raul/bookros2_ws/build/controller_manager': AMENT_PREFIX_PATH=/home/raul/bookros2_ws/install/controller_interface:/home/raul/bookros2_ws/install/hardware_interface:/home/raul/bookros2_ws/install/controller_manager_msgs:${AMENT_PREFIX_PATH} CMAKE_PREFIX_PATH=/home/raul/bookros2_ws/install/controller_interface:/home/raul/bookros2_ws/install/hardware_interface:/home/raul/bookros2_ws/install/controller_manager_msgs:/opt/ros/foxy LD_LIBRARY_PATH=/home/raul/bookros2_ws/install/controller_interface/lib:/home/raul/bookros2_ws/install/hardware_interface/lib:/home/raul/bookros2_ws/install/controller_manager_msgs/lib:${LD_LIBRARY_PATH} PYTHONPATH=/home/raul/bookros2_ws/install/controller_manager_msgs/lib/python3.8/site-packages:${PYTHONPATH} /usr/bin/cmake --build /home/raul/bookros2_ws/build/controller_manager -- -j8 -l8
[3.802s] [35m[1mScanning dependencies of target controller_manager[0m
[3.802s] [35m[1mScanning dependencies of target gmock_main[0m
[3.803s] [35m[1mScanning dependencies of target gmock[0m
[3.832s] [  4%] [32mBuilding CXX object gmock/CMakeFiles/gmock_main.dir/src/gmock_main.cc.o[0m
[3.841s] [  8%] [32mBuilding CXX object gmock/CMakeFiles/gmock.dir/src/gmock-all.cc.o[0m
[3.847s] [ 12%] [32mBuilding CXX object gmock/CMakeFiles/gmock.dir/opt/ros/foxy/src/gtest_vendor/src/gtest-all.cc.o[0m
[3.957s] [ 16%] [32mBuilding CXX object CMakeFiles/controller_manager.dir/src/controller_manager.cpp.o[0m
[5.194s] [ 20%] [32m[1mLinking CXX static library libgmock_main.a[0m
[5.255s] [ 20%] Built target gmock_main
[7.865s] [ 24%] [32m[1mLinking CXX static library libgmock.a[0m
[7.963s] [ 24%] Built target gmock
[14.472s] [ 28%] [32m[1mLinking CXX shared library libcontroller_manager.so[0m
[15.037s] [ 28%] Built target controller_manager
[15.052s] [35m[1mScanning dependencies of target test_controller[0m
[15.053s] [35m[1mScanning dependencies of target test_controller_with_interfaces[0m
[15.053s] [35m[1mScanning dependencies of target ros2_control_node[0m
[15.053s] [35m[1mScanning dependencies of target test_controller_failed_init[0m
[15.113s] [ 36%] [32mBuilding CXX object CMakeFiles/test_controller.dir/test/test_controller/test_controller.cpp.o[0m
[15.113s] [ 36%] [32mBuilding CXX object CMakeFiles/ros2_control_node.dir/src/ros2_control_node.cpp.o[0m
[15.113s] [ 40%] [32mBuilding CXX object CMakeFiles/test_controller_failed_init.dir/test/test_controller_failed_init/test_controller_failed_init.cpp.o[0m
[15.118s] [ 44%] [32mBuilding CXX object CMakeFiles/test_controller_with_interfaces.dir/test/test_controller_with_interfaces/test_controller_with_interfaces.cpp.o[0m
[18.342s] [ 48%] [32m[1mLinking CXX shared library libtest_controller_failed_init.so[0m
[18.392s] [ 52%] [32m[1mLinking CXX shared library libtest_controller_with_interfaces.so[0m
[18.398s] [ 56%] [32m[1mLinking CXX shared library libtest_controller.so[0m
[18.496s] [ 60%] [32m[1mLinking CXX executable ros2_control_node[0m
[18.505s] [ 60%] Built target test_controller_failed_init
[18.560s] [ 60%] Built target test_controller_with_interfaces
[18.568s] [ 60%] Built target test_controller
[18.581s] [35m[1mScanning dependencies of target test_release_interfaces[0m
[18.588s] [35m[1mScanning dependencies of target test_controller_manager[0m
[18.588s] [35m[1mScanning dependencies of target test_spawner_unspawner[0m
[18.588s] [35m[1mScanning dependencies of target test_load_controller[0m
[18.588s] [35m[1mScanning dependencies of target test_controller_manager_srvs[0m
[18.665s] [ 64%] [32mBuilding CXX object CMakeFiles/test_release_interfaces.dir/test/test_release_interfaces.cpp.o[0m
[18.668s] [ 68%] [32mBuilding CXX object CMakeFiles/test_controller_manager_srvs.dir/test/test_controller_manager_srvs.cpp.o[0m
[18.676s] [ 72%] [32mBuilding CXX object CMakeFiles/test_spawner_unspawner.dir/test/test_spawner_unspawner.cpp.o[0m
[18.677s] [ 76%] [32mBuilding CXX object CMakeFiles/test_load_controller.dir/test/test_load_controller.cpp.o[0m
[18.680s] [ 80%] [32mBuilding CXX object CMakeFiles/test_controller_manager.dir/test/test_controller_manager.cpp.o[0m
[18.894s] [ 80%] Built target ros2_control_node
[23.693s] [ 84%] [32m[1mLinking CXX executable test_release_interfaces[0m
[23.737s] [ 88%] [32m[1mLinking CXX executable test_spawner_unspawner[0m
[24.057s] [ 96%] [32m[1mLinking CXX executable test_load_controller[0m
[24.057s] [ 96%] [32m[1mLinking CXX executable test_controller_manager[0m
[24.631s] [ 96%] Built target test_release_interfaces
[24.708s] [ 96%] Built target test_spawner_unspawner
[24.946s] [ 96%] Built target test_load_controller
[24.961s] [ 96%] Built target test_controller_manager
[29.295s] [100%] [32m[1mLinking CXX executable test_controller_manager_srvs[0m
[30.106s] [100%] Built target test_controller_manager_srvs
[30.122s] Invoked command in '/home/raul/bookros2_ws/build/controller_manager' returned '0': AMENT_PREFIX_PATH=/home/raul/bookros2_ws/install/controller_interface:/home/raul/bookros2_ws/install/hardware_interface:/home/raul/bookros2_ws/install/controller_manager_msgs:${AMENT_PREFIX_PATH} CMAKE_PREFIX_PATH=/home/raul/bookros2_ws/install/controller_interface:/home/raul/bookros2_ws/install/hardware_interface:/home/raul/bookros2_ws/install/controller_manager_msgs:/opt/ros/foxy LD_LIBRARY_PATH=/home/raul/bookros2_ws/install/controller_interface/lib:/home/raul/bookros2_ws/install/hardware_interface/lib:/home/raul/bookros2_ws/install/controller_manager_msgs/lib:${LD_LIBRARY_PATH} PYTHONPATH=/home/raul/bookros2_ws/install/controller_manager_msgs/lib/python3.8/site-packages:${PYTHONPATH} /usr/bin/cmake --build /home/raul/bookros2_ws/build/controller_manager -- -j8 -l8
[30.210s] Invoking command in '/home/raul/bookros2_ws/build/controller_manager': AMENT_PREFIX_PATH=/home/raul/bookros2_ws/install/controller_interface:/home/raul/bookros2_ws/install/hardware_interface:/home/raul/bookros2_ws/install/controller_manager_msgs:${AMENT_PREFIX_PATH} CMAKE_PREFIX_PATH=/home/raul/bookros2_ws/install/controller_interface:/home/raul/bookros2_ws/install/hardware_interface:/home/raul/bookros2_ws/install/controller_manager_msgs:/opt/ros/foxy LD_LIBRARY_PATH=/home/raul/bookros2_ws/install/controller_interface/lib:/home/raul/bookros2_ws/install/hardware_interface/lib:/home/raul/bookros2_ws/install/controller_manager_msgs/lib:${LD_LIBRARY_PATH} PYTHONPATH=/home/raul/bookros2_ws/install/controller_manager_msgs/lib/python3.8/site-packages:${PYTHONPATH} /usr/bin/cmake --install /home/raul/bookros2_ws/build/controller_manager
[30.221s] -- Install configuration: ""
[30.222s] -- Execute custom install script
[30.222s] -- Symlinking: /home/raul/bookros2_ws/install/controller_manager/lib/libcontroller_manager.so
[30.235s] -- Symlinking: /home/raul/bookros2_ws/install/controller_manager/lib/controller_manager/ros2_control_node
[30.248s] -- Symlinking: /home/raul/bookros2_ws/install/controller_manager/include/controller_manager/controller_manager.hpp
[30.260s] -- Symlinking: /home/raul/bookros2_ws/install/controller_manager/include/controller_manager/controller_spec.hpp
[30.272s] -- Symlinking: /home/raul/bookros2_ws/install/controller_manager/include/controller_manager/visibility_control.h
[30.285s] -- Symlinking: /home/raul/bookros2_ws/install/controller_manager/lib/controller_manager/spawner.py
[30.297s] -- Symlinking: /home/raul/bookros2_ws/install/controller_manager/lib/controller_manager/unspawner.py
[30.309s] -- Symlinking: /home/raul/bookros2_ws/install/controller_manager/share/controller_manager/test/test_controller/test_controller.xml
[30.322s] -- Symlinking: /home/raul/bookros2_ws/install/controller_manager/lib/libtest_controller.so
[30.334s] -- Symlinking: /home/raul/bookros2_ws/install/controller_manager/share/controller_manager/test/test_controller_failed_init/test_controller_failed_init.xml
[30.347s] -- Symlinking: /home/raul/bookros2_ws/install/controller_manager/lib/libtest_controller_failed_init.so
[30.359s] -- Symlinking: /home/raul/bookros2_ws/install/controller_manager/share/controller_manager/test/test_controller_with_interfaces/test_controller_with_interfaces.xml
[30.372s] -- Symlinking: /home/raul/bookros2_ws/install/controller_manager/lib/libtest_controller_with_interfaces.so
[30.383s] -- Symlinking: /home/raul/bookros2_ws/install/controller_manager/share/controller_manager/environment/pythonpath.sh
[30.395s] -- Symlinking: /home/raul/bookros2_ws/install/controller_manager/share/controller_manager/environment/pythonpath.dsv
[30.407s] -- Symlinking: /home/raul/bookros2_ws/install/controller_manager/lib/python3.8/site-packages/controller_manager/__init__.py
[30.419s] -- Symlinking: /home/raul/bookros2_ws/install/controller_manager/lib/python3.8/site-packages/controller_manager/controller_manager_services.py
[30.432s] -- Symlinking: /home/raul/bookros2_ws/install/controller_manager/lib/python3.8/site-packages/controller_manager/launch_utils.py
[30.444s] -- Symlinking: /home/raul/bookros2_ws/install/controller_manager/share/controller_manager/environment/library_path.sh
[30.456s] -- Symlinking: /home/raul/bookros2_ws/install/controller_manager/share/controller_manager/environment/library_path.dsv
[30.468s] -- Symlinking: /home/raul/bookros2_ws/install/controller_manager/share/ament_index/resource_index/package_run_dependencies/controller_manager
[30.480s] -- Symlinking: /home/raul/bookros2_ws/install/controller_manager/share/ament_index/resource_index/parent_prefix_path/controller_manager
[30.492s] -- Symlinking: /home/raul/bookros2_ws/install/controller_manager/share/controller_manager/environment/ament_prefix_path.sh
[30.504s] -- Symlinking: /home/raul/bookros2_ws/install/controller_manager/share/controller_manager/environment/ament_prefix_path.dsv
[30.516s] -- Symlinking: /home/raul/bookros2_ws/install/controller_manager/share/controller_manager/environment/path.sh
[30.527s] -- Symlinking: /home/raul/bookros2_ws/install/controller_manager/share/controller_manager/environment/path.dsv
[30.539s] -- Symlinking: /home/raul/bookros2_ws/install/controller_manager/share/controller_manager/local_setup.bash
[30.552s] -- Symlinking: /home/raul/bookros2_ws/install/controller_manager/share/controller_manager/local_setup.sh
[30.563s] -- Symlinking: /home/raul/bookros2_ws/install/controller_manager/share/controller_manager/local_setup.zsh
[30.575s] -- Symlinking: /home/raul/bookros2_ws/install/controller_manager/share/controller_manager/local_setup.dsv
[30.587s] -- Symlinking: /home/raul/bookros2_ws/install/controller_manager/share/controller_manager/package.dsv
[30.600s] -- Symlinking: /home/raul/bookros2_ws/install/controller_manager/share/ament_index/resource_index/packages/controller_manager
[30.612s] -- Symlinking: /home/raul/bookros2_ws/install/controller_manager/share/ament_index/resource_index/controller_interface__pluginlib__plugin/controller_manager
[30.624s] -- Symlinking: /home/raul/bookros2_ws/install/controller_manager/share/controller_manager/cmake/ament_cmake_export_libraries-extras.cmake
[30.635s] -- Symlinking: /home/raul/bookros2_ws/install/controller_manager/share/controller_manager/cmake/ament_cmake_export_include_directories-extras.cmake
[30.648s] -- Symlinking: /home/raul/bookros2_ws/install/controller_manager/share/controller_manager/cmake/ament_cmake_export_dependencies-extras.cmake
[30.660s] -- Symlinking: /home/raul/bookros2_ws/install/controller_manager/share/controller_manager/cmake/controller_managerConfig.cmake
[30.671s] -- Symlinking: /home/raul/bookros2_ws/install/controller_manager/share/controller_manager/cmake/controller_managerConfig-version.cmake
[30.684s] -- Symlinking: /home/raul/bookros2_ws/install/controller_manager/share/controller_manager/package.xml
[30.733s] Listing '/home/raul/bookros2_ws/install/controller_manager/lib/python3.8/site-packages/controller_manager'...
[30.733s] Compiling '/home/raul/bookros2_ws/install/controller_manager/lib/python3.8/site-packages/controller_manager/__init__.py'...
[30.733s] Compiling '/home/raul/bookros2_ws/install/controller_manager/lib/python3.8/site-packages/controller_manager/controller_manager_services.py'...
[30.733s] Compiling '/home/raul/bookros2_ws/install/controller_manager/lib/python3.8/site-packages/controller_manager/launch_utils.py'...
[30.743s] Invoked command in '/home/raul/bookros2_ws/build/controller_manager' returned '0': AMENT_PREFIX_PATH=/home/raul/bookros2_ws/install/controller_interface:/home/raul/bookros2_ws/install/hardware_interface:/home/raul/bookros2_ws/install/controller_manager_msgs:${AMENT_PREFIX_PATH} CMAKE_PREFIX_PATH=/home/raul/bookros2_ws/install/controller_interface:/home/raul/bookros2_ws/install/hardware_interface:/home/raul/bookros2_ws/install/controller_manager_msgs:/opt/ros/foxy LD_LIBRARY_PATH=/home/raul/bookros2_ws/install/controller_interface/lib:/home/raul/bookros2_ws/install/hardware_interface/lib:/home/raul/bookros2_ws/install/controller_manager_msgs/lib:${LD_LIBRARY_PATH} PYTHONPATH=/home/raul/bookros2_ws/install/controller_manager_msgs/lib/python3.8/site-packages:${PYTHONPATH} /usr/bin/cmake --install /home/raul/bookros2_ws/build/controller_manager
