[0.074s] Invoking command in '/home/raul/bookros2_ws/build/br2_fsm_bumpgo_cpp': CMAKE_PREFIX_PATH=/opt/ros/foxy /usr/bin/cmake /home/raul/bookros2_ws/src/book_ros2/br2_fsm_bumpgo_cpp -DAMENT_CMAKE_SYMLINK_INSTALL=1 -DCMAKE_INSTALL_PREFIX=/home/raul/bookros2_ws/install/br2_fsm_bumpgo_cpp
[0.200s] -- The C compiler identification is GNU 9.4.0
[0.337s] -- The CXX compiler identification is GNU 9.4.0
[0.343s] -- Check for working C compiler: /usr/bin/cc
[0.694s] -- Check for working C compiler: /usr/bin/cc -- works
[0.695s] -- Detecting C compiler ABI info
[1.065s] -- Detecting C compiler ABI info - done
[1.087s] -- Detecting C compile features
[1.088s] -- Detecting C compile features - done
[1.095s] -- Check for working CXX compiler: /usr/bin/c++
[1.569s] -- Check for working CXX compiler: /usr/bin/c++ -- works
[1.571s] -- Detecting CXX compiler ABI info
[1.954s] -- Detecting CXX compiler ABI info - done
[1.985s] -- Detecting CXX compile features
[1.985s] -- Detecting CXX compile features - done
[1.988s] -- Found ament_cmake: 0.9.11 (/opt/ros/foxy/share/ament_cmake/cmake)
[2.072s] -- Found PythonInterp: /usr/bin/python3 (found suitable version "3.8.10", minimum required is "3") 
[2.072s] -- Using PYTHON_EXECUTABLE: /usr/bin/python3
[2.411s] -- Override CMake install command with custom implementation using symlinks instead of copying resources
[2.487s] -- Found rclcpp: 2.4.2 (/opt/ros/foxy/share/rclcpp/cmake)
[2.634s] -- Using all available rosidl_typesupport_c: rosidl_typesupport_fastrtps_c;rosidl_typesupport_introspection_c
[2.655s] -- Found rosidl_adapter: 1.3.0 (/opt/ros/foxy/share/rosidl_adapter/cmake)
[3.054s] -- Found OpenSSL: /usr/lib/x86_64-linux-gnu/libcrypto.so (found version "1.1.1f")  
[3.175s] -- Found FastRTPS: /opt/ros/foxy/include  
[3.411s] -- Using all available rosidl_typesupport_cpp: rosidl_typesupport_fastrtps_cpp;rosidl_typesupport_introspection_cpp
[3.587s] -- Found rmw_implementation_cmake: 1.0.3 (/opt/ros/foxy/share/rmw_implementation_cmake/cmake)
[3.598s] -- Using RMW implementation 'rmw_fastrtps_cpp' as default
[3.599s] -- Looking for pthread.h
[3.990s] -- Looking for pthread.h - found
[3.990s] -- Performing Test CMAKE_HAVE_LIBC_PTHREAD
[4.344s] -- Performing Test CMAKE_HAVE_LIBC_PTHREAD - Failed
[4.344s] -- Looking for pthread_create in pthreads
[4.567s] -- Looking for pthread_create in pthreads - not found
[4.567s] -- Looking for pthread_create in pthread
[4.906s] -- Looking for pthread_create in pthread - found
[4.907s] -- Found Threads: TRUE  
[5.229s] -- Found sensor_msgs: 2.0.5 (/opt/ros/foxy/share/sensor_msgs/cmake)
[5.451s] -- Found ament_lint_auto: 0.9.7 (/opt/ros/foxy/share/ament_lint_auto/cmake)
[5.587s] -- Added test 'copyright' to check source files copyright and LICENSE
[5.591s] -- Added test 'cppcheck' to perform static code analysis on C / C++ code
[5.591s] -- Configured cppcheck include dirs: /home/raul/bookros2_ws/src/book_ros2/br2_fsm_bumpgo_cpp/include
[5.591s] -- Configured cppcheck exclude dirs and/or files: 
[5.592s] -- Added test 'cpplint' to check C / C++ code against the Google style
[5.593s] -- Configured cpplint exclude dirs and/or files: 
[5.593s] -- Added test 'flake8' to check Python code syntax and style conventions
[5.594s] -- Added test 'lint_cmake' to check CMake code style
[5.595s] -- Added test 'pep257' to check Python code against some of the style conventions in PEP 257
[5.596s] -- Added test 'uncrustify' to check C / C++ code style
[5.596s] -- Configured uncrustify additional arguments: 
[5.597s] -- Added test 'xmllint' to check XML markup files
[5.603s] -- Configuring done
[5.617s] -- Generating done
[5.619s] -- Build files have been written to: /home/raul/bookros2_ws/build/br2_fsm_bumpgo_cpp
[5.637s] Invoked command in '/home/raul/bookros2_ws/build/br2_fsm_bumpgo_cpp' returned '0': CMAKE_PREFIX_PATH=/opt/ros/foxy /usr/bin/cmake /home/raul/bookros2_ws/src/book_ros2/br2_fsm_bumpgo_cpp -DAMENT_CMAKE_SYMLINK_INSTALL=1 -DCMAKE_INSTALL_PREFIX=/home/raul/bookros2_ws/install/br2_fsm_bumpgo_cpp
[5.640s] Invoking command in '/home/raul/bookros2_ws/build/br2_fsm_bumpgo_cpp': CMAKE_PREFIX_PATH=/opt/ros/foxy /usr/bin/cmake --build /home/raul/bookros2_ws/build/br2_fsm_bumpgo_cpp -- -j8 -l8
[5.857s] [35m[1mScanning dependencies of target bumpgo[0m
[6.029s] [ 33%] [32mBuilding CXX object CMakeFiles/bumpgo.dir/src/bumpgo_main.cpp.o[0m
[6.032s] [ 66%] [32mBuilding CXX object CMakeFiles/bumpgo.dir/src/br2_fsm_bumpgo_cpp/BumpGoNode.cpp.o[0m
[120.057s] [100%] [32m[1mLinking CXX executable bumpgo[0m
[120.417s] [100%] Built target bumpgo
