[0.517s] Invoking command in '/home/raul/bookros2_ws/build/hey5_description': CMAKE_PREFIX_PATH=${CMAKE_PREFIX_PATH}:/home/raul/bookros2_ws/install/ros2controlcli:/home/raul/bookros2_ws/install/launch_pal:/home/raul/bookros2_ws/install/br2_fsm_bumpgo_py:/opt/ros/foxy /usr/bin/cmake --build /home/raul/bookros2_ws/build/hey5_description -- -j8 -l8
[0.739s] Invoked command in '/home/raul/bookros2_ws/build/hey5_description' returned '0': CMAKE_PREFIX_PATH=${CMAKE_PREFIX_PATH}:/home/raul/bookros2_ws/install/ros2controlcli:/home/raul/bookros2_ws/install/launch_pal:/home/raul/bookros2_ws/install/br2_fsm_bumpgo_py:/opt/ros/foxy /usr/bin/cmake --build /home/raul/bookros2_ws/build/hey5_description -- -j8 -l8
[0.983s] Invoking command in '/home/raul/bookros2_ws/build/hey5_description': CMAKE_PREFIX_PATH=${CMAKE_PREFIX_PATH}:/home/raul/bookros2_ws/install/ros2controlcli:/home/raul/bookros2_ws/install/launch_pal:/home/raul/bookros2_ws/install/br2_fsm_bumpgo_py:/opt/ros/foxy /usr/bin/cmake --install /home/raul/bookros2_ws/build/hey5_description
[1.060s] -- Install configuration: ""
[1.060s] -- Execute custom install script
[1.061s] -- Up-to-date symlink: /home/raul/bookros2_ws/install/hey5_description/share/hey5_description/config/two_hands.rviz
[1.061s] -- Up-to-date symlink: /home/raul/bookros2_ws/install/hey5_description/share/hey5_description/gazebo/gazebo.urdf.xacro
[1.061s] -- Up-to-date symlink: /home/raul/bookros2_ws/install/hey5_description/share/hey5_description/launch/hey5_kinematics_test.launch
[1.061s] -- Up-to-date symlink: /home/raul/bookros2_ws/install/hey5_description/share/hey5_description/meshes/finger_abd_collision.stl
[1.061s] -- Up-to-date symlink: /home/raul/bookros2_ws/install/hey5_description/share/hey5_description/meshes/finger_flex_collision.stl
[1.062s] -- Up-to-date symlink: /home/raul/bookros2_ws/install/hey5_description/share/hey5_description/meshes/finger_flex_tip_collision.stl
[1.121s] -- Up-to-date symlink: /home/raul/bookros2_ws/install/hey5_description/share/hey5_description/meshes/palm.stl
[1.123s] -- Up-to-date symlink: /home/raul/bookros2_ws/install/hey5_description/share/hey5_description/meshes/palm_collision.stl
[1.123s] -- Up-to-date symlink: /home/raul/bookros2_ws/install/hey5_description/share/hey5_description/meshes/thumb_abd_collision.stl
[1.123s] -- Up-to-date symlink: /home/raul/bookros2_ws/install/hey5_description/share/hey5_description/robots/hey5_test.urdf.xacro
[1.123s] -- Up-to-date symlink: /home/raul/bookros2_ws/install/hey5_description/share/hey5_description/urdf/actuators.urdf.xacro
[1.123s] -- Up-to-date symlink: /home/raul/bookros2_ws/install/hey5_description/share/hey5_description/urdf/deg_to_rad.urdf.xacro
[1.124s] -- Up-to-date symlink: /home/raul/bookros2_ws/install/hey5_description/share/hey5_description/urdf/fingers.urdf.xacro
[1.125s] -- Up-to-date symlink: /home/raul/bookros2_ws/install/hey5_description/share/hey5_description/urdf/hey5_hand.urdf.xacro
[1.125s] -- Up-to-date symlink: /home/raul/bookros2_ws/install/hey5_description/share/hey5_description/urdf/materials.urdf.xacro
[1.125s] -- Up-to-date symlink: /home/raul/bookros2_ws/install/hey5_description/share/hey5_description/urdf/palm.urdf.xacro
[1.126s] -- Up-to-date symlink: /home/raul/bookros2_ws/install/hey5_description/share/hey5_description/urdf/transmissions.urdf.xacro
[1.126s] -- Up-to-date symlink: /home/raul/bookros2_ws/install/hey5_description/share/ament_index/resource_index/package_run_dependencies/hey5_description
[1.170s] -- Up-to-date symlink: /home/raul/bookros2_ws/install/hey5_description/share/ament_index/resource_index/parent_prefix_path/hey5_description
[1.170s] -- Up-to-date symlink: /home/raul/bookros2_ws/install/hey5_description/share/hey5_description/environment/ament_prefix_path.sh
[1.171s] -- Up-to-date symlink: /home/raul/bookros2_ws/install/hey5_description/share/hey5_description/environment/ament_prefix_path.dsv
[1.173s] -- Up-to-date symlink: /home/raul/bookros2_ws/install/hey5_description/share/hey5_description/environment/path.sh
[1.176s] -- Up-to-date symlink: /home/raul/bookros2_ws/install/hey5_description/share/hey5_description/environment/path.dsv
[1.190s] -- Up-to-date symlink: /home/raul/bookros2_ws/install/hey5_description/share/hey5_description/local_setup.bash
[1.214s] -- Up-to-date symlink: /home/raul/bookros2_ws/install/hey5_description/share/hey5_description/local_setup.sh
[1.215s] -- Up-to-date symlink: /home/raul/bookros2_ws/install/hey5_description/share/hey5_description/local_setup.zsh
[1.215s] -- Up-to-date symlink: /home/raul/bookros2_ws/install/hey5_description/share/hey5_description/local_setup.dsv
[1.217s] -- Symlinking: /home/raul/bookros2_ws/install/hey5_description/share/hey5_description/package.dsv
[1.224s] -- Up-to-date symlink: /home/raul/bookros2_ws/install/hey5_description/share/ament_index/resource_index/packages/hey5_description
[1.224s] -- Up-to-date symlink: /home/raul/bookros2_ws/install/hey5_description/share/hey5_description/cmake/hey5_descriptionConfig.cmake
[1.224s] -- Up-to-date symlink: /home/raul/bookros2_ws/install/hey5_description/share/hey5_description/cmake/hey5_descriptionConfig-version.cmake
[1.224s] -- Up-to-date symlink: /home/raul/bookros2_ws/install/hey5_description/share/hey5_description/package.xml
[1.330s] Invoked command in '/home/raul/bookros2_ws/build/hey5_description' returned '0': CMAKE_PREFIX_PATH=${CMAKE_PREFIX_PATH}:/home/raul/bookros2_ws/install/ros2controlcli:/home/raul/bookros2_ws/install/launch_pal:/home/raul/bookros2_ws/install/br2_fsm_bumpgo_py:/opt/ros/foxy /usr/bin/cmake --install /home/raul/bookros2_ws/build/hey5_description
