[0.081s] Invoking command in '/home/raul/bookros2_ws/build/br2_bt_bumpgo': CMAKE_PREFIX_PATH=${CMAKE_PREFIX_PATH}:/home/raul/bookros2_ws/install/ros2controlcli:/home/raul/bookros2_ws/install/launch_pal:/home/raul/bookros2_ws/install/br2_fsm_bumpgo_py:/opt/ros/foxy /usr/bin/cmake --build /home/raul/bookros2_ws/build/br2_bt_bumpgo -- -j8 -l8
[0.308s] [ 11%] Built target br2_forward_bt_node
[0.320s] [ 22%] Built target br2_is_obstacle_bt_node
[0.322s] [ 33%] Built target br2_turn_bt_node
[0.322s] [ 44%] Built target bt_bumpgo
[0.331s] [ 55%] Built target br2_back_bt_node
[0.341s] [ 66%] Built target bt_forward
[0.341s] [ 77%] Built target gtest
[0.353s] [ 88%] Built target gtest_main
[0.422s] [100%] Built target bt_action_test
[0.458s] Invoked command in '/home/raul/bookros2_ws/build/br2_bt_bumpgo' returned '0': CMAKE_PREFIX_PATH=${CMAKE_PREFIX_PATH}:/home/raul/bookros2_ws/install/ros2controlcli:/home/raul/bookros2_ws/install/launch_pal:/home/raul/bookros2_ws/install/br2_fsm_bumpgo_py:/opt/ros/foxy /usr/bin/cmake --build /home/raul/bookros2_ws/build/br2_bt_bumpgo -- -j8 -l8
[0.651s] Invoking command in '/home/raul/bookros2_ws/build/br2_bt_bumpgo': CMAKE_PREFIX_PATH=${CMAKE_PREFIX_PATH}:/home/raul/bookros2_ws/install/ros2controlcli:/home/raul/bookros2_ws/install/launch_pal:/home/raul/bookros2_ws/install/br2_fsm_bumpgo_py:/opt/ros/foxy /usr/bin/cmake --install /home/raul/bookros2_ws/build/br2_bt_bumpgo
[0.731s] -- Install configuration: ""
[0.731s] -- Execute custom install script
[0.732s] -- Up-to-date symlink: /home/raul/bookros2_ws/install/br2_bt_bumpgo/lib/libbr2_forward_bt_node.so
[0.732s] -- Up-to-date symlink: /home/raul/bookros2_ws/install/br2_bt_bumpgo/lib/libbr2_back_bt_node.so
[0.732s] -- Up-to-date symlink: /home/raul/bookros2_ws/install/br2_bt_bumpgo/lib/libbr2_turn_bt_node.so
[0.733s] -- Up-to-date symlink: /home/raul/bookros2_ws/install/br2_bt_bumpgo/lib/libbr2_is_obstacle_bt_node.so
[0.733s] -- Up-to-date symlink: /home/raul/bookros2_ws/install/br2_bt_bumpgo/lib/br2_bt_bumpgo/bt_bumpgo
[0.733s] -- Up-to-date symlink: /home/raul/bookros2_ws/install/br2_bt_bumpgo/include//br2_bt_bumpgo/Back.hpp
[0.735s] -- Up-to-date symlink: /home/raul/bookros2_ws/install/br2_bt_bumpgo/include//br2_bt_bumpgo/Forward.hpp
[0.735s] -- Up-to-date symlink: /home/raul/bookros2_ws/install/br2_bt_bumpgo/include//br2_bt_bumpgo/IsObstacle.hpp
[0.737s] -- Up-to-date symlink: /home/raul/bookros2_ws/install/br2_bt_bumpgo/include//br2_bt_bumpgo/Turn.hpp
[0.737s] -- Up-to-date symlink: /home/raul/bookros2_ws/install/br2_bt_bumpgo/share/br2_bt_bumpgo/behavior_tree_xml/bumpgo.xml
[0.738s] -- Up-to-date symlink: /home/raul/bookros2_ws/install/br2_bt_bumpgo/lib/br2_bt_bumpgo/bt_forward
[0.738s] -- Up-to-date symlink: /home/raul/bookros2_ws/install/br2_bt_bumpgo/share/ament_index/resource_index/package_run_dependencies/br2_bt_bumpgo
[0.738s] -- Up-to-date symlink: /home/raul/bookros2_ws/install/br2_bt_bumpgo/share/ament_index/resource_index/parent_prefix_path/br2_bt_bumpgo
[0.739s] -- Up-to-date symlink: /home/raul/bookros2_ws/install/br2_bt_bumpgo/share/br2_bt_bumpgo/environment/ament_prefix_path.sh
[0.740s] -- Up-to-date symlink: /home/raul/bookros2_ws/install/br2_bt_bumpgo/share/br2_bt_bumpgo/environment/ament_prefix_path.dsv
[0.740s] -- Up-to-date symlink: /home/raul/bookros2_ws/install/br2_bt_bumpgo/share/br2_bt_bumpgo/environment/path.sh
[0.741s] -- Up-to-date symlink: /home/raul/bookros2_ws/install/br2_bt_bumpgo/share/br2_bt_bumpgo/environment/path.dsv
[0.741s] -- Up-to-date symlink: /home/raul/bookros2_ws/install/br2_bt_bumpgo/share/br2_bt_bumpgo/local_setup.bash
[0.741s] -- Up-to-date symlink: /home/raul/bookros2_ws/install/br2_bt_bumpgo/share/br2_bt_bumpgo/local_setup.sh
[0.742s] -- Up-to-date symlink: /home/raul/bookros2_ws/install/br2_bt_bumpgo/share/br2_bt_bumpgo/local_setup.zsh
[0.742s] -- Up-to-date symlink: /home/raul/bookros2_ws/install/br2_bt_bumpgo/share/br2_bt_bumpgo/local_setup.dsv
[0.742s] -- Symlinking: /home/raul/bookros2_ws/install/br2_bt_bumpgo/share/br2_bt_bumpgo/package.dsv
[0.742s] -- Up-to-date symlink: /home/raul/bookros2_ws/install/br2_bt_bumpgo/share/ament_index/resource_index/packages/br2_bt_bumpgo
[0.743s] -- Up-to-date symlink: /home/raul/bookros2_ws/install/br2_bt_bumpgo/share/br2_bt_bumpgo/cmake/ament_cmake_export_include_directories-extras.cmake
[0.743s] -- Up-to-date symlink: /home/raul/bookros2_ws/install/br2_bt_bumpgo/share/br2_bt_bumpgo/cmake/ament_cmake_export_dependencies-extras.cmake
[0.744s] -- Up-to-date symlink: /home/raul/bookros2_ws/install/br2_bt_bumpgo/share/br2_bt_bumpgo/cmake/br2_bt_bumpgoConfig.cmake
[0.744s] -- Up-to-date symlink: /home/raul/bookros2_ws/install/br2_bt_bumpgo/share/br2_bt_bumpgo/cmake/br2_bt_bumpgoConfig-version.cmake
[0.745s] -- Up-to-date symlink: /home/raul/bookros2_ws/install/br2_bt_bumpgo/share/br2_bt_bumpgo/package.xml
[0.759s] Invoked command in '/home/raul/bookros2_ws/build/br2_bt_bumpgo' returned '0': CMAKE_PREFIX_PATH=${CMAKE_PREFIX_PATH}:/home/raul/bookros2_ws/install/ros2controlcli:/home/raul/bookros2_ws/install/launch_pal:/home/raul/bookros2_ws/install/br2_fsm_bumpgo_py:/opt/ros/foxy /usr/bin/cmake --install /home/raul/bookros2_ws/build/br2_bt_bumpgo
