[0.233s] Invoking command in '/home/raul/bookros2_ws/build/br2_vff_avoidance': CMAKE_PREFIX_PATH=${CMAKE_PREFIX_PATH}:/home/raul/bookros2_ws/install/ros2controlcli:/home/raul/bookros2_ws/install/launch_pal:/home/raul/bookros2_ws/install/br2_fsm_bumpgo_py:/opt/ros/foxy /usr/bin/cmake --build /home/raul/bookros2_ws/build/br2_vff_avoidance -- -j8 -l8
[0.524s] [ 20%] Built target br2_vff_avoidance
[0.720s] [ 40%] Built target gtest_main
[0.840s] [ 60%] Built target avoidance_vff
[0.955s] [ 80%] Built target gtest
[1.116s] [100%] Built target vff_test
[1.213s] Invoked command in '/home/raul/bookros2_ws/build/br2_vff_avoidance' returned '0': CMAKE_PREFIX_PATH=${CMAKE_PREFIX_PATH}:/home/raul/bookros2_ws/install/ros2controlcli:/home/raul/bookros2_ws/install/launch_pal:/home/raul/bookros2_ws/install/br2_fsm_bumpgo_py:/opt/ros/foxy /usr/bin/cmake --build /home/raul/bookros2_ws/build/br2_vff_avoidance -- -j8 -l8
[1.500s] Invoking command in '/home/raul/bookros2_ws/build/br2_vff_avoidance': CMAKE_PREFIX_PATH=${CMAKE_PREFIX_PATH}:/home/raul/bookros2_ws/install/ros2controlcli:/home/raul/bookros2_ws/install/launch_pal:/home/raul/bookros2_ws/install/br2_fsm_bumpgo_py:/opt/ros/foxy /usr/bin/cmake --install /home/raul/bookros2_ws/build/br2_vff_avoidance
[1.525s] -- Install configuration: "Debug"
[1.525s] -- Execute custom install script
[1.526s] -- Up-to-date symlink: /home/raul/bookros2_ws/install/br2_vff_avoidance/lib/libbr2_vff_avoidance.so
[1.527s] -- Up-to-date symlink: /home/raul/bookros2_ws/install/br2_vff_avoidance/lib/br2_vff_avoidance/avoidance_vff
[1.555s] -- Up-to-date symlink: /home/raul/bookros2_ws/install/br2_vff_avoidance/share/br2_vff_avoidance/launch/avoidance_vff.launch.py
[1.556s] -- Up-to-date symlink: /home/raul/bookros2_ws/install/br2_vff_avoidance/share/ament_index/resource_index/package_run_dependencies/br2_vff_avoidance
[1.556s] -- Up-to-date symlink: /home/raul/bookros2_ws/install/br2_vff_avoidance/share/ament_index/resource_index/parent_prefix_path/br2_vff_avoidance
[1.556s] -- Up-to-date symlink: /home/raul/bookros2_ws/install/br2_vff_avoidance/share/br2_vff_avoidance/environment/ament_prefix_path.sh
[1.556s] -- Up-to-date symlink: /home/raul/bookros2_ws/install/br2_vff_avoidance/share/br2_vff_avoidance/environment/ament_prefix_path.dsv
[1.556s] -- Up-to-date symlink: /home/raul/bookros2_ws/install/br2_vff_avoidance/share/br2_vff_avoidance/environment/path.sh
[1.556s] -- Up-to-date symlink: /home/raul/bookros2_ws/install/br2_vff_avoidance/share/br2_vff_avoidance/environment/path.dsv
[1.556s] -- Up-to-date symlink: /home/raul/bookros2_ws/install/br2_vff_avoidance/share/br2_vff_avoidance/local_setup.bash
[1.556s] -- Up-to-date symlink: /home/raul/bookros2_ws/install/br2_vff_avoidance/share/br2_vff_avoidance/local_setup.sh
[1.557s] -- Up-to-date symlink: /home/raul/bookros2_ws/install/br2_vff_avoidance/share/br2_vff_avoidance/local_setup.zsh
[1.557s] -- Up-to-date symlink: /home/raul/bookros2_ws/install/br2_vff_avoidance/share/br2_vff_avoidance/local_setup.dsv
[1.557s] -- Symlinking: /home/raul/bookros2_ws/install/br2_vff_avoidance/share/br2_vff_avoidance/package.dsv
[1.599s] -- Up-to-date symlink: /home/raul/bookros2_ws/install/br2_vff_avoidance/share/ament_index/resource_index/packages/br2_vff_avoidance
[1.599s] -- Up-to-date symlink: /home/raul/bookros2_ws/install/br2_vff_avoidance/share/br2_vff_avoidance/cmake/ament_cmake_export_dependencies-extras.cmake
[1.599s] -- Up-to-date symlink: /home/raul/bookros2_ws/install/br2_vff_avoidance/share/br2_vff_avoidance/cmake/br2_vff_avoidanceConfig.cmake
[1.599s] -- Up-to-date symlink: /home/raul/bookros2_ws/install/br2_vff_avoidance/share/br2_vff_avoidance/cmake/br2_vff_avoidanceConfig-version.cmake
[1.599s] -- Up-to-date symlink: /home/raul/bookros2_ws/install/br2_vff_avoidance/share/br2_vff_avoidance/package.xml
[1.622s] Invoked command in '/home/raul/bookros2_ws/build/br2_vff_avoidance' returned '0': CMAKE_PREFIX_PATH=${CMAKE_PREFIX_PATH}:/home/raul/bookros2_ws/install/ros2controlcli:/home/raul/bookros2_ws/install/launch_pal:/home/raul/bookros2_ws/install/br2_fsm_bumpgo_py:/opt/ros/foxy /usr/bin/cmake --install /home/raul/bookros2_ws/build/br2_vff_avoidance
