[0.164s] Invoking command in '/home/raul/bookros2_ws/build/transmission_interface': AMENT_PREFIX_PATH=/home/raul/bookros2_ws/install/hardware_interface:${AMENT_PREFIX_PATH} CMAKE_PREFIX_PATH=/home/raul/bookros2_ws/install/hardware_interface:/opt/ros/foxy LD_LIBRARY_PATH=/home/raul/bookros2_ws/install/hardware_interface/lib:${LD_LIBRARY_PATH} /usr/bin/cmake --build /home/raul/bookros2_ws/build/transmission_interface -- -j8 -l8
[0.363s] [ 13%] Built target transmission_parser
[0.377s] [ 26%] Built target gmock_main
[0.382s] [ 46%] Built target gmock
[0.452s] [ 60%] Built target test_simple_transmission
[0.453s] [ 73%] Built target test_transmission_parser
[0.459s] [ 86%] Built target test_differential_transmission
[0.467s] [100%] Built target test_four_bar_linkage_transmission
[0.516s] Invoked command in '/home/raul/bookros2_ws/build/transmission_interface' returned '0': AMENT_PREFIX_PATH=/home/raul/bookros2_ws/install/hardware_interface:${AMENT_PREFIX_PATH} CMAKE_PREFIX_PATH=/home/raul/bookros2_ws/install/hardware_interface:/opt/ros/foxy LD_LIBRARY_PATH=/home/raul/bookros2_ws/install/hardware_interface/lib:${LD_LIBRARY_PATH} /usr/bin/cmake --build /home/raul/bookros2_ws/build/transmission_interface -- -j8 -l8
[0.638s] Invoking command in '/home/raul/bookros2_ws/build/transmission_interface': AMENT_PREFIX_PATH=/home/raul/bookros2_ws/install/hardware_interface:${AMENT_PREFIX_PATH} CMAKE_PREFIX_PATH=/home/raul/bookros2_ws/install/hardware_interface:/opt/ros/foxy LD_LIBRARY_PATH=/home/raul/bookros2_ws/install/hardware_interface/lib:${LD_LIBRARY_PATH} /usr/bin/cmake --install /home/raul/bookros2_ws/build/transmission_interface
[0.653s] -- Install configuration: ""
[0.654s] -- Execute custom install script
[0.656s] -- Up-to-date symlink: /home/raul/bookros2_ws/install/transmission_interface/include/transmission_interface/accessor.hpp
[0.657s] -- Up-to-date symlink: /home/raul/bookros2_ws/install/transmission_interface/include/transmission_interface/differential_transmission.hpp
[0.657s] -- Up-to-date symlink: /home/raul/bookros2_ws/install/transmission_interface/include/transmission_interface/exception.hpp
[0.658s] -- Up-to-date symlink: /home/raul/bookros2_ws/install/transmission_interface/include/transmission_interface/four_bar_linkage_transmission.hpp
[0.658s] -- Up-to-date symlink: /home/raul/bookros2_ws/install/transmission_interface/include/transmission_interface/handle.hpp
[0.659s] -- Up-to-date symlink: /home/raul/bookros2_ws/install/transmission_interface/include/transmission_interface/simple_transmission.hpp
[0.660s] -- Up-to-date symlink: /home/raul/bookros2_ws/install/transmission_interface/include/transmission_interface/transmission.hpp
[0.660s] -- Up-to-date symlink: /home/raul/bookros2_ws/install/transmission_interface/include/transmission_interface/transmission_info.hpp
[0.661s] -- Up-to-date symlink: /home/raul/bookros2_ws/install/transmission_interface/include/transmission_interface/transmission_parser.hpp
[0.662s] -- Up-to-date symlink: /home/raul/bookros2_ws/install/transmission_interface/include/transmission_interface/visibility_control.h
[0.664s] -- Up-to-date symlink: /home/raul/bookros2_ws/install/transmission_interface/share/ament_index/resource_index/package_run_dependencies/transmission_interface
[0.665s] -- Up-to-date symlink: /home/raul/bookros2_ws/install/transmission_interface/share/ament_index/resource_index/parent_prefix_path/transmission_interface
[0.666s] -- Up-to-date symlink: /home/raul/bookros2_ws/install/transmission_interface/share/transmission_interface/environment/ament_prefix_path.sh
[0.667s] -- Up-to-date symlink: /home/raul/bookros2_ws/install/transmission_interface/share/transmission_interface/environment/ament_prefix_path.dsv
[0.667s] -- Up-to-date symlink: /home/raul/bookros2_ws/install/transmission_interface/share/transmission_interface/environment/path.sh
[0.668s] -- Up-to-date symlink: /home/raul/bookros2_ws/install/transmission_interface/share/transmission_interface/environment/path.dsv
[0.669s] -- Up-to-date symlink: /home/raul/bookros2_ws/install/transmission_interface/share/transmission_interface/local_setup.bash
[0.669s] -- Up-to-date symlink: /home/raul/bookros2_ws/install/transmission_interface/share/transmission_interface/local_setup.sh
[0.670s] -- Up-to-date symlink: /home/raul/bookros2_ws/install/transmission_interface/share/transmission_interface/local_setup.zsh
[0.671s] -- Up-to-date symlink: /home/raul/bookros2_ws/install/transmission_interface/share/transmission_interface/local_setup.dsv
[0.671s] -- Symlinking: /home/raul/bookros2_ws/install/transmission_interface/share/transmission_interface/package.dsv
[0.686s] -- Up-to-date symlink: /home/raul/bookros2_ws/install/transmission_interface/share/ament_index/resource_index/packages/transmission_interface
[0.687s] -- Up-to-date symlink: /home/raul/bookros2_ws/install/transmission_interface/share/transmission_interface/cmake/ament_cmake_export_include_directories-extras.cmake
[0.688s] -- Up-to-date symlink: /home/raul/bookros2_ws/install/transmission_interface/share/transmission_interface/cmake/ament_cmake_export_dependencies-extras.cmake
[0.688s] -- Up-to-date symlink: /home/raul/bookros2_ws/install/transmission_interface/share/transmission_interface/cmake/transmission_interfaceConfig.cmake
[0.689s] -- Up-to-date symlink: /home/raul/bookros2_ws/install/transmission_interface/share/transmission_interface/cmake/transmission_interfaceConfig-version.cmake
[0.689s] -- Up-to-date symlink: /home/raul/bookros2_ws/install/transmission_interface/share/transmission_interface/package.xml
[0.697s] Invoked command in '/home/raul/bookros2_ws/build/transmission_interface' returned '0': AMENT_PREFIX_PATH=/home/raul/bookros2_ws/install/hardware_interface:${AMENT_PREFIX_PATH} CMAKE_PREFIX_PATH=/home/raul/bookros2_ws/install/hardware_interface:/opt/ros/foxy LD_LIBRARY_PATH=/home/raul/bookros2_ws/install/hardware_interface/lib:${LD_LIBRARY_PATH} /usr/bin/cmake --install /home/raul/bookros2_ws/build/transmission_interface
