[0.051s] Invoking command in '/home/raul/bookros2_ws/build/pmb2_description': AMENT_PREFIX_PATH=/home/raul/bookros2_ws/install/pmb2_controller_configuration:/home/raul/bookros2_ws/install/joint_state_controller:/home/raul/bookros2_ws/install/joint_state_broadcaster:/home/raul/bookros2_ws/install/imu_sensor_broadcaster:/home/raul/bookros2_ws/install/diff_drive_controller:/home/raul/bookros2_ws/install/controller_manager:/home/raul/bookros2_ws/install/controller_interface:/home/raul/bookros2_ws/install/hardware_interface:/home/raul/bookros2_ws/install/urdf_test:/home/raul/bookros2_ws/install/launch_pal:/home/raul/bookros2_ws/install/controller_manager_msgs:${AMENT_PREFIX_PATH} CMAKE_PREFIX_PATH=/home/raul/bookros2_ws/install/pmb2_controller_configuration:/home/raul/bookros2_ws/install/joint_state_controller:/home/raul/bookros2_ws/install/joint_state_broadcaster:/home/raul/bookros2_ws/install/imu_sensor_broadcaster:/home/raul/bookros2_ws/install/diff_drive_controller:/home/raul/bookros2_ws/install/controller_manager:/home/raul/bookros2_ws/install/controller_interface:/home/raul/bookros2_ws/install/hardware_interface:/home/raul/bookros2_ws/install/urdf_test:/home/raul/bookros2_ws/install/controller_manager_msgs:/opt/ros/foxy LD_LIBRARY_PATH=/home/raul/bookros2_ws/install/joint_state_controller/lib:/home/raul/bookros2_ws/install/joint_state_broadcaster/lib:/home/raul/bookros2_ws/install/imu_sensor_broadcaster/lib:/home/raul/bookros2_ws/install/diff_drive_controller/lib:/home/raul/bookros2_ws/install/controller_manager/lib:/home/raul/bookros2_ws/install/controller_interface/lib:/home/raul/bookros2_ws/install/hardware_interface/lib:/home/raul/bookros2_ws/install/controller_manager_msgs/lib:${LD_LIBRARY_PATH} PYTHONPATH=/home/raul/bookros2_ws/install/controller_manager/lib/python3.8/site-packages:/home/raul/bookros2_ws/install/urdf_test/lib/python3.8/site-packages:/home/raul/bookros2_ws/build/launch_pal:/home/raul/bookros2_ws/install/launch_pal/lib/python3.8/site-packages:/home/raul/bookros2_ws/install/controller_manager_msgs/lib/python3.8/site-packages:${PYTHONPATH} /usr/bin/cmake /home/raul/bookros2_ws/src/ThirdParty/pmb2_robot/pmb2_description -DAMENT_CMAKE_SYMLINK_INSTALL=1 -DCMAKE_INSTALL_PREFIX=/home/raul/bookros2_ws/install/pmb2_description
[0.127s] -- The C compiler identification is GNU 9.4.0
[0.204s] -- The CXX compiler identification is GNU 9.4.0
[0.209s] -- Check for working C compiler: /usr/bin/cc
[0.312s] -- Check for working C compiler: /usr/bin/cc -- works
[0.313s] -- Detecting C compiler ABI info
[0.413s] -- Detecting C compiler ABI info - done
[0.426s] -- Detecting C compile features
[0.427s] -- Detecting C compile features - done
[0.430s] -- Check for working CXX compiler: /usr/bin/c++
[0.545s] -- Check for working CXX compiler: /usr/bin/c++ -- works
[0.546s] -- Detecting CXX compiler ABI info
[0.659s] -- Detecting CXX compiler ABI info - done
[0.672s] -- Detecting CXX compile features
[0.673s] -- Detecting CXX compile features - done
[0.676s] -- Found ament_cmake_auto: 0.9.11 (/opt/ros/foxy/share/ament_cmake_auto/cmake)
[0.718s] -- Found PythonInterp: /usr/bin/python3 (found suitable version "3.8.10", minimum required is "3") 
[0.718s] -- Using PYTHON_EXECUTABLE: /usr/bin/python3
[0.918s] -- Override CMake install command with custom implementation using symlinks instead of copying resources
[1.037s] -- Found ament_lint_auto: 0.9.7 (/opt/ros/foxy/share/ament_lint_auto/cmake)
[1.071s] -- Found python_cmake_module: 0.8.1 (/opt/ros/foxy/share/python_cmake_module/cmake)
[1.104s] -- Found PythonInterp: /usr/bin/python3 (found suitable version "3.8.10", minimum required is "3.5") 
[1.122s] -- Found PythonLibs: /usr/lib/x86_64-linux-gnu/libpython3.8.so (found suitable version "3.8.10", minimum required is "3.5") 
[1.123s] -- Using PYTHON_EXECUTABLE: /usr/bin/python3
[1.123s] -- Using PYTHON_INCLUDE_DIRS: /usr/include/python3.8
[1.123s] -- Using PYTHON_LIBRARIES: /usr/lib/x86_64-linux-gnu/libpython3.8.so
[1.155s] -- Found PythonExtra: .so  
[1.222s] -- Added test 'copyright' to check source files copyright and LICENSE
[1.244s] -- Added test 'flake8' to check Python code syntax and style conventions
[1.246s] -- Added test 'lint_cmake' to check CMake code style
[1.247s] -- Added test 'pep257' to check Python code against some of the style conventions in PEP 257
[1.254s] -- Added test 'xmllint' to check XML markup files
[1.258s] -- Configuring done
[1.261s] -- Generating done
[1.262s] -- Build files have been written to: /home/raul/bookros2_ws/build/pmb2_description
[1.271s] Invoked command in '/home/raul/bookros2_ws/build/pmb2_description' returned '0': AMENT_PREFIX_PATH=/home/raul/bookros2_ws/install/pmb2_controller_configuration:/home/raul/bookros2_ws/install/joint_state_controller:/home/raul/bookros2_ws/install/joint_state_broadcaster:/home/raul/bookros2_ws/install/imu_sensor_broadcaster:/home/raul/bookros2_ws/install/diff_drive_controller:/home/raul/bookros2_ws/install/controller_manager:/home/raul/bookros2_ws/install/controller_interface:/home/raul/bookros2_ws/install/hardware_interface:/home/raul/bookros2_ws/install/urdf_test:/home/raul/bookros2_ws/install/launch_pal:/home/raul/bookros2_ws/install/controller_manager_msgs:${AMENT_PREFIX_PATH} CMAKE_PREFIX_PATH=/home/raul/bookros2_ws/install/pmb2_controller_configuration:/home/raul/bookros2_ws/install/joint_state_controller:/home/raul/bookros2_ws/install/joint_state_broadcaster:/home/raul/bookros2_ws/install/imu_sensor_broadcaster:/home/raul/bookros2_ws/install/diff_drive_controller:/home/raul/bookros2_ws/install/controller_manager:/home/raul/bookros2_ws/install/controller_interface:/home/raul/bookros2_ws/install/hardware_interface:/home/raul/bookros2_ws/install/urdf_test:/home/raul/bookros2_ws/install/controller_manager_msgs:/opt/ros/foxy LD_LIBRARY_PATH=/home/raul/bookros2_ws/install/joint_state_controller/lib:/home/raul/bookros2_ws/install/joint_state_broadcaster/lib:/home/raul/bookros2_ws/install/imu_sensor_broadcaster/lib:/home/raul/bookros2_ws/install/diff_drive_controller/lib:/home/raul/bookros2_ws/install/controller_manager/lib:/home/raul/bookros2_ws/install/controller_interface/lib:/home/raul/bookros2_ws/install/hardware_interface/lib:/home/raul/bookros2_ws/install/controller_manager_msgs/lib:${LD_LIBRARY_PATH} PYTHONPATH=/home/raul/bookros2_ws/install/controller_manager/lib/python3.8/site-packages:/home/raul/bookros2_ws/install/urdf_test/lib/python3.8/site-packages:/home/raul/bookros2_ws/build/launch_pal:/home/raul/bookros2_ws/install/launch_pal/lib/python3.8/site-packages:/home/raul/bookros2_ws/install/controller_manager_msgs/lib/python3.8/site-packages:${PYTHONPATH} /usr/bin/cmake /home/raul/bookros2_ws/src/ThirdParty/pmb2_robot/pmb2_description -DAMENT_CMAKE_SYMLINK_INSTALL=1 -DCMAKE_INSTALL_PREFIX=/home/raul/bookros2_ws/install/pmb2_description
[1.273s] Invoking command in '/home/raul/bookros2_ws/build/pmb2_description': AMENT_PREFIX_PATH=/home/raul/bookros2_ws/install/pmb2_controller_configuration:/home/raul/bookros2_ws/install/joint_state_controller:/home/raul/bookros2_ws/install/joint_state_broadcaster:/home/raul/bookros2_ws/install/imu_sensor_broadcaster:/home/raul/bookros2_ws/install/diff_drive_controller:/home/raul/bookros2_ws/install/controller_manager:/home/raul/bookros2_ws/install/controller_interface:/home/raul/bookros2_ws/install/hardware_interface:/home/raul/bookros2_ws/install/urdf_test:/home/raul/bookros2_ws/install/launch_pal:/home/raul/bookros2_ws/install/controller_manager_msgs:${AMENT_PREFIX_PATH} CMAKE_PREFIX_PATH=/home/raul/bookros2_ws/install/pmb2_controller_configuration:/home/raul/bookros2_ws/install/joint_state_controller:/home/raul/bookros2_ws/install/joint_state_broadcaster:/home/raul/bookros2_ws/install/imu_sensor_broadcaster:/home/raul/bookros2_ws/install/diff_drive_controller:/home/raul/bookros2_ws/install/controller_manager:/home/raul/bookros2_ws/install/controller_interface:/home/raul/bookros2_ws/install/hardware_interface:/home/raul/bookros2_ws/install/urdf_test:/home/raul/bookros2_ws/install/controller_manager_msgs:/opt/ros/foxy LD_LIBRARY_PATH=/home/raul/bookros2_ws/install/joint_state_controller/lib:/home/raul/bookros2_ws/install/joint_state_broadcaster/lib:/home/raul/bookros2_ws/install/imu_sensor_broadcaster/lib:/home/raul/bookros2_ws/install/diff_drive_controller/lib:/home/raul/bookros2_ws/install/controller_manager/lib:/home/raul/bookros2_ws/install/controller_interface/lib:/home/raul/bookros2_ws/install/hardware_interface/lib:/home/raul/bookros2_ws/install/controller_manager_msgs/lib:${LD_LIBRARY_PATH} PYTHONPATH=/home/raul/bookros2_ws/install/controller_manager/lib/python3.8/site-packages:/home/raul/bookros2_ws/install/urdf_test/lib/python3.8/site-packages:/home/raul/bookros2_ws/build/launch_pal:/home/raul/bookros2_ws/install/launch_pal/lib/python3.8/site-packages:/home/raul/bookros2_ws/install/controller_manager_msgs/lib/python3.8/site-packages:${PYTHONPATH} /usr/bin/cmake --build /home/raul/bookros2_ws/build/pmb2_description -- -j8 -l8
[1.331s] Invoked command in '/home/raul/bookros2_ws/build/pmb2_description' returned '0': AMENT_PREFIX_PATH=/home/raul/bookros2_ws/install/pmb2_controller_configuration:/home/raul/bookros2_ws/install/joint_state_controller:/home/raul/bookros2_ws/install/joint_state_broadcaster:/home/raul/bookros2_ws/install/imu_sensor_broadcaster:/home/raul/bookros2_ws/install/diff_drive_controller:/home/raul/bookros2_ws/install/controller_manager:/home/raul/bookros2_ws/install/controller_interface:/home/raul/bookros2_ws/install/hardware_interface:/home/raul/bookros2_ws/install/urdf_test:/home/raul/bookros2_ws/install/launch_pal:/home/raul/bookros2_ws/install/controller_manager_msgs:${AMENT_PREFIX_PATH} CMAKE_PREFIX_PATH=/home/raul/bookros2_ws/install/pmb2_controller_configuration:/home/raul/bookros2_ws/install/joint_state_controller:/home/raul/bookros2_ws/install/joint_state_broadcaster:/home/raul/bookros2_ws/install/imu_sensor_broadcaster:/home/raul/bookros2_ws/install/diff_drive_controller:/home/raul/bookros2_ws/install/controller_manager:/home/raul/bookros2_ws/install/controller_interface:/home/raul/bookros2_ws/install/hardware_interface:/home/raul/bookros2_ws/install/urdf_test:/home/raul/bookros2_ws/install/controller_manager_msgs:/opt/ros/foxy LD_LIBRARY_PATH=/home/raul/bookros2_ws/install/joint_state_controller/lib:/home/raul/bookros2_ws/install/joint_state_broadcaster/lib:/home/raul/bookros2_ws/install/imu_sensor_broadcaster/lib:/home/raul/bookros2_ws/install/diff_drive_controller/lib:/home/raul/bookros2_ws/install/controller_manager/lib:/home/raul/bookros2_ws/install/controller_interface/lib:/home/raul/bookros2_ws/install/hardware_interface/lib:/home/raul/bookros2_ws/install/controller_manager_msgs/lib:${LD_LIBRARY_PATH} PYTHONPATH=/home/raul/bookros2_ws/install/controller_manager/lib/python3.8/site-packages:/home/raul/bookros2_ws/install/urdf_test/lib/python3.8/site-packages:/home/raul/bookros2_ws/build/launch_pal:/home/raul/bookros2_ws/install/launch_pal/lib/python3.8/site-packages:/home/raul/bookros2_ws/install/controller_manager_msgs/lib/python3.8/site-packages:${PYTHONPATH} /usr/bin/cmake --build /home/raul/bookros2_ws/build/pmb2_description -- -j8 -l8
[1.368s] Invoking command in '/home/raul/bookros2_ws/build/pmb2_description': AMENT_PREFIX_PATH=/home/raul/bookros2_ws/install/pmb2_controller_configuration:/home/raul/bookros2_ws/install/joint_state_controller:/home/raul/bookros2_ws/install/joint_state_broadcaster:/home/raul/bookros2_ws/install/imu_sensor_broadcaster:/home/raul/bookros2_ws/install/diff_drive_controller:/home/raul/bookros2_ws/install/controller_manager:/home/raul/bookros2_ws/install/controller_interface:/home/raul/bookros2_ws/install/hardware_interface:/home/raul/bookros2_ws/install/urdf_test:/home/raul/bookros2_ws/install/launch_pal:/home/raul/bookros2_ws/install/controller_manager_msgs:${AMENT_PREFIX_PATH} CMAKE_PREFIX_PATH=/home/raul/bookros2_ws/install/pmb2_controller_configuration:/home/raul/bookros2_ws/install/joint_state_controller:/home/raul/bookros2_ws/install/joint_state_broadcaster:/home/raul/bookros2_ws/install/imu_sensor_broadcaster:/home/raul/bookros2_ws/install/diff_drive_controller:/home/raul/bookros2_ws/install/controller_manager:/home/raul/bookros2_ws/install/controller_interface:/home/raul/bookros2_ws/install/hardware_interface:/home/raul/bookros2_ws/install/urdf_test:/home/raul/bookros2_ws/install/controller_manager_msgs:/opt/ros/foxy LD_LIBRARY_PATH=/home/raul/bookros2_ws/install/joint_state_controller/lib:/home/raul/bookros2_ws/install/joint_state_broadcaster/lib:/home/raul/bookros2_ws/install/imu_sensor_broadcaster/lib:/home/raul/bookros2_ws/install/diff_drive_controller/lib:/home/raul/bookros2_ws/install/controller_manager/lib:/home/raul/bookros2_ws/install/controller_interface/lib:/home/raul/bookros2_ws/install/hardware_interface/lib:/home/raul/bookros2_ws/install/controller_manager_msgs/lib:${LD_LIBRARY_PATH} PYTHONPATH=/home/raul/bookros2_ws/install/controller_manager/lib/python3.8/site-packages:/home/raul/bookros2_ws/install/urdf_test/lib/python3.8/site-packages:/home/raul/bookros2_ws/build/launch_pal:/home/raul/bookros2_ws/install/launch_pal/lib/python3.8/site-packages:/home/raul/bookros2_ws/install/controller_manager_msgs/lib/python3.8/site-packages:${PYTHONPATH} /usr/bin/cmake --install /home/raul/bookros2_ws/build/pmb2_description
[1.380s] -- Install configuration: ""
[1.381s] -- Execute custom install script
[1.382s] -- Symlinking: /home/raul/bookros2_ws/install/pmb2_description/share/pmb2_description/environment/pythonpath.sh
[1.396s] -- Symlinking: /home/raul/bookros2_ws/install/pmb2_description/share/pmb2_description/environment/pythonpath.dsv
[1.410s] -- Symlinking: /home/raul/bookros2_ws/install/pmb2_description/lib/python3.8/site-packages/pmb2_description/__init__.py
[1.424s] -- Symlinking: /home/raul/bookros2_ws/install/pmb2_description/lib/python3.8/site-packages/pmb2_description/pmb2_launch_utils.py
[1.438s] -- Symlinking: /home/raul/bookros2_ws/install/pmb2_description/share/pmb2_description/config/joint_limits.yaml
[1.452s] -- Symlinking: /home/raul/bookros2_ws/install/pmb2_description/share/pmb2_description/gazebo/gazebo.urdf.xacro
[1.466s] -- Symlinking: /home/raul/bookros2_ws/install/pmb2_description/share/pmb2_description/launch/robot_state_publisher.launch.py
[1.480s] -- Symlinking: /home/raul/bookros2_ws/install/pmb2_description/share/pmb2_description/launch/show.launch.py
[1.494s] -- Symlinking: /home/raul/bookros2_ws/install/pmb2_description/share/pmb2_description/Media/materials/scripts/markers.material
[1.507s] -- Symlinking: /home/raul/bookros2_ws/install/pmb2_description/share/pmb2_description/Media/materials/textures/aruco-26_8cm.png
[1.520s] -- Symlinking: /home/raul/bookros2_ws/install/pmb2_description/share/pmb2_description/Media/materials/textures/aruco-582_8cm.png
[1.533s] -- Symlinking: /home/raul/bookros2_ws/install/pmb2_description/share/pmb2_description/Media/materials/textures/pal_logo_1_7cm.jpg
[1.546s] -- Symlinking: /home/raul/bookros2_ws/install/pmb2_description/share/pmb2_description/Media/materials/textures/pal_logo_2_7cm.jpg
[1.559s] -- Symlinking: /home/raul/bookros2_ws/install/pmb2_description/share/pmb2_description/Media/materials/textures/pal_logo_3_7cm.jpg
[1.575s] -- Symlinking: /home/raul/bookros2_ws/install/pmb2_description/share/pmb2_description/meshes/base/base.stl
[1.587s] -- Symlinking: /home/raul/bookros2_ws/install/pmb2_description/share/pmb2_description/meshes/base/base_collision.dae
[1.601s] -- Symlinking: /home/raul/bookros2_ws/install/pmb2_description/share/pmb2_description/meshes/base/base_ring.stl
[1.630s] -- Symlinking: /home/raul/bookros2_ws/install/pmb2_description/share/pmb2_description/meshes/base/high_resolution/base.stl
[1.639s] -- Symlinking: /home/raul/bookros2_ws/install/pmb2_description/share/pmb2_description/meshes/base/high_resolution/base_collision.stl
[1.654s] -- Symlinking: /home/raul/bookros2_ws/install/pmb2_description/share/pmb2_description/meshes/cameras_add_on/cameras_add_on.stl
[1.668s] -- Symlinking: /home/raul/bookros2_ws/install/pmb2_description/share/pmb2_description/meshes/cameras_add_on/cameras_add_on_collision.stl
[1.682s] -- Symlinking: /home/raul/bookros2_ws/install/pmb2_description/share/pmb2_description/meshes/dock/dock.stl
[1.696s] -- Symlinking: /home/raul/bookros2_ws/install/pmb2_description/share/pmb2_description/meshes/dock/dock_collision.stl
[1.709s] -- Symlinking: /home/raul/bookros2_ws/install/pmb2_description/share/pmb2_description/meshes/objects/antenna.stl
[1.722s] -- Symlinking: /home/raul/bookros2_ws/install/pmb2_description/share/pmb2_description/meshes/objects/cover.stl
[1.735s] -- Symlinking: /home/raul/bookros2_ws/install/pmb2_description/share/pmb2_description/meshes/objects/high_resolution/cover.stl
[1.749s] -- Symlinking: /home/raul/bookros2_ws/install/pmb2_description/share/pmb2_description/meshes/sensors/bumper.stl
[1.762s] -- Symlinking: /home/raul/bookros2_ws/install/pmb2_description/share/pmb2_description/meshes/sensors/bumper_collision.stl
[1.775s] -- Symlinking: /home/raul/bookros2_ws/install/pmb2_description/share/pmb2_description/meshes/sensors/elp_camera.stl
[1.789s] -- Symlinking: /home/raul/bookros2_ws/install/pmb2_description/share/pmb2_description/meshes/sensors/high_resolution/bumper.stl
[1.802s] -- Symlinking: /home/raul/bookros2_ws/install/pmb2_description/share/pmb2_description/meshes/sensors/high_resolution/hokuyo_urg_04lx_ug01.stl
[1.815s] -- Symlinking: /home/raul/bookros2_ws/install/pmb2_description/share/pmb2_description/meshes/sensors/high_resolution/sick_tim551.stl
[1.829s] -- Symlinking: /home/raul/bookros2_ws/install/pmb2_description/share/pmb2_description/meshes/sensors/high_resolution/srf05.stl
[1.842s] -- Symlinking: /home/raul/bookros2_ws/install/pmb2_description/share/pmb2_description/meshes/sensors/high_resolution/xtion_pro_live.stl
[1.856s] -- Symlinking: /home/raul/bookros2_ws/install/pmb2_description/share/pmb2_description/meshes/sensors/hokuyo_urg_04lx_ug01.stl
[1.870s] -- Symlinking: /home/raul/bookros2_ws/install/pmb2_description/share/pmb2_description/meshes/sensors/sick_tim551.stl
[1.884s] -- Symlinking: /home/raul/bookros2_ws/install/pmb2_description/share/pmb2_description/meshes/sensors/srf05.stl
[1.897s] -- Symlinking: /home/raul/bookros2_ws/install/pmb2_description/share/pmb2_description/meshes/sensors/structure_sensor.stl
[1.911s] -- Symlinking: /home/raul/bookros2_ws/install/pmb2_description/share/pmb2_description/meshes/sensors/xtion_pro_live.dae
[1.923s] -- Symlinking: /home/raul/bookros2_ws/install/pmb2_description/share/pmb2_description/meshes/wheels/caster_1.stl
[1.936s] -- Symlinking: /home/raul/bookros2_ws/install/pmb2_description/share/pmb2_description/meshes/wheels/caster_2.stl
[1.949s] -- Symlinking: /home/raul/bookros2_ws/install/pmb2_description/share/pmb2_description/meshes/wheels/high_resolution/caster_1.stl
[1.962s] -- Symlinking: /home/raul/bookros2_ws/install/pmb2_description/share/pmb2_description/meshes/wheels/high_resolution/caster_2.stl
[1.977s] -- Symlinking: /home/raul/bookros2_ws/install/pmb2_description/share/pmb2_description/meshes/wheels/high_resolution/wheel.stl
[1.992s] -- Symlinking: /home/raul/bookros2_ws/install/pmb2_description/share/pmb2_description/meshes/wheels/wheel.stl
[2.007s] -- Symlinking: /home/raul/bookros2_ws/install/pmb2_description/share/pmb2_description/robots/pmb2.urdf.xacro
[2.022s] -- Symlinking: /home/raul/bookros2_ws/install/pmb2_description/share/pmb2_description/ros2_control/ros2_control.urdf.xacro
[2.035s] -- Symlinking: /home/raul/bookros2_ws/install/pmb2_description/share/pmb2_description/urdf/base/base.urdf.xacro
[2.048s] -- Symlinking: /home/raul/bookros2_ws/install/pmb2_description/share/pmb2_description/urdf/base/base_sensors.urdf.xacro
[2.061s] -- Symlinking: /home/raul/bookros2_ws/install/pmb2_description/share/pmb2_description/urdf/base/footprint.yaml
[2.074s] -- Symlinking: /home/raul/bookros2_ws/install/pmb2_description/share/pmb2_description/urdf/cameras_add_on/cameras_add_on.urdf.xacro
[2.091s] -- Symlinking: /home/raul/bookros2_ws/install/pmb2_description/share/pmb2_description/urdf/deg_to_rad.xacro
[2.101s] -- Symlinking: /home/raul/bookros2_ws/install/pmb2_description/share/pmb2_description/urdf/dock/dock.urdf.xacro
[2.115s] -- Symlinking: /home/raul/bookros2_ws/install/pmb2_description/share/pmb2_description/urdf/materials.urdf.xacro
[2.132s] -- Symlinking: /home/raul/bookros2_ws/install/pmb2_description/share/pmb2_description/urdf/objects/antenna.urdf.xacro
[2.148s] -- Symlinking: /home/raul/bookros2_ws/install/pmb2_description/share/pmb2_description/urdf/objects/cover.urdf.xacro
[2.165s] -- Symlinking: /home/raul/bookros2_ws/install/pmb2_description/share/pmb2_description/urdf/sensors/bumper.gazebo.xacro
[2.177s] -- Symlinking: /home/raul/bookros2_ws/install/pmb2_description/share/pmb2_description/urdf/sensors/bumper.urdf.xacro
[2.194s] -- Symlinking: /home/raul/bookros2_ws/install/pmb2_description/share/pmb2_description/urdf/sensors/courier.urdf.xacro
[2.205s] -- Symlinking: /home/raul/bookros2_ws/install/pmb2_description/share/pmb2_description/urdf/sensors/elp_rgb.gazebo.xacro
[2.218s] -- Symlinking: /home/raul/bookros2_ws/install/pmb2_description/share/pmb2_description/urdf/sensors/elp_rgb.urdf.xacro
[2.233s] -- Symlinking: /home/raul/bookros2_ws/install/pmb2_description/share/pmb2_description/urdf/sensors/hokuyo_urg_04lx_ug01_laser.gazebo.xacro
[2.246s] -- Symlinking: /home/raul/bookros2_ws/install/pmb2_description/share/pmb2_description/urdf/sensors/hokuyo_urg_04lx_ug01_laser.urdf.xacro
[2.261s] -- Symlinking: /home/raul/bookros2_ws/install/pmb2_description/share/pmb2_description/urdf/sensors/imu.urdf.xacro
[2.275s] -- Symlinking: /home/raul/bookros2_ws/install/pmb2_description/share/pmb2_description/urdf/sensors/microphone.urdf.xacro
[2.290s] -- Symlinking: /home/raul/bookros2_ws/install/pmb2_description/share/pmb2_description/urdf/sensors/range.gazebo.xacro
[2.305s] -- Symlinking: /home/raul/bookros2_ws/install/pmb2_description/share/pmb2_description/urdf/sensors/range.urdf.xacro
[2.320s] -- Symlinking: /home/raul/bookros2_ws/install/pmb2_description/share/pmb2_description/urdf/sensors/sensors.ros2_control.xacro
[2.334s] -- Symlinking: /home/raul/bookros2_ws/install/pmb2_description/share/pmb2_description/urdf/sensors/sick_tim551_laser.gazebo.xacro
[2.348s] -- Symlinking: /home/raul/bookros2_ws/install/pmb2_description/share/pmb2_description/urdf/sensors/sick_tim551_laser.urdf.xacro
[2.362s] -- Symlinking: /home/raul/bookros2_ws/install/pmb2_description/share/pmb2_description/urdf/sensors/sick_tim561_laser.gazebo.xacro
[2.377s] -- Symlinking: /home/raul/bookros2_ws/install/pmb2_description/share/pmb2_description/urdf/sensors/sick_tim561_laser.urdf.xacro
[2.393s] -- Symlinking: /home/raul/bookros2_ws/install/pmb2_description/share/pmb2_description/urdf/sensors/sick_tim571_laser.gazebo.xacro
[2.407s] -- Symlinking: /home/raul/bookros2_ws/install/pmb2_description/share/pmb2_description/urdf/sensors/sick_tim571_laser.urdf.xacro
[2.421s] -- Symlinking: /home/raul/bookros2_ws/install/pmb2_description/share/pmb2_description/urdf/sensors/structure_sensor.gazebo.xacro
[2.435s] -- Symlinking: /home/raul/bookros2_ws/install/pmb2_description/share/pmb2_description/urdf/sensors/structure_sensor.urdf.xacro
[2.450s] -- Symlinking: /home/raul/bookros2_ws/install/pmb2_description/share/pmb2_description/urdf/wheels/caster.gazebo.xacro
[2.464s] -- Symlinking: /home/raul/bookros2_ws/install/pmb2_description/share/pmb2_description/urdf/wheels/caster.urdf.xacro
[2.479s] -- Symlinking: /home/raul/bookros2_ws/install/pmb2_description/share/pmb2_description/urdf/wheels/wheel.gazebo.xacro
[2.493s] -- Symlinking: /home/raul/bookros2_ws/install/pmb2_description/share/pmb2_description/urdf/wheels/wheel.ros2_control.xacro
[2.508s] -- Symlinking: /home/raul/bookros2_ws/install/pmb2_description/share/pmb2_description/urdf/wheels/wheel.urdf.xacro
[2.522s] -- Symlinking: /home/raul/bookros2_ws/install/pmb2_description/share/ament_index/resource_index/package_run_dependencies/pmb2_description
[2.537s] -- Symlinking: /home/raul/bookros2_ws/install/pmb2_description/share/ament_index/resource_index/parent_prefix_path/pmb2_description
[2.551s] -- Symlinking: /home/raul/bookros2_ws/install/pmb2_description/share/pmb2_description/environment/ament_prefix_path.sh
[2.565s] -- Symlinking: /home/raul/bookros2_ws/install/pmb2_description/share/pmb2_description/environment/ament_prefix_path.dsv
[2.579s] -- Symlinking: /home/raul/bookros2_ws/install/pmb2_description/share/pmb2_description/environment/path.sh
[2.593s] -- Symlinking: /home/raul/bookros2_ws/install/pmb2_description/share/pmb2_description/environment/path.dsv
[2.607s] -- Symlinking: /home/raul/bookros2_ws/install/pmb2_description/share/pmb2_description/local_setup.bash
[2.622s] -- Symlinking: /home/raul/bookros2_ws/install/pmb2_description/share/pmb2_description/local_setup.sh
[2.635s] -- Symlinking: /home/raul/bookros2_ws/install/pmb2_description/share/pmb2_description/local_setup.zsh
[2.650s] -- Symlinking: /home/raul/bookros2_ws/install/pmb2_description/share/pmb2_description/local_setup.dsv
[2.665s] -- Symlinking: /home/raul/bookros2_ws/install/pmb2_description/share/pmb2_description/package.dsv
[2.679s] -- Symlinking: /home/raul/bookros2_ws/install/pmb2_description/share/ament_index/resource_index/packages/pmb2_description
[2.694s] -- Symlinking: /home/raul/bookros2_ws/install/pmb2_description/share/pmb2_description/cmake/pmb2_descriptionConfig.cmake
[2.706s] -- Symlinking: /home/raul/bookros2_ws/install/pmb2_description/share/pmb2_description/cmake/pmb2_descriptionConfig-version.cmake
[2.721s] -- Symlinking: /home/raul/bookros2_ws/install/pmb2_description/share/pmb2_description/package.xml
[2.777s] Listing '/home/raul/bookros2_ws/install/pmb2_description/lib/python3.8/site-packages/pmb2_description'...
[2.777s] Compiling '/home/raul/bookros2_ws/install/pmb2_description/lib/python3.8/site-packages/pmb2_description/__init__.py'...
[2.777s] Compiling '/home/raul/bookros2_ws/install/pmb2_description/lib/python3.8/site-packages/pmb2_description/pmb2_launch_utils.py'...
[2.787s] Invoked command in '/home/raul/bookros2_ws/build/pmb2_description' returned '0': AMENT_PREFIX_PATH=/home/raul/bookros2_ws/install/pmb2_controller_configuration:/home/raul/bookros2_ws/install/joint_state_controller:/home/raul/bookros2_ws/install/joint_state_broadcaster:/home/raul/bookros2_ws/install/imu_sensor_broadcaster:/home/raul/bookros2_ws/install/diff_drive_controller:/home/raul/bookros2_ws/install/controller_manager:/home/raul/bookros2_ws/install/controller_interface:/home/raul/bookros2_ws/install/hardware_interface:/home/raul/bookros2_ws/install/urdf_test:/home/raul/bookros2_ws/install/launch_pal:/home/raul/bookros2_ws/install/controller_manager_msgs:${AMENT_PREFIX_PATH} CMAKE_PREFIX_PATH=/home/raul/bookros2_ws/install/pmb2_controller_configuration:/home/raul/bookros2_ws/install/joint_state_controller:/home/raul/bookros2_ws/install/joint_state_broadcaster:/home/raul/bookros2_ws/install/imu_sensor_broadcaster:/home/raul/bookros2_ws/install/diff_drive_controller:/home/raul/bookros2_ws/install/controller_manager:/home/raul/bookros2_ws/install/controller_interface:/home/raul/bookros2_ws/install/hardware_interface:/home/raul/bookros2_ws/install/urdf_test:/home/raul/bookros2_ws/install/controller_manager_msgs:/opt/ros/foxy LD_LIBRARY_PATH=/home/raul/bookros2_ws/install/joint_state_controller/lib:/home/raul/bookros2_ws/install/joint_state_broadcaster/lib:/home/raul/bookros2_ws/install/imu_sensor_broadcaster/lib:/home/raul/bookros2_ws/install/diff_drive_controller/lib:/home/raul/bookros2_ws/install/controller_manager/lib:/home/raul/bookros2_ws/install/controller_interface/lib:/home/raul/bookros2_ws/install/hardware_interface/lib:/home/raul/bookros2_ws/install/controller_manager_msgs/lib:${LD_LIBRARY_PATH} PYTHONPATH=/home/raul/bookros2_ws/install/controller_manager/lib/python3.8/site-packages:/home/raul/bookros2_ws/install/urdf_test/lib/python3.8/site-packages:/home/raul/bookros2_ws/build/launch_pal:/home/raul/bookros2_ws/install/launch_pal/lib/python3.8/site-packages:/home/raul/bookros2_ws/install/controller_manager_msgs/lib/python3.8/site-packages:${PYTHONPATH} /usr/bin/cmake --install /home/raul/bookros2_ws/build/pmb2_description
