[0.101s] Invoking command in '/home/raul/bookros2_ws/build/br2_bt_bumpgo': CMAKE_PREFIX_PATH=${CMAKE_PREFIX_PATH}:/home/raul/bookros2_ws/install/ros2controlcli:/home/raul/bookros2_ws/install/launch_pal:/home/raul/bookros2_ws/install/br2_fsm_bumpgo_py:/opt/ros/foxy /usr/bin/cmake --build /home/raul/bookros2_ws/build/br2_bt_bumpgo -- -j8 -l8
[0.469s] [ 11%] Built target br2_forward_bt_node
[0.469s] [ 22%] Built target br2_turn_bt_node
[0.516s] [ 33%] Built target bt_bumpgo
[0.574s] [ 44%] Built target gtest_main
[0.651s] [ 55%] Built target bt_forward
[0.652s] [ 66%] Built target gtest
[0.731s] [ 77%] Built target br2_is_obstacle_bt_node
[0.789s] [ 88%] Built target bt_action_test
[0.790s] [100%] Built target br2_back_bt_node
[0.918s] Invoked command in '/home/raul/bookros2_ws/build/br2_bt_bumpgo' returned '0': CMAKE_PREFIX_PATH=${CMAKE_PREFIX_PATH}:/home/raul/bookros2_ws/install/ros2controlcli:/home/raul/bookros2_ws/install/launch_pal:/home/raul/bookros2_ws/install/br2_fsm_bumpgo_py:/opt/ros/foxy /usr/bin/cmake --build /home/raul/bookros2_ws/build/br2_bt_bumpgo -- -j8 -l8
[1.188s] Invoking command in '/home/raul/bookros2_ws/build/br2_bt_bumpgo': CMAKE_PREFIX_PATH=${CMAKE_PREFIX_PATH}:/home/raul/bookros2_ws/install/ros2controlcli:/home/raul/bookros2_ws/install/launch_pal:/home/raul/bookros2_ws/install/br2_fsm_bumpgo_py:/opt/ros/foxy /usr/bin/cmake --install /home/raul/bookros2_ws/build/br2_bt_bumpgo
[1.222s] -- Install configuration: ""
[1.222s] -- Execute custom install script
[1.224s] -- Up-to-date symlink: /home/raul/bookros2_ws/install/br2_bt_bumpgo/lib/libbr2_forward_bt_node.so
[1.225s] -- Up-to-date symlink: /home/raul/bookros2_ws/install/br2_bt_bumpgo/lib/libbr2_back_bt_node.so
[1.226s] -- Up-to-date symlink: /home/raul/bookros2_ws/install/br2_bt_bumpgo/lib/libbr2_turn_bt_node.so
[1.226s] -- Up-to-date symlink: /home/raul/bookros2_ws/install/br2_bt_bumpgo/lib/libbr2_is_obstacle_bt_node.so
[1.226s] -- Up-to-date symlink: /home/raul/bookros2_ws/install/br2_bt_bumpgo/lib/br2_bt_bumpgo/bt_bumpgo
[1.226s] -- Up-to-date symlink: /home/raul/bookros2_ws/install/br2_bt_bumpgo/include//br2_bt_bumpgo/Back.hpp
[1.228s] -- Up-to-date symlink: /home/raul/bookros2_ws/install/br2_bt_bumpgo/include//br2_bt_bumpgo/Forward.hpp
[1.229s] -- Up-to-date symlink: /home/raul/bookros2_ws/install/br2_bt_bumpgo/include//br2_bt_bumpgo/IsObstacle.hpp
[1.229s] -- Up-to-date symlink: /home/raul/bookros2_ws/install/br2_bt_bumpgo/include//br2_bt_bumpgo/Turn.hpp
[1.230s] -- Up-to-date symlink: /home/raul/bookros2_ws/install/br2_bt_bumpgo/share/br2_bt_bumpgo/behavior_tree_xml/bumpgo.xml
[1.240s] -- Up-to-date symlink: /home/raul/bookros2_ws/install/br2_bt_bumpgo/lib/br2_bt_bumpgo/bt_forward
[1.240s] -- Up-to-date symlink: /home/raul/bookros2_ws/install/br2_bt_bumpgo/share/ament_index/resource_index/package_run_dependencies/br2_bt_bumpgo
[1.241s] -- Up-to-date symlink: /home/raul/bookros2_ws/install/br2_bt_bumpgo/share/ament_index/resource_index/parent_prefix_path/br2_bt_bumpgo
[1.241s] -- Up-to-date symlink: /home/raul/bookros2_ws/install/br2_bt_bumpgo/share/br2_bt_bumpgo/environment/ament_prefix_path.sh
[1.247s] -- Up-to-date symlink: /home/raul/bookros2_ws/install/br2_bt_bumpgo/share/br2_bt_bumpgo/environment/ament_prefix_path.dsv
[1.247s] -- Up-to-date symlink: /home/raul/bookros2_ws/install/br2_bt_bumpgo/share/br2_bt_bumpgo/environment/path.sh
[1.251s] -- Up-to-date symlink: /home/raul/bookros2_ws/install/br2_bt_bumpgo/share/br2_bt_bumpgo/environment/path.dsv
[1.254s] -- Up-to-date symlink: /home/raul/bookros2_ws/install/br2_bt_bumpgo/share/br2_bt_bumpgo/local_setup.bash
[1.255s] -- Up-to-date symlink: /home/raul/bookros2_ws/install/br2_bt_bumpgo/share/br2_bt_bumpgo/local_setup.sh
[1.255s] -- Up-to-date symlink: /home/raul/bookros2_ws/install/br2_bt_bumpgo/share/br2_bt_bumpgo/local_setup.zsh
[1.255s] -- Up-to-date symlink: /home/raul/bookros2_ws/install/br2_bt_bumpgo/share/br2_bt_bumpgo/local_setup.dsv
[1.255s] -- Symlinking: /home/raul/bookros2_ws/install/br2_bt_bumpgo/share/br2_bt_bumpgo/package.dsv
[1.284s] -- Up-to-date symlink: /home/raul/bookros2_ws/install/br2_bt_bumpgo/share/ament_index/resource_index/packages/br2_bt_bumpgo
[1.287s] -- Up-to-date symlink: /home/raul/bookros2_ws/install/br2_bt_bumpgo/share/br2_bt_bumpgo/cmake/ament_cmake_export_include_directories-extras.cmake
[1.288s] -- Up-to-date symlink: /home/raul/bookros2_ws/install/br2_bt_bumpgo/share/br2_bt_bumpgo/cmake/ament_cmake_export_dependencies-extras.cmake
[1.288s] -- Up-to-date symlink: /home/raul/bookros2_ws/install/br2_bt_bumpgo/share/br2_bt_bumpgo/cmake/br2_bt_bumpgoConfig.cmake
[1.288s] -- Up-to-date symlink: /home/raul/bookros2_ws/install/br2_bt_bumpgo/share/br2_bt_bumpgo/cmake/br2_bt_bumpgoConfig-version.cmake
[1.288s] -- Up-to-date symlink: /home/raul/bookros2_ws/install/br2_bt_bumpgo/share/br2_bt_bumpgo/package.xml
[1.412s] Invoked command in '/home/raul/bookros2_ws/build/br2_bt_bumpgo' returned '0': CMAKE_PREFIX_PATH=${CMAKE_PREFIX_PATH}:/home/raul/bookros2_ws/install/ros2controlcli:/home/raul/bookros2_ws/install/launch_pal:/home/raul/bookros2_ws/install/br2_fsm_bumpgo_py:/opt/ros/foxy /usr/bin/cmake --install /home/raul/bookros2_ws/build/br2_bt_bumpgo
