[0.077s] Invoking command in '/home/raul/bookros2_ws/build/br2_bt_patrolling': CMAKE_PREFIX_PATH=${CMAKE_PREFIX_PATH}:/home/raul/bookros2_ws/install/ros2controlcli:/home/raul/bookros2_ws/install/launch_pal:/home/raul/bookros2_ws/install/br2_fsm_bumpgo_py:/opt/ros/foxy /usr/bin/cmake --build /home/raul/bookros2_ws/build/br2_bt_patrolling -- -j8 -l8
[0.228s] [ 10%] Built target br2_recharge_bt_node
[0.232s] [ 20%] Built target br2_move_bt_node
[0.238s] [ 30%] Built target patrolling_main
[0.251s] [ 40%] Built target gtest
[0.256s] [ 50%] Built target br2_patrol_bt_node
[0.257s] [ 60%] Built target br2_battery_checker_bt_node
[0.263s] [ 70%] Built target br2_get_waypoint_bt_node
[0.264s] [ 80%] Built target br2_track_objects_bt_node
[0.285s] [ 90%] Built target gtest_main
[0.350s] [100%] Built target bt_action_test
[0.754s] Invoked command in '/home/raul/bookros2_ws/build/br2_bt_patrolling' returned '0': CMAKE_PREFIX_PATH=${CMAKE_PREFIX_PATH}:/home/raul/bookros2_ws/install/ros2controlcli:/home/raul/bookros2_ws/install/launch_pal:/home/raul/bookros2_ws/install/br2_fsm_bumpgo_py:/opt/ros/foxy /usr/bin/cmake --build /home/raul/bookros2_ws/build/br2_bt_patrolling -- -j8 -l8
[0.902s] Invoking command in '/home/raul/bookros2_ws/build/br2_bt_patrolling': CMAKE_PREFIX_PATH=${CMAKE_PREFIX_PATH}:/home/raul/bookros2_ws/install/ros2controlcli:/home/raul/bookros2_ws/install/launch_pal:/home/raul/bookros2_ws/install/br2_fsm_bumpgo_py:/opt/ros/foxy /usr/bin/cmake --install /home/raul/bookros2_ws/build/br2_bt_patrolling
[0.922s] -- Install configuration: "Debug"
[0.925s] -- Execute custom install script
[0.930s] -- Up-to-date symlink: /home/raul/bookros2_ws/install/br2_bt_patrolling/lib/libbr2_recharge_bt_node.so
[0.931s] -- Up-to-date symlink: /home/raul/bookros2_ws/install/br2_bt_patrolling/lib/libbr2_patrol_bt_node.so
[0.931s] -- Up-to-date symlink: /home/raul/bookros2_ws/install/br2_bt_patrolling/lib/libbr2_move_bt_node.so
[0.931s] -- Up-to-date symlink: /home/raul/bookros2_ws/install/br2_bt_patrolling/lib/libbr2_get_waypoint_bt_node.so
[0.931s] -- Up-to-date symlink: /home/raul/bookros2_ws/install/br2_bt_patrolling/lib/libbr2_battery_checker_bt_node.so
[0.931s] -- Up-to-date symlink: /home/raul/bookros2_ws/install/br2_bt_patrolling/lib/libbr2_track_objects_bt_node.so
[0.932s] -- Up-to-date symlink: /home/raul/bookros2_ws/install/br2_bt_patrolling/lib/br2_bt_patrolling/patrolling_main
[0.932s] -- Up-to-date symlink: /home/raul/bookros2_ws/install/br2_bt_patrolling/include//br2_bt_patrolling/BatteryChecker.hpp
[0.933s] -- Up-to-date symlink: /home/raul/bookros2_ws/install/br2_bt_patrolling/include//br2_bt_patrolling/GetWaypoint.hpp
[0.933s] -- Up-to-date symlink: /home/raul/bookros2_ws/install/br2_bt_patrolling/include//br2_bt_patrolling/Move.hpp
[0.941s] -- Up-to-date symlink: /home/raul/bookros2_ws/install/br2_bt_patrolling/include//br2_bt_patrolling/Patrol.hpp
[0.941s] -- Up-to-date symlink: /home/raul/bookros2_ws/install/br2_bt_patrolling/include//br2_bt_patrolling/Recharge.hpp
[0.942s] -- Up-to-date symlink: /home/raul/bookros2_ws/install/br2_bt_patrolling/include//br2_bt_patrolling/TrackObjects.hpp
[0.942s] -- Up-to-date symlink: /home/raul/bookros2_ws/install/br2_bt_patrolling/include//br2_bt_patrolling/ctrl_support/BTActionNode.hpp
[0.943s] -- Up-to-date symlink: /home/raul/bookros2_ws/install/br2_bt_patrolling/include//br2_bt_patrolling/ctrl_support/BTLifecycleCtrlNode.hpp
[0.943s] -- Up-to-date symlink: /home/raul/bookros2_ws/install/br2_bt_patrolling/share/br2_bt_patrolling/behavior_tree_xml/patrolling.xml
[0.943s] -- Up-to-date symlink: /home/raul/bookros2_ws/install/br2_bt_patrolling/share/br2_bt_patrolling/launch/patrolling.launch.py
[0.943s] -- Up-to-date symlink: /home/raul/bookros2_ws/install/br2_bt_patrolling/share/ament_index/resource_index/package_run_dependencies/br2_bt_patrolling
[0.944s] -- Up-to-date symlink: /home/raul/bookros2_ws/install/br2_bt_patrolling/share/ament_index/resource_index/parent_prefix_path/br2_bt_patrolling
[0.944s] -- Up-to-date symlink: /home/raul/bookros2_ws/install/br2_bt_patrolling/share/br2_bt_patrolling/environment/ament_prefix_path.sh
[0.944s] -- Up-to-date symlink: /home/raul/bookros2_ws/install/br2_bt_patrolling/share/br2_bt_patrolling/environment/ament_prefix_path.dsv
[0.944s] -- Up-to-date symlink: /home/raul/bookros2_ws/install/br2_bt_patrolling/share/br2_bt_patrolling/environment/path.sh
[0.945s] -- Up-to-date symlink: /home/raul/bookros2_ws/install/br2_bt_patrolling/share/br2_bt_patrolling/environment/path.dsv
[0.945s] -- Up-to-date symlink: /home/raul/bookros2_ws/install/br2_bt_patrolling/share/br2_bt_patrolling/local_setup.bash
[0.945s] -- Up-to-date symlink: /home/raul/bookros2_ws/install/br2_bt_patrolling/share/br2_bt_patrolling/local_setup.sh
[0.945s] -- Up-to-date symlink: /home/raul/bookros2_ws/install/br2_bt_patrolling/share/br2_bt_patrolling/local_setup.zsh
[0.946s] -- Up-to-date symlink: /home/raul/bookros2_ws/install/br2_bt_patrolling/share/br2_bt_patrolling/local_setup.dsv
[0.946s] -- Symlinking: /home/raul/bookros2_ws/install/br2_bt_patrolling/share/br2_bt_patrolling/package.dsv
[0.984s] -- Up-to-date symlink: /home/raul/bookros2_ws/install/br2_bt_patrolling/share/ament_index/resource_index/packages/br2_bt_patrolling
[0.986s] -- Up-to-date symlink: /home/raul/bookros2_ws/install/br2_bt_patrolling/share/br2_bt_patrolling/cmake/ament_cmake_export_include_directories-extras.cmake
[0.987s] -- Up-to-date symlink: /home/raul/bookros2_ws/install/br2_bt_patrolling/share/br2_bt_patrolling/cmake/ament_cmake_export_dependencies-extras.cmake
[0.987s] -- Up-to-date symlink: /home/raul/bookros2_ws/install/br2_bt_patrolling/share/br2_bt_patrolling/cmake/br2_bt_patrollingConfig.cmake
[0.987s] -- Up-to-date symlink: /home/raul/bookros2_ws/install/br2_bt_patrolling/share/br2_bt_patrolling/cmake/br2_bt_patrollingConfig-version.cmake
[0.987s] -- Up-to-date symlink: /home/raul/bookros2_ws/install/br2_bt_patrolling/share/br2_bt_patrolling/package.xml
[1.007s] Invoked command in '/home/raul/bookros2_ws/build/br2_bt_patrolling' returned '0': CMAKE_PREFIX_PATH=${CMAKE_PREFIX_PATH}:/home/raul/bookros2_ws/install/ros2controlcli:/home/raul/bookros2_ws/install/launch_pal:/home/raul/bookros2_ws/install/br2_fsm_bumpgo_py:/opt/ros/foxy /usr/bin/cmake --install /home/raul/bookros2_ws/build/br2_bt_patrolling
