[0.175s] Invoking command in '/home/raul/bookros2_ws/build/pointcloud_to_laserscan': CMAKE_PREFIX_PATH=${CMAKE_PREFIX_PATH}:/home/raul/bookros2_ws/install/ros2controlcli:/home/raul/bookros2_ws/install/launch_pal:/home/raul/bookros2_ws/install/br2_fsm_bumpgo_py:/opt/ros/foxy /usr/bin/cmake --build /home/raul/bookros2_ws/build/pointcloud_to_laserscan -- -j10 -l10
[0.494s] [ 20%] Built target laserscan_to_pointcloud_node
[0.510s] [ 40%] Built target pointcloud_to_laserscan_node
[0.514s] [ 60%] Built target dummy_pointcloud_publisher
[0.563s] [ 80%] Built target laserscan_to_pointcloud
[0.583s] [100%] Built target pointcloud_to_laserscan
[0.773s] Invoked command in '/home/raul/bookros2_ws/build/pointcloud_to_laserscan' returned '0': CMAKE_PREFIX_PATH=${CMAKE_PREFIX_PATH}:/home/raul/bookros2_ws/install/ros2controlcli:/home/raul/bookros2_ws/install/launch_pal:/home/raul/bookros2_ws/install/br2_fsm_bumpgo_py:/opt/ros/foxy /usr/bin/cmake --build /home/raul/bookros2_ws/build/pointcloud_to_laserscan -- -j10 -l10
[1.179s] Invoking command in '/home/raul/bookros2_ws/build/pointcloud_to_laserscan': CMAKE_PREFIX_PATH=${CMAKE_PREFIX_PATH}:/home/raul/bookros2_ws/install/ros2controlcli:/home/raul/bookros2_ws/install/launch_pal:/home/raul/bookros2_ws/install/br2_fsm_bumpgo_py:/opt/ros/foxy /usr/bin/cmake --install /home/raul/bookros2_ws/build/pointcloud_to_laserscan
[1.240s] -- Install configuration: ""
[1.240s] -- Execute custom install script
[1.241s] -- Up-to-date symlink: /home/raul/bookros2_ws/install/pointcloud_to_laserscan/lib/pointcloud_to_laserscan/laserscan_to_pointcloud_node
[1.245s] -- Up-to-date symlink: /home/raul/bookros2_ws/install/pointcloud_to_laserscan/lib/pointcloud_to_laserscan/pointcloud_to_laserscan_node
[1.245s] -- Up-to-date symlink: /home/raul/bookros2_ws/install/pointcloud_to_laserscan/lib/liblaserscan_to_pointcloud.so
[1.245s] -- Up-to-date symlink: /home/raul/bookros2_ws/install/pointcloud_to_laserscan/lib/libpointcloud_to_laserscan.so
[1.246s] -- Up-to-date symlink: /home/raul/bookros2_ws/install/pointcloud_to_laserscan/lib/pointcloud_to_laserscan/dummy_pointcloud_publisher
[1.246s] -- Up-to-date symlink: /home/raul/bookros2_ws/install/pointcloud_to_laserscan/include/include/pointcloud_to_laserscan/laserscan_to_pointcloud_node.hpp
[1.249s] -- Up-to-date symlink: /home/raul/bookros2_ws/install/pointcloud_to_laserscan/include/include/pointcloud_to_laserscan/pointcloud_to_laserscan_node.hpp
[1.250s] -- Up-to-date symlink: /home/raul/bookros2_ws/install/pointcloud_to_laserscan/include/include/pointcloud_to_laserscan/visibility_control.h
[1.252s] -- Up-to-date symlink: /home/raul/bookros2_ws/install/pointcloud_to_laserscan/share/pointcloud_to_laserscan/launch/sample_laserscan_to_pointcloud_launch.py
[1.252s] -- Up-to-date symlink: /home/raul/bookros2_ws/install/pointcloud_to_laserscan/share/pointcloud_to_laserscan/launch/sample_pointcloud_to_laserscan_launch.py
[1.252s] -- Up-to-date symlink: /home/raul/bookros2_ws/install/pointcloud_to_laserscan/share/ament_index/resource_index/package_run_dependencies/pointcloud_to_laserscan
[1.253s] -- Up-to-date symlink: /home/raul/bookros2_ws/install/pointcloud_to_laserscan/share/ament_index/resource_index/parent_prefix_path/pointcloud_to_laserscan
[1.254s] -- Up-to-date symlink: /home/raul/bookros2_ws/install/pointcloud_to_laserscan/share/pointcloud_to_laserscan/environment/ament_prefix_path.sh
[1.254s] -- Up-to-date symlink: /home/raul/bookros2_ws/install/pointcloud_to_laserscan/share/pointcloud_to_laserscan/environment/ament_prefix_path.dsv
[1.255s] -- Up-to-date symlink: /home/raul/bookros2_ws/install/pointcloud_to_laserscan/share/pointcloud_to_laserscan/environment/path.sh
[1.255s] -- Up-to-date symlink: /home/raul/bookros2_ws/install/pointcloud_to_laserscan/share/pointcloud_to_laserscan/environment/path.dsv
[1.256s] -- Up-to-date symlink: /home/raul/bookros2_ws/install/pointcloud_to_laserscan/share/pointcloud_to_laserscan/local_setup.bash
[1.257s] -- Up-to-date symlink: /home/raul/bookros2_ws/install/pointcloud_to_laserscan/share/pointcloud_to_laserscan/local_setup.sh
[1.258s] -- Up-to-date symlink: /home/raul/bookros2_ws/install/pointcloud_to_laserscan/share/pointcloud_to_laserscan/local_setup.zsh
[1.259s] -- Up-to-date symlink: /home/raul/bookros2_ws/install/pointcloud_to_laserscan/share/pointcloud_to_laserscan/local_setup.dsv
[1.259s] -- Symlinking: /home/raul/bookros2_ws/install/pointcloud_to_laserscan/share/pointcloud_to_laserscan/package.dsv
[1.305s] -- Up-to-date symlink: /home/raul/bookros2_ws/install/pointcloud_to_laserscan/share/ament_index/resource_index/packages/pointcloud_to_laserscan
[1.306s] -- Up-to-date symlink: /home/raul/bookros2_ws/install/pointcloud_to_laserscan/share/ament_index/resource_index/rclcpp_components/pointcloud_to_laserscan
[1.307s] -- Up-to-date symlink: /home/raul/bookros2_ws/install/pointcloud_to_laserscan/share/pointcloud_to_laserscan/cmake/pointcloud_to_laserscanConfig.cmake
[1.307s] -- Up-to-date symlink: /home/raul/bookros2_ws/install/pointcloud_to_laserscan/share/pointcloud_to_laserscan/cmake/pointcloud_to_laserscanConfig-version.cmake
[1.310s] -- Up-to-date symlink: /home/raul/bookros2_ws/install/pointcloud_to_laserscan/share/pointcloud_to_laserscan/package.xml
[1.451s] Invoked command in '/home/raul/bookros2_ws/build/pointcloud_to_laserscan' returned '0': CMAKE_PREFIX_PATH=${CMAKE_PREFIX_PATH}:/home/raul/bookros2_ws/install/ros2controlcli:/home/raul/bookros2_ws/install/launch_pal:/home/raul/bookros2_ws/install/br2_fsm_bumpgo_py:/opt/ros/foxy /usr/bin/cmake --install /home/raul/bookros2_ws/build/pointcloud_to_laserscan
