[0.638s] Invoking command in '/home/raul/bookros2_ws/build/br2_tf2_detector': CMAKE_PREFIX_PATH=${CMAKE_PREFIX_PATH}:/home/raul/bookros2_ws/install/ros2controlcli:/home/raul/bookros2_ws/install/launch_pal:/home/raul/bookros2_ws/install/br2_fsm_bumpgo_py:/opt/ros/foxy /usr/bin/cmake --build /home/raul/bookros2_ws/build/br2_tf2_detector -- -j8 -l8
[0.850s] [ 50%] Built target br2_tf2_detector
[1.018s] [ 75%] Built target detector
[1.191s] [100%] Built target detector_improved
[1.318s] Invoked command in '/home/raul/bookros2_ws/build/br2_tf2_detector' returned '0': CMAKE_PREFIX_PATH=${CMAKE_PREFIX_PATH}:/home/raul/bookros2_ws/install/ros2controlcli:/home/raul/bookros2_ws/install/launch_pal:/home/raul/bookros2_ws/install/br2_fsm_bumpgo_py:/opt/ros/foxy /usr/bin/cmake --build /home/raul/bookros2_ws/build/br2_tf2_detector -- -j8 -l8
[1.751s] Invoking command in '/home/raul/bookros2_ws/build/br2_tf2_detector': CMAKE_PREFIX_PATH=${CMAKE_PREFIX_PATH}:/home/raul/bookros2_ws/install/ros2controlcli:/home/raul/bookros2_ws/install/launch_pal:/home/raul/bookros2_ws/install/br2_fsm_bumpgo_py:/opt/ros/foxy /usr/bin/cmake --install /home/raul/bookros2_ws/build/br2_tf2_detector
[1.841s] -- Install configuration: ""
[1.842s] -- Execute custom install script
[1.842s] -- Up-to-date symlink: /home/raul/bookros2_ws/install/br2_tf2_detector/lib/libbr2_tf2_detector.so
[1.842s] -- Up-to-date symlink: /home/raul/bookros2_ws/install/br2_tf2_detector/lib/br2_tf2_detector/detector
[1.843s] -- Up-to-date symlink: /home/raul/bookros2_ws/install/br2_tf2_detector/lib/br2_tf2_detector/detector_improved
[1.843s] -- Up-to-date symlink: /home/raul/bookros2_ws/install/br2_tf2_detector/share/br2_tf2_detector/launch/detector_basic.launch.py
[1.843s] -- Up-to-date symlink: /home/raul/bookros2_ws/install/br2_tf2_detector/share/br2_tf2_detector/launch/detector_improved.launch.py
[1.843s] -- Up-to-date symlink: /home/raul/bookros2_ws/install/br2_tf2_detector/share/ament_index/resource_index/package_run_dependencies/br2_tf2_detector
[1.843s] -- Up-to-date symlink: /home/raul/bookros2_ws/install/br2_tf2_detector/share/ament_index/resource_index/parent_prefix_path/br2_tf2_detector
[1.844s] -- Up-to-date symlink: /home/raul/bookros2_ws/install/br2_tf2_detector/share/br2_tf2_detector/environment/ament_prefix_path.sh
[1.844s] -- Up-to-date symlink: /home/raul/bookros2_ws/install/br2_tf2_detector/share/br2_tf2_detector/environment/ament_prefix_path.dsv
[1.844s] -- Up-to-date symlink: /home/raul/bookros2_ws/install/br2_tf2_detector/share/br2_tf2_detector/environment/path.sh
[1.844s] -- Up-to-date symlink: /home/raul/bookros2_ws/install/br2_tf2_detector/share/br2_tf2_detector/environment/path.dsv
[1.844s] -- Up-to-date symlink: /home/raul/bookros2_ws/install/br2_tf2_detector/share/br2_tf2_detector/local_setup.bash
[1.845s] -- Up-to-date symlink: /home/raul/bookros2_ws/install/br2_tf2_detector/share/br2_tf2_detector/local_setup.sh
[1.845s] -- Up-to-date symlink: /home/raul/bookros2_ws/install/br2_tf2_detector/share/br2_tf2_detector/local_setup.zsh
[1.845s] -- Up-to-date symlink: /home/raul/bookros2_ws/install/br2_tf2_detector/share/br2_tf2_detector/local_setup.dsv
[1.845s] -- Symlinking: /home/raul/bookros2_ws/install/br2_tf2_detector/share/br2_tf2_detector/package.dsv
[1.845s] -- Up-to-date symlink: /home/raul/bookros2_ws/install/br2_tf2_detector/share/ament_index/resource_index/packages/br2_tf2_detector
[1.845s] -- Up-to-date symlink: /home/raul/bookros2_ws/install/br2_tf2_detector/share/br2_tf2_detector/cmake/br2_tf2_detectorConfig.cmake
[1.846s] -- Up-to-date symlink: /home/raul/bookros2_ws/install/br2_tf2_detector/share/br2_tf2_detector/cmake/br2_tf2_detectorConfig-version.cmake
[1.847s] -- Up-to-date symlink: /home/raul/bookros2_ws/install/br2_tf2_detector/share/br2_tf2_detector/package.xml
[1.920s] Invoked command in '/home/raul/bookros2_ws/build/br2_tf2_detector' returned '0': CMAKE_PREFIX_PATH=${CMAKE_PREFIX_PATH}:/home/raul/bookros2_ws/install/ros2controlcli:/home/raul/bookros2_ws/install/launch_pal:/home/raul/bookros2_ws/install/br2_fsm_bumpgo_py:/opt/ros/foxy /usr/bin/cmake --install /home/raul/bookros2_ws/build/br2_tf2_detector
