[0.372s] Invoking command in '/home/raul/bookros2_ws/build/twist_mux': CMAKE_PREFIX_PATH=${CMAKE_PREFIX_PATH}:/home/raul/bookros2_ws/install/ros2controlcli:/home/raul/bookros2_ws/install/launch_pal:/home/raul/bookros2_ws/install/br2_fsm_bumpgo_py:/opt/ros/foxy /usr/bin/cmake --build /home/raul/bookros2_ws/build/twist_mux -- -j8 -l8
[0.504s] [ 66%] Built target twist_mux
[0.508s] [100%] Built target twist_marker
[0.548s] Invoked command in '/home/raul/bookros2_ws/build/twist_mux' returned '0': CMAKE_PREFIX_PATH=${CMAKE_PREFIX_PATH}:/home/raul/bookros2_ws/install/ros2controlcli:/home/raul/bookros2_ws/install/launch_pal:/home/raul/bookros2_ws/install/br2_fsm_bumpgo_py:/opt/ros/foxy /usr/bin/cmake --build /home/raul/bookros2_ws/build/twist_mux -- -j8 -l8
[0.677s] Invoking command in '/home/raul/bookros2_ws/build/twist_mux': CMAKE_PREFIX_PATH=${CMAKE_PREFIX_PATH}:/home/raul/bookros2_ws/install/ros2controlcli:/home/raul/bookros2_ws/install/launch_pal:/home/raul/bookros2_ws/install/br2_fsm_bumpgo_py:/opt/ros/foxy /usr/bin/cmake --install /home/raul/bookros2_ws/build/twist_mux
[0.701s] -- Install configuration: ""
[0.701s] -- Execute custom install script
[0.701s] -- Up-to-date symlink: /home/raul/bookros2_ws/install/twist_mux/lib/twist_mux/twist_mux
[0.701s] -- Up-to-date symlink: /home/raul/bookros2_ws/install/twist_mux/lib/twist_mux/twist_marker
[0.702s] -- Up-to-date symlink: /home/raul/bookros2_ws/install/twist_mux/share/twist_mux/launch/twist_mux.launch
[0.703s] -- Up-to-date symlink: /home/raul/bookros2_ws/install/twist_mux/share/twist_mux/launch/twist_mux_launch.py
[0.705s] -- Up-to-date symlink: /home/raul/bookros2_ws/install/twist_mux/share/twist_mux/config/joystick.yaml
[0.706s] -- Up-to-date symlink: /home/raul/bookros2_ws/install/twist_mux/share/twist_mux/config/twist_mux_locks.yaml
[0.707s] -- Up-to-date symlink: /home/raul/bookros2_ws/install/twist_mux/share/twist_mux/config/twist_mux_topics.yaml
[0.709s] -- Up-to-date symlink: /home/raul/bookros2_ws/install/twist_mux/include/twist_mux/params_helpers.hpp
[0.709s] -- Up-to-date symlink: /home/raul/bookros2_ws/install/twist_mux/include/twist_mux/topic_handle.hpp
[0.710s] -- Up-to-date symlink: /home/raul/bookros2_ws/install/twist_mux/include/twist_mux/twist_mux.hpp
[0.714s] -- Up-to-date symlink: /home/raul/bookros2_ws/install/twist_mux/include/twist_mux/twist_mux_diagnostics.hpp
[0.715s] -- Up-to-date symlink: /home/raul/bookros2_ws/install/twist_mux/include/twist_mux/twist_mux_diagnostics_status.hpp
[0.716s] -- Up-to-date symlink: /home/raul/bookros2_ws/install/twist_mux/include/twist_mux/utils.hpp
[0.717s] -- Up-to-date symlink: /home/raul/bookros2_ws/install/twist_mux/share/ament_index/resource_index/package_run_dependencies/twist_mux
[0.718s] -- Up-to-date symlink: /home/raul/bookros2_ws/install/twist_mux/share/ament_index/resource_index/parent_prefix_path/twist_mux
[0.719s] -- Up-to-date symlink: /home/raul/bookros2_ws/install/twist_mux/share/twist_mux/environment/ament_prefix_path.sh
[0.719s] -- Up-to-date symlink: /home/raul/bookros2_ws/install/twist_mux/share/twist_mux/environment/ament_prefix_path.dsv
[0.720s] -- Up-to-date symlink: /home/raul/bookros2_ws/install/twist_mux/share/twist_mux/environment/path.sh
[0.720s] -- Up-to-date symlink: /home/raul/bookros2_ws/install/twist_mux/share/twist_mux/environment/path.dsv
[0.720s] -- Up-to-date symlink: /home/raul/bookros2_ws/install/twist_mux/share/twist_mux/local_setup.bash
[0.720s] -- Up-to-date symlink: /home/raul/bookros2_ws/install/twist_mux/share/twist_mux/local_setup.sh
[0.720s] -- Up-to-date symlink: /home/raul/bookros2_ws/install/twist_mux/share/twist_mux/local_setup.zsh
[0.721s] -- Up-to-date symlink: /home/raul/bookros2_ws/install/twist_mux/share/twist_mux/local_setup.dsv
[0.723s] -- Symlinking: /home/raul/bookros2_ws/install/twist_mux/share/twist_mux/package.dsv
[0.750s] -- Up-to-date symlink: /home/raul/bookros2_ws/install/twist_mux/share/ament_index/resource_index/packages/twist_mux
[0.750s] -- Up-to-date symlink: /home/raul/bookros2_ws/install/twist_mux/share/twist_mux/cmake/ament_cmake_export_include_directories-extras.cmake
[0.751s] -- Up-to-date symlink: /home/raul/bookros2_ws/install/twist_mux/share/twist_mux/cmake/ament_cmake_export_dependencies-extras.cmake
[0.752s] -- Up-to-date symlink: /home/raul/bookros2_ws/install/twist_mux/share/twist_mux/cmake/twist_muxConfig.cmake
[0.752s] -- Up-to-date symlink: /home/raul/bookros2_ws/install/twist_mux/share/twist_mux/cmake/twist_muxConfig-version.cmake
[0.752s] -- Up-to-date symlink: /home/raul/bookros2_ws/install/twist_mux/share/twist_mux/package.xml
[0.949s] Invoked command in '/home/raul/bookros2_ws/build/twist_mux' returned '0': CMAKE_PREFIX_PATH=${CMAKE_PREFIX_PATH}:/home/raul/bookros2_ws/install/ros2controlcli:/home/raul/bookros2_ws/install/launch_pal:/home/raul/bookros2_ws/install/br2_fsm_bumpgo_py:/opt/ros/foxy /usr/bin/cmake --install /home/raul/bookros2_ws/build/twist_mux
