[0.301s] Invoking command in '/home/raul/bookros2_ws/build/hey5_description': CMAKE_PREFIX_PATH=/opt/ros/foxy /usr/bin/cmake /home/raul/bookros2_ws/src/ThirdParty/hey5_description -DAMENT_CMAKE_SYMLINK_INSTALL=1 -DCMAKE_INSTALL_PREFIX=/home/raul/bookros2_ws/install/hey5_description
[0.389s] -- The C compiler identification is GNU 9.4.0
[0.470s] -- The CXX compiler identification is GNU 9.4.0
[0.475s] -- Check for working C compiler: /usr/bin/cc
[0.596s] -- Check for working C compiler: /usr/bin/cc -- works
[0.597s] -- Detecting C compiler ABI info
[0.717s] -- Detecting C compiler ABI info - done
[0.734s] -- Detecting C compile features
[0.735s] -- Detecting C compile features - done
[0.739s] -- Check for working CXX compiler: /usr/bin/c++
[0.864s] -- Check for working CXX compiler: /usr/bin/c++ -- works
[0.865s] -- Detecting CXX compiler ABI info
[1.009s] -- Detecting CXX compiler ABI info - done
[1.025s] -- Detecting CXX compile features
[1.025s] -- Detecting CXX compile features - done
[1.030s] -- Found ament_cmake_auto: 0.9.11 (/opt/ros/foxy/share/ament_cmake_auto/cmake)
[1.073s] -- Found PythonInterp: /usr/bin/python3 (found suitable version "3.8.10", minimum required is "3") 
[1.073s] -- Using PYTHON_EXECUTABLE: /usr/bin/python3
[1.307s] -- Override CMake install command with custom implementation using symlinks instead of copying resources
[1.502s] -- Configuring done
[1.504s] -- Generating done
[1.506s] -- Build files have been written to: /home/raul/bookros2_ws/build/hey5_description
[1.546s] Invoked command in '/home/raul/bookros2_ws/build/hey5_description' returned '0': CMAKE_PREFIX_PATH=/opt/ros/foxy /usr/bin/cmake /home/raul/bookros2_ws/src/ThirdParty/hey5_description -DAMENT_CMAKE_SYMLINK_INSTALL=1 -DCMAKE_INSTALL_PREFIX=/home/raul/bookros2_ws/install/hey5_description
[1.546s] Invoking command in '/home/raul/bookros2_ws/build/hey5_description': CMAKE_PREFIX_PATH=/opt/ros/foxy /usr/bin/cmake --build /home/raul/bookros2_ws/build/hey5_description -- -j8 -l8
[1.624s] Invoked command in '/home/raul/bookros2_ws/build/hey5_description' returned '0': CMAKE_PREFIX_PATH=/opt/ros/foxy /usr/bin/cmake --build /home/raul/bookros2_ws/build/hey5_description -- -j8 -l8
[1.677s] Invoking command in '/home/raul/bookros2_ws/build/hey5_description': CMAKE_PREFIX_PATH=/opt/ros/foxy /usr/bin/cmake --install /home/raul/bookros2_ws/build/hey5_description
[1.695s] -- Install configuration: ""
[1.695s] -- Execute custom install script
[1.695s] -- Symlinking: /home/raul/bookros2_ws/install/hey5_description/share/hey5_description/config/two_hands.rviz
[1.707s] -- Symlinking: /home/raul/bookros2_ws/install/hey5_description/share/hey5_description/gazebo/gazebo.urdf.xacro
[1.722s] -- Symlinking: /home/raul/bookros2_ws/install/hey5_description/share/hey5_description/launch/hey5_kinematics_test.launch
[1.744s] -- Symlinking: /home/raul/bookros2_ws/install/hey5_description/share/hey5_description/meshes/finger_abd_collision.stl
[1.789s] -- Symlinking: /home/raul/bookros2_ws/install/hey5_description/share/hey5_description/meshes/finger_flex_collision.stl
[1.812s] -- Symlinking: /home/raul/bookros2_ws/install/hey5_description/share/hey5_description/meshes/finger_flex_tip_collision.stl
[1.826s] -- Symlinking: /home/raul/bookros2_ws/install/hey5_description/share/hey5_description/meshes/palm.stl
[1.846s] -- Symlinking: /home/raul/bookros2_ws/install/hey5_description/share/hey5_description/meshes/palm_collision.stl
[1.859s] -- Symlinking: /home/raul/bookros2_ws/install/hey5_description/share/hey5_description/meshes/thumb_abd_collision.stl
[1.873s] -- Symlinking: /home/raul/bookros2_ws/install/hey5_description/share/hey5_description/robots/hey5_test.urdf.xacro
[1.890s] -- Symlinking: /home/raul/bookros2_ws/install/hey5_description/share/hey5_description/urdf/actuators.urdf.xacro
[1.904s] -- Symlinking: /home/raul/bookros2_ws/install/hey5_description/share/hey5_description/urdf/deg_to_rad.urdf.xacro
[1.923s] -- Symlinking: /home/raul/bookros2_ws/install/hey5_description/share/hey5_description/urdf/fingers.urdf.xacro
[1.931s] -- Symlinking: /home/raul/bookros2_ws/install/hey5_description/share/hey5_description/urdf/hey5_hand.urdf.xacro
[1.946s] -- Symlinking: /home/raul/bookros2_ws/install/hey5_description/share/hey5_description/urdf/materials.urdf.xacro
[1.959s] -- Symlinking: /home/raul/bookros2_ws/install/hey5_description/share/hey5_description/urdf/palm.urdf.xacro
[1.973s] -- Symlinking: /home/raul/bookros2_ws/install/hey5_description/share/hey5_description/urdf/transmissions.urdf.xacro
[1.987s] -- Symlinking: /home/raul/bookros2_ws/install/hey5_description/share/ament_index/resource_index/package_run_dependencies/hey5_description
[2.007s] -- Symlinking: /home/raul/bookros2_ws/install/hey5_description/share/ament_index/resource_index/parent_prefix_path/hey5_description
[2.015s] -- Symlinking: /home/raul/bookros2_ws/install/hey5_description/share/hey5_description/environment/ament_prefix_path.sh
[2.033s] -- Symlinking: /home/raul/bookros2_ws/install/hey5_description/share/hey5_description/environment/ament_prefix_path.dsv
[2.046s] -- Symlinking: /home/raul/bookros2_ws/install/hey5_description/share/hey5_description/environment/path.sh
[2.061s] -- Symlinking: /home/raul/bookros2_ws/install/hey5_description/share/hey5_description/environment/path.dsv
[2.074s] -- Symlinking: /home/raul/bookros2_ws/install/hey5_description/share/hey5_description/local_setup.bash
[2.091s] -- Symlinking: /home/raul/bookros2_ws/install/hey5_description/share/hey5_description/local_setup.sh
[2.104s] -- Symlinking: /home/raul/bookros2_ws/install/hey5_description/share/hey5_description/local_setup.zsh
[2.121s] -- Symlinking: /home/raul/bookros2_ws/install/hey5_description/share/hey5_description/local_setup.dsv
[2.134s] -- Symlinking: /home/raul/bookros2_ws/install/hey5_description/share/hey5_description/package.dsv
[2.148s] -- Symlinking: /home/raul/bookros2_ws/install/hey5_description/share/ament_index/resource_index/packages/hey5_description
[2.167s] -- Symlinking: /home/raul/bookros2_ws/install/hey5_description/share/hey5_description/cmake/hey5_descriptionConfig.cmake
[2.174s] -- Symlinking: /home/raul/bookros2_ws/install/hey5_description/share/hey5_description/cmake/hey5_descriptionConfig-version.cmake
[2.214s] -- Symlinking: /home/raul/bookros2_ws/install/hey5_description/share/hey5_description/package.xml
[2.222s] Invoked command in '/home/raul/bookros2_ws/build/hey5_description' returned '0': CMAKE_PREFIX_PATH=/opt/ros/foxy /usr/bin/cmake --install /home/raul/bookros2_ws/build/hey5_description
